3.325283e-03
1.812259e-03
1.946235e-03
2.119454e-03
1.138994e-03
1.724545e-03
8.068776e-04
9.643837e-04
6.110760e-04
1.157495e-03
5.646656e-04
9.224640e-04
6.732144e-04
1.060476e-03
9.157526e-04
1.923603e-03
1.314976e-03
1.213587e-03
1.738385e-03
2.690088e-03
1.745801e-03
2.223470e-03
1.996036e-03
2.143458e-03
2.417939e-03
2.017632e-03
2.253436e-03
1.629283e-03
1.699803e-03
1.532797e-03
1.649940e-03
1.456372e-03
1.527370e-03
1.296573e-03
1.588790e-03
1.552149e-03
1.519114e-03
1.501951e-03
1.459849e-03
1.628667e-03
1.508920e-03
1.496310e-03
1.438541e-03
1.275387e-03
1.382768e-03
1.332645e-03
1.254503e-03
1.211941e-03
1.190565e-03
1.182998e-03
1.219657e-03
1.170178e-03
1.169050e-03
1.165119e-03
1.236240e-03
1.247969e-03
1.272999e-03
1.277123e-03
1.314002e-03
1.436596e-03
1.548010e-03
1.613905e-03
1.713540e-03
1.778831e-03
1.798350e-03
1.973735e-03
2.179281e-03
2.378828e-03
2.550122e-03
2.670493e-03
2.727172e-03
2.557665e-03
2.297046e-03
2.373716e-03
2.774635e-03
3.227946e-03
3.344956e-03
3.250711e-03
3.326210e-03
3.169441e-03
2.947971e-03
2.712203e-03
2.738259e-03
2.782530e-03
2.810639e-03
2.976708e-03
2.980958e-03
2.805587e-03
2.668910e-03
2.543998e-03
2.422149e-03
2.265327e-03
2.159757e-03
2.049072e-03
1.935138e-03
1.821806e-03
1.610288e-03
1.430194e-03
1.275223e-03
1.142072e-03
1.029113e-03
9.058826e-04
8.074569e-04
7.260082e-04
6.587487e-04
6.037963e-04
5.168984e-04
4.504342e-04
3.994771e-04
3.602781e-04
3.301035e-04
2.816504e-04
2.470174e-04
2.252552e-04
2.091258e-04
1.962940e-04
1.737673e-04
1.573386e-04
1.450145e-04
1.353605e-04
1.276075e-04
1.137407e-04
1.038789e-04
9.670789e-05
9.109670e-05
8.644207e-05
7.797805e-05
7.213706e-05
6.791731e-05
6.431512e-05
6.117639e-05
5.576551e-05
5.244095e-05
5.000170e-05
4.776239e-05
4.552197e-05
4.164348e-05
3.902925e-05
3.681394e-05
3.573395e-05
3.592595e-05
3.703478e-05
3.696118e-05
3.634118e-05
3.556466e-05
3.285184e-05
3.531724e-05
3.562948e-05
3.544686e-05
3.261543e-05
3.165032e-05
3.068760e-05
2.985698e-05
2.910376e-05
2.840369e-05
2.774937e-05
2.718623e-05
2.659402e-05
2.603100e-05
2.565642e-05
2.527424e-05
2.499027e-05
2.467203e-05
2.435738e-05
2.403618e-05
2.373536e-05
2.348026e-05
2.320905e-05
2.293351e-05
2.266068e-05
2.239476e-05
2.215850e-05
2.190386e-05
2.164303e-05
2.138324e-05
2.112869e-05
2.090645e-05
2.066440e-05
2.041497e-05
2.016541e-05
1.991982e-05
1.970844e-05
1.947639e-05
1.923622e-05
1.899509e-05
1.875696e-05
1.855441e-05
1.833073e-05
1.809850e-05
1.786475e-05
1.763322e-05
1.743830e-05
1.723922e-05
1.705593e-05
1.687460e-05
1.669639e-05
1.652527e-05
1.634503e-05
1.616405e-05
1.598492e-05
1.580866e-05
1.564009e-05
1.546251e-05
1.528431e-05
1.510786e-05
1.493402e-05
1.476861e-05
1.459430e-05
1.441945e-05
1.424624e-05
1.407537e-05
1.391376e-05
1.375857e-05
1.362300e-05
1.349112e-05
1.336213e-05
1.321962e-05
1.307927e-05
1.294425e-05
1.281296e-05
1.268451e-05
1.254301e-05
1.240380e-05
1.227010e-05
1.214009e-05
1.201284e-05
1.187318e-05
1.173589e-05
1.160419e-05
1.147781e-05
1.135343e-05
1.121727e-05
1.108366e-05
1.096759e-05
1.087118e-05
1.077820e-05
1.065928e-05
1.055125e-05
1.045155e-05
1.035637e-05
1.026462e-05
1.014607e-05
1.003867e-05
9.940284e-06
9.846730e-06
9.756585e-06
9.638993e-06
9.532785e-06
9.436107e-06
9.344480e-06
9.256222e-06
9.140125e-06
9.035555e-06
8.940915e-06
8.851473e-06
8.765340e-06
8.651224e-06
8.548693e-06
8.465086e-06
8.397382e-06
8.332631e-06
8.233768e-06
8.151761e-06
8.080300e-06
8.013306e-06
7.949280e-06
7.850777e-06
7.769333e-06
7.698732e-06
7.632677e-06
7.569587e-06
7.471926e-06
7.391410e-06
7.321934e-06
7.257040e-06
7.195089e-06
7.098714e-06
7.019470e-06
6.951366e-06
6.887842e-06
6.827223e-06
6.732538e-06
6.654874e-06
6.588371e-06
6.526411e-06
6.467300e-06
6.374662e-06
6.298856e-06
6.234158e-06
6.173936e-06
6.116489e-06
6.034372e-06
5.974690e-06
5.923360e-06
5.874435e-06
5.827757e-06
5.750572e-06
5.691647e-06
5.641099e-06
5.592970e-06
5.547098e-06
5.471068e-06
5.413140e-06
5.363560e-06
5.316395e-06
5.271479e-06
5.196891e-06
5.140172e-06
5.091727e-06
5.045676e-06
5.001851e-06
4.928954e-06
4.873628e-06
4.826465e-06
4.781659e-06
4.739043e-06
4.668050e-06
4.614275e-06
4.568520e-06
4.525071e-06
4.483764e-06
4.414853e-06
4.362760e-06
4.318517e-06
4.276519e-06
4.236604e-06
4.169920e-06
4.119616e-06
4.076969e-06
4.036495e-06
3.998038e-06
3.933695e-06
3.885263e-06
3.844275e-06
3.805383e-06
3.768433e-06
3.706517e-06
3.665104e-06
3.630017e-06
3.595174e-06
3.562014e-06
3.511072e-06
3.473872e-06
3.439836e-06
3.406076e-06
3.373978e-06
3.324548e-06
3.288511e-06
3.255594e-06
3.222976e-06
3.191991e-06
3.144165e-06
3.109356e-06
3.077610e-06
3.046181e-06
3.016347e-06
2.970194e-06
2.936664e-06
2.906130e-06
2.875923e-06
2.847267e-06
2.802840e-06
2.770624e-06
2.741330e-06
2.712366e-06
2.684906e-06
2.642240e-06
2.611362e-06
2.583323e-06
2.555616e-06
2.529358e-06
2.488473e-06
2.458944e-06
2.432166e-06
2.405717e-06
2.380662e-06
2.341564e-06
2.313385e-06
2.287866e-06
2.262668e-06
2.238806e-06
2.201490e-06
2.174654e-06
2.150382e-06
2.126422e-06
2.103738e-06
2.068187e-06
2.042677e-06
2.019633e-06
1.996891e-06
1.975364e-06
1.941552e-06
1.917346e-06
1.895507e-06
1.873956e-06
1.853560e-06
1.821454e-06
1.798523e-06
1.777858e-06
1.757468e-06
1.738173e-06
1.707733e-06
1.686042e-06
1.666518e-06
1.647255e-06
1.629027e-06
1.600207e-06
1.579719e-06
1.561298e-06
1.543124e-06
1.525927e-06
1.498677e-06
1.480245e-06
1.462700e-06
1.444869e-06
1.428665e-06
1.406667e-06
1.390738e-06
1.374093e-06
1.357126e-06
1.341162e-06
1.320932e-06
1.305822e-06
1.290054e-06
1.273991e-06
1.258884e-06
1.239687e-06
1.225375e-06
1.210458e-06
1.195271e-06
1.180993e-06
1.162800e-06
1.149263e-06
1.135169e-06
1.120826e-06
1.107347e-06
1.090130e-06
1.077342e-06
1.064040e-06
1.050510e-06
1.037798e-06
1.021524e-06
1.009458e-06
9.969181e-07
