1.740725e+04
7.499696e+03
3.742289e+03
1.861576e+03
1.371158e+03
9.965174e+02
7.581875e+02
6.201392e+02
5.051752e+02
4.132000e+02
3.499633e+02
2.991597e+02
2.558105e+02
2.191972e+02
1.904455e+02
1.672914e+02
1.469767e+02
1.292396e+02
1.137864e+02
1.010868e+02
9.033012e+01
8.073279e+01
7.218698e+01
6.458547e+01
5.782662e+01
5.225005e+01
4.721995e+01
4.268055e+01
3.858744e+01
3.489853e+01
3.157465e+01
2.871236e+01
2.614741e+01
2.381296e+01
2.168944e+01
1.975849e+01
1.800303e+01
1.640727e+01
1.501883e+01
1.375123e+01
1.259095e+01
1.152923e+01
1.055794e+01
9.669501e+00
8.856929e+00
8.126816e+00
7.470047e+00
6.866306e+00
6.311446e+00
5.801605e+00
5.333198e+00
4.902900e+00
4.507639e+00
4.147619e+00
3.823426e+00
3.524515e+00
3.248961e+00
2.994976e+00
2.760896e+00
2.545181e+00
2.346403e+00
2.163241e+00
1.995310e+00
1.843321e+00
1.702884e+00
1.573134e+00
1.453270e+00
1.342549e+00
1.240280e+00
1.145822e+00
1.058583e+00
9.780134e-01
9.037014e-01
8.362556e-01
7.738352e-01
7.160704e-01
6.626175e-01
6.131573e-01
5.673937e-01
5.250522e-01
4.858780e-01
4.496352e-01
4.161048e-01
3.850843e-01
3.566921e-01
3.305151e-01
3.062590e-01
2.837838e-01
2.629594e-01
2.436653e-01
2.257893e-01
2.092276e-01
1.938838e-01
1.796684e-01
1.664987e-01
1.542976e-01
1.430052e-01
1.326641e-01
1.230713e-01
1.141729e-01
1.059188e-01
9.826239e-02
9.116056e-02
8.457318e-02
7.846303e-02
7.279553e-02
6.753864e-02
6.266259e-02
5.813978e-02
5.394460e-02
5.006992e-02
4.649808e-02
4.318147e-02
4.010186e-02
3.724234e-02
3.458718e-02
3.212179e-02
2.983260e-02
2.770701e-02
2.573332e-02
2.390067e-02
2.219896e-02
2.061883e-02
1.915157e-02
1.778956e-02
1.653657e-02
1.537200e-02
1.428963e-02
1.328364e-02
1.234865e-02
1.147963e-02
1.067194e-02
9.921241e-03
9.223501e-03
8.574982e-03
7.972204e-03
7.411937e-03
6.891175e-03
6.407128e-03
5.959065e-03
5.544394e-03
5.158641e-03
4.799786e-03
4.465954e-03
4.155396e-03
3.866489e-03
3.597721e-03
3.347686e-03
3.115076e-03
2.898675e-03
2.697351e-03
2.510051e-03
2.335796e-03
2.173779e-03
2.024188e-03
1.884911e-03
1.755236e-03
1.634499e-03
1.522086e-03
1.417420e-03
1.319967e-03
1.229229e-03
1.144744e-03
1.066079e-03
9.928331e-04
9.246319e-04
8.611275e-04
8.020365e-04
7.474042e-04
6.964984e-04
6.490648e-04
6.048664e-04
5.636824e-04
5.253070e-04
4.895484e-04
4.562281e-04
4.251796e-04
3.962478e-04
3.692883e-04
3.441664e-04
3.207566e-04
2.990344e-04
2.788502e-04
2.600294e-04
2.424800e-04
2.261159e-04
2.108572e-04
1.966291e-04
1.833620e-04
1.709909e-04
1.594554e-04
1.486989e-04
1.386687e-04
1.293159e-04
1.206227e-04
1.125451e-04
1.050084e-04
9.797640e-05
9.141536e-05
8.529373e-05
7.958210e-05
7.425301e-05
6.928084e-05
6.464171e-05
6.031329e-05
5.627479e-05
5.250679e-05
4.900518e-05
4.574541e-05
4.270231e-05
3.986150e-05
3.720954e-05
3.473390e-05
3.242287e-05
3.026552e-05
2.825162e-05
2.637167e-05
2.461675e-05
2.297856e-05
2.144933e-05
2.002860e-05
1.870357e-05
1.746606e-05
1.631032e-05
1.523094e-05
1.422290e-05
1.328149e-05
1.240231e-05
1.158125e-05
1.081448e-05
1.009842e-05
9.429710e-06
