5.485066e-03
3.267784e-03
1.113758e-03
1.320978e-03
8.081841e-04
1.241815e-03
6.498977e-04
7.041539e-04
6.727788e-04
6.094616e-04
6.296198e-04
7.310954e-04
6.351899e-04
7.024688e-04
7.853745e-04
6.328269e-04
7.891492e-04
7.261690e-04
9.628027e-04
8.229330e-04
1.006245e-03
7.725633e-04
9.916802e-04
8.286585e-04
1.127253e-03
1.256092e-03
9.061645e-04
7.558167e-04
1.110676e-03
1.108818e-03
1.021058e-03
1.031708e-03
8.736273e-04
8.416275e-04
1.082668e-03
8.665923e-04
8.935074e-04
1.016622e-03
8.119929e-04
8.567884e-04
1.069981e-03
7.738829e-04
8.838133e-04
1.039179e-03
9.103594e-04
7.903400e-04
9.604643e-04
1.039179e-03
7.665938e-04
7.837560e-04
9.691100e-04
1.083077e-03
9.288817e-04
8.523354e-04
9.587038e-04
9.922161e-04
1.076763e-03
8.692508e-04
8.062294e-04
9.484070e-04
9.886347e-04
8.363006e-04
7.303316e-04
7.759763e-04
8.341701e-04
8.618640e-04
9.729805e-04
8.461541e-04
7.558038e-04
7.055180e-04
7.290155e-04
7.603335e-04
8.164935e-04
8.774172e-04
9.133175e-04
8.067685e-04
7.914803e-04
7.568347e-04
7.127164e-04
7.939022e-04
7.980959e-04
8.142167e-04
7.971431e-04
7.787995e-04
7.916453e-04
7.039306e-04
6.528643e-04
6.638372e-04
6.981863e-04
7.353206e-04
7.725530e-04
7.733420e-04
7.637771e-04
7.438889e-04
7.549021e-04
7.744578e-04
7.964670e-04
9.162139e-04
1.052383e-03
1.186377e-03
1.286019e-03
1.310308e-03
1.286071e-03
1.187176e-03
1.087035e-03
1.190475e-03
1.259212e-03
1.306626e-03
1.377552e-03
1.535450e-03
1.663980e-03
1.706109e-03
1.720175e-03
1.695863e-03
1.736556e-03
1.898400e-03
1.981710e-03
2.063687e-03
2.117063e-03
2.434638e-03
2.828139e-03
3.049224e-03
3.325943e-03
3.627503e-03
3.939672e-03
4.192804e-03
4.715470e-03
4.272650e-03
4.744873e-03
5.153510e-03
5.491143e-03
5.576141e-03
5.710004e-03
6.530659e-03
7.661342e-03
9.051649e-03
9.894922e-03
1.112441e-02
1.246439e-02
1.346465e-02
1.365681e-02
1.395396e-02
1.675845e-02
1.600924e-02
1.535441e-02
1.800367e-02
1.406447e-02
1.651976e-02
1.974583e-02
2.444497e-02
2.891315e-02
3.108892e-02
3.594610e-02
4.199416e-02
4.270896e-02
5.399659e-02
4.545530e-02
3.951088e-02
3.561499e-02
3.539755e-02
3.175075e-02
2.728982e-02
3.731548e-02
4.219588e-02
4.300737e-02
5.403919e-02
6.197583e-02
6.807550e-02
6.686046e-02
6.876586e-02
5.008381e-02
5.125056e-02
3.732734e-02
3.751540e-02
8.102805e-02
2.855123e-01
1.720797e-01
2.445785e-01
4.914324e-01
6.702700e-01
4.408166e-01
2.513335e-01
6.114250e-01
5.319848e-01
6.489014e-01
9.375738e-01
5.564265e-01
6.674266e-01
5.503600e-01
3.760377e-01
6.501916e-01
4.850670e-01
3.727358e-01
2.646140e-01
8.638467e-01
9.042511e-01
3.781111e-01
6.490594e-01
1.031833e+00
3.630973e-01
8.240566e-01
7.792044e-01
5.177846e-01
5.372042e-01
8.150575e-01
8.518507e-01
7.515539e-01
5.266317e-01
8.010485e-01
4.706673e-01
4.888457e-01
5.465631e-01
3.854970e-01
5.026062e-01
7.814404e-01
1.412471e+00
5.324161e-01
5.762502e-01
5.812389e-01
4.481334e-01
6.740727e-01
4.276055e-01
7.379520e-01
8.728415e-01
4.078339e-01
3.039822e-01
5.366298e-01
1.164429e+00
5.071486e-01
6.708885e-01
5.360594e-01
5.176869e-01
4.803847e-01
5.289648e-01
6.541458e-01
3.479282e-01
4.364455e-01
4.566280e-01
4.734236e-01
4.569520e-01
5.543807e-01
7.448201e-01
6.393887e-01
5.057629e-01
5.526142e-01
9.476781e-01
6.451972e-01
7.808925e-01
9.097034e-01
1.220946e+00
8.203217e-01
1.512856e+00
7.158021e-01
6.079547e-01
7.792070e-01
5.235682e-01
4.415611e-01
5.432051e-01
7.031037e-01
4.881435e-01
1.468363e+00
1.047260e+00
5.099896e-01
3.520849e-01
3.327328e-01
3.709692e-01
2.793856e-01
3.443977e-01
4.888271e-01
4.991509e-01
5.011766e-01
4.285398e-01
3.761655e-01
5.291553e-01
6.258315e-01
4.071049e-01
3.024562e-01
2.864767e-01
6.027874e-01
4.165569e-01
1.007294e+00
3.304521e-01
5.359777e-01
2.310059e-01
5.069174e-01
5.567511e-01
3.616584e-01
8.707290e-01
5.359003e-01
6.550861e-01
1.273006e+00
8.391764e-01
4.739701e-01
4.027420e-01
8.845728e-01
4.347404e-01
4.691872e-01
5.628209e-01
4.069986e-01
6.158105e-01
7.077813e-01
1.295486e+00
6.440382e-01
4.946818e-01
6.671991e-01
7.615099e-01
2.718302e-01
3.719650e-01
3.034021e-01
2.664843e-01
2.835185e-01
2.333085e-01
3.986161e-01
4.647016e-01
3.453248e-01
5.418702e-01
3.010715e-01
5.599445e-01
8.687264e-01
7.895495e-01
6.887188e-01
4.883720e-01
3.762440e-01
5.180397e-01
6.896226e-01
6.543068e-01
3.621700e-01
6.609207e-01
4.596416e-01
4.705271e-01
6.893486e-01
4.491784e-01
7.039327e-01
6.000782e-01
4.514165e-01
5.440426e-01
4.384114e-01
3.939193e-01
4.302192e-01
4.558769e-01
6.243900e-01
3.496055e-01
3.897419e-01
8.893185e-01
3.884561e-01
8.560308e-01
3.910119e-01
3.874395e-01
4.737995e-01
9.022264e-01
8.607117e-01
6.267067e-01
5.375723e-01
5.708067e-01
6.410439e-01
5.954375e-01
8.103135e-01
7.675501e-01
5.916730e-01
4.638339e-01
1.210331e+00
9.249773e-01
5.119691e-01
5.244725e-01
5.988861e-01
3.605798e-01
3.169752e-01
3.394416e-01
5.215610e-01
4.042250e-01
4.155356e-01
5.562201e-01
6.895135e-01
6.516480e-01
8.112808e-01
9.508199e-01
7.707062e-01
3.452345e-01
3.450585e-01
6.740115e-01
3.557089e-01
2.841299e-01
4.720084e-01
2.898635e-01
4.428687e-01
8.561058e-01
3.419872e-01
5.871871e-01
7.487563e-01
9.298649e-01
7.391821e-01
5.173450e-01
3.481171e-01
3.312395e-01
3.009587e-01
3.345085e-01
4.333745e-01
3.847839e-01
2.319374e-01
5.755292e-01
5.219418e-01
3.292593e-01
2.484850e-01
2.945232e-01
5.942576e-01
6.225803e-01
4.407191e-01
3.903579e-01
8.416021e-01
6.237817e-01
5.973393e-01
4.240856e-01
4.844036e-01
5.445214e-01
3.845679e-01
4.344370e-01
4.866359e-01
3.039730e-01
4.437718e-01
8.116889e-01
6.328998e-01
4.012688e-01
3.505695e-01
5.939891e-01
9.292186e-01
1.236291e+00
1.420852e+00
1.987531e+00
7.622308e-01
1.529546e+00
6.100874e-01
3.974324e-01
5.516766e-01
5.675208e-01
4.222852e-01
8.438787e-01
5.657849e-01
8.738417e-01
6.244145e-01
4.675002e-01
7.195422e-01
3.677189e-01
5.750719e-01
4.721011e-01
3.413093e-01
4.846617e-01
5.716554e-01
8.135857e-01
8.901923e-01
7.545183e-01
1.084319e+00
2.225500e+00
6.924980e-01
1.353073e+00
7.281431e-01
6.536215e-01
7.379595e-01
5.601139e-01
8.823603e-01
9.865374e-01
1.151440e+00
8.682836e-01
7.668546e-01
5.596014e-01
4.966069e-01
8.161144e-01
6.657886e-01
6.667881e-01
4.553321e-01
1.043947e+00
9.975575e-01
5.150079e-01
5.471938e-01
3.701244e-01
3.082957e-01
2.630087e-01
2.340700e-01
1.834366e-01
1.678178e-01
2.605209e-01
3.534662e-01
3.437766e-01
4.610056e-01
2.510577e-01
6.514776e-01
6.696130e-01
2.523837e-01
5.718288e-01
7.327299e-01
6.095644e-01
6.591102e-01
4.029254e-01
7.746292e-01
1.007903e+00
9.573507e-01
8.330734e-01
7.564237e-01
6.713746e-01
8.378045e-01
7.853555e-01
1.010203e+00
6.642231e-01
6.138187e-01
4.344106e-01
8.253197e-01
9.860566e-01
4.378701e-01
4.559060e-01
7.978588e-01
7.584992e-01
4.561094e-01
3.288792e-01
4.074681e-01
5.609237e-01
5.535274e-01
8.707410e-01
6.262930e-01
5.826701e-01
8.548876e-01
4.940079e-01
6.847888e-01
4.885591e-01
5.178174e-01
6.162475e-01
4.135701e-01
6.036563e-01
6.856063e-01
7.498079e-01
3.620081e-01
3.643832e-01
3.590580e-01
3.239412e-01
3.649708e-01
1.109304e+00
1.217585e+00
7.857826e-01
6.062550e-01
6.397451e-01
6.261789e-01
7.156436e-01
9.730524e-01
5.833040e-01
8.514161e-01
8.377500e-01
5.380751e-01
5.425454e-01
4.346592e-01
4.253654e-01
5.482826e-01
8.683206e-01
8.968753e-01
4.868499e-01
4.374003e-01
1.042320e+00
1.038603e+00
8.614947e-01
5.679417e-01
4.637085e-01
3.412560e-01
5.449408e-01
5.342898e-01
5.065023e-01
5.112345e-01
6.284274e-01
5.564293e-01
6.106080e-01
4.797913e-01
6.355590e-01
5.881960e-01
5.274313e-01
7.634613e-01
6.525540e-01
5.531780e-01
4.688603e-01
5.926761e-01
7.449314e-01
5.245704e-01
6.281263e-01
3.909759e-01
4.121305e-01
5.151283e-01
4.414368e-01
5.767210e-01
6.963988e-01
7.987517e-01
8.538406e-01
5.212615e-01
4.130725e-01
3.779534e-01
3.823978e-01
6.685118e-01
5.129450e-01
4.324745e-01
4.497821e-01
4.701050e-01
4.204105e-01
4.097872e-01
5.408660e-01
5.800600e-01
4.400549e-01
6.930289e-01
6.073710e-01
5.397399e-01
8.447792e-01
8.699069e-01
8.191339e-01
5.245110e-01
5.243341e-01
3.891296e-01
7.985453e-01
6.090217e-01
4.410237e-01
4.828035e-01
6.704254e-01
6.811118e-01
5.998411e-01
5.799410e-01
4.917345e-01
3.865158e-01
4.940000e-01
6.955975e-01
4.930125e-01
5.501417e-01
5.262673e-01
5.214629e-01
7.939997e-01
3.700322e-01
5.819117e-01
6.258792e-01
7.547468e-01
6.173501e-01
4.779642e-01
4.464331e-01
4.616299e-01
4.430057e-01
5.477791e-01
4.272602e-01
4.914168e-01
6.271968e-01
5.677171e-01
8.845877e-01
1.749254e+00
1.552860e+00
8.634477e-01
8.938691e-01
6.589413e-01
5.455641e-01
5.240667e-01
3.351903e-01
3.653369e-01
3.073756e-01
2.651280e-01
2.970547e-01
3.496724e-01
7.222110e-01
4.355064e-01
3.932279e-01
2.326728e-01
3.850339e-01
5.907366e-01
7.639637e-01
9.883271e-01
1.244760e+00
4.407271e-01
3.242534e-01
6.127047e-01
2.928810e-01
5.715390e-01
7.063259e-01
7.873857e-01
5.675747e-01
4.249398e-01
3.968732e-01
4.055210e-01
4.385342e-01
3.969710e-01
3.207398e-01
4.397693e-01
3.681188e-01
5.865248e-01
5.786881e-01
5.156272e-01
4.872828e-01
4.509307e-01
5.859141e-01
5.873184e-01
4.785666e-01
4.806560e-01
6.192989e-01
6.449784e-01
8.879592e-01
4.284502e-01
8.289422e-01
8.455340e-01
5.532663e-01
1.209734e+00
1.006931e+00
1.089159e+00
8.856001e-01
1.200534e+00
3.302219e+00
2.512421e+00
1.714246e+00
1.202070e+00
1.075457e+00
1.107050e+00
7.402042e-01
5.669024e-01
8.277124e-01
8.192574e-01
1.004542e+00
1.376914e+00
5.581413e-01
8.940801e-01
6.772514e-01
6.444586e-01
5.504712e-01
4.298367e-01
6.494900e-01
5.041671e-01
4.704691e-01
6.737503e-01
4.720791e-01
3.587941e-01
8.587734e-01
1.428599e+00
5.198997e-01
4.043433e-01
4.635732e-01
3.439871e-01
2.938422e-01
3.227356e-01
2.753970e-01
4.113930e-01
6.085906e-01
8.773528e-01
6.966855e-01
5.842488e-01
5.138554e-01
4.803759e-01
4.516578e-01
3.125780e-01
2.662701e-01
2.943319e-01
5.804405e-01
9.831324e-01
4.187335e-01
7.618214e-01
5.127280e-01
6.071569e-01
5.418244e-01
5.425449e-01
4.994091e-01
4.934395e-01
3.210204e-01
3.751860e-01
3.141126e-01
6.050797e-01
4.663461e-01
3.502948e-01
3.852093e-01
2.406494e-01
2.571475e-01
2.770148e-01
2.918531e-01
4.057445e-01
3.484126e-01
3.537861e-01
4.431648e-01
3.876403e-01
4.389230e-01
2.242481e-01
4.773354e-01
4.704004e-01
3.459470e-01
4.734058e-01
3.210406e-01
4.449627e-01
3.688526e-01
2.705506e-01
4.570920e-01
3.212949e-01
4.777021e-01
2.934630e-01
2.516135e-01
5.204302e-01
2.918177e-01
3.014953e-01
2.814715e-01
4.153969e-01
7.042007e-01
3.140914e-01
3.805836e-01
9.952804e-01
7.853715e-01
8.533755e-01
5.781794e-01
4.451633e-01
3.994318e-01
4.265437e-01
4.258639e-01
3.149075e-01
2.765704e-01
4.355493e-01
5.040439e-01
3.768973e-01
2.759489e-01
3.501580e-01
5.272602e-01
5.420631e-01
7.948461e-01
4.116283e-01
6.102023e-01
7.047701e-01
4.337390e-01
3.770975e-01
3.138518e-01
3.427318e-01
5.622280e-01
6.058635e-01
9.724886e-01
4.646504e-01
6.666407e-01
1.121081e+00
6.201592e-01
7.932986e-01
6.515577e-01
5.966719e-01
5.053617e-01
4.139549e-01
3.923888e-01
2.973140e-01
2.988583e-01
5.289474e-01
6.166704e-01
6.369445e-01
3.915698e-01
4.679466e-01
4.749734e-01
5.288602e-01
5.584959e-01
3.656644e-01
4.829850e-01
4.943445e-01
4.113257e-01
5.333842e-01
4.494279e-01
4.859648e-01
5.191909e-01
5.330249e-01
6.592098e-01
4.448284e-01
5.154429e-01
8.691571e-01
6.294315e-01
4.883748e-01
4.150387e-01
3.335647e-01
5.969820e-01
6.678042e-01
7.972878e-01
5.049777e-01
3.679967e-01
2.314434e-01
2.624991e-01
3.818901e-01
2.097925e-01
2.534434e-01
2.916604e-01
4.943834e-01
5.858395e-01
9.965917e-01
7.895782e-01
5.233745e-01
5.499871e-01
7.052167e-01
3.538573e-01
3.085130e-01
2.889774e-01
4.733131e-01
4.763618e-01
3.779624e-01
3.222645e-01
4.673196e-01
3.727598e-01
3.837703e-01
3.076472e-01
5.201783e-01
5.250803e-01
4.409567e-01
6.108599e-01
2.481507e-01
3.311588e-01
2.517971e-01
2.834765e-01
2.969094e-01
3.009159e-01
4.681235e-01
3.965576e-01
4.404243e-01
7.838072e-01
6.637644e-01
4.858254e-01
5.019389e-01
8.051631e-01
7.869665e-01
4.357600e-01
3.993905e-01
4.396107e-01
4.238594e-01
3.851511e-01
3.049368e-01
3.100179e-01
3.189361e-01
6.970939e-01
8.333398e-01
1.094115e+00
8.124297e-01
8.039590e-01
5.550163e-01
4.610589e-01
3.823931e-01
3.540204e-01
3.856142e-01
5.050133e-01
7.978173e-01
5.209457e-01
6.736159e-01
8.873683e-01
7.760182e-01
8.822800e-01
8.859193e-01
7.610630e-01
5.684655e-01
5.366804e-01
5.266470e-01
4.131249e-01
4.904946e-01
5.140780e-01
5.191354e-01
7.857415e-01
5.789545e-01
4.119193e-01
4.007803e-01
3.885546e-01
4.959721e-01
3.137029e-01
3.646233e-01
4.298552e-01
5.059047e-01
6.127650e-01
4.308290e-01
4.979093e-01
3.075020e-01
4.285371e-01
4.597541e-01
3.302411e-01
2.540218e-01
4.972248e-01
4.839457e-01
5.867349e-01
3.201944e-01
4.817681e-01
4.810191e-01
4.169788e-01
5.452005e-01
4.412171e-01
3.306820e-01
5.648665e-01
6.598117e-01
6.482304e-01
5.213820e-01
4.673959e-01
4.837832e-01
5.702242e-01
7.406473e-01
4.370226e-01
3.978147e-01
4.384238e-01
6.300995e-01
8.323459e-01
7.272884e-01
5.375468e-01
4.341847e-01
5.846967e-01
6.649916e-01
4.454805e-01
4.734937e-01
5.976468e-01
5.983852e-01
7.551613e-01
5.599460e-01
5.518903e-01
5.708878e-01
9.341579e-01
9.840895e-01
9.104068e-01
8.287675e-01
7.127609e-01
6.529975e-01
