1.620364e-03
1.345467e-03
1.077376e-03
1.118435e-03
6.321257e-04
9.306600e-04
5.506201e-04
7.020224e-04
3.731700e-04
5.008507e-04
3.871669e-03
3.428628e-03
2.668406e-03
1.991080e-03
2.736455e-03
3.665844e-03
3.641290e-03
3.901261e-03
3.339827e-03
3.460171e-03
4.199989e-03
5.168880e-03
5.573302e-03
5.471086e-03
5.039889e-03
5.171453e-03
5.007650e-03
5.386991e-03
6.828907e-03
5.058007e-03
7.444546e-03
4.841455e-03
5.286022e-03
5.539327e-03
5.120379e-03
7.077303e-03
6.448195e-03
5.590798e-03
7.027494e-03
5.190644e-03
6.442266e-03
7.681882e-03
5.523183e-03
7.779415e-03
7.169317e-03
5.220137e-03
7.054362e-03
6.033557e-03
6.256827e-03
7.768598e-03
9.135760e-03
4.325842e-03
6.419856e-03
7.538634e-03
4.754609e-03
5.748709e-03
7.164506e-03
5.108197e-03
5.840414e-03
6.948153e-03
8.196345e-03
5.537390e-03
6.410156e-03
7.343831e-03
5.068198e-03
6.136498e-03
6.700381e-03
7.322074e-03
4.902387e-03
5.655157e-03
6.267284e-03
6.669901e-03
6.951133e-03
5.523948e-03
5.973862e-03
6.116724e-03
6.932955e-03
4.861059e-03
5.078637e-03
4.998594e-03
4.845753e-03
5.004380e-03
3.897194e-03
3.507307e-03
3.603828e-03
4.071417e-03
4.508868e-03
4.747032e-03
3.553909e-03
3.498696e-03
3.627110e-03
3.713617e-03
3.667870e-03
3.482994e-03
3.321294e-03
3.173813e-03
2.981762e-03
2.644770e-03
2.428022e-03
2.249274e-03
2.010486e-03
1.949982e-03
1.957967e-03
1.910308e-03
1.830238e-03
1.733717e-03
1.536244e-03
1.479194e-03
1.390917e-03
1.272446e-03
1.266521e-03
1.140659e-03
1.189848e-03
8.801236e-04
8.159668e-04
7.799088e-04
6.655164e-04
5.782058e-04
5.397279e-04
5.321878e-04
5.731236e-04
5.712222e-04
5.625107e-04
5.491533e-04
5.351696e-04
5.221667e-04
5.395645e-04
5.408619e-04
5.304487e-04
5.267239e-04
5.122090e-04
4.439229e-04
4.209775e-04
4.346918e-04
4.427271e-04
4.417929e-04
5.210764e-04
6.211483e-04
6.858381e-04
7.234355e-04
7.406878e-04
7.020431e-04
6.652437e-04
6.234333e-04
5.783502e-04
6.817979e-04
1.172387e-03
1.068552e-03
9.487612e-04
8.410922e-04
7.461291e-04
6.037047e-04
4.858524e-04
4.668007e-04
4.716527e-04
4.709371e-04
4.531737e-04
4.457852e-04
4.713286e-04
4.955204e-04
5.145227e-04
5.108891e-04
4.937810e-04
5.097328e-04
5.151767e-04
5.077478e-04
4.766669e-04
4.384083e-04
4.941551e-04
5.628259e-04
6.232820e-04
6.539653e-04
6.924947e-04
7.305057e-04
7.684072e-04
8.026805e-04
8.004520e-04
7.967478e-04
7.832405e-04
7.444018e-04
6.975998e-04
6.223731e-04
5.754680e-04
5.506867e-04
5.692884e-04
5.835759e-04
5.950884e-04
6.168856e-04
6.484309e-04
6.854214e-04
7.236092e-04
7.717323e-04
8.082125e-04
8.286144e-04
8.258340e-04
7.916527e-04
7.036381e-04
5.868197e-04
5.534578e-04
5.795559e-04
5.878031e-04
6.537543e-04
7.046964e-04
7.294025e-04
7.602110e-04
7.441146e-04
6.734096e-04
7.163895e-04
7.685141e-04
7.652501e-04
7.188628e-04
6.933597e-04
6.646215e-04
7.357991e-04
7.631611e-04
7.311410e-04
7.003508e-04
6.992601e-04
6.771398e-04
7.160144e-04
7.336773e-04
7.207534e-04
7.156330e-04
7.266027e-04
7.076474e-04
7.415152e-04
7.807251e-04
7.918201e-04
8.314827e-04
8.658213e-04
8.633958e-04
8.218262e-04
8.927110e-04
9.353225e-04
9.688088e-04
1.032761e-03
1.022696e-03
9.686455e-04
9.624926e-04
1.082727e-03
1.143190e-03
1.119872e-03
1.145547e-03
1.120577e-03
1.043808e-03
1.027987e-03
9.566226e-04
8.354758e-04
7.742012e-04
7.188082e-04
7.498405e-04
7.496352e-04
7.673924e-04
7.911868e-04
7.778738e-04
8.113757e-04
8.790510e-04
8.956362e-04
8.616323e-04
8.698551e-04
8.330013e-04
7.500326e-04
7.897061e-04
7.639904e-04
7.277443e-04
6.793651e-04
7.067498e-04
7.652241e-04
8.046241e-04
8.181333e-04
8.039196e-04
7.760579e-04
8.110091e-04
8.946526e-04
9.599744e-04
1.000143e-03
1.009561e-03
9.941443e-04
9.629143e-04
9.902072e-04
9.941055e-04
9.701196e-04
9.436874e-04
9.169124e-04
9.366681e-04
9.511806e-04
9.328085e-04
9.289684e-04
9.311097e-04
8.869463e-04
9.038380e-04
8.663676e-04
8.194870e-04
8.168370e-04
8.272095e-04
7.856588e-04
7.145965e-04
6.992563e-04
6.868192e-04
7.603660e-04
8.254992e-04
8.788811e-04
8.956517e-04
9.129572e-04
9.549301e-04
9.686658e-04
9.469327e-04
9.075145e-04
8.682543e-04
9.058992e-04
9.585555e-04
1.017117e-03
1.039248e-03
1.027582e-03
9.930172e-04
9.452858e-04
9.069394e-04
9.189977e-04
9.252670e-04
9.277241e-04
9.216833e-04
8.927007e-04
8.561536e-04
8.416795e-04
8.676466e-04
8.830461e-04
8.828428e-04
8.745791e-04
8.499687e-04
8.337388e-04
8.457489e-04
8.546969e-04
8.550732e-04
8.396303e-04
8.250553e-04
8.465961e-04
8.544918e-04
8.411526e-04
8.110409e-04
8.229090e-04
8.619829e-04
8.802614e-04
8.721302e-04
8.417753e-04
8.122958e-04
8.600267e-04
8.870889e-04
8.871178e-04
8.563703e-04
8.158762e-04
8.369162e-04
8.300083e-04
8.146387e-04
7.879557e-04
8.264943e-04
8.481118e-04
8.614018e-04
8.566204e-04
8.530756e-04
9.114637e-04
9.325583e-04
9.122039e-04
8.531465e-04
8.313951e-04
8.310562e-04
8.140242e-04
7.732142e-04
7.375383e-04
7.582873e-04
7.586276e-04
7.436528e-04
7.265394e-04
7.784656e-04
8.035043e-04
8.001582e-04
7.712834e-04
7.367919e-04
7.597425e-04
7.572268e-04
7.332562e-04
6.909405e-04
6.891180e-04
7.079864e-04
7.054682e-04
6.828923e-04
6.777654e-04
7.088996e-04
7.153394e-04
6.986548e-04
6.618727e-04
6.524672e-04
6.721368e-04
6.702692e-04
6.503592e-04
6.148774e-04
6.071268e-04
6.269629e-04
6.273696e-04
6.114850e-04
5.847528e-04
5.909912e-04
5.972078e-04
5.938052e-04
5.727300e-04
5.902812e-04
5.986991e-04
5.892344e-04
5.615468e-04
5.589264e-04
5.796421e-04
5.813843e-04
5.677389e-04
5.376144e-04
5.319873e-04
5.516094e-04
5.556496e-04
5.453517e-04
5.186890e-04
5.170965e-04
5.315746e-04
5.300933e-04
5.113327e-04
4.923758e-04
5.128285e-04
5.170973e-04
5.060339e-04
4.802100e-04
4.967831e-04
5.144535e-04
5.177218e-04
5.073840e-04
4.818561e-04
4.933896e-04
5.071508e-04
5.053619e-04
4.893077e-04
4.559852e-04
4.665873e-04
4.706232e-04
4.616105e-04
4.411756e-04
4.522636e-04
4.592696e-04
4.518380e-04
4.318344e-04
4.277254e-04
4.471779e-04
4.525270e-04
4.444622e-04
4.242750e-04
4.137776e-04
4.292995e-04
4.312441e-04
4.203774e-04
3.980193e-04
3.968049e-04
4.001874e-04
3.937448e-04
3.803269e-04
3.930122e-04
4.027904e-04
4.019393e-04
3.883187e-04
3.637790e-04
3.795139e-04
3.861746e-04
3.824951e-04
3.675381e-04
3.428975e-04
3.496827e-04
3.548100e-04
3.506479e-04
3.367595e-04
3.364767e-04
3.353532e-04
3.247381e-04
3.135319e-04
3.162515e-04
3.257290e-04
3.252684e-04
3.158617e-04
2.959815e-04
2.941167e-04
3.041599e-04
3.051192e-04
2.977621e-04
2.809525e-04
2.708956e-04
2.749088e-04
2.777323e-04
2.729976e-04
2.646976e-04
2.679693e-04
2.631123e-04
2.510401e-04
2.437097e-04
2.499632e-04
2.548606e-04
2.521634e-04
2.426230e-04
2.271772e-04
2.273518e-04
2.343763e-04
2.344670e-04
2.281928e-04
2.163301e-04
2.075633e-04
2.078449e-04
2.109229e-04
2.082804e-04
2.048962e-04
2.033185e-04
1.958047e-04
1.831809e-04
1.839333e-04
1.898146e-04
1.915613e-04
1.876684e-04
1.787439e-04
1.655439e-04
1.686655e-04
1.738166e-04
1.737965e-04
1.690472e-04
1.600921e-04
1.521563e-04
1.508256e-04
1.543956e-04
1.536470e-04
1.506208e-04
1.481794e-04
1.418559e-04
1.317361e-04
1.332504e-04
1.377805e-04
1.383754e-04
1.358249e-04
1.295804e-04
1.201211e-04
1.197506e-04
1.232676e-04
1.244220e-04
1.220807e-04
1.166206e-04
1.084765e-04
1.033854e-04
1.078093e-04
1.090521e-04
1.073590e-04
1.047234e-04
1.000580e-04
9.233215e-05
9.257505e-05
9.638551e-05
9.735646e-05
9.572162e-05
9.158158e-05
8.521871e-05
8.120165e-05
8.489964e-05
8.614210e-05
8.549971e-05
8.260538e-05
7.775462e-05
7.127164e-05
7.162804e-05
7.402585e-05
7.432319e-05
7.269073e-05
6.935988e-05
6.459862e-05
6.068776e-05
6.409020e-05
6.553044e-05
6.512830e-05
6.310210e-05
5.950417e-05
5.453195e-05
5.505523e-05
5.693694e-05
5.726837e-05
5.644875e-05
5.417263e-05
5.064497e-05
4.609010e-05
4.701815e-05
4.856823e-05
4.874208e-05
4.767154e-05
4.549529e-05
4.240195e-05
4.066554e-05
4.235619e-05
4.279829e-05
4.210116e-05
4.041646e-05
3.763908e-05
3.443966e-05
3.571825e-05
3.679618e-05
3.687928e-05
3.617949e-05
3.458284e-05
3.222527e-05
2.925745e-05
3.007466e-05
3.067328e-05
3.088756e-05
3.031923e-05
2.906139e-05
2.723057e-05
2.580858e-05
2.669376e-05
2.680260e-05
2.621431e-05
2.503046e-05
2.367564e-05
2.226692e-05
2.203683e-05
2.270589e-05
2.276027e-05
2.238617e-05
2.145964e-05
2.007294e-05
1.829281e-05
1.862775e-05
1.861914e-05
1.878294e-05
1.859957e-05
1.798073e-05
1.699174e-05
1.571445e-05
1.620185e-05
1.622994e-05
1.585363e-05
1.513329e-05
1.446662e-05
1.386506e-05
1.298140e-05
1.345077e-05
1.356195e-05
1.341326e-05
1.292671e-05
1.215644e-05
1.116481e-05
1.101737e-05
1.096071e-05
1.091956e-05
1.094830e-05
1.071026e-05
1.024850e-05
9.547153e-06
9.419399e-06
9.454747e-06
9.245075e-06
8.830776e-06
8.438842e-06
8.273481e-06
7.920867e-06
7.570477e-06
7.715659e-06
7.734071e-06
7.553228e-06
7.196660e-06
6.690692e-06
6.293497e-06
6.278078e-06
6.091207e-06
6.119339e-06
6.083210e-06
5.910607e-06
5.620520e-06
5.240994e-06
5.285693e-06
5.198137e-06
5.003245e-06
4.695128e-06
4.620854e-06
4.545632e-06
4.372021e-06
4.159921e-06
4.239347e-06
4.205102e-06
4.070046e-06
3.852017e-06
3.570010e-06
3.389265e-06
3.306933e-06
3.261666e-06
3.319241e-06
3.296739e-06
3.213999e-06
3.058035e-06
2.841081e-06
2.836972e-06
2.765599e-06
2.635183e-06
2.449881e-06
2.444101e-06
2.405583e-06
2.319848e-06
2.236401e-06
2.256068e-06
2.220463e-06
2.135971e-06
2.010818e-06
1.836331e-06
1.781511e-06
1.707232e-06
1.669912e-06
1.697364e-06
1.697690e-06
1.657684e-06
1.583591e-06
1.480798e-06
1.456915e-06
1.414516e-06
1.339487e-06
1.237473e-06
1.223931e-06
1.215221e-06
1.184666e-06
1.146877e-06
1.153475e-06
1.132053e-06
1.088204e-06
1.022166e-06
9.365882e-07
