7.200894e-01
5.480691e-01
3.777474e-01
2.628719e-01
1.859152e-01
1.355988e-01
1.152228e-01
9.955168e-02
8.692271e-02
7.638327e-02
6.728701e-02
5.928505e-02
5.226607e-02
4.620648e-02
4.120281e-02
3.759977e-02
3.444084e-02
3.163711e-02
2.912818e-02
2.687354e-02
2.484247e-02
2.300836e-02
2.134716e-02
1.983754e-02
1.846114e-02
1.720250e-02
1.604860e-02
1.498840e-02
1.401242e-02
1.311242e-02
1.228118e-02
1.151234e-02
1.080028e-02
1.014000e-02
9.527065e-03
8.957510e-03
8.427776e-03
7.934664e-03
7.475288e-03
7.047032e-03
6.647526e-03
6.274610e-03
5.926317e-03
5.600846e-03
5.296550e-03
5.011915e-03
4.745552e-03
4.496180e-03
4.262620e-03
4.043782e-03
3.838658e-03
3.646317e-03
3.465897e-03
3.296596e-03
3.137672e-03
2.988436e-03
2.848247e-03
2.716508e-03
2.592667e-03
2.476207e-03
2.366647e-03
2.263540e-03
2.166468e-03
2.075043e-03
1.988901e-03
1.907704e-03
1.831136e-03
1.758902e-03
1.690727e-03
1.626354e-03
1.565542e-03
1.508066e-03
1.453719e-03
1.402302e-03
1.353634e-03
1.307543e-03
1.263869e-03
1.222463e-03
1.183183e-03
1.145938e-03
1.112502e-03
1.080670e-03
1.050345e-03
1.021436e-03
9.938592e-04
9.675355e-04
9.423908e-04
9.183557e-04
8.953652e-04
8.733588e-04
8.522793e-04
8.320736e-04
8.126917e-04
7.942719e-04
7.776756e-04
7.616702e-04
7.462242e-04
7.313080e-04
7.168936e-04
7.029550e-04
6.894677e-04
6.764087e-04
6.637565e-04
6.514907e-04
6.395923e-04
6.284599e-04
6.180066e-04
6.078095e-04
5.978577e-04
5.881413e-04
5.786507e-04
5.693768e-04
5.603111e-04
5.514457e-04
5.427730e-04
5.342857e-04
5.259771e-04
5.178409e-04
5.101674e-04
5.027386e-04
4.954345e-04
4.882520e-04
4.811880e-04
4.742397e-04
4.674045e-04
4.606796e-04
4.540626e-04
4.475510e-04
4.411425e-04
4.348350e-04
4.286261e-04
4.225140e-04
4.164964e-04
4.105716e-04
4.047376e-04
3.989927e-04
3.933351e-04
3.877631e-04
3.822751e-04
3.768695e-04
3.715849e-04
3.664356e-04
3.613566e-04
3.563470e-04
3.514060e-04
3.465326e-04
3.417260e-04
3.369853e-04
3.323097e-04
3.276983e-04
3.231503e-04
3.186649e-04
3.142412e-04
3.098785e-04
3.055759e-04
3.013326e-04
2.971478e-04
2.930208e-04
2.889508e-04
2.849370e-04
2.809787e-04
2.770751e-04
2.732255e-04
2.694291e-04
2.656853e-04
2.619933e-04
2.583524e-04
2.547619e-04
2.512212e-04
2.477296e-04
2.442863e-04
2.408908e-04
2.375423e-04
2.342403e-04
2.309840e-04
2.277730e-04
2.246065e-04
2.214839e-04
2.184047e-04
2.153682e-04
2.123738e-04
2.094211e-04
2.065093e-04
2.036379e-04
2.008065e-04
1.980143e-04
1.952610e-04
1.925459e-04
1.898685e-04
1.872282e-04
1.846247e-04
1.820574e-04
1.795257e-04
1.770292e-04
1.745674e-04
1.721398e-04
1.697460e-04
1.673854e-04
1.650576e-04
1.627622e-04
1.604987e-04
1.582667e-04
1.560657e-04
1.538953e-04
1.517550e-04
1.496445e-04
1.475634e-04
1.455112e-04
1.434875e-04
1.414920e-04
1.395242e-04
1.375837e-04
1.356703e-04
1.337834e-04
1.319228e-04
1.300881e-04
1.282789e-04
1.264948e-04
1.247355e-04
1.230007e-04
1.212901e-04
1.196032e-04
1.179398e-04
1.162995e-04
1.146820e-04
1.130870e-04
1.115142e-04
1.099632e-04
1.084339e-04
1.069258e-04
1.054387e-04
1.039722e-04
1.025262e-04
1.011002e-04
9.969413e-05
