4.641350e-03
4.046567e-03
2.944867e-03
3.604381e-03
2.969958e-03
3.855750e-03
2.572144e-03
2.610119e-03
2.326610e-03
2.553401e-03
2.595528e-03
2.093720e-03
1.836860e-03
1.856370e-03
1.797428e-03
2.091407e-03
1.644723e-03
1.491076e-03
1.425823e-03
1.599554e-03
1.546533e-03
1.275828e-03
1.071094e-03
1.466311e-03
1.052495e-03
1.522760e-03
9.548036e-04
8.422701e-04
8.576618e-04
8.410606e-04
8.930710e-04
7.230769e-04
7.127160e-04
7.440705e-04
7.885651e-04
8.087401e-04
7.782052e-04
7.980638e-04
8.110779e-04
8.416898e-04
8.886573e-04
8.600724e-04
8.537375e-04
8.450425e-04
8.418421e-04
8.491667e-04
7.806384e-04
1.066441e-03
1.367052e-03
1.505629e-03
1.409643e-03
1.049888e-03
1.435544e-03
1.385130e-03
1.096688e-03
1.244149e-03
1.146069e-03
1.049463e-03
1.240972e-03
1.099958e-03
1.080853e-03
1.210500e-03
1.139384e-03
1.285635e-03
1.347917e-03
1.094998e-03
1.279664e-03
1.382989e-03
1.691989e-03
1.539100e-03
1.951832e-03
2.326804e-03
2.351293e-03
1.842991e-03
1.659940e-03
1.869528e-03
2.133380e-03
2.181474e-03
1.970789e-03
1.563534e-03
1.264021e-03
1.314508e-03
1.429481e-03
1.659068e-03
1.904454e-03
2.144014e-03
2.237976e-03
2.332555e-03
2.724367e-03
3.272958e-03
3.917283e-03
4.298929e-03
4.739234e-03
5.168907e-03
6.411632e-03
6.187398e-03
7.254541e-03
7.260522e-03
1.118768e-02
1.198047e-02
1.099475e-02
1.266431e-02
1.563943e-02
1.987334e-02
2.507809e-02
3.123017e-02
4.220662e-02
6.520141e-02
7.285066e-02
7.229125e-02
6.105891e-02
8.069992e-02
6.803673e-02
9.527975e-02
1.648535e-01
3.251179e-01
3.228280e-01
3.647482e-01
4.789127e-01
5.875604e-01
5.001853e-01
3.659439e-01
3.831869e-01
6.083353e-01
8.319641e-01
6.529701e-01
4.104458e-01
3.415957e-01
4.293519e-01
6.653710e-01
8.541830e-01
5.437925e-01
5.738085e-01
6.506281e-01
8.161533e-01
7.236387e-01
4.302328e-01
3.942281e-01
4.518225e-01
7.267680e-01
1.027506e+00
9.580228e-01
8.207428e-01
1.185448e+00
7.734252e-01
7.725018e-01
9.201682e-01
1.946428e+00
5.762283e-01
1.085049e+00
1.012172e+00
5.911087e-01
5.250214e-01
4.087970e-01
5.369310e-01
8.552851e-01
3.780965e-01
4.794192e-01
4.772879e-01
6.184597e-01
4.751904e-01
4.934737e-01
4.450550e-01
4.142040e-01
4.559859e-01
7.243982e-01
9.636056e-01
9.980654e-01
7.587959e-01
5.884434e-01
4.961157e-01
3.766248e-01
4.461318e-01
5.647859e-01
5.789172e-01
1.906059e+00
6.232785e-01
4.220242e-01
2.834814e-01
4.333417e-01
7.482715e-01
4.500312e-01
4.911747e-01
7.891199e-01
5.599352e-01
6.507150e-01
4.223562e-01
3.787867e-01
4.897921e-01
5.785863e-01
6.154328e-01
1.353535e+00
5.197639e-01
1.052576e+00
6.181362e-01
7.260696e-01
4.545874e-01
3.354720e-01
3.353293e-01
6.351284e-01
7.437379e-01
5.827027e-01
5.693532e-01
4.290915e-01
1.265131e+00
6.795617e-01
4.974119e-01
3.988629e-01
6.651831e-01
4.564712e-01
3.820445e-01
3.250636e-01
4.899385e-01
4.569618e-01
6.274282e-01
3.955671e-01
3.321532e-01
4.174598e-01
3.007285e-01
3.796060e-01
7.399174e-01
6.249170e-01
5.687075e-01
5.199886e-01
3.584829e-01
4.773468e-01
2.822308e-01
3.295231e-01
5.524788e-01
5.450252e-01
9.024505e-01
6.696155e-01
4.798869e-01
5.676862e-01
5.434431e-01
6.964763e-01
7.516682e-01
5.424442e-01
8.186913e-01
7.056832e-01
8.982358e-01
5.291893e-01
5.896138e-01
5.001286e-01
1.060613e+00
1.025961e+00
7.061651e-01
4.623686e-01
6.332541e-01
1.005483e+00
1.204567e+00
3.277676e+00
9.494108e-01
6.430471e-01
1.051561e+00
1.190415e+00
6.919749e-01
5.807866e-01
8.361071e-01
9.882772e-01
9.936184e-01
7.848471e-01
6.621830e-01
8.529720e-01
7.938277e-01
8.018986e-01
8.276313e-01
7.384942e-01
1.050442e+00
1.100017e+00
1.321957e+00
6.416236e-01
7.568541e-01
6.708170e-01
1.259431e+00
1.041191e+00
7.333954e-01
9.765868e-01
1.014420e+00
6.119577e-01
1.155512e+00
4.237648e-01
7.017165e-01
9.500015e-01
9.257094e-01
1.010134e+00
6.832703e-01
8.775718e-01
8.455448e-01
6.830083e-01
1.798926e+00
6.240657e-01
1.120354e+00
5.693024e-01
6.749168e-01
7.692214e-01
4.748151e-01
4.892587e-01
6.671533e-01
8.640575e-01
1.007057e+00
1.475616e+00
5.157725e-01
6.178883e-01
5.322292e-01
7.600800e-01
1.098262e+00
4.816523e-01
1.069456e+00
7.244594e-01
7.959597e-01
5.803759e-01
5.084676e-01
6.415561e-01
7.191861e-01
7.530688e-01
5.902866e-01
4.926810e-01
6.435961e-01
6.585963e-01
5.004954e-01
8.741813e-01
6.507161e-01
8.386831e-01
5.630465e-01
8.213281e-01
4.769204e-01
5.432117e-01
5.553440e-01
7.002653e-01
8.619725e-01
8.602096e-01
7.079228e-01
7.289661e-01
6.425454e-01
8.447815e-01
6.997823e-01
6.364204e-01
5.637873e-01
5.283967e-01
9.163634e-01
9.439508e-01
6.504110e-01
4.879211e-01
6.304810e-01
8.260072e-01
6.223385e-01
5.259714e-01
7.431572e-01
6.641698e-01
5.957109e-01
4.097584e-01
3.866357e-01
5.541898e-01
8.838834e-01
8.748528e-01
6.323239e-01
1.001186e+00
1.409069e+00
1.177988e+00
7.192315e-01
4.615631e-01
4.485986e-01
5.098683e-01
6.699468e-01
1.025973e+00
6.026355e-01
5.322845e-01
3.960366e-01
6.128616e-01
4.464500e-01
3.725015e-01
4.331797e-01
5.582720e-01
7.823645e-01
1.033586e+00
8.667994e-01
6.847852e-01
5.719621e-01
6.686148e-01
1.175949e+00
7.200943e-01
4.525764e-01
6.534660e-01
9.164105e-01
1.221942e+00
6.644566e-01
6.121091e-01
8.422960e-01
5.838790e-01
7.483393e-01
5.815691e-01
4.364340e-01
5.173997e-01
5.981619e-01
8.268440e-01
5.729070e-01
6.030518e-01
4.739805e-01
8.397221e-01
6.469965e-01
6.792062e-01
7.907797e-01
6.696040e-01
8.897028e-01
8.243326e-01
6.869383e-01
5.768512e-01
6.435870e-01
7.635524e-01
8.132080e-01
5.820013e-01
5.780662e-01
8.328674e-01
9.375340e-01
1.193704e+00
7.588926e-01
8.835689e-01
9.777831e-01
6.913752e-01
8.709717e-01
7.366462e-01
1.007759e+00
1.048661e+00
9.116594e-01
8.807927e-01
6.920508e-01
6.514290e-01
9.796087e-01
9.586238e-01
7.393641e-01
5.612661e-01
6.178662e-01
5.941196e-01
9.180173e-01
7.297687e-01
8.294853e-01
6.034867e-01
6.703902e-01
6.395753e-01
7.366473e-01
6.086423e-01
4.441583e-01
8.069957e-01
6.629371e-01
8.423832e-01
9.435479e-01
5.414433e-01
6.190811e-01
4.084877e-01
6.225124e-01
6.214044e-01
3.867217e-01
6.219919e-01
7.130887e-01
1.041609e+00
7.483646e-01
4.830790e-01
9.819636e-01
6.529209e-01
9.714759e-01
7.352165e-01
6.706656e-01
7.519580e-01
7.618014e-01
7.014687e-01
4.698732e-01
4.019992e-01
5.263917e-01
1.066738e+00
9.632107e-01
5.626810e-01
7.553597e-01
5.513482e-01
6.220056e-01
7.018250e-01
5.712718e-01
7.503070e-01
7.545606e-01
6.475426e-01
9.894829e-01
6.167041e-01
5.795384e-01
3.688639e-01
8.488184e-01
1.066993e+00
7.500604e-01
1.028617e+00
7.155867e-01
5.073453e-01
7.759140e-01
5.911958e-01
5.790598e-01
5.788974e-01
7.120534e-01
1.057046e+00
9.881194e-01
5.865163e-01
6.239621e-01
5.395529e-01
9.373788e-01
8.634552e-01
6.280036e-01
4.990083e-01
5.033970e-01
5.859929e-01
7.475466e-01
9.464692e-01
6.270885e-01
7.789543e-01
6.985753e-01
5.163011e-01
4.123446e-01
6.010326e-01
8.459592e-01
9.917176e-01
1.019416e+00
7.412826e-01
6.040311e-01
6.406269e-01
7.709271e-01
5.956659e-01
7.386821e-01
4.405684e-01
4.626840e-01
6.677255e-01
3.621632e-01
7.665683e-01
7.473852e-01
1.341070e+00
7.783642e-01
5.812381e-01
6.980749e-01
7.528921e-01
7.780060e-01
7.258707e-01
8.121162e-01
5.167261e-01
6.446119e-01
1.109206e+00
1.555612e+00
5.588486e-01
5.135816e-01
7.132522e-01
5.334255e-01
6.926479e-01
5.570823e-01
5.336666e-01
5.957217e-01
7.608903e-01
1.277756e+00
1.284380e+00
6.621897e-01
6.442162e-01
1.498268e+00
2.303546e+00
8.810560e-01
8.834122e-01
4.489206e-01
6.754753e-01
1.221911e+00
5.021351e-01
5.505594e-01
5.300744e-01
8.373734e-01
6.743608e-01
4.625695e-01
4.239473e-01
7.145430e-01
8.809395e-01
8.588505e-01
5.100899e-01
5.799335e-01
6.653636e-01
4.589199e-01
7.714819e-01
1.292219e+00
3.276654e-01
2.604957e+00
4.977130e-01
7.895074e-01
3.721213e-01
3.718716e-01
4.193943e-01
9.656576e-01
8.065212e-01
7.542512e-01
3.795179e-01
3.988674e-01
4.504366e-01
5.404847e-01
5.182657e-01
5.077165e-01
4.176410e-01
5.655412e-01
4.950957e-01
6.045907e-01
3.654027e-01
7.145096e-01
1.180571e+00
1.189870e+00
9.356034e-01
5.701567e-01
5.105601e-01
7.186862e-01
4.550200e-01
7.502566e-01
5.088421e-01
9.007221e-01
8.301372e-01
9.496745e-01
5.246487e-01
4.204736e-01
5.136162e-01
7.213981e-01
6.650632e-01
5.471269e-01
4.679696e-01
4.926446e-01
7.352313e-01
7.965464e-01
5.901045e-01
9.487723e-01
5.945491e-01
8.787123e-01
1.017641e+00
5.374327e-01
5.533050e-01
4.880137e-01
6.014601e-01
9.109758e-01
5.121177e-01
3.656983e-01
8.381333e-01
1.111283e+00
1.356053e+00
8.046238e-01
5.714151e-01
7.560338e-01
9.861873e-01
1.278757e+00
1.038982e+00
6.376407e-01
9.526362e-01
1.252093e+00
7.675037e-01
6.526097e-01
5.780206e-01
2.133669e+00
6.099989e-01
7.166648e-01
6.690676e-01
1.448977e+00
6.860595e-01
1.098816e+00
1.450597e+00
6.667411e-01
1.706892e+00
1.153632e+00
6.354665e-01
8.550703e-01
7.205897e-01
8.010438e-01
1.145704e+00
9.579662e-01
9.550611e-01
9.204088e-01
1.801806e+00
4.908432e-01
6.869395e-01
6.681233e-01
6.456244e-01
4.433850e-01
6.128745e-01
7.607439e-01
7.373189e-01
1.761357e+00
4.850041e-01
3.869169e-01
5.284514e-01
8.722791e-01
6.831668e-01
3.609999e-01
5.651133e-01
7.224266e-01
6.154698e-01
4.416932e-01
1.088681e+00
9.136855e-01
7.249188e-01
9.126361e-01
6.696425e-01
6.093433e-01
4.426313e-01
3.727559e-01
4.239399e-01
2.920572e-01
3.353754e-01
4.797491e-01
5.971320e-01
6.755090e-01
4.425973e-01
4.183857e-01
4.146691e-01
5.066438e-01
8.315599e-01
7.154560e-01
7.151453e-01
5.349315e-01
9.329785e-01
6.541284e-01
5.277706e-01
4.141837e-01
5.320095e-01
6.756017e-01
7.804260e-01
5.446506e-01
8.049155e-01
7.536823e-01
7.863053e-01
2.010337e+00
9.491215e-01
6.528021e-01
6.566181e-01
5.324208e-01
6.233743e-01
6.573942e-01
7.143535e-01
6.065097e-01
7.546779e-01
1.130890e+00
6.634221e-01
5.651337e-01
7.152157e-01
4.808750e-01
6.891925e-01
6.531724e-01
5.532747e-01
6.619938e-01
7.394910e-01
7.345522e-01
5.558866e-01
6.762901e-01
6.417340e-01
6.983886e-01
7.835219e-01
7.947227e-01
5.517686e-01
6.779870e-01
5.627544e-01
1.043309e+00
6.524945e-01
6.517981e-01
8.225307e-01
8.050769e-01
1.122155e+00
1.041997e+00
1.036579e+00
8.167063e-01
7.613109e-01
7.681504e-01
1.479360e+00
1.712884e+00
9.628144e-01
6.000140e-01
6.993518e-01
6.388057e-01
4.786626e-01
1.144566e+00
6.032158e-01
8.627450e-01
1.131842e+00
7.110842e-01
9.196764e-01
5.925111e-01
7.760895e-01
4.881871e-01
4.799202e-01
6.121703e-01
6.558966e-01
1.061162e+00
1.166974e+00
5.119048e-01
4.952251e-01
6.674344e-01
9.048180e-01
1.496938e+00
4.762316e-01
4.242808e-01
8.165543e-01
1.226028e+00
8.287011e-01
5.754951e-01
7.153431e-01
1.022569e+00
9.720960e-01
7.045540e-01
5.692351e-01
5.783529e-01
4.229423e-01
5.349340e-01
8.729636e-01
4.388328e-01
5.753218e-01
6.636839e-01
8.059443e-01
6.920356e-01
6.169893e-01
5.802007e-01
1.042858e+00
5.928702e-01
8.342161e-01
5.777966e-01
5.791491e-01
5.362164e-01
4.728198e-01
4.416895e-01
4.110008e-01
6.245119e-01
5.032891e-01
5.098916e-01
5.866115e-01
4.017348e-01
4.076793e-01
5.591911e-01
5.490568e-01
4.940076e-01
6.136409e-01
1.431342e+00
1.216941e+00
9.273679e-01
6.584174e-01
5.316452e-01
8.084024e-01
1.024924e+00
1.207137e+00
1.412657e+00
7.440050e-01
5.157697e-01
5.696659e-01
1.018298e+00
4.752970e-01
3.231334e-01
4.207806e-01
7.744792e-01
1.054661e+00
7.180975e-01
8.251853e-01
1.142679e+00
7.750534e-01
6.993931e-01
1.102455e+00
4.453310e-01
3.894698e-01
8.177978e-01
9.521885e-01
7.848625e-01
8.108830e-01
8.526668e-01
1.318660e+00
1.346086e+00
7.451915e-01
8.550042e-01
1.578578e+00
1.218221e+00
1.237983e+00
1.384389e+00
1.100025e+00
1.119130e+00
6.344931e-01
9.796288e-01
4.334050e-01
4.795797e-01
6.082893e-01
9.544015e-01
1.141379e+00
8.857295e-01
6.759166e-01
1.211387e+00
1.389697e+00
1.670866e+00
9.534323e-01
1.888791e+00
6.344521e-01
1.014891e+00
1.365764e+00
1.151060e+00
1.099600e+00
8.251549e-01
8.839655e-01
6.818250e-01
5.789504e-01
8.115292e-01
1.183814e+00
1.143508e+00
9.201796e-01
8.261805e-01
6.497132e-01
6.743359e-01
6.804800e-01
9.403069e-01
7.636068e-01
4.186886e-01
3.614601e-01
4.548251e-01
1.170521e+00
5.185163e-01
4.757892e-01
4.568998e-01
7.510665e-01
6.418469e-01
7.326545e-01
5.346114e-01
5.592195e-01
6.593924e-01
8.488389e-01
3.677885e-01
3.104555e-01
6.807296e-01
4.270092e-01
8.357123e-01
4.629292e-01
4.302163e-01
4.926653e-01
4.543951e-01
8.698813e-01
5.441988e-01
5.935430e-01
4.630442e-01
6.230518e-01
8.161137e-01
7.002140e-01
4.366153e-01
5.840248e-01
7.558031e-01
6.844342e-01
7.703405e-01
7.172408e-01
6.791837e-01
4.858901e-01
7.036275e-01
3.869155e-01
3.578497e-01
5.802704e-01
8.825870e-01
6.827296e-01
6.290312e-01
6.714420e-01
4.869223e-01
1.144118e+00
1.291013e+00
6.256576e-01
6.499146e-01
4.900072e-01
4.239530e-01
6.021910e-01
7.993333e-01
4.882356e-01
3.305576e-01
6.274761e-01
6.709152e-01
6.342645e-01
6.406800e-01
7.993937e-01
6.244362e-01
7.899414e-01
5.987883e-01
4.784451e-01
4.151419e-01
8.921122e-01
1.442076e+00
1.486426e+00
8.894169e-01
5.915861e-01
1.038226e+00
7.291795e-01
1.003265e+00
5.428448e-01
5.159759e-01
6.377757e-01
7.251979e-01
7.186790e-01
6.054230e-01
5.763393e-01
5.268119e-01
9.274238e-01
7.525074e-01
6.852986e-01
4.908263e-01
7.654596e-01
5.112797e-01
3.744926e-01
3.970969e-01
7.609753e-01
6.780889e-01
7.091197e-01
5.970820e-01
5.916806e-01
5.128569e-01
5.869960e-01
