3.555556e+00
2.591699e+00
1.364976e+00
8.875391e-01
6.039346e-01
6.166518e-01
6.147829e-01
5.192004e-01
4.071313e-01
3.446252e-01
3.438156e-01
3.176227e-01
2.851445e-01
2.346913e-01
1.324066e-01
1.042891e-01
1.937575e-01
8.721272e-02
1.168684e-01
8.096410e-02
9.445664e-02
7.186128e-02
5.274186e-02
5.333291e-02
4.399691e-02
2.726919e-02
3.293010e-02
2.121674e-02
3.453059e-02
4.097727e-02
3.710656e-02
2.498095e-02
1.872110e-02
1.995114e-02
2.206860e-02
2.221869e-02
1.983725e-02
1.268690e-02
1.299565e-02
1.410644e-02
1.115804e-02
1.613625e-02
1.662437e-02
1.245223e-02
9.431468e-03
9.693369e-03
7.680020e-03
9.325543e-03
7.672832e-03
6.883414e-03
7.105721e-03
6.293562e-03
6.203290e-03
5.491664e-03
5.183870e-03
5.013468e-03
4.974225e-03
5.367248e-03
5.028172e-03
4.362528e-03
3.318686e-03
2.925813e-03
2.925064e-03
3.319122e-03
3.816426e-03
3.551535e-03
3.215705e-03
2.367825e-03
1.853901e-03
2.733246e-03
2.793485e-03
2.600658e-03
2.167130e-03
1.377350e-03
6.390599e-04
9.672441e-04
1.588538e-03
1.691284e-03
1.281645e-03
6.911064e-04
3.294564e-04
8.477880e-04
1.098388e-03
9.903903e-04
6.971908e-04
4.402488e-04
2.268084e-04
3.761587e-04
4.780135e-04
4.679389e-04
3.711414e-04
2.434542e-04
2.811495e-04
2.716055e-04
2.569701e-04
2.347457e-04
1.591244e-04
1.174547e-04
1.814399e-04
2.197107e-04
2.120899e-04
1.636805e-04
8.785327e-05
1.172614e-04
1.462528e-04
1.420045e-04
1.402558e-04
1.238875e-04
8.128402e-05
4.716512e-05
7.799744e-05
9.331329e-05
8.835628e-05
8.176423e-05
5.527525e-05
4.774437e-05
5.217299e-05
5.057914e-05
6.354247e-05
5.907135e-05
4.035969e-05
3.834464e-05
3.602191e-05
3.301055e-05
4.152060e-05
3.935193e-05
3.162367e-05
3.568382e-05
3.461588e-05
2.769853e-05
2.064768e-05
1.967365e-05
1.468920e-05
1.869317e-05
2.264799e-05
2.281679e-05
1.855739e-05
1.340261e-05
1.254794e-05
1.272394e-05
1.568842e-05
1.626716e-05
1.380764e-05
9.913531e-06
5.815856e-06
7.012253e-06
9.252224e-06
1.121174e-05
1.082934e-05
8.987671e-06
5.516493e-06
3.147853e-06
4.768614e-06
6.567982e-06
7.073739e-06
5.923936e-06
3.546974e-06
1.578332e-06
2.395014e-06
3.990175e-06
4.700117e-06
4.206166e-06
2.795343e-06
1.882005e-06
1.612842e-06
2.128090e-06
2.462445e-06
2.189876e-06
1.394074e-06
1.549170e-06
1.538237e-06
1.213948e-06
1.231485e-06
1.032297e-06
6.661761e-07
