9.124841e-04
6.706671e-04
4.394525e-04
2.893499e-04
4.504850e-04
6.626253e-04
4.020606e-04
2.051780e-04
1.652688e-04
2.260541e-04
3.033729e-04
1.712565e-04
9.103644e-05
7.164884e-05
9.908506e-05
1.293299e-04
6.974236e-05
3.741656e-05
2.796730e-05
3.888548e-05
5.426087e-05
2.973119e-05
1.615229e-05
1.283979e-05
1.964409e-05
2.956753e-05
1.670342e-05
9.140378e-06
7.650032e-06
1.230052e-05
1.901296e-05
1.085982e-05
5.961449e-06
5.075190e-06
8.321322e-06
1.305776e-05
7.491760e-06
4.122742e-06
3.543464e-06
5.879303e-06
9.316661e-06
5.359633e-06
2.954466e-06
2.555679e-06
4.273542e-06
6.819258e-06
3.928946e-06
2.168589e-06
1.884194e-06
3.168018e-06
5.082272e-06
2.930947e-06
1.619347e-06
1.411588e-06
2.383119e-06
3.839753e-06
2.215797e-06
1.225184e-06
1.070675e-06
1.813337e-06
2.932437e-06
1.693016e-06
9.366959e-07
