1.053339e-03
7.666170e-04
4.794482e-04
3.121603e-04
4.232473e-04
5.565718e-04
3.449162e-04
1.876742e-04
1.584998e-04
2.335793e-04
3.168149e-04
1.792892e-04
9.468545e-05
7.322065e-05
9.952459e-05
1.295140e-04
6.966799e-05
3.753738e-05
2.789350e-05
3.835958e-05
5.313584e-05
2.900544e-05
1.583862e-05
1.250580e-05
1.889889e-05
2.839893e-05
1.598912e-05
8.799650e-06
7.325702e-06
1.165648e-05
1.804804e-05
1.027108e-05
5.674512e-06
4.811525e-06
7.812688e-06
1.227616e-05
7.021973e-06
3.889684e-06
3.333290e-06
5.477357e-06
8.687578e-06
4.985532e-06
2.766851e-06
2.387418e-06
3.954034e-06
6.312109e-06
3.630834e-06
2.017935e-06
1.750123e-06
2.916256e-06
4.676348e-06
2.695039e-06
1.499404e-06
1.305711e-06
2.184890e-06
3.516825e-06
2.029729e-06
1.130253e-06
9.871503e-07
1.657224e-06
2.675604e-06
1.546039e-06
8.615192e-07
