1.245012e-02
1.216644e-02
1.225360e-02
1.231029e-02
1.241539e-02
1.253648e-02
1.266022e-02
1.277938e-02
1.289108e-02
1.299417e-02
1.308867e-02
1.317501e-02
1.325364e-02
1.332493e-02
1.338916e-02
1.344654e-02
1.349727e-02
1.354152e-02
1.357950e-02
1.361141e-02
1.363745e-02
1.365784e-02
1.367282e-02
1.368260e-02
1.368740e-02
1.368745e-02
1.368295e-02
1.367411e-02
1.366113e-02
1.364420e-02
1.362351e-02
1.359923e-02
1.357153e-02
1.354059e-02
1.350655e-02
1.346957e-02
1.342979e-02
1.338734e-02
1.334237e-02
1.329498e-02
1.324532e-02
1.319348e-02
1.313959e-02
1.308374e-02
1.302604e-02
1.296658e-02
1.290547e-02
1.284278e-02
1.277860e-02
1.271301e-02
1.264610e-02
1.257794e-02
1.250860e-02
1.243814e-02
1.236664e-02
1.229416e-02
1.222076e-02
1.214651e-02
1.207144e-02
1.199563e-02
1.191912e-02
1.184197e-02
1.176422e-02
1.168591e-02
1.160710e-02
1.152782e-02
1.144812e-02
1.136803e-02
1.128760e-02
1.120686e-02
1.112584e-02
1.104459e-02
1.096312e-02
1.088148e-02
1.079970e-02
1.071779e-02
1.063580e-02
1.055375e-02
1.047165e-02
1.038955e-02
1.030746e-02
1.022540e-02
1.014340e-02
1.006147e-02
9.979643e-03
9.897933e-03
9.816358e-03
9.734938e-03
9.653688e-03
9.572625e-03
9.491766e-03
9.411125e-03
9.330717e-03
9.250556e-03
9.170655e-03
9.091027e-03
9.011685e-03
8.932639e-03
8.853902e-03
8.775484e-03
8.697395e-03
8.619645e-03
8.542243e-03
8.465199e-03
8.388520e-03
8.312215e-03
8.236291e-03
8.160757e-03
8.085617e-03
8.010880e-03
7.936552e-03
7.862638e-03
7.789143e-03
7.716074e-03
7.643436e-03
7.571232e-03
7.499467e-03
7.428146e-03
7.357272e-03
7.286849e-03
7.216881e-03
7.147369e-03
7.078318e-03
7.009730e-03
6.941608e-03
6.873953e-03
6.806768e-03
6.740055e-03
6.673815e-03
6.608049e-03
6.542760e-03
6.477948e-03
6.413614e-03
6.349759e-03
6.286384e-03
6.223489e-03
6.161075e-03
6.099141e-03
6.037689e-03
5.976717e-03
5.916226e-03
5.856215e-03
5.796684e-03
5.737633e-03
5.679061e-03
5.620967e-03
5.563351e-03
5.506211e-03
5.449547e-03
5.393357e-03
5.337640e-03
5.282395e-03
5.227621e-03
5.173316e-03
5.119479e-03
5.066108e-03
5.013202e-03
4.960759e-03
4.908776e-03
4.857253e-03
4.806187e-03
4.755577e-03
4.705420e-03
4.655715e-03
4.606459e-03
4.557650e-03
4.509287e-03
4.461366e-03
4.413886e-03
4.366844e-03
4.320238e-03
4.274066e-03
4.228325e-03
4.183013e-03
4.138127e-03
4.093665e-03
4.049624e-03
4.006002e-03
3.962796e-03
3.920004e-03
3.877623e-03
3.835650e-03
3.794084e-03
3.752920e-03
3.712157e-03
3.671791e-03
3.631820e-03
3.592242e-03
3.553054e-03
3.514252e-03
3.475835e-03
3.437798e-03
3.400141e-03
3.362859e-03
3.325951e-03
3.289412e-03
3.253242e-03
3.217436e-03
3.181992e-03
3.146907e-03
3.112179e-03
3.077804e-03
3.043780e-03
3.010105e-03
2.976774e-03
2.943786e-03
2.911138e-03
2.878827e-03
2.846850e-03
2.815205e-03
2.783888e-03
2.752897e-03
2.722230e-03
2.691883e-03
2.661853e-03
2.632139e-03
2.602737e-03
2.573645e-03
2.544860e-03
2.516379e-03
2.488199e-03
2.460319e-03
2.432735e-03
2.405445e-03
2.378445e-03
2.351734e-03
2.325309e-03
2.299167e-03
2.273306e-03
2.247723e-03
2.222416e-03
2.197381e-03
2.172617e-03
2.148121e-03
2.123891e-03
2.099923e-03
2.076216e-03
2.052767e-03
2.029574e-03
2.006633e-03
1.983944e-03
1.961503e-03
1.939308e-03
1.917356e-03
1.895646e-03
1.874175e-03
1.852941e-03
1.831940e-03
1.811172e-03
1.790634e-03
1.770323e-03
1.750237e-03
1.730374e-03
1.710732e-03
1.691309e-03
1.672102e-03
1.653109e-03
1.634329e-03
1.615758e-03
1.597395e-03
1.579238e-03
1.561285e-03
1.543533e-03
1.525981e-03
1.508627e-03
1.491467e-03
1.474502e-03
1.457728e-03
1.441143e-03
1.424746e-03
1.408534e-03
1.392507e-03
1.376661e-03
1.360995e-03
1.345507e-03
1.330195e-03
1.315057e-03
1.300092e-03
1.285298e-03
1.270672e-03
1.256214e-03
1.241921e-03
1.227791e-03
1.213823e-03
1.200016e-03
1.186367e-03
1.172874e-03
1.159537e-03
1.146353e-03
1.133320e-03
1.120438e-03
1.107704e-03
1.095117e-03
1.082676e-03
1.070378e-03
1.058222e-03
1.046207e-03
1.034331e-03
1.022592e-03
1.010990e-03
9.995218e-04
9.881871e-04
9.769840e-04
9.659112e-04
9.549671e-04
9.441503e-04
9.334596e-04
9.228934e-04
9.124504e-04
9.021292e-04
8.919285e-04
8.818470e-04
8.718833e-04
8.620361e-04
8.523041e-04
8.426860e-04
8.331806e-04
8.237866e-04
8.145028e-04
8.053278e-04
7.962606e-04
7.872999e-04
7.784444e-04
7.696931e-04
7.610447e-04
7.524980e-04
7.440520e-04
7.357055e-04
7.274574e-04
7.193065e-04
7.112517e-04
7.032920e-04
6.954263e-04
6.876534e-04
6.799724e-04
6.723823e-04
6.648818e-04
6.574702e-04
6.501462e-04
6.429090e-04
6.357575e-04
6.286907e-04
6.217077e-04
6.148075e-04
6.079892e-04
6.012518e-04
5.945944e-04
5.880161e-04
5.815159e-04
5.750929e-04
5.687464e-04
5.624752e-04
5.562787e-04
5.501560e-04
5.441061e-04
5.381282e-04
5.322216e-04
5.263853e-04
5.206186e-04
5.149206e-04
5.092905e-04
5.037277e-04
4.982311e-04
4.928002e-04
4.874341e-04
4.821321e-04
4.768934e-04
4.717173e-04
4.666030e-04
4.615499e-04
4.565571e-04
4.516241e-04
4.467500e-04
4.419343e-04
4.371761e-04
4.324749e-04
4.278300e-04
4.232407e-04
4.187063e-04
4.142262e-04
4.097998e-04
4.054264e-04
4.011054e-04
3.968361e-04
3.926181e-04
3.884506e-04
3.843330e-04
3.802648e-04
3.762454e-04
3.722743e-04
3.683507e-04
3.644742e-04
3.606442e-04
3.568602e-04
3.531215e-04
3.494278e-04
3.457783e-04
3.421727e-04
3.386103e-04
3.350907e-04
3.316134e-04
3.281778e-04
3.247834e-04
3.214298e-04
3.181165e-04
3.148429e-04
3.116087e-04
3.084133e-04
3.052563e-04
3.021371e-04
2.990555e-04
2.960108e-04
2.930027e-04
2.900308e-04
2.870945e-04
2.841935e-04
2.813273e-04
2.784955e-04
2.756978e-04
2.729336e-04
2.702026e-04
2.675045e-04
2.648387e-04
2.622049e-04
2.596027e-04
2.570317e-04
2.544917e-04
2.519821e-04
2.495026e-04
2.470528e-04
2.446325e-04
2.422412e-04
2.398786e-04
2.375443e-04
2.352380e-04
2.329594e-04
2.307081e-04
2.284837e-04
2.262861e-04
2.241148e-04
2.219694e-04
2.198498e-04
2.177556e-04
2.156865e-04
2.136421e-04
2.116222e-04
2.096265e-04
2.076547e-04
2.057065e-04
2.037815e-04
2.018796e-04
2.000005e-04
1.981438e-04
1.963093e-04
1.944967e-04
1.927057e-04
1.909362e-04
1.891878e-04
1.874602e-04
1.857533e-04
1.840667e-04
1.824002e-04
1.807536e-04
1.791267e-04
1.775191e-04
1.759306e-04
1.743611e-04
1.728103e-04
1.712779e-04
1.697638e-04
1.682676e-04
1.667892e-04
1.653284e-04
1.638850e-04
1.624587e-04
1.610493e-04
1.596566e-04
1.582805e-04
1.569207e-04
1.555770e-04
1.542492e-04
1.529371e-04
1.516405e-04
1.503593e-04
1.490933e-04
1.478422e-04
1.466058e-04
1.453841e-04
1.441768e-04
1.429837e-04
1.418047e-04
1.406396e-04
1.394882e-04
1.383504e-04
1.372259e-04
1.361147e-04
1.350165e-04
1.339313e-04
1.328587e-04
1.317988e-04
1.307512e-04
1.297160e-04
1.286929e-04
1.276817e-04
1.266824e-04
1.256947e-04
1.247186e-04
1.237539e-04
1.228004e-04
1.218581e-04
1.209267e-04
1.200062e-04
1.190964e-04
1.181971e-04
1.173083e-04
1.164299e-04
1.155616e-04
1.147033e-04
1.138550e-04
1.130166e-04
1.121878e-04
1.113686e-04
1.105589e-04
1.097585e-04
1.089673e-04
1.081852e-04
1.074121e-04
1.066480e-04
1.058926e-04
1.051458e-04
1.044077e-04
1.036780e-04
1.029566e-04
1.022435e-04
1.015385e-04
1.008416e-04
1.001526e-04
9.947150e-05
9.879813e-05
9.813241e-05
9.747426e-05
9.682356e-05
9.618025e-05
9.554422e-05
9.491538e-05
9.429364e-05
9.367893e-05
9.307114e-05
9.247019e-05
9.187601e-05
9.128850e-05
9.070758e-05
9.013318e-05
8.956520e-05
8.900358e-05
8.844823e-05
8.789907e-05
8.735604e-05
8.681904e-05
8.628802e-05
8.576288e-05
8.524357e-05
8.473001e-05
8.422213e-05
8.371985e-05
8.322311e-05
8.273184e-05
8.224597e-05
8.176544e-05
8.129018e-05
8.082012e-05
8.035520e-05
7.989536e-05
7.944053e-05
7.899065e-05
7.854566e-05
7.810550e-05
7.767011e-05
7.723943e-05
7.681341e-05
7.639197e-05
7.597508e-05
7.556267e-05
7.515468e-05
7.475107e-05
7.435177e-05
7.395674e-05
7.356592e-05
7.317925e-05
7.279670e-05
7.241820e-05
7.204372e-05
7.167318e-05
7.130656e-05
7.094380e-05
7.058485e-05
7.022966e-05
6.987820e-05
6.953041e-05
6.918624e-05
6.884566e-05
6.850862e-05
6.817507e-05
6.784497e-05
6.751829e-05
6.719497e-05
6.687497e-05
6.655826e-05
6.624480e-05
6.593454e-05
6.562744e-05
6.532347e-05
6.502258e-05
6.472475e-05
6.442993e-05
6.413808e-05
6.384917e-05
6.356316e-05
6.328001e-05
6.299970e-05
6.272218e-05
6.244742e-05
6.217539e-05
6.190606e-05
6.163938e-05
6.137534e-05
6.111388e-05
6.085499e-05
6.059864e-05
6.034478e-05
6.009340e-05
5.984445e-05
5.959792e-05
5.935376e-05
5.911196e-05
5.887248e-05
5.863529e-05
5.840037e-05
5.816769e-05
5.793722e-05
5.770893e-05
5.748279e-05
5.725879e-05
5.703689e-05
5.681707e-05
5.659931e-05
5.638357e-05
5.616983e-05
5.595808e-05
5.574827e-05
5.554040e-05
5.533444e-05
5.513036e-05
5.492814e-05
5.472776e-05
5.452919e-05
5.433242e-05
5.413742e-05
5.394417e-05
5.375264e-05
5.356283e-05
5.337470e-05
5.318824e-05
5.300343e-05
5.282024e-05
5.263866e-05
5.245866e-05
5.228024e-05
5.210336e-05
5.192801e-05
5.175417e-05
5.158183e-05
5.141096e-05
5.124155e-05
5.107358e-05
5.090703e-05
5.074188e-05
5.057813e-05
5.041574e-05
5.025471e-05
5.009502e-05
4.993665e-05
4.977959e-05
4.962381e-05
4.946931e-05
4.931608e-05
4.916408e-05
4.901332e-05
4.886377e-05
4.871542e-05
4.856826e-05
4.842227e-05
4.827743e-05
4.813374e-05
4.799118e-05
4.784974e-05
4.770940e-05
4.757015e-05
4.743198e-05
4.729487e-05
4.715881e-05
4.702380e-05
4.688981e-05
4.675683e-05
4.662486e-05
4.649387e-05
4.636387e-05
4.623483e-05
4.610675e-05
4.597961e-05
4.585341e-05
4.572813e-05
4.560376e-05
4.548029e-05
4.535771e-05
4.523601e-05
4.511518e-05
4.499520e-05
4.487608e-05
4.475780e-05
4.464034e-05
4.452371e-05
4.440788e-05
4.429285e-05
4.417862e-05
4.406517e-05
4.395249e-05
4.384057e-05
4.372941e-05
4.361899e-05
4.350931e-05
4.340036e-05
4.329213e-05
4.318461e-05
4.307780e-05
4.297168e-05
4.286624e-05
4.276149e-05
4.265741e-05
4.255400e-05
4.245124e-05
4.234912e-05
4.224765e-05
4.214682e-05
4.204661e-05
4.194702e-05
4.184804e-05
4.174967e-05
4.165190e-05
4.155472e-05
4.145812e-05
4.136211e-05
4.126666e-05
4.117178e-05
4.107746e-05
4.098369e-05
4.089047e-05
4.079779e-05
4.070564e-05
4.061403e-05
4.052293e-05
4.043235e-05
4.034228e-05
4.025272e-05
4.016366e-05
4.007509e-05
3.998700e-05
3.989941e-05
3.981229e-05
3.972564e-05
3.963946e-05
3.955374e-05
3.946847e-05
3.938366e-05
3.929930e-05
3.921538e-05
3.913189e-05
3.904884e-05
3.896622e-05
3.888402e-05
3.880223e-05
3.872087e-05
3.863991e-05
3.855935e-05
3.847920e-05
3.839944e-05
3.832008e-05
3.824110e-05
3.816251e-05
3.808429e-05
3.800646e-05
3.792899e-05
3.785189e-05
3.777515e-05
3.769878e-05
3.762276e-05
3.754709e-05
3.747178e-05
3.739680e-05
3.732217e-05
3.724788e-05
3.717392e-05
3.710029e-05
3.702699e-05
3.695401e-05
3.688135e-05
3.680902e-05
3.673699e-05
3.666528e-05
3.659387e-05
3.652277e-05
3.645197e-05
3.638146e-05
3.631126e-05
3.624134e-05
3.617172e-05
3.610238e-05
3.603332e-05
3.596455e-05
3.589605e-05
3.582783e-05
3.575989e-05
3.569221e-05
3.562479e-05
3.555765e-05
3.549076e-05
3.542414e-05
3.535777e-05
3.529165e-05
3.522579e-05
3.516018e-05
3.509481e-05
3.502969e-05
3.496481e-05
3.490017e-05
3.483576e-05
3.477160e-05
3.470766e-05
3.464396e-05
3.458049e-05
3.451724e-05
3.445421e-05
3.439141e-05
3.432883e-05
3.426647e-05
3.420432e-05
3.414239e-05
3.408067e-05
3.401916e-05
3.395786e-05
3.389676e-05
3.383587e-05
3.377519e-05
3.371470e-05
3.365441e-05
3.359432e-05
3.353443e-05
3.347473e-05
3.341522e-05
3.335590e-05
3.329677e-05
3.323783e-05
3.317907e-05
3.312050e-05
3.306211e-05
3.300390e-05
3.294587e-05
3.288801e-05
3.283033e-05
3.277283e-05
3.271550e-05
3.265834e-05
3.260136e-05
3.254454e-05
3.248788e-05
3.243140e-05
3.237508e-05
3.231892e-05
3.226292e-05
3.220709e-05
3.215141e-05
3.209589e-05
3.204053e-05
3.198532e-05
3.193027e-05
3.187537e-05
3.182062e-05
3.176603e-05
3.171158e-05
3.165728e-05
3.160313e-05
3.154912e-05
3.149526e-05
3.144154e-05
3.138797e-05
3.133453e-05
3.128124e-05
3.122809e-05
3.117507e-05
3.112219e-05
3.106945e-05
3.101684e-05
3.096437e-05
3.091203e-05
3.085982e-05
3.080775e-05
3.075580e-05
3.070399e-05
3.065230e-05
3.060074e-05
3.054931e-05
3.049800e-05
3.044682e-05
3.039576e-05
3.034482e-05
3.029401e-05
3.024332e-05
3.019275e-05
3.014230e-05
3.009197e-05
3.004176e-05
2.999166e-05
2.994168e-05
2.989182e-05
2.984207e-05
2.979244e-05
2.974292e-05
2.969351e-05
2.964422e-05
2.959503e-05
2.954596e-05
2.949700e-05
2.944815e-05
2.939940e-05
2.935077e-05
2.930224e-05
2.925381e-05
2.920550e-05
2.915729e-05
2.910918e-05
2.906118e-05
2.901328e-05
2.896549e-05
2.891779e-05
2.887020e-05
2.882271e-05
2.877532e-05
2.872803e-05
2.868084e-05
2.863375e-05
2.858676e-05
2.853986e-05
2.849306e-05
2.844636e-05
2.839975e-05
2.835324e-05
2.830683e-05
2.826051e-05
2.821428e-05
2.816815e-05
2.812211e-05
2.807616e-05
2.803030e-05
2.798454e-05
2.793886e-05
2.789328e-05
2.784779e-05
2.780238e-05
2.775707e-05
2.771185e-05
2.766671e-05
2.762166e-05
2.757670e-05
2.753182e-05
2.748704e-05
2.744233e-05
2.739772e-05
2.735319e-05
2.730874e-05
2.726438e-05
2.722010e-05
2.717591e-05
2.713180e-05
2.708777e-05
2.704383e-05
2.699996e-05
2.695618e-05
2.691248e-05
2.686887e-05
2.682533e-05
2.678187e-05
2.673849e-05
2.669520e-05
2.665198e-05
2.660884e-05
2.656578e-05
2.652280e-05
2.647990e-05
2.643707e-05
2.639432e-05
2.635165e-05
2.630905e-05
2.626654e-05
2.622409e-05
2.618173e-05
2.613944e-05
2.609722e-05
2.605508e-05
2.601301e-05
2.597102e-05
2.592910e-05
2.588726e-05
2.584549e-05
2.580379e-05
2.576217e-05
2.572062e-05
2.567914e-05
2.563773e-05
2.559639e-05
2.555513e-05
2.551394e-05
2.547282e-05
2.543176e-05
2.539078e-05
2.534987e-05
2.530904e-05
2.526827e-05
2.522757e-05
2.518693e-05
2.514637e-05
2.510588e-05
2.506546e-05
2.502510e-05
2.498481e-05
2.494459e-05
2.490444e-05
2.486436e-05
2.482434e-05
2.478439e-05
2.474451e-05
2.470469e-05
2.466494e-05
2.462526e-05
2.458564e-05
2.454609e-05
2.450661e-05
2.446719e-05
2.442783e-05
2.438854e-05
2.434932e-05
2.431016e-05
2.427106e-05
2.423203e-05
2.419306e-05
2.415416e-05
2.411532e-05
2.407654e-05
2.403783e-05
2.399918e-05
2.396060e-05
2.392207e-05
2.388361e-05
2.384521e-05
2.380688e-05
2.376860e-05
2.373039e-05
2.369224e-05
2.365415e-05
2.361613e-05
2.357816e-05
2.354026e-05
2.350241e-05
2.346463e-05
2.342691e-05
2.338925e-05
2.335165e-05
2.331411e-05
2.327663e-05
2.323920e-05
2.320184e-05
2.316454e-05
2.312730e-05
2.309012e-05
2.305300e-05
2.301593e-05
2.297893e-05
2.294198e-05
2.290509e-05
2.286826e-05
2.283149e-05
2.279478e-05
2.275813e-05
2.272153e-05
2.268499e-05
2.264851e-05
2.261209e-05
2.257572e-05
2.253941e-05
2.250316e-05
2.246697e-05
2.243083e-05
2.239475e-05
2.235873e-05
2.232276e-05
2.228685e-05
2.225099e-05
2.221519e-05
2.217945e-05
2.214377e-05
2.210813e-05
2.207256e-05
2.203704e-05
2.200158e-05
2.196617e-05
2.193081e-05
2.189552e-05
2.186027e-05
2.182508e-05
2.178995e-05
2.175487e-05
2.171985e-05
2.168488e-05
2.164996e-05
2.161510e-05
2.158029e-05
2.154554e-05
2.151084e-05
2.147620e-05
2.144160e-05
2.140707e-05
2.137258e-05
2.133815e-05
2.130377e-05
2.126945e-05
2.123518e-05
2.120096e-05
2.116679e-05
2.113268e-05
2.109862e-05
2.106461e-05
2.103066e-05
2.099675e-05
2.096290e-05
2.092911e-05
2.089536e-05
2.086167e-05
2.082802e-05
2.079443e-05
2.076090e-05
2.072741e-05
2.069397e-05
2.066059e-05
2.062726e-05
2.059398e-05
2.056075e-05
2.052757e-05
2.049444e-05
2.046136e-05
2.042834e-05
2.039536e-05
2.036244e-05
2.032956e-05
2.029674e-05
2.026397e-05
2.023124e-05
2.019857e-05
2.016595e-05
2.013338e-05
2.010085e-05
2.006838e-05
2.003596e-05
2.000359e-05
1.997126e-05
1.993899e-05
1.990676e-05
1.987459e-05
1.984246e-05
1.981039e-05
1.977836e-05
1.974638e-05
1.971445e-05
1.968257e-05
1.965074e-05
1.961896e-05
1.958722e-05
1.955554e-05
1.952390e-05
1.949231e-05
1.946077e-05
1.942928e-05
1.939784e-05
1.936644e-05
1.933510e-05
1.930380e-05
1.927254e-05
1.924134e-05
1.921019e-05
1.917908e-05
1.914802e-05
1.911700e-05
1.908604e-05
1.905512e-05
1.902425e-05
1.899343e-05
1.896265e-05
1.893192e-05
1.890124e-05
1.887060e-05
1.884001e-05
1.880947e-05
1.877898e-05
1.874853e-05
1.871813e-05
1.868777e-05
1.865746e-05
1.862720e-05
1.859699e-05
1.856682e-05
1.853669e-05
1.850662e-05
1.847658e-05
1.844660e-05
1.841666e-05
1.838712e-05
1.835767e-05
1.832825e-05
1.829888e-05
1.826956e-05
1.824028e-05
1.821104e-05
1.818184e-05
1.815269e-05
1.812358e-05
1.809451e-05
1.806549e-05
1.803651e-05
1.800757e-05
1.797867e-05
1.794982e-05
1.792101e-05
1.789224e-05
1.786351e-05
1.783483e-05
1.780619e-05
1.777759e-05
1.774904e-05
1.772053e-05
1.769206e-05
1.766363e-05
1.763524e-05
1.760690e-05
1.757860e-05
1.755034e-05
1.752212e-05
1.749394e-05
1.746581e-05
1.743772e-05
1.740967e-05
1.738166e-05
1.735369e-05
1.732577e-05
1.729789e-05
1.727004e-05
1.724224e-05
1.721449e-05
1.718677e-05
1.715909e-05
1.713146e-05
1.710387e-05
1.707632e-05
1.704881e-05
1.702134e-05
1.699391e-05
1.696652e-05
1.693918e-05
1.691187e-05
1.688461e-05
1.685739e-05
1.683021e-05
1.680306e-05
1.677596e-05
1.674890e-05
1.672189e-05
1.669491e-05
1.666797e-05
1.664107e-05
1.661422e-05
1.658740e-05
1.656063e-05
1.653389e-05
1.650720e-05
1.648054e-05
1.645393e-05
1.642735e-05
1.640082e-05
1.637432e-05
1.634787e-05
1.632146e-05
1.629508e-05
1.626875e-05
1.624245e-05
1.621620e-05
1.618998e-05
1.616381e-05
1.613767e-05
1.611158e-05
1.608552e-05
1.605950e-05
1.603353e-05
1.600759e-05
1.598169e-05
1.595583e-05
1.593001e-05
1.590423e-05
1.587849e-05
1.585278e-05
1.582712e-05
1.580150e-05
1.577591e-05
1.575036e-05
1.572486e-05
1.569939e-05
1.567396e-05
1.564857e-05
1.562321e-05
1.559790e-05
1.557262e-05
1.554739e-05
1.552219e-05
1.549703e-05
1.547191e-05
1.544682e-05
1.542178e-05
1.539677e-05
1.537180e-05
1.534687e-05
1.532198e-05
1.529712e-05
1.527231e-05
1.524753e-05
1.522279e-05
1.519809e-05
1.517342e-05
1.514879e-05
1.512421e-05
1.509965e-05
1.507514e-05
1.505066e-05
1.502623e-05
1.500182e-05
1.497746e-05
1.495313e-05
1.492884e-05
1.490459e-05
1.488038e-05
1.485620e-05
1.483206e-05
1.480796e-05
1.478389e-05
1.475986e-05
1.473587e-05
1.471191e-05
1.468800e-05
1.466411e-05
1.464027e-05
1.461646e-05
1.459269e-05
1.456896e-05
1.454526e-05
1.452160e-05
1.449797e-05
1.447438e-05
1.445083e-05
1.442731e-05
1.440383e-05
1.438039e-05
1.435698e-05
1.433361e-05
1.431028e-05
1.428698e-05
1.426372e-05
1.424049e-05
1.421730e-05
1.419414e-05
1.417102e-05
1.414794e-05
1.412489e-05
1.410188e-05
1.407890e-05
1.405596e-05
1.403306e-05
1.401019e-05
1.398735e-05
1.396455e-05
1.394179e-05
1.391906e-05
1.389637e-05
1.387371e-05
1.385109e-05
1.382850e-05
1.380595e-05
1.378343e-05
1.376095e-05
1.373850e-05
1.371609e-05
1.369371e-05
1.367137e-05
1.364906e-05
1.362678e-05
1.360454e-05
1.358234e-05
1.356017e-05
1.353803e-05
1.351593e-05
1.349387e-05
1.347183e-05
1.344984e-05
1.342787e-05
1.340594e-05
1.338405e-05
1.336219e-05
1.334036e-05
1.331857e-05
1.329681e-05
1.327508e-05
1.325339e-05
1.323174e-05
1.321011e-05
1.318852e-05
1.316697e-05
1.314544e-05
1.312396e-05
1.310250e-05
1.308108e-05
1.305969e-05
1.303834e-05
1.301702e-05
1.299573e-05
1.297447e-05
1.295325e-05
1.293206e-05
1.291091e-05
1.288979e-05
1.286870e-05
1.284764e-05
1.282662e-05
1.280563e-05
1.278467e-05
1.276375e-05
1.274286e-05
1.272200e-05
1.270118e-05
1.268038e-05
1.265962e-05
1.263889e-05
1.261820e-05
1.259754e-05
1.257691e-05
1.255631e-05
1.253574e-05
1.251521e-05
1.249471e-05
1.247424e-05
1.245380e-05
1.243340e-05
1.241303e-05
1.239269e-05
1.237238e-05
1.235210e-05
1.233186e-05
1.231164e-05
1.229146e-05
1.227132e-05
1.225120e-05
1.223111e-05
1.221106e-05
1.219104e-05
1.217105e-05
1.215109e-05
1.213116e-05
1.211126e-05
1.209140e-05
1.207156e-05
1.205176e-05
1.203199e-05
1.201225e-05
1.199254e-05
1.197286e-05
1.195322e-05
1.193360e-05
1.191402e-05
1.189446e-05
1.187494e-05
1.185545e-05
1.183599e-05
1.181656e-05
1.179716e-05
1.177779e-05
1.175845e-05
1.173914e-05
1.171986e-05
1.170062e-05
1.168140e-05
1.166222e-05
1.164306e-05
1.162393e-05
1.160484e-05
1.158578e-05
1.156674e-05
1.154774e-05
1.152876e-05
1.150982e-05
1.149090e-05
1.147202e-05
1.145317e-05
1.143434e-05
1.141555e-05
1.139678e-05
1.137805e-05
1.135934e-05
1.134067e-05
1.132202e-05
1.130340e-05
1.128482e-05
1.126626e-05
1.124773e-05
1.122924e-05
1.121077e-05
1.119233e-05
1.117392e-05
1.115554e-05
1.113718e-05
1.111886e-05
1.110057e-05
1.108230e-05
1.106407e-05
1.104586e-05
1.102768e-05
1.100954e-05
1.099142e-05
1.097333e-05
1.095526e-05
1.093723e-05
1.091923e-05
1.090125e-05
1.088330e-05
1.086539e-05
1.084750e-05
1.082963e-05
1.081180e-05
1.079400e-05
1.077622e-05
1.075847e-05
1.074075e-05
1.072306e-05
1.070540e-05
1.068776e-05
1.067016e-05
1.065258e-05
1.063503e-05
1.061751e-05
1.060001e-05
1.058254e-05
1.056511e-05
1.054769e-05
1.053031e-05
1.051296e-05
1.049563e-05
1.047833e-05
1.046106e-05
1.044381e-05
1.042660e-05
1.040941e-05
1.039224e-05
1.037511e-05
1.035800e-05
1.034092e-05
1.032387e-05
1.030684e-05
1.028985e-05
1.027288e-05
1.025593e-05
1.023902e-05
1.022213e-05
1.020526e-05
1.018843e-05
1.017162e-05
1.015484e-05
1.013808e-05
1.012136e-05
1.010465e-05
1.008798e-05
1.007133e-05
1.005471e-05
1.003812e-05
1.002155e-05
1.000501e-05
9.988496e-06
9.972008e-06
9.955547e-06
9.939112e-06
9.922703e-06
9.906321e-06
9.889965e-06
9.873635e-06
9.857332e-06
9.841054e-06
9.824803e-06
9.808578e-06
9.792379e-06
9.776206e-06
9.760059e-06
9.743938e-06
9.727843e-06
9.711774e-06
9.695730e-06
9.679712e-06
9.663721e-06
9.647754e-06
9.631814e-06
9.615899e-06
9.600010e-06
9.584146e-06
9.568308e-06
9.552496e-06
9.536708e-06
9.520947e-06
9.505210e-06
9.489499e-06
9.473813e-06
9.458153e-06
9.442518e-06
9.426908e-06
9.411323e-06
9.395763e-06
9.380228e-06
9.364718e-06
9.349234e-06
9.333774e-06
9.318339e-06
9.302929e-06
9.287544e-06
9.272184e-06
9.256848e-06
9.241538e-06
9.226252e-06
9.210990e-06
9.195753e-06
9.180541e-06
9.165354e-06
9.150191e-06
9.135052e-06
9.119938e-06
9.104848e-06
9.089783e-06
9.074742e-06
9.059725e-06
9.044732e-06
9.029764e-06
9.014820e-06
8.999900e-06
8.985004e-06
8.970132e-06
8.955285e-06
8.940461e-06
8.925661e-06
8.910886e-06
8.896134e-06
8.881406e-06
8.866701e-06
8.852021e-06
8.837364e-06
8.822731e-06
8.808122e-06
8.793536e-06
8.778974e-06
8.764436e-06
8.749921e-06
8.735430e-06
8.720962e-06
8.706517e-06
8.692096e-06
8.677698e-06
8.663324e-06
8.648973e-06
8.634645e-06
8.620340e-06
8.606059e-06
8.591801e-06
8.577565e-06
8.563353e-06
8.549164e-06
8.534998e-06
8.520855e-06
8.506735e-06
8.492638e-06
8.478563e-06
8.464512e-06
8.450483e-06
8.436477e-06
8.422494e-06
8.408533e-06
8.394595e-06
8.380680e-06
8.366787e-06
8.352917e-06
8.339070e-06
8.325244e-06
8.311442e-06
8.297662e-06
8.283904e-06
8.270168e-06
8.256455e-06
8.242764e-06
8.229095e-06
8.215449e-06
8.201825e-06
8.188223e-06
8.174643e-06
8.161085e-06
8.147549e-06
8.134035e-06
8.120543e-06
8.107073e-06
8.093625e-06
8.080199e-06
8.066795e-06
8.053412e-06
8.040052e-06
8.026713e-06
8.013396e-06
8.000100e-06
7.986826e-06
7.973574e-06
7.960343e-06
7.947134e-06
7.933946e-06
7.920780e-06
7.907635e-06
7.894512e-06
7.881410e-06
7.868329e-06
7.855270e-06
7.842232e-06
7.829215e-06
7.816220e-06
7.803246e-06
7.790292e-06
7.777360e-06
7.764449e-06
7.751559e-06
7.738690e-06
7.725842e-06
7.713015e-06
7.700209e-06
7.687424e-06
7.674660e-06
7.661916e-06
7.649194e-06
7.636492e-06
7.623811e-06
7.611150e-06
7.598510e-06
7.585891e-06
7.573293e-06
7.560715e-06
7.548157e-06
7.535620e-06
7.523104e-06
7.510608e-06
7.498132e-06
7.485677e-06
7.473242e-06
7.460827e-06
7.448433e-06
7.436059e-06
7.423705e-06
7.411372e-06
7.399058e-06
7.386765e-06
7.374492e-06
7.362238e-06
7.350005e-06
7.337792e-06
7.325599e-06
7.313426e-06
7.301273e-06
7.289139e-06
7.277026e-06
7.264932e-06
7.252858e-06
7.240804e-06
7.228769e-06
7.216755e-06
7.204759e-06
7.192784e-06
7.180828e-06
7.168892e-06
7.156975e-06
7.145078e-06
7.133200e-06
7.121342e-06
7.109503e-06
7.097684e-06
7.085883e-06
7.074103e-06
7.062341e-06
7.050599e-06
7.038876e-06
7.027172e-06
7.015488e-06
7.003822e-06
6.992176e-06
6.980549e-06
6.968941e-06
6.957352e-06
6.945782e-06
6.934231e-06
6.922698e-06
6.911185e-06
6.899691e-06
6.888215e-06
6.876759e-06
6.865321e-06
6.853902e-06
6.842501e-06
6.831119e-06
6.819756e-06
6.808412e-06
6.797086e-06
6.785779e-06
6.774491e-06
6.763221e-06
6.751969e-06
6.740736e-06
6.729521e-06
6.718325e-06
6.707147e-06
6.695988e-06
6.684847e-06
6.673724e-06
6.662619e-06
6.651533e-06
6.640465e-06
6.629415e-06
6.618383e-06
6.607370e-06
6.596374e-06
6.585397e-06
6.574438e-06
6.563496e-06
6.552573e-06
6.541667e-06
6.530780e-06
6.519910e-06
6.509059e-06
6.498225e-06
6.487409e-06
6.476611e-06
6.465830e-06
6.455067e-06
6.444322e-06
6.433595e-06
6.422885e-06
6.412193e-06
6.401519e-06
6.390862e-06
6.380222e-06
6.369601e-06
6.358996e-06
6.348409e-06
6.337840e-06
6.327288e-06
6.316753e-06
6.306236e-06
6.295736e-06
6.285253e-06
6.274787e-06
6.264339e-06
6.253908e-06
6.243494e-06
6.233098e-06
6.222718e-06
6.212356e-06
6.202010e-06
6.191682e-06
6.181371e-06
6.171076e-06
6.160799e-06
6.150539e-06
6.140295e-06
6.130069e-06
6.119859e-06
6.109666e-06
6.099490e-06
6.089331e-06
6.079188e-06
6.069062e-06
6.058953e-06
6.048861e-06
6.038785e-06
6.028726e-06
6.018683e-06
6.008657e-06
5.998648e-06
5.988655e-06
5.978679e-06
5.968719e-06
5.958775e-06
5.948848e-06
5.938937e-06
5.929043e-06
5.919165e-06
5.909303e-06
5.899458e-06
5.889629e-06
5.879816e-06
5.870019e-06
5.860238e-06
5.850474e-06
5.840726e-06
5.830994e-06
5.821277e-06
5.811577e-06
5.801893e-06
5.792225e-06
5.782573e-06
5.772937e-06
5.763317e-06
5.753713e-06
5.744124e-06
5.734552e-06
5.724995e-06
5.715454e-06
5.705929e-06
5.696420e-06
5.686926e-06
5.677448e-06
5.667986e-06
5.658539e-06
5.649108e-06
5.639693e-06
5.630293e-06
5.620909e-06
5.611540e-06
5.602187e-06
5.592849e-06
5.583526e-06
5.574220e-06
5.564928e-06
5.555652e-06
5.546391e-06
5.537146e-06
5.527915e-06
5.518701e-06
5.509501e-06
5.500317e-06
5.491147e-06
5.481993e-06
5.472854e-06
5.463731e-06
5.454622e-06
5.445529e-06
5.436450e-06
5.427387e-06
5.418338e-06
5.409305e-06
5.400286e-06
5.391283e-06
5.382294e-06
5.373320e-06
5.364362e-06
5.355418e-06
5.346488e-06
5.337574e-06
5.328674e-06
5.319790e-06
5.310919e-06
5.302064e-06
5.293223e-06
5.284397e-06
5.275586e-06
5.266789e-06
5.258006e-06
5.249239e-06
5.240486e-06
5.231747e-06
5.223023e-06
5.214313e-06
5.205618e-06
5.196937e-06
5.188270e-06
5.179618e-06
5.170981e-06
5.162357e-06
5.153748e-06
5.145153e-06
5.136573e-06
5.128007e-06
5.119455e-06
5.110917e-06
5.102393e-06
5.093883e-06
5.085388e-06
5.076907e-06
5.068439e-06
5.059986e-06
5.051547e-06
5.043122e-06
5.034711e-06
5.026314e-06
5.017930e-06
5.009561e-06
5.001205e-06
4.992864e-06
4.984536e-06
4.976222e-06
4.967922e-06
4.959636e-06
4.951363e-06
4.943105e-06
4.934860e-06
4.926628e-06
4.918411e-06
4.910207e-06
4.902016e-06
4.893839e-06
4.885676e-06
4.877527e-06
4.869391e-06
4.861268e-06
4.853159e-06
4.845063e-06
4.836981e-06
4.828913e-06
4.820857e-06
4.812815e-06
4.804787e-06
4.796772e-06
4.788770e-06
4.780781e-06
4.772806e-06
4.764844e-06
4.756895e-06
4.748960e-06
4.741038e-06
4.733129e-06
4.725233e-06
4.717350e-06
4.709480e-06
4.701623e-06
4.693780e-06
4.685949e-06
4.678132e-06
4.670327e-06
4.662536e-06
4.654757e-06
4.646992e-06
4.639239e-06
4.631499e-06
4.623773e-06
4.616059e-06
4.608357e-06
4.600669e-06
4.592994e-06
4.585331e-06
4.577681e-06
4.570044e-06
4.562419e-06
4.554807e-06
4.547208e-06
4.539622e-06
4.532048e-06
4.524486e-06
4.516938e-06
4.509402e-06
4.501878e-06
4.494367e-06
4.486869e-06
4.479383e-06
4.471909e-06
4.464448e-06
4.456999e-06
4.449563e-06
4.442139e-06
4.434728e-06
4.427329e-06
4.419942e-06
4.412567e-06
4.405205e-06
4.397855e-06
4.390518e-06
4.383192e-06
4.375879e-06
4.368578e-06
4.361289e-06
4.354012e-06
4.346748e-06
4.339495e-06
4.332255e-06
4.325027e-06
4.317810e-06
4.310606e-06
4.303414e-06
4.296234e-06
4.289066e-06
4.281909e-06
4.274765e-06
4.267633e-06
4.260512e-06
4.253403e-06
4.246307e-06
4.239222e-06
4.232149e-06
4.225087e-06
4.218038e-06
4.211000e-06
4.203974e-06
4.196960e-06
4.189957e-06
4.182966e-06
4.175987e-06
4.169019e-06
4.162063e-06
4.155119e-06
4.148186e-06
4.141265e-06
4.134355e-06
4.127457e-06
4.120571e-06
4.113696e-06
4.106832e-06
4.099980e-06
4.093139e-06
4.086310e-06
4.079492e-06
4.072686e-06
4.065891e-06
4.059107e-06
4.052334e-06
4.045573e-06
4.038823e-06
4.032085e-06
4.025357e-06
4.018641e-06
4.011937e-06
4.005243e-06
3.998560e-06
3.991889e-06
3.985229e-06
3.978580e-06
3.971942e-06
3.965315e-06
3.958700e-06
3.952095e-06
3.945501e-06
3.938919e-06
3.932347e-06
3.925786e-06
3.919237e-06
3.912698e-06
3.906170e-06
3.899653e-06
3.893147e-06
3.886652e-06
3.880168e-06
3.873694e-06
3.867232e-06
3.860780e-06
3.854339e-06
3.847909e-06
3.841489e-06
3.835081e-06
3.828683e-06
3.822295e-06
3.815919e-06
3.809553e-06
3.803197e-06
3.796853e-06
3.790518e-06
3.784195e-06
3.777882e-06
3.771580e-06
3.765288e-06
3.759007e-06
3.752736e-06
3.746476e-06
3.740226e-06
3.733986e-06
3.727758e-06
3.721539e-06
3.715331e-06
3.709133e-06
3.702946e-06
3.696769e-06
3.690602e-06
3.684446e-06
3.678300e-06
3.672164e-06
3.666039e-06
3.659924e-06
3.653819e-06
3.647724e-06
3.641640e-06
3.635565e-06
3.629501e-06
3.623447e-06
3.617403e-06
3.611369e-06
3.605346e-06
3.599332e-06
3.593329e-06
3.587335e-06
3.581352e-06
3.575378e-06
3.569415e-06
3.563462e-06
3.557518e-06
3.551585e-06
3.545661e-06
3.539748e-06
3.533844e-06
3.527950e-06
3.522066e-06
3.516192e-06
3.510328e-06
3.504473e-06
3.498629e-06
3.492794e-06
3.486969e-06
3.481154e-06
3.475348e-06
3.469552e-06
3.463766e-06
3.457990e-06
3.452223e-06
3.446466e-06
3.440718e-06
3.434981e-06
3.429253e-06
3.423534e-06
3.417825e-06
3.412126e-06
3.406436e-06
3.400755e-06
3.395085e-06
3.389423e-06
3.383772e-06
3.378129e-06
3.372496e-06
3.366873e-06
3.361259e-06
3.355654e-06
3.350059e-06
3.344474e-06
3.338897e-06
3.333330e-06
3.327772e-06
3.322224e-06
3.316685e-06
3.311155e-06
3.305634e-06
3.300123e-06
3.294621e-06
3.289128e-06
3.283645e-06
3.278170e-06
3.272705e-06
3.267249e-06
3.261802e-06
3.256364e-06
3.250936e-06
3.245516e-06
3.240106e-06
3.234704e-06
3.229312e-06
3.223929e-06
3.218555e-06
3.213189e-06
3.207833e-06
3.202486e-06
3.197148e-06
3.191818e-06
3.186498e-06
3.181187e-06
3.175884e-06
3.170591e-06
3.165306e-06
3.160030e-06
3.154763e-06
3.149505e-06
3.144256e-06
3.139015e-06
3.133783e-06
3.128561e-06
3.123346e-06
3.118141e-06
3.112944e-06
3.107756e-06
3.102577e-06
3.097407e-06
3.092245e-06
3.087092e-06
3.081947e-06
3.076811e-06
3.071684e-06
3.066565e-06
3.061455e-06
3.056354e-06
3.051261e-06
3.046176e-06
3.041101e-06
3.036033e-06
3.030975e-06
3.025924e-06
3.020883e-06
3.015849e-06
3.010824e-06
3.005808e-06
3.000800e-06
2.995800e-06
2.990809e-06
2.985826e-06
2.980852e-06
2.975886e-06
2.970928e-06
2.965979e-06
2.961037e-06
2.956105e-06
2.951180e-06
2.946264e-06
2.941356e-06
2.936456e-06
2.931565e-06
2.926681e-06
2.921806e-06
2.916940e-06
2.912081e-06
2.907230e-06
2.902388e-06
2.897554e-06
2.892728e-06
2.887910e-06
2.883100e-06
2.878298e-06
2.873504e-06
2.868718e-06
2.863941e-06
2.859171e-06
2.854410e-06
2.849656e-06
2.844910e-06
2.840173e-06
2.835443e-06
2.830721e-06
2.826008e-06
2.821302e-06
2.816604e-06
2.811914e-06
2.807232e-06
2.802557e-06
2.797891e-06
2.793233e-06
2.788582e-06
2.783939e-06
2.779304e-06
2.774676e-06
2.770057e-06
2.765445e-06
2.760841e-06
2.756245e-06
2.751656e-06
2.747076e-06
2.742503e-06
2.737937e-06
2.733379e-06
2.728829e-06
2.724287e-06
2.719752e-06
2.715225e-06
2.710705e-06
2.706194e-06
2.701689e-06
2.697192e-06
2.692703e-06
2.688222e-06
2.683748e-06
2.679281e-06
2.674822e-06
2.670370e-06
2.665926e-06
2.661490e-06
2.657061e-06
2.652639e-06
2.648225e-06
2.643818e-06
2.639419e-06
2.635027e-06
2.630642e-06
2.626265e-06
2.621895e-06
2.617532e-06
2.613177e-06
2.608829e-06
2.604489e-06
2.600156e-06
2.595830e-06
2.591511e-06
2.587200e-06
2.582896e-06
2.578599e-06
2.574309e-06
2.570027e-06
2.565752e-06
2.561484e-06
2.557223e-06
2.552969e-06
2.548723e-06
2.544483e-06
2.540251e-06
2.536026e-06
2.531808e-06
2.527597e-06
2.523394e-06
2.519197e-06
2.515007e-06
2.510825e-06
2.506649e-06
2.502481e-06
2.498319e-06
2.494165e-06
2.490017e-06
2.485877e-06
2.481743e-06
2.477617e-06
2.473497e-06
2.469385e-06
2.465279e-06
2.461180e-06
2.457088e-06
2.453003e-06
2.448925e-06
2.444854e-06
2.440789e-06
2.436732e-06
2.432681e-06
2.428637e-06
2.424600e-06
2.420570e-06
2.416546e-06
2.412529e-06
2.408519e-06
2.404516e-06
2.400520e-06
2.396530e-06
2.392547e-06
2.388571e-06
2.384601e-06
2.380638e-06
2.376682e-06
2.372732e-06
2.368789e-06
2.364853e-06
2.360923e-06
2.357000e-06
2.353084e-06
2.349174e-06
2.345271e-06
2.341374e-06
2.337484e-06
2.333600e-06
2.329723e-06
2.325853e-06
2.321989e-06
2.318132e-06
2.314281e-06
2.310436e-06
2.306598e-06
2.302767e-06
2.298942e-06
2.295123e-06
2.291311e-06
2.287505e-06
2.283706e-06
2.279913e-06
2.276126e-06
2.272346e-06
2.268573e-06
2.264805e-06
2.261044e-06
2.257289e-06
2.253541e-06
2.249799e-06
2.246063e-06
2.242334e-06
2.238610e-06
2.234894e-06
2.231183e-06
2.227479e-06
2.223780e-06
2.220088e-06
2.216403e-06
2.212723e-06
2.209050e-06
2.205383e-06
2.201722e-06
2.198067e-06
2.194419e-06
2.190776e-06
2.187140e-06
2.183510e-06
2.179886e-06
2.176268e-06
2.172656e-06
2.169050e-06
2.165451e-06
2.161857e-06
2.158270e-06
2.154688e-06
2.151113e-06
2.147543e-06
2.143980e-06
2.140423e-06
2.136871e-06
2.133326e-06
2.129787e-06
2.126253e-06
2.122726e-06
2.119204e-06
2.115689e-06
2.112179e-06
2.108675e-06
2.105177e-06
2.101685e-06
2.098199e-06
2.094719e-06
2.091245e-06
2.087776e-06
2.084314e-06
2.080857e-06
2.077406e-06
2.073961e-06
2.070522e-06
2.067088e-06
2.063661e-06
2.060239e-06
2.056823e-06
2.053412e-06
2.050008e-06
2.046609e-06
2.043215e-06
2.039828e-06
2.036446e-06
2.033070e-06
2.029700e-06
2.026335e-06
2.022976e-06
2.019623e-06
2.016276e-06
2.012934e-06
2.009597e-06
2.006266e-06
2.002941e-06
1.999622e-06
1.996308e-06
1.993000e-06
1.989697e-06
1.986400e-06
1.983108e-06
1.979822e-06
1.976542e-06
1.973267e-06
1.969997e-06
1.966733e-06
1.963475e-06
1.960222e-06
1.956975e-06
1.953733e-06
1.950496e-06
1.947265e-06
1.944040e-06
1.940820e-06
1.937605e-06
1.934396e-06
1.931192e-06
1.927994e-06
1.924800e-06
1.921613e-06
1.918431e-06
1.915254e-06
1.912082e-06
1.908916e-06
1.905755e-06
1.902600e-06
1.899449e-06
1.896305e-06
1.893165e-06
1.890031e-06
1.886902e-06
1.883778e-06
1.880660e-06
1.877546e-06
1.874439e-06
1.871336e-06
1.868239e-06
1.865146e-06
1.862059e-06
1.858978e-06
1.855901e-06
1.852830e-06
1.849763e-06
1.846702e-06
1.843647e-06
1.840596e-06
1.837550e-06
1.834510e-06
1.831475e-06
1.828445e-06
1.825420e-06
1.822400e-06
1.819385e-06
1.816375e-06
1.813370e-06
1.810371e-06
1.807376e-06
1.804387e-06
1.801402e-06
1.798423e-06
1.795449e-06
1.792479e-06
1.789515e-06
1.786556e-06
1.783601e-06
1.780652e-06
1.777708e-06
1.774768e-06
1.771834e-06
1.768904e-06
1.765980e-06
1.763060e-06
1.760146e-06
1.757236e-06
1.754331e-06
1.751431e-06
1.748536e-06
1.745646e-06
1.742761e-06
1.739880e-06
1.737005e-06
1.734134e-06
1.731268e-06
1.728407e-06
1.725551e-06
1.722700e-06
1.719853e-06
1.717011e-06
1.714175e-06
1.711342e-06
1.708515e-06
1.705692e-06
1.702875e-06
1.700062e-06
1.697253e-06
1.694450e-06
1.691651e-06
1.688857e-06
1.686067e-06
1.683283e-06
1.680503e-06
1.677727e-06
1.674957e-06
1.672191e-06
1.669430e-06
1.666673e-06
1.663921e-06
1.661174e-06
1.658431e-06
1.655693e-06
1.652960e-06
1.650231e-06
1.647507e-06
1.644787e-06
1.642072e-06
1.639362e-06
1.636656e-06
1.633955e-06
1.631258e-06
1.628566e-06
1.625878e-06
1.623195e-06
1.620517e-06
1.617843e-06
1.615173e-06
1.612508e-06
1.609848e-06
1.607192e-06
1.604540e-06
1.601893e-06
1.599251e-06
1.596613e-06
1.593979e-06
1.591350e-06
1.588725e-06
1.586105e-06
1.583489e-06
1.580878e-06
1.578270e-06
1.575668e-06
1.573070e-06
1.570476e-06
1.567886e-06
1.565301e-06
1.562720e-06
1.560144e-06
1.557572e-06
1.555004e-06
1.552441e-06
1.549882e-06
1.547327e-06
1.544777e-06
1.542230e-06
1.539689e-06
1.537151e-06
1.534618e-06
1.532089e-06
1.529564e-06
1.527044e-06
1.524528e-06
1.522016e-06
1.519508e-06
1.517005e-06
1.514506e-06
1.512179e-06
1.510062e-06
1.507949e-06
1.505839e-06
1.503732e-06
1.501628e-06
1.499528e-06
1.497431e-06
1.495338e-06
1.493248e-06
1.491161e-06
1.489077e-06
1.486997e-06
1.484919e-06
1.482845e-06
1.480775e-06
1.478708e-06
1.476643e-06
1.474583e-06
1.472525e-06
1.470471e-06
1.468419e-06
1.466371e-06
1.464327e-06
1.462285e-06
1.460247e-06
1.458212e-06
1.456180e-06
1.454151e-06
1.452126e-06
1.450103e-06
1.448084e-06
1.446068e-06
1.444055e-06
1.442046e-06
1.440039e-06
1.438036e-06
1.436036e-06
1.434039e-06
1.432045e-06
1.430054e-06
1.428066e-06
1.426082e-06
1.424100e-06
1.422122e-06
1.420147e-06
1.418174e-06
1.416205e-06
1.414239e-06
1.412277e-06
1.410317e-06
1.408360e-06
1.406406e-06
1.404456e-06
1.402508e-06
1.400564e-06
1.398622e-06
1.396684e-06
1.394749e-06
1.392816e-06
1.390887e-06
1.388961e-06
1.387038e-06
1.385117e-06
1.383200e-06
1.381286e-06
1.379375e-06
1.377467e-06
1.375561e-06
1.373659e-06
1.371760e-06
1.369864e-06
1.367970e-06
1.366080e-06
1.364193e-06
1.362308e-06
1.360427e-06
1.358548e-06
1.356673e-06
1.354800e-06
1.352930e-06
1.351063e-06
1.349200e-06
1.347339e-06
1.345481e-06
1.343625e-06
1.341773e-06
1.339924e-06
1.338077e-06
1.336234e-06
1.334393e-06
1.332555e-06
1.330720e-06
1.328888e-06
1.327059e-06
1.325233e-06
1.323409e-06
1.321589e-06
1.319771e-06
1.317956e-06
1.316144e-06
1.314335e-06
1.312528e-06
1.310725e-06
1.308924e-06
1.307126e-06
1.305331e-06
1.303538e-06
1.301749e-06
1.299962e-06
1.298178e-06
1.296397e-06
1.294618e-06
1.292843e-06
1.291070e-06
1.289300e-06
1.287532e-06
1.285768e-06
1.284006e-06
1.282247e-06
1.280491e-06
1.278737e-06
1.276986e-06
1.275238e-06
1.273493e-06
1.271750e-06
1.270010e-06
1.268273e-06
1.266538e-06
1.264807e-06
1.263077e-06
1.261351e-06
1.259627e-06
1.257906e-06
1.256188e-06
1.254472e-06
1.252759e-06
1.251049e-06
1.249341e-06
1.247636e-06
1.245934e-06
1.244234e-06
1.242537e-06
1.240843e-06
1.239151e-06
1.237462e-06
1.235775e-06
1.234091e-06
1.232410e-06
1.230731e-06
1.229055e-06
1.227382e-06
1.225711e-06
1.224043e-06
1.222377e-06
1.220714e-06
1.219054e-06
1.217396e-06
1.215741e-06
1.214088e-06
1.212438e-06
1.210790e-06
1.209145e-06
1.207503e-06
1.205863e-06
1.204226e-06
1.202591e-06
1.200959e-06
1.199329e-06
1.197702e-06
1.196077e-06
1.194455e-06
1.192835e-06
1.191218e-06
1.189604e-06
1.187992e-06
1.186382e-06
1.184775e-06
1.183171e-06
1.181568e-06
1.179969e-06
1.178372e-06
1.176777e-06
1.175185e-06
1.173595e-06
1.172008e-06
1.170423e-06
1.168841e-06
1.167261e-06
1.165684e-06
1.164109e-06
1.162537e-06
1.160966e-06
1.159399e-06
1.157834e-06
1.156271e-06
1.154711e-06
1.153153e-06
1.151597e-06
1.150044e-06
1.148494e-06
1.146945e-06
1.145399e-06
1.143856e-06
1.142315e-06
1.140776e-06
1.139240e-06
1.137706e-06
1.136174e-06
1.134645e-06
1.133118e-06
1.131594e-06
1.130072e-06
1.128552e-06
1.127035e-06
1.125520e-06
1.124007e-06
1.122497e-06
1.120989e-06
1.119483e-06
1.117980e-06
1.116479e-06
1.114980e-06
1.113484e-06
1.111990e-06
1.110498e-06
1.109009e-06
1.107522e-06
1.106037e-06
1.104554e-06
1.103074e-06
1.101596e-06
1.100120e-06
1.098647e-06
1.097176e-06
1.095707e-06
1.094241e-06
1.092776e-06
1.091314e-06
1.089854e-06
1.088397e-06
1.086942e-06
1.085489e-06
1.084038e-06
1.082589e-06
1.081143e-06
1.079699e-06
1.078257e-06
1.076818e-06
1.075380e-06
1.073945e-06
1.072512e-06
1.071081e-06
1.069653e-06
1.068227e-06
1.066802e-06
1.065381e-06
1.063961e-06
1.062543e-06
1.061128e-06
1.059715e-06
1.058304e-06
1.056895e-06
1.055488e-06
1.054084e-06
1.052682e-06
1.051281e-06
1.049883e-06
1.048488e-06
1.047094e-06
1.045702e-06
1.044313e-06
1.042926e-06
1.041541e-06
1.040158e-06
1.038777e-06
1.037398e-06
1.036021e-06
1.034647e-06
1.033275e-06
1.031904e-06
1.030536e-06
1.029170e-06
1.027806e-06
1.026444e-06
1.025085e-06
1.023727e-06
1.022371e-06
1.021018e-06
1.019666e-06
1.018317e-06
1.016970e-06
1.015625e-06
1.014282e-06
1.012941e-06
1.011602e-06
1.010265e-06
1.008930e-06
1.007597e-06
1.006266e-06
1.004938e-06
1.003611e-06
1.002286e-06
1.000964e-06
9.996430e-07
9.983245e-07
9.970079e-07
9.956934e-07
9.943810e-07
9.930705e-07
9.917620e-07
9.904556e-07
9.891511e-07
9.878487e-07
9.865482e-07
9.852498e-07
9.839533e-07
9.826589e-07
9.813664e-07
9.800759e-07
9.787873e-07
9.775008e-07
9.762162e-07
9.749336e-07
9.736530e-07
9.723743e-07
9.710976e-07
9.698228e-07
9.685500e-07
9.672791e-07
9.660102e-07
9.647432e-07
9.634782e-07
9.622151e-07
9.609540e-07
9.596947e-07
9.584374e-07
9.571821e-07
9.559286e-07
9.546771e-07
9.534275e-07
9.521797e-07
9.509339e-07
9.496901e-07
9.484481e-07
9.472080e-07
9.459698e-07
9.447335e-07
9.434991e-07
9.422665e-07
9.410359e-07
9.398071e-07
9.385803e-07
9.373553e-07
9.361321e-07
9.349109e-07
9.336915e-07
9.324739e-07
9.312583e-07
9.300444e-07
9.288325e-07
9.276224e-07
9.264141e-07
9.252077e-07
9.240031e-07
9.228004e-07
9.215995e-07
9.204004e-07
9.192031e-07
9.180077e-07
9.168141e-07
9.156224e-07
9.144324e-07
9.132443e-07
9.120579e-07
9.108734e-07
9.096907e-07
9.085098e-07
9.073307e-07
9.061534e-07
9.049779e-07
9.038041e-07
9.026322e-07
9.014620e-07
9.002937e-07
8.991271e-07
8.979623e-07
8.967992e-07
8.956380e-07
8.944785e-07
8.933207e-07
8.921648e-07
8.910105e-07
8.898581e-07
8.887074e-07
8.875584e-07
8.864112e-07
8.852658e-07
8.841221e-07
8.829801e-07
8.818398e-07
8.807013e-07
8.795646e-07
8.784295e-07
8.772962e-07
8.761646e-07
8.750347e-07
8.739065e-07
8.727801e-07
8.716554e-07
8.705323e-07
8.694110e-07
8.682914e-07
8.671735e-07
8.660572e-07
8.649427e-07
8.638299e-07
8.627187e-07
8.616093e-07
8.605015e-07
8.593954e-07
8.582910e-07
8.571882e-07
8.560872e-07
8.549878e-07
8.538900e-07
8.527940e-07
8.516996e-07
8.506068e-07
8.495157e-07
8.484263e-07
8.473385e-07
8.462524e-07
8.451679e-07
8.440851e-07
8.430039e-07
8.419243e-07
8.408464e-07
8.397701e-07
8.386954e-07
8.376223e-07
8.365509e-07
8.354811e-07
8.344130e-07
8.333464e-07
8.322814e-07
