1.079871e-02
1.150501e-02
1.149073e-02
1.195652e-02
1.224284e-02
1.252853e-02
1.267152e-02
1.276034e-02
1.284077e-02
1.291762e-02
1.298921e-02
1.305593e-02
1.311868e-02
1.317781e-02
1.323312e-02
1.328414e-02
1.333044e-02
1.337163e-02
1.340747e-02
1.343782e-02
1.346264e-02
1.348197e-02
1.349593e-02
1.350466e-02
1.350836e-02
1.350721e-02
1.350144e-02
1.349126e-02
1.347687e-02
1.345848e-02
1.343629e-02
1.341049e-02
1.338127e-02
1.334880e-02
1.331324e-02
1.327475e-02
1.323349e-02
1.318959e-02
1.314320e-02
1.309443e-02
1.304342e-02
1.299027e-02
1.293511e-02
1.287803e-02
1.281914e-02
1.275854e-02
1.269631e-02
1.263255e-02
1.256734e-02
1.250076e-02
1.243289e-02
1.236380e-02
1.229357e-02
1.222226e-02
1.214994e-02
1.207667e-02
1.200252e-02
1.192753e-02
1.185178e-02
1.177530e-02
1.169816e-02
1.162039e-02
1.154206e-02
1.146320e-02
1.138385e-02
1.130407e-02
1.122389e-02
1.114336e-02
1.106249e-02
1.098135e-02
1.089995e-02
1.081833e-02
1.073653e-02
1.065458e-02
1.057250e-02
1.049032e-02
1.040807e-02
1.032578e-02
1.024348e-02
1.016118e-02
1.007891e-02
9.996692e-03
9.914550e-03
9.832502e-03
9.750570e-03
9.668771e-03
9.587125e-03
9.505649e-03
9.424359e-03
9.343273e-03
9.262405e-03
9.181770e-03
9.101382e-03
9.021256e-03
8.941404e-03
8.861839e-03
8.782572e-03
8.703616e-03
8.624980e-03
8.546676e-03
8.468713e-03
8.391101e-03
8.313849e-03
8.236965e-03
8.160458e-03
8.084335e-03
8.008605e-03
7.933273e-03
7.858347e-03
7.783833e-03
7.709737e-03
7.636064e-03
7.562820e-03
7.490011e-03
7.417640e-03
7.345712e-03
7.274232e-03
7.203202e-03
7.132628e-03
7.062512e-03
6.992858e-03
6.923668e-03
6.854945e-03
6.786691e-03
6.718910e-03
6.651602e-03
6.584770e-03
6.518415e-03
6.452540e-03
6.387144e-03
6.322230e-03
6.257798e-03
6.193849e-03
6.130384e-03
6.067404e-03
6.004908e-03
5.942896e-03
5.881370e-03
5.820329e-03
5.759772e-03
5.699700e-03
5.640111e-03
5.581006e-03
5.522384e-03
5.464244e-03
5.406586e-03
5.349407e-03
5.292708e-03
5.236487e-03
5.180743e-03
5.125474e-03
5.070680e-03
5.016359e-03
4.962509e-03
4.909128e-03
4.856216e-03
4.803770e-03
4.751788e-03
4.700269e-03
4.649211e-03
4.598611e-03
4.548469e-03
4.498781e-03
4.449545e-03
4.400760e-03
4.352423e-03
4.304532e-03
4.257084e-03
4.210078e-03
4.163511e-03
4.117380e-03
4.071684e-03
4.026419e-03
3.981583e-03
3.937173e-03
3.893188e-03
3.849624e-03
3.806479e-03
3.763750e-03
3.721435e-03
3.679531e-03
3.638035e-03
3.596944e-03
3.556257e-03
3.515969e-03
3.476079e-03
3.436584e-03
3.397480e-03
3.358766e-03
3.320437e-03
3.282493e-03
3.244929e-03
3.207743e-03
3.170932e-03
3.134494e-03
3.098425e-03
3.062723e-03
3.027384e-03
2.992407e-03
2.957788e-03
2.923524e-03
2.889614e-03
2.856052e-03
2.822838e-03
2.789968e-03
2.757440e-03
2.725250e-03
2.693396e-03
2.661875e-03
2.630684e-03
2.599821e-03
2.569282e-03
2.539066e-03
2.509168e-03
2.479587e-03
2.450320e-03
2.421363e-03
2.392715e-03
2.364372e-03
2.336333e-03
2.308593e-03
2.281151e-03
2.254004e-03
2.227149e-03
2.200583e-03
2.174305e-03
2.148311e-03
2.122598e-03
2.097165e-03
2.072008e-03
2.047125e-03
2.022513e-03
1.998171e-03
1.974094e-03
1.950282e-03
1.926731e-03
1.903439e-03
1.880403e-03
1.857621e-03
1.835091e-03
1.812810e-03
1.790776e-03
1.768986e-03
1.747438e-03
1.726129e-03
1.705058e-03
1.684222e-03
1.663618e-03
1.643245e-03
1.623100e-03
1.603181e-03
1.583485e-03
1.564010e-03
1.544755e-03
1.525716e-03
1.506893e-03
1.488281e-03
1.469881e-03
1.451688e-03
1.433702e-03
1.415920e-03
1.398339e-03
1.380959e-03
1.363776e-03
1.346790e-03
1.329997e-03
1.313396e-03
1.296984e-03
1.280761e-03
1.264724e-03
1.248870e-03
1.233198e-03
1.217707e-03
1.202394e-03
1.187257e-03
1.172295e-03
1.157505e-03
1.142887e-03
1.128437e-03
1.114155e-03
1.100038e-03
1.086084e-03
1.072293e-03
1.058662e-03
1.045189e-03
1.031873e-03
1.018713e-03
1.005705e-03
9.928500e-04
9.801448e-04
9.675880e-04
9.551781e-04
9.429136e-04
9.307928e-04
9.188142e-04
9.069762e-04
8.952773e-04
8.837160e-04
8.722907e-04
8.610000e-04
8.498424e-04
8.388164e-04
8.279206e-04
8.171535e-04
8.065137e-04
7.959999e-04
7.856105e-04
7.753442e-04
7.651997e-04
7.551757e-04
7.452706e-04
7.354833e-04
7.258124e-04
7.162567e-04
7.068147e-04
6.974853e-04
6.882672e-04
6.791592e-04
6.701599e-04
6.612682e-04
6.524828e-04
6.438026e-04
6.352264e-04
6.267529e-04
6.183811e-04
6.101098e-04
6.019378e-04
5.938640e-04
5.858872e-04
5.780065e-04
5.703321e-04
5.630514e-04
5.558579e-04
5.487508e-04
5.417290e-04
5.347915e-04
5.279374e-04
5.211657e-04
5.144754e-04
5.078657e-04
5.013356e-04
4.948841e-04
4.885105e-04
4.822137e-04
4.759929e-04
4.698472e-04
4.637758e-04
4.577777e-04
4.518522e-04
4.459984e-04
4.402154e-04
4.345025e-04
4.288588e-04
4.232835e-04
4.177759e-04
4.123350e-04
4.069603e-04
4.016508e-04
3.964058e-04
3.912246e-04
3.861064e-04
3.810505e-04
3.760561e-04
3.711226e-04
3.662492e-04
3.614352e-04
3.566799e-04
3.519827e-04
3.473428e-04
3.427595e-04
3.382322e-04
3.337603e-04
3.293431e-04
3.249799e-04
3.206701e-04
3.168327e-04
3.131630e-04
3.095376e-04
3.059562e-04
3.024181e-04
2.989230e-04
2.954701e-04
2.920592e-04
2.886896e-04
2.853608e-04
2.820724e-04
2.788239e-04
2.756149e-04
2.724448e-04
2.693132e-04
2.662196e-04
2.631636e-04
2.601447e-04
2.571625e-04
2.542165e-04
2.513063e-04
2.484316e-04
2.455917e-04
2.427864e-04
2.400153e-04
2.372778e-04
2.345737e-04
2.319025e-04
2.292638e-04
2.267530e-04
2.242978e-04
2.218724e-04
2.194764e-04
2.171094e-04
2.147711e-04
2.124611e-04
2.101791e-04
2.079248e-04
2.056978e-04
2.034978e-04
2.013245e-04
1.991775e-04
1.970566e-04
1.949613e-04
1.928915e-04
1.908468e-04
1.888268e-04
1.868314e-04
1.848601e-04
1.829127e-04
1.809890e-04
1.790886e-04
1.772112e-04
1.753566e-04
1.735244e-04
1.717145e-04
1.699265e-04
1.681602e-04
1.664153e-04
1.646916e-04
1.629887e-04
1.613065e-04
1.596447e-04
1.580030e-04
1.563812e-04
1.547791e-04
1.531963e-04
1.516328e-04
1.500882e-04
1.485623e-04
1.470548e-04
1.455657e-04
1.440945e-04
1.426412e-04
1.412055e-04
1.397871e-04
1.383859e-04
1.370017e-04
1.356342e-04
1.342833e-04
1.329487e-04
1.316302e-04
1.303277e-04
1.290409e-04
1.277697e-04
1.265139e-04
1.252732e-04
1.240475e-04
1.228366e-04
1.216403e-04
1.204585e-04
1.193250e-04
1.182363e-04
1.171607e-04
1.160980e-04
1.150480e-04
1.140106e-04
1.129857e-04
1.119730e-04
1.109725e-04
1.099839e-04
1.090071e-04
1.080420e-04
1.071464e-04
1.063208e-04
1.055049e-04
1.046986e-04
1.039017e-04
1.031140e-04
1.023356e-04
1.015663e-04
1.008059e-04
1.000544e-04
9.931163e-05
9.857750e-05
9.785191e-05
9.713474e-05
9.642590e-05
9.572528e-05
9.503277e-05
9.434828e-05
9.367171e-05
9.300296e-05
9.234194e-05
9.170302e-05
9.110343e-05
9.051064e-05
8.992457e-05
8.934512e-05
8.877222e-05
8.820578e-05
8.764572e-05
8.709198e-05
8.654446e-05
8.600309e-05
8.546779e-05
8.493849e-05
8.441512e-05
8.389760e-05
8.338586e-05
8.287982e-05
8.237942e-05
8.188459e-05
8.139526e-05
8.091135e-05
8.043281e-05
7.995956e-05
7.949154e-05
7.902869e-05
7.857094e-05
7.811822e-05
7.767048e-05
7.722766e-05
7.678968e-05
7.635650e-05
7.592805e-05
7.550428e-05
7.508512e-05
7.467052e-05
7.426043e-05
7.385478e-05
7.345352e-05
7.305660e-05
7.266396e-05
7.227555e-05
7.189132e-05
7.151121e-05
7.113518e-05
7.076318e-05
7.039514e-05
7.003103e-05
6.967080e-05
6.931440e-05
6.896177e-05
6.861288e-05
6.826768e-05
6.792612e-05
6.758816e-05
6.725374e-05
6.692284e-05
6.659540e-05
6.627150e-05
6.597416e-05
6.567983e-05
6.538847e-05
6.510004e-05
6.481451e-05
6.453185e-05
6.425202e-05
6.397497e-05
6.370069e-05
6.342913e-05
6.316026e-05
6.289405e-05
6.263046e-05
6.236946e-05
6.211103e-05
6.185512e-05
6.160171e-05
6.135077e-05
6.110226e-05
6.085616e-05
6.061243e-05
6.037105e-05
6.013199e-05
5.989522e-05
5.966071e-05
5.942843e-05
5.919836e-05
5.897047e-05
5.874473e-05
5.852111e-05
5.829960e-05
5.808015e-05
5.786276e-05
5.764739e-05
5.743401e-05
5.722261e-05
5.701316e-05
5.680563e-05
5.660000e-05
5.639626e-05
5.619436e-05
5.599430e-05
5.579605e-05
5.559959e-05
5.540489e-05
5.521193e-05
5.502070e-05
5.483117e-05
5.464332e-05
5.445713e-05
5.427258e-05
5.408965e-05
5.390832e-05
5.372857e-05
5.355039e-05
5.337374e-05
5.319862e-05
5.302500e-05
5.285286e-05
5.268220e-05
5.251299e-05
5.234520e-05
5.217884e-05
5.201387e-05
5.185028e-05
5.168806e-05
5.152718e-05
5.136764e-05
5.120941e-05
5.105247e-05
5.089683e-05
5.074245e-05
5.058932e-05
5.043743e-05
5.028676e-05
5.013730e-05
4.998903e-05
4.984194e-05
4.969601e-05
4.955124e-05
4.940760e-05
4.926508e-05
4.912367e-05
4.898336e-05
4.884413e-05
4.870596e-05
4.856886e-05
4.843280e-05
4.829777e-05
4.816376e-05
4.803075e-05
4.789875e-05
4.776772e-05
4.763766e-05
4.750857e-05
4.738042e-05
4.725321e-05
4.712692e-05
4.700155e-05
4.687708e-05
4.675350e-05
4.663081e-05
4.650898e-05
4.638802e-05
4.626791e-05
4.614864e-05
4.603021e-05
4.591259e-05
4.579578e-05
4.567978e-05
4.556457e-05
4.545014e-05
4.533648e-05
4.522359e-05
4.511146e-05
4.500007e-05
4.488942e-05
4.477950e-05
4.467030e-05
4.456181e-05
4.445403e-05
4.434694e-05
4.424054e-05
4.413482e-05
4.402977e-05
4.392538e-05
4.382166e-05
4.371858e-05
4.361614e-05
4.351433e-05
4.341315e-05
4.331259e-05
4.321264e-05
4.311330e-05
4.301455e-05
4.291640e-05
4.281883e-05
4.272184e-05
4.262542e-05
4.252956e-05
4.243426e-05
4.233951e-05
4.224531e-05
4.215164e-05
4.205851e-05
4.196591e-05
4.187382e-05
4.178225e-05
4.169119e-05
4.160064e-05
4.151058e-05
4.142101e-05
4.133193e-05
4.124334e-05
4.115521e-05
4.106756e-05
4.098037e-05
4.089364e-05
4.080737e-05
4.072155e-05
4.063617e-05
4.055123e-05
4.046673e-05
4.038265e-05
4.029901e-05
4.021578e-05
4.013297e-05
4.005057e-05
3.996857e-05
3.988698e-05
3.980579e-05
3.972499e-05
3.964458e-05
3.956456e-05
3.948492e-05
3.940565e-05
3.932676e-05
3.924824e-05
3.917008e-05
3.909228e-05
3.901484e-05
3.893775e-05
3.886101e-05
3.878462e-05
3.870857e-05
3.863286e-05
3.855748e-05
3.848244e-05
3.840772e-05
3.833333e-05
3.825926e-05
3.818550e-05
3.811206e-05
3.803893e-05
3.796611e-05
3.789360e-05
3.782138e-05
3.774947e-05
3.767785e-05
3.760652e-05
3.753548e-05
3.746473e-05
3.739426e-05
3.732407e-05
3.725416e-05
3.718453e-05
3.711516e-05
3.704607e-05
3.697724e-05
3.690868e-05
3.684037e-05
3.677233e-05
3.670454e-05
3.663701e-05
3.656973e-05
3.650270e-05
3.643591e-05
3.636937e-05
3.630306e-05
3.623700e-05
3.617118e-05
3.610559e-05
3.604023e-05
3.597510e-05
3.591020e-05
3.584552e-05
3.578107e-05
3.571684e-05
3.565283e-05
3.558903e-05
3.552546e-05
3.546209e-05
3.539894e-05
3.533599e-05
3.527325e-05
3.521072e-05
3.514839e-05
3.508626e-05
3.502434e-05
3.496261e-05
3.490107e-05
3.483974e-05
3.477859e-05
3.471763e-05
3.465687e-05
3.459629e-05
3.453590e-05
3.447569e-05
3.441566e-05
3.435582e-05
3.429615e-05
3.423666e-05
3.417735e-05
3.411821e-05
3.405925e-05
3.400046e-05
3.394184e-05
3.388338e-05
3.382510e-05
3.376698e-05
3.370902e-05
3.365123e-05
3.359360e-05
3.353613e-05
3.348820e-05
3.345263e-05
3.341692e-05
3.338108e-05
3.334511e-05
3.330901e-05
3.327278e-05
3.323642e-05
3.319995e-05
3.316335e-05
3.312663e-05
3.308980e-05
3.305286e-05
3.301580e-05
3.297863e-05
3.294136e-05
3.290398e-05
3.286650e-05
3.282892e-05
3.279124e-05
3.275347e-05
3.271560e-05
3.267763e-05
3.263958e-05
3.260143e-05
3.256320e-05
3.252489e-05
3.248649e-05
3.244801e-05
3.240945e-05
3.237082e-05
3.233210e-05
3.229332e-05
3.225446e-05
3.221553e-05
3.217653e-05
3.213746e-05
3.209832e-05
3.205913e-05
3.201987e-05
3.198054e-05
3.194116e-05
3.190172e-05
3.186223e-05
3.182267e-05
3.178307e-05
3.174341e-05
3.170370e-05
3.166394e-05
3.162414e-05
3.158428e-05
3.154438e-05
3.150444e-05
3.146446e-05
3.142443e-05
3.138436e-05
3.134426e-05
3.130411e-05
3.126393e-05
3.122372e-05
3.118347e-05
3.114318e-05
3.110287e-05
3.106252e-05
3.102215e-05
3.098175e-05
3.094132e-05
3.090086e-05
3.086038e-05
3.081988e-05
3.077935e-05
3.073880e-05
3.069823e-05
3.065764e-05
3.061703e-05
3.057640e-05
3.053576e-05
3.049510e-05
3.045442e-05
3.041373e-05
3.037303e-05
3.033232e-05
3.029159e-05
3.025085e-05
3.021011e-05
3.016935e-05
3.012859e-05
3.008782e-05
3.004704e-05
3.000626e-05
2.996547e-05
2.992468e-05
2.988389e-05
2.984309e-05
2.980229e-05
2.976149e-05
2.972069e-05
2.967990e-05
2.963910e-05
2.959830e-05
2.955751e-05
2.951672e-05
2.947594e-05
2.943516e-05
2.939438e-05
2.935361e-05
2.931285e-05
2.927210e-05
2.923135e-05
2.919061e-05
2.914988e-05
2.910917e-05
2.906846e-05
2.902776e-05
2.898707e-05
2.894640e-05
2.890574e-05
2.886509e-05
2.882446e-05
2.878384e-05
2.874323e-05
2.870264e-05
2.866207e-05
2.862151e-05
2.858097e-05
2.854044e-05
2.849994e-05
2.845945e-05
2.841898e-05
2.837853e-05
2.833810e-05
2.829769e-05
2.825730e-05
2.821694e-05
2.817659e-05
2.813627e-05
2.809596e-05
2.805568e-05
2.801543e-05
2.797520e-05
2.793499e-05
2.789480e-05
2.785464e-05
2.781451e-05
2.777440e-05
2.773432e-05
2.769426e-05
2.765423e-05
2.761422e-05
2.757425e-05
2.753430e-05
2.749438e-05
2.745449e-05
2.741462e-05
2.737479e-05
2.733498e-05
2.729521e-05
2.725546e-05
2.721574e-05
2.717606e-05
2.713640e-05
2.709678e-05
2.705719e-05
2.701762e-05
2.697810e-05
2.693860e-05
2.689913e-05
2.685970e-05
2.682030e-05
2.678094e-05
2.674161e-05
2.670231e-05
2.666304e-05
2.662381e-05
2.658462e-05
2.654546e-05
2.650633e-05
2.646724e-05
2.642818e-05
2.638916e-05
2.635018e-05
2.631123e-05
2.627232e-05
2.623344e-05
2.619460e-05
2.615580e-05
2.611704e-05
2.607831e-05
2.603962e-05
2.600097e-05
2.596235e-05
2.592377e-05
2.588523e-05
2.584673e-05
2.580827e-05
2.576985e-05
2.573146e-05
2.569312e-05
2.565481e-05
2.561654e-05
2.557831e-05
2.554012e-05
2.550197e-05
2.546387e-05
2.542580e-05
2.538777e-05
2.534978e-05
2.531183e-05
2.527392e-05
2.523606e-05
2.519823e-05
2.516044e-05
2.512270e-05
2.508500e-05
2.504734e-05
2.500971e-05
2.497214e-05
2.493460e-05
2.489710e-05
2.485965e-05
2.482224e-05
2.478487e-05
2.474754e-05
2.471026e-05
2.467302e-05
2.463582e-05
2.459866e-05
2.456154e-05
2.452447e-05
2.448744e-05
2.445046e-05
2.441351e-05
2.437661e-05
2.433976e-05
2.430294e-05
2.426617e-05
2.422944e-05
2.419276e-05
2.415612e-05
2.411952e-05
2.408297e-05
2.404646e-05
2.401000e-05
2.397358e-05
2.393720e-05
2.390087e-05
2.386458e-05
2.382833e-05
2.379213e-05
2.375598e-05
2.371986e-05
2.368380e-05
2.364777e-05
2.361179e-05
2.357586e-05
2.353997e-05
2.350412e-05
2.346832e-05
2.343257e-05
2.339686e-05
2.336119e-05
2.332557e-05
2.328999e-05
2.325446e-05
2.321897e-05
2.318353e-05
2.314813e-05
2.311278e-05
2.307747e-05
2.304221e-05
2.300699e-05
2.297182e-05
2.293670e-05
2.290161e-05
2.286658e-05
2.283159e-05
2.279664e-05
2.276174e-05
2.272689e-05
2.269208e-05
2.265731e-05
2.262259e-05
2.258792e-05
2.255329e-05
2.251871e-05
2.248417e-05
2.244968e-05
2.241523e-05
2.238083e-05
2.234647e-05
2.231216e-05
2.227790e-05
2.224368e-05
2.220950e-05
2.217537e-05
2.214129e-05
2.210725e-05
2.207326e-05
2.203932e-05
2.200541e-05
2.197156e-05
2.193775e-05
2.190398e-05
2.187027e-05
2.183659e-05
2.180296e-05
2.176938e-05
2.173584e-05
2.170235e-05
2.166891e-05
2.163551e-05
2.160215e-05
2.156884e-05
2.153558e-05
2.150236e-05
2.146919e-05
2.143606e-05
2.140298e-05
2.136994e-05
2.133695e-05
2.130400e-05
2.127110e-05
2.123825e-05
2.120543e-05
2.117267e-05
2.113995e-05
2.110728e-05
2.107465e-05
2.104206e-05
2.100953e-05
2.097703e-05
2.094459e-05
2.091218e-05
2.087982e-05
2.084751e-05
2.081525e-05
2.078302e-05
2.075085e-05
2.071871e-05
2.068663e-05
2.065459e-05
2.062259e-05
2.059064e-05
2.055873e-05
2.052687e-05
2.049505e-05
2.046328e-05
2.043155e-05
2.039987e-05
2.036823e-05
2.033664e-05
2.030509e-05
2.027359e-05
2.024213e-05
2.021072e-05
2.017935e-05
2.014802e-05
2.011674e-05
2.008551e-05
2.005432e-05
2.002317e-05
1.999207e-05
1.996101e-05
1.993000e-05
1.989903e-05
1.986811e-05
1.983723e-05
1.980639e-05
1.977560e-05
1.974485e-05
1.971415e-05
1.968349e-05
1.965288e-05
1.962231e-05
1.959178e-05
1.956130e-05
1.953086e-05
1.950047e-05
1.947012e-05
1.943981e-05
1.940955e-05
1.937933e-05
1.934915e-05
1.931902e-05
1.928893e-05
1.925889e-05
1.922889e-05
1.919893e-05
1.916902e-05
1.913915e-05
1.910932e-05
1.907954e-05
1.904980e-05
1.902011e-05
1.899045e-05
1.896084e-05
1.893128e-05
1.890176e-05
1.887228e-05
1.884284e-05
1.881345e-05
1.878410e-05
1.875479e-05
1.872552e-05
1.869630e-05
1.866712e-05
1.863799e-05
1.860890e-05
1.857985e-05
1.855084e-05
1.852187e-05
1.849295e-05
1.846407e-05
1.843524e-05
1.840644e-05
1.837769e-05
1.834898e-05
1.832031e-05
1.829169e-05
1.826311e-05
1.823457e-05
1.820607e-05
1.817761e-05
1.814920e-05
1.812083e-05
1.809250e-05
1.806421e-05
1.803597e-05
1.800776e-05
1.797960e-05
1.795148e-05
1.792341e-05
1.789537e-05
1.786737e-05
1.783942e-05
1.781151e-05
1.778364e-05
1.775581e-05
1.772803e-05
1.770028e-05
1.767258e-05
1.764492e-05
1.761729e-05
1.758971e-05
1.756218e-05
1.753468e-05
1.750722e-05
1.747981e-05
1.745243e-05
1.742510e-05
1.739781e-05
1.737056e-05
1.734335e-05
1.731618e-05
1.728905e-05
1.726196e-05
1.723491e-05
1.720790e-05
1.718094e-05
1.715401e-05
1.712712e-05
1.710028e-05
1.707348e-05
1.704671e-05
1.701999e-05
1.699330e-05
1.696666e-05
1.694006e-05
1.691349e-05
1.688697e-05
1.686048e-05
1.683404e-05
1.680764e-05
1.678127e-05
1.675495e-05
1.672867e-05
1.670242e-05
1.667622e-05
1.665005e-05
1.662393e-05
1.659784e-05
1.657179e-05
1.654579e-05
1.651982e-05
1.649389e-05
1.646800e-05
1.644215e-05
1.641634e-05
1.639057e-05
1.636484e-05
1.633914e-05
1.631349e-05
1.628787e-05
1.626230e-05
1.623676e-05
1.621126e-05
1.618580e-05
1.616038e-05
1.613499e-05
1.610965e-05
1.608434e-05
1.605908e-05
1.603385e-05
1.600866e-05
1.598351e-05
1.595839e-05
1.593332e-05
1.590828e-05
1.588328e-05
1.585832e-05
1.583340e-05
1.580851e-05
1.578367e-05
1.575886e-05
1.573409e-05
1.570936e-05
1.568466e-05
1.566000e-05
1.563538e-05
1.561080e-05
1.558626e-05
1.556175e-05
1.553728e-05
1.551285e-05
1.548845e-05
1.546410e-05
1.543978e-05
1.541549e-05
1.539125e-05
1.536704e-05
1.534287e-05
1.531874e-05
1.529464e-05
1.527058e-05
1.524656e-05
1.522257e-05
1.519862e-05
1.517471e-05
1.515083e-05
1.512699e-05
1.510319e-05
1.507942e-05
1.505569e-05
1.503200e-05
1.500834e-05
1.498472e-05
1.496114e-05
1.493759e-05
1.491408e-05
1.489061e-05
1.486717e-05
1.484377e-05
1.482040e-05
1.479707e-05
1.477377e-05
1.475051e-05
1.472729e-05
1.470410e-05
1.468095e-05
1.465784e-05
1.463476e-05
1.461171e-05
1.458870e-05
1.456573e-05
1.454279e-05
1.451989e-05
1.449702e-05
1.447419e-05
1.445140e-05
1.442863e-05
1.440591e-05
1.438322e-05
1.436056e-05
1.433794e-05
1.431536e-05
1.429280e-05
1.427029e-05
1.424781e-05
1.422536e-05
1.420295e-05
1.418057e-05
1.415823e-05
1.413592e-05
1.411365e-05
1.409141e-05
1.406921e-05
1.404704e-05
1.402491e-05
1.400281e-05
1.398074e-05
1.395871e-05
1.393671e-05
1.391475e-05
1.389282e-05
1.387092e-05
1.384906e-05
1.382723e-05
1.380544e-05
1.378368e-05
1.376195e-05
1.374026e-05
1.371860e-05
1.369698e-05
1.367538e-05
1.365383e-05
1.363230e-05
1.361081e-05
1.358936e-05
1.356793e-05
1.354654e-05
1.352518e-05
1.350386e-05
1.348257e-05
1.346131e-05
1.344009e-05
1.341890e-05
1.339774e-05
1.337661e-05
1.335552e-05
1.333446e-05
1.331344e-05
1.329244e-05
1.327148e-05
1.325055e-05
1.322966e-05
1.320879e-05
1.318796e-05
1.316716e-05
1.314640e-05
1.312567e-05
1.310497e-05
1.308430e-05
1.306366e-05
1.304306e-05
1.302249e-05
1.300195e-05
1.298144e-05
1.296096e-05
1.294052e-05
1.292011e-05
1.289973e-05
1.287938e-05
1.285907e-05
1.283878e-05
1.281853e-05
1.279831e-05
1.277812e-05
1.275796e-05
1.273784e-05
1.271774e-05
1.269768e-05
1.267765e-05
1.265765e-05
1.263768e-05
1.261774e-05
1.259784e-05
1.257796e-05
1.255812e-05
1.253831e-05
1.251853e-05
1.249878e-05
1.247906e-05
1.245937e-05
1.243971e-05
1.242008e-05
1.240049e-05
1.238092e-05
1.236139e-05
1.234188e-05
1.232241e-05
1.230297e-05
1.228356e-05
1.226417e-05
1.224482e-05
1.222550e-05
1.220621e-05
1.218695e-05
1.216772e-05
1.214852e-05
1.212935e-05
1.211021e-05
1.209110e-05
1.207203e-05
1.205298e-05
1.203396e-05
1.201497e-05
1.199601e-05
1.197708e-05
1.195818e-05
1.193931e-05
1.192047e-05
1.190166e-05
1.188288e-05
1.186413e-05
1.184540e-05
1.182671e-05
1.180805e-05
1.178942e-05
1.177081e-05
1.175224e-05
1.173369e-05
1.171518e-05
1.169669e-05
1.167823e-05
1.165980e-05
1.164140e-05
1.162303e-05
1.160469e-05
1.158638e-05
1.156809e-05
1.154984e-05
1.153161e-05
1.151341e-05
1.149524e-05
1.147710e-05
1.145899e-05
1.144091e-05
1.142285e-05
1.140483e-05
1.138683e-05
1.136886e-05
1.135092e-05
1.133301e-05
1.131512e-05
1.129727e-05
1.127944e-05
1.126164e-05
1.124387e-05
1.122613e-05
1.120841e-05
1.119073e-05
1.117307e-05
1.115544e-05
1.113783e-05
1.112026e-05
1.110271e-05
1.108519e-05
1.106770e-05
1.105023e-05
1.103280e-05
1.101539e-05
1.099800e-05
1.098065e-05
1.096332e-05
1.094602e-05
1.092875e-05
1.091151e-05
1.089429e-05
1.087710e-05
1.085994e-05
1.084280e-05
1.082569e-05
1.080861e-05
1.079156e-05
1.077453e-05
1.075753e-05
1.074056e-05
1.072361e-05
1.070669e-05
1.068980e-05
1.067293e-05
1.065609e-05
1.063928e-05
1.062250e-05
1.060574e-05
1.058901e-05
1.057230e-05
1.055562e-05
1.053897e-05
1.052234e-05
1.050574e-05
1.048917e-05
1.047262e-05
1.045610e-05
1.043960e-05
1.042313e-05
1.040669e-05
1.039027e-05
1.037388e-05
1.035752e-05
1.034118e-05
1.032487e-05
1.030858e-05
1.029232e-05
1.027609e-05
1.025988e-05
1.024369e-05
1.022754e-05
1.021140e-05
1.019530e-05
1.017922e-05
1.016316e-05
1.014713e-05
1.013113e-05
1.011515e-05
1.009920e-05
1.008327e-05
1.006737e-05
1.005149e-05
1.003564e-05
1.001981e-05
1.000401e-05
9.988233e-06
9.972482e-06
9.956756e-06
9.941055e-06
9.925378e-06
9.909727e-06
9.894101e-06
9.878500e-06
9.862923e-06
9.847371e-06
9.831844e-06
9.816342e-06
9.800865e-06
9.785412e-06
9.769983e-06
9.754580e-06
9.739201e-06
9.723846e-06
9.708516e-06
9.693210e-06
9.677929e-06
9.662672e-06
9.647439e-06
9.632231e-06
9.617047e-06
9.601887e-06
9.586751e-06
9.571640e-06
9.556552e-06
9.541489e-06
9.526449e-06
9.511434e-06
9.496443e-06
9.481475e-06
9.466531e-06
9.451612e-06
9.436716e-06
9.421843e-06
9.406995e-06
9.392170e-06
9.377369e-06
9.362592e-06
9.347838e-06
9.333107e-06
9.318400e-06
9.303717e-06
9.289057e-06
9.274421e-06
9.259808e-06
9.245218e-06
9.230652e-06
9.216108e-06
9.201588e-06
9.187092e-06
9.172618e-06
9.158168e-06
9.143740e-06
9.129336e-06
9.114955e-06
9.100596e-06
9.086261e-06
9.071949e-06
9.057659e-06
9.043392e-06
9.029148e-06
9.014927e-06
9.000729e-06
8.986553e-06
8.972400e-06
8.958270e-06
8.944162e-06
8.930077e-06
8.916014e-06
8.901974e-06
8.887956e-06
8.873961e-06
8.859988e-06
8.846038e-06
8.832110e-06
8.818204e-06
8.804320e-06
8.790459e-06
8.776619e-06
8.762802e-06
8.749007e-06
8.735234e-06
8.721484e-06
8.707755e-06
8.694048e-06
8.680363e-06
8.666700e-06
8.653059e-06
8.639440e-06
8.625842e-06
8.612267e-06
8.598713e-06
8.585181e-06
8.571670e-06
8.558181e-06
8.544714e-06
8.531269e-06
8.517844e-06
8.504442e-06
8.491061e-06
8.477701e-06
8.464363e-06
8.451046e-06
8.437750e-06
8.424476e-06
8.411223e-06
8.397992e-06
8.384781e-06
8.371592e-06
8.358424e-06
8.345277e-06
8.332151e-06
8.319046e-06
8.305962e-06
8.292899e-06
8.279857e-06
8.266836e-06
8.253836e-06
8.240857e-06
8.227898e-06
8.214961e-06
8.202044e-06
8.189148e-06
8.176272e-06
8.163418e-06
8.150583e-06
8.137770e-06
8.124977e-06
8.112204e-06
8.099453e-06
8.086721e-06
8.074010e-06
8.061319e-06
8.048649e-06
8.035999e-06
8.023370e-06
8.010760e-06
7.998171e-06
7.985602e-06
7.973054e-06
7.960525e-06
7.948017e-06
7.935529e-06
7.923060e-06
7.910612e-06
7.898184e-06
7.885776e-06
7.873387e-06
7.861019e-06
7.848671e-06
7.836342e-06
7.824033e-06
7.811744e-06
7.799475e-06
7.787225e-06
7.774995e-06
7.762785e-06
7.750594e-06
7.738423e-06
7.726272e-06
7.714140e-06
7.702028e-06
7.689935e-06
7.677861e-06
7.665807e-06
7.653772e-06
7.641757e-06
7.629761e-06
7.617784e-06
7.605827e-06
7.593889e-06
7.581969e-06
7.570070e-06
7.558189e-06
7.546327e-06
7.534485e-06
7.522661e-06
7.510857e-06
7.499071e-06
7.487305e-06
7.475557e-06
7.463829e-06
7.452119e-06
7.440428e-06
7.428756e-06
7.417103e-06
7.405468e-06
7.393852e-06
7.382255e-06
7.370677e-06
7.359117e-06
7.347576e-06
7.336053e-06
7.324549e-06
7.313063e-06
7.301596e-06
7.290148e-06
7.278717e-06
7.267306e-06
7.255912e-06
7.244537e-06
7.233180e-06
7.221842e-06
7.210522e-06
7.199220e-06
7.187936e-06
7.176671e-06
7.165423e-06
7.154194e-06
7.142983e-06
7.131790e-06
7.120615e-06
7.109457e-06
7.098318e-06
7.087197e-06
7.076094e-06
7.065009e-06
7.053941e-06
7.042891e-06
7.031860e-06
7.020845e-06
7.009849e-06
6.998871e-06
6.987910e-06
6.976966e-06
6.966041e-06
6.955133e-06
6.944242e-06
6.933370e-06
6.922514e-06
6.911676e-06
6.900856e-06
6.890053e-06
6.879268e-06
6.868500e-06
6.857749e-06
6.847016e-06
6.836300e-06
6.825601e-06
6.814919e-06
6.804255e-06
6.793608e-06
6.782978e-06
6.772365e-06
6.761769e-06
6.751191e-06
6.740629e-06
6.730085e-06
6.719557e-06
6.709047e-06
6.698553e-06
6.688077e-06
6.677617e-06
6.667174e-06
6.656748e-06
6.646339e-06
6.635947e-06
6.625571e-06
6.615212e-06
6.604870e-06
6.594545e-06
6.584236e-06
6.573944e-06
6.563669e-06
6.553410e-06
6.543167e-06
6.532941e-06
6.522732e-06
6.512539e-06
6.502363e-06
6.492203e-06
6.482059e-06
6.471932e-06
6.461821e-06
6.451727e-06
6.441648e-06
6.431587e-06
6.421541e-06
6.411511e-06
6.401498e-06
6.391501e-06
6.381520e-06
6.371555e-06
6.361606e-06
6.351674e-06
6.341757e-06
6.331856e-06
6.321972e-06
6.312103e-06
6.302250e-06
6.292413e-06
6.282592e-06
6.272787e-06
6.262998e-06
6.253225e-06
6.243467e-06
6.233725e-06
6.223999e-06
6.214289e-06
6.204594e-06
6.194915e-06
6.185251e-06
6.175604e-06
6.165971e-06
6.156355e-06
6.146753e-06
6.137168e-06
6.127598e-06
6.118043e-06
6.108504e-06
6.098980e-06
6.089472e-06
6.079979e-06
6.070501e-06
6.061038e-06
6.051591e-06
6.042159e-06
6.032743e-06
6.023341e-06
6.013955e-06
6.004584e-06
5.995228e-06
5.985888e-06
5.976562e-06
5.967251e-06
5.957956e-06
5.948675e-06
5.939410e-06
5.930160e-06
5.920924e-06
5.911703e-06
5.902498e-06
5.893307e-06
5.884131e-06
5.874970e-06
5.865823e-06
5.856692e-06
5.847575e-06
5.838473e-06
5.829386e-06
5.820313e-06
5.811255e-06
5.802212e-06
5.793183e-06
5.784169e-06
5.775170e-06
5.766185e-06
5.757214e-06
5.748258e-06
5.739317e-06
5.730390e-06
5.721477e-06
5.712579e-06
5.703696e-06
5.694826e-06
5.685971e-06
5.677131e-06
5.668304e-06
5.659492e-06
5.650694e-06
5.641911e-06
5.633141e-06
5.624386e-06
5.615645e-06
5.606918e-06
5.598205e-06
5.589507e-06
5.580822e-06
5.572151e-06
5.563495e-06
5.554852e-06
5.546224e-06
5.537609e-06
5.529008e-06
5.520422e-06
5.511849e-06
5.503290e-06
5.494745e-06
5.486213e-06
5.477696e-06
5.469192e-06
5.460702e-06
5.452226e-06
5.443764e-06
5.435315e-06
5.426880e-06
5.418458e-06
5.410050e-06
5.401656e-06
5.393275e-06
5.384908e-06
5.376555e-06
5.368215e-06
5.359888e-06
5.351575e-06
5.343275e-06
5.334989e-06
5.326716e-06
5.318457e-06
5.310211e-06
5.301978e-06
5.293759e-06
5.285553e-06
5.277360e-06
5.269181e-06
5.261014e-06
5.252861e-06
5.244721e-06
5.236595e-06
5.228481e-06
5.220381e-06
5.212294e-06
5.204219e-06
5.196158e-06
5.188110e-06
5.180075e-06
5.172053e-06
5.164044e-06
5.156048e-06
5.148065e-06
5.140095e-06
5.132137e-06
5.124193e-06
5.116261e-06
5.108343e-06
5.100437e-06
5.092544e-06
5.084663e-06
5.076796e-06
5.068941e-06
5.061099e-06
5.053269e-06
5.045453e-06
5.037649e-06
5.029857e-06
5.022078e-06
5.014312e-06
5.006559e-06
4.998817e-06
4.991089e-06
4.983373e-06
4.975669e-06
4.967978e-06
4.960299e-06
4.952633e-06
4.944979e-06
4.937338e-06
4.929709e-06
4.922092e-06
4.914488e-06
4.906896e-06
4.899316e-06
4.891749e-06
4.884194e-06
4.876651e-06
4.869120e-06
4.861601e-06
4.854095e-06
4.846601e-06
4.839119e-06
4.831649e-06
4.824191e-06
4.816745e-06
4.809311e-06
4.801890e-06
4.794480e-06
4.787082e-06
4.779696e-06
4.772323e-06
4.764961e-06
4.757611e-06
4.750273e-06
4.742947e-06
4.735633e-06
4.728330e-06
4.721040e-06
4.713761e-06
4.706494e-06
4.699239e-06
4.691995e-06
4.684764e-06
4.677544e-06
4.670335e-06
4.663139e-06
4.655954e-06
4.648780e-06
4.641619e-06
4.634469e-06
4.627330e-06
4.620203e-06
4.613088e-06
4.605984e-06
4.598891e-06
4.591810e-06
4.584741e-06
4.577683e-06
4.570636e-06
4.563601e-06
4.556577e-06
4.549565e-06
4.542564e-06
4.535574e-06
4.528596e-06
4.521629e-06
4.514673e-06
4.507728e-06
4.500795e-06
4.493873e-06
4.486962e-06
4.480062e-06
4.473174e-06
4.466297e-06
4.459430e-06
4.452575e-06
4.445731e-06
4.438898e-06
4.432077e-06
4.425266e-06
4.418466e-06
4.411677e-06
4.404900e-06
4.398133e-06
4.391377e-06
4.384632e-06
4.377898e-06
4.371175e-06
4.364463e-06
4.357762e-06
4.351071e-06
4.344392e-06
4.337723e-06
4.331065e-06
4.324418e-06
4.317781e-06
4.311156e-06
4.304541e-06
4.297937e-06
4.291343e-06
4.284760e-06
4.278188e-06
4.271626e-06
4.265076e-06
4.258535e-06
4.252006e-06
4.245486e-06
4.238978e-06
4.232480e-06
4.225992e-06
4.219515e-06
4.213049e-06
4.206593e-06
4.200147e-06
4.193712e-06
4.187287e-06
4.180873e-06
4.174469e-06
4.168075e-06
4.161692e-06
4.155319e-06
4.148956e-06
4.142604e-06
4.136262e-06
4.129930e-06
4.123609e-06
4.117298e-06
4.110997e-06
4.104706e-06
4.098425e-06
4.092155e-06
4.085895e-06
4.079644e-06
4.073404e-06
4.067174e-06
4.060955e-06
4.054745e-06
4.048545e-06
4.042355e-06
4.036176e-06
4.030006e-06
4.023846e-06
4.017697e-06
4.011557e-06
4.005427e-06
3.999307e-06
3.993197e-06
3.987097e-06
3.981007e-06
3.974927e-06
3.968856e-06
3.962796e-06
3.956745e-06
3.950704e-06
3.944672e-06
3.938651e-06
3.932639e-06
3.926637e-06
3.920645e-06
3.914662e-06
3.908689e-06
3.902726e-06
3.896772e-06
3.890828e-06
3.884894e-06
3.878969e-06
3.873054e-06
3.867149e-06
3.861252e-06
3.855366e-06
3.849489e-06
3.843622e-06
3.837764e-06
3.831915e-06
3.826076e-06
3.820247e-06
3.814427e-06
3.808616e-06
3.802815e-06
3.797023e-06
3.791240e-06
3.785467e-06
3.779703e-06
3.773949e-06
3.768204e-06
3.762468e-06
3.756741e-06
3.751024e-06
3.745316e-06
3.739617e-06
3.733927e-06
3.728247e-06
3.722576e-06
3.716914e-06
3.711261e-06
3.705617e-06
3.699983e-06
3.694357e-06
3.688741e-06
3.683133e-06
3.677535e-06
3.671946e-06
3.666366e-06
3.660795e-06
3.655233e-06
3.649680e-06
3.644136e-06
3.638601e-06
3.633074e-06
3.627557e-06
3.622049e-06
3.616550e-06
3.611059e-06
3.605577e-06
3.600105e-06
3.594641e-06
3.589186e-06
3.583740e-06
3.578302e-06
3.572874e-06
3.567454e-06
3.562043e-06
3.556640e-06
3.551247e-06
3.545862e-06
3.540486e-06
3.535118e-06
3.529760e-06
3.524410e-06
3.519068e-06
3.513735e-06
3.508411e-06
3.503096e-06
3.497789e-06
3.492490e-06
3.487200e-06
3.481919e-06
3.476647e-06
3.471382e-06
3.466127e-06
3.460879e-06
3.455641e-06
3.450411e-06
3.445189e-06
3.439975e-06
3.434771e-06
3.429574e-06
3.424386e-06
3.419206e-06
3.414035e-06
3.408872e-06
3.403718e-06
3.398571e-06
3.393433e-06
3.388304e-06
3.383182e-06
3.378069e-06
3.372964e-06
3.367868e-06
3.362780e-06
3.357699e-06
3.352628e-06
3.347564e-06
3.342508e-06
3.337461e-06
3.332422e-06
3.327391e-06
3.322368e-06
3.317353e-06
3.312347e-06
3.307348e-06
3.302358e-06
3.297375e-06
3.292401e-06
3.287434e-06
3.282476e-06
3.277526e-06
3.272584e-06
3.267649e-06
3.262723e-06
3.257805e-06
3.252894e-06
3.247992e-06
3.243097e-06
3.238210e-06
3.233332e-06
3.228461e-06
3.223598e-06
3.218743e-06
3.213895e-06
3.209056e-06
3.204224e-06
3.199400e-06
3.194584e-06
3.189776e-06
3.184975e-06
3.180183e-06
3.175398e-06
3.170620e-06
3.165851e-06
3.161089e-06
3.156335e-06
3.151588e-06
3.146849e-06
3.142118e-06
3.137394e-06
3.132679e-06
3.127970e-06
3.123270e-06
3.118576e-06
3.113891e-06
3.109213e-06
3.104542e-06
3.099880e-06
3.095224e-06
3.090576e-06
3.085936e-06
3.081303e-06
3.076678e-06
3.072060e-06
3.067450e-06
3.062847e-06
3.058251e-06
3.053663e-06
3.049082e-06
3.044509e-06
3.039943e-06
3.035384e-06
3.030833e-06
3.026289e-06
3.021753e-06
3.017223e-06
3.012701e-06
3.008187e-06
3.003679e-06
2.999179e-06
2.994687e-06
2.990201e-06
2.985723e-06
2.981252e-06
2.976788e-06
2.972331e-06
2.967882e-06
2.963439e-06
2.959004e-06
2.954576e-06
2.950155e-06
2.945742e-06
2.941335e-06
2.936936e-06
2.932543e-06
2.928158e-06
2.923780e-06
2.919409e-06
2.915044e-06
2.910687e-06
2.906337e-06
2.901994e-06
2.897658e-06
2.893329e-06
2.889007e-06
2.884692e-06
2.880384e-06
2.876083e-06
2.871789e-06
2.867501e-06
2.863221e-06
2.858947e-06
2.854681e-06
2.850421e-06
2.846168e-06
2.841922e-06
2.837683e-06
2.833451e-06
2.829225e-06
2.825006e-06
2.820795e-06
2.816589e-06
2.812391e-06
2.808200e-06
2.804015e-06
2.799837e-06
2.795665e-06
2.791501e-06
2.787343e-06
2.783192e-06
2.779047e-06
2.774909e-06
2.770778e-06
2.766654e-06
2.762536e-06
2.758425e-06
2.754320e-06
2.750222e-06
2.746131e-06
2.742046e-06
2.737968e-06
2.733896e-06
2.729831e-06
2.725772e-06
2.721720e-06
2.717675e-06
2.713636e-06
2.709603e-06
2.705577e-06
2.701558e-06
2.697545e-06
2.693538e-06
2.689538e-06
2.685545e-06
2.681557e-06
2.677577e-06
2.673602e-06
2.669634e-06
2.665673e-06
2.661717e-06
2.657768e-06
2.653826e-06
2.649890e-06
2.645960e-06
2.642037e-06
2.638119e-06
2.634208e-06
2.630304e-06
2.626406e-06
2.622514e-06
2.618628e-06
2.614748e-06
2.610875e-06
2.607008e-06
2.603147e-06
2.599293e-06
2.595444e-06
2.591602e-06
2.587766e-06
2.583936e-06
2.580112e-06
2.576295e-06
2.572483e-06
2.568678e-06
2.564879e-06
2.561086e-06
2.557299e-06
2.553518e-06
2.549743e-06
2.545975e-06
2.542212e-06
2.538456e-06
2.534705e-06
2.530960e-06
2.527222e-06
2.523490e-06
2.519763e-06
2.516043e-06
2.512328e-06
2.508620e-06
2.504917e-06
2.501220e-06
2.497530e-06
2.493845e-06
2.490166e-06
2.486493e-06
2.482826e-06
2.479165e-06
2.475510e-06
2.471860e-06
2.468217e-06
2.464579e-06
2.460947e-06
2.457322e-06
2.453701e-06
2.450087e-06
2.446479e-06
2.442876e-06
2.439279e-06
2.435688e-06
2.432102e-06
2.428523e-06
2.424949e-06
2.421381e-06
2.417818e-06
2.414262e-06
2.410711e-06
2.407165e-06
2.403626e-06
2.400092e-06
2.396564e-06
2.393041e-06
2.389524e-06
2.386013e-06
2.382507e-06
2.379008e-06
2.375513e-06
2.372024e-06
2.368541e-06
2.365064e-06
2.361592e-06
2.358125e-06
2.354664e-06
2.351209e-06
2.347759e-06
2.344315e-06
2.340876e-06
2.337443e-06
2.334016e-06
2.330594e-06
2.327177e-06
2.323766e-06
2.320360e-06
2.316960e-06
2.313565e-06
2.310176e-06
2.306792e-06
2.303413e-06
2.300040e-06
2.296672e-06
2.293310e-06
2.289953e-06
2.286602e-06
2.283256e-06
2.279915e-06
2.276580e-06
2.273249e-06
2.269925e-06
2.266605e-06
2.263291e-06
2.259983e-06
2.256679e-06
2.253381e-06
2.250088e-06
2.246801e-06
2.243518e-06
2.240241e-06
2.236969e-06
2.233703e-06
2.230442e-06
2.227185e-06
2.223935e-06
2.220689e-06
2.217448e-06
2.214213e-06
2.210983e-06
2.207758e-06
2.204538e-06
2.201324e-06
2.198114e-06
2.194910e-06
2.191711e-06
2.188517e-06
2.185328e-06
2.182144e-06
2.178965e-06
2.175792e-06
2.172623e-06
2.169460e-06
2.166301e-06
2.163148e-06
2.159999e-06
2.156856e-06
2.153718e-06
2.150585e-06
2.147456e-06
2.144333e-06
2.141215e-06
2.138102e-06
2.134994e-06
2.131890e-06
2.128792e-06
2.125699e-06
2.122610e-06
2.119527e-06
2.116448e-06
2.113375e-06
2.110306e-06
2.107242e-06
2.104183e-06
2.101129e-06
2.098080e-06
2.095036e-06
2.091997e-06
2.088962e-06
2.085933e-06
2.082908e-06
2.079888e-06
2.076873e-06
2.073862e-06
2.070857e-06
2.067856e-06
2.064860e-06
2.061869e-06
2.058883e-06
2.055901e-06
2.052924e-06
2.049952e-06
2.046985e-06
2.044023e-06
2.041065e-06
2.038112e-06
2.035163e-06
2.032220e-06
2.029281e-06
2.026346e-06
2.023417e-06
2.020492e-06
2.017572e-06
2.014656e-06
2.011745e-06
2.008839e-06
2.005937e-06
2.003040e-06
2.000148e-06
1.997260e-06
1.994377e-06
1.991499e-06
1.988625e-06
1.985755e-06
1.982891e-06
1.980030e-06
1.977175e-06
1.974324e-06
1.971477e-06
1.968635e-06
1.965798e-06
1.962965e-06
1.960136e-06
1.957313e-06
1.954493e-06
1.951678e-06
1.948868e-06
1.946062e-06
1.943261e-06
1.940464e-06
1.937671e-06
1.934883e-06
1.932099e-06
1.929320e-06
1.926546e-06
1.923775e-06
1.921009e-06
1.918248e-06
1.915491e-06
1.912738e-06
1.909990e-06
1.907246e-06
1.904506e-06
1.901771e-06
1.899040e-06
1.896314e-06
1.893592e-06
1.890874e-06
1.888160e-06
1.885451e-06
1.882746e-06
1.880046e-06
1.877350e-06
1.874658e-06
1.871970e-06
1.869287e-06
1.866608e-06
1.863933e-06
1.861262e-06
1.858596e-06
1.855934e-06
1.853276e-06
1.850623e-06
1.847973e-06
1.845328e-06
1.842687e-06
1.840050e-06
1.837418e-06
1.834790e-06
1.832165e-06
1.829545e-06
1.826930e-06
1.824318e-06
1.821710e-06
1.819107e-06
1.816508e-06
1.813913e-06
1.811322e-06
1.808735e-06
1.806152e-06
1.803574e-06
1.800999e-06
1.798429e-06
1.795862e-06
1.793300e-06
1.790742e-06
1.788188e-06
1.785638e-06
1.783092e-06
1.780550e-06
1.778012e-06
1.775478e-06
1.772948e-06
1.770422e-06
1.767901e-06
1.765383e-06
1.762869e-06
1.760359e-06
1.757853e-06
1.755352e-06
1.752854e-06
1.750360e-06
1.747870e-06
1.745384e-06
1.742902e-06
1.740424e-06
1.737950e-06
1.735479e-06
1.733013e-06
1.730551e-06
1.728092e-06
1.725638e-06
1.723187e-06
1.720740e-06
1.718297e-06
1.715858e-06
1.713423e-06
1.710992e-06
1.708564e-06
1.706141e-06
1.703721e-06
1.701305e-06
1.698893e-06
1.696485e-06
1.694080e-06
1.691680e-06
1.689283e-06
1.686890e-06
1.684501e-06
1.682115e-06
1.679734e-06
1.677356e-06
1.674982e-06
1.672611e-06
1.670245e-06
1.667882e-06
1.665523e-06
1.663168e-06
1.660816e-06
1.658468e-06
1.656124e-06
1.653784e-06
1.651447e-06
1.649114e-06
1.646784e-06
1.644459e-06
1.642137e-06
1.639819e-06
1.637504e-06
1.635193e-06
1.632886e-06
1.630582e-06
1.628282e-06
1.625986e-06
1.623693e-06
1.621404e-06
1.619119e-06
1.616837e-06
1.614558e-06
1.612284e-06
1.610013e-06
1.607745e-06
1.605482e-06
1.603221e-06
1.600965e-06
1.598712e-06
1.596462e-06
1.594216e-06
1.591974e-06
1.589735e-06
1.587499e-06
1.585268e-06
1.583039e-06
1.580814e-06
1.578593e-06
1.576375e-06
1.574161e-06
1.571951e-06
1.569743e-06
1.567540e-06
1.565339e-06
1.563143e-06
1.560949e-06
1.558759e-06
1.556573e-06
1.554390e-06
1.552211e-06
1.550035e-06
1.547862e-06
1.545693e-06
1.543527e-06
1.541365e-06
1.539206e-06
1.537050e-06
1.534898e-06
1.532750e-06
1.530604e-06
1.528462e-06
1.526324e-06
1.524189e-06
1.522057e-06
1.519928e-06
1.517803e-06
1.515682e-06
1.513563e-06
1.511448e-06
1.509336e-06
1.507228e-06
1.505123e-06
1.503021e-06
1.500923e-06
1.498828e-06
1.496736e-06
1.494648e-06
1.492562e-06
1.490481e-06
1.488402e-06
1.486327e-06
1.484255e-06
1.482186e-06
1.480120e-06
1.478058e-06
1.475999e-06
1.473943e-06
1.471890e-06
1.469841e-06
1.467795e-06
1.465752e-06
1.463713e-06
1.461676e-06
1.459643e-06
1.457613e-06
1.455586e-06
1.453562e-06
1.451542e-06
1.449525e-06
1.447511e-06
1.445500e-06
1.443492e-06
1.441487e-06
1.439486e-06
1.437487e-06
1.435492e-06
1.433500e-06
1.431511e-06
1.429526e-06
1.427543e-06
1.425564e-06
1.423587e-06
1.421614e-06
1.419644e-06
1.417677e-06
1.415713e-06
1.413752e-06
1.411794e-06
1.409839e-06
1.407887e-06
1.405939e-06
1.403993e-06
1.402051e-06
1.400111e-06
1.398175e-06
1.396242e-06
1.394311e-06
1.392384e-06
1.390460e-06
1.388539e-06
1.386620e-06
1.384705e-06
1.382793e-06
1.380884e-06
1.378978e-06
1.377075e-06
1.375174e-06
1.373277e-06
1.371383e-06
1.369492e-06
1.367603e-06
1.365718e-06
1.363836e-06
1.361956e-06
1.360080e-06
1.358206e-06
1.356336e-06
1.354468e-06
1.352603e-06
1.350741e-06
1.348883e-06
1.347027e-06
1.345174e-06
1.343323e-06
1.341476e-06
1.339632e-06
1.337790e-06
1.335952e-06
1.334116e-06
1.332283e-06
1.330453e-06
1.328626e-06
1.326802e-06
1.324981e-06
1.323162e-06
1.321346e-06
1.319534e-06
1.317724e-06
1.315917e-06
1.314112e-06
1.312311e-06
1.310512e-06
1.308716e-06
1.306923e-06
1.305133e-06
1.303346e-06
1.301561e-06
1.299779e-06
1.298000e-06
1.296224e-06
1.294450e-06
1.292680e-06
1.290912e-06
1.289147e-06
1.287384e-06
1.285624e-06
1.283868e-06
1.282113e-06
1.280362e-06
1.278613e-06
1.276867e-06
1.275124e-06
1.273384e-06
1.271646e-06
1.269911e-06
1.268179e-06
1.266449e-06
1.264722e-06
1.262998e-06
1.261276e-06
1.259557e-06
1.257841e-06
1.256128e-06
1.254417e-06
1.252709e-06
1.251003e-06
1.249301e-06
1.247600e-06
1.245903e-06
1.244208e-06
1.242516e-06
1.240826e-06
1.239139e-06
1.237455e-06
1.235773e-06
1.234094e-06
1.232418e-06
1.230744e-06
1.229073e-06
1.227404e-06
1.225738e-06
1.224075e-06
1.222414e-06
1.220756e-06
1.219100e-06
1.217447e-06
1.215797e-06
1.214149e-06
1.212504e-06
1.210861e-06
1.209221e-06
1.207583e-06
1.205948e-06
1.204316e-06
1.202686e-06
1.201058e-06
1.199433e-06
1.197811e-06
1.196191e-06
1.194574e-06
1.192959e-06
1.191346e-06
1.189737e-06
1.188129e-06
1.186524e-06
1.184922e-06
1.183322e-06
1.181725e-06
1.180130e-06
1.178538e-06
1.176948e-06
1.175361e-06
1.173776e-06
1.172193e-06
1.170613e-06
1.169036e-06
1.167461e-06
1.165888e-06
1.164318e-06
1.162750e-06
1.161185e-06
1.159622e-06
1.158061e-06
1.156503e-06
1.154948e-06
1.153394e-06
1.151844e-06
1.150295e-06
1.148749e-06
1.147206e-06
1.145664e-06
1.144126e-06
1.142589e-06
1.141055e-06
1.139524e-06
1.137994e-06
1.136467e-06
1.134943e-06
1.133421e-06
1.131901e-06
1.130384e-06
1.128869e-06
1.127356e-06
1.125845e-06
1.124337e-06
1.122832e-06
1.121328e-06
1.119827e-06
1.118329e-06
1.116832e-06
1.115338e-06
1.113846e-06
1.112357e-06
1.110870e-06
1.109385e-06
1.107902e-06
1.106422e-06
1.104944e-06
1.103469e-06
1.101995e-06
1.100524e-06
1.099055e-06
1.097589e-06
1.096125e-06
1.094663e-06
1.093203e-06
1.091745e-06
1.090290e-06
1.088837e-06
1.087387e-06
1.085938e-06
1.084492e-06
1.083048e-06
1.081606e-06
1.080167e-06
1.078729e-06
1.077294e-06
1.075861e-06
1.074431e-06
1.073002e-06
1.071576e-06
1.070152e-06
1.068730e-06
1.067311e-06
1.065893e-06
1.064478e-06
1.063065e-06
1.061654e-06
1.060245e-06
1.058839e-06
1.057435e-06
1.056032e-06
1.054632e-06
1.053234e-06
1.051839e-06
1.050445e-06
1.049054e-06
1.047665e-06
1.046278e-06
1.044893e-06
1.043510e-06
1.042129e-06
1.040751e-06
1.039374e-06
1.038000e-06
1.036628e-06
1.035258e-06
1.033890e-06
1.032524e-06
1.031160e-06
1.029798e-06
1.028439e-06
1.027081e-06
1.025726e-06
1.024373e-06
1.023022e-06
1.021672e-06
1.020325e-06
1.018980e-06
1.017638e-06
1.016297e-06
1.014958e-06
1.013621e-06
1.012287e-06
1.010954e-06
1.009624e-06
1.008295e-06
1.006969e-06
1.005644e-06
1.004322e-06
1.003002e-06
1.001683e-06
1.000367e-06
9.990528e-07
