2.075002e-04
1.787910e-04
1.422012e-04
8.911082e-05
5.625033e-05
8.103127e-05
6.405912e-05
4.781180e-05
2.937754e-05
2.367555e-05
4.134464e-05
3.226410e-05
2.357159e-05
1.415700e-05
1.302595e-05
2.492353e-05
1.939248e-05
1.412493e-05
8.553571e-06
8.493756e-06
1.715151e-05
1.335061e-05
9.742056e-06
5.921566e-06
6.165297e-06
1.273090e-05
9.896279e-06
7.196764e-06
4.361848e-06
4.682724e-06
9.793511e-06
7.603320e-06
5.511351e-06
3.335846e-06
3.660953e-06
7.732901e-06
5.997858e-06
4.337095e-06
2.623919e-06
2.928505e-06
6.239609e-06
4.836109e-06
3.490840e-06
2.111883e-06
2.389248e-06
5.131826e-06
3.975303e-06
2.865917e-06
1.734426e-06
1.984377e-06
4.294677e-06
3.325367e-06
2.395256e-06
1.450535e-06
1.675199e-06
3.651289e-06
2.826174e-06
2.034379e-06
1.232941e-06
1.435272e-06
3.148977e-06
2.436598e-06
1.753098e-06
1.063190e-06
1.246135e-06
2.750391e-06
2.127567e-06
1.530071e-06
9.285021e-07
1.094715e-06
2.429075e-06
1.878500e-06
1.350386e-06
8.198859e-07
