1.947331e-04
1.685229e-04
1.358880e-04
8.937622e-05
5.924425e-05
9.975651e-05
7.887823e-05
5.858408e-05
3.525308e-05
2.867546e-05
5.078985e-05
3.918003e-05
2.769889e-05
1.628132e-05
1.527617e-05
2.974119e-05
2.297849e-05
1.635854e-05
9.835872e-06
1.013662e-05
2.097300e-05
1.619182e-05
1.152752e-05
6.897311e-06
7.456755e-06
1.566873e-05
1.207046e-05
8.552020e-06
5.095701e-06
5.696058e-06
1.208882e-05
9.297158e-06
6.561498e-06
3.903180e-06
4.467755e-06
9.554354e-06
7.338808e-06
5.163950e-06
3.068248e-06
3.576953e-06
7.698088e-06
5.907809e-06
4.148295e-06
2.463417e-06
2.914381e-06
6.308548e-06
4.838668e-06
3.392929e-06
2.014727e-06
2.412589e-06
5.250818e-06
4.026067e-06
2.820876e-06
1.675565e-06
2.026962e-06
4.434125e-06
3.399361e-06
2.380873e-06
1.415007e-06
1.726671e-06
3.795140e-06
2.909421e-06
2.037536e-06
1.211813e-06
1.489832e-06
3.288685e-06
2.521302e-06
1.765881e-06
1.051055e-06
1.300643e-06
2.882064e-06
2.209784e-06
1.547985e-06
9.220664e-07
