1.079871e-02
6.370069e-03
4.871360e-03
5.982168e-03
7.268072e-03
7.630594e-03
4.611306e-03
3.765628e-03
4.417558e-03
5.052071e-03
5.253280e-03
3.190303e-03
2.618796e-03
3.005835e-03
3.371705e-03
3.499016e-03
2.114117e-03
1.718430e-03
1.928398e-03
2.135841e-03
2.214446e-03
1.327473e-03
1.064557e-03
1.177446e-03
1.298056e-03
1.347463e-03
8.037066e-04
6.403277e-04
7.050828e-04
7.777675e-04
8.088876e-04
4.817600e-04
3.836413e-04
4.230143e-04
4.678416e-04
4.874098e-04
2.905362e-04
2.319406e-04
2.565455e-04
2.844519e-04
2.967236e-04
1.771448e-04
1.418280e-04
1.572977e-04
1.747077e-04
1.823850e-04
1.090302e-04
8.748257e-05
9.718974e-05
1.080489e-04
1.128437e-04
6.751856e-05
5.424640e-05
6.031896e-05
6.708849e-05
7.008018e-05
4.195348e-05
3.373082e-05
3.752167e-05
4.174051e-05
4.360623e-05
2.611237e-05
2.100225e-05
2.336622e-05
2.599527e-05
2.715855e-05
1.626568e-05
1.308504e-05
1.455861e-05
1.619704e-05
1.692228e-05
1.013589e-05
8.154730e-06
9.073178e-06
1.009434e-05
1.054648e-05
6.317286e-06
5.082805e-06
5.655269e-06
6.291764e-06
6.573644e-06
3.937668e-06
3.168297e-06
3.525130e-06
3.921888e-06
4.097622e-06
2.454528e-06
1.974976e-06
2.197411e-06
2.444741e-06
2.554301e-06
1.530054e-06
1.231126e-06
1.369790e-06
1.523976e-06
1.592280e-06
9.537830e-07
7.674390e-07
