1.245012e-02
7.134237e-03
5.345140e-03
5.948031e-03
6.652144e-03
6.933873e-03
4.276683e-03
3.617763e-03
4.337947e-03
5.007959e-03
5.229293e-03
3.217611e-03
2.685234e-03
3.090509e-03
3.466389e-03
3.596466e-03
2.185305e-03
1.789370e-03
2.003943e-03
2.214333e-03
2.292471e-03
1.381542e-03
1.116794e-03
1.232315e-03
1.354009e-03
1.402246e-03
8.412649e-04
6.760767e-04
7.422134e-04
8.153510e-04
8.455498e-04
5.067874e-04
4.072174e-04
4.472851e-04
4.923229e-04
5.112880e-04
3.067695e-04
2.471200e-04
2.720847e-04
3.001029e-04
3.119951e-04
1.874829e-04
1.514447e-04
1.671114e-04
1.845875e-04
1.920273e-04
1.155318e-04
9.350905e-05
1.033302e-04
1.142306e-04
1.188771e-04
7.157322e-05
5.799656e-05
6.413785e-05
7.093383e-05
7.383285e-05
4.446921e-05
3.605500e-05
3.988849e-05
4.412437e-05
4.593228e-05
2.766921e-05
2.244006e-05
2.483091e-05
2.747093e-05
2.859818e-05
1.722840e-05
1.397431e-05
1.546495e-05
1.711041e-05
1.781321e-05
1.073150e-05
8.705168e-06
9.634479e-06
1.066013e-05
1.109829e-05
6.686223e-06
5.423969e-06
6.003337e-06
6.642684e-06
6.915854e-06
4.166546e-06
3.380078e-06
3.741287e-06
4.139850e-06
4.310158e-06
2.596741e-06
2.106641e-06
2.331841e-06
2.580310e-06
2.686488e-06
1.618547e-06
1.313095e-06
1.453500e-06
1.608402e-06
1.674599e-06
1.008918e-06
8.185288e-07
