1.079871e-02
8.265218e-03
7.507794e-03
6.594487e-03
5.871185e-03
5.621639e-03
5.342378e-03
5.052650e-03
4.766241e-03
4.491730e-03
4.233990e-03
3.995212e-03
3.817530e-03
3.707696e-03
3.597977e-03
3.489573e-03
3.383398e-03
3.280124e-03
3.180219e-03
3.083991e-03
2.991613e-03
2.903159e-03
2.818627e-03
2.737956e-03
2.661045e-03
2.587764e-03
2.517965e-03
2.451489e-03
2.388169e-03
2.327842e-03
2.270341e-03
2.215508e-03
2.169522e-03
2.130855e-03
2.093087e-03
2.056228e-03
2.020280e-03
1.985243e-03
1.951109e-03
1.917868e-03
1.885508e-03
1.854013e-03
1.823364e-03
1.793543e-03
1.764531e-03
1.736305e-03
1.708844e-03
1.682127e-03
1.656132e-03
1.630836e-03
1.606218e-03
1.582256e-03
1.558929e-03
1.536216e-03
1.514098e-03
1.492553e-03
1.471564e-03
1.451111e-03
1.431176e-03
1.411742e-03
1.392791e-03
1.374308e-03
1.356277e-03
1.338682e-03
1.321509e-03
1.304744e-03
1.288373e-03
1.272383e-03
1.256761e-03
1.241496e-03
1.226576e-03
1.211989e-03
1.197726e-03
1.183775e-03
1.170126e-03
1.156771e-03
1.143700e-03
1.130905e-03
1.118376e-03
1.106106e-03
1.094086e-03
1.082310e-03
1.070770e-03
1.059460e-03
1.048371e-03
1.037499e-03
1.026836e-03
1.016378e-03
1.006117e-03
9.960488e-04
9.861678e-04
9.764687e-04
9.669467e-04
9.575969e-04
9.484147e-04
9.393957e-04
9.305355e-04
9.218300e-04
9.132752e-04
9.048672e-04
8.966022e-04
8.884767e-04
8.804871e-04
8.726301e-04
8.649023e-04
8.573007e-04
8.498221e-04
8.424637e-04
8.352224e-04
8.280956e-04
8.210806e-04
8.141747e-04
8.073754e-04
8.006803e-04
7.940870e-04
7.875931e-04
7.811966e-04
7.748951e-04
7.686866e-04
7.625691e-04
7.565405e-04
7.505990e-04
7.447426e-04
7.389696e-04
7.332782e-04
7.276667e-04
7.221334e-04
7.166767e-04
7.112950e-04
7.059869e-04
7.007507e-04
6.955850e-04
6.904885e-04
6.854597e-04
6.804974e-04
6.756002e-04
6.707668e-04
6.660212e-04
6.614363e-04
6.569070e-04
6.524324e-04
6.480114e-04
6.436431e-04
6.393267e-04
6.350612e-04
6.308458e-04
6.266797e-04
6.225619e-04
6.184918e-04
6.144684e-04
6.104911e-04
6.065590e-04
6.026715e-04
5.988277e-04
5.950271e-04
5.912688e-04
5.875522e-04
5.838766e-04
5.802414e-04
5.766459e-04
5.730895e-04
5.695716e-04
5.660915e-04
5.626488e-04
5.592427e-04
5.558728e-04
5.525385e-04
5.492392e-04
5.459744e-04
5.427436e-04
5.395462e-04
5.363818e-04
5.332499e-04
5.301500e-04
5.270816e-04
5.240442e-04
5.210374e-04
5.180607e-04
5.151138e-04
5.121961e-04
5.093073e-04
5.064469e-04
5.036145e-04
5.008097e-04
4.980322e-04
4.952816e-04
4.925574e-04
4.898593e-04
4.871869e-04
4.845400e-04
4.819181e-04
4.793208e-04
4.767479e-04
4.741991e-04
4.716739e-04
4.691721e-04
4.666933e-04
4.642373e-04
4.618037e-04
4.593923e-04
4.570028e-04
4.546348e-04
4.522880e-04
4.499623e-04
4.476573e-04
4.453728e-04
4.431085e-04
4.408641e-04
4.386394e-04
4.364341e-04
4.342480e-04
4.320809e-04
4.299324e-04
4.278025e-04
4.256907e-04
4.235970e-04
4.215210e-04
4.194627e-04
4.174216e-04
4.153978e-04
4.133908e-04
4.114006e-04
4.094269e-04
4.074695e-04
4.055282e-04
4.036029e-04
4.016933e-04
3.997992e-04
3.979206e-04
3.960571e-04
3.942086e-04
3.923750e-04
3.905560e-04
3.887515e-04
3.869614e-04
3.851854e-04
3.834234e-04
3.816752e-04
3.799407e-04
3.782197e-04
3.765121e-04
3.748177e-04
3.731364e-04
3.714680e-04
3.698124e-04
3.681695e-04
3.665390e-04
3.649209e-04
3.633150e-04
3.617212e-04
3.601393e-04
3.585693e-04
3.570109e-04
3.554642e-04
3.539289e-04
3.524049e-04
3.508921e-04
3.493904e-04
3.478996e-04
3.464197e-04
3.449506e-04
3.434920e-04
3.420440e-04
3.406064e-04
3.391790e-04
3.377619e-04
3.363548e-04
3.349577e-04
3.335705e-04
3.321930e-04
3.308252e-04
3.294670e-04
3.281182e-04
3.267789e-04
3.254488e-04
3.241279e-04
3.228161e-04
3.215133e-04
3.202195e-04
3.189345e-04
3.176582e-04
3.163905e-04
3.151315e-04
3.138809e-04
3.126387e-04
3.114049e-04
3.101793e-04
3.089618e-04
3.077525e-04
3.065511e-04
3.053577e-04
3.041721e-04
3.029943e-04
3.018242e-04
3.006618e-04
2.995069e-04
2.983595e-04
2.972195e-04
2.960868e-04
2.949614e-04
2.938433e-04
2.927323e-04
2.916283e-04
2.905314e-04
2.894415e-04
2.883584e-04
2.872821e-04
2.862126e-04
2.851498e-04
2.840936e-04
2.830440e-04
2.820010e-04
2.809643e-04
2.799341e-04
2.789103e-04
2.778927e-04
2.768814e-04
2.758762e-04
2.748771e-04
2.738842e-04
2.728972e-04
2.719162e-04
2.709411e-04
3.161165e-04
3.476807e-04
4.107021e-04
4.534136e-04
5.353777e-04
5.929077e-04
6.998630e-04
7.771077e-04
9.170656e-04
1.025166e-03
1.204141e-03
1.355433e-03
1.583912e-03
1.792473e-03
2.086764e-03
2.371343e-03
2.753191e-03
3.138769e-03
3.637203e-03
4.157087e-03
4.810897e-03
5.509523e-03
6.370604e-03
7.307280e-03
8.445144e-03
9.699058e-03
1.120694e-02
1.288383e-02
1.488696e-02
1.712804e-02
1.979493e-02
2.278866e-02
2.634649e-02
3.034424e-02
3.509998e-02
4.043653e-02
4.680604e-02
5.392624e-02
6.247469e-02
7.196750e-02
8.346573e-02
9.610670e-02
1.116104e-01
1.284121e-01
1.493737e-01
1.716403e-01
2.000675e-01
2.294427e-01
2.681211e-01
3.065994e-01
3.594018e-01
4.092348e-01
4.815291e-01
5.448711e-01
6.439977e-01
7.249879e-01
8.575916e-01
9.555218e-01
1.131749e+00
1.236091e+00
1.466705e+00
1.605117e+00
1.834260e+00
2.022696e+00
2.142569e+00
2.387123e+00
2.507084e+00
2.508410e+00
2.702375e+00
2.761490e+00
2.644439e+00
2.705246e+00
2.725310e+00
2.534094e+00
2.567725e+00
2.513205e+00
2.351513e+00
2.384093e+00
2.167572e+00
2.235522e+00
2.060843e+00
2.085605e+00
1.904324e+00
1.915121e+00
1.766841e+00
1.860174e+00
2.792279e+00
4.055474e+00
1.501369e+01
2.694348e+01
8.376557e+02
4.594552e+06
7.701327e+13
3.366567e+24
7.820690e+49
2.886652e+55
8.020626e+63
1.216150e+74
4.758743e+104
