1.245012e-02
9.376980e-03
8.424629e-03
7.309443e-03
6.408202e-03
6.085624e-03
5.731998e-03
5.372068e-03
5.022187e-03
4.691948e-03
4.386133e-03
4.106367e-03
3.882729e-03
3.747089e-03
3.613304e-03
3.482737e-03
3.356353e-03
3.234798e-03
3.118465e-03
3.007547e-03
2.902091e-03
2.802035e-03
2.707239e-03
2.617514e-03
2.532632e-03
2.452351e-03
2.376417e-03
2.304575e-03
2.236576e-03
2.172177e-03
2.111147e-03
2.053265e-03
1.998325e-03
1.946132e-03
1.903069e-03
1.863585e-03
1.825330e-03
1.788283e-03
1.752414e-03
1.717695e-03
1.684092e-03
1.651573e-03
1.620101e-03
1.589643e-03
1.560163e-03
1.531627e-03
1.503999e-03
1.477246e-03
1.451334e-03
1.426233e-03
1.401909e-03
1.378333e-03
1.355476e-03
1.333309e-03
1.311805e-03
1.290939e-03
1.270684e-03
1.251018e-03
1.231917e-03
1.213358e-03
1.195322e-03
1.177787e-03
1.160735e-03
1.144147e-03
1.128005e-03
1.112293e-03
1.096994e-03
1.082094e-03
1.067577e-03
1.053430e-03
1.039638e-03
1.026190e-03
1.013073e-03
1.000275e-03
9.877859e-04
9.755938e-04
9.636888e-04
9.520613e-04
9.407018e-04
9.296013e-04
9.187513e-04
9.081435e-04
8.977700e-04
8.876233e-04
8.776961e-04
8.679814e-04
8.584726e-04
8.491632e-04
8.400472e-04
8.311185e-04
8.223716e-04
8.138010e-04
8.054014e-04
7.971678e-04
7.890954e-04
7.811795e-04
7.734156e-04
7.657993e-04
7.583266e-04
7.509934e-04
7.437958e-04
7.367302e-04
7.297929e-04
7.229805e-04
7.162897e-04
7.097171e-04
7.032598e-04
6.969146e-04
6.906788e-04
6.845494e-04
6.785238e-04
6.725994e-04
6.667736e-04
6.610440e-04
6.554083e-04
6.498640e-04
6.444091e-04
6.390413e-04
6.337586e-04
6.285589e-04
6.234404e-04
6.184010e-04
6.134391e-04
6.085528e-04
6.037403e-04
5.990001e-04
5.943305e-04
5.897299e-04
5.851968e-04
5.807296e-04
5.763271e-04
5.719877e-04
5.677102e-04
5.634931e-04
5.593353e-04
5.552354e-04
5.511922e-04
5.472047e-04
5.432716e-04
5.393918e-04
5.355642e-04
5.317878e-04
5.280615e-04
5.243844e-04
5.207555e-04
5.171738e-04
5.136384e-04
5.101484e-04
5.067030e-04
5.033012e-04
4.999423e-04
4.966254e-04
4.933498e-04
4.901146e-04
4.869192e-04
4.837627e-04
4.806445e-04
4.775640e-04
4.745203e-04
4.715128e-04
4.685409e-04
4.656040e-04
4.627014e-04
4.598326e-04
4.569968e-04
4.541937e-04
4.514226e-04
4.486829e-04
4.459741e-04
4.432957e-04
4.406472e-04
4.380281e-04
4.354379e-04
4.328761e-04
4.303422e-04
4.278358e-04
4.253564e-04
4.229037e-04
4.204771e-04
4.180762e-04
4.157007e-04
4.133501e-04
4.110241e-04
4.087222e-04
4.064441e-04
4.041894e-04
4.019578e-04
3.997488e-04
3.975622e-04
3.953976e-04
3.932547e-04
3.911331e-04
3.890326e-04
3.869527e-04
3.848933e-04
3.828539e-04
3.808344e-04
3.788344e-04
3.768537e-04
3.748918e-04
3.729487e-04
3.710240e-04
3.691175e-04
3.672288e-04
3.653578e-04
3.635042e-04
3.616678e-04
3.598483e-04
3.580454e-04
3.562590e-04
3.544888e-04
3.527347e-04
3.509963e-04
3.492735e-04
3.475661e-04
3.458738e-04
3.441965e-04
3.425339e-04
3.408859e-04
3.392523e-04
3.376328e-04
3.360274e-04
3.344357e-04
3.328578e-04
3.312932e-04
3.297420e-04
3.282039e-04
3.266787e-04
3.251663e-04
3.236666e-04
3.221793e-04
3.207044e-04
3.192416e-04
3.177908e-04
3.163519e-04
3.149247e-04
3.135091e-04
3.121049e-04
3.107120e-04
3.093302e-04
3.079595e-04
3.065997e-04
3.052507e-04
3.039123e-04
3.025844e-04
3.012669e-04
2.999596e-04
2.986625e-04
2.973755e-04
2.960983e-04
2.948309e-04
2.935733e-04
2.923252e-04
2.910865e-04
2.898572e-04
2.886372e-04
2.874263e-04
2.862245e-04
2.850316e-04
2.838475e-04
2.826722e-04
2.815056e-04
2.803475e-04
2.791979e-04
2.780566e-04
2.769236e-04
2.757988e-04
2.746821e-04
2.735734e-04
2.724726e-04
2.713797e-04
2.702945e-04
2.692170e-04
2.681471e-04
2.670847e-04
2.660298e-04
2.649822e-04
2.639418e-04
2.629088e-04
2.618828e-04
2.608639e-04
2.598519e-04
2.588469e-04
2.578487e-04
2.568573e-04
2.558726e-04
2.548946e-04
2.539230e-04
2.529581e-04
2.519995e-04
2.510474e-04
2.501015e-04
2.491620e-04
2.482285e-04
2.473013e-04
2.463799e-04
2.454649e-04
2.445555e-04
2.436523e-04
2.427545e-04
2.418630e-04
2.409767e-04
2.400967e-04
2.392216e-04
2.383528e-04
2.374887e-04
2.366310e-04
2.357777e-04
2.349309e-04
2.340880e-04
2.332520e-04
2.324193e-04
2.315939e-04
2.307713e-04
2.299564e-04
2.291434e-04
2.443773e-04
2.659390e-04
3.073992e-04
3.357213e-04
3.901141e-04
4.273333e-04
4.987581e-04
5.476977e-04
6.415747e-04
7.059690e-04
8.294701e-04
9.142625e-04
1.076887e-03
1.188628e-03
1.402968e-03
1.550344e-03
1.833108e-03
2.027651e-03
2.401025e-03
2.679198e-03
3.151531e-03
3.542430e-03
4.144230e-03
4.684519e-03
5.458475e-03
6.196928e-03
7.200009e-03
8.201535e-03
9.509857e-03
1.086087e-02
1.257628e-02
1.439183e-02
1.665083e-02
1.908406e-02
2.206992e-02
2.532457e-02
2.928387e-02
3.363075e-02
3.889605e-02
4.469446e-02
5.171561e-02
5.944094e-02
6.882843e-02
7.910705e-02
9.169266e-02
1.053444e-01
1.222664e-01
1.403537e-01
1.631770e-01
1.870542e-01
2.179409e-01
2.492891e-01
2.912367e-01
3.320451e-01
3.892149e-01
4.416219e-01
5.197642e-01
5.855679e-01
6.925046e-01
7.719302e-01
9.179038e-01
1.016517e+00
1.204109e+00
1.323788e+00
1.548562e+00
1.679416e+00
1.919605e+00
2.030194e+00
2.225089e+00
2.248315e+00
2.287457e+00
2.132752e+00
1.903812e+00
1.546422e+00
1.296114e+00
1.145334e+00
1.291116e+00
1.510789e+00
1.669906e+00
1.890597e+00
2.031000e+00
2.258306e+00
2.445256e+00
2.638881e+00
2.755916e+00
2.861102e+00
3.084302e+00
3.094269e+00
3.229099e+00
3.259919e+00
3.322042e+00
4.968913e+00
5.995573e+00
9.858234e+00
1.462696e+01
3.056827e+01
9.618642e+01
1.163070e+03
9.226884e+06
1.073311e+14
3.658710e+24
7.183704e+48
1.708572e+55
4.747304e+63
7.198236e+73
4.374977e+103
