7.200894e-01
5.883906e-01
3.040111e-01
2.327362e-01
2.061909e-01
2.162587e-01
2.129418e-01
1.957708e-01
1.102115e-01
1.067007e-01
8.658816e-02
7.922756e-02
5.816319e-02
4.742151e-02
3.899765e-02
2.987258e-02
3.244788e-02
2.432851e-02
2.550514e-02
3.136556e-02
2.218116e-02
2.114830e-02
1.305559e-02
1.649405e-02
1.713724e-02
1.633360e-02
2.075673e-02
1.661369e-02
1.534031e-02
1.117941e-02
1.071813e-02
1.169364e-02
8.997216e-03
1.306465e-02
1.395218e-02
9.854319e-03
4.932501e-03
4.204690e-03
4.943169e-03
5.306120e-03
4.734056e-03
4.172293e-03
2.416403e-03
1.072995e-03
2.300012e-03
2.983773e-03
2.645621e-03
2.781423e-03
2.204331e-03
1.860548e-03
1.136033e-03
1.445452e-03
1.748863e-03
2.032989e-03
1.988048e-03
1.543746e-03
1.058636e-03
5.668735e-04
5.856962e-04
1.116469e-03
1.186818e-03
1.201156e-03
1.105814e-03
8.789793e-04
5.875302e-04
3.696958e-04
5.292141e-04
6.519197e-04
8.174331e-04
8.221128e-04
6.098002e-04
3.816707e-04
2.165803e-04
3.498285e-04
5.290934e-04
5.580570e-04
4.397968e-04
1.989231e-04
6.172640e-05
2.468548e-04
3.445072e-04
3.618128e-04
3.040024e-04
1.921314e-04
9.318840e-05
6.795731e-05
1.626866e-04
2.061869e-04
2.060327e-04
1.773440e-04
1.220550e-04
5.403860e-05
1.920026e-05
6.997174e-05
1.054801e-04
1.167791e-04
1.086132e-04
8.142845e-05
4.181573e-05
3.152749e-05
6.034777e-05
7.175227e-05
7.476240e-05
7.076504e-05
5.265152e-05
2.614812e-05
2.272404e-05
3.793824e-05
5.263468e-05
5.846653e-05
5.113427e-05
3.300295e-05
1.214103e-05
1.891853e-05
3.309866e-05
4.190464e-05
4.058749e-05
3.073234e-05
1.568158e-05
2.717011e-06
1.407075e-05
2.258807e-05
2.513251e-05
2.227380e-05
1.558010e-05
7.039560e-06
1.556625e-06
8.189082e-06
1.236558e-05
1.364191e-05
1.226864e-05
8.869406e-06
4.290572e-06
1.961123e-06
5.411941e-06
7.616361e-06
8.762645e-06
8.120718e-06
5.968464e-06
2.843474e-06
1.968677e-06
3.985971e-06
5.587435e-06
6.305651e-06
5.688510e-06
3.977045e-06
1.714051e-06
1.382775e-06
2.966187e-06
4.134789e-06
4.386428e-06
3.697280e-06
2.314738e-06
7.062349e-07
