1.079871e-02
2.590243e-02
3.061214e-02
2.709143e-02
2.108234e-02
1.608166e-02
1.397500e-02
1.286029e-02
1.141193e-02
9.806578e-03
8.385159e-03
7.086428e-03
6.858158e-03
6.510390e-03
6.071646e-03
5.609797e-03
5.125659e-03
4.665097e-03
4.215037e-03
3.806383e-03
3.493411e-03
3.408664e-03
3.300411e-03
3.174605e-03
3.037722e-03
2.893588e-03
2.746501e-03
2.598742e-03
2.453030e-03
2.310584e-03
2.173018e-03
2.040859e-03
1.914975e-03
1.795458e-03
1.682691e-03
1.651633e-03
1.620986e-03
1.586547e-03
1.549081e-03
1.509267e-03
1.467690e-03
1.424864e-03
1.381227e-03
1.337160e-03
1.292985e-03
1.248978e-03
1.205368e-03
1.162349e-03
1.120079e-03
1.078688e-03
1.038278e-03
9.989324e-04
9.607116e-04
9.236614e-04
8.878124e-04
8.531833e-04
8.197820e-04
7.876079e-04
7.566524e-04
7.480095e-04
7.392630e-04
7.298483e-04
7.198521e-04
7.093541e-04
6.984276e-04
6.871394e-04
6.755510e-04
6.637184e-04
6.516928e-04
6.395206e-04
6.272442e-04
6.149018e-04
6.025281e-04
5.901544e-04
5.778087e-04
5.655165e-04
5.533003e-04
5.411802e-04
5.291742e-04
5.172980e-04
5.055657e-04
4.939893e-04
4.825794e-04
4.713451e-04
4.602943e-04
4.494334e-04
4.387679e-04
4.283021e-04
4.180396e-04
4.079830e-04
3.981341e-04
3.884943e-04
3.790639e-04
3.698432e-04
3.608316e-04
3.520281e-04
3.434314e-04
3.350399e-04
3.268515e-04
3.188639e-04
3.126915e-04
3.105017e-04
3.082008e-04
3.057975e-04
3.033003e-04
3.007169e-04
2.980549e-04
2.953213e-04
2.925230e-04
2.896663e-04
2.867571e-04
2.838013e-04
2.808043e-04
2.777710e-04
2.747064e-04
2.716149e-04
2.685010e-04
2.653685e-04
2.622213e-04
2.590630e-04
2.558970e-04
2.527265e-04
2.495543e-04
2.463833e-04
2.432161e-04
2.400551e-04
2.369027e-04
2.337610e-04
2.306320e-04
2.275175e-04
2.244192e-04
2.213388e-04
2.182778e-04
2.152376e-04
2.122193e-04
2.092243e-04
2.062535e-04
2.033080e-04
2.003887e-04
1.974964e-04
1.946319e-04
1.917958e-04
1.889888e-04
1.862114e-04
1.834641e-04
1.807474e-04
1.780615e-04
1.754069e-04
1.727838e-04
1.701925e-04
1.676331e-04
1.651058e-04
1.626108e-04
1.601480e-04
1.577176e-04
1.553195e-04
1.529537e-04
1.506203e-04
1.483191e-04
1.460500e-04
1.438129e-04
1.416077e-04
1.394343e-04
1.372924e-04
1.351819e-04
1.331025e-04
1.310541e-04
1.290364e-04
1.270492e-04
1.250922e-04
1.231651e-04
1.212678e-04
1.193998e-04
1.175609e-04
1.157508e-04
1.139693e-04
1.131449e-04
1.126226e-04
1.120858e-04
1.115353e-04
1.109716e-04
1.103954e-04
1.098074e-04
1.092083e-04
1.085985e-04
1.079788e-04
1.073495e-04
1.067114e-04
1.060649e-04
1.054106e-04
1.047489e-04
1.040803e-04
1.034053e-04
1.027243e-04
1.020378e-04
1.013462e-04
1.006498e-04
9.994916e-05
9.924455e-05
9.853636e-05
9.782495e-05
9.711065e-05
9.639380e-05
9.567471e-05
9.495369e-05
9.423104e-05
9.350704e-05
9.278197e-05
9.205609e-05
9.132965e-05
9.060291e-05
8.987610e-05
8.914945e-05
8.842317e-05
8.769749e-05
8.697260e-05
8.624870e-05
8.552598e-05
8.480461e-05
8.408478e-05
8.336664e-05
8.265037e-05
8.193610e-05
8.122399e-05
8.062114e-05
8.028363e-05
7.994953e-05
7.961880e-05
7.929138e-05
7.896721e-05
7.864624e-05
7.832842e-05
7.801370e-05
7.770204e-05
7.739338e-05
7.708768e-05
7.678488e-05
7.648495e-05
7.618784e-05
7.589351e-05
7.560191e-05
7.531299e-05
7.502673e-05
7.474307e-05
7.446198e-05
7.418342e-05
7.390735e-05
7.363373e-05
7.336252e-05
7.309369e-05
7.282720e-05
7.256302e-05
7.230111e-05
7.204143e-05
7.178396e-05
7.152865e-05
7.127549e-05
7.102443e-05
7.077544e-05
7.052850e-05
7.028357e-05
7.004063e-05
6.979964e-05
6.956057e-05
6.932341e-05
6.908811e-05
6.885466e-05
6.862303e-05
6.839318e-05
6.816510e-05
6.793876e-05
6.771413e-05
6.749119e-05
6.726991e-05
6.705028e-05
6.683227e-05
6.661585e-05
6.640100e-05
6.618770e-05
6.597593e-05
6.576567e-05
6.555690e-05
6.534959e-05
6.514372e-05
6.493928e-05
6.473625e-05
6.453460e-05
6.433431e-05
6.413538e-05
6.393777e-05
6.374148e-05
6.354648e-05
6.335275e-05
6.316029e-05
6.296906e-05
6.277906e-05
6.259027e-05
6.240267e-05
6.221625e-05
6.203099e-05
6.184687e-05
6.166388e-05
6.148201e-05
6.130124e-05
6.112156e-05
6.094294e-05
6.076539e-05
6.058888e-05
6.041339e-05
6.023893e-05
6.006547e-05
5.989300e-05
5.972151e-05
5.955099e-05
5.938142e-05
5.921279e-05
5.904509e-05
5.887831e-05
5.871243e-05
5.854745e-05
5.838335e-05
5.822013e-05
5.805777e-05
5.789625e-05
5.773558e-05
5.757574e-05
5.741672e-05
5.725851e-05
5.710111e-05
5.694449e-05
5.678865e-05
5.663358e-05
5.647928e-05
5.632573e-05
5.617292e-05
5.602085e-05
5.586951e-05
5.571888e-05
5.556896e-05
5.541975e-05
5.527123e-05
5.512339e-05
5.497623e-05
5.482974e-05
5.468391e-05
5.453874e-05
5.439421e-05
5.425032e-05
5.410706e-05
5.396443e-05
5.382242e-05
5.368101e-05
5.354021e-05
5.340001e-05
5.326040e-05
5.312138e-05
5.298293e-05
5.284505e-05
5.270774e-05
5.257099e-05
5.243479e-05
5.229914e-05
5.216403e-05
5.202946e-05
5.189542e-05
5.176190e-05
5.162890e-05
5.149641e-05
5.136444e-05
5.123296e-05
5.110199e-05
5.097150e-05
5.084151e-05
5.071200e-05
5.058296e-05
5.045440e-05
5.032631e-05
5.019868e-05
5.007151e-05
4.994480e-05
4.981853e-05
4.969271e-05
4.956734e-05
4.944240e-05
4.931789e-05
4.919381e-05
4.907016e-05
4.894693e-05
4.882412e-05
4.870172e-05
4.857973e-05
4.845814e-05
4.833696e-05
4.821617e-05
4.809578e-05
4.797578e-05
4.785617e-05
4.773694e-05
4.761809e-05
4.749962e-05
4.738152e-05
4.726380e-05
4.714644e-05
4.702945e-05
4.691282e-05
4.679654e-05
4.668062e-05
4.656506e-05
4.644984e-05
4.633497e-05
4.622045e-05
4.610626e-05
4.599241e-05
4.587890e-05
4.576572e-05
4.565288e-05
4.554036e-05
4.542816e-05
4.531629e-05
4.520473e-05
4.509350e-05
4.498258e-05
4.487197e-05
4.476167e-05
4.465168e-05
4.454200e-05
4.443262e-05
4.432354e-05
4.421476e-05
4.410627e-05
4.399809e-05
4.389019e-05
4.378259e-05
4.367527e-05
4.356824e-05
4.346150e-05
4.335504e-05
4.324886e-05
4.314296e-05
4.303733e-05
4.293199e-05
4.282691e-05
4.272211e-05
4.261758e-05
4.251331e-05
4.240932e-05
4.230558e-05
4.220211e-05
4.209891e-05
4.199596e-05
4.189327e-05
4.179084e-05
4.168866e-05
4.158674e-05
4.148507e-05
4.138365e-05
4.128248e-05
4.118156e-05
4.108089e-05
4.098046e-05
4.088027e-05
4.078033e-05
4.068063e-05
4.058117e-05
4.048195e-05
4.038296e-05
4.028421e-05
4.018570e-05
4.008742e-05
3.998937e-05
3.989156e-05
3.979397e-05
3.969661e-05
3.959948e-05
3.950258e-05
3.940590e-05
3.930945e-05
3.921322e-05
3.911722e-05
3.902143e-05
3.892587e-05
3.883052e-05
3.873540e-05
3.864049e-05
3.854580e-05
3.845132e-05
3.835706e-05
3.826301e-05
3.816917e-05
3.807554e-05
3.798213e-05
3.788893e-05
3.779593e-05
3.770315e-05
3.761057e-05
3.751819e-05
3.742603e-05
3.733407e-05
3.724231e-05
3.715075e-05
3.705940e-05
3.696825e-05
3.687730e-05
3.678655e-05
3.669601e-05
3.660565e-05
3.651550e-05
3.642555e-05
3.633579e-05
3.624623e-05
3.615686e-05
3.606769e-05
3.597871e-05
3.588993e-05
3.580134e-05
3.571294e-05
3.562473e-05
3.553671e-05
3.544888e-05
3.536124e-05
3.527380e-05
3.518654e-05
3.509946e-05
3.501258e-05
3.492588e-05
3.483937e-05
3.475304e-05
3.466690e-05
3.458094e-05
3.449517e-05
3.440958e-05
3.432417e-05
3.423895e-05
3.415391e-05
3.406904e-05
3.398436e-05
3.389986e-05
3.381554e-05
3.373140e-05
3.364744e-05
3.356366e-05
3.348005e-05
3.339663e-05
3.331338e-05
3.323030e-05
3.314741e-05
3.306469e-05
3.298214e-05
3.289977e-05
3.281758e-05
3.273555e-05
3.265371e-05
3.257203e-05
3.249053e-05
3.240920e-05
3.232804e-05
3.224706e-05
3.216624e-05
3.208560e-05
3.200513e-05
3.192483e-05
3.184470e-05
3.176474e-05
3.168494e-05
3.160532e-05
3.152586e-05
3.144658e-05
3.136746e-05
3.128851e-05
3.120972e-05
3.113110e-05
3.105265e-05
3.097437e-05
3.089625e-05
3.081829e-05
3.074051e-05
3.066288e-05
3.058542e-05
3.050813e-05
3.043100e-05
3.035403e-05
3.027723e-05
3.020059e-05
3.012411e-05
3.004780e-05
2.997164e-05
2.989565e-05
2.981982e-05
2.974416e-05
2.966865e-05
2.959330e-05
2.951812e-05
2.944309e-05
2.936823e-05
2.929352e-05
2.921898e-05
2.914459e-05
2.907037e-05
2.899630e-05
2.892239e-05
2.884864e-05
2.877504e-05
2.870161e-05
2.862833e-05
2.855521e-05
2.848224e-05
2.840943e-05
2.833678e-05
2.826429e-05
2.819195e-05
2.811977e-05
2.804774e-05
2.797587e-05
2.790415e-05
2.783259e-05
2.776118e-05
2.768993e-05
2.761883e-05
2.754788e-05
2.747709e-05
2.740646e-05
2.733597e-05
2.726564e-05
2.719546e-05
2.712544e-05
2.705556e-05
2.698584e-05
2.691628e-05
2.684686e-05
2.677759e-05
2.670848e-05
2.663952e-05
2.657071e-05
2.650204e-05
2.643353e-05
2.636517e-05
2.629696e-05
2.622891e-05
2.616100e-05
2.609323e-05
2.602562e-05
2.595816e-05
2.589085e-05
2.582369e-05
2.575667e-05
2.568980e-05
2.562308e-05
2.555651e-05
2.549009e-05
2.542382e-05
2.535769e-05
2.529171e-05
2.522587e-05
2.516019e-05
2.509465e-05
2.502925e-05
2.496401e-05
2.489890e-05
2.483395e-05
2.476914e-05
2.470448e-05
2.463996e-05
2.457558e-05
2.451135e-05
2.444727e-05
2.438333e-05
2.431954e-05
2.425589e-05
2.419238e-05
2.412902e-05
2.406580e-05
2.400273e-05
2.393979e-05
2.387701e-05
2.381436e-05
2.375186e-05
2.368950e-05
2.362728e-05
2.356520e-05
2.350327e-05
2.344148e-05
2.337983e-05
2.331832e-05
2.325696e-05
2.319573e-05
2.313465e-05
2.307370e-05
2.301290e-05
2.295224e-05
2.289171e-05
2.283133e-05
2.277109e-05
2.271099e-05
2.265103e-05
2.259120e-05
2.253152e-05
2.247197e-05
2.241257e-05
2.235330e-05
2.229417e-05
2.223518e-05
2.217633e-05
2.211762e-05
2.205904e-05
2.200060e-05
2.194230e-05
2.188414e-05
2.182611e-05
2.176822e-05
2.171047e-05
2.165285e-05
2.159537e-05
2.153803e-05
2.148082e-05
2.142375e-05
2.136681e-05
2.131001e-05
2.125335e-05
2.119682e-05
2.114042e-05
2.108416e-05
2.102804e-05
2.097205e-05
2.091619e-05
2.086047e-05
2.080488e-05
2.074943e-05
2.069411e-05
2.063892e-05
2.058387e-05
2.052894e-05
2.047416e-05
2.041950e-05
2.036498e-05
2.031059e-05
2.025633e-05
2.020220e-05
2.014821e-05
2.009435e-05
2.004061e-05
1.998701e-05
1.993355e-05
1.988021e-05
1.982700e-05
1.977392e-05
1.972098e-05
1.966816e-05
1.961548e-05
1.956292e-05
1.951049e-05
1.945820e-05
1.940603e-05
1.935399e-05
1.930208e-05
1.925030e-05
1.919865e-05
1.914713e-05
1.909573e-05
1.904446e-05
1.899332e-05
1.894231e-05
1.889143e-05
1.884067e-05
1.879004e-05
1.873954e-05
1.868916e-05
1.863891e-05
1.858879e-05
1.853880e-05
1.848892e-05
1.843918e-05
1.838956e-05
1.834007e-05
1.829070e-05
1.824146e-05
1.819234e-05
1.814334e-05
1.809448e-05
1.804573e-05
1.799711e-05
1.794861e-05
1.790024e-05
1.785199e-05
1.780387e-05
1.775587e-05
1.770799e-05
1.766023e-05
1.761260e-05
1.756509e-05
1.751770e-05
1.747043e-05
1.742329e-05
1.737626e-05
1.732936e-05
1.728258e-05
1.723592e-05
1.718939e-05
1.714297e-05
1.709667e-05
1.705050e-05
1.700444e-05
1.695851e-05
1.691269e-05
1.686700e-05
1.682142e-05
1.677596e-05
1.673063e-05
1.668541e-05
1.664031e-05
1.659532e-05
1.655046e-05
1.650572e-05
1.646109e-05
1.641658e-05
1.637219e-05
1.632791e-05
1.628376e-05
1.623971e-05
1.619579e-05
1.615198e-05
1.610829e-05
1.606472e-05
1.602126e-05
1.597792e-05
1.593469e-05
1.589158e-05
1.584858e-05
1.580570e-05
1.576294e-05
1.572028e-05
1.567775e-05
1.563532e-05
1.559301e-05
1.555082e-05
1.550874e-05
1.546677e-05
1.542491e-05
1.538317e-05
1.534154e-05
1.530003e-05
1.525862e-05
1.521733e-05
1.517615e-05
1.513509e-05
1.509413e-05
1.505329e-05
1.501255e-05
1.497193e-05
1.493142e-05
1.489102e-05
1.485073e-05
1.481055e-05
1.477048e-05
1.473052e-05
1.469067e-05
1.465093e-05
1.461130e-05
1.457178e-05
1.453236e-05
1.449306e-05
1.445386e-05
1.441478e-05
1.437580e-05
1.433692e-05
1.429816e-05
1.425950e-05
1.422095e-05
1.418251e-05
1.414418e-05
1.410595e-05
1.406783e-05
1.402981e-05
1.399190e-05
1.395410e-05
1.391640e-05
1.387880e-05
1.384132e-05
1.380393e-05
1.376666e-05
1.372948e-05
1.369241e-05
1.365545e-05
1.361859e-05
1.358183e-05
1.354518e-05
1.350863e-05
1.347218e-05
1.343584e-05
1.339960e-05
1.336346e-05
1.332743e-05
1.329149e-05
1.325566e-05
1.321993e-05
1.318431e-05
1.314878e-05
1.311335e-05
1.307803e-05
1.304281e-05
1.300768e-05
1.297266e-05
1.293774e-05
1.290291e-05
1.286819e-05
1.283357e-05
1.279904e-05
1.276462e-05
1.273029e-05
1.269607e-05
1.266194e-05
1.262791e-05
1.259397e-05
1.256014e-05
1.252640e-05
1.249276e-05
1.245922e-05
1.242578e-05
1.239243e-05
1.235918e-05
1.232602e-05
1.229296e-05
1.226000e-05
1.222714e-05
1.219436e-05
1.216169e-05
1.212911e-05
1.209662e-05
1.206423e-05
1.203194e-05
1.199973e-05
1.196763e-05
1.193561e-05
1.190369e-05
1.187187e-05
1.184013e-05
1.180849e-05
1.177695e-05
1.174549e-05
1.171413e-05
1.168286e-05
1.165169e-05
1.162060e-05
1.158961e-05
1.155871e-05
1.152790e-05
1.149718e-05
1.146655e-05
1.143601e-05
1.140556e-05
1.137521e-05
1.134494e-05
1.131476e-05
1.128468e-05
1.125468e-05
1.122477e-05
1.119495e-05
1.116522e-05
1.113558e-05
1.110602e-05
1.107656e-05
1.104718e-05
1.101789e-05
1.098869e-05
1.095958e-05
1.093055e-05
1.090161e-05
1.087276e-05
1.084399e-05
1.081531e-05
1.078671e-05
1.075821e-05
1.072978e-05
1.070145e-05
1.067320e-05
1.064503e-05
1.061695e-05
1.058895e-05
1.056104e-05
1.053321e-05
1.050547e-05
1.047781e-05
1.045023e-05
1.042274e-05
1.039533e-05
1.036801e-05
1.034077e-05
1.031361e-05
1.028653e-05
1.025953e-05
1.023262e-05
1.020579e-05
1.017904e-05
1.015237e-05
1.012579e-05
1.009928e-05
1.007286e-05
1.004651e-05
1.002025e-05
9.994067e-06
9.967964e-06
9.941942e-06
9.915999e-06
9.890135e-06
9.864351e-06
9.838646e-06
9.813020e-06
9.787473e-06
9.762004e-06
9.736614e-06
9.711301e-06
9.686067e-06
9.660910e-06
9.635831e-06
9.610829e-06
9.585905e-06
9.561057e-06
9.536286e-06
9.511592e-06
9.486973e-06
9.462432e-06
9.437966e-06
9.413575e-06
9.389261e-06
9.365021e-06
9.340857e-06
9.316768e-06
9.292754e-06
9.268814e-06
9.244948e-06
9.221157e-06
9.197440e-06
9.173796e-06
9.150226e-06
9.126730e-06
9.103306e-06
9.079956e-06
9.056679e-06
9.033474e-06
9.010342e-06
8.987281e-06
8.964293e-06
8.941377e-06
8.918533e-06
8.895759e-06
8.873058e-06
8.850427e-06
8.827867e-06
8.805378e-06
8.782959e-06
8.760611e-06
8.738333e-06
8.716124e-06
8.693986e-06
8.671917e-06
8.649917e-06
8.627987e-06
8.606125e-06
8.584333e-06
8.562609e-06
8.540953e-06
8.519366e-06
8.497846e-06
8.476395e-06
8.455011e-06
8.433695e-06
8.412446e-06
8.391264e-06
8.370149e-06
8.349100e-06
8.328118e-06
8.307203e-06
8.286354e-06
8.265570e-06
8.244853e-06
8.224201e-06
8.203615e-06
8.183093e-06
8.162637e-06
8.142246e-06
8.121919e-06
8.101657e-06
8.081459e-06
8.061326e-06
8.041256e-06
8.021250e-06
8.001308e-06
7.981429e-06
7.961613e-06
7.941860e-06
7.922171e-06
7.902544e-06
7.882979e-06
7.863477e-06
7.844036e-06
7.824658e-06
7.805342e-06
7.786087e-06
7.766894e-06
7.747761e-06
7.728690e-06
7.709680e-06
7.690731e-06
7.671842e-06
7.653013e-06
7.634244e-06
7.615536e-06
7.596887e-06
7.578298e-06
7.559769e-06
7.541299e-06
7.522887e-06
7.504535e-06
7.486242e-06
7.468007e-06
7.449831e-06
7.431712e-06
7.413652e-06
7.395650e-06
7.377706e-06
7.359819e-06
7.341989e-06
7.324217e-06
7.306502e-06
7.288843e-06
7.271241e-06
7.253696e-06
7.236207e-06
7.218774e-06
7.201398e-06
7.184077e-06
7.166812e-06
7.149602e-06
7.132448e-06
7.115349e-06
7.098304e-06
7.081315e-06
7.064380e-06
7.047500e-06
7.030674e-06
7.013902e-06
6.997185e-06
6.980521e-06
6.963911e-06
6.947354e-06
6.930850e-06
6.914400e-06
6.898003e-06
6.881658e-06
6.865367e-06
6.849127e-06
6.832940e-06
6.816806e-06
6.800723e-06
6.784692e-06
6.768713e-06
6.752786e-06
6.736909e-06
6.721084e-06
6.708501e-06
6.701421e-06
6.694345e-06
6.687274e-06
6.680208e-06
6.673146e-06
6.666090e-06
6.659038e-06
6.651991e-06
6.644949e-06
6.637912e-06
6.630880e-06
6.623852e-06
6.616829e-06
6.609811e-06
6.602798e-06
6.595790e-06
6.588786e-06
6.581788e-06
6.574794e-06
6.567804e-06
6.560820e-06
6.553840e-06
6.546865e-06
6.539895e-06
6.532930e-06
6.525969e-06
6.519013e-06
6.512062e-06
6.505116e-06
6.498175e-06
6.491238e-06
6.484306e-06
6.477379e-06
6.470456e-06
6.463538e-06
6.456625e-06
6.449717e-06
6.442813e-06
6.435915e-06
6.429021e-06
6.422131e-06
6.415247e-06
6.408367e-06
6.401492e-06
6.394621e-06
6.387755e-06
6.380894e-06
6.374038e-06
6.367187e-06
6.360340e-06
6.353498e-06
6.346660e-06
6.339827e-06
6.332999e-06
6.326176e-06
6.319357e-06
6.312543e-06
6.305734e-06
6.298929e-06
6.292130e-06
6.285334e-06
6.278544e-06
6.271758e-06
6.264977e-06
6.258200e-06
6.251429e-06
6.244661e-06
6.237899e-06
6.231141e-06
6.224388e-06
6.217640e-06
6.210896e-06
6.204157e-06
6.197422e-06
6.190692e-06
6.183967e-06
6.177247e-06
6.170531e-06
6.163820e-06
6.157113e-06
6.150411e-06
6.143714e-06
6.137021e-06
6.130333e-06
6.123650e-06
6.116971e-06
6.110297e-06
6.103628e-06
6.096963e-06
6.090303e-06
6.083647e-06
6.076996e-06
6.070350e-06
6.063708e-06
6.057071e-06
6.050439e-06
6.043811e-06
6.037188e-06
6.030569e-06
6.023955e-06
6.017346e-06
6.010741e-06
6.004141e-06
5.997545e-06
5.990954e-06
5.984368e-06
5.977786e-06
5.971209e-06
5.964636e-06
5.958068e-06
5.951505e-06
5.944946e-06
5.938392e-06
5.931842e-06
5.925297e-06
5.918757e-06
5.912221e-06
5.905690e-06
5.899163e-06
5.892641e-06
5.886123e-06
5.879610e-06
5.873102e-06
5.866598e-06
5.860099e-06
5.853604e-06
5.847114e-06
5.840629e-06
5.834148e-06
5.827672e-06
5.821200e-06
5.814733e-06
5.808270e-06
5.801812e-06
5.795358e-06
5.788909e-06
5.782465e-06
5.776025e-06
5.769590e-06
5.763159e-06
5.756733e-06
5.750311e-06
5.743894e-06
5.737481e-06
5.731073e-06
5.724670e-06
5.718271e-06
5.711877e-06
5.705487e-06
5.699101e-06
5.692721e-06
5.686344e-06
5.679973e-06
5.673606e-06
5.667243e-06
5.660885e-06
5.654531e-06
5.648182e-06
5.641838e-06
5.635498e-06
5.629163e-06
5.622832e-06
5.616505e-06
5.610184e-06
5.603866e-06
5.597554e-06
5.591245e-06
5.584942e-06
5.578642e-06
5.572348e-06
5.566058e-06
5.559772e-06
5.553491e-06
5.547214e-06
5.540942e-06
5.534675e-06
5.528412e-06
5.522153e-06
5.515899e-06
5.509650e-06
5.503405e-06
5.497164e-06
5.490928e-06
5.484697e-06
5.478470e-06
5.472247e-06
5.466029e-06
5.459816e-06
5.453607e-06
5.447403e-06
5.441203e-06
5.435007e-06
5.428816e-06
5.422630e-06
5.416448e-06
5.410271e-06
5.404098e-06
5.397929e-06
5.391765e-06
5.385606e-06
5.379451e-06
5.373301e-06
5.367155e-06
5.361013e-06
5.354876e-06
5.348744e-06
5.342616e-06
5.336492e-06
5.330373e-06
5.324259e-06
5.318149e-06
5.312043e-06
5.305942e-06
5.299846e-06
5.293754e-06
5.287666e-06
5.281583e-06
5.275505e-06
5.269430e-06
5.263361e-06
5.257296e-06
5.251235e-06
5.245179e-06
5.239127e-06
5.233080e-06
5.227037e-06
5.220999e-06
5.214965e-06
5.208936e-06
5.202911e-06
5.196890e-06
5.190875e-06
5.184863e-06
5.178856e-06
5.172854e-06
5.166856e-06
5.160862e-06
5.154873e-06
5.148889e-06
5.142909e-06
5.136933e-06
5.130962e-06
5.124995e-06
5.119033e-06
5.113075e-06
5.107122e-06
5.101173e-06
5.095229e-06
5.089289e-06
5.083354e-06
5.077423e-06
5.071496e-06
5.065574e-06
5.059657e-06
5.053744e-06
5.047835e-06
5.041931e-06
5.036031e-06
5.030136e-06
5.024245e-06
5.018359e-06
5.012477e-06
5.006600e-06
5.000727e-06
4.994858e-06
4.988995e-06
4.983135e-06
4.977280e-06
4.971429e-06
4.965583e-06
4.959742e-06
4.953904e-06
4.948072e-06
4.942243e-06
4.936419e-06
4.930600e-06
4.924785e-06
4.918975e-06
4.913169e-06
4.907367e-06
4.901570e-06
4.895777e-06
4.889989e-06
4.884205e-06
4.878426e-06
4.872651e-06
4.866881e-06
4.861115e-06
4.855353e-06
4.849596e-06
4.843844e-06
4.838096e-06
4.832352e-06
4.826613e-06
4.820878e-06
4.815148e-06
4.809422e-06
4.803700e-06
4.797984e-06
4.792271e-06
4.786563e-06
4.780859e-06
4.775160e-06
4.769465e-06
4.763775e-06
4.758089e-06
4.752408e-06
4.746731e-06
4.741059e-06
4.735390e-06
4.729727e-06
4.724068e-06
4.718413e-06
4.712763e-06
4.707117e-06
4.701476e-06
4.695839e-06
4.690206e-06
4.684578e-06
4.678955e-06
4.673335e-06
4.667721e-06
4.662110e-06
4.656505e-06
4.650903e-06
4.645306e-06
4.639714e-06
4.634126e-06
4.628542e-06
4.622963e-06
4.617388e-06
4.611818e-06
4.606252e-06
4.600691e-06
4.595134e-06
4.589581e-06
4.584033e-06
4.578489e-06
4.572950e-06
4.567415e-06
4.561885e-06
4.556359e-06
4.550838e-06
4.545321e-06
4.539808e-06
4.534300e-06
4.528796e-06
4.523297e-06
4.517802e-06
4.512312e-06
4.506826e-06
4.501344e-06
4.495867e-06
4.490395e-06
4.484926e-06
4.479462e-06
4.474003e-06
4.468548e-06
4.463098e-06
4.457652e-06
4.452210e-06
4.446773e-06
4.441340e-06
4.435912e-06
4.430488e-06
4.425068e-06
4.419653e-06
4.414243e-06
4.408837e-06
4.403435e-06
4.398038e-06
4.392645e-06
4.387256e-06
4.381872e-06
4.376493e-06
4.371118e-06
4.365747e-06
4.360381e-06
4.355019e-06
4.349661e-06
4.344308e-06
4.338960e-06
4.333616e-06
4.328276e-06
4.322941e-06
4.317610e-06
4.312283e-06
4.306961e-06
4.301644e-06
4.296330e-06
4.291022e-06
4.285717e-06
4.280418e-06
4.275122e-06
4.269831e-06
4.264544e-06
4.259262e-06
4.253984e-06
4.248711e-06
4.243442e-06
4.238178e-06
4.232918e-06
4.227662e-06
4.222411e-06
4.217164e-06
4.211922e-06
4.206684e-06
4.201450e-06
4.196221e-06
4.190996e-06
4.185776e-06
4.180560e-06
4.175349e-06
4.170142e-06
4.164939e-06
4.159741e-06
4.154547e-06
4.149358e-06
4.144173e-06
4.138992e-06
4.133816e-06
4.128645e-06
4.123477e-06
4.118314e-06
4.113156e-06
4.108002e-06
4.102852e-06
4.097707e-06
4.092566e-06
4.087430e-06
4.082298e-06
4.077171e-06
4.072048e-06
4.066929e-06
4.061815e-06
4.056705e-06
4.051599e-06
4.046498e-06
4.041402e-06
4.036309e-06
4.031221e-06
4.026138e-06
4.021059e-06
4.015984e-06
4.010914e-06
4.005848e-06
4.000787e-06
3.995730e-06
3.990678e-06
3.985629e-06
3.980586e-06
3.975546e-06
3.970511e-06
3.965481e-06
3.960455e-06
3.955433e-06
3.950416e-06
3.945403e-06
3.940394e-06
3.935390e-06
3.930391e-06
3.925395e-06
3.920404e-06
3.915418e-06
3.910436e-06
3.905458e-06
3.900485e-06
3.895516e-06
3.890551e-06
3.885591e-06
3.880636e-06
3.875684e-06
3.870737e-06
3.865795e-06
3.860857e-06
3.855923e-06
3.850994e-06
3.846069e-06
3.841148e-06
3.836232e-06
3.831320e-06
3.826413e-06
3.821510e-06
3.816611e-06
3.811717e-06
3.806827e-06
3.801942e-06
3.797061e-06
3.792184e-06
3.787312e-06
3.782444e-06
3.777581e-06
3.772722e-06
3.767867e-06
3.763017e-06
3.758171e-06
3.753329e-06
3.748492e-06
3.743659e-06
3.738831e-06
3.734007e-06
3.729187e-06
3.724372e-06
3.719561e-06
3.714755e-06
3.709953e-06
3.705155e-06
3.700362e-06
3.695573e-06
3.690788e-06
3.686008e-06
3.681232e-06
3.676461e-06
3.671694e-06
3.666931e-06
3.662173e-06
3.657419e-06
3.652669e-06
3.647924e-06
3.643183e-06
3.638447e-06
3.633714e-06
3.628987e-06
3.624263e-06
3.619544e-06
3.614830e-06
3.610120e-06
3.605414e-06
3.600712e-06
3.596015e-06
3.591322e-06
3.586634e-06
3.581950e-06
3.577270e-06
3.572595e-06
3.567924e-06
3.563257e-06
3.558595e-06
3.553937e-06
3.549283e-06
3.544634e-06
3.539989e-06
3.535349e-06
3.530713e-06
3.526081e-06
3.521453e-06
3.516830e-06
3.512212e-06
3.507597e-06
3.502987e-06
3.498382e-06
3.493780e-06
3.489183e-06
3.484591e-06
3.480002e-06
3.475418e-06
3.470839e-06
3.466264e-06
3.461693e-06
3.457126e-06
3.452564e-06
3.448006e-06
3.443452e-06
3.438903e-06
3.434358e-06
3.429818e-06
3.425282e-06
3.420750e-06
3.416222e-06
3.411699e-06
3.407180e-06
3.402666e-06
3.398156e-06
3.393650e-06
3.389148e-06
3.384651e-06
3.380158e-06
3.375669e-06
3.371185e-06
3.366705e-06
3.362230e-06
3.357759e-06
3.353292e-06
3.348829e-06
3.344371e-06
3.339917e-06
3.335467e-06
3.331022e-06
3.326581e-06
3.322144e-06
3.317712e-06
3.313284e-06
3.308860e-06
3.304440e-06
3.300025e-06
3.295614e-06
3.291208e-06
3.286806e-06
3.282408e-06
3.278014e-06
3.273625e-06
3.269240e-06
3.264859e-06
3.260483e-06
3.256111e-06
3.251743e-06
3.247379e-06
3.243020e-06
3.238665e-06
3.234315e-06
3.229968e-06
3.225626e-06
3.221289e-06
3.216955e-06
3.212626e-06
3.208301e-06
3.203981e-06
3.199664e-06
3.195352e-06
3.191045e-06
3.186741e-06
3.182442e-06
3.178147e-06
3.173857e-06
3.169570e-06
3.165288e-06
3.161011e-06
3.156737e-06
3.152468e-06
3.148203e-06
3.143942e-06
3.139686e-06
3.135434e-06
3.131186e-06
3.126942e-06
3.122703e-06
3.118468e-06
3.114237e-06
3.110011e-06
3.105789e-06
3.101571e-06
3.097357e-06
3.093147e-06
3.088942e-06
3.084741e-06
3.080544e-06
3.076352e-06
3.072164e-06
3.067980e-06
3.063800e-06
3.059625e-06
3.055453e-06
3.051286e-06
3.047124e-06
3.042965e-06
3.038811e-06
3.034661e-06
3.030515e-06
3.026373e-06
3.022236e-06
3.018103e-06
3.013974e-06
3.009850e-06
3.005729e-06
3.001613e-06
2.997501e-06
2.993394e-06
2.989290e-06
2.985191e-06
2.981096e-06
2.977005e-06
2.972918e-06
2.968836e-06
2.964758e-06
2.960684e-06
2.956614e-06
2.952549e-06
2.948487e-06
2.944430e-06
2.940377e-06
2.936329e-06
2.932284e-06
2.928244e-06
2.924208e-06
2.920176e-06
2.916149e-06
2.912125e-06
2.908106e-06
2.904091e-06
2.900080e-06
2.896073e-06
2.892071e-06
2.888072e-06
2.884078e-06
2.880088e-06
2.876103e-06
2.872121e-06
2.868144e-06
2.864170e-06
2.860201e-06
2.856237e-06
2.852276e-06
2.848319e-06
2.844367e-06
2.840419e-06
2.836475e-06
2.832535e-06
2.828600e-06
2.824668e-06
2.820741e-06
2.816818e-06
2.812899e-06
2.808984e-06
2.805073e-06
2.801167e-06
2.797264e-06
2.793366e-06
2.789472e-06
2.785582e-06
2.781696e-06
2.777815e-06
2.773937e-06
2.770064e-06
2.766195e-06
2.762329e-06
2.758469e-06
2.754612e-06
2.750759e-06
2.746911e-06
2.743066e-06
2.739226e-06
2.735390e-06
2.731558e-06
2.727730e-06
2.723906e-06
2.720086e-06
2.716271e-06
2.712459e-06
2.708652e-06
2.704849e-06
2.701050e-06
2.697255e-06
2.693464e-06
2.689677e-06
2.685895e-06
2.682116e-06
2.678342e-06
2.674571e-06
2.670805e-06
2.667043e-06
2.663285e-06
2.659531e-06
2.655781e-06
2.652035e-06
2.648294e-06
2.644556e-06
2.640822e-06
2.637093e-06
2.633368e-06
2.629646e-06
2.625929e-06
2.622216e-06
2.618507e-06
2.614802e-06
2.611101e-06
2.607404e-06
2.603711e-06
2.600022e-06
2.596338e-06
2.592657e-06
2.588981e-06
2.585308e-06
2.581640e-06
2.577975e-06
2.574315e-06
2.570659e-06
2.567006e-06
2.563358e-06
2.559714e-06
2.556074e-06
2.552438e-06
2.548806e-06
2.545178e-06
2.541554e-06
2.537934e-06
2.534318e-06
2.530706e-06
2.527098e-06
2.523494e-06
2.519894e-06
2.516298e-06
2.512706e-06
2.509119e-06
2.505535e-06
2.501955e-06
2.498379e-06
2.494807e-06
2.491240e-06
2.487676e-06
2.484116e-06
2.480560e-06
2.477009e-06
2.473461e-06
2.469917e-06
2.466377e-06
2.462841e-06
2.459310e-06
2.455782e-06
2.452258e-06
2.448738e-06
2.445222e-06
2.441710e-06
2.438202e-06
2.434698e-06
2.431198e-06
2.427702e-06
2.424210e-06
2.420722e-06
2.417238e-06
2.413758e-06
2.410281e-06
2.406809e-06
2.403341e-06
2.399876e-06
2.396416e-06
2.392959e-06
2.389507e-06
2.386058e-06
2.382614e-06
2.379173e-06
2.375736e-06
2.372303e-06
2.368874e-06
2.365449e-06
2.362028e-06
2.358611e-06
2.355198e-06
2.351788e-06
2.348383e-06
2.344982e-06
2.341584e-06
2.338190e-06
2.334801e-06
2.331415e-06
2.328033e-06
2.324655e-06
2.321281e-06
2.317910e-06
2.314544e-06
2.311181e-06
2.307823e-06
2.304468e-06
2.301117e-06
2.297770e-06
2.294427e-06
2.291088e-06
2.287753e-06
2.284422e-06
2.281094e-06
2.277770e-06
2.274451e-06
2.271135e-06
2.267823e-06
2.264514e-06
2.261210e-06
2.257909e-06
2.254613e-06
2.251320e-06
2.248031e-06
2.244746e-06
2.241465e-06
2.238187e-06
2.234914e-06
2.231644e-06
2.228378e-06
2.225116e-06
2.221858e-06
2.218603e-06
2.215353e-06
2.212106e-06
2.208863e-06
2.205624e-06
2.202389e-06
2.199157e-06
2.195929e-06
2.192706e-06
2.189485e-06
2.186269e-06
2.183057e-06
2.179848e-06
2.176643e-06
2.173442e-06
2.170245e-06
2.167051e-06
2.163862e-06
2.160676e-06
2.157493e-06
2.154315e-06
2.151141e-06
2.147970e-06
2.144803e-06
2.141639e-06
2.138480e-06
2.135324e-06
2.132172e-06
2.129024e-06
2.125879e-06
2.122739e-06
2.119602e-06
2.116469e-06
2.113339e-06
2.110213e-06
2.107091e-06
2.103973e-06
2.100859e-06
2.097748e-06
2.094641e-06
2.091537e-06
2.088438e-06
2.085342e-06
2.082250e-06
2.079161e-06
2.076077e-06
2.072996e-06
2.069919e-06
2.066845e-06
2.063775e-06
2.060709e-06
2.057646e-06
2.054588e-06
2.051533e-06
2.048481e-06
2.045434e-06
2.042390e-06
2.039349e-06
2.036313e-06
2.033280e-06
2.030251e-06
2.027225e-06
2.024203e-06
2.021185e-06
2.018170e-06
2.015159e-06
2.012152e-06
2.009148e-06
2.006149e-06
2.003152e-06
2.000160e-06
1.997171e-06
1.994185e-06
1.991204e-06
1.988226e-06
1.985251e-06
1.982280e-06
1.979313e-06
1.976350e-06
1.973390e-06
1.970434e-06
1.967481e-06
1.964532e-06
1.961587e-06
1.958645e-06
1.955707e-06
1.952772e-06
1.949841e-06
1.946914e-06
1.943990e-06
1.941070e-06
1.938154e-06
1.935241e-06
1.932331e-06
1.929425e-06
1.926523e-06
1.923625e-06
1.920730e-06
1.917838e-06
1.914950e-06
1.912066e-06
1.909185e-06
1.906308e-06
1.903435e-06
1.900565e-06
1.897698e-06
1.894835e-06
1.891976e-06
1.889120e-06
1.886268e-06
1.883419e-06
1.880574e-06
1.877732e-06
1.874894e-06
1.872059e-06
1.869228e-06
1.866401e-06
1.863577e-06
1.860756e-06
1.857939e-06
1.855126e-06
1.852316e-06
1.849510e-06
1.846707e-06
1.843907e-06
1.841112e-06
1.838319e-06
1.835530e-06
1.832745e-06
1.829963e-06
1.827185e-06
1.824410e-06
1.821638e-06
1.818870e-06
1.816106e-06
1.813345e-06
1.810587e-06
1.807833e-06
1.805083e-06
1.802335e-06
1.799592e-06
1.796852e-06
1.794115e-06
1.791381e-06
1.788652e-06
1.785925e-06
1.783202e-06
1.780483e-06
1.777767e-06
1.775054e-06
1.772345e-06
1.769639e-06
1.766937e-06
1.764238e-06
1.761542e-06
1.758850e-06
1.756161e-06
1.753476e-06
1.750794e-06
1.748116e-06
1.745441e-06
1.742769e-06
1.740101e-06
1.737436e-06
1.734775e-06
1.732117e-06
1.729462e-06
1.726811e-06
1.724163e-06
1.721518e-06
1.718877e-06
1.716239e-06
1.713605e-06
1.710974e-06
1.708346e-06
1.705722e-06
1.703101e-06
1.700483e-06
1.697869e-06
1.695258e-06
1.692651e-06
1.690046e-06
1.687445e-06
1.684848e-06
1.682254e-06
1.679663e-06
1.677075e-06
1.674491e-06
1.671910e-06
1.669333e-06
1.666758e-06
1.664188e-06
1.661620e-06
1.659056e-06
1.656495e-06
1.653937e-06
1.651383e-06
1.648831e-06
1.646284e-06
1.643739e-06
1.641198e-06
1.638660e-06
1.636125e-06
1.633594e-06
1.631066e-06
1.628541e-06
1.626020e-06
1.623501e-06
1.620986e-06
1.618475e-06
1.615966e-06
1.613461e-06
1.610959e-06
1.608460e-06
1.605965e-06
1.603472e-06
1.600983e-06
1.598498e-06
1.596015e-06
1.593536e-06
1.591060e-06
1.588587e-06
1.586117e-06
1.583651e-06
1.581188e-06
1.578728e-06
1.576271e-06
1.573818e-06
1.571367e-06
1.568920e-06
1.566476e-06
1.564036e-06
1.561598e-06
1.559164e-06
1.556733e-06
1.554305e-06
1.551880e-06
1.549458e-06
1.547040e-06
1.544625e-06
1.542213e-06
1.539804e-06
1.537398e-06
1.534995e-06
1.532596e-06
1.530200e-06
1.527807e-06
1.525417e-06
1.523030e-06
1.520646e-06
1.518266e-06
1.515888e-06
1.513514e-06
1.511143e-06
1.508775e-06
1.506410e-06
1.504048e-06
1.501690e-06
1.499334e-06
1.496982e-06
1.494633e-06
1.492287e-06
1.489943e-06
1.487604e-06
1.485267e-06
1.482933e-06
1.480602e-06
1.478275e-06
1.475950e-06
1.473629e-06
1.471310e-06
1.468995e-06
1.466683e-06
1.464374e-06
1.462068e-06
1.459765e-06
1.457465e-06
1.455168e-06
1.452875e-06
1.450584e-06
1.448296e-06
1.446012e-06
1.443730e-06
1.441451e-06
1.439176e-06
1.436903e-06
1.434634e-06
1.432368e-06
1.430104e-06
1.427844e-06
1.425587e-06
1.423332e-06
1.421081e-06
1.418833e-06
1.416588e-06
1.414345e-06
1.412106e-06
1.409870e-06
1.407637e-06
1.405406e-06
1.403179e-06
1.400955e-06
1.398734e-06
1.396515e-06
1.394300e-06
1.392088e-06
1.389878e-06
1.387672e-06
1.385468e-06
1.383268e-06
1.381070e-06
1.378876e-06
1.376684e-06
1.374496e-06
1.372310e-06
1.370127e-06
1.367947e-06
1.365771e-06
1.363597e-06
1.361426e-06
1.359258e-06
1.357092e-06
1.354930e-06
1.352771e-06
1.350615e-06
1.348461e-06
1.346311e-06
1.344163e-06
1.342018e-06
1.339876e-06
1.337738e-06
1.335602e-06
1.333468e-06
1.331338e-06
1.329211e-06
1.327086e-06
1.324965e-06
1.322846e-06
1.320730e-06
1.318617e-06
1.316507e-06
1.314400e-06
1.312296e-06
1.310194e-06
1.308096e-06
1.306000e-06
1.303907e-06
1.301817e-06
1.299730e-06
1.297646e-06
1.295564e-06
1.293485e-06
1.291410e-06
1.289337e-06
1.287266e-06
1.285199e-06
1.283135e-06
1.281073e-06
1.279014e-06
1.276958e-06
1.274905e-06
1.272854e-06
1.270807e-06
1.268762e-06
1.266720e-06
1.264680e-06
1.262644e-06
1.260610e-06
1.258579e-06
1.256551e-06
1.254526e-06
1.252504e-06
1.250484e-06
1.248467e-06
1.246453e-06
1.244441e-06
1.242432e-06
1.240427e-06
1.238423e-06
1.236423e-06
1.234425e-06
1.232430e-06
1.230438e-06
1.228449e-06
1.226462e-06
1.224478e-06
1.222497e-06
1.220518e-06
1.218543e-06
1.216570e-06
1.214599e-06
1.212632e-06
1.210667e-06
1.208705e-06
1.206745e-06
1.204789e-06
1.202835e-06
1.200883e-06
1.198935e-06
1.196989e-06
1.195045e-06
1.193105e-06
1.191167e-06
1.189232e-06
1.187299e-06
1.185369e-06
1.183442e-06
1.181518e-06
1.179596e-06
1.177677e-06
1.175760e-06
1.173846e-06
1.171935e-06
1.170027e-06
1.168121e-06
1.166218e-06
1.164317e-06
1.162419e-06
1.160524e-06
1.158631e-06
1.156741e-06
1.154854e-06
1.152969e-06
1.151087e-06
1.149207e-06
1.147330e-06
1.145456e-06
1.143584e-06
1.141715e-06
1.139849e-06
1.137985e-06
1.136123e-06
1.134265e-06
1.132409e-06
1.130555e-06
1.128704e-06
1.126856e-06
1.125010e-06
1.123167e-06
1.121327e-06
1.119489e-06
1.117653e-06
1.115820e-06
1.113990e-06
1.112162e-06
1.110337e-06
1.108514e-06
1.106694e-06
1.104877e-06
1.103062e-06
1.101249e-06
1.099439e-06
1.097632e-06
1.095827e-06
1.094025e-06
1.092225e-06
1.090428e-06
1.088633e-06
1.086841e-06
1.085052e-06
1.083264e-06
1.081480e-06
1.079698e-06
1.077918e-06
1.076141e-06
1.074366e-06
1.072594e-06
1.070825e-06
1.069057e-06
1.067293e-06
1.065531e-06
1.063771e-06
1.062014e-06
1.060510e-06
1.059520e-06
1.058532e-06
1.057544e-06
1.056558e-06
1.055574e-06
1.054590e-06
1.053608e-06
1.052627e-06
1.051647e-06
1.050668e-06
1.049691e-06
1.048715e-06
1.047740e-06
1.046766e-06
1.045794e-06
1.044823e-06
1.043853e-06
1.042884e-06
1.041916e-06
1.040950e-06
1.039985e-06
1.039021e-06
1.038058e-06
1.037097e-06
1.036137e-06
1.035178e-06
1.034220e-06
1.033264e-06
1.032308e-06
1.031354e-06
1.030401e-06
1.029449e-06
1.028499e-06
1.027549e-06
1.026601e-06
1.025654e-06
1.024709e-06
1.023764e-06
1.022821e-06
1.021878e-06
1.020937e-06
1.019998e-06
1.019059e-06
1.018121e-06
1.017185e-06
1.016250e-06
1.015316e-06
1.014383e-06
1.013452e-06
1.012521e-06
1.011592e-06
1.010664e-06
1.009737e-06
1.008811e-06
1.007887e-06
1.006963e-06
1.006041e-06
1.005120e-06
1.004200e-06
1.003281e-06
1.002363e-06
1.001447e-06
1.000531e-06
9.996171e-07
