1.245012e-02
1.877943e-02
2.394238e-02
2.176739e-02
1.780532e-02
1.393845e-02
1.073314e-02
1.017199e-02
9.380471e-03
8.414575e-03
7.417038e-03
6.467501e-03
5.605062e-03
4.988565e-03
4.834386e-03
4.616693e-03
4.359556e-03
4.081138e-03
3.794872e-03
3.510452e-03
3.234651e-03
2.971986e-03
2.725257e-03
2.495977e-03
2.379159e-03
2.327935e-03
2.264843e-03
2.192824e-03
2.114373e-03
2.031589e-03
1.946221e-03
1.859711e-03
1.773234e-03
1.687731e-03
1.603946e-03
1.522454e-03
1.443686e-03
1.367951e-03
1.295463e-03
1.226348e-03
1.160668e-03
1.112360e-03
1.098238e-03
1.081608e-03
1.062867e-03
1.042370e-03
1.020439e-03
9.973608e-04
9.733926e-04
9.487622e-04
9.236713e-04
8.982977e-04
8.727972e-04
8.473057e-04
8.219409e-04
7.968041e-04
7.719818e-04
7.475473e-04
7.235618e-04
7.000759e-04
6.771308e-04
6.547592e-04
6.329864e-04
6.118312e-04
5.954889e-04
5.815396e-04
5.676498e-04
5.538334e-04
5.401029e-04
5.264701e-04
5.129459e-04
4.995401e-04
4.957920e-04
4.930121e-04
4.901020e-04
4.870680e-04
4.839160e-04
4.806520e-04
4.772819e-04
4.738112e-04
4.702455e-04
4.665901e-04
4.628502e-04
4.590309e-04
4.551371e-04
4.511736e-04
4.471450e-04
4.430558e-04
4.389103e-04
4.347128e-04
4.304674e-04
4.261778e-04
4.218481e-04
4.174818e-04
4.130825e-04
4.086535e-04
4.041983e-04
3.997200e-04
3.952216e-04
3.907060e-04
3.861762e-04
3.816348e-04
3.770845e-04
3.725277e-04
3.679669e-04
3.634044e-04
3.588423e-04
3.542829e-04
3.497282e-04
3.451800e-04
3.406403e-04
3.361109e-04
3.315934e-04
3.270894e-04
3.226006e-04
3.181283e-04
3.136740e-04
3.092391e-04
3.048247e-04
3.004321e-04
2.960625e-04
2.917169e-04
2.873963e-04
2.831017e-04
2.788341e-04
2.745942e-04
2.703830e-04
2.662012e-04
2.620494e-04
2.594608e-04
2.586261e-04
2.577655e-04
2.568799e-04
2.559698e-04
2.550362e-04
2.540797e-04
2.531010e-04
2.521009e-04
2.510801e-04
2.500392e-04
2.489789e-04
2.478999e-04
2.468029e-04
2.456883e-04
2.445570e-04
2.434094e-04
2.422463e-04
2.410681e-04
2.398755e-04
2.386690e-04
2.374492e-04
2.362166e-04
2.349717e-04
2.337151e-04
2.324473e-04
2.311687e-04
2.298800e-04
2.285814e-04
2.272736e-04
2.259569e-04
2.246319e-04
2.232989e-04
2.219583e-04
2.206107e-04
2.192564e-04
2.178958e-04
2.165292e-04
2.151572e-04
2.137800e-04
2.123980e-04
2.110116e-04
2.096212e-04
2.082270e-04
2.068293e-04
2.054286e-04
2.040251e-04
2.026192e-04
2.012111e-04
1.998011e-04
1.983896e-04
1.969767e-04
1.955628e-04
1.941482e-04
1.927330e-04
1.913176e-04
1.899022e-04
1.884869e-04
1.870722e-04
1.856581e-04
1.842450e-04
1.828330e-04
1.814223e-04
1.800131e-04
1.786057e-04
1.772001e-04
1.757967e-04
1.743956e-04
1.729970e-04
1.716010e-04
1.702078e-04
1.688175e-04
1.674304e-04
1.660466e-04
1.646661e-04
1.632893e-04
1.619161e-04
1.605468e-04
1.591815e-04
1.578203e-04
1.564633e-04
1.551106e-04
1.537624e-04
1.524187e-04
1.510797e-04
1.497455e-04
1.484162e-04
1.470918e-04
1.457725e-04
1.444584e-04
1.431495e-04
1.418459e-04
1.405478e-04
1.392551e-04
1.379680e-04
1.366865e-04
1.354107e-04
1.341407e-04
1.328766e-04
1.316183e-04
1.303660e-04
1.291197e-04
1.278794e-04
1.266453e-04
1.254173e-04
1.241955e-04
1.229800e-04
1.217778e-04
1.215357e-04
1.212887e-04
1.210370e-04
1.207806e-04
1.205197e-04
1.202543e-04
1.199845e-04
1.197104e-04
1.194321e-04
1.191496e-04
1.188631e-04
1.185726e-04
1.182782e-04
1.179800e-04
1.176780e-04
1.173723e-04
1.170631e-04
1.167504e-04
1.164342e-04
1.161146e-04
1.157917e-04
1.154657e-04
1.151364e-04
1.148041e-04
1.144687e-04
1.141304e-04
1.137892e-04
1.134452e-04
1.130985e-04
1.127490e-04
1.123970e-04
1.120423e-04
1.116852e-04
1.113256e-04
1.109637e-04
1.105994e-04
1.102329e-04
1.098642e-04
1.094933e-04
1.091203e-04
1.087453e-04
1.083684e-04
1.079895e-04
1.076087e-04
1.072262e-04
1.068418e-04
1.064558e-04
1.060680e-04
1.056787e-04
1.052878e-04
1.048954e-04
1.045016e-04
1.041063e-04
1.037096e-04
1.033117e-04
1.029124e-04
1.025119e-04
1.021102e-04
1.017074e-04
1.013035e-04
1.008985e-04
1.004925e-04
1.000855e-04
9.967757e-05
9.926875e-05
9.885908e-05
9.844859e-05
9.803732e-05
9.762530e-05
9.721259e-05
9.679920e-05
9.638519e-05
9.597058e-05
9.555541e-05
9.513971e-05
9.472353e-05
9.430688e-05
9.388982e-05
9.347236e-05
9.305454e-05
9.263640e-05
9.221796e-05
9.179925e-05
9.138031e-05
9.096117e-05
9.054185e-05
9.012238e-05
8.970280e-05
8.928313e-05
8.886339e-05
8.844362e-05
8.802385e-05
8.760409e-05
8.718437e-05
8.676473e-05
8.634519e-05
8.592576e-05
8.550648e-05
8.508737e-05
8.466845e-05
8.424975e-05
8.383129e-05
8.341308e-05
8.299517e-05
8.257756e-05
8.216027e-05
8.174334e-05
8.132677e-05
8.091059e-05
8.049483e-05
8.007949e-05
7.966460e-05
7.925018e-05
7.883625e-05
7.842282e-05
7.800992e-05
7.759756e-05
7.718575e-05
7.677453e-05
7.636390e-05
7.595387e-05
7.554448e-05
7.513572e-05
7.472763e-05
7.432021e-05
7.391348e-05
7.350745e-05
7.310214e-05
7.269756e-05
7.229374e-05
7.189067e-05
7.148838e-05
7.108688e-05
7.068618e-05
7.028629e-05
6.988723e-05
6.948901e-05
6.909164e-05
6.869514e-05
6.829951e-05
6.790477e-05
6.751175e-05
6.712121e-05
6.673412e-05
6.634792e-05
6.596620e-05
6.558785e-05
6.521038e-05
6.483382e-05
6.446165e-05
6.409510e-05
6.372943e-05
6.336463e-05
6.300072e-05
6.263770e-05
6.228283e-05
6.193176e-05
6.158154e-05
6.123218e-05
6.088368e-05
6.053605e-05
6.018930e-05
5.984708e-05
5.951394e-05
5.918163e-05
5.885014e-05
5.851949e-05
5.818968e-05
5.786071e-05
5.753260e-05
5.720535e-05
5.687908e-05
5.656676e-05
5.625523e-05
5.594449e-05
5.563455e-05
5.532541e-05
5.501709e-05
5.470958e-05
5.440289e-05
5.409703e-05
5.379201e-05
5.348782e-05
5.319235e-05
5.290394e-05
5.261628e-05
5.232938e-05
5.204325e-05
5.175788e-05
5.147328e-05
5.118946e-05
5.090642e-05
5.062417e-05
5.034270e-05
5.006203e-05
4.978216e-05
4.950308e-05
4.923367e-05
4.897084e-05
4.870872e-05
4.844731e-05
4.818662e-05
4.792664e-05
4.766739e-05
4.740886e-05
4.715107e-05
4.689400e-05
4.663768e-05
4.638209e-05
4.612724e-05
4.587314e-05
4.562255e-05
4.555641e-05
4.548950e-05
4.542184e-05
4.535343e-05
4.528427e-05
4.521439e-05
4.514378e-05
4.507246e-05
4.500043e-05
4.492771e-05
4.485429e-05
4.478020e-05
4.470544e-05
4.463001e-05
4.455393e-05
4.447721e-05
4.439984e-05
4.432185e-05
4.424323e-05
4.416400e-05
4.408416e-05
4.400373e-05
4.392270e-05
4.384109e-05
4.375891e-05
4.367616e-05
4.359285e-05
4.350899e-05
4.342458e-05
4.333964e-05
4.325416e-05
4.316817e-05
4.308165e-05
4.299463e-05
4.290711e-05
4.281910e-05
4.273060e-05
4.264162e-05
4.255217e-05
4.246225e-05
4.237187e-05
4.228104e-05
4.218977e-05
4.209805e-05
4.200591e-05
4.191334e-05
4.182035e-05
4.172694e-05
4.163314e-05
4.153893e-05
4.144433e-05
4.134934e-05
4.125397e-05
4.115823e-05
4.106212e-05
4.096565e-05
4.086882e-05
4.077164e-05
4.067412e-05
4.057626e-05
4.047807e-05
4.037955e-05
4.028071e-05
4.018155e-05
4.008209e-05
3.998233e-05
3.988226e-05
3.978191e-05
3.968127e-05
3.958034e-05
3.947914e-05
3.937768e-05
3.927594e-05
3.917395e-05
3.907170e-05
3.896921e-05
3.886647e-05
3.876349e-05
3.866028e-05
3.855684e-05
3.845317e-05
3.834929e-05
3.824520e-05
3.814089e-05
3.803639e-05
3.793168e-05
3.782678e-05
3.772170e-05
3.761642e-05
3.751097e-05
3.740534e-05
3.729955e-05
3.719358e-05
3.708746e-05
3.698118e-05
3.687475e-05
3.676817e-05
3.666144e-05
3.655458e-05
3.644758e-05
3.634045e-05
3.623320e-05
3.612582e-05
3.601833e-05
3.591072e-05
3.580301e-05
3.569519e-05
3.558726e-05
3.547924e-05
3.537113e-05
3.526293e-05
3.515464e-05
3.504627e-05
3.493782e-05
3.482930e-05
3.472071e-05
3.461206e-05
3.450334e-05
3.439456e-05
3.428572e-05
3.417684e-05
3.406791e-05
3.395893e-05
3.384991e-05
3.374086e-05
3.363177e-05
3.352265e-05
3.341351e-05
3.330434e-05
3.319515e-05
3.308594e-05
3.297672e-05
3.286749e-05
3.275826e-05
3.264902e-05
3.253978e-05
3.243054e-05
3.232131e-05
3.221208e-05
3.210287e-05
3.199367e-05
3.188450e-05
3.177534e-05
3.166621e-05
3.155710e-05
3.144802e-05
3.133898e-05
3.122997e-05
3.112100e-05
3.101235e-05
3.090399e-05
3.079649e-05
3.068975e-05
3.058306e-05
3.047640e-05
3.037104e-05
3.026699e-05
3.016299e-05
3.005903e-05
2.995511e-05
2.985124e-05
2.974852e-05
2.964817e-05
2.954786e-05
2.944759e-05
2.934736e-05
2.924717e-05
2.914704e-05
2.904695e-05
2.894691e-05
2.885072e-05
2.875501e-05
2.865934e-05
2.856370e-05
2.846811e-05
2.837256e-05
2.827705e-05
2.818160e-05
2.808619e-05
2.799084e-05
2.789569e-05
2.780537e-05
2.771509e-05
2.762484e-05
2.753463e-05
2.744446e-05
2.735433e-05
2.726425e-05
2.717421e-05
2.708422e-05
2.699428e-05
2.690439e-05
2.681456e-05
2.672478e-05
2.663766e-05
2.655346e-05
2.646929e-05
2.638516e-05
2.630107e-05
2.621701e-05
2.613300e-05
2.604903e-05
2.596511e-05
2.588123e-05
2.579740e-05
2.571362e-05
2.562989e-05
2.554621e-05
2.546259e-05
2.537902e-05
2.529551e-05
2.521730e-05
2.513976e-05
2.506225e-05
2.498478e-05
2.490734e-05
2.482995e-05
2.475259e-05
2.467527e-05
2.459800e-05
2.452077e-05
2.444359e-05
2.436645e-05
2.428936e-05
2.421233e-05
2.413534e-05
2.405841e-05
2.398153e-05
2.390471e-05
2.382794e-05
2.375123e-05
2.367971e-05
2.360921e-05
2.353874e-05
2.346830e-05
2.339789e-05
2.332753e-05
2.325720e-05
2.318691e-05
2.311666e-05
2.304645e-05
2.297629e-05
2.290617e-05
2.283609e-05
2.276606e-05
2.269608e-05
2.262615e-05
2.255627e-05
2.248644e-05
2.241666e-05
2.234694e-05
2.227727e-05
2.220765e-05
2.213810e-05
2.206860e-05
2.200362e-05
2.194039e-05
2.187719e-05
2.181403e-05
2.175090e-05
2.168780e-05
2.162474e-05
2.156171e-05
2.149873e-05
2.143578e-05
2.137287e-05
2.131001e-05
2.124718e-05
2.118440e-05
2.112167e-05
2.105898e-05
2.099633e-05
2.093373e-05
2.087118e-05
2.080868e-05
2.074623e-05
2.068383e-05
2.062148e-05
2.055918e-05
2.049693e-05
2.043474e-05
2.037261e-05
2.031053e-05
2.024851e-05
2.019104e-05
2.013518e-05
2.007934e-05
2.002354e-05
1.996778e-05
1.991204e-05
1.985634e-05
1.980068e-05
1.974505e-05
1.968946e-05
1.963391e-05
1.957839e-05
1.952291e-05
1.946748e-05
1.941208e-05
1.935673e-05
1.930141e-05
1.924614e-05
1.919092e-05
1.913574e-05
1.908060e-05
1.902551e-05
1.897047e-05
1.891547e-05
1.886052e-05
1.880562e-05
1.875078e-05
1.869598e-05
1.864123e-05
1.858653e-05
1.853188e-05
1.847729e-05
1.842275e-05
1.836827e-05
1.831384e-05
1.826398e-05
1.821544e-05
1.816692e-05
1.811843e-05
1.806997e-05
1.802155e-05
1.797316e-05
1.792480e-05
1.787648e-05
1.782819e-05
1.777993e-05
1.773171e-05
1.768353e-05
1.763538e-05
1.758727e-05
1.753920e-05
1.749117e-05
1.744318e-05
1.739523e-05
1.734731e-05
1.729944e-05
1.725161e-05
1.720382e-05
1.715608e-05
1.710837e-05
1.706071e-05
1.701310e-05
1.696553e-05
1.691800e-05
1.687052e-05
1.682309e-05
1.677570e-05
1.672836e-05
1.668107e-05
1.663383e-05
1.658663e-05
1.653949e-05
1.649239e-05
1.644535e-05
1.639835e-05
1.635141e-05
1.630452e-05
1.625911e-05
1.621768e-05
1.617627e-05
1.613489e-05
1.609355e-05
1.605223e-05
1.601095e-05
1.596969e-05
1.592847e-05
1.588728e-05
1.584612e-05
1.580499e-05
1.576390e-05
1.572284e-05
1.568181e-05
1.564082e-05
1.559987e-05
1.555895e-05
1.551806e-05
1.547721e-05
1.543640e-05
1.539562e-05
1.535489e-05
1.531419e-05
1.527353e-05
1.523290e-05
1.519232e-05
1.515177e-05
1.511127e-05
1.507080e-05
1.503038e-05
1.499000e-05
1.494965e-05
1.490935e-05
1.486910e-05
1.482888e-05
1.478871e-05
1.474858e-05
1.470849e-05
1.466845e-05
1.462845e-05
1.458849e-05
1.454858e-05
1.450872e-05
1.446890e-05
1.442913e-05
1.438940e-05
1.434972e-05
1.431008e-05
1.427050e-05
1.423096e-05
1.419147e-05
1.415202e-05
1.411688e-05
1.408230e-05
1.404775e-05
1.401322e-05
1.397872e-05
1.394426e-05
1.390982e-05
1.387541e-05
1.384102e-05
1.380667e-05
1.377235e-05
1.373806e-05
1.370380e-05
1.366957e-05
1.363537e-05
1.360121e-05
1.356707e-05
1.353297e-05
1.349890e-05
1.346486e-05
1.343086e-05
1.339689e-05
1.336295e-05
1.332905e-05
1.329518e-05
1.326134e-05
1.322754e-05
1.319377e-05
1.316004e-05
1.312635e-05
1.309269e-05
1.305907e-05
1.302548e-05
1.299193e-05
1.295842e-05
1.292494e-05
1.289150e-05
1.285810e-05
1.282473e-05
1.279140e-05
1.275812e-05
1.272487e-05
1.269165e-05
1.265848e-05
1.262535e-05
1.259225e-05
1.255920e-05
1.252618e-05
1.249321e-05
1.246027e-05
1.242738e-05
1.239452e-05
1.236171e-05
1.232894e-05
1.229621e-05
1.226352e-05
1.223087e-05
1.219826e-05
1.216570e-05
1.213317e-05
1.210069e-05
1.206826e-05
1.203586e-05
1.200351e-05
1.197120e-05
1.193936e-05
1.191122e-05
1.188310e-05
1.185502e-05
1.182695e-05
1.179892e-05
1.177091e-05
1.174293e-05
1.171497e-05
1.168705e-05
1.165914e-05
1.163127e-05
1.160343e-05
1.157561e-05
1.154782e-05
1.152006e-05
1.149232e-05
1.146462e-05
1.143695e-05
1.140930e-05
1.138168e-05
1.135409e-05
1.132654e-05
1.129901e-05
1.127151e-05
1.124404e-05
1.121660e-05
1.118919e-05
1.116181e-05
1.113447e-05
1.110715e-05
1.107987e-05
1.105261e-05
1.102539e-05
1.099820e-05
1.097104e-05
1.094391e-05
1.091682e-05
1.088975e-05
1.086272e-05
1.083572e-05
1.080876e-05
1.078183e-05
1.075492e-05
1.072806e-05
1.070122e-05
1.067442e-05
1.064765e-05
1.062092e-05
1.059422e-05
1.056755e-05
1.054092e-05
1.051432e-05
1.048776e-05
1.046123e-05
1.043473e-05
1.040827e-05
1.038185e-05
1.035546e-05
1.032910e-05
1.030278e-05
1.027650e-05
1.025025e-05
1.022403e-05
1.019785e-05
1.017171e-05
1.014560e-05
1.011953e-05
1.009349e-05
1.006750e-05
1.004153e-05
1.001561e-05
9.989716e-06
9.963863e-06
9.938046e-06
9.912266e-06
9.886524e-06
9.860818e-06
9.835149e-06
9.809517e-06
9.783923e-06
9.758367e-06
9.732847e-06
9.707366e-06
9.681922e-06
9.657052e-06
9.634964e-06
9.612900e-06
9.590859e-06
9.568843e-06
9.546850e-06
9.524882e-06
9.502937e-06
9.481017e-06
9.459122e-06
9.437250e-06
9.415404e-06
9.393582e-06
9.371785e-06
9.350013e-06
9.328266e-06
9.306544e-06
9.284847e-06
9.263176e-06
9.241530e-06
9.219910e-06
9.198315e-06
9.176747e-06
9.155203e-06
9.133686e-06
9.112195e-06
9.090730e-06
9.069291e-06
9.047879e-06
9.026493e-06
9.005133e-06
8.983800e-06
8.962494e-06
8.941214e-06
8.919961e-06
8.898735e-06
8.877537e-06
8.856365e-06
8.835220e-06
8.814103e-06
8.793013e-06
8.771950e-06
8.750915e-06
8.729908e-06
8.708928e-06
8.687976e-06
8.667052e-06
8.646155e-06
8.625287e-06
8.604446e-06
8.583634e-06
8.562850e-06
8.542094e-06
8.521367e-06
8.500668e-06
8.479997e-06
8.459355e-06
8.438742e-06
8.418157e-06
8.397601e-06
8.377073e-06
8.356575e-06
8.336106e-06
8.315665e-06
8.295254e-06
8.274872e-06
8.254519e-06
8.234195e-06
8.213900e-06
8.193635e-06
8.173400e-06
8.153193e-06
8.133017e-06
8.112870e-06
8.092752e-06
8.072665e-06
8.052607e-06
8.032579e-06
8.012581e-06
7.992613e-06
7.972674e-06
7.952766e-06
7.932888e-06
7.913040e-06
7.893222e-06
7.873435e-06
7.853677e-06
7.833950e-06
7.814254e-06
7.794588e-06
7.774952e-06
7.755347e-06
7.735772e-06
7.716228e-06
7.696715e-06
7.677232e-06
7.657781e-06
7.638359e-06
7.618969e-06
7.599610e-06
7.580281e-06
7.560983e-06
7.541717e-06
7.522481e-06
7.503277e-06
7.484103e-06
7.464961e-06
7.445849e-06
7.426769e-06
7.407721e-06
7.388703e-06
7.369717e-06
7.350762e-06
7.331838e-06
7.313083e-06
7.296639e-06
7.280216e-06
7.263814e-06
7.247432e-06
7.231071e-06
7.214732e-06
7.198413e-06
7.182116e-06
7.165840e-06
7.149584e-06
7.133350e-06
7.117138e-06
7.100946e-06
7.084776e-06
7.068628e-06
7.052501e-06
7.036395e-06
7.020311e-06
7.004248e-06
6.988207e-06
6.972188e-06
6.956191e-06
6.940215e-06
6.924261e-06
6.908328e-06
6.892418e-06
6.876530e-06
6.860663e-06
6.844819e-06
6.828996e-06
6.813196e-06
6.797418e-06
6.781662e-06
6.765928e-06
6.750216e-06
6.734526e-06
6.718859e-06
6.703214e-06
6.687592e-06
6.671991e-06
6.656414e-06
6.640858e-06
6.625325e-06
6.609815e-06
6.594327e-06
6.578862e-06
6.563419e-06
6.547999e-06
6.532602e-06
6.517228e-06
6.501876e-06
6.486547e-06
6.471240e-06
6.455957e-06
6.440696e-06
6.425458e-06
6.410243e-06
6.395051e-06
6.379882e-06
6.364736e-06
6.349613e-06
6.334513e-06
6.319436e-06
6.304382e-06
6.289351e-06
6.274343e-06
6.259359e-06
6.244397e-06
6.229459e-06
6.214544e-06
6.199652e-06
6.184784e-06
6.169939e-06
6.155117e-06
6.140318e-06
6.125543e-06
6.110791e-06
6.096062e-06
6.081357e-06
6.066675e-06
6.052017e-06
6.037382e-06
6.022770e-06
6.008182e-06
5.993618e-06
5.979077e-06
5.964560e-06
5.950066e-06
5.935595e-06
5.921149e-06
5.906725e-06
5.892326e-06
5.877950e-06
5.863598e-06
5.849269e-06
5.834964e-06
5.820683e-06
5.806425e-06
5.792191e-06
5.777981e-06
5.763795e-06
5.749632e-06
5.735493e-06
5.721378e-06
5.707286e-06
5.693219e-06
5.679175e-06
5.665155e-06
5.651158e-06
5.637186e-06
5.623237e-06
5.609312e-06
5.595411e-06
5.581534e-06
5.567681e-06
5.553852e-06
5.540046e-06
5.526264e-06
5.512507e-06
5.498773e-06
5.485063e-06
5.471377e-06
5.457714e-06
5.444076e-06
5.430462e-06
5.416871e-06
5.403305e-06
5.389762e-06
5.376244e-06
5.362749e-06
5.349278e-06
5.335831e-06
5.322408e-06
5.309009e-06
5.295634e-06
5.282283e-06
5.268956e-06
5.255653e-06
5.242374e-06
5.229119e-06
5.215887e-06
5.202680e-06
5.189497e-06
5.176337e-06
5.163202e-06
5.150090e-06
5.137003e-06
5.123939e-06
5.110899e-06
5.097884e-06
5.084892e-06
5.071924e-06
5.058980e-06
5.046060e-06
5.033164e-06
5.020292e-06
5.007444e-06
4.994620e-06
4.981820e-06
4.969043e-06
4.956291e-06
4.943562e-06
4.931550e-06
4.920407e-06
4.909280e-06
4.898169e-06
4.887076e-06
4.876000e-06
4.864941e-06
4.853898e-06
4.842872e-06
4.831864e-06
4.820872e-06
4.809897e-06
4.798940e-06
4.787999e-06
4.777075e-06
4.766168e-06
4.755278e-06
4.744406e-06
4.733550e-06
4.722711e-06
4.711889e-06
4.701085e-06
4.690297e-06
4.679526e-06
4.668773e-06
4.658036e-06
4.647317e-06
4.636615e-06
4.625929e-06
4.615261e-06
4.604610e-06
4.593976e-06
4.583359e-06
4.572759e-06
4.562177e-06
4.551611e-06
4.541063e-06
4.530532e-06
4.520017e-06
4.509520e-06
4.499040e-06
4.488578e-06
4.478132e-06
4.467704e-06
4.457292e-06
4.446898e-06
4.436521e-06
4.426161e-06
4.415819e-06
4.405493e-06
4.395185e-06
4.384893e-06
4.374619e-06
4.364363e-06
4.354123e-06
4.343900e-06
4.333695e-06
4.323507e-06
4.313336e-06
4.303182e-06
4.293045e-06
4.282926e-06
4.272823e-06
4.262738e-06
4.252670e-06
4.242619e-06
4.232586e-06
4.222569e-06
4.212570e-06
4.202588e-06
4.192623e-06
4.182675e-06
4.172744e-06
4.162831e-06
4.152935e-06
4.143055e-06
4.133193e-06
4.123349e-06
4.113521e-06
4.103710e-06
4.093917e-06
4.084141e-06
4.074382e-06
4.064640e-06
4.054915e-06
4.045207e-06
4.035516e-06
4.025843e-06
4.016186e-06
4.006547e-06
3.996925e-06
3.987320e-06
3.977732e-06
3.968161e-06
3.958608e-06
3.949071e-06
3.939551e-06
3.930049e-06
3.920563e-06
3.911095e-06
3.901644e-06
3.892210e-06
3.882792e-06
3.873392e-06
3.864009e-06
3.854643e-06
3.845294e-06
3.835962e-06
3.826647e-06
3.817349e-06
3.808068e-06
3.798804e-06
3.789557e-06
3.780327e-06
3.771114e-06
3.761917e-06
3.752738e-06
3.743576e-06
3.734431e-06
3.725302e-06
3.716191e-06
3.707096e-06
3.698019e-06
3.688958e-06
3.679914e-06
3.670887e-06
3.661877e-06
3.652884e-06
3.643908e-06
3.634948e-06
3.626006e-06
3.617080e-06
3.608171e-06
3.599279e-06
3.590403e-06
3.581545e-06
3.572703e-06
3.563878e-06
3.555070e-06
3.546278e-06
3.537503e-06
3.528745e-06
3.522304e-06
3.516412e-06
3.510538e-06
3.504680e-06
3.498839e-06
3.493015e-06
3.487207e-06
3.481417e-06
3.475642e-06
3.469884e-06
3.464143e-06
3.458418e-06
3.452709e-06
3.447016e-06
3.441340e-06
3.435680e-06
3.430035e-06
3.424407e-06
3.418794e-06
3.413198e-06
3.407617e-06
3.402052e-06
3.396502e-06
3.390968e-06
3.385450e-06
3.379947e-06
3.374459e-06
3.368987e-06
3.363530e-06
3.358089e-06
3.352662e-06
3.347250e-06
3.341854e-06
3.336473e-06
3.331106e-06
3.325754e-06
3.320417e-06
3.315095e-06
3.309788e-06
3.304495e-06
3.299216e-06
3.293953e-06
3.288703e-06
3.283468e-06
3.278247e-06
3.273041e-06
3.267849e-06
3.262671e-06
3.257507e-06
3.252357e-06
3.247221e-06
3.242099e-06
3.236991e-06
3.231897e-06
3.226816e-06
3.221750e-06
3.216696e-06
3.211657e-06
3.206631e-06
3.201619e-06
3.196620e-06
3.191634e-06
3.186662e-06
3.181703e-06
3.176757e-06
3.171824e-06
3.166905e-06
3.161999e-06
3.157105e-06
3.152225e-06
3.147357e-06
3.142503e-06
3.137661e-06
3.132832e-06
3.128016e-06
3.123212e-06
3.118421e-06
3.113643e-06
3.108877e-06
3.104123e-06
3.099382e-06
3.094654e-06
3.089937e-06
3.085233e-06
3.080542e-06
3.075862e-06
3.071194e-06
3.066539e-06
3.061896e-06
3.057264e-06
3.052645e-06
3.048037e-06
3.043441e-06
3.038857e-06
3.034285e-06
3.029725e-06
3.025176e-06
3.020639e-06
3.016113e-06
3.011599e-06
3.007096e-06
3.002605e-06
2.998126e-06
2.993657e-06
2.989200e-06
2.984754e-06
2.980319e-06
2.975896e-06
2.971483e-06
2.967082e-06
2.962692e-06
2.958313e-06
2.953944e-06
2.949587e-06
2.945240e-06
2.940905e-06
2.936580e-06
2.932266e-06
2.927962e-06
2.923669e-06
2.919387e-06
2.915116e-06
2.910855e-06
2.906604e-06
2.902364e-06
2.898134e-06
2.893915e-06
2.889706e-06
2.885507e-06
2.881319e-06
2.877140e-06
2.872972e-06
2.868814e-06
2.864667e-06
2.860529e-06
2.856401e-06
2.852283e-06
2.848175e-06
2.844077e-06
2.839989e-06
2.835911e-06
2.831843e-06
2.827784e-06
2.823735e-06
2.819696e-06
2.815666e-06
2.811646e-06
2.807636e-06
2.803635e-06
2.799643e-06
2.795661e-06
2.791689e-06
2.787726e-06
2.783772e-06
2.779827e-06
2.775892e-06
2.771966e-06
2.768049e-06
2.764142e-06
2.760243e-06
2.756354e-06
2.752474e-06
2.748602e-06
2.744740e-06
2.740887e-06
2.737043e-06
2.733207e-06
2.729381e-06
2.725563e-06
2.721754e-06
2.717954e-06
2.714163e-06
2.710380e-06
2.706606e-06
2.702840e-06
2.699084e-06
2.695335e-06
2.691596e-06
2.687865e-06
2.684142e-06
2.680428e-06
2.676722e-06
2.673025e-06
2.669336e-06
2.665655e-06
2.661982e-06
2.658318e-06
2.654662e-06
2.651014e-06
2.647375e-06
2.643743e-06
2.640120e-06
2.636505e-06
2.632898e-06
2.629298e-06
2.625707e-06
2.622124e-06
2.618549e-06
2.614981e-06
2.611422e-06
2.607870e-06
2.604326e-06
2.600790e-06
2.597262e-06
2.593741e-06
2.590228e-06
2.586723e-06
2.583225e-06
2.579735e-06
2.576253e-06
2.572778e-06
2.569311e-06
2.565851e-06
2.562399e-06
2.558954e-06
2.555517e-06
2.552087e-06
2.548664e-06
2.545249e-06
2.541841e-06
2.538440e-06
2.535047e-06
2.531661e-06
2.528282e-06
2.524910e-06
2.521546e-06
2.518188e-06
2.514838e-06
2.511495e-06
2.508158e-06
2.504829e-06
2.501507e-06
2.498192e-06
2.494884e-06
2.491583e-06
2.488288e-06
2.485001e-06
2.481720e-06
2.478447e-06
2.475180e-06
2.471920e-06
2.468666e-06
2.465420e-06
2.462180e-06
2.458947e-06
2.455720e-06
2.452501e-06
2.449287e-06
2.446081e-06
2.442881e-06
2.439687e-06
2.436500e-06
2.433320e-06
2.430146e-06
2.426979e-06
2.423818e-06
2.420663e-06
2.417515e-06
2.414373e-06
2.411238e-06
2.408109e-06
2.404986e-06
2.401870e-06
2.398759e-06
2.395655e-06
2.392558e-06
2.389466e-06
2.386381e-06
2.383302e-06
2.380229e-06
2.377162e-06
2.374101e-06
2.371046e-06
2.367998e-06
2.364955e-06
2.361918e-06
2.358888e-06
2.355863e-06
2.352845e-06
2.349832e-06
2.346825e-06
2.343824e-06
2.340829e-06
2.337840e-06
2.334857e-06
2.331879e-06
2.328908e-06
2.325942e-06
2.322982e-06
2.320027e-06
2.317079e-06
2.314136e-06
2.311199e-06
2.308267e-06
2.305341e-06
2.302421e-06
2.299506e-06
2.296597e-06
2.293693e-06
2.290796e-06
2.287903e-06
2.285016e-06
2.282135e-06
2.279259e-06
2.276389e-06
2.273524e-06
2.270664e-06
2.267810e-06
2.264961e-06
2.262118e-06
2.259280e-06
2.256447e-06
2.253620e-06
2.250798e-06
2.247981e-06
2.245170e-06
2.242364e-06
2.239563e-06
2.236767e-06
2.233977e-06
2.231192e-06
2.228411e-06
2.225637e-06
2.222867e-06
2.220102e-06
2.217343e-06
2.214588e-06
2.211839e-06
2.209095e-06
2.206355e-06
2.203621e-06
2.200892e-06
2.198168e-06
2.195449e-06
2.192734e-06
2.190025e-06
2.187321e-06
2.184621e-06
2.181927e-06
2.179237e-06
2.176553e-06
2.173873e-06
2.171198e-06
2.168528e-06
2.165862e-06
2.163202e-06
2.160546e-06
2.157895e-06
2.155249e-06
2.152608e-06
2.149971e-06
2.147339e-06
2.144712e-06
2.142089e-06
2.139471e-06
2.136858e-06
2.134249e-06
2.131645e-06
2.129046e-06
2.126451e-06
2.123861e-06
2.121275e-06
2.118694e-06
2.116118e-06
2.113546e-06
2.110979e-06
2.108416e-06
2.105858e-06
2.103304e-06
2.100754e-06
2.098209e-06
2.095669e-06
2.093133e-06
2.090601e-06
2.088074e-06
2.085551e-06
2.083033e-06
2.080519e-06
2.078009e-06
2.075503e-06
2.073002e-06
2.070506e-06
2.068013e-06
2.065525e-06
2.063041e-06
2.060562e-06
2.058086e-06
2.055615e-06
2.053149e-06
2.050686e-06
2.048228e-06
2.045773e-06
2.043323e-06
2.040877e-06
2.038436e-06
2.035998e-06
2.033565e-06
2.031136e-06
2.028711e-06
2.026289e-06
2.023873e-06
2.021460e-06
2.019051e-06
2.016646e-06
2.014245e-06
2.011849e-06
2.009456e-06
2.007068e-06
2.004683e-06
2.002302e-06
1.999926e-06
1.997553e-06
1.995184e-06
1.992820e-06
1.990459e-06
1.988102e-06
1.985749e-06
1.983400e-06
1.981055e-06
1.978714e-06
1.976376e-06
1.974043e-06
1.971713e-06
1.969387e-06
1.967065e-06
1.964747e-06
1.962433e-06
1.960122e-06
1.957815e-06
1.955512e-06
1.953213e-06
1.950918e-06
1.948626e-06
1.946338e-06
1.944054e-06
1.941774e-06
1.939497e-06
1.937224e-06
1.934954e-06
1.932689e-06
1.930427e-06
1.928168e-06
1.925914e-06
1.923663e-06
1.921415e-06
1.919172e-06
1.916931e-06
1.914695e-06
1.912462e-06
1.910233e-06
1.908007e-06
1.905785e-06
1.903566e-06
1.901351e-06
1.899140e-06
1.896932e-06
1.894727e-06
1.892526e-06
1.890329e-06
1.888135e-06
1.885945e-06
1.883758e-06
1.881574e-06
1.879394e-06
1.877218e-06
1.875045e-06
1.872875e-06
1.870709e-06
1.868546e-06
1.866387e-06
1.864231e-06
1.862078e-06
1.859929e-06
1.857783e-06
1.855641e-06
1.853502e-06
1.851366e-06
1.849234e-06
1.847105e-06
1.844979e-06
1.842857e-06
1.840738e-06
1.838622e-06
1.836510e-06
1.834401e-06
1.832295e-06
1.830192e-06
1.828093e-06
1.825997e-06
1.823904e-06
1.821815e-06
1.819729e-06
1.817646e-06
1.815566e-06
1.813489e-06
1.811416e-06
1.809346e-06
1.807279e-06
1.805215e-06
1.803154e-06
1.801097e-06
1.799043e-06
1.796992e-06
1.794944e-06
1.792899e-06
1.790857e-06
1.788819e-06
1.786783e-06
1.784751e-06
1.782722e-06
1.780696e-06
1.778673e-06
1.776653e-06
1.774636e-06
1.772622e-06
1.770612e-06
1.768604e-06
1.766599e-06
1.764598e-06
1.762599e-06
1.760604e-06
1.758612e-06
1.756622e-06
1.754636e-06
1.752652e-06
1.750672e-06
1.748694e-06
1.746720e-06
1.744749e-06
1.742780e-06
1.740815e-06
1.738852e-06
1.736892e-06
1.734936e-06
1.732982e-06
1.731031e-06
1.729083e-06
1.727138e-06
1.725196e-06
1.723257e-06
1.721321e-06
1.719388e-06
1.717457e-06
1.715530e-06
1.713605e-06
1.711683e-06
1.709764e-06
1.707848e-06
1.705935e-06
1.704025e-06
1.702117e-06
1.700212e-06
1.698311e-06
1.696411e-06
1.694515e-06
1.692622e-06
1.690731e-06
1.688843e-06
1.686958e-06
1.685076e-06
1.683197e-06
1.681320e-06
1.679446e-06
1.677575e-06
1.675706e-06
1.673841e-06
1.671978e-06
1.670118e-06
1.668260e-06
1.666405e-06
1.664553e-06
1.662704e-06
1.660858e-06
1.659014e-06
1.657173e-06
1.655334e-06
1.653498e-06
1.651665e-06
1.649835e-06
1.648007e-06
1.646182e-06
1.644360e-06
1.642540e-06
1.640723e-06
1.638908e-06
1.637097e-06
1.635288e-06
1.633481e-06
1.631677e-06
1.629876e-06
1.628077e-06
1.626281e-06
1.624488e-06
1.622697e-06
1.620909e-06
1.619123e-06
1.617340e-06
1.615559e-06
1.613781e-06
1.612006e-06
1.610233e-06
1.608463e-06
1.606695e-06
1.604930e-06
1.603168e-06
1.601408e-06
1.599650e-06
1.597895e-06
1.596143e-06
1.594393e-06
1.592645e-06
1.590901e-06
1.589158e-06
1.587418e-06
1.585681e-06
1.583946e-06
1.582214e-06
1.580484e-06
1.578756e-06
1.577031e-06
1.575309e-06
1.573589e-06
1.571871e-06
1.570156e-06
1.568443e-06
1.566733e-06
1.565025e-06
1.563320e-06
1.561617e-06
1.559916e-06
1.558218e-06
1.556523e-06
1.554829e-06
1.553139e-06
1.551450e-06
1.549764e-06
1.548080e-06
1.546399e-06
1.544720e-06
1.543044e-06
1.541370e-06
1.539698e-06
1.538029e-06
1.536362e-06
1.534697e-06
1.533035e-06
1.531375e-06
1.529717e-06
1.528062e-06
1.526409e-06
1.524759e-06
1.523110e-06
1.521464e-06
1.519821e-06
1.518180e-06
1.516541e-06
1.514904e-06
1.513270e-06
1.511638e-06
1.510008e-06
1.508380e-06
1.506755e-06
1.505132e-06
1.503512e-06
1.501893e-06
1.500277e-06
1.498664e-06
1.497052e-06
1.495443e-06
1.493836e-06
1.492231e-06
1.490629e-06
1.489028e-06
1.487430e-06
1.485835e-06
1.484241e-06
1.482650e-06
1.481061e-06
1.479474e-06
1.477889e-06
1.476307e-06
1.474726e-06
1.473148e-06
1.471573e-06
1.469999e-06
1.468428e-06
1.466858e-06
1.465291e-06
1.463726e-06
1.462164e-06
1.460603e-06
1.459045e-06
1.457489e-06
1.455935e-06
1.454383e-06
1.452833e-06
1.451286e-06
1.449740e-06
1.448197e-06
1.446656e-06
1.445117e-06
1.443580e-06
1.442045e-06
1.440513e-06
1.438982e-06
1.437454e-06
1.435928e-06
1.434404e-06
1.432882e-06
1.431362e-06
1.429844e-06
1.428328e-06
1.426815e-06
1.425303e-06
1.423794e-06
1.422287e-06
1.420781e-06
1.419278e-06
1.417777e-06
1.416278e-06
1.414781e-06
1.413286e-06
1.411794e-06
1.410303e-06
1.408814e-06
1.407327e-06
1.405843e-06
1.404360e-06
1.402880e-06
1.401401e-06
1.399925e-06
1.398450e-06
1.396978e-06
1.395507e-06
1.394039e-06
1.392573e-06
1.391108e-06
1.389646e-06
1.388186e-06
1.386727e-06
1.385271e-06
1.383817e-06
1.382365e-06
1.380914e-06
1.379466e-06
1.378019e-06
1.376575e-06
1.375133e-06
1.373692e-06
1.372254e-06
1.370817e-06
1.369383e-06
1.367950e-06
1.366520e-06
1.365091e-06
1.363664e-06
1.362239e-06
1.360817e-06
1.359396e-06
1.357977e-06
1.356560e-06
1.355145e-06
1.353732e-06
1.352320e-06
1.350911e-06
1.349504e-06
1.348098e-06
1.346695e-06
1.345293e-06
1.343894e-06
1.342496e-06
1.341100e-06
1.339706e-06
1.338314e-06
1.336924e-06
1.335535e-06
1.334149e-06
1.332764e-06
1.331382e-06
1.330001e-06
1.328622e-06
1.327245e-06
1.325870e-06
1.324496e-06
1.323125e-06
1.321755e-06
1.320388e-06
1.319022e-06
1.317658e-06
1.316295e-06
1.314935e-06
1.313577e-06
1.312220e-06
1.310865e-06
1.309512e-06
1.308161e-06
1.306812e-06
1.305464e-06
1.304119e-06
1.302775e-06
1.301433e-06
1.300093e-06
1.298754e-06
1.297417e-06
1.296083e-06
1.294750e-06
1.293419e-06
1.292089e-06
1.290762e-06
1.289436e-06
1.288112e-06
1.286789e-06
1.285469e-06
1.284150e-06
1.282833e-06
1.281518e-06
1.280205e-06
1.278893e-06
1.277584e-06
1.276276e-06
1.274969e-06
1.273665e-06
1.272362e-06
1.271061e-06
1.269762e-06
1.268464e-06
1.267168e-06
1.265874e-06
1.264582e-06
1.263291e-06
1.262003e-06
1.260715e-06
1.259430e-06
1.258146e-06
1.256865e-06
1.255584e-06
1.254306e-06
1.253029e-06
1.251754e-06
1.250481e-06
1.249209e-06
1.247939e-06
1.246671e-06
1.245404e-06
1.244140e-06
1.242876e-06
1.241615e-06
1.240355e-06
1.239097e-06
1.237841e-06
1.236586e-06
1.235333e-06
1.234082e-06
1.232832e-06
1.231584e-06
1.230338e-06
1.229093e-06
1.227850e-06
1.226609e-06
1.225369e-06
1.224131e-06
1.222895e-06
1.221660e-06
1.220427e-06
1.219195e-06
1.217966e-06
1.216737e-06
1.215511e-06
1.214286e-06
1.213063e-06
1.211841e-06
1.210621e-06
1.209403e-06
1.208186e-06
1.206971e-06
1.205757e-06
1.204546e-06
1.203335e-06
1.202127e-06
1.200920e-06
1.199714e-06
1.198510e-06
1.197308e-06
1.196108e-06
1.194908e-06
1.193711e-06
1.192515e-06
1.191321e-06
1.190128e-06
1.188937e-06
1.187748e-06
1.186560e-06
1.185373e-06
1.184189e-06
1.183005e-06
1.181824e-06
1.180644e-06
1.179465e-06
1.178288e-06
1.177113e-06
1.175939e-06
1.174767e-06
1.173596e-06
1.172427e-06
1.171259e-06
1.170093e-06
1.168929e-06
1.167766e-06
1.166604e-06
1.165445e-06
1.164286e-06
1.163129e-06
1.161974e-06
1.160820e-06
1.159668e-06
1.158517e-06
1.157368e-06
1.156220e-06
1.155074e-06
1.153930e-06
1.152787e-06
1.151645e-06
1.150505e-06
1.149366e-06
1.148229e-06
1.147094e-06
1.145959e-06
1.144827e-06
1.143696e-06
1.142566e-06
1.141438e-06
1.140311e-06
1.139186e-06
1.138062e-06
1.136940e-06
1.135820e-06
1.134700e-06
1.133583e-06
1.132466e-06
1.131351e-06
1.130238e-06
1.129126e-06
1.128016e-06
1.126907e-06
1.125799e-06
1.124693e-06
1.123589e-06
1.122486e-06
1.121384e-06
1.120284e-06
1.119185e-06
1.118087e-06
1.116992e-06
1.115897e-06
1.114804e-06
1.113712e-06
1.112622e-06
1.111534e-06
1.110446e-06
1.109360e-06
1.108276e-06
1.107193e-06
1.106111e-06
1.105031e-06
1.103952e-06
1.102875e-06
1.101799e-06
1.100724e-06
1.099651e-06
1.098580e-06
1.097509e-06
1.096440e-06
1.095373e-06
1.094307e-06
1.093242e-06
1.092179e-06
1.091117e-06
1.090056e-06
1.088997e-06
1.087939e-06
1.086883e-06
1.085828e-06
1.084774e-06
1.083722e-06
1.082671e-06
1.081621e-06
1.080573e-06
1.079526e-06
1.078481e-06
1.077437e-06
1.076394e-06
1.075353e-06
1.074313e-06
1.073274e-06
1.072237e-06
1.071201e-06
1.070167e-06
1.069133e-06
1.068101e-06
1.067071e-06
1.066042e-06
1.065014e-06
1.063987e-06
1.062962e-06
1.061938e-06
1.060916e-06
1.059895e-06
1.058875e-06
1.057856e-06
1.056839e-06
1.055823e-06
1.054809e-06
1.053795e-06
1.052784e-06
1.051773e-06
1.050764e-06
1.049756e-06
1.048749e-06
1.047744e-06
1.046740e-06
1.045737e-06
1.044735e-06
1.043735e-06
1.042736e-06
1.041739e-06
1.040742e-06
1.039747e-06
1.038754e-06
1.037761e-06
1.036770e-06
1.035780e-06
1.034792e-06
1.033805e-06
1.032819e-06
1.031834e-06
1.030850e-06
1.029868e-06
1.028887e-06
1.027908e-06
1.026929e-06
1.025952e-06
1.024976e-06
1.024002e-06
1.023028e-06
1.022056e-06
1.021086e-06
1.020116e-06
1.019148e-06
1.018181e-06
1.017215e-06
1.016250e-06
1.015287e-06
1.014325e-06
1.013364e-06
1.012404e-06
1.011446e-06
1.010489e-06
1.009533e-06
1.008578e-06
1.007625e-06
1.006673e-06
1.005722e-06
1.004772e-06
1.003823e-06
1.002876e-06
1.001930e-06
1.000985e-06
1.000041e-06
9.990989e-07
9.981577e-07
9.972176e-07
9.962788e-07
9.953412e-07
9.944048e-07
9.934695e-07
9.925355e-07
9.916027e-07
9.906711e-07
9.897407e-07
9.888114e-07
9.878834e-07
9.869565e-07
9.860308e-07
9.851064e-07
9.841831e-07
9.832609e-07
9.823400e-07
9.814203e-07
9.805017e-07
9.795843e-07
9.786680e-07
9.777530e-07
9.768391e-07
9.759264e-07
9.750148e-07
9.741044e-07
9.731952e-07
9.722871e-07
9.713802e-07
9.704745e-07
9.695699e-07
9.686665e-07
9.677642e-07
9.668631e-07
9.659631e-07
9.650642e-07
9.641666e-07
9.632700e-07
9.623746e-07
9.614804e-07
9.605872e-07
9.596953e-07
9.588044e-07
9.579147e-07
9.570261e-07
9.561387e-07
9.552523e-07
9.543671e-07
9.534831e-07
9.526001e-07
9.517183e-07
9.508376e-07
9.499580e-07
9.490796e-07
9.482022e-07
9.473260e-07
9.464508e-07
9.455768e-07
9.447039e-07
9.438321e-07
9.429614e-07
9.420919e-07
9.412234e-07
9.403560e-07
9.394897e-07
9.386245e-07
9.377604e-07
9.368974e-07
9.360355e-07
9.351747e-07
9.343150e-07
9.334564e-07
