1.245012e-02
9.116806e-03
7.584016e-03
7.187159e-03
8.502520e-03
8.844673e-03
8.639880e-03
8.147443e-03
7.524001e-03
6.862284e-03
6.215120e-03
5.610576e-03
5.061557e-03
4.571929e-03
4.140384e-03
3.762859e-03
3.434034e-03
3.148214e-03
2.899842e-03
2.683771e-03
2.495381e-03
2.330618e-03
2.185977e-03
2.058458e-03
1.945514e-03
1.844993e-03
1.774781e-03
1.740533e-03
1.705228e-03
1.669035e-03
1.632118e-03
1.594631e-03
1.556721e-03
1.518526e-03
1.480173e-03
1.441780e-03
1.403456e-03
1.365301e-03
1.327405e-03
1.289850e-03
1.252708e-03
1.216045e-03
1.179917e-03
1.144376e-03
1.109465e-03
1.075221e-03
1.058029e-03
1.045339e-03
1.032428e-03
1.019324e-03
1.006052e-03
9.926347e-04
9.790965e-04
9.654592e-04
9.517437e-04
9.379700e-04
9.241571e-04
9.103229e-04
8.964842e-04
8.826569e-04
8.688560e-04
8.550955e-04
8.413884e-04
8.277469e-04
8.141823e-04
8.007052e-04
7.873254e-04
7.740517e-04
7.608924e-04
7.478551e-04
7.349467e-04
7.221734e-04
7.095411e-04
6.970546e-04
6.847187e-04
6.725374e-04
6.605143e-04
6.486526e-04
6.369548e-04
6.254235e-04
6.140605e-04
6.028673e-04
5.918453e-04
5.862122e-04
5.819084e-04
5.775659e-04
5.731881e-04
5.687782e-04
5.643396e-04
5.598751e-04
5.553877e-04
5.508803e-04
5.463557e-04
5.418165e-04
5.372652e-04
5.327044e-04
5.281363e-04
5.235633e-04
5.189875e-04
5.144110e-04
5.098359e-04
5.052641e-04
5.006974e-04
4.961377e-04
4.915865e-04
4.870455e-04
4.825163e-04
4.780003e-04
4.734989e-04
4.690135e-04
4.645453e-04
4.600955e-04
4.556654e-04
4.512559e-04
4.468681e-04
4.425031e-04
4.381616e-04
4.338446e-04
4.295528e-04
4.252872e-04
4.210483e-04
4.168369e-04
4.126535e-04
4.084989e-04
4.043735e-04
4.002778e-04
3.962124e-04
3.921777e-04
3.881740e-04
3.842018e-04
3.802614e-04
3.763531e-04
3.724771e-04
3.686338e-04
3.648233e-04
3.610459e-04
3.573017e-04
3.535908e-04
3.499135e-04
3.462697e-04
3.426597e-04
3.390834e-04
3.355408e-04
3.320321e-04
3.285572e-04
3.251161e-04
3.217088e-04
3.183352e-04
3.149953e-04
3.116891e-04
3.084164e-04
3.051771e-04
3.027587e-04
3.014558e-04
3.001460e-04
2.988297e-04
2.975073e-04
2.961791e-04
2.948455e-04
2.935068e-04
2.921634e-04
2.908155e-04
2.894636e-04
2.881080e-04
2.867488e-04
2.853865e-04
2.840213e-04
2.826536e-04
2.812835e-04
2.799114e-04
2.785375e-04
2.771621e-04
2.757854e-04
2.744078e-04
2.730293e-04
2.716503e-04
2.702710e-04
2.688916e-04
2.675123e-04
2.661334e-04
2.647549e-04
2.633772e-04
2.620005e-04
2.606248e-04
2.592504e-04
2.578775e-04
2.565063e-04
2.551368e-04
2.537694e-04
2.524040e-04
2.510410e-04
2.496804e-04
2.483223e-04
2.469670e-04
2.456146e-04
2.442651e-04
2.429187e-04
2.415756e-04
2.402358e-04
2.388995e-04
2.375668e-04
2.362378e-04
2.349125e-04
2.335912e-04
2.322739e-04
2.309606e-04
2.296516e-04
2.283468e-04
2.270463e-04
2.257503e-04
2.244588e-04
2.231719e-04
2.218897e-04
2.206122e-04
2.193395e-04
2.180717e-04
2.168088e-04
2.155509e-04
2.142980e-04
2.130503e-04
2.118077e-04
2.105702e-04
2.093381e-04
2.081112e-04
2.068897e-04
2.056736e-04
2.044629e-04
2.032576e-04
2.020578e-04
2.008636e-04
1.996749e-04
1.984918e-04
1.973143e-04
1.961425e-04
1.949763e-04
1.938158e-04
1.926610e-04
1.915120e-04
1.903687e-04
1.892311e-04
1.880994e-04
1.869734e-04
1.858533e-04
1.847389e-04
1.836304e-04
1.825278e-04
1.814309e-04
1.803400e-04
1.792548e-04
1.781756e-04
1.771022e-04
1.760346e-04
1.749730e-04
1.739172e-04
1.728672e-04
1.718232e-04
1.707850e-04
1.697526e-04
1.687261e-04
1.677054e-04
1.666906e-04
1.656816e-04
1.646784e-04
1.636811e-04
1.626895e-04
1.617038e-04
1.607238e-04
1.597496e-04
1.587812e-04
1.578185e-04
1.568616e-04
1.559103e-04
1.549648e-04
1.540250e-04
1.530908e-04
1.521623e-04
1.512395e-04
1.503223e-04
1.494107e-04
1.485046e-04
1.476042e-04
1.467093e-04
1.458200e-04
1.449361e-04
1.440578e-04
1.436285e-04
1.432667e-04
1.429037e-04
1.425394e-04
1.421740e-04
1.418075e-04
1.414399e-04
1.410712e-04
1.407015e-04
1.403308e-04
1.399592e-04
1.395866e-04
1.392132e-04
1.388389e-04
1.384639e-04
1.380880e-04
1.377114e-04
1.373341e-04
1.369561e-04
1.365774e-04
1.361981e-04
1.358182e-04
1.354378e-04
1.350568e-04
1.346753e-04
1.342933e-04
1.339109e-04
1.335280e-04
1.331448e-04
1.327611e-04
1.323772e-04
1.319929e-04
1.316083e-04
1.312234e-04
1.308383e-04
1.304530e-04
1.300675e-04
1.296818e-04
1.292960e-04
1.289100e-04
1.285239e-04
1.281378e-04
1.277516e-04
1.273653e-04
1.269790e-04
1.265927e-04
1.262065e-04
1.258202e-04
1.254341e-04
1.250480e-04
1.246620e-04
1.242762e-04
1.238904e-04
1.235049e-04
1.231195e-04
1.227343e-04
1.223493e-04
1.219645e-04
1.215800e-04
1.211957e-04
1.208117e-04
1.204279e-04
1.200445e-04
1.196614e-04
1.192787e-04
1.188963e-04
1.185142e-04
1.181326e-04
1.177513e-04
1.173704e-04
1.169900e-04
1.166099e-04
1.162304e-04
1.158512e-04
1.154726e-04
1.150944e-04
1.147168e-04
1.143396e-04
1.139630e-04
1.135869e-04
1.132113e-04
1.128363e-04
1.124619e-04
1.120880e-04
1.117147e-04
1.113420e-04
1.109699e-04
1.105984e-04
1.102276e-04
1.098574e-04
1.094878e-04
1.091189e-04
1.087506e-04
1.083830e-04
1.080161e-04
1.076499e-04
1.072843e-04
1.069195e-04
1.065554e-04
1.061920e-04
1.058293e-04
1.054673e-04
1.051061e-04
1.047457e-04
1.043860e-04
1.040270e-04
1.036689e-04
1.033115e-04
1.029548e-04
1.025990e-04
1.022440e-04
1.018897e-04
1.015363e-04
1.011836e-04
1.008318e-04
1.004808e-04
1.001306e-04
9.978128e-05
9.943277e-05
9.908510e-05
9.873827e-05
9.839229e-05
9.804716e-05
9.770289e-05
9.735949e-05
9.701694e-05
9.667527e-05
9.633447e-05
9.599455e-05
9.565551e-05
9.531736e-05
9.498009e-05
9.464371e-05
9.430822e-05
9.397364e-05
9.363995e-05
9.330717e-05
9.297529e-05
9.264432e-05
9.231426e-05
9.198512e-05
9.165689e-05
9.132958e-05
9.100319e-05
9.067773e-05
9.035319e-05
9.002957e-05
8.970689e-05
8.938513e-05
8.906431e-05
8.874442e-05
8.842547e-05
8.810745e-05
8.779038e-05
8.747424e-05
8.715904e-05
8.684479e-05
8.653148e-05
8.621911e-05
8.590769e-05
8.559722e-05
8.528769e-05
8.497912e-05
8.467149e-05
8.436481e-05
8.405908e-05
8.375430e-05
8.345047e-05
8.314760e-05
8.284567e-05
8.254470e-05
8.224468e-05
8.194561e-05
8.164750e-05
8.135034e-05
8.105413e-05
8.075888e-05
8.046458e-05
8.017123e-05
7.987883e-05
7.958739e-05
7.929689e-05
7.900735e-05
7.871876e-05
7.843113e-05
7.814444e-05
7.785870e-05
7.757391e-05
7.729007e-05
7.700718e-05
7.672524e-05
7.644424e-05
7.616419e-05
7.588509e-05
7.560693e-05
7.532971e-05
7.505343e-05
7.477810e-05
7.450371e-05
7.423026e-05
7.395774e-05
7.368617e-05
7.341553e-05
7.314582e-05
7.287705e-05
7.260922e-05
7.234231e-05
7.207634e-05
7.181129e-05
7.154717e-05
7.128398e-05
7.102171e-05
7.076037e-05
7.049995e-05
7.024045e-05
6.998187e-05
6.972421e-05
6.946746e-05
6.921163e-05
6.895671e-05
6.870270e-05
6.844960e-05
6.819741e-05
6.794613e-05
6.769575e-05
6.744627e-05
6.719769e-05
6.695002e-05
6.670324e-05
6.645736e-05
6.621237e-05
6.596827e-05
6.572507e-05
6.548275e-05
6.524132e-05
6.500077e-05
6.476111e-05
6.452232e-05
6.428442e-05
6.404739e-05
6.381124e-05
6.357596e-05
6.334155e-05
6.310801e-05
6.287533e-05
6.264352e-05
6.241258e-05
6.218249e-05
6.195326e-05
6.172489e-05
6.149737e-05
6.127070e-05
6.104488e-05
6.081992e-05
6.059579e-05
6.037406e-05
6.028034e-05
6.018641e-05
6.009227e-05
5.999793e-05
5.990338e-05
5.980864e-05
5.971370e-05
5.961858e-05
5.952326e-05
5.942777e-05
5.933209e-05
5.923624e-05
5.914021e-05
5.904402e-05
5.894766e-05
5.885114e-05
5.875446e-05
5.865763e-05
5.856064e-05
5.846351e-05
5.836623e-05
5.826881e-05
5.817124e-05
5.807355e-05
5.797572e-05
5.787776e-05
5.777967e-05
5.768147e-05
5.758314e-05
5.748469e-05
5.738613e-05
5.728746e-05
5.718869e-05
5.708980e-05
5.699082e-05
5.689173e-05
5.679255e-05
5.669328e-05
5.659391e-05
5.649446e-05
5.639492e-05
5.629530e-05
5.619559e-05
5.609582e-05
5.599596e-05
5.589604e-05
5.579604e-05
5.569598e-05
5.559586e-05
5.549567e-05
5.539542e-05
5.529512e-05
5.519476e-05
5.509436e-05
5.499390e-05
5.489339e-05
5.479285e-05
5.469226e-05
5.459163e-05
5.449096e-05
5.439026e-05
5.428952e-05
5.418875e-05
5.408796e-05
5.398714e-05
5.388630e-05
5.378543e-05
5.368455e-05
5.358364e-05
5.348273e-05
5.338179e-05
5.328085e-05
5.317990e-05
5.307894e-05
5.297798e-05
5.287702e-05
5.277605e-05
5.267508e-05
5.257412e-05
5.247316e-05
5.237221e-05
5.227127e-05
5.217034e-05
5.206942e-05
5.196851e-05
5.186763e-05
5.176675e-05
5.166590e-05
5.156507e-05
5.146427e-05
5.136349e-05
5.126273e-05
5.116200e-05
5.106131e-05
5.096064e-05
5.086001e-05
5.075941e-05
5.065885e-05
5.055833e-05
5.045785e-05
5.035741e-05
5.025701e-05
5.015665e-05
5.005635e-05
4.995609e-05
4.985587e-05
4.975571e-05
4.965560e-05
4.955555e-05
4.945555e-05
4.935560e-05
4.925572e-05
4.915589e-05
4.905612e-05
4.895641e-05
4.885677e-05
4.875719e-05
4.865768e-05
4.855823e-05
4.845885e-05
4.835955e-05
4.826031e-05
4.816114e-05
4.806205e-05
4.796303e-05
4.786409e-05
4.776523e-05
4.766644e-05
4.756773e-05
4.746911e-05
4.737056e-05
4.727210e-05
4.717372e-05
4.707543e-05
4.697722e-05
4.687910e-05
4.678107e-05
4.668312e-05
4.658527e-05
4.648751e-05
4.638984e-05
4.629226e-05
4.619478e-05
4.609740e-05
4.600011e-05
4.590292e-05
4.580582e-05
4.570883e-05
4.561193e-05
4.551514e-05
4.541845e-05
4.532186e-05
4.522538e-05
4.512900e-05
4.503272e-05
4.493656e-05
4.484049e-05
4.474454e-05
4.464870e-05
4.455297e-05
4.445734e-05
4.436183e-05
4.426643e-05
4.417114e-05
4.407597e-05
4.398091e-05
4.388597e-05
4.379114e-05
4.369643e-05
4.360184e-05
4.350737e-05
4.341301e-05
4.331877e-05
4.322466e-05
4.313066e-05
4.303679e-05
4.294304e-05
4.284941e-05
4.275590e-05
4.266252e-05
4.256927e-05
4.247613e-05
4.238313e-05
4.229025e-05
4.219750e-05
4.210488e-05
4.201238e-05
4.192002e-05
4.182778e-05
4.173568e-05
4.164370e-05
4.155186e-05
4.146014e-05
4.136856e-05
4.127712e-05
4.118580e-05
4.109462e-05
4.100357e-05
4.091266e-05
4.082188e-05
4.073124e-05
4.064074e-05
4.055037e-05
4.046014e-05
4.037004e-05
4.028009e-05
4.019027e-05
4.010059e-05
4.001105e-05
3.992165e-05
3.983239e-05
3.974327e-05
3.965429e-05
3.956545e-05
3.947676e-05
3.938820e-05
3.929979e-05
3.921152e-05
3.912339e-05
3.903541e-05
3.894757e-05
3.885987e-05
3.877232e-05
3.868491e-05
3.859765e-05
3.851054e-05
3.842356e-05
3.833674e-05
3.825006e-05
3.816353e-05
3.807714e-05
3.799090e-05
3.790481e-05
3.781886e-05
3.773306e-05
3.764742e-05
3.756191e-05
3.747656e-05
3.739136e-05
3.730630e-05
3.722140e-05
3.713671e-05
3.705225e-05
3.696793e-05
3.688377e-05
3.679995e-05
3.671650e-05
3.663320e-05
3.655004e-05
3.646703e-05
3.638417e-05
3.630146e-05
3.621890e-05
3.613665e-05
3.605506e-05
3.597361e-05
3.589231e-05
3.581115e-05
3.573014e-05
3.564927e-05
3.556855e-05
3.548797e-05
3.540753e-05
3.533084e-05
3.527609e-05
3.522149e-05
3.516703e-05
3.511271e-05
3.505854e-05
3.500452e-05
3.495063e-05
3.489689e-05
3.484329e-05
3.478983e-05
3.473651e-05
3.468333e-05
3.463029e-05
3.457739e-05
3.452463e-05
3.447200e-05
3.441951e-05
3.436716e-05
3.431495e-05
3.426287e-05
3.421092e-05
3.415911e-05
3.410743e-05
3.405589e-05
3.400448e-05
3.395320e-05
3.390205e-05
3.385104e-05
3.380015e-05
3.374939e-05
3.369877e-05
3.364827e-05
3.359790e-05
3.354767e-05
3.349755e-05
3.344757e-05
3.339771e-05
3.334798e-05
3.329837e-05
3.324889e-05
3.319953e-05
3.315030e-05
3.310119e-05
3.305220e-05
3.300334e-05
3.295460e-05
3.290598e-05
3.285748e-05
3.280911e-05
3.276085e-05
3.271271e-05
3.266470e-05
3.261680e-05
3.256902e-05
3.252136e-05
3.247381e-05
3.242638e-05
3.237907e-05
3.233188e-05
3.228480e-05
3.223784e-05
3.219099e-05
3.214426e-05
3.209764e-05
3.205113e-05
3.200474e-05
3.195846e-05
3.191229e-05
3.186624e-05
3.182029e-05
3.177446e-05
3.172874e-05
3.168313e-05
3.163762e-05
3.159223e-05
3.154695e-05
3.150177e-05
3.145671e-05
3.141175e-05
3.136689e-05
3.132215e-05
3.127751e-05
3.123298e-05
3.118855e-05
3.114423e-05
3.110002e-05
3.105591e-05
3.101190e-05
3.096800e-05
3.092420e-05
3.088050e-05
3.083691e-05
3.079342e-05
3.075003e-05
3.070674e-05
3.066356e-05
3.062047e-05
3.057749e-05
3.053460e-05
3.049182e-05
3.044913e-05
3.040655e-05
3.036406e-05
3.032167e-05
3.027938e-05
3.023719e-05
3.019509e-05
3.015309e-05
3.011119e-05
3.006938e-05
3.002767e-05
2.998606e-05
2.994454e-05
2.990311e-05
2.986178e-05
2.982055e-05
2.977940e-05
2.973836e-05
2.969740e-05
2.965654e-05
2.961577e-05
2.957509e-05
2.953450e-05
2.949401e-05
2.945361e-05
2.941330e-05
2.937307e-05
2.933294e-05
2.929290e-05
2.925295e-05
2.921309e-05
2.917331e-05
2.913363e-05
2.909403e-05
2.905453e-05
2.901511e-05
2.897577e-05
2.893653e-05
2.889737e-05
2.885830e-05
2.881931e-05
2.878041e-05
2.874160e-05
2.870287e-05
2.866423e-05
2.862567e-05
2.858720e-05
2.854881e-05
2.851050e-05
2.847228e-05
2.843414e-05
2.839608e-05
2.835811e-05
2.832022e-05
2.828241e-05
2.824469e-05
2.820704e-05
2.816948e-05
2.813200e-05
2.809460e-05
2.805728e-05
2.802004e-05
2.798288e-05
2.794580e-05
2.790880e-05
2.787188e-05
2.783503e-05
2.779827e-05
2.776159e-05
2.772498e-05
2.768845e-05
2.765200e-05
2.761563e-05
2.757933e-05
2.754311e-05
2.750697e-05
2.747090e-05
2.743491e-05
2.739899e-05
2.736316e-05
2.732739e-05
2.729170e-05
2.725609e-05
2.722055e-05
2.718509e-05
2.714970e-05
2.711438e-05
2.707914e-05
2.704397e-05
2.700887e-05
2.697385e-05
2.693890e-05
2.690402e-05
2.686922e-05
2.683448e-05
2.679982e-05
2.676523e-05
2.673071e-05
2.669627e-05
2.666189e-05
2.662758e-05
2.659335e-05
2.655918e-05
2.652509e-05
2.649106e-05
2.645711e-05
2.642322e-05
2.638940e-05
2.635565e-05
2.632197e-05
2.628836e-05
2.625482e-05
2.622134e-05
2.618793e-05
2.615459e-05
2.612132e-05
2.608812e-05
2.605498e-05
2.602190e-05
2.598890e-05
2.595596e-05
2.592309e-05
2.589028e-05
2.585754e-05
2.582486e-05
2.579225e-05
2.575971e-05
2.572723e-05
2.569481e-05
2.566246e-05
2.563017e-05
2.559795e-05
2.556579e-05
2.553369e-05
2.550166e-05
2.546969e-05
2.543778e-05
2.540594e-05
2.537416e-05
2.534244e-05
2.531079e-05
2.527919e-05
2.524766e-05
2.521619e-05
2.518478e-05
2.515344e-05
2.512215e-05
2.509093e-05
2.505976e-05
2.502866e-05
2.499762e-05
2.496663e-05
2.493571e-05
2.490485e-05
2.487405e-05
2.484330e-05
2.481262e-05
2.478200e-05
2.475143e-05
2.472092e-05
2.469047e-05
2.466008e-05
2.462975e-05
2.459948e-05
2.456926e-05
2.453911e-05
2.450901e-05
2.447896e-05
2.444898e-05
2.441905e-05
2.438918e-05
2.435936e-05
2.432961e-05
2.429991e-05
2.427026e-05
2.424067e-05
2.421114e-05
2.418166e-05
2.415224e-05
2.412287e-05
2.409356e-05
2.406430e-05
2.403510e-05
2.400596e-05
2.397687e-05
2.394783e-05
2.391885e-05
2.388992e-05
2.386104e-05
2.383222e-05
2.380345e-05
2.377474e-05
2.374608e-05
2.371747e-05
2.368892e-05
2.366042e-05
2.363197e-05
2.360357e-05
2.357523e-05
2.354694e-05
2.351870e-05
2.349051e-05
2.346238e-05
2.343430e-05
2.340627e-05
2.337829e-05
2.335036e-05
2.332248e-05
2.329465e-05
2.326688e-05
2.323915e-05
2.321148e-05
2.318385e-05
2.315628e-05
2.312875e-05
2.310128e-05
2.307386e-05
2.304648e-05
2.301916e-05
2.299188e-05
2.296466e-05
2.293748e-05
2.291035e-05
2.288327e-05
2.285624e-05
2.282926e-05
2.280233e-05
2.277545e-05
2.274861e-05
2.272182e-05
2.269508e-05
2.266839e-05
2.264174e-05
2.261515e-05
2.258860e-05
2.256209e-05
2.253564e-05
2.250923e-05
2.248287e-05
2.245655e-05
2.243028e-05
2.240406e-05
2.237789e-05
2.235176e-05
2.232568e-05
2.229964e-05
2.227365e-05
2.224770e-05
2.222180e-05
2.219595e-05
2.217014e-05
2.214438e-05
2.211866e-05
2.209299e-05
2.206736e-05
2.204178e-05
2.201624e-05
2.199074e-05
2.196529e-05
2.193989e-05
2.191453e-05
2.188921e-05
2.186394e-05
2.183871e-05
2.181352e-05
2.178838e-05
2.176328e-05
2.173822e-05
2.171321e-05
2.168824e-05
2.166332e-05
2.163844e-05
2.161360e-05
2.158880e-05
2.156404e-05
2.153933e-05
2.151466e-05
2.149003e-05
2.146545e-05
2.144090e-05
2.141640e-05
2.139194e-05
2.136752e-05
2.134315e-05
2.131881e-05
2.129452e-05
2.127027e-05
2.124606e-05
2.122189e-05
2.119776e-05
2.117367e-05
2.114962e-05
2.112561e-05
2.110165e-05
2.107772e-05
2.105383e-05
2.102999e-05
2.100618e-05
2.098242e-05
2.095869e-05
2.093501e-05
2.091136e-05
2.088775e-05
2.086419e-05
2.084066e-05
2.081717e-05
2.079372e-05
2.077031e-05
2.074694e-05
2.072361e-05
2.070032e-05
2.067706e-05
2.065385e-05
2.063067e-05
2.060753e-05
2.058443e-05
2.056137e-05
2.053834e-05
2.051536e-05
2.049241e-05
2.046950e-05
2.044662e-05
2.042379e-05
2.040099e-05
2.037823e-05
2.035551e-05
2.033282e-05
2.031017e-05
2.028756e-05
2.026499e-05
2.024245e-05
2.021995e-05
2.019749e-05
2.017506e-05
2.015267e-05
2.013031e-05
2.010800e-05
2.008571e-05
2.006347e-05
2.004126e-05
2.001909e-05
1.999695e-05
1.997485e-05
1.995278e-05
1.993075e-05
1.990876e-05
1.988680e-05
1.986487e-05
1.984299e-05
1.982113e-05
1.979932e-05
1.977753e-05
1.975578e-05
1.973407e-05
1.971239e-05
1.969075e-05
1.966914e-05
1.964757e-05
1.962603e-05
1.960452e-05
1.958305e-05
1.956161e-05
1.954021e-05
1.951884e-05
1.949751e-05
1.947621e-05
1.945494e-05
1.943370e-05
1.941251e-05
1.939134e-05
1.937021e-05
1.934911e-05
1.932804e-05
1.930701e-05
1.928601e-05
1.926504e-05
1.924411e-05
1.922321e-05
1.920234e-05
1.918151e-05
1.916070e-05
1.913994e-05
1.911920e-05
1.909849e-05
1.907782e-05
1.905718e-05
1.903658e-05
1.901600e-05
1.899546e-05
1.897495e-05
1.895447e-05
1.893402e-05
1.891360e-05
1.889322e-05
1.887287e-05
1.885255e-05
1.883226e-05
1.881200e-05
1.879178e-05
1.877158e-05
1.875142e-05
1.873128e-05
1.871118e-05
1.869111e-05
1.867107e-05
1.865107e-05
1.863109e-05
1.861114e-05
1.859122e-05
1.857134e-05
1.855148e-05
1.853166e-05
1.851186e-05
1.849210e-05
1.847237e-05
1.845266e-05
1.843299e-05
1.841334e-05
1.839373e-05
1.837415e-05
1.835459e-05
1.833507e-05
1.831558e-05
1.829611e-05
1.827668e-05
1.825727e-05
1.823789e-05
1.821855e-05
1.819923e-05
1.817994e-05
1.816068e-05
1.814145e-05
1.812225e-05
1.810308e-05
1.808393e-05
1.806482e-05
1.804573e-05
1.802668e-05
1.800765e-05
1.798865e-05
1.796968e-05
1.795074e-05
1.793182e-05
1.791294e-05
1.789408e-05
1.787525e-05
1.785645e-05
1.783768e-05
1.781893e-05
1.780021e-05
1.778152e-05
1.776286e-05
1.774423e-05
1.772562e-05
1.770705e-05
1.768849e-05
1.766997e-05
1.765148e-05
1.763301e-05
1.761457e-05
1.759615e-05
1.757777e-05
1.755941e-05
1.754108e-05
1.752277e-05
1.750449e-05
1.748624e-05
1.746802e-05
1.744982e-05
1.743165e-05
1.741351e-05
1.739539e-05
1.737730e-05
1.735924e-05
1.734120e-05
1.732319e-05
1.730520e-05
1.728725e-05
1.726931e-05
1.725141e-05
1.723353e-05
1.721567e-05
1.719785e-05
1.718005e-05
1.716227e-05
1.714452e-05
1.712680e-05
1.710910e-05
1.709143e-05
1.707378e-05
1.705616e-05
1.703856e-05
1.702099e-05
1.700345e-05
1.698593e-05
1.696844e-05
1.695097e-05
1.693352e-05
1.691611e-05
1.689871e-05
1.688134e-05
1.686400e-05
1.684668e-05
1.682939e-05
1.681212e-05
1.679488e-05
1.677766e-05
1.676047e-05
1.674330e-05
1.672615e-05
1.670903e-05
1.669194e-05
1.667487e-05
1.665782e-05
1.664080e-05
1.662380e-05
1.660683e-05
1.658988e-05
1.657295e-05
1.655605e-05
1.653917e-05
1.652232e-05
1.650549e-05
1.648868e-05
1.647190e-05
1.645515e-05
1.643841e-05
1.642170e-05
1.640501e-05
1.638835e-05
1.637171e-05
1.635510e-05
1.633850e-05
1.632194e-05
1.630539e-05
1.628887e-05
1.627237e-05
1.625589e-05
1.623944e-05
1.622301e-05
1.620660e-05
1.619022e-05
1.617386e-05
1.615752e-05
1.614121e-05
1.612492e-05
1.610865e-05
1.609240e-05
1.607618e-05
1.605998e-05
1.604380e-05
1.602765e-05
1.601151e-05
1.599540e-05
1.597932e-05
1.596325e-05
1.594721e-05
1.593119e-05
1.591519e-05
1.589921e-05
1.588326e-05
1.586733e-05
1.585142e-05
1.583553e-05
1.581966e-05
1.580382e-05
1.578800e-05
1.577220e-05
1.575642e-05
1.574067e-05
1.572493e-05
1.570922e-05
1.569353e-05
1.567786e-05
1.566221e-05
1.564658e-05
1.563098e-05
1.561540e-05
1.559983e-05
1.558429e-05
1.556877e-05
1.555328e-05
1.553780e-05
1.552235e-05
1.550691e-05
1.549150e-05
1.547611e-05
1.546074e-05
1.544539e-05
1.543006e-05
1.541475e-05
1.539946e-05
1.538419e-05
1.536895e-05
1.535372e-05
1.533852e-05
1.532334e-05
1.530817e-05
1.529303e-05
1.527791e-05
1.526281e-05
1.524773e-05
1.523267e-05
1.521763e-05
1.520261e-05
1.518761e-05
1.517263e-05
1.515768e-05
1.514274e-05
1.512782e-05
1.511292e-05
1.509804e-05
1.508319e-05
1.506835e-05
1.505353e-05
1.503873e-05
1.502396e-05
1.500920e-05
1.499446e-05
1.497974e-05
1.496504e-05
1.495036e-05
1.493571e-05
1.492107e-05
1.490645e-05
1.489185e-05
1.487727e-05
1.486270e-05
1.484816e-05
1.483364e-05
1.481914e-05
1.480465e-05
1.479019e-05
1.477575e-05
1.476132e-05
1.474691e-05
1.473253e-05
1.471816e-05
1.470381e-05
1.468948e-05
1.467517e-05
1.466088e-05
1.464660e-05
1.463235e-05
1.461812e-05
1.460390e-05
1.458970e-05
1.457552e-05
1.456136e-05
1.454722e-05
1.453310e-05
1.451900e-05
1.450491e-05
1.449084e-05
1.447680e-05
1.446277e-05
1.444876e-05
1.443476e-05
1.442079e-05
1.440683e-05
1.439290e-05
1.437898e-05
1.436508e-05
1.435119e-05
1.433733e-05
1.432348e-05
1.430966e-05
1.429585e-05
1.428206e-05
1.426828e-05
1.425453e-05
1.424079e-05
1.422707e-05
1.421337e-05
1.419968e-05
1.418602e-05
1.417237e-05
1.415874e-05
1.414513e-05
1.413153e-05
1.411795e-05
1.410439e-05
1.409085e-05
1.407733e-05
1.406382e-05
1.405033e-05
1.403686e-05
1.402341e-05
1.400997e-05
1.399655e-05
1.398315e-05
1.396976e-05
1.395640e-05
1.394305e-05
1.392971e-05
1.391640e-05
1.390310e-05
1.388982e-05
1.387655e-05
1.386331e-05
1.385008e-05
1.383686e-05
1.382367e-05
1.381049e-05
1.379733e-05
1.378418e-05
1.377106e-05
1.375794e-05
1.374485e-05
1.373177e-05
1.371871e-05
1.370567e-05
1.369264e-05
1.367963e-05
1.366664e-05
1.365366e-05
1.364070e-05
1.362776e-05
1.361483e-05
1.360192e-05
1.358902e-05
1.357614e-05
1.356328e-05
1.355044e-05
1.353761e-05
1.352480e-05
1.351200e-05
1.349922e-05
1.348646e-05
1.347371e-05
1.346098e-05
1.344826e-05
1.343556e-05
1.342288e-05
1.341022e-05
1.339756e-05
1.338493e-05
1.337231e-05
1.335971e-05
1.334712e-05
1.333455e-05
1.332200e-05
1.330946e-05
1.329694e-05
1.328443e-05
1.327194e-05
1.325946e-05
1.324700e-05
1.323456e-05
1.322213e-05
1.320972e-05
1.319732e-05
1.318494e-05
1.317257e-05
1.316022e-05
1.314788e-05
1.313557e-05
1.312326e-05
1.311097e-05
1.309870e-05
1.308644e-05
1.307420e-05
1.306197e-05
1.304976e-05
1.303756e-05
1.302538e-05
1.301322e-05
1.300107e-05
1.298893e-05
1.297681e-05
1.296470e-05
1.295261e-05
1.294054e-05
1.292848e-05
1.291643e-05
1.290440e-05
1.289239e-05
1.288039e-05
1.286840e-05
1.285643e-05
1.284448e-05
1.283254e-05
1.282061e-05
1.280870e-05
1.279681e-05
1.278492e-05
1.277306e-05
1.276121e-05
1.274937e-05
1.273755e-05
1.272574e-05
1.271394e-05
1.270217e-05
1.269040e-05
1.267865e-05
1.266692e-05
1.265520e-05
1.264349e-05
1.263180e-05
1.262012e-05
1.260846e-05
1.259681e-05
1.258518e-05
1.257356e-05
1.256195e-05
1.255036e-05
1.253878e-05
1.252722e-05
1.251567e-05
1.250414e-05
1.249262e-05
1.248111e-05
1.246962e-05
1.245814e-05
1.244668e-05
1.243523e-05
1.242379e-05
1.241237e-05
1.240096e-05
1.238957e-05
1.237819e-05
1.236682e-05
1.235547e-05
1.234413e-05
1.233281e-05
1.232150e-05
1.231020e-05
1.229892e-05
1.228765e-05
1.227639e-05
1.226515e-05
1.225392e-05
1.224271e-05
1.223151e-05
1.222032e-05
1.220914e-05
1.219798e-05
1.218684e-05
1.217571e-05
1.216459e-05
1.215348e-05
1.214239e-05
1.213131e-05
1.212024e-05
1.210919e-05
1.209815e-05
1.208713e-05
1.207611e-05
1.206511e-05
1.205413e-05
1.204316e-05
1.203220e-05
1.202125e-05
1.201032e-05
1.199940e-05
1.198849e-05
1.197760e-05
1.196672e-05
1.195585e-05
1.194500e-05
1.193416e-05
1.192333e-05
1.191251e-05
1.190171e-05
1.189092e-05
1.188015e-05
1.186939e-05
1.185864e-05
1.184790e-05
1.183717e-05
1.182646e-05
1.181576e-05
1.180508e-05
1.179440e-05
1.178374e-05
1.177310e-05
1.176246e-05
1.175184e-05
1.174123e-05
1.173063e-05
1.172005e-05
1.170948e-05
1.169892e-05
1.168837e-05
1.167784e-05
1.166732e-05
1.165681e-05
1.164632e-05
1.163583e-05
1.162536e-05
1.161490e-05
1.160446e-05
1.159402e-05
1.158360e-05
1.157319e-05
1.156280e-05
1.155241e-05
1.154204e-05
1.153168e-05
1.152133e-05
1.151100e-05
1.150067e-05
1.149036e-05
1.148007e-05
1.146978e-05
1.145950e-05
1.144924e-05
1.143899e-05
1.142876e-05
1.141853e-05
1.140832e-05
1.139811e-05
1.138793e-05
1.137775e-05
1.136758e-05
1.135743e-05
1.134729e-05
1.133716e-05
1.132704e-05
1.131693e-05
1.130684e-05
1.129676e-05
1.128669e-05
1.127663e-05
1.126658e-05
1.125655e-05
1.124653e-05
1.123652e-05
1.122652e-05
1.121653e-05
1.120655e-05
1.119659e-05
1.118664e-05
1.117669e-05
1.116677e-05
1.115685e-05
1.114694e-05
1.113705e-05
1.112716e-05
1.111729e-05
1.110743e-05
1.109758e-05
1.108775e-05
1.107792e-05
1.106811e-05
1.105831e-05
1.104852e-05
1.103874e-05
1.102897e-05
1.101921e-05
1.100946e-05
1.099973e-05
1.099001e-05
1.098030e-05
1.097060e-05
1.096091e-05
1.095123e-05
1.094156e-05
1.093191e-05
1.092226e-05
1.091263e-05
1.090301e-05
1.089340e-05
1.088380e-05
1.087421e-05
1.086463e-05
1.085507e-05
1.084551e-05
1.083597e-05
1.082643e-05
1.081691e-05
1.080740e-05
1.079790e-05
1.078841e-05
1.077893e-05
1.076947e-05
1.076001e-05
1.075057e-05
1.074113e-05
1.073171e-05
1.072229e-05
1.071289e-05
1.070350e-05
1.069412e-05
1.068475e-05
1.067539e-05
1.066605e-05
1.065671e-05
1.064738e-05
1.063807e-05
1.062876e-05
1.061947e-05
1.061018e-05
1.060091e-05
1.059165e-05
1.058240e-05
1.057315e-05
1.056392e-05
1.055470e-05
1.054549e-05
1.053629e-05
1.052711e-05
1.051793e-05
1.050876e-05
1.049960e-05
1.049046e-05
1.048132e-05
1.047220e-05
1.046308e-05
1.045398e-05
1.044488e-05
1.043580e-05
1.042672e-05
1.041766e-05
1.040861e-05
1.039956e-05
1.039053e-05
1.038151e-05
1.037250e-05
1.036350e-05
1.035450e-05
1.034552e-05
1.033655e-05
1.032759e-05
1.031864e-05
1.030970e-05
1.030077e-05
1.029185e-05
1.028294e-05
1.027404e-05
1.026515e-05
1.025627e-05
1.024740e-05
1.023854e-05
1.022969e-05
1.022085e-05
1.021202e-05
1.020320e-05
1.019439e-05
1.018559e-05
1.017680e-05
1.016802e-05
1.015925e-05
1.015049e-05
1.014174e-05
1.013300e-05
1.012427e-05
1.011555e-05
1.010683e-05
1.009813e-05
1.008944e-05
1.008076e-05
1.007209e-05
1.006343e-05
1.005477e-05
1.004613e-05
1.003750e-05
1.002888e-05
1.002026e-05
1.001166e-05
1.000306e-05
9.994479e-06
9.985904e-06
9.977338e-06
9.968783e-06
9.960236e-06
9.951700e-06
9.943173e-06
9.934655e-06
9.926147e-06
9.917649e-06
9.909160e-06
9.900680e-06
9.892210e-06
9.883750e-06
9.875299e-06
9.866857e-06
9.858425e-06
9.850002e-06
9.841588e-06
9.833184e-06
9.824790e-06
9.816404e-06
9.808028e-06
9.799662e-06
9.791304e-06
9.782956e-06
9.774617e-06
9.766288e-06
9.757968e-06
9.749657e-06
9.741355e-06
9.733062e-06
9.724779e-06
9.716505e-06
9.708240e-06
9.699984e-06
9.691738e-06
9.683500e-06
9.675272e-06
9.667053e-06
9.658843e-06
9.650642e-06
9.642450e-06
9.634267e-06
9.626093e-06
9.617928e-06
9.609773e-06
9.601626e-06
9.593488e-06
9.585359e-06
9.577240e-06
9.569129e-06
9.561027e-06
9.552934e-06
9.544850e-06
9.536775e-06
9.528709e-06
9.520652e-06
9.512603e-06
9.504564e-06
9.496533e-06
9.488511e-06
9.480498e-06
9.472494e-06
9.464499e-06
9.456512e-06
9.448535e-06
9.440566e-06
9.432605e-06
9.424654e-06
9.416711e-06
9.408777e-06
9.400852e-06
9.392935e-06
9.385027e-06
9.377128e-06
9.369237e-06
9.361355e-06
9.353481e-06
9.345617e-06
9.337761e-06
9.329913e-06
9.322074e-06
9.314244e-06
9.306422e-06
9.298608e-06
9.290804e-06
9.283008e-06
9.275220e-06
9.267441e-06
9.259670e-06
9.251908e-06
9.244154e-06
9.236409e-06
9.228672e-06
9.220943e-06
9.213223e-06
9.205512e-06
9.197808e-06
9.190114e-06
9.182427e-06
9.174749e-06
9.167079e-06
9.159418e-06
9.151765e-06
9.144120e-06
9.136484e-06
9.128856e-06
9.121236e-06
9.113624e-06
9.106021e-06
9.098426e-06
9.090839e-06
9.083260e-06
9.075690e-06
9.068128e-06
9.060574e-06
9.053028e-06
9.045490e-06
9.037961e-06
9.030439e-06
9.022926e-06
9.015421e-06
9.007924e-06
9.000435e-06
8.992955e-06
8.985482e-06
8.978017e-06
8.970561e-06
8.963112e-06
8.955672e-06
8.948239e-06
8.940815e-06
8.933398e-06
8.925990e-06
8.918590e-06
8.911197e-06
8.903813e-06
8.896436e-06
8.889067e-06
8.881707e-06
8.874354e-06
8.867009e-06
8.859672e-06
8.852343e-06
8.845022e-06
8.837708e-06
8.830403e-06
8.823105e-06
8.815815e-06
8.808533e-06
8.801259e-06
8.793993e-06
8.786734e-06
8.779483e-06
8.772240e-06
8.765005e-06
8.757778e-06
8.750558e-06
8.743346e-06
8.736141e-06
8.728945e-06
8.721756e-06
8.714574e-06
8.707401e-06
8.700235e-06
8.693077e-06
8.685926e-06
8.678783e-06
8.671648e-06
8.664520e-06
8.657400e-06
8.650287e-06
8.643182e-06
8.636085e-06
8.628995e-06
8.621913e-06
8.614838e-06
8.607771e-06
8.600711e-06
8.593659e-06
8.586614e-06
8.579577e-06
8.572547e-06
8.565525e-06
8.558510e-06
8.551503e-06
8.544503e-06
8.537511e-06
8.530526e-06
8.523548e-06
8.516578e-06
8.509615e-06
8.502660e-06
8.495712e-06
8.488771e-06
8.481838e-06
8.474912e-06
8.467993e-06
8.461082e-06
8.454178e-06
8.447281e-06
8.440392e-06
8.433509e-06
8.426635e-06
8.419767e-06
8.412907e-06
8.406054e-06
8.399208e-06
8.392369e-06
8.385538e-06
8.378714e-06
8.371897e-06
8.365087e-06
8.358284e-06
8.351489e-06
8.344701e-06
8.337919e-06
8.331145e-06
8.324379e-06
8.317619e-06
8.310866e-06
8.304121e-06
8.297382e-06
8.290651e-06
8.283927e-06
8.277210e-06
8.270499e-06
8.263796e-06
8.257100e-06
8.250411e-06
8.243729e-06
8.237054e-06
8.230386e-06
8.223725e-06
8.217071e-06
8.210424e-06
8.203784e-06
8.197151e-06
8.190525e-06
8.183906e-06
8.177294e-06
8.170688e-06
8.164090e-06
8.157498e-06
8.150914e-06
8.144336e-06
8.137765e-06
8.131201e-06
8.124644e-06
8.118093e-06
8.111550e-06
8.105013e-06
8.098483e-06
8.091960e-06
8.085444e-06
8.078935e-06
8.072432e-06
8.065936e-06
8.059447e-06
8.052965e-06
8.046489e-06
8.040020e-06
8.033558e-06
8.027103e-06
8.020654e-06
8.014212e-06
8.007777e-06
8.001349e-06
7.994927e-06
7.988511e-06
7.982103e-06
7.975701e-06
7.969306e-06
7.962917e-06
7.956535e-06
7.950160e-06
7.943791e-06
7.937429e-06
7.931073e-06
7.924724e-06
7.918382e-06
7.912046e-06
7.905717e-06
7.899394e-06
7.893078e-06
7.886769e-06
7.880465e-06
7.874169e-06
7.867879e-06
7.861595e-06
7.855318e-06
7.849048e-06
7.842783e-06
7.836526e-06
7.830275e-06
7.824030e-06
7.817792e-06
7.811560e-06
7.805334e-06
7.799115e-06
7.792903e-06
7.786697e-06
7.780497e-06
7.774303e-06
7.768116e-06
7.761936e-06
7.755761e-06
7.749593e-06
7.743432e-06
7.737276e-06
7.731127e-06
7.724985e-06
7.718849e-06
7.712719e-06
7.706595e-06
7.700477e-06
7.694366e-06
7.688261e-06
7.682163e-06
7.676070e-06
7.669984e-06
7.663904e-06
7.657831e-06
7.651763e-06
7.645702e-06
7.639647e-06
7.633598e-06
7.627556e-06
7.621519e-06
7.615489e-06
7.609465e-06
7.603447e-06
7.597436e-06
7.591430e-06
7.585430e-06
7.579437e-06
7.573450e-06
7.567469e-06
7.561494e-06
7.555525e-06
7.549562e-06
7.543605e-06
7.537655e-06
7.531710e-06
7.525772e-06
7.519839e-06
7.513913e-06
7.507992e-06
7.502078e-06
7.496170e-06
7.490267e-06
7.484371e-06
7.478481e-06
7.472596e-06
7.466718e-06
7.460846e-06
7.454979e-06
7.449119e-06
7.443264e-06
7.437416e-06
7.431573e-06
7.425737e-06
7.419906e-06
7.414081e-06
7.408262e-06
7.402449e-06
7.396642e-06
7.390841e-06
7.385045e-06
7.379256e-06
7.373472e-06
7.367694e-06
7.361923e-06
7.356156e-06
7.350396e-06
7.344642e-06
7.338893e-06
7.333150e-06
7.327413e-06
7.321682e-06
7.315957e-06
7.310237e-06
7.304523e-06
7.298815e-06
7.293113e-06
7.287417e-06
7.281726e-06
7.276041e-06
7.270361e-06
7.264688e-06
7.259020e-06
7.253358e-06
7.247701e-06
7.242051e-06
7.236405e-06
7.230766e-06
7.225132e-06
7.219504e-06
7.213882e-06
7.208265e-06
7.202654e-06
7.197049e-06
7.191449e-06
7.185855e-06
7.180266e-06
7.174683e-06
7.169106e-06
7.163534e-06
7.157968e-06
7.152407e-06
7.146852e-06
7.141303e-06
7.135759e-06
7.130221e-06
7.124688e-06
7.119161e-06
7.113639e-06
7.108123e-06
7.102612e-06
7.097107e-06
7.091607e-06
7.086113e-06
7.080625e-06
7.075142e-06
7.069664e-06
7.064192e-06
7.058725e-06
7.053264e-06
7.047808e-06
7.042358e-06
7.036913e-06
7.031473e-06
7.026039e-06
7.020611e-06
7.015188e-06
7.009770e-06
7.004357e-06
6.998950e-06
6.993549e-06
6.988153e-06
6.982762e-06
6.977376e-06
6.971996e-06
6.966621e-06
6.961252e-06
6.955888e-06
6.950529e-06
6.945176e-06
6.939828e-06
6.934485e-06
6.929147e-06
6.923815e-06
6.918488e-06
6.913167e-06
6.907850e-06
6.902539e-06
6.897233e-06
6.891933e-06
6.886638e-06
6.881348e-06
6.876063e-06
6.870783e-06
6.865509e-06
6.860240e-06
6.854976e-06
6.849717e-06
6.844464e-06
6.839216e-06
6.833973e-06
6.828735e-06
6.823502e-06
6.818275e-06
6.813052e-06
6.807835e-06
6.802623e-06
6.797416e-06
6.792214e-06
6.787018e-06
6.781826e-06
6.776640e-06
6.771459e-06
6.766283e-06
6.761112e-06
6.755946e-06
6.750785e-06
6.745629e-06
6.740478e-06
6.735333e-06
6.730192e-06
6.725057e-06
6.719926e-06
6.714801e-06
6.709681e-06
6.704565e-06
6.699455e-06
6.694350e-06
6.689250e-06
6.684154e-06
6.679064e-06
6.673979e-06
6.668899e-06
6.663824e-06
6.658753e-06
6.653688e-06
6.648628e-06
6.643572e-06
6.638522e-06
6.633476e-06
6.628436e-06
6.623400e-06
6.618370e-06
6.613344e-06
6.608323e-06
6.603307e-06
6.598296e-06
6.593290e-06
6.588289e-06
6.583293e-06
6.578302e-06
6.573315e-06
6.568334e-06
6.563357e-06
6.558385e-06
6.553418e-06
6.548456e-06
6.543498e-06
6.538546e-06
6.533598e-06
6.528655e-06
6.523717e-06
6.518784e-06
6.513856e-06
6.508932e-06
6.504013e-06
6.499099e-06
6.494190e-06
6.489285e-06
6.484386e-06
6.479491e-06
6.474601e-06
6.469715e-06
6.464835e-06
6.459959e-06
6.455088e-06
6.450221e-06
6.445360e-06
6.440503e-06
6.435650e-06
6.430803e-06
6.425960e-06
6.421122e-06
6.416288e-06
6.411460e-06
6.406636e-06
6.401816e-06
6.397001e-06
6.392191e-06
6.387386e-06
6.382585e-06
6.377789e-06
6.372998e-06
6.368211e-06
6.363429e-06
6.358651e-06
6.353878e-06
6.349110e-06
6.344346e-06
6.339587e-06
6.334833e-06
6.330083e-06
6.325338e-06
6.320597e-06
6.315861e-06
6.311129e-06
6.306402e-06
6.301680e-06
6.296962e-06
6.292249e-06
6.287540e-06
6.282835e-06
6.278136e-06
6.273441e-06
6.268750e-06
6.264064e-06
6.259382e-06
6.254705e-06
6.250032e-06
6.245364e-06
6.240701e-06
6.236042e-06
6.231387e-06
6.226737e-06
6.222091e-06
6.217450e-06
6.212813e-06
6.208181e-06
6.203553e-06
6.198929e-06
6.194310e-06
6.189696e-06
6.185086e-06
6.180480e-06
6.175879e-06
6.171282e-06
6.166689e-06
6.162101e-06
6.157517e-06
6.152938e-06
6.148363e-06
6.143793e-06
6.139227e-06
6.134665e-06
6.130107e-06
6.125554e-06
6.121006e-06
6.116461e-06
6.111921e-06
6.107386e-06
6.102854e-06
6.098327e-06
6.093805e-06
6.089286e-06
6.084772e-06
6.080262e-06
6.075757e-06
6.071256e-06
6.066759e-06
6.062267e-06
6.057778e-06
6.053294e-06
6.048815e-06
6.044339e-06
6.039868e-06
6.035401e-06
6.030938e-06
6.026480e-06
6.022026e-06
6.017576e-06
6.013130e-06
6.008689e-06
6.004252e-06
5.999818e-06
5.995390e-06
5.990965e-06
5.986545e-06
5.982128e-06
5.977716e-06
5.973309e-06
5.968905e-06
5.964506e-06
5.960110e-06
5.955719e-06
5.951332e-06
5.946950e-06
5.942571e-06
5.938196e-06
5.933826e-06
5.929460e-06
5.925098e-06
5.920740e-06
5.916386e-06
5.912036e-06
5.907691e-06
5.903349e-06
5.899012e-06
5.894679e-06
5.890350e-06
5.886025e-06
5.881704e-06
5.877387e-06
5.873074e-06
5.868765e-06
5.864461e-06
5.860160e-06
5.855864e-06
5.851571e-06
5.847283e-06
5.842998e-06
5.838718e-06
5.834442e-06
5.830169e-06
5.825901e-06
5.821637e-06
5.817377e-06
5.813121e-06
5.808868e-06
5.804620e-06
5.800376e-06
5.796136e-06
5.791900e-06
5.787667e-06
5.783439e-06
5.779215e-06
5.774995e-06
5.770778e-06
5.766566e-06
5.762357e-06
5.758153e-06
5.753952e-06
5.749756e-06
5.745563e-06
5.741375e-06
5.737190e-06
5.733009e-06
5.728832e-06
5.724659e-06
5.720490e-06
5.716325e-06
5.712163e-06
5.708006e-06
5.703853e-06
5.699703e-06
5.695557e-06
5.691415e-06
5.687277e-06
5.683143e-06
5.679013e-06
5.674887e-06
5.670764e-06
5.666646e-06
5.662531e-06
5.658420e-06
5.654313e-06
5.650209e-06
5.646110e-06
5.642014e-06
5.637923e-06
5.633835e-06
5.629750e-06
5.625670e-06
5.621593e-06
5.617521e-06
5.613452e-06
5.609387e-06
5.605325e-06
5.601268e-06
5.597214e-06
5.593164e-06
5.589117e-06
5.585075e-06
5.581036e-06
5.577001e-06
5.572970e-06
5.568942e-06
5.564919e-06
5.560899e-06
5.556882e-06
5.552870e-06
5.548861e-06
5.544856e-06
5.540855e-06
5.536857e-06
5.532863e-06
5.528873e-06
5.524886e-06
5.520903e-06
5.516924e-06
5.512949e-06
5.508977e-06
5.505009e-06
5.501044e-06
5.497084e-06
5.493126e-06
5.489173e-06
5.485223e-06
5.481277e-06
5.477335e-06
5.473396e-06
5.469461e-06
5.465529e-06
5.461601e-06
5.457677e-06
5.453756e-06
5.449839e-06
5.445926e-06
5.442016e-06
5.438110e-06
5.434207e-06
5.430308e-06
5.426413e-06
5.422521e-06
5.418633e-06
5.414748e-06
5.410867e-06
5.406990e-06
5.403116e-06
5.399246e-06
5.395379e-06
5.391516e-06
5.387656e-06
5.383800e-06
5.379948e-06
5.376099e-06
5.372253e-06
5.368411e-06
5.364573e-06
5.360738e-06
5.356907e-06
5.353079e-06
5.349255e-06
5.345434e-06
5.341617e-06
5.337803e-06
5.333993e-06
5.330186e-06
5.326383e-06
5.322583e-06
5.318787e-06
5.314994e-06
5.311204e-06
5.307419e-06
5.303636e-06
5.299857e-06
5.296082e-06
5.292310e-06
5.288541e-06
5.284776e-06
5.281014e-06
5.277256e-06
5.273501e-06
5.269750e-06
5.266002e-06
5.262258e-06
5.258517e-06
5.254779e-06
5.251045e-06
5.247314e-06
5.243586e-06
5.239862e-06
5.236142e-06
5.232425e-06
5.228711e-06
5.225000e-06
5.221293e-06
5.217590e-06
5.213889e-06
5.210192e-06
5.206499e-06
5.202809e-06
5.199122e-06
5.195438e-06
5.191758e-06
5.188082e-06
5.184408e-06
5.180738e-06
5.177071e-06
5.173408e-06
5.169748e-06
5.166091e-06
5.162438e-06
5.158788e-06
5.155141e-06
5.151497e-06
5.147857e-06
5.144220e-06
5.140587e-06
5.136957e-06
5.133330e-06
5.129706e-06
5.126086e-06
5.122468e-06
5.118855e-06
5.115244e-06
5.111637e-06
5.108033e-06
5.104432e-06
5.100835e-06
5.097240e-06
5.093649e-06
5.090062e-06
5.086477e-06
5.082896e-06
5.079318e-06
5.075743e-06
5.072172e-06
5.068603e-06
5.065038e-06
5.061477e-06
5.057918e-06
5.054363e-06
5.050810e-06
5.047261e-06
5.043716e-06
5.040173e-06
5.036634e-06
5.033097e-06
5.029564e-06
5.026035e-06
5.022508e-06
5.018985e-06
5.015464e-06
5.011947e-06
5.008433e-06
5.004922e-06
5.001415e-06
4.997910e-06
4.994409e-06
4.990911e-06
4.987416e-06
4.983924e-06
4.980435e-06
4.976950e-06
4.973467e-06
4.969988e-06
4.966512e-06
4.963039e-06
4.959569e-06
4.956102e-06
4.952638e-06
4.949178e-06
4.945720e-06
4.942266e-06
4.938814e-06
4.935366e-06
4.931921e-06
4.928479e-06
4.925040e-06
4.921604e-06
4.918172e-06
4.914742e-06
4.911315e-06
4.907892e-06
4.904471e-06
4.901054e-06
4.897639e-06
4.894228e-06
4.890820e-06
4.887415e-06
4.884012e-06
4.880613e-06
4.877217e-06
4.873824e-06
4.870434e-06
4.867047e-06
4.863663e-06
4.860282e-06
4.856904e-06
4.853529e-06
4.850157e-06
4.846788e-06
4.843423e-06
4.840060e-06
4.836700e-06
4.833343e-06
4.829989e-06
4.826638e-06
4.823290e-06
4.819945e-06
4.816603e-06
4.813264e-06
4.809928e-06
4.806595e-06
4.803265e-06
4.799938e-06
4.796614e-06
4.793292e-06
4.789974e-06
4.786659e-06
4.783347e-06
4.780037e-06
4.776731e-06
4.773427e-06
4.770126e-06
4.766829e-06
4.763534e-06
4.760242e-06
4.756953e-06
4.753667e-06
4.750384e-06
4.747104e-06
4.743827e-06
4.740552e-06
4.737281e-06
4.734012e-06
4.730747e-06
4.727484e-06
4.724224e-06
4.720967e-06
4.717713e-06
4.714462e-06
4.711213e-06
4.707968e-06
4.704725e-06
4.701486e-06
4.698249e-06
4.695015e-06
4.691784e-06
4.688555e-06
4.685330e-06
4.682107e-06
4.678887e-06
4.675670e-06
4.672456e-06
4.669245e-06
4.666037e-06
4.662831e-06
4.659628e-06
4.656428e-06
4.653231e-06
4.650037e-06
4.646846e-06
4.643657e-06
4.640471e-06
4.637288e-06
4.634108e-06
4.630930e-06
4.627756e-06
4.624584e-06
4.621415e-06
4.618248e-06
4.615085e-06
4.611924e-06
4.608766e-06
4.605611e-06
4.602459e-06
4.599309e-06
4.596162e-06
4.593018e-06
4.589877e-06
4.586738e-06
4.583602e-06
4.580469e-06
4.577339e-06
4.574211e-06
4.571086e-06
4.567964e-06
4.564845e-06
4.561728e-06
4.558614e-06
4.555503e-06
4.552395e-06
4.549289e-06
4.546186e-06
4.543086e-06
4.539988e-06
4.536893e-06
4.533801e-06
4.530712e-06
4.527625e-06
4.524541e-06
4.521460e-06
4.518381e-06
4.515305e-06
4.512232e-06
4.509161e-06
4.506093e-06
4.503028e-06
4.499965e-06
4.496905e-06
4.493848e-06
4.490794e-06
4.487742e-06
4.484693e-06
4.481646e-06
4.478602e-06
4.475561e-06
4.472522e-06
4.469486e-06
4.466453e-06
4.463422e-06
4.460394e-06
4.457369e-06
4.454346e-06
4.451326e-06
4.448308e-06
4.445293e-06
4.442281e-06
4.439271e-06
4.436264e-06
4.433260e-06
4.430258e-06
4.427259e-06
4.424262e-06
4.421268e-06
4.418277e-06
4.415288e-06
4.412302e-06
4.409318e-06
4.406337e-06
4.403359e-06
4.400383e-06
4.397409e-06
4.394439e-06
4.391471e-06
4.388505e-06
4.385542e-06
4.382582e-06
4.379624e-06
4.376668e-06
4.373716e-06
4.370765e-06
4.367818e-06
4.364873e-06
4.361930e-06
4.358990e-06
4.356053e-06
4.353118e-06
4.350185e-06
4.347256e-06
4.344328e-06
4.341403e-06
4.338481e-06
4.335561e-06
4.332644e-06
4.329729e-06
4.326817e-06
4.323908e-06
4.321000e-06
4.318096e-06
4.315194e-06
4.312294e-06
4.309397e-06
4.306502e-06
4.303610e-06
4.300720e-06
4.297833e-06
4.294948e-06
4.292066e-06
4.289186e-06
4.286309e-06
4.283434e-06
4.280562e-06
4.277692e-06
4.274825e-06
4.271960e-06
4.269097e-06
4.266237e-06
4.263380e-06
4.260525e-06
4.257672e-06
4.254822e-06
4.251974e-06
4.249129e-06
4.246286e-06
4.243446e-06
4.240608e-06
4.237772e-06
4.234939e-06
4.232108e-06
4.229280e-06
4.226454e-06
4.223631e-06
4.220810e-06
4.217991e-06
4.215175e-06
4.212361e-06
4.209550e-06
4.206741e-06
4.203934e-06
4.201130e-06
4.198329e-06
4.195529e-06
4.192732e-06
4.189938e-06
4.187145e-06
4.184356e-06
4.181568e-06
4.178783e-06
4.176001e-06
4.173220e-06
4.170442e-06
4.167667e-06
4.164894e-06
4.162123e-06
4.159354e-06
4.156588e-06
4.153825e-06
4.151063e-06
4.148304e-06
4.145548e-06
4.142793e-06
4.140041e-06
4.137292e-06
4.134544e-06
4.131800e-06
4.129057e-06
4.126317e-06
4.123579e-06
4.120843e-06
4.118110e-06
4.115379e-06
4.112650e-06
4.109924e-06
4.107200e-06
4.104478e-06
4.101759e-06
4.099042e-06
4.096327e-06
4.093615e-06
4.090904e-06
4.088197e-06
4.085491e-06
4.082788e-06
4.080087e-06
4.077388e-06
4.074692e-06
4.071998e-06
4.069306e-06
4.066616e-06
4.063929e-06
4.061244e-06
4.058561e-06
4.055881e-06
4.053203e-06
4.050527e-06
4.047853e-06
4.045182e-06
4.042512e-06
4.039846e-06
4.037181e-06
4.034519e-06
4.031858e-06
4.029201e-06
4.026545e-06
4.023892e-06
4.021240e-06
4.018592e-06
4.015945e-06
4.013300e-06
4.010658e-06
4.008018e-06
4.005381e-06
4.002745e-06
4.000112e-06
3.997481e-06
3.994852e-06
3.992225e-06
3.989601e-06
3.986978e-06
3.984358e-06
3.981741e-06
3.979125e-06
3.976512e-06
3.973900e-06
3.971291e-06
3.968685e-06
3.966080e-06
3.963478e-06
3.960877e-06
3.958279e-06
3.955683e-06
3.953090e-06
3.950498e-06
3.947909e-06
3.945322e-06
3.942737e-06
3.940154e-06
3.937573e-06
3.934995e-06
3.932418e-06
3.929844e-06
3.927272e-06
3.924702e-06
3.922135e-06
3.919569e-06
3.917006e-06
3.914445e-06
3.911885e-06
3.909328e-06
3.906774e-06
3.904221e-06
3.901670e-06
3.899122e-06
3.896576e-06
3.894032e-06
3.891490e-06
3.888950e-06
3.886412e-06
3.883876e-06
3.881343e-06
3.878811e-06
3.876282e-06
3.873755e-06
3.871230e-06
3.868707e-06
3.866186e-06
3.863667e-06
3.861151e-06
3.858636e-06
3.856124e-06
3.853613e-06
3.851105e-06
3.848599e-06
3.846095e-06
3.843593e-06
3.841093e-06
3.838595e-06
3.836099e-06
3.833605e-06
3.831114e-06
3.828624e-06
3.826137e-06
3.823651e-06
3.821168e-06
3.818687e-06
3.816208e-06
3.813731e-06
3.811256e-06
3.808783e-06
3.806312e-06
3.803843e-06
3.801376e-06
3.798911e-06
3.796448e-06
3.793988e-06
3.791529e-06
3.789072e-06
3.786618e-06
3.784165e-06
3.781715e-06
3.779266e-06
3.776820e-06
3.774375e-06
3.771933e-06
3.769492e-06
3.767054e-06
3.764618e-06
3.762183e-06
3.759751e-06
3.757321e-06
3.754892e-06
3.752466e-06
3.750042e-06
3.747620e-06
3.745199e-06
3.742781e-06
3.740365e-06
3.737951e-06
3.735538e-06
3.733128e-06
3.730720e-06
3.728314e-06
3.725909e-06
3.723507e-06
3.721107e-06
3.718708e-06
3.716312e-06
3.713917e-06
3.711525e-06
3.709135e-06
3.706746e-06
3.704360e-06
3.701975e-06
3.699592e-06
3.697212e-06
3.694833e-06
3.692456e-06
3.690082e-06
3.687709e-06
3.685338e-06
3.682969e-06
3.680602e-06
3.678237e-06
3.675874e-06
3.673513e-06
3.671154e-06
3.668797e-06
3.666442e-06
3.664088e-06
3.661737e-06
3.659387e-06
3.657040e-06
3.654694e-06
3.652351e-06
3.650009e-06
3.647669e-06
3.645331e-06
3.642995e-06
3.640661e-06
3.638329e-06
3.635998e-06
3.633670e-06
3.631344e-06
3.629019e-06
3.626696e-06
3.624376e-06
3.622057e-06
3.619740e-06
3.617425e-06
3.615112e-06
3.612801e-06
3.610491e-06
3.608184e-06
3.605878e-06
3.603574e-06
3.601273e-06
3.598973e-06
3.596675e-06
3.594378e-06
3.592084e-06
3.589792e-06
3.587501e-06
3.585212e-06
3.582926e-06
3.580641e-06
3.578358e-06
3.576076e-06
3.573797e-06
3.571520e-06
3.569244e-06
3.566970e-06
3.564698e-06
3.562428e-06
3.560160e-06
3.557894e-06
3.555629e-06
3.553366e-06
3.551105e-06
3.548846e-06
3.546589e-06
3.544334e-06
3.542080e-06
3.539829e-06
3.537579e-06
3.535331e-06
3.533085e-06
3.530840e-06
3.528598e-06
3.526357e-06
3.524118e-06
3.521881e-06
3.519646e-06
3.517413e-06
3.515181e-06
3.512951e-06
3.510723e-06
3.508497e-06
3.506273e-06
3.504050e-06
3.501829e-06
3.499610e-06
3.497393e-06
3.495178e-06
3.492964e-06
3.490752e-06
3.488542e-06
3.486334e-06
3.484128e-06
3.481923e-06
3.479720e-06
3.477519e-06
3.475320e-06
3.473122e-06
3.470927e-06
3.468733e-06
3.466541e-06
3.464350e-06
3.462162e-06
3.459975e-06
3.457790e-06
3.455606e-06
3.453425e-06
3.451245e-06
3.449067e-06
3.446891e-06
3.444716e-06
3.442543e-06
3.440372e-06
3.438203e-06
3.436035e-06
3.433870e-06
3.431706e-06
3.429543e-06
3.427383e-06
3.425224e-06
3.423067e-06
3.420912e-06
3.418758e-06
3.416606e-06
3.414456e-06
3.412308e-06
3.410161e-06
3.408016e-06
3.405873e-06
3.403731e-06
3.401592e-06
3.399454e-06
3.397317e-06
3.395183e-06
3.393050e-06
3.390919e-06
3.388789e-06
3.386661e-06
3.384535e-06
3.382411e-06
3.380288e-06
3.378167e-06
3.376048e-06
3.373931e-06
3.371815e-06
3.369701e-06
3.367588e-06
3.365478e-06
3.363368e-06
3.361261e-06
3.359155e-06
3.357051e-06
3.354949e-06
3.352849e-06
3.350750e-06
3.348652e-06
3.346557e-06
3.344463e-06
3.342371e-06
3.340280e-06
3.338191e-06
3.336104e-06
3.334018e-06
3.331935e-06
3.329852e-06
3.327772e-06
3.325693e-06
3.323616e-06
3.321540e-06
3.319466e-06
3.317394e-06
3.315323e-06
3.313255e-06
3.311187e-06
3.309122e-06
3.307058e-06
3.304995e-06
3.302935e-06
3.300876e-06
3.298818e-06
3.296762e-06
3.294708e-06
3.292656e-06
3.290605e-06
3.288556e-06
3.286508e-06
3.284462e-06
3.282418e-06
3.280375e-06
3.278334e-06
3.276294e-06
3.274257e-06
3.272220e-06
3.270186e-06
3.268153e-06
3.266121e-06
3.264092e-06
3.262063e-06
3.260037e-06
3.258012e-06
3.255989e-06
3.253967e-06
3.251947e-06
3.249928e-06
3.247911e-06
3.245896e-06
3.243882e-06
3.241870e-06
3.239860e-06
3.237851e-06
3.235844e-06
3.233838e-06
3.231834e-06
3.229831e-06
3.227830e-06
3.225831e-06
3.223833e-06
3.221837e-06
3.219842e-06
3.217849e-06
3.215858e-06
3.213868e-06
3.211879e-06
3.209893e-06
3.207907e-06
3.205924e-06
3.203942e-06
3.201961e-06
3.199982e-06
3.198005e-06
3.196029e-06
3.194055e-06
3.192082e-06
3.190111e-06
3.188142e-06
3.186174e-06
3.184207e-06
3.182242e-06
3.180279e-06
3.178317e-06
3.176357e-06
3.174398e-06
3.172441e-06
3.170485e-06
3.168531e-06
3.166579e-06
3.164628e-06
3.162678e-06
3.160730e-06
3.158784e-06
3.156839e-06
3.154896e-06
3.152954e-06
3.151013e-06
3.149075e-06
3.147137e-06
3.145202e-06
3.143268e-06
3.141335e-06
3.139404e-06
3.137474e-06
3.135546e-06
3.133619e-06
3.131694e-06
3.129771e-06
3.127849e-06
3.125928e-06
3.124009e-06
3.122091e-06
3.120175e-06
3.118261e-06
3.116348e-06
3.114436e-06
3.112526e-06
3.110618e-06
3.108711e-06
3.106805e-06
3.104901e-06
3.102998e-06
3.101097e-06
3.099198e-06
3.097300e-06
3.095403e-06
3.093508e-06
3.091614e-06
3.089722e-06
3.087831e-06
3.085942e-06
3.084054e-06
3.082168e-06
3.080283e-06
3.078400e-06
3.076518e-06
3.074638e-06
3.072759e-06
3.070881e-06
3.069005e-06
3.067131e-06
3.065258e-06
3.063386e-06
3.061516e-06
3.059647e-06
3.057780e-06
3.055914e-06
3.054050e-06
3.052187e-06
3.050326e-06
3.048466e-06
3.046607e-06
3.044750e-06
3.042895e-06
3.041041e-06
3.039188e-06
3.037337e-06
3.035487e-06
3.033638e-06
3.031791e-06
3.029946e-06
3.028102e-06
3.026259e-06
3.024418e-06
3.022578e-06
3.020740e-06
3.018903e-06
3.017067e-06
3.015233e-06
3.013401e-06
3.011569e-06
3.009740e-06
3.007911e-06
3.006084e-06
3.004259e-06
3.002435e-06
3.000612e-06
2.998790e-06
2.996971e-06
2.995152e-06
2.993335e-06
2.991519e-06
2.989705e-06
2.987892e-06
2.986081e-06
2.984271e-06
2.982462e-06
2.980655e-06
2.978849e-06
2.977045e-06
2.975242e-06
2.973440e-06
2.971640e-06
2.969841e-06
2.968043e-06
2.966247e-06
2.964452e-06
2.962659e-06
2.960867e-06
2.959077e-06
2.957288e-06
2.955500e-06
2.953713e-06
2.951928e-06
2.950145e-06
2.948362e-06
2.946581e-06
2.944802e-06
2.943024e-06
2.941247e-06
2.939472e-06
2.937698e-06
2.935925e-06
2.934154e-06
2.932384e-06
2.930615e-06
2.928848e-06
2.927082e-06
2.925318e-06
2.923554e-06
2.921793e-06
2.920032e-06
2.918273e-06
2.916515e-06
2.914759e-06
2.913004e-06
2.911250e-06
2.909498e-06
2.907747e-06
2.905998e-06
2.904249e-06
2.902502e-06
2.900757e-06
2.899013e-06
2.897270e-06
2.895528e-06
2.893788e-06
2.892049e-06
2.890311e-06
2.888575e-06
2.886840e-06
2.885107e-06
2.883374e-06
2.881644e-06
2.879914e-06
2.878186e-06
2.876459e-06
2.874733e-06
2.873009e-06
2.871286e-06
2.869564e-06
2.867844e-06
2.866125e-06
2.864407e-06
2.862691e-06
2.860976e-06
2.859262e-06
2.857550e-06
2.855838e-06
2.854129e-06
2.852420e-06
2.850713e-06
2.849007e-06
2.847302e-06
2.845599e-06
2.843897e-06
2.842196e-06
2.840497e-06
2.838799e-06
2.837102e-06
2.835406e-06
2.833712e-06
2.832019e-06
2.830328e-06
2.828637e-06
2.826948e-06
2.825260e-06
2.823574e-06
2.821889e-06
2.820205e-06
2.818522e-06
2.816841e-06
2.815161e-06
2.813482e-06
2.811805e-06
2.810128e-06
2.808453e-06
2.806780e-06
2.805107e-06
2.803436e-06
2.801766e-06
2.800098e-06
2.798430e-06
2.796764e-06
2.795099e-06
2.793436e-06
2.791774e-06
2.790113e-06
2.788453e-06
2.786794e-06
2.785137e-06
2.783481e-06
2.781827e-06
2.780173e-06
2.778521e-06
2.776870e-06
2.775220e-06
2.773572e-06
2.771925e-06
2.770279e-06
2.768634e-06
2.766990e-06
2.765348e-06
2.763707e-06
2.762068e-06
2.760429e-06
2.758792e-06
2.757156e-06
2.755521e-06
2.753888e-06
2.752255e-06
2.750624e-06
2.748994e-06
2.747366e-06
2.745739e-06
2.744112e-06
2.742488e-06
2.740864e-06
2.739241e-06
2.737620e-06
2.736000e-06
2.734382e-06
2.732764e-06
2.731148e-06
2.729533e-06
2.727919e-06
2.726306e-06
2.724695e-06
2.723084e-06
2.721475e-06
2.719868e-06
2.718261e-06
2.716656e-06
2.715051e-06
2.713448e-06
2.711847e-06
2.710246e-06
2.708647e-06
2.707049e-06
2.705452e-06
2.703856e-06
2.702262e-06
2.700668e-06
2.699076e-06
2.697485e-06
2.695895e-06
2.694307e-06
2.692720e-06
2.691133e-06
2.689548e-06
2.687965e-06
2.686382e-06
2.684801e-06
2.683221e-06
2.681642e-06
2.680064e-06
2.678487e-06
2.676912e-06
2.675337e-06
2.673764e-06
2.672192e-06
2.670622e-06
2.669052e-06
2.667484e-06
2.665917e-06
2.664351e-06
2.662786e-06
2.661222e-06
2.659659e-06
2.658098e-06
2.656538e-06
2.654979e-06
2.653421e-06
2.651865e-06
2.650309e-06
2.648755e-06
2.647202e-06
2.645650e-06
2.644099e-06
2.642549e-06
2.641000e-06
2.639453e-06
2.637907e-06
2.636362e-06
2.634818e-06
2.633275e-06
2.631734e-06
2.630193e-06
2.628654e-06
2.627116e-06
2.625579e-06
2.624043e-06
2.622508e-06
2.620975e-06
2.619442e-06
2.617911e-06
2.616381e-06
2.614852e-06
2.613324e-06
2.611797e-06
2.610272e-06
2.608747e-06
2.607224e-06
2.605702e-06
2.604181e-06
2.602661e-06
2.601142e-06
2.599625e-06
2.598108e-06
2.596593e-06
2.595078e-06
2.593565e-06
2.592053e-06
2.590543e-06
2.589033e-06
2.587524e-06
2.586017e-06
2.584510e-06
2.583005e-06
2.581501e-06
2.579998e-06
2.578496e-06
2.576995e-06
2.575496e-06
2.573997e-06
2.572500e-06
2.571003e-06
2.569508e-06
2.568014e-06
2.566521e-06
2.565029e-06
2.563538e-06
2.562048e-06
2.560560e-06
2.559072e-06
2.557586e-06
2.556101e-06
2.554617e-06
2.553133e-06
2.551652e-06
2.550171e-06
2.548691e-06
2.547212e-06
2.545735e-06
2.544258e-06
2.542783e-06
2.541308e-06
2.539835e-06
2.538363e-06
2.536892e-06
2.535422e-06
2.533953e-06
2.532485e-06
2.531019e-06
2.529553e-06
2.528088e-06
2.526625e-06
2.525163e-06
2.523701e-06
2.522241e-06
2.520782e-06
2.519324e-06
2.517867e-06
2.516411e-06
2.514956e-06
2.513502e-06
2.512050e-06
2.510598e-06
2.509148e-06
2.507698e-06
2.506250e-06
2.504802e-06
2.503356e-06
2.501911e-06
2.500467e-06
2.499024e-06
2.497582e-06
2.496141e-06
2.494701e-06
2.493262e-06
2.491824e-06
2.490387e-06
2.488952e-06
2.487517e-06
2.486084e-06
2.484651e-06
2.483220e-06
2.481789e-06
2.480360e-06
2.478932e-06
2.477504e-06
2.476078e-06
2.474653e-06
2.473229e-06
2.471806e-06
2.470384e-06
2.468963e-06
2.467543e-06
2.466124e-06
2.464706e-06
2.463289e-06
2.461874e-06
2.460459e-06
2.459045e-06
2.457632e-06
2.456221e-06
2.454810e-06
2.453401e-06
2.451992e-06
2.450585e-06
2.449178e-06
2.447773e-06
2.446368e-06
2.444965e-06
2.443563e-06
2.442161e-06
2.440761e-06
2.439362e-06
2.437963e-06
2.436566e-06
2.435170e-06
2.433775e-06
2.432381e-06
2.430988e-06
2.429595e-06
2.428204e-06
2.426814e-06
2.425425e-06
2.424037e-06
2.422650e-06
2.421264e-06
2.419879e-06
2.418495e-06
2.417112e-06
2.415730e-06
2.414349e-06
2.412969e-06
2.411590e-06
2.410212e-06
2.408835e-06
2.407459e-06
2.406084e-06
2.404710e-06
2.403337e-06
2.401965e-06
2.400594e-06
2.399224e-06
2.397855e-06
2.396487e-06
2.395120e-06
2.393754e-06
2.392389e-06
2.391025e-06
2.389662e-06
2.388300e-06
2.386939e-06
2.385579e-06
2.384220e-06
2.382862e-06
2.381505e-06
2.380149e-06
2.378794e-06
2.377440e-06
2.376086e-06
2.374734e-06
2.373383e-06
2.372033e-06
2.370684e-06
2.369336e-06
2.367988e-06
2.366642e-06
2.365297e-06
2.363952e-06
2.362609e-06
2.361267e-06
2.359925e-06
2.358585e-06
2.357245e-06
2.355907e-06
2.354569e-06
2.353233e-06
2.351897e-06
2.350562e-06
2.349229e-06
2.347896e-06
2.346564e-06
2.345234e-06
2.343904e-06
2.342575e-06
2.341247e-06
2.339920e-06
2.338594e-06
2.337269e-06
2.335945e-06
2.334622e-06
2.333300e-06
2.331979e-06
2.330658e-06
2.329339e-06
2.328021e-06
2.326704e-06
2.325387e-06
2.324072e-06
2.322757e-06
2.321444e-06
2.320131e-06
2.318819e-06
2.317508e-06
2.316199e-06
2.314890e-06
2.313582e-06
2.312275e-06
2.310969e-06
2.309664e-06
2.308360e-06
2.307057e-06
2.305754e-06
2.304453e-06
2.303153e-06
2.301853e-06
2.300555e-06
2.299257e-06
2.297960e-06
2.296665e-06
2.295370e-06
2.294076e-06
2.292783e-06
2.291491e-06
2.290200e-06
2.288910e-06
2.287621e-06
2.286332e-06
2.285045e-06
2.283759e-06
2.282473e-06
2.281188e-06
2.279905e-06
2.278622e-06
2.277340e-06
2.276059e-06
2.274779e-06
2.273500e-06
2.272222e-06
2.270945e-06
2.269669e-06
2.268393e-06
2.267119e-06
2.265845e-06
2.264572e-06
2.263301e-06
2.262030e-06
2.260760e-06
2.259491e-06
2.258223e-06
2.256955e-06
2.255689e-06
2.254424e-06
2.253159e-06
2.251896e-06
2.250633e-06
2.249371e-06
2.248110e-06
2.246850e-06
2.245591e-06
2.244333e-06
2.243076e-06
2.241819e-06
2.240564e-06
2.239309e-06
2.238056e-06
2.236803e-06
2.235551e-06
2.234300e-06
2.233050e-06
2.231800e-06
2.230552e-06
2.229305e-06
2.228058e-06
2.226812e-06
2.225568e-06
2.224324e-06
2.223081e-06
2.221839e-06
2.220597e-06
2.219357e-06
2.218118e-06
2.216879e-06
2.215641e-06
2.214404e-06
2.213168e-06
2.211933e-06
2.210699e-06
2.209466e-06
2.208233e-06
2.207002e-06
2.205771e-06
2.204541e-06
2.203312e-06
2.202084e-06
2.200857e-06
2.199631e-06
2.198405e-06
2.197181e-06
2.195957e-06
2.194734e-06
2.193512e-06
2.192291e-06
2.191071e-06
2.189852e-06
2.188633e-06
2.187416e-06
2.186199e-06
2.184983e-06
2.183768e-06
2.182554e-06
2.181340e-06
2.180128e-06
2.178916e-06
2.177705e-06
2.176496e-06
2.175287e-06
2.174078e-06
2.172871e-06
2.171665e-06
2.170459e-06
2.169254e-06
2.168050e-06
2.166847e-06
2.165645e-06
2.164444e-06
2.163243e-06
2.162044e-06
2.160845e-06
2.159647e-06
2.158450e-06
2.157253e-06
2.156058e-06
2.154863e-06
2.153670e-06
2.152477e-06
2.151285e-06
2.150093e-06
2.148903e-06
2.147714e-06
2.146525e-06
2.145337e-06
2.144150e-06
2.142964e-06
2.141779e-06
2.140594e-06
2.139410e-06
2.138227e-06
2.137045e-06
2.135864e-06
2.134684e-06
2.133504e-06
2.132326e-06
2.131148e-06
2.129971e-06
2.128795e-06
2.127619e-06
2.126445e-06
2.125271e-06
2.124098e-06
2.122926e-06
2.121755e-06
2.120585e-06
2.119415e-06
2.118246e-06
2.117078e-06
2.115911e-06
2.114745e-06
2.113579e-06
2.112415e-06
2.111251e-06
2.110088e-06
2.108926e-06
2.107764e-06
2.106604e-06
2.105444e-06
2.104285e-06
2.103127e-06
2.101970e-06
2.100813e-06
2.099657e-06
2.098503e-06
2.097348e-06
2.096195e-06
2.095043e-06
2.093891e-06
2.092740e-06
2.091590e-06
2.090441e-06
2.089293e-06
2.088145e-06
2.086998e-06
2.085852e-06
2.084707e-06
2.083562e-06
2.082419e-06
2.081276e-06
2.080134e-06
2.078993e-06
2.077852e-06
2.076713e-06
2.075574e-06
2.074436e-06
2.073299e-06
2.072162e-06
2.071027e-06
2.069892e-06
2.068758e-06
2.067624e-06
2.066492e-06
2.065360e-06
2.064229e-06
2.063099e-06
2.061970e-06
2.060841e-06
2.059714e-06
2.058587e-06
2.057461e-06
2.056335e-06
2.055211e-06
2.054087e-06
2.052964e-06
2.051841e-06
2.050720e-06
2.049599e-06
2.048479e-06
2.047360e-06
2.046242e-06
2.045124e-06
2.044008e-06
2.042892e-06
2.041776e-06
2.040662e-06
2.039548e-06
2.038435e-06
2.037323e-06
2.036212e-06
2.035101e-06
2.033991e-06
2.032882e-06
2.031774e-06
2.030667e-06
2.029560e-06
2.028454e-06
2.027349e-06
2.026244e-06
2.025141e-06
2.024038e-06
2.022936e-06
2.021834e-06
2.020734e-06
2.019634e-06
2.018535e-06
2.017436e-06
2.016339e-06
2.015242e-06
2.014146e-06
2.013051e-06
2.011956e-06
2.010863e-06
2.009770e-06
2.008677e-06
2.007586e-06
2.006495e-06
2.005405e-06
2.004316e-06
2.003227e-06
2.002140e-06
2.001053e-06
1.999967e-06
1.998881e-06
1.997796e-06
1.996712e-06
1.995629e-06
1.994547e-06
1.993465e-06
1.992384e-06
1.991304e-06
1.990225e-06
1.989146e-06
1.988068e-06
1.986991e-06
1.985914e-06
1.984838e-06
1.983763e-06
1.982689e-06
1.981616e-06
1.980543e-06
1.979471e-06
1.978400e-06
1.977329e-06
1.976259e-06
1.975190e-06
1.974122e-06
1.973054e-06
1.971987e-06
1.970921e-06
1.969856e-06
1.968791e-06
1.967727e-06
1.966664e-06
1.965602e-06
1.964540e-06
1.963479e-06
1.962419e-06
1.961359e-06
1.960300e-06
1.959242e-06
1.958185e-06
1.957128e-06
1.956072e-06
1.955017e-06
1.953963e-06
1.952909e-06
1.951856e-06
1.950804e-06
1.949752e-06
1.948701e-06
1.947651e-06
1.946602e-06
1.945553e-06
1.944505e-06
1.943458e-06
1.942411e-06
1.941366e-06
1.940320e-06
1.939276e-06
1.938232e-06
1.937190e-06
1.936147e-06
1.935106e-06
1.934065e-06
1.933025e-06
1.931986e-06
1.930947e-06
1.929909e-06
1.928872e-06
1.927835e-06
1.926800e-06
1.925764e-06
1.924730e-06
1.923696e-06
1.922663e-06
1.921631e-06
1.920600e-06
1.919569e-06
1.918539e-06
1.917509e-06
1.916480e-06
1.915452e-06
1.914425e-06
1.913398e-06
1.912373e-06
1.911347e-06
1.910323e-06
1.909299e-06
1.908276e-06
1.907253e-06
1.906232e-06
1.905211e-06
1.904190e-06
1.903171e-06
1.902152e-06
1.901134e-06
1.900116e-06
1.899099e-06
1.898083e-06
1.897068e-06
1.896053e-06
1.895039e-06
1.894025e-06
1.893013e-06
1.892001e-06
1.890989e-06
1.889979e-06
1.888969e-06
1.887959e-06
1.886951e-06
1.885943e-06
1.884936e-06
1.883929e-06
1.882923e-06
1.881918e-06
1.880914e-06
1.879910e-06
1.878907e-06
1.877905e-06
1.876903e-06
1.875902e-06
1.874901e-06
1.873902e-06
1.872903e-06
1.871904e-06
1.870907e-06
1.869910e-06
1.868914e-06
1.867918e-06
1.866923e-06
1.865929e-06
1.864935e-06
1.863942e-06
1.862950e-06
1.861958e-06
1.860967e-06
1.859977e-06
1.858988e-06
1.857999e-06
1.857011e-06
1.856023e-06
1.855036e-06
1.854050e-06
1.853064e-06
1.852080e-06
1.851095e-06
1.850112e-06
1.849129e-06
1.848147e-06
1.847165e-06
1.846184e-06
1.845204e-06
1.844225e-06
1.843246e-06
1.842268e-06
1.841290e-06
1.840313e-06
1.839337e-06
1.838361e-06
1.837386e-06
1.836412e-06
1.835438e-06
1.834466e-06
1.833493e-06
1.832522e-06
1.831551e-06
1.830580e-06
1.829611e-06
1.828642e-06
1.827673e-06
1.826706e-06
1.825739e-06
1.824772e-06
1.823806e-06
1.822841e-06
1.821877e-06
1.820913e-06
1.819950e-06
1.818987e-06
1.818026e-06
1.817064e-06
1.816104e-06
1.815144e-06
1.814185e-06
1.813226e-06
1.812268e-06
1.811311e-06
1.810354e-06
1.809398e-06
1.808443e-06
1.807488e-06
1.806534e-06
1.805581e-06
1.804628e-06
1.803676e-06
1.802724e-06
1.801773e-06
1.800823e-06
1.799873e-06
1.798924e-06
1.797976e-06
1.797028e-06
1.796081e-06
1.795135e-06
1.794189e-06
1.793244e-06
1.792299e-06
1.791355e-06
1.790412e-06
1.789469e-06
1.788527e-06
1.787586e-06
1.786645e-06
1.785705e-06
1.784766e-06
1.783827e-06
1.782889e-06
1.781951e-06
1.781014e-06
1.780078e-06
1.779142e-06
1.778207e-06
1.777273e-06
1.776339e-06
1.775406e-06
1.774473e-06
1.773541e-06
1.772610e-06
1.771679e-06
1.770749e-06
1.769820e-06
1.768891e-06
1.767963e-06
1.767035e-06
1.766108e-06
1.765182e-06
1.764256e-06
1.763331e-06
1.762407e-06
1.761483e-06
1.760559e-06
1.759637e-06
1.758715e-06
1.757793e-06
1.756873e-06
1.755952e-06
1.755033e-06
1.754114e-06
1.753196e-06
1.752278e-06
1.751361e-06
1.750444e-06
1.749528e-06
1.748613e-06
1.747698e-06
1.746784e-06
1.745871e-06
1.744958e-06
1.744046e-06
1.743134e-06
1.742223e-06
1.741313e-06
1.740403e-06
1.739494e-06
1.738585e-06
1.737677e-06
1.736770e-06
1.735863e-06
1.734957e-06
1.734051e-06
1.733146e-06
1.732242e-06
1.731338e-06
1.730435e-06
1.729533e-06
1.728631e-06
1.727729e-06
1.726829e-06
1.725928e-06
1.725029e-06
1.724130e-06
1.723232e-06
1.722334e-06
1.721437e-06
1.720540e-06
1.719644e-06
1.718749e-06
1.717854e-06
1.716960e-06
1.716066e-06
1.715173e-06
1.714281e-06
1.713389e-06
1.712498e-06
1.711607e-06
1.710717e-06
1.709827e-06
1.708938e-06
1.708050e-06
1.707162e-06
1.706275e-06
1.705389e-06
1.704503e-06
1.703618e-06
1.702733e-06
1.701849e-06
1.700965e-06
1.700082e-06
1.699200e-06
1.698318e-06
1.697436e-06
1.696556e-06
1.695676e-06
1.694796e-06
1.693917e-06
1.693039e-06
1.692161e-06
1.691284e-06
1.690407e-06
1.689531e-06
1.688656e-06
1.687781e-06
1.686907e-06
1.686033e-06
1.685160e-06
1.684287e-06
1.683415e-06
1.682544e-06
1.681673e-06
1.680803e-06
1.679933e-06
1.679064e-06
1.678195e-06
1.677328e-06
1.676460e-06
1.675593e-06
1.674727e-06
1.673861e-06
1.672996e-06
1.672132e-06
1.671268e-06
1.670404e-06
1.669542e-06
1.668679e-06
1.667818e-06
1.666956e-06
1.666096e-06
1.665236e-06
1.664376e-06
1.663518e-06
1.662659e-06
1.661802e-06
1.660944e-06
1.660088e-06
1.659232e-06
1.658376e-06
1.657521e-06
1.656667e-06
1.655813e-06
1.654960e-06
1.654107e-06
1.653255e-06
1.652404e-06
1.651553e-06
1.650702e-06
1.649852e-06
1.649003e-06
1.648154e-06
1.647306e-06
1.646458e-06
1.645611e-06
1.644765e-06
1.643919e-06
1.643073e-06
1.642228e-06
1.641384e-06
1.640540e-06
1.639697e-06
1.638854e-06
1.638012e-06
1.637171e-06
1.636330e-06
1.635489e-06
1.634649e-06
1.633810e-06
1.632971e-06
1.632133e-06
1.631295e-06
1.630458e-06
1.629621e-06
1.628785e-06
1.627950e-06
1.627115e-06
1.626280e-06
1.625447e-06
1.624613e-06
1.623780e-06
1.622948e-06
1.622116e-06
1.621285e-06
1.620455e-06
1.619625e-06
1.618795e-06
1.617966e-06
1.617138e-06
1.616310e-06
1.615482e-06
1.614656e-06
1.613829e-06
1.613004e-06
1.612178e-06
1.611354e-06
1.610529e-06
1.609706e-06
1.608883e-06
1.608060e-06
1.607238e-06
1.606417e-06
1.605596e-06
1.604776e-06
1.603956e-06
1.603136e-06
1.602318e-06
1.601499e-06
1.600682e-06
1.599864e-06
1.599048e-06
1.598232e-06
1.597416e-06
1.596601e-06
1.595787e-06
1.594973e-06
1.594159e-06
1.593346e-06
1.592534e-06
1.591722e-06
1.590910e-06
1.590100e-06
1.589289e-06
1.588480e-06
1.587670e-06
1.586862e-06
1.586053e-06
1.585246e-06
1.584439e-06
1.583632e-06
1.582826e-06
1.582020e-06
1.581215e-06
1.580411e-06
1.579607e-06
1.578803e-06
1.578000e-06
1.577198e-06
1.576396e-06
1.575594e-06
1.574794e-06
1.573993e-06
1.573193e-06
1.572394e-06
1.571595e-06
1.570797e-06
1.569999e-06
1.569202e-06
1.568405e-06
1.567609e-06
1.566813e-06
1.566018e-06
1.565223e-06
1.564429e-06
1.563635e-06
1.562842e-06
1.562050e-06
1.561258e-06
1.560466e-06
1.559675e-06
1.558884e-06
1.558094e-06
1.557305e-06
1.556516e-06
1.555727e-06
1.554939e-06
1.554152e-06
1.553364e-06
1.552578e-06
1.551792e-06
1.551006e-06
1.550222e-06
1.549437e-06
1.548653e-06
1.547870e-06
1.547087e-06
1.546304e-06
1.545522e-06
1.544741e-06
1.543960e-06
1.543179e-06
1.542399e-06
1.541620e-06
1.540841e-06
1.540063e-06
1.539285e-06
1.538507e-06
1.537730e-06
1.536954e-06
1.536178e-06
1.535403e-06
1.534628e-06
1.533853e-06
1.533079e-06
1.532306e-06
1.531533e-06
1.530761e-06
1.529989e-06
1.529217e-06
1.528446e-06
1.527676e-06
1.526906e-06
1.526136e-06
1.525367e-06
1.524599e-06
1.523831e-06
1.523063e-06
1.522296e-06
1.521530e-06
1.520764e-06
1.519998e-06
1.519233e-06
1.518469e-06
1.517705e-06
1.516941e-06
1.516178e-06
1.515416e-06
1.514654e-06
1.513892e-06
1.513131e-06
1.512370e-06
1.511610e-06
1.510850e-06
1.510091e-06
1.509333e-06
1.508574e-06
1.507817e-06
1.507059e-06
1.506303e-06
1.505547e-06
1.504791e-06
1.504035e-06
1.503281e-06
1.502526e-06
1.501773e-06
1.501019e-06
1.500266e-06
1.499514e-06
1.498762e-06
1.498011e-06
1.497260e-06
1.496509e-06
1.495759e-06
1.495010e-06
1.494261e-06
1.493512e-06
1.492764e-06
1.492017e-06
1.491269e-06
1.490523e-06
1.489777e-06
1.489031e-06
1.488286e-06
1.487541e-06
1.486797e-06
1.486053e-06
1.485310e-06
1.484567e-06
1.483825e-06
1.483083e-06
1.482341e-06
1.481600e-06
1.480860e-06
1.480120e-06
1.479380e-06
1.478641e-06
1.477903e-06
1.477165e-06
1.476427e-06
1.475690e-06
1.474953e-06
1.474217e-06
1.473481e-06
1.472746e-06
1.472011e-06
1.471277e-06
1.470543e-06
1.469809e-06
1.469076e-06
1.468344e-06
1.467612e-06
1.466880e-06
1.466149e-06
1.465419e-06
1.464688e-06
1.463959e-06
1.463230e-06
1.462501e-06
1.461772e-06
1.461045e-06
1.460317e-06
1.459590e-06
1.458864e-06
1.458138e-06
1.457412e-06
1.456687e-06
1.455963e-06
1.455238e-06
1.454515e-06
1.453791e-06
1.453069e-06
1.452346e-06
1.451625e-06
1.450903e-06
1.450182e-06
1.449462e-06
1.448742e-06
1.448022e-06
1.447303e-06
1.446584e-06
1.445866e-06
1.445148e-06
1.444431e-06
1.443714e-06
1.442998e-06
1.442282e-06
1.441566e-06
1.440851e-06
1.440137e-06
1.439423e-06
1.438709e-06
1.437996e-06
1.437283e-06
1.436571e-06
1.435859e-06
1.435147e-06
1.434436e-06
1.433726e-06
1.433016e-06
1.432306e-06
1.431597e-06
1.430888e-06
1.430180e-06
1.429472e-06
1.428765e-06
1.428058e-06
1.427351e-06
1.426645e-06
1.425940e-06
1.425234e-06
1.424530e-06
1.423825e-06
1.423122e-06
1.422418e-06
1.421715e-06
1.421013e-06
1.420311e-06
1.419609e-06
1.418908e-06
1.418207e-06
1.417507e-06
1.416807e-06
1.416108e-06
1.415409e-06
1.414710e-06
1.414012e-06
1.413314e-06
1.412617e-06
1.411920e-06
1.411224e-06
1.410528e-06
1.409833e-06
1.409138e-06
1.408443e-06
1.407749e-06
1.407055e-06
1.406362e-06
1.405669e-06
1.404977e-06
1.404285e-06
1.403593e-06
1.402902e-06
1.402212e-06
1.401521e-06
1.400832e-06
1.400142e-06
1.399453e-06
1.398765e-06
1.398077e-06
1.397389e-06
1.396702e-06
1.396015e-06
1.395329e-06
1.394643e-06
1.393957e-06
1.393272e-06
1.392588e-06
1.391904e-06
1.391220e-06
1.390536e-06
1.389854e-06
1.389171e-06
1.388489e-06
1.387807e-06
1.387126e-06
1.386445e-06
1.385765e-06
1.385085e-06
1.384406e-06
1.383727e-06
1.383048e-06
1.382370e-06
1.381692e-06
1.381015e-06
1.380338e-06
1.379661e-06
1.378985e-06
1.378309e-06
1.377634e-06
1.376959e-06
1.376285e-06
1.375611e-06
1.374937e-06
1.374264e-06
1.373592e-06
1.372919e-06
1.372247e-06
1.371576e-06
1.370905e-06
1.370234e-06
1.369564e-06
1.368894e-06
1.368225e-06
1.367556e-06
1.366887e-06
1.366219e-06
1.365552e-06
1.364884e-06
1.364217e-06
1.363551e-06
1.362885e-06
1.362219e-06
1.361554e-06
1.360889e-06
1.360225e-06
1.359561e-06
1.358898e-06
1.358234e-06
1.357572e-06
1.356909e-06
1.356247e-06
1.355586e-06
1.354925e-06
1.354264e-06
1.353604e-06
1.352944e-06
1.352285e-06
1.351626e-06
1.350967e-06
1.350309e-06
1.349651e-06
1.348994e-06
1.348337e-06
1.347680e-06
1.347024e-06
1.346368e-06
1.345713e-06
1.345058e-06
1.344403e-06
1.343749e-06
1.343096e-06
1.342442e-06
1.341789e-06
1.341137e-06
1.340485e-06
1.339833e-06
1.339182e-06
1.338531e-06
1.337881e-06
1.337230e-06
1.336581e-06
1.335932e-06
1.335283e-06
1.334634e-06
1.333986e-06
1.333338e-06
1.332691e-06
1.332044e-06
1.331398e-06
1.330752e-06
1.330106e-06
1.329461e-06
1.328816e-06
1.328172e-06
1.327528e-06
1.326884e-06
1.326241e-06
1.325598e-06
1.324955e-06
1.324313e-06
1.323672e-06
1.323030e-06
1.322389e-06
1.321749e-06
1.321109e-06
1.320469e-06
1.319830e-06
1.319191e-06
1.318552e-06
1.317914e-06
1.317277e-06
1.316639e-06
1.316002e-06
1.315366e-06
1.314730e-06
1.314094e-06
1.313459e-06
1.312824e-06
1.312189e-06
1.311555e-06
1.310921e-06
1.310288e-06
1.309655e-06
1.309022e-06
1.308390e-06
1.307758e-06
1.307127e-06
1.306496e-06
1.305865e-06
1.305235e-06
1.304605e-06
1.303975e-06
1.303346e-06
1.302717e-06
1.302089e-06
1.301461e-06
1.300834e-06
1.300206e-06
1.299580e-06
1.298953e-06
1.298327e-06
1.297701e-06
1.297076e-06
1.296451e-06
1.295827e-06
1.295203e-06
1.294579e-06
1.293956e-06
1.293333e-06
1.292710e-06
1.292088e-06
1.291466e-06
1.290845e-06
1.290224e-06
1.289603e-06
1.288983e-06
1.288363e-06
1.287743e-06
1.287124e-06
1.286505e-06
1.285887e-06
1.285269e-06
1.284651e-06
1.284034e-06
1.283417e-06
1.282801e-06
1.282185e-06
1.281569e-06
1.280954e-06
1.280339e-06
1.279724e-06
1.279110e-06
1.278496e-06
1.277883e-06
1.277270e-06
1.276657e-06
1.276045e-06
1.275433e-06
1.274821e-06
1.274210e-06
1.273599e-06
1.272988e-06
1.272378e-06
1.271769e-06
1.271159e-06
1.270550e-06
1.269942e-06
1.269333e-06
1.268726e-06
1.268118e-06
1.267511e-06
1.266904e-06
1.266298e-06
1.265692e-06
1.265086e-06
1.264481e-06
1.263876e-06
1.263272e-06
1.262667e-06
1.262064e-06
1.261460e-06
1.260857e-06
1.260255e-06
1.259652e-06
1.259050e-06
1.258449e-06
1.257848e-06
1.257247e-06
1.256646e-06
1.256046e-06
1.255446e-06
1.254847e-06
1.254248e-06
1.253649e-06
1.253051e-06
1.252453e-06
1.251856e-06
1.251258e-06
1.250662e-06
1.250065e-06
1.249469e-06
1.248873e-06
1.248278e-06
1.247683e-06
1.247088e-06
1.246494e-06
1.245900e-06
1.245306e-06
1.244713e-06
1.244120e-06
1.243528e-06
1.242936e-06
1.242344e-06
1.241753e-06
1.241162e-06
1.240571e-06
1.239981e-06
1.239391e-06
1.238801e-06
1.238212e-06
1.237623e-06
1.237034e-06
1.236446e-06
1.235858e-06
1.235271e-06
1.234684e-06
1.234097e-06
1.233511e-06
1.232925e-06
1.232339e-06
1.231754e-06
1.231169e-06
1.230584e-06
1.230000e-06
1.229416e-06
1.228832e-06
1.228249e-06
1.227666e-06
1.227084e-06
1.226502e-06
1.225920e-06
1.225339e-06
1.224757e-06
1.224177e-06
1.223596e-06
1.223016e-06
1.222437e-06
1.221857e-06
1.221278e-06
1.220700e-06
1.220121e-06
1.219544e-06
1.218966e-06
1.218389e-06
1.217812e-06
1.217235e-06
1.216659e-06
1.216083e-06
1.215508e-06
1.214933e-06
1.214358e-06
1.213784e-06
1.213209e-06
1.212636e-06
1.212062e-06
1.211489e-06
1.210917e-06
1.210344e-06
1.209772e-06
1.209201e-06
1.208629e-06
1.208058e-06
1.207488e-06
1.206917e-06
1.206347e-06
1.205778e-06
1.205209e-06
1.204640e-06
1.204071e-06
1.203503e-06
1.202935e-06
1.202367e-06
1.201800e-06
1.201233e-06
1.200667e-06
1.200101e-06
1.199535e-06
1.198969e-06
1.198404e-06
1.197839e-06
1.197275e-06
1.196711e-06
1.196147e-06
1.195584e-06
1.195020e-06
1.194458e-06
1.193895e-06
1.193333e-06
1.192771e-06
1.192210e-06
1.191649e-06
1.191088e-06
1.190528e-06
1.189968e-06
1.189408e-06
1.188848e-06
1.188289e-06
1.187731e-06
1.187172e-06
1.186614e-06
1.186056e-06
1.185499e-06
1.184942e-06
1.184385e-06
1.183829e-06
1.183273e-06
1.182717e-06
1.182162e-06
1.181607e-06
1.181052e-06
1.180498e-06
1.179944e-06
1.179390e-06
1.178837e-06
1.178283e-06
1.177731e-06
1.177178e-06
1.176626e-06
1.176075e-06
1.175523e-06
1.174972e-06
1.174421e-06
1.173871e-06
1.173321e-06
1.172771e-06
1.172222e-06
1.171673e-06
1.171124e-06
1.170575e-06
1.170027e-06
1.169480e-06
1.168932e-06
1.168385e-06
1.167838e-06
1.167292e-06
1.166746e-06
1.166200e-06
1.165654e-06
1.165109e-06
1.164564e-06
1.164020e-06
1.163476e-06
1.162932e-06
1.162388e-06
1.161845e-06
1.161302e-06
1.160759e-06
1.160217e-06
1.159675e-06
1.159134e-06
1.158592e-06
1.158052e-06
1.157511e-06
1.156971e-06
1.156431e-06
1.155891e-06
1.155352e-06
1.154813e-06
1.154274e-06
1.153736e-06
1.153197e-06
1.152660e-06
1.152122e-06
1.151585e-06
1.151048e-06
1.150512e-06
1.149976e-06
1.149440e-06
1.148905e-06
1.148369e-06
1.147835e-06
1.147300e-06
1.146766e-06
1.146232e-06
1.145698e-06
1.145165e-06
1.144632e-06
1.144100e-06
1.143567e-06
1.143035e-06
1.142504e-06
1.141972e-06
1.141441e-06
1.140910e-06
1.140380e-06
1.139850e-06
1.139320e-06
1.138791e-06
1.138261e-06
1.137733e-06
1.137204e-06
1.136676e-06
1.136148e-06
1.135620e-06
1.135093e-06
1.134566e-06
1.134040e-06
1.133513e-06
1.132987e-06
1.132461e-06
1.131936e-06
1.131411e-06
1.130886e-06
1.130362e-06
1.129838e-06
1.129314e-06
1.128790e-06
1.128267e-06
1.127744e-06
1.127221e-06
1.126699e-06
1.126177e-06
1.125655e-06
1.125134e-06
1.124613e-06
1.124092e-06
1.123572e-06
1.123052e-06
1.122532e-06
1.122012e-06
1.121493e-06
1.120974e-06
1.120456e-06
1.119937e-06
1.119419e-06
1.118902e-06
1.118384e-06
1.117867e-06
1.117351e-06
1.116834e-06
1.116318e-06
1.115802e-06
1.115287e-06
1.114771e-06
1.114256e-06
1.113742e-06
1.113227e-06
1.112713e-06
1.112200e-06
1.111686e-06
1.111173e-06
1.110660e-06
1.110148e-06
1.109636e-06
1.109124e-06
1.108612e-06
1.108101e-06
1.107590e-06
1.107079e-06
1.106569e-06
1.106059e-06
1.105549e-06
1.105039e-06
1.104530e-06
1.104021e-06
1.103513e-06
1.103004e-06
1.102496e-06
1.101989e-06
1.101481e-06
1.100974e-06
1.100468e-06
1.099961e-06
1.099455e-06
1.098949e-06
1.098443e-06
1.097938e-06
1.097433e-06
1.096928e-06
1.096424e-06
1.095920e-06
1.095416e-06
1.094912e-06
1.094409e-06
1.093906e-06
1.093404e-06
1.092901e-06
1.092399e-06
1.091897e-06
1.091396e-06
1.090895e-06
1.090394e-06
1.089893e-06
1.089393e-06
1.088893e-06
1.088393e-06
1.087894e-06
1.087395e-06
1.086896e-06
1.086398e-06
1.085899e-06
1.085401e-06
1.084904e-06
1.084406e-06
1.083909e-06
1.083413e-06
1.082916e-06
1.082420e-06
1.081924e-06
1.081428e-06
1.080933e-06
1.080438e-06
1.079943e-06
1.079449e-06
1.078955e-06
1.078461e-06
1.077967e-06
1.077474e-06
1.076981e-06
1.076488e-06
1.075996e-06
1.075504e-06
1.075012e-06
1.074520e-06
1.074029e-06
1.073538e-06
1.073047e-06
1.072557e-06
1.072067e-06
1.071577e-06
1.071087e-06
1.070598e-06
1.070109e-06
1.069621e-06
1.069132e-06
1.068644e-06
1.068156e-06
1.067669e-06
1.067181e-06
1.066694e-06
1.066208e-06
1.065721e-06
1.065235e-06
1.064749e-06
1.064264e-06
1.063778e-06
1.063293e-06
1.062809e-06
1.062324e-06
1.061840e-06
1.061356e-06
1.060873e-06
1.060389e-06
1.059906e-06
1.059424e-06
1.058941e-06
1.058459e-06
1.057977e-06
1.057495e-06
1.057014e-06
1.056533e-06
1.056052e-06
1.055572e-06
1.055092e-06
1.054612e-06
1.054132e-06
1.053653e-06
1.053173e-06
1.052695e-06
1.052216e-06
1.051738e-06
1.051260e-06
1.050782e-06
1.050305e-06
1.049828e-06
1.049351e-06
1.048874e-06
1.048398e-06
1.047922e-06
1.047446e-06
1.046970e-06
1.046495e-06
1.046020e-06
1.045546e-06
1.045071e-06
1.044597e-06
1.044123e-06
1.043650e-06
1.043176e-06
1.042703e-06
1.042231e-06
1.041758e-06
1.041286e-06
1.040814e-06
1.040342e-06
1.039871e-06
1.039400e-06
1.038929e-06
1.038459e-06
1.037988e-06
1.037518e-06
1.037049e-06
1.036579e-06
1.036110e-06
1.035641e-06
1.035172e-06
1.034704e-06
1.034236e-06
1.033768e-06
1.033301e-06
1.032833e-06
1.032366e-06
1.031899e-06
1.031433e-06
1.030967e-06
1.030501e-06
1.030035e-06
1.029570e-06
1.029105e-06
1.028640e-06
1.028175e-06
1.027711e-06
1.027247e-06
1.026783e-06
1.026319e-06
1.025856e-06
1.025393e-06
1.024930e-06
1.024468e-06
1.024006e-06
1.023544e-06
1.023082e-06
1.022621e-06
1.022160e-06
1.021699e-06
1.021238e-06
1.020778e-06
1.020318e-06
1.019858e-06
1.019399e-06
1.018939e-06
1.018480e-06
1.018022e-06
1.017563e-06
1.017105e-06
1.016647e-06
1.016189e-06
1.015732e-06
1.015275e-06
1.014818e-06
1.014361e-06
1.013905e-06
1.013449e-06
1.012993e-06
1.012537e-06
1.012082e-06
1.011627e-06
1.011172e-06
1.010718e-06
1.010264e-06
1.009810e-06
1.009356e-06
1.008902e-06
1.008449e-06
1.007996e-06
1.007543e-06
1.007091e-06
1.006639e-06
1.006187e-06
1.005735e-06
1.005284e-06
1.004833e-06
1.004382e-06
1.003931e-06
1.003481e-06
1.003031e-06
1.002581e-06
1.002131e-06
1.001682e-06
1.001233e-06
1.000784e-06
1.000336e-06
9.998874e-07
9.994393e-07
9.989915e-07
9.985440e-07
9.980967e-07
9.976497e-07
9.972030e-07
9.967565e-07
9.963102e-07
9.958643e-07
9.954185e-07
9.949731e-07
9.945278e-07
9.940829e-07
9.936382e-07
9.931937e-07
9.927495e-07
9.923056e-07
9.918619e-07
9.914184e-07
9.909752e-07
9.905323e-07
9.900896e-07
9.896472e-07
9.892050e-07
9.887631e-07
9.883215e-07
9.878800e-07
9.874389e-07
9.869980e-07
9.865573e-07
9.861169e-07
9.856768e-07
9.852369e-07
9.847972e-07
9.843578e-07
9.839187e-07
9.834798e-07
9.830411e-07
9.826027e-07
9.821646e-07
9.817267e-07
9.812890e-07
9.808517e-07
9.804145e-07
9.799776e-07
9.795410e-07
9.791046e-07
9.786684e-07
9.782325e-07
9.777969e-07
9.773615e-07
9.769263e-07
9.764914e-07
9.760568e-07
9.756223e-07
9.751882e-07
9.747543e-07
9.743206e-07
9.738872e-07
9.734540e-07
9.730211e-07
9.725884e-07
9.721560e-07
9.717238e-07
9.712918e-07
9.708601e-07
9.704287e-07
9.699975e-07
9.695665e-07
9.691358e-07
9.687053e-07
9.682751e-07
9.678451e-07
9.674154e-07
9.669859e-07
9.665567e-07
9.661277e-07
9.656989e-07
9.652704e-07
9.648421e-07
9.644141e-07
9.639863e-07
9.635588e-07
9.631315e-07
9.627044e-07
9.622776e-07
9.618510e-07
9.614247e-07
9.609986e-07
9.605728e-07
9.601472e-07
9.597218e-07
9.592967e-07
9.588718e-07
9.584472e-07
9.580228e-07
9.575986e-07
9.571747e-07
9.567510e-07
9.563276e-07
9.559044e-07
9.554814e-07
9.550587e-07
9.546362e-07
9.542140e-07
9.537920e-07
9.533703e-07
9.529487e-07
9.525275e-07
9.521064e-07
9.516856e-07
9.512650e-07
9.508447e-07
9.504246e-07
9.500048e-07
9.495852e-07
9.491658e-07
9.487466e-07
9.483277e-07
9.479091e-07
