1.079871e-02
8.029148e-03
6.663639e-03
7.654777e-03
8.915410e-03
9.244216e-03
9.042695e-03
8.558470e-03
7.942513e-03
7.285201e-03
6.638707e-03
6.031276e-03
5.476361e-03
4.978478e-03
4.536952e-03
4.148280e-03
3.807597e-03
3.509576e-03
3.248936e-03
3.020733e-03
2.820496e-03
2.644266e-03
2.488601e-03
2.350536e-03
2.227539e-03
2.117457e-03
2.018470e-03
1.929040e-03
1.847866e-03
1.773854e-03
1.706078e-03
1.643755e-03
1.586220e-03
1.532911e-03
1.483345e-03
1.437113e-03
1.393860e-03
1.353284e-03
1.315121e-03
1.279143e-03
1.245150e-03
1.212969e-03
1.182446e-03
1.153445e-03
1.125847e-03
1.099544e-03
1.074440e-03
1.050451e-03
1.027498e-03
1.005513e-03
9.844312e-04
9.641962e-04
9.447554e-04
9.276227e-04
9.138144e-04
8.999913e-04
8.861662e-04
8.723515e-04
8.585588e-04
8.447996e-04
8.310847e-04
8.174244e-04
8.038285e-04
7.903062e-04
7.768664e-04
7.635172e-04
7.502663e-04
7.371211e-04
7.240883e-04
7.111741e-04
6.983843e-04
6.857244e-04
6.731992e-04
6.608133e-04
6.506694e-04
6.413954e-04
6.323641e-04
6.235661e-04
6.149925e-04
6.066346e-04
5.984846e-04
5.905346e-04
5.827774e-04
5.752062e-04
5.678142e-04
5.605952e-04
5.535432e-04
5.466524e-04
5.399175e-04
5.333332e-04
5.268945e-04
5.206841e-04
5.159855e-04
5.112918e-04
5.066044e-04
5.019244e-04
4.972533e-04
4.925921e-04
4.879423e-04
4.833048e-04
4.786810e-04
4.740718e-04
4.694783e-04
4.649016e-04
4.603427e-04
4.558025e-04
4.512819e-04
4.467819e-04
4.423032e-04
4.378468e-04
4.334133e-04
4.290035e-04
4.246182e-04
4.202580e-04
4.159236e-04
4.116156e-04
4.073345e-04
4.030810e-04
3.988556e-04
3.946587e-04
3.904909e-04
3.863525e-04
3.822440e-04
3.781658e-04
3.741182e-04
3.701016e-04
3.661162e-04
3.621624e-04
3.582404e-04
3.543504e-04
3.504928e-04
3.474252e-04
3.444435e-04
3.415069e-04
3.386145e-04
3.357653e-04
3.329584e-04
3.301928e-04
3.274677e-04
3.247822e-04
3.221354e-04
3.195265e-04
3.169548e-04
3.144194e-04
3.119197e-04
3.094548e-04
3.070241e-04
3.046269e-04
3.022626e-04
2.999303e-04
2.976296e-04
2.953598e-04
2.931203e-04
2.909105e-04
2.887298e-04
2.865777e-04
2.844536e-04
2.823571e-04
2.802875e-04
2.782443e-04
2.762272e-04
2.742356e-04
2.722690e-04
2.703269e-04
2.684090e-04
2.665148e-04
2.646439e-04
2.627958e-04
2.609702e-04
2.591666e-04
2.573847e-04
2.556241e-04
2.538844e-04
2.521653e-04
2.504663e-04
2.487873e-04
2.471278e-04
2.454874e-04
2.438660e-04
2.422631e-04
2.406785e-04
2.391118e-04
2.375628e-04
2.360311e-04
2.345166e-04
2.330188e-04
2.315376e-04
2.300727e-04
2.286238e-04
2.271907e-04
2.257731e-04
2.243708e-04
2.229836e-04
2.216111e-04
2.202532e-04
2.189097e-04
2.175803e-04
2.162649e-04
2.149631e-04
2.136749e-04
2.124000e-04
2.111382e-04
2.098893e-04
2.086531e-04
2.074294e-04
2.062182e-04
2.050191e-04
2.038319e-04
2.026567e-04
2.014931e-04
2.003409e-04
1.992001e-04
1.980705e-04
1.969519e-04
1.958441e-04
1.947471e-04
1.936606e-04
1.925845e-04
1.915187e-04
1.904630e-04
1.894173e-04
1.883815e-04
1.873553e-04
1.863388e-04
1.853318e-04
1.843340e-04
1.833455e-04
1.823661e-04
1.813957e-04
1.804341e-04
1.794812e-04
1.785370e-04
1.776013e-04
1.766740e-04
1.757550e-04
1.748442e-04
1.739414e-04
1.730467e-04
1.721598e-04
1.712807e-04
1.704093e-04
1.695455e-04
1.686892e-04
1.678403e-04
1.669987e-04
1.661643e-04
1.653371e-04
1.645169e-04
1.637037e-04
1.628973e-04
1.620978e-04
1.613049e-04
1.605187e-04
1.597391e-04
1.589659e-04
1.581991e-04
1.574387e-04
1.566845e-04
1.559364e-04
1.551945e-04
1.544586e-04
1.537287e-04
1.530047e-04
1.522865e-04
1.515741e-04
1.508674e-04
1.501663e-04
1.494707e-04
1.487807e-04
1.480961e-04
1.474169e-04
1.467431e-04
1.460745e-04
1.454111e-04
1.447528e-04
1.440997e-04
1.434515e-04
1.428084e-04
1.421702e-04
1.415369e-04
1.409083e-04
1.402846e-04
1.396656e-04
1.390512e-04
1.384415e-04
1.378363e-04
1.372356e-04
1.366395e-04
1.360477e-04
1.354603e-04
1.348773e-04
1.342986e-04
1.337240e-04
1.331537e-04
1.325876e-04
1.320256e-04
1.314676e-04
1.309137e-04
1.303637e-04
1.298177e-04
1.292757e-04
1.287375e-04
1.282031e-04
1.276725e-04
1.271457e-04
1.266226e-04
1.261031e-04
1.255873e-04
1.250752e-04
1.245665e-04
1.240615e-04
1.235599e-04
1.230618e-04
1.225671e-04
1.220759e-04
1.215880e-04
1.211034e-04
1.206222e-04
1.201442e-04
1.196695e-04
1.191980e-04
1.187296e-04
1.182644e-04
1.178023e-04
1.173434e-04
1.168874e-04
1.164346e-04
1.159847e-04
1.155378e-04
1.150938e-04
1.146528e-04
1.142147e-04
1.137794e-04
1.133470e-04
1.129174e-04
1.124905e-04
1.120665e-04
1.116452e-04
1.112266e-04
1.108107e-04
1.103975e-04
1.099869e-04
1.095789e-04
1.091735e-04
1.087707e-04
1.083705e-04
1.079727e-04
1.075775e-04
1.071848e-04
1.067945e-04
1.064067e-04
1.060212e-04
1.056382e-04
1.052576e-04
1.048793e-04
1.045033e-04
1.041297e-04
1.037584e-04
1.033893e-04
1.030225e-04
1.026579e-04
1.022956e-04
1.019354e-04
1.015774e-04
1.012216e-04
1.008680e-04
1.005164e-04
1.001670e-04
9.981963e-05
9.947436e-05
9.913115e-05
9.878998e-05
9.845082e-05
9.811368e-05
9.777852e-05
9.744533e-05
9.711410e-05
9.678481e-05
9.645745e-05
9.613199e-05
9.580843e-05
9.548674e-05
9.516692e-05
9.484894e-05
9.453280e-05
9.421847e-05
9.390595e-05
9.359522e-05
9.328626e-05
9.297907e-05
9.267362e-05
9.236990e-05
9.206790e-05
9.176761e-05
9.146901e-05
9.117209e-05
9.087683e-05
9.058323e-05
9.029127e-05
9.000093e-05
8.971221e-05
8.942510e-05
8.913957e-05
8.885562e-05
8.857323e-05
8.829240e-05
8.801311e-05
8.773535e-05
8.745910e-05
8.718437e-05
8.691112e-05
8.663937e-05
8.636908e-05
8.610026e-05
8.583288e-05
8.556695e-05
8.530244e-05
8.503936e-05
8.477768e-05
8.451740e-05
8.425850e-05
8.400098e-05
8.374483e-05
8.349003e-05
8.323658e-05
8.298447e-05
8.273368e-05
8.248421e-05
8.223604e-05
8.198918e-05
8.174360e-05
8.149930e-05
8.125627e-05
8.101450e-05
8.077398e-05
8.053471e-05
8.029666e-05
8.005985e-05
7.982424e-05
7.958985e-05
7.935665e-05
7.912465e-05
7.889382e-05
7.866417e-05
7.843568e-05
7.820835e-05
7.798217e-05
7.775713e-05
7.753322e-05
7.731043e-05
7.708877e-05
7.686821e-05
7.664875e-05
7.643039e-05
7.621311e-05
7.599691e-05
7.578178e-05
7.556771e-05
7.535470e-05
7.514274e-05
7.493182e-05
7.472194e-05
7.451308e-05
7.430525e-05
7.409842e-05
7.389261e-05
7.368779e-05
7.348397e-05
7.328113e-05
7.307928e-05
7.287840e-05
7.267848e-05
7.247952e-05
7.228152e-05
7.208447e-05
7.188835e-05
7.169317e-05
7.149892e-05
7.130560e-05
7.111318e-05
7.092168e-05
7.073109e-05
7.054139e-05
7.035258e-05
7.016466e-05
6.997762e-05
6.979146e-05
6.960617e-05
6.942174e-05
6.923816e-05
6.905544e-05
6.887357e-05
6.869254e-05
6.851234e-05
6.833298e-05
6.815444e-05
6.797672e-05
6.779981e-05
6.762372e-05
6.744843e-05
6.727393e-05
6.710024e-05
6.692733e-05
6.675520e-05
6.658386e-05
6.641329e-05
6.624348e-05
6.607445e-05
6.590617e-05
6.573865e-05
6.557187e-05
6.540585e-05
6.524056e-05
6.507601e-05
6.491219e-05
6.474910e-05
6.458673e-05
6.442508e-05
6.426414e-05
6.410391e-05
6.394439e-05
6.378556e-05
6.362744e-05
6.347000e-05
6.331325e-05
6.315719e-05
6.300180e-05
6.284709e-05
6.269305e-05
6.253968e-05
6.238697e-05
6.223492e-05
6.208353e-05
6.193278e-05
6.178268e-05
6.163323e-05
6.148441e-05
6.133623e-05
6.118868e-05
6.104176e-05
6.089547e-05
6.074979e-05
6.060473e-05
6.046028e-05
6.031645e-05
6.017322e-05
6.003059e-05
5.988855e-05
5.974712e-05
5.960627e-05
5.946602e-05
5.932635e-05
5.918726e-05
5.904874e-05
5.891080e-05
5.877344e-05
5.863664e-05
5.850040e-05
5.836473e-05
5.822961e-05
5.809505e-05
5.796104e-05
5.782758e-05
5.769466e-05
5.756229e-05
5.743045e-05
5.729915e-05
5.716838e-05
5.703814e-05
5.690843e-05
5.677924e-05
5.665058e-05
5.652243e-05
5.639479e-05
5.626767e-05
5.614105e-05
5.601494e-05
5.588934e-05
5.576423e-05
5.563963e-05
5.551551e-05
5.539189e-05
5.526876e-05
5.514611e-05
5.502395e-05
5.490227e-05
5.478107e-05
5.466034e-05
5.454009e-05
5.442030e-05
5.430099e-05
5.418214e-05
5.406375e-05
5.394582e-05
5.382835e-05
5.371134e-05
5.359477e-05
5.347866e-05
5.336299e-05
5.324777e-05
5.313300e-05
5.301866e-05
5.290476e-05
5.279129e-05
5.267826e-05
5.256566e-05
5.245349e-05
5.234175e-05
5.223042e-05
5.211952e-05
5.200904e-05
5.189898e-05
5.178933e-05
5.168009e-05
5.157126e-05
5.146284e-05
5.135483e-05
5.124722e-05
5.114001e-05
5.103321e-05
5.092679e-05
5.082078e-05
5.071516e-05
5.060993e-05
5.050508e-05
5.040063e-05
5.029656e-05
5.019287e-05
5.008956e-05
4.998663e-05
4.988408e-05
4.978191e-05
4.968010e-05
4.957867e-05
4.947761e-05
4.937691e-05
4.927658e-05
4.917661e-05
4.907700e-05
4.897776e-05
4.887887e-05
4.878033e-05
4.868216e-05
4.858433e-05
4.848685e-05
4.838972e-05
4.829294e-05
4.819650e-05
4.810041e-05
4.800466e-05
4.790925e-05
4.781417e-05
4.771943e-05
4.762503e-05
4.753096e-05
4.743722e-05
4.734381e-05
4.725073e-05
4.715797e-05
4.706554e-05
4.697343e-05
4.688165e-05
4.679018e-05
4.669903e-05
4.660820e-05
4.651768e-05
4.642747e-05
4.633758e-05
4.624800e-05
4.615872e-05
4.606975e-05
4.598109e-05
4.589273e-05
4.580468e-05
4.571692e-05
4.562947e-05
4.554231e-05
4.545545e-05
4.536889e-05
4.528262e-05
4.519664e-05
4.511095e-05
4.502555e-05
4.494044e-05
4.485561e-05
4.477108e-05
4.468682e-05
4.460285e-05
4.451915e-05
4.443574e-05
4.435261e-05
4.426975e-05
4.418717e-05
4.410486e-05
4.402283e-05
4.394106e-05
4.385957e-05
4.377835e-05
4.369739e-05
4.361670e-05
4.353628e-05
4.345611e-05
4.337622e-05
4.329658e-05
4.321720e-05
4.313809e-05
4.305923e-05
4.298062e-05
4.290227e-05
4.282418e-05
4.274634e-05
4.266875e-05
4.259141e-05
4.251432e-05
4.243748e-05
4.236088e-05
4.228453e-05
4.220842e-05
4.213256e-05
4.205694e-05
4.198156e-05
4.190643e-05
4.183153e-05
4.175687e-05
4.168244e-05
4.160825e-05
4.153430e-05
4.146057e-05
4.138708e-05
4.131383e-05
4.124080e-05
4.116800e-05
4.109543e-05
4.102309e-05
4.095097e-05
4.087907e-05
4.080741e-05
4.073596e-05
4.066474e-05
4.059373e-05
4.052295e-05
4.045238e-05
4.038204e-05
4.031191e-05
4.024199e-05
4.017229e-05
4.010281e-05
4.003353e-05
3.996447e-05
3.989562e-05
3.982698e-05
3.975855e-05
3.969033e-05
3.962232e-05
3.955451e-05
3.948690e-05
3.941950e-05
3.935231e-05
3.928532e-05
3.921852e-05
3.915193e-05
3.908554e-05
3.901935e-05
3.895336e-05
3.888756e-05
3.882196e-05
3.875656e-05
3.869135e-05
3.862633e-05
3.856151e-05
3.849688e-05
3.843244e-05
3.836819e-05
3.830413e-05
3.824026e-05
3.817658e-05
3.811308e-05
3.804977e-05
3.798665e-05
3.792371e-05
3.786096e-05
3.779838e-05
3.773599e-05
3.767378e-05
3.761176e-05
3.754991e-05
3.748824e-05
3.742675e-05
3.736544e-05
3.730430e-05
3.724334e-05
3.718255e-05
3.712194e-05
3.706151e-05
3.700124e-05
3.694115e-05
3.688123e-05
3.682148e-05
3.676190e-05
3.670249e-05
3.664325e-05
3.658418e-05
3.652527e-05
3.646654e-05
3.640796e-05
3.634955e-05
3.629131e-05
3.623323e-05
3.617531e-05
3.611756e-05
3.605996e-05
3.600253e-05
3.594526e-05
3.588815e-05
3.583119e-05
3.577440e-05
3.571776e-05
3.566128e-05
3.560496e-05
3.554879e-05
3.549278e-05
3.543692e-05
3.538121e-05
3.532566e-05
3.527026e-05
3.521501e-05
3.515991e-05
3.510497e-05
3.505017e-05
3.499552e-05
3.494103e-05
3.488668e-05
3.483247e-05
3.477842e-05
3.472451e-05
3.467075e-05
3.461713e-05
3.456365e-05
3.451032e-05
3.445714e-05
3.440409e-05
3.435119e-05
3.429843e-05
3.424581e-05
3.419333e-05
3.414099e-05
3.408879e-05
3.403673e-05
3.398481e-05
3.393303e-05
3.388138e-05
3.382987e-05
3.377849e-05
3.372725e-05
3.367615e-05
3.362518e-05
3.357434e-05
3.352364e-05
3.347306e-05
3.342263e-05
3.337232e-05
3.332214e-05
3.327210e-05
3.322218e-05
3.317240e-05
3.312274e-05
3.307322e-05
3.302382e-05
3.297455e-05
3.292540e-05
3.287638e-05
3.282749e-05
3.277872e-05
3.273008e-05
3.268157e-05
3.263318e-05
3.258491e-05
3.253676e-05
3.248874e-05
3.244084e-05
3.239306e-05
3.234540e-05
3.229786e-05
3.225045e-05
3.220315e-05
3.215597e-05
3.210892e-05
3.206198e-05
3.201515e-05
3.196845e-05
3.192186e-05
3.187539e-05
3.182904e-05
3.178280e-05
3.173668e-05
3.169067e-05
3.164478e-05
3.159900e-05
3.155333e-05
3.150778e-05
3.146234e-05
3.141701e-05
3.137179e-05
3.132669e-05
3.128169e-05
3.123681e-05
3.119204e-05
3.114738e-05
3.110282e-05
3.105838e-05
3.101404e-05
3.096981e-05
3.092569e-05
3.088168e-05
3.083777e-05
3.079397e-05
3.075028e-05
3.070669e-05
3.066321e-05
3.061983e-05
3.057656e-05
3.053339e-05
3.049033e-05
3.044736e-05
3.040451e-05
3.036175e-05
3.031910e-05
3.027654e-05
3.023409e-05
3.019174e-05
3.014950e-05
3.010735e-05
3.006530e-05
3.002335e-05
2.998150e-05
2.993975e-05
2.989810e-05
2.985655e-05
2.981509e-05
2.977373e-05
2.973247e-05
2.969131e-05
2.965024e-05
2.960927e-05
2.956839e-05
2.952761e-05
2.948692e-05
2.944633e-05
2.940584e-05
2.936543e-05
2.932513e-05
2.928491e-05
2.924479e-05
2.920476e-05
2.916482e-05
2.912497e-05
2.908522e-05
2.904556e-05
2.900599e-05
2.896651e-05
2.892712e-05
2.888781e-05
2.884860e-05
2.880948e-05
2.877045e-05
2.873151e-05
2.869265e-05
2.865389e-05
2.861521e-05
2.857662e-05
2.853811e-05
2.849970e-05
2.846136e-05
2.842312e-05
2.838496e-05
2.834689e-05
2.830890e-05
2.827100e-05
2.823318e-05
2.819545e-05
2.815780e-05
2.812024e-05
2.808276e-05
2.804536e-05
2.800805e-05
2.797082e-05
2.793367e-05
2.789660e-05
2.785962e-05
2.782271e-05
2.778589e-05
2.774915e-05
2.771249e-05
2.767591e-05
2.763941e-05
2.760299e-05
2.756666e-05
2.753040e-05
2.749421e-05
2.745811e-05
2.742209e-05
2.738615e-05
2.735028e-05
2.731449e-05
2.727878e-05
2.724314e-05
2.720759e-05
2.717211e-05
2.713670e-05
2.710138e-05
2.706613e-05
2.703095e-05
2.699585e-05
2.696083e-05
2.692588e-05
2.689100e-05
2.685620e-05
2.682147e-05
2.678682e-05
2.675224e-05
2.671774e-05
2.668331e-05
2.664895e-05
2.661466e-05
2.658045e-05
2.654631e-05
2.651224e-05
2.647824e-05
2.644432e-05
2.641046e-05
2.637668e-05
2.634297e-05
2.630933e-05
2.627575e-05
2.624225e-05
2.620882e-05
2.617546e-05
2.614217e-05
2.610895e-05
2.607579e-05
2.604271e-05
2.600969e-05
2.597675e-05
2.594387e-05
2.591106e-05
2.587831e-05
2.584564e-05
2.581303e-05
2.578048e-05
2.574801e-05
2.571560e-05
2.568326e-05
2.565098e-05
2.561877e-05
2.558663e-05
2.555455e-05
2.552254e-05
2.549059e-05
2.545871e-05
2.542689e-05
2.539514e-05
2.536345e-05
2.533182e-05
2.530026e-05
2.526876e-05
2.523733e-05
2.520596e-05
2.517465e-05
2.514341e-05
2.511222e-05
2.508110e-05
2.505005e-05
2.501905e-05
2.498812e-05
2.495725e-05
2.492644e-05
2.489569e-05
2.486500e-05
2.483438e-05
2.480381e-05
2.477331e-05
2.474286e-05
2.471248e-05
2.468215e-05
2.465189e-05
2.462168e-05
2.459154e-05
2.456145e-05
2.453143e-05
2.450146e-05
2.447155e-05
2.444170e-05
2.441191e-05
2.438217e-05
2.435250e-05
2.432288e-05
2.429332e-05
2.426381e-05
2.423437e-05
2.420498e-05
2.417565e-05
2.414637e-05
2.411716e-05
2.408799e-05
2.405889e-05
2.402984e-05
2.400085e-05
2.397191e-05
2.394303e-05
2.391420e-05
2.388543e-05
2.385671e-05
2.382805e-05
2.379945e-05
2.377089e-05
2.374240e-05
2.371395e-05
2.368556e-05
2.365723e-05
2.362895e-05
2.360072e-05
2.357255e-05
2.354443e-05
2.351636e-05
2.348834e-05
2.346038e-05
2.343247e-05
2.340462e-05
2.337681e-05
2.334906e-05
2.332136e-05
2.329371e-05
2.326612e-05
2.323857e-05
2.321108e-05
2.318364e-05
2.315625e-05
2.312891e-05
2.310162e-05
2.307438e-05
2.304719e-05
2.302006e-05
2.299297e-05
2.296593e-05
2.293895e-05
2.291201e-05
2.288512e-05
2.285829e-05
2.283150e-05
2.280476e-05
2.277807e-05
2.275143e-05
2.272484e-05
2.269829e-05
2.267180e-05
2.264535e-05
2.261896e-05
2.259261e-05
2.256630e-05
2.254005e-05
2.251384e-05
2.248768e-05
2.246157e-05
2.243551e-05
2.240949e-05
2.238352e-05
2.235760e-05
2.233173e-05
2.230590e-05
2.228011e-05
2.225438e-05
2.222869e-05
2.220304e-05
2.217745e-05
2.215189e-05
2.212639e-05
2.210093e-05
2.207551e-05
2.205014e-05
2.202482e-05
2.199954e-05
2.197431e-05
2.194912e-05
2.192397e-05
2.189887e-05
2.187382e-05
2.184880e-05
2.182384e-05
2.179891e-05
2.177404e-05
2.174920e-05
2.172441e-05
2.169966e-05
2.167496e-05
2.165030e-05
2.162568e-05
2.160111e-05
2.157657e-05
2.155209e-05
2.152764e-05
2.150324e-05
2.147888e-05
2.145456e-05
2.143028e-05
2.140605e-05
2.138186e-05
2.135771e-05
2.133360e-05
2.130954e-05
2.128551e-05
2.126153e-05
2.123759e-05
2.121369e-05
2.118983e-05
2.116602e-05
2.114224e-05
2.111851e-05
2.109481e-05
2.107116e-05
2.104754e-05
2.102397e-05
2.100044e-05
2.097695e-05
2.095349e-05
2.093008e-05
2.090671e-05
2.088338e-05
2.086009e-05
2.083683e-05
2.081362e-05
2.079044e-05
2.076731e-05
2.074421e-05
2.072116e-05
2.069814e-05
2.067516e-05
2.065222e-05
2.062932e-05
2.060646e-05
2.058363e-05
2.056085e-05
2.053810e-05
2.051539e-05
2.049272e-05
2.047008e-05
2.044749e-05
2.042493e-05
2.040241e-05
2.037993e-05
2.035748e-05
2.033507e-05
2.031270e-05
2.029037e-05
2.026807e-05
2.024581e-05
2.022359e-05
2.020141e-05
2.017926e-05
2.015714e-05
2.013507e-05
2.011303e-05
2.009103e-05
2.006906e-05
2.004713e-05
2.002523e-05
2.000338e-05
1.998155e-05
1.995977e-05
1.993802e-05
1.991630e-05
1.989462e-05
1.987297e-05
1.985137e-05
1.982979e-05
1.980825e-05
1.978675e-05
1.976528e-05
1.974385e-05
1.972245e-05
1.970108e-05
1.967975e-05
1.965846e-05
1.963720e-05
1.961597e-05
1.959478e-05
1.957362e-05
1.955249e-05
1.953141e-05
1.951035e-05
1.948933e-05
1.946834e-05
1.944738e-05
1.942646e-05
1.940558e-05
1.938472e-05
1.936390e-05
1.934311e-05
1.932236e-05
1.930164e-05
1.928095e-05
1.926029e-05
1.923967e-05
1.921908e-05
1.919853e-05
1.917800e-05
1.915751e-05
1.913705e-05
1.911663e-05
1.909623e-05
1.907587e-05
1.905554e-05
1.903524e-05
1.901497e-05
1.899474e-05
1.897454e-05
1.895437e-05
1.893423e-05
1.891412e-05
1.889405e-05
1.887400e-05
1.885399e-05
1.883401e-05
1.881406e-05
1.879414e-05
1.877425e-05
1.875440e-05
1.873457e-05
1.871477e-05
1.869501e-05
1.867528e-05
1.865557e-05
1.863590e-05
1.861626e-05
1.859665e-05
1.857707e-05
1.855752e-05
1.853800e-05
1.851851e-05
1.849905e-05
1.847962e-05
1.846022e-05
1.844085e-05
1.842150e-05
1.840219e-05
1.838291e-05
1.836366e-05
1.834444e-05
1.832525e-05
1.830608e-05
1.828695e-05
1.826784e-05
1.824877e-05
1.822972e-05
1.821070e-05
1.819172e-05
1.817276e-05
1.815382e-05
1.813492e-05
1.811605e-05
1.809720e-05
1.807839e-05
1.805960e-05
1.804084e-05
1.802211e-05
1.800341e-05
1.798473e-05
1.796609e-05
1.794747e-05
1.792888e-05
1.791032e-05
1.789178e-05
1.787328e-05
1.785480e-05
1.783635e-05
1.781793e-05
1.779953e-05
1.778116e-05
1.776282e-05
1.774451e-05
1.772622e-05
1.770797e-05
1.768974e-05
1.767153e-05
1.765335e-05
1.763520e-05
1.761708e-05
1.759899e-05
1.758092e-05
1.756288e-05
1.754486e-05
1.752687e-05
1.750891e-05
1.749097e-05
1.747306e-05
1.745518e-05
1.743733e-05
1.741950e-05
1.740169e-05
1.738392e-05
1.736616e-05
1.734844e-05
1.733074e-05
1.731307e-05
1.729542e-05
1.727780e-05
1.726020e-05
1.724263e-05
1.722509e-05
1.720757e-05
1.719008e-05
1.717261e-05
1.715517e-05
1.713775e-05
1.712036e-05
1.710300e-05
1.708566e-05
1.706834e-05
1.705105e-05
1.703379e-05
1.701655e-05
1.699933e-05
1.698214e-05
1.696498e-05
1.694784e-05
1.693072e-05
1.691363e-05
1.689656e-05
1.687952e-05
1.686251e-05
1.684551e-05
1.682855e-05
1.681160e-05
1.679468e-05
1.677779e-05
1.676092e-05
1.674407e-05
1.672725e-05
1.671045e-05
1.669368e-05
1.667692e-05
1.666020e-05
1.664350e-05
1.662682e-05
1.661016e-05
1.659353e-05
1.657692e-05
1.656034e-05
1.654378e-05
1.652724e-05
1.651073e-05
1.649424e-05
1.647777e-05
1.646133e-05
1.644491e-05
1.642851e-05
1.641214e-05
1.639579e-05
1.637946e-05
1.636316e-05
1.634688e-05
1.633062e-05
1.631438e-05
1.629817e-05
1.628198e-05
1.626581e-05
1.624967e-05
1.623355e-05
1.621745e-05
1.620137e-05
1.618532e-05
1.616929e-05
1.615328e-05
1.613729e-05
1.612132e-05
1.610538e-05
1.608946e-05
1.607357e-05
1.605769e-05
1.604184e-05
1.602600e-05
1.601020e-05
1.599441e-05
1.597864e-05
1.596290e-05
1.594718e-05
1.593148e-05
1.591580e-05
1.590014e-05
1.588451e-05
1.586889e-05
1.585330e-05
1.583773e-05
1.582218e-05
1.580666e-05
1.579115e-05
1.577567e-05
1.576020e-05
1.574476e-05
1.572934e-05
1.571394e-05
1.569856e-05
1.568320e-05
1.566787e-05
1.565255e-05
1.563726e-05
1.562198e-05
1.560673e-05
1.559150e-05
1.557629e-05
1.556110e-05
1.554593e-05
1.553078e-05
1.551565e-05
1.550055e-05
1.548546e-05
1.547039e-05
1.545535e-05
1.544032e-05
1.542532e-05
1.541033e-05
1.539537e-05
1.538042e-05
1.536550e-05
1.535059e-05
1.533571e-05
1.532085e-05
1.530600e-05
1.529118e-05
1.527638e-05
1.526159e-05
1.524683e-05
1.523208e-05
1.521736e-05
1.520266e-05
1.518797e-05
1.517331e-05
1.515866e-05
1.514404e-05
1.512943e-05
1.511485e-05
1.510028e-05
1.508573e-05
1.507120e-05
1.505670e-05
1.504221e-05
1.502774e-05
1.501329e-05
1.499886e-05
1.498444e-05
1.497005e-05
1.495568e-05
1.494132e-05
1.492699e-05
1.491267e-05
1.489838e-05
1.488410e-05
1.486984e-05
1.485560e-05
1.484138e-05
1.482717e-05
1.481299e-05
1.479882e-05
1.478468e-05
1.477055e-05
1.475644e-05
1.474235e-05
1.472828e-05
1.471423e-05
1.470019e-05
1.468618e-05
1.467218e-05
1.465820e-05
1.464424e-05
1.463029e-05
1.461637e-05
1.460246e-05
1.458858e-05
1.457471e-05
1.456085e-05
1.454702e-05
1.453320e-05
1.451941e-05
1.450563e-05
1.449187e-05
1.447812e-05
1.446440e-05
1.445069e-05
1.443700e-05
1.442333e-05
1.440967e-05
1.439604e-05
1.438242e-05
1.436882e-05
1.435524e-05
1.434167e-05
1.432812e-05
1.431459e-05
1.430108e-05
1.428758e-05
1.427411e-05
1.426064e-05
1.424720e-05
1.423378e-05
1.422037e-05
1.420698e-05
1.419360e-05
1.418025e-05
1.416691e-05
1.415358e-05
1.414028e-05
1.412699e-05
1.411372e-05
1.410047e-05
1.408723e-05
1.407401e-05
1.406081e-05
1.404762e-05
1.403445e-05
1.402130e-05
1.400817e-05
1.399505e-05
1.398195e-05
1.396886e-05
1.395579e-05
1.394274e-05
1.392971e-05
1.391669e-05
1.390369e-05
1.389070e-05
1.387773e-05
1.386478e-05
1.385184e-05
1.383893e-05
1.382602e-05
1.381314e-05
1.380027e-05
1.378741e-05
1.377458e-05
1.376175e-05
1.374895e-05
1.373616e-05
1.372339e-05
1.371063e-05
1.369789e-05
1.368517e-05
1.367246e-05
1.365977e-05
1.364709e-05
1.363443e-05
1.362179e-05
1.360916e-05
1.359655e-05
1.358395e-05
1.357137e-05
1.355881e-05
1.354626e-05
1.353373e-05
1.352121e-05
1.350871e-05
1.349622e-05
1.348375e-05
1.347130e-05
1.345886e-05
1.344643e-05
1.343403e-05
1.342163e-05
1.340926e-05
1.339690e-05
1.338455e-05
1.337222e-05
1.335990e-05
1.334760e-05
1.333532e-05
1.332305e-05
1.331080e-05
1.329856e-05
1.328633e-05
1.327413e-05
1.326193e-05
1.324976e-05
1.323759e-05
1.322544e-05
1.321331e-05
1.320119e-05
1.318909e-05
1.317700e-05
1.316493e-05
1.315287e-05
1.314083e-05
1.312880e-05
1.311679e-05
1.310479e-05
1.309281e-05
1.308084e-05
1.306889e-05
1.305695e-05
1.304502e-05
1.303311e-05
1.302122e-05
1.300934e-05
1.299747e-05
1.298562e-05
1.297378e-05
1.296196e-05
1.295015e-05
1.293836e-05
1.292658e-05
1.291482e-05
1.290307e-05
1.289133e-05
1.287961e-05
1.286790e-05
1.285621e-05
1.284453e-05
1.283287e-05
1.282122e-05
1.280958e-05
1.279796e-05
1.278635e-05
1.277476e-05
1.276318e-05
1.275162e-05
1.274007e-05
1.272853e-05
1.271701e-05
1.270550e-05
1.269400e-05
1.268252e-05
1.267105e-05
1.265960e-05
1.264816e-05
1.263674e-05
1.262533e-05
1.261393e-05
1.260255e-05
1.259118e-05
1.257982e-05
1.256848e-05
1.255715e-05
1.254583e-05
1.253453e-05
1.252324e-05
1.251197e-05
1.250071e-05
1.248946e-05
1.247823e-05
1.246701e-05
1.245580e-05
1.244461e-05
1.243343e-05
1.242226e-05
1.241111e-05
1.239997e-05
1.238885e-05
1.237773e-05
1.236663e-05
1.235555e-05
1.234448e-05
1.233342e-05
1.232237e-05
1.231134e-05
1.230032e-05
1.228931e-05
1.227832e-05
1.226734e-05
1.225637e-05
1.224542e-05
1.223447e-05
1.222355e-05
1.221263e-05
1.220173e-05
1.219084e-05
1.217996e-05
1.216910e-05
1.215825e-05
1.214741e-05
1.213659e-05
1.212578e-05
1.211498e-05
1.210419e-05
1.209342e-05
1.208266e-05
1.207191e-05
1.206118e-05
1.205046e-05
1.203975e-05
1.202905e-05
1.201837e-05
1.200769e-05
1.199704e-05
1.198639e-05
1.197576e-05
1.196513e-05
1.195453e-05
1.194393e-05
1.193335e-05
1.192278e-05
1.191222e-05
1.190167e-05
1.189114e-05
1.188062e-05
1.187011e-05
1.185961e-05
1.184913e-05
1.183865e-05
1.182819e-05
1.181775e-05
1.180731e-05
1.179689e-05
1.178648e-05
1.177608e-05
1.176569e-05
1.175532e-05
1.174496e-05
1.173461e-05
1.172427e-05
1.171394e-05
1.170363e-05
1.169333e-05
1.168304e-05
1.167276e-05
1.166249e-05
1.165224e-05
1.164200e-05
1.163177e-05
1.162155e-05
1.161135e-05
1.160115e-05
1.159097e-05
1.158080e-05
1.157064e-05
1.156049e-05
1.155036e-05
1.154024e-05
1.153012e-05
1.152002e-05
1.150994e-05
1.149986e-05
1.148980e-05
1.147974e-05
1.146970e-05
1.145967e-05
1.144965e-05
1.143965e-05
1.142965e-05
1.141967e-05
1.140970e-05
1.139974e-05
1.138979e-05
1.137985e-05
1.136992e-05
1.136001e-05
1.135011e-05
1.134022e-05
1.133034e-05
1.132047e-05
1.131061e-05
1.130076e-05
1.129093e-05
1.128110e-05
1.127129e-05
1.126149e-05
1.125170e-05
1.124192e-05
1.123216e-05
1.122240e-05
1.121266e-05
1.120292e-05
1.119320e-05
1.118349e-05
1.117379e-05
1.116410e-05
1.115442e-05
1.114475e-05
1.113510e-05
1.112545e-05
1.111582e-05
1.110619e-05
1.109658e-05
1.108698e-05
1.107739e-05
1.106781e-05
1.105824e-05
1.104869e-05
1.103914e-05
1.102961e-05
1.102008e-05
1.101057e-05
1.100106e-05
1.099157e-05
1.098209e-05
1.097262e-05
1.096316e-05
1.095371e-05
1.094427e-05
1.093484e-05
1.092543e-05
1.091602e-05
1.090662e-05
1.089724e-05
1.088786e-05
1.087850e-05
1.086915e-05
1.085981e-05
1.085047e-05
1.084115e-05
1.083184e-05
1.082254e-05
1.081325e-05
1.080397e-05
1.079470e-05
1.078544e-05
1.077619e-05
1.076696e-05
1.075773e-05
1.074851e-05
1.073931e-05
1.073011e-05
1.072092e-05
1.071175e-05
1.070258e-05
1.069343e-05
1.068428e-05
1.067515e-05
1.066602e-05
1.065691e-05
1.064781e-05
1.063871e-05
1.062963e-05
1.062056e-05
1.061149e-05
1.060244e-05
1.059340e-05
1.058437e-05
1.057534e-05
1.056633e-05
1.055733e-05
1.054834e-05
1.053935e-05
1.053038e-05
1.052142e-05
1.051247e-05
1.050353e-05
1.049459e-05
1.048567e-05
1.047676e-05
1.046786e-05
1.045896e-05
1.045008e-05
1.044121e-05
1.043235e-05
1.042349e-05
1.041465e-05
1.040582e-05
1.039699e-05
1.038818e-05
1.037938e-05
1.037058e-05
1.036180e-05
1.035302e-05
1.034426e-05
1.033550e-05
1.032676e-05
1.031802e-05
1.030930e-05
1.030058e-05
1.029187e-05
1.028318e-05
1.027449e-05
1.026581e-05
1.025714e-05
1.024848e-05
1.023983e-05
1.023120e-05
1.022256e-05
1.021394e-05
1.020533e-05
1.019673e-05
1.018814e-05
1.017956e-05
1.017098e-05
1.016242e-05
1.015387e-05
1.014532e-05
1.013679e-05
1.012826e-05
1.011974e-05
1.011124e-05
1.010274e-05
1.009425e-05
1.008577e-05
1.007730e-05
1.006884e-05
1.006039e-05
1.005194e-05
1.004351e-05
1.003509e-05
1.002667e-05
1.001827e-05
1.000987e-05
1.000149e-05
9.993108e-06
9.984739e-06
9.976380e-06
9.968030e-06
9.959688e-06
9.951356e-06
9.943033e-06
9.934720e-06
9.926415e-06
9.918119e-06
9.909832e-06
9.901555e-06
9.893286e-06
9.885027e-06
9.876776e-06
9.868534e-06
9.860302e-06
9.852078e-06
9.843863e-06
9.835657e-06
9.827460e-06
9.819272e-06
9.811093e-06
9.802923e-06
9.794762e-06
9.786609e-06
9.778466e-06
9.770331e-06
9.762205e-06
9.754088e-06
9.745979e-06
9.737880e-06
9.729789e-06
9.721707e-06
9.713633e-06
9.705569e-06
9.697513e-06
9.689466e-06
9.681427e-06
9.673398e-06
9.665377e-06
9.657364e-06
9.649360e-06
9.641365e-06
9.633379e-06
9.625401e-06
9.617432e-06
9.609471e-06
9.601519e-06
9.593575e-06
9.585640e-06
9.577714e-06
9.569796e-06
9.561886e-06
9.553985e-06
9.546093e-06
9.538209e-06
9.530334e-06
9.522467e-06
9.514608e-06
9.506758e-06
9.498916e-06
9.491083e-06
9.483258e-06
9.475442e-06
9.467634e-06
9.459834e-06
9.452043e-06
9.444260e-06
9.436485e-06
9.428719e-06
9.420961e-06
9.413211e-06
9.405469e-06
9.397736e-06
9.390011e-06
9.382295e-06
9.374586e-06
9.366886e-06
9.359194e-06
9.351510e-06
9.343835e-06
9.336167e-06
9.328508e-06
9.320857e-06
9.313214e-06
9.305580e-06
9.297953e-06
9.290335e-06
9.282724e-06
9.275122e-06
9.267528e-06
9.259942e-06
9.252364e-06
9.244794e-06
9.237232e-06
9.229678e-06
9.222132e-06
9.214594e-06
9.207064e-06
9.199543e-06
9.192029e-06
9.184523e-06
9.177025e-06
9.169535e-06
9.162053e-06
9.154578e-06
9.147112e-06
9.139654e-06
9.132203e-06
9.124761e-06
9.117326e-06
9.109899e-06
9.102480e-06
9.095069e-06
9.087666e-06
9.080271e-06
9.072883e-06
9.065503e-06
9.058131e-06
9.050767e-06
9.043410e-06
9.036061e-06
9.028720e-06
9.021387e-06
9.014061e-06
9.006743e-06
8.999433e-06
8.992131e-06
8.984836e-06
8.977549e-06
8.970270e-06
8.962998e-06
8.955734e-06
8.948477e-06
8.941228e-06
8.933987e-06
8.926753e-06
8.919527e-06
8.912309e-06
8.905098e-06
8.897894e-06
8.890699e-06
8.883510e-06
8.876330e-06
8.869156e-06
8.861991e-06
8.854832e-06
8.847682e-06
8.840539e-06
8.833403e-06
8.826275e-06
8.819154e-06
8.812040e-06
8.804934e-06
8.797836e-06
8.790745e-06
8.783661e-06
8.776585e-06
8.769516e-06
8.762454e-06
8.755400e-06
8.748353e-06
8.741314e-06
8.734281e-06
8.727257e-06
8.720239e-06
8.713229e-06
8.706226e-06
8.699230e-06
8.692242e-06
8.685261e-06
8.678287e-06
8.671321e-06
8.664361e-06
8.657409e-06
8.650464e-06
8.643527e-06
8.636596e-06
8.629673e-06
8.622757e-06
8.615848e-06
8.608946e-06
8.602051e-06
8.595164e-06
8.588284e-06
8.581410e-06
8.574544e-06
8.567685e-06
8.560834e-06
8.553989e-06
8.547151e-06
8.540320e-06
8.533497e-06
8.526680e-06
8.519871e-06
8.513069e-06
8.506273e-06
8.499485e-06
8.492703e-06
8.485929e-06
8.479162e-06
8.472401e-06
8.465648e-06
8.458901e-06
8.452162e-06
8.445429e-06
8.438704e-06
8.431985e-06
8.425273e-06
8.418568e-06
8.411870e-06
8.405179e-06
8.398495e-06
8.391817e-06
8.385147e-06
8.378483e-06
8.371826e-06
8.365177e-06
8.358533e-06
8.351897e-06
8.345268e-06
8.338645e-06
8.332029e-06
8.325420e-06
8.318818e-06
8.312222e-06
8.305633e-06
8.299051e-06
8.292476e-06
8.285907e-06
8.279345e-06
8.272790e-06
8.266242e-06
8.259700e-06
8.253165e-06
8.246636e-06
8.240115e-06
8.233600e-06
8.227091e-06
8.220590e-06
8.214094e-06
8.207606e-06
8.201124e-06
8.194649e-06
8.188180e-06
8.181718e-06
8.175263e-06
8.168814e-06
8.162371e-06
8.155936e-06
8.149506e-06
8.143084e-06
8.136668e-06
8.130258e-06
8.123855e-06
8.117458e-06
8.111068e-06
8.104685e-06
8.098308e-06
8.091937e-06
8.085573e-06
8.079215e-06
8.072864e-06
8.066519e-06
8.060181e-06
8.053849e-06
8.047524e-06
8.041205e-06
8.034892e-06
8.028586e-06
8.022286e-06
8.015992e-06
8.009705e-06
8.003424e-06
7.997150e-06
7.990882e-06
7.984620e-06
7.978365e-06
7.972116e-06
7.965873e-06
7.959637e-06
7.953406e-06
7.947183e-06
7.940965e-06
7.934754e-06
7.928549e-06
7.922350e-06
7.916157e-06
7.909971e-06
7.903791e-06
7.897617e-06
7.891450e-06
7.885289e-06
7.879133e-06
7.872984e-06
7.866842e-06
7.860705e-06
7.854575e-06
7.848450e-06
7.842332e-06
7.836220e-06
7.830115e-06
7.824015e-06
7.817921e-06
7.811834e-06
7.805753e-06
7.799678e-06
7.793609e-06
7.787546e-06
7.781489e-06
7.775438e-06
7.769393e-06
7.763354e-06
7.757322e-06
7.751295e-06
7.745274e-06
7.739260e-06
7.733251e-06
7.727249e-06
7.721252e-06
7.715262e-06
7.709277e-06
7.703299e-06
7.697326e-06
7.691360e-06
7.685399e-06
7.679444e-06
7.673496e-06
7.667553e-06
7.661616e-06
7.655685e-06
7.649760e-06
7.643841e-06
7.637928e-06
7.632021e-06
7.626119e-06
7.620224e-06
7.614334e-06
7.608450e-06
7.602572e-06
7.596700e-06
7.590834e-06
7.584974e-06
7.579119e-06
7.573270e-06
7.567427e-06
7.561590e-06
7.555759e-06
7.549933e-06
7.544114e-06
7.538300e-06
7.532492e-06
7.526689e-06
7.520893e-06
7.515102e-06
7.509316e-06
7.503537e-06
7.497763e-06
7.491995e-06
7.486233e-06
7.480477e-06
7.474726e-06
7.468981e-06
7.463241e-06
7.457507e-06
7.451779e-06
7.446057e-06
7.440340e-06
7.434629e-06
7.428923e-06
7.423224e-06
7.417529e-06
7.411841e-06
7.406158e-06
7.400481e-06
7.394809e-06
7.389143e-06
7.383482e-06
7.377827e-06
7.372178e-06
7.366534e-06
7.360896e-06
7.355263e-06
7.349636e-06
7.344014e-06
7.338398e-06
7.332788e-06
7.327183e-06
7.321583e-06
7.315989e-06
7.310401e-06
7.304818e-06
7.299240e-06
7.293668e-06
7.288102e-06
7.282540e-06
7.276985e-06
7.271435e-06
7.265890e-06
7.260351e-06
7.254817e-06
7.249289e-06
7.243766e-06
7.238248e-06
7.232736e-06
7.227229e-06
7.221728e-06
7.216232e-06
7.210741e-06
7.205256e-06
7.199776e-06
7.194302e-06
7.188833e-06
7.183369e-06
7.177910e-06
7.172457e-06
7.167010e-06
7.161567e-06
7.156130e-06
7.150698e-06
7.145272e-06
7.139851e-06
7.134435e-06
7.129024e-06
7.123619e-06
7.118219e-06
7.112824e-06
7.107435e-06
7.102050e-06
7.096671e-06
7.091298e-06
7.085929e-06
7.080566e-06
7.075208e-06
7.069855e-06
7.064507e-06
7.059165e-06
7.053827e-06
7.048495e-06
7.043168e-06
7.037847e-06
7.032530e-06
7.027219e-06
7.021913e-06
7.016612e-06
7.011316e-06
7.006025e-06
7.000739e-06
6.995459e-06
6.990184e-06
6.984913e-06
6.979648e-06
6.974388e-06
6.969133e-06
6.963883e-06
6.958639e-06
6.953399e-06
6.948164e-06
6.942935e-06
6.937710e-06
6.932491e-06
6.927277e-06
6.922067e-06
6.916863e-06
6.911664e-06
6.906470e-06
6.901280e-06
6.896096e-06
6.890917e-06
6.885743e-06
6.880574e-06
6.875410e-06
6.870250e-06
6.865096e-06
6.859947e-06
6.854803e-06
6.849663e-06
6.844529e-06
6.839399e-06
6.834275e-06
6.829155e-06
6.824041e-06
6.818931e-06
6.813826e-06
6.808727e-06
6.803632e-06
6.798542e-06
6.793456e-06
6.788376e-06
6.783301e-06
6.778230e-06
6.773165e-06
6.768104e-06
6.763048e-06
6.757997e-06
6.752951e-06
6.747910e-06
6.742873e-06
6.737841e-06
6.732815e-06
6.727793e-06
6.722775e-06
6.717763e-06
6.712755e-06
6.707753e-06
6.702755e-06
6.697761e-06
6.692773e-06
6.687789e-06
6.682810e-06
6.677836e-06
6.672867e-06
6.667902e-06
6.662943e-06
6.657987e-06
6.653037e-06
6.648091e-06
6.643150e-06
6.638214e-06
6.633283e-06
6.628356e-06
6.623434e-06
6.618517e-06
6.613604e-06
6.608696e-06
6.603793e-06
6.598894e-06
6.594000e-06
6.589111e-06
6.584226e-06
6.579346e-06
6.574471e-06
6.569600e-06
6.564734e-06
6.559872e-06
6.555016e-06
6.550163e-06
6.545316e-06
6.540473e-06
6.535635e-06
6.530801e-06
6.525972e-06
6.521147e-06
6.516327e-06
6.511512e-06
6.506701e-06
6.501895e-06
6.497093e-06
6.492296e-06
6.487503e-06
6.482715e-06
6.477931e-06
6.473153e-06
6.468378e-06
6.463608e-06
6.458843e-06
6.454082e-06
6.449325e-06
6.444574e-06
6.439826e-06
6.435083e-06
6.430345e-06
6.425611e-06
6.420882e-06
6.416157e-06
6.411436e-06
6.406720e-06
6.402008e-06
6.397301e-06
6.392599e-06
6.387900e-06
6.383207e-06
6.378517e-06
6.373832e-06
6.369152e-06
6.364476e-06
6.359804e-06
6.355137e-06
6.350474e-06
6.345815e-06
6.341161e-06
6.336511e-06
6.331866e-06
6.327225e-06
6.322588e-06
6.317956e-06
6.313328e-06
6.308705e-06
6.304085e-06
6.299471e-06
6.294860e-06
6.290254e-06
6.285652e-06
6.281055e-06
6.276461e-06
6.271872e-06
6.267288e-06
6.262708e-06
6.258132e-06
6.253560e-06
6.248993e-06
6.244430e-06
6.239871e-06
6.235316e-06
6.230766e-06
6.226220e-06
6.221678e-06
6.217141e-06
6.212607e-06
6.208078e-06
6.203554e-06
6.199033e-06
6.194517e-06
6.190005e-06
6.185497e-06
6.180993e-06
6.176494e-06
6.171999e-06
6.167508e-06
6.163021e-06
6.158538e-06
6.154060e-06
6.149585e-06
6.145115e-06
6.140649e-06
6.136188e-06
6.131730e-06
6.127277e-06
6.122827e-06
6.118382e-06
6.113941e-06
6.109504e-06
6.105072e-06
6.100643e-06
6.096219e-06
6.091798e-06
6.087382e-06
6.082970e-06
6.078562e-06
6.074158e-06
6.069758e-06
6.065363e-06
6.060971e-06
6.056583e-06
6.052200e-06
6.047821e-06
6.043445e-06
6.039074e-06
6.034707e-06
6.030344e-06
6.025985e-06
6.021629e-06
6.017278e-06
6.012931e-06
6.008589e-06
6.004250e-06
5.999915e-06
5.995584e-06
5.991257e-06
5.986934e-06
5.982615e-06
5.978300e-06
5.973990e-06
5.969683e-06
5.965380e-06
5.961081e-06
5.956786e-06
5.952495e-06
5.948208e-06
5.943925e-06
5.939646e-06
5.935371e-06
5.931100e-06
5.926833e-06
5.922569e-06
5.918310e-06
5.914055e-06
5.909803e-06
5.905556e-06
5.901312e-06
5.897072e-06
5.892836e-06
5.888604e-06
5.884376e-06
5.880152e-06
5.875932e-06
5.871716e-06
5.867503e-06
5.863295e-06
5.859090e-06
5.854889e-06
5.850692e-06
5.846499e-06
5.842310e-06
5.838125e-06
5.833943e-06
5.829765e-06
5.825592e-06
5.821422e-06
5.817255e-06
5.813093e-06
5.808934e-06
5.804780e-06
5.800629e-06
5.796482e-06
5.792338e-06
5.788199e-06
5.784063e-06
5.779931e-06
5.775803e-06
5.771679e-06
5.767558e-06
5.763442e-06
5.759329e-06
5.755219e-06
5.751114e-06
5.747012e-06
5.742914e-06
5.738820e-06
5.734730e-06
5.730643e-06
5.726560e-06
5.722481e-06
5.718405e-06
5.714333e-06
5.710265e-06
5.706201e-06
5.702140e-06
5.698083e-06
5.694030e-06
5.689980e-06
5.685935e-06
5.681892e-06
5.677854e-06
5.673819e-06
5.669788e-06
5.665761e-06
5.661737e-06
5.657717e-06
5.653700e-06
5.649688e-06
5.645678e-06
5.641673e-06
5.637671e-06
5.633673e-06
5.629678e-06
5.625688e-06
5.621700e-06
5.617717e-06
5.613737e-06
5.609760e-06
5.605787e-06
5.601818e-06
5.597853e-06
5.593891e-06
5.589932e-06
5.585977e-06
5.582026e-06
5.578079e-06
5.574135e-06
5.570194e-06
5.566257e-06
5.562324e-06
5.558394e-06
5.554468e-06
5.550545e-06
5.546626e-06
5.542711e-06
5.538799e-06
5.534890e-06
5.530986e-06
5.527084e-06
5.523186e-06
5.519292e-06
5.515401e-06
5.511514e-06
5.507630e-06
5.503750e-06
5.499873e-06
5.496000e-06
5.492130e-06
5.488264e-06
5.484401e-06
5.480542e-06
5.476686e-06
5.472834e-06
5.468985e-06
5.465140e-06
5.461298e-06
5.457460e-06
5.453625e-06
5.449793e-06
5.445965e-06
5.442140e-06
5.438319e-06
5.434502e-06
5.430687e-06
5.426877e-06
5.423069e-06
5.419265e-06
5.415465e-06
5.411667e-06
5.407874e-06
5.404083e-06
5.400297e-06
5.396513e-06
5.392733e-06
5.388956e-06
5.385183e-06
5.381413e-06
5.377646e-06
5.373883e-06
5.370124e-06
5.366367e-06
5.362614e-06
5.358864e-06
5.355118e-06
5.351375e-06
5.347636e-06
5.343899e-06
5.340166e-06
5.336437e-06
5.332711e-06
5.328988e-06
5.325268e-06
5.321552e-06
5.317839e-06
5.314130e-06
5.310423e-06
5.306720e-06
5.303021e-06
5.299325e-06
5.295632e-06
5.291942e-06
5.288255e-06
5.284572e-06
5.280893e-06
5.277216e-06
5.273543e-06
5.269873e-06
5.266206e-06
5.262543e-06
5.258883e-06
5.255226e-06
5.251572e-06
5.247922e-06
5.244274e-06
5.240631e-06
5.236990e-06
5.233353e-06
5.229718e-06
5.226088e-06
5.222460e-06
5.218835e-06
5.215214e-06
5.211596e-06
5.207981e-06
5.204370e-06
5.200762e-06
5.197156e-06
5.193554e-06
5.189956e-06
5.186360e-06
5.182768e-06
5.179179e-06
5.175593e-06
5.172010e-06
5.168430e-06
5.164854e-06
5.161281e-06
5.157711e-06
5.154144e-06
5.150580e-06
5.147019e-06
5.143462e-06
5.139908e-06
5.136356e-06
5.132808e-06
5.129264e-06
5.125722e-06
5.122183e-06
5.118648e-06
5.115116e-06
5.111586e-06
5.108060e-06
5.104537e-06
5.101018e-06
5.097501e-06
5.093987e-06
5.090477e-06
5.086969e-06
5.083465e-06
5.079964e-06
5.076466e-06
5.072971e-06
5.069479e-06
5.065990e-06
5.062504e-06
5.059021e-06
5.055542e-06
5.052065e-06
5.048592e-06
5.045121e-06
5.041654e-06
5.038189e-06
5.034728e-06
5.031270e-06
5.027815e-06
5.024363e-06
5.020914e-06
5.017467e-06
5.014024e-06
5.010584e-06
5.007147e-06
5.003713e-06
5.000283e-06
4.996855e-06
4.993430e-06
4.990008e-06
4.986589e-06
4.983173e-06
4.979760e-06
4.976350e-06
4.972943e-06
4.969539e-06
4.966138e-06
4.962741e-06
4.959346e-06
4.955954e-06
4.952565e-06
4.949179e-06
4.945795e-06
4.942415e-06
4.939038e-06
4.935664e-06
4.932293e-06
4.928924e-06
4.925559e-06
4.922197e-06
4.918837e-06
4.915481e-06
4.912127e-06
4.908777e-06
4.905429e-06
4.902084e-06
4.898742e-06
4.895403e-06
4.892067e-06
4.888734e-06
4.885404e-06
4.882077e-06
4.878752e-06
4.875431e-06
4.872112e-06
4.868797e-06
4.865484e-06
4.862174e-06
4.858867e-06
4.855563e-06
4.852261e-06
4.848963e-06
4.845668e-06
4.842375e-06
4.839085e-06
4.835798e-06
4.832514e-06
4.829233e-06
4.825955e-06
4.822679e-06
4.819407e-06
4.816137e-06
4.812870e-06
4.809606e-06
4.806344e-06
4.803086e-06
4.799830e-06
4.796578e-06
4.793328e-06
4.790081e-06
4.786836e-06
4.783595e-06
4.780356e-06
4.777120e-06
4.773887e-06
4.770657e-06
4.767429e-06
4.764205e-06
4.760983e-06
4.757764e-06
4.754548e-06
4.751334e-06
4.748123e-06
4.744916e-06
4.741710e-06
4.738508e-06
4.735308e-06
4.732112e-06
4.728918e-06
4.725726e-06
4.722538e-06
4.719352e-06
4.716169e-06
4.712989e-06
4.709811e-06
4.706636e-06
4.703464e-06
4.700295e-06
4.697128e-06
4.693964e-06
4.690803e-06
4.687645e-06
4.684489e-06
4.681336e-06
4.678186e-06
4.675039e-06
4.671894e-06
4.668752e-06
4.665612e-06
4.662476e-06
4.659342e-06
4.656211e-06
4.653082e-06
4.649956e-06
4.646833e-06
4.643713e-06
4.640595e-06
4.637480e-06
4.634367e-06
4.631257e-06
4.628150e-06
4.625046e-06
4.621944e-06
4.618845e-06
4.615749e-06
4.612655e-06
4.609564e-06
4.606475e-06
4.603390e-06
4.600306e-06
4.597226e-06
4.594148e-06
4.591073e-06
4.588000e-06
4.584930e-06
4.581863e-06
4.578798e-06
4.575736e-06
4.572677e-06
4.569620e-06
4.566566e-06
4.563514e-06
4.560465e-06
4.557419e-06
4.554375e-06
4.551334e-06
4.548295e-06
4.545259e-06
4.542226e-06
4.539195e-06
4.536167e-06
4.533142e-06
4.530119e-06
4.527098e-06
4.524080e-06
4.521065e-06
4.518052e-06
4.515042e-06
4.512035e-06
4.509030e-06
4.506027e-06
4.503027e-06
4.500030e-06
4.497035e-06
4.494043e-06
4.491054e-06
4.488067e-06
4.485082e-06
4.482100e-06
4.479121e-06
4.476144e-06
4.473169e-06
4.470197e-06
4.467228e-06
4.464261e-06
4.461297e-06
4.458335e-06
4.455376e-06
4.452419e-06
4.449465e-06
4.446513e-06
4.443564e-06
4.440618e-06
4.437673e-06
4.434732e-06
4.431793e-06
4.428856e-06
4.425922e-06
4.422990e-06
4.420061e-06
4.417134e-06
4.414210e-06
4.411288e-06
4.408369e-06
4.405452e-06
4.402538e-06
4.399626e-06
4.396716e-06
4.393809e-06
4.390905e-06
4.388003e-06
4.385103e-06
4.382206e-06
4.379312e-06
4.376419e-06
4.373530e-06
4.370642e-06
4.367758e-06
4.364875e-06
4.361995e-06
4.359118e-06
4.356242e-06
4.353370e-06
4.350499e-06
4.347632e-06
4.344766e-06
4.341903e-06
4.339043e-06
4.336184e-06
4.333329e-06
4.330475e-06
4.327624e-06
4.324776e-06
4.321930e-06
4.319086e-06
4.316245e-06
4.313406e-06
4.310569e-06
4.307735e-06
4.304903e-06
4.302074e-06
4.299247e-06
4.296422e-06
4.293600e-06
4.290780e-06
4.287962e-06
4.285147e-06
4.282334e-06
4.279524e-06
4.276716e-06
4.273910e-06
4.271107e-06
4.268306e-06
4.265507e-06
4.262711e-06
4.259917e-06
4.257125e-06
4.254336e-06
4.251549e-06
4.248765e-06
4.245982e-06
4.243203e-06
4.240425e-06
4.237650e-06
4.234877e-06
4.232106e-06
4.229338e-06
4.226572e-06
4.223808e-06
4.221047e-06
4.218288e-06
4.215531e-06
4.212777e-06
4.210025e-06
4.207275e-06
4.204528e-06
4.201782e-06
4.199039e-06
4.196299e-06
4.193561e-06
4.190825e-06
4.188091e-06
4.185359e-06
4.182630e-06
4.179903e-06
4.177179e-06
4.174456e-06
4.171736e-06
4.169018e-06
4.166303e-06
4.163590e-06
4.160879e-06
4.158170e-06
4.155463e-06
4.152759e-06
4.150057e-06
4.147357e-06
4.144660e-06
4.141965e-06
4.139272e-06
4.136581e-06
4.133893e-06
4.131206e-06
4.128522e-06
4.125840e-06
4.123161e-06
4.120484e-06
4.117808e-06
4.115136e-06
4.112465e-06
4.109796e-06
4.107130e-06
4.104466e-06
4.101804e-06
4.099145e-06
4.096487e-06
4.093832e-06
4.091179e-06
4.088528e-06
4.085880e-06
4.083233e-06
4.080589e-06
4.077947e-06
4.075307e-06
4.072670e-06
4.070034e-06
4.067401e-06
4.064770e-06
4.062141e-06
4.059514e-06
4.056890e-06
4.054268e-06
4.051647e-06
4.049029e-06
4.046413e-06
4.043800e-06
4.041188e-06
4.038579e-06
4.035972e-06
4.033367e-06
4.030764e-06
4.028163e-06
4.025564e-06
4.022968e-06
4.020374e-06
4.017781e-06
4.015191e-06
4.012603e-06
4.010018e-06
4.007434e-06
4.004852e-06
4.002273e-06
3.999696e-06
3.997121e-06
3.994548e-06
3.991977e-06
3.989408e-06
3.986841e-06
3.984277e-06
3.981714e-06
3.979154e-06
3.976596e-06
3.974040e-06
3.971486e-06
3.968934e-06
3.966384e-06
3.963836e-06
3.961291e-06
3.958747e-06
3.956206e-06
3.953667e-06
3.951129e-06
3.948594e-06
3.946061e-06
3.943530e-06
3.941001e-06
3.938474e-06
3.935950e-06
3.933427e-06
3.930906e-06
3.928388e-06
3.925871e-06
3.923357e-06
3.920844e-06
3.918334e-06
3.915826e-06
3.913320e-06
3.910815e-06
3.908313e-06
3.905813e-06
3.903315e-06
3.900819e-06
3.898325e-06
3.895834e-06
3.893344e-06
3.890856e-06
3.888370e-06
3.885886e-06
3.883405e-06
3.880925e-06
3.878447e-06
3.875972e-06
3.873498e-06
3.871027e-06
3.868557e-06
3.866090e-06
3.863624e-06
3.861160e-06
3.858699e-06
3.856239e-06
3.853782e-06
3.851327e-06
3.848873e-06
3.846422e-06
3.843972e-06
3.841525e-06
3.839079e-06
3.836636e-06
3.834194e-06
3.831755e-06
3.829317e-06
3.826881e-06
3.824448e-06
3.822016e-06
3.819587e-06
3.817159e-06
3.814733e-06
3.812310e-06
3.809888e-06
3.807468e-06
3.805050e-06
3.802635e-06
3.800221e-06
3.797809e-06
3.795399e-06
3.792991e-06
3.790585e-06
3.788181e-06
3.785779e-06
3.783379e-06
3.780980e-06
3.778584e-06
3.776190e-06
3.773797e-06
3.771407e-06
3.769018e-06
3.766632e-06
3.764247e-06
3.761865e-06
3.759484e-06
3.757105e-06
3.754728e-06
3.752353e-06
3.749980e-06
3.747609e-06
3.745240e-06
3.742872e-06
3.740507e-06
3.738143e-06
3.735782e-06
3.733422e-06
3.731064e-06
3.728708e-06
3.726354e-06
3.724002e-06
3.721652e-06
3.719304e-06
3.716958e-06
3.714613e-06
3.712271e-06
3.709930e-06
3.707591e-06
3.705254e-06
3.702919e-06
3.700586e-06
3.698255e-06
3.695925e-06
3.693598e-06
3.691272e-06
3.688948e-06
3.686627e-06
3.684307e-06
3.681988e-06
3.679672e-06
3.677358e-06
3.675045e-06
3.672734e-06
3.670426e-06
3.668119e-06
3.665813e-06
3.663510e-06
3.661209e-06
3.658909e-06
3.656611e-06
3.654316e-06
3.652022e-06
3.649729e-06
3.647439e-06
3.645151e-06
3.642864e-06
3.640579e-06
3.638296e-06
3.636015e-06
3.633736e-06
3.631458e-06
3.629182e-06
3.626908e-06
3.624636e-06
3.622366e-06
3.620098e-06
3.617831e-06
3.615566e-06
3.613303e-06
3.611042e-06
3.608783e-06
3.606525e-06
3.604270e-06
3.602016e-06
3.599764e-06
3.597513e-06
3.595265e-06
3.593018e-06
3.590773e-06
3.588530e-06
3.586289e-06
3.584049e-06
3.581812e-06
3.579576e-06
3.577341e-06
3.575109e-06
3.572878e-06
3.570650e-06
3.568423e-06
3.566197e-06
3.563974e-06
3.561752e-06
3.559532e-06
3.557314e-06
3.555098e-06
3.552883e-06
3.550670e-06
3.548459e-06
3.546250e-06
3.544042e-06
3.541836e-06
3.539632e-06
3.537430e-06
3.535229e-06
3.533030e-06
3.530833e-06
3.528638e-06
3.526444e-06
3.524252e-06
3.522062e-06
3.519874e-06
3.517687e-06
3.515503e-06
3.513319e-06
3.511138e-06
3.508958e-06
3.506780e-06
3.504604e-06
3.502430e-06
3.500257e-06
3.498086e-06
3.495917e-06
3.493749e-06
3.491583e-06
3.489419e-06
3.487256e-06
3.485096e-06
3.482937e-06
3.480779e-06
3.478624e-06
3.476470e-06
3.474318e-06
3.472167e-06
3.470018e-06
3.467871e-06
3.465726e-06
3.463582e-06
3.461440e-06
3.459300e-06
3.457161e-06
3.455025e-06
3.452889e-06
3.450756e-06
3.448624e-06
3.446494e-06
3.444365e-06
3.442239e-06
3.440113e-06
3.437990e-06
3.435868e-06
3.433748e-06
3.431630e-06
3.429513e-06
3.427398e-06
3.425285e-06
3.423173e-06
3.421063e-06
3.418954e-06
3.416848e-06
3.414742e-06
3.412639e-06
3.410537e-06
3.408437e-06
3.406339e-06
3.404242e-06
3.402147e-06
3.400053e-06
3.397961e-06
3.395871e-06
3.393783e-06
3.391696e-06
3.389610e-06
3.387527e-06
3.385445e-06
3.383364e-06
3.381286e-06
3.379208e-06
3.377133e-06
3.375059e-06
3.372987e-06
3.370916e-06
3.368847e-06
3.366780e-06
3.364714e-06
3.362650e-06
3.360588e-06
3.358527e-06
3.356468e-06
3.354410e-06
3.352354e-06
3.350300e-06
3.348247e-06
3.346196e-06
3.344146e-06
3.342098e-06
3.340052e-06
3.338007e-06
3.335964e-06
3.333922e-06
3.331882e-06
3.329844e-06
3.327807e-06
3.325772e-06
3.323738e-06
3.321706e-06
3.319676e-06
3.317647e-06
3.315620e-06
3.313594e-06
3.311570e-06
3.309547e-06
3.307527e-06
3.305507e-06
3.303489e-06
3.301473e-06
3.299459e-06
3.297446e-06
3.295434e-06
3.293424e-06
3.291416e-06
3.289409e-06
3.287404e-06
3.285400e-06
3.283398e-06
3.281398e-06
3.279399e-06
3.277401e-06
3.275405e-06
3.273411e-06
3.271418e-06
3.269427e-06
3.267438e-06
3.265449e-06
3.263463e-06
3.261478e-06
3.259494e-06
3.257513e-06
3.255532e-06
3.253553e-06
3.251576e-06
3.249600e-06
3.247626e-06
3.245653e-06
3.243682e-06
3.241713e-06
3.239744e-06
3.237778e-06
3.235813e-06
3.233849e-06
3.231887e-06
3.229927e-06
3.227968e-06
3.226010e-06
3.224054e-06
3.222100e-06
3.220147e-06
3.218196e-06
3.216246e-06
3.214297e-06
3.212351e-06
3.210405e-06
3.208461e-06
3.206519e-06
3.204578e-06
3.202639e-06
3.200701e-06
3.198765e-06
3.196830e-06
3.194897e-06
3.192965e-06
3.191034e-06
3.189106e-06
3.187178e-06
3.185252e-06
3.183328e-06
3.181405e-06
3.179484e-06
3.177564e-06
3.175645e-06
3.173728e-06
3.171813e-06
3.169899e-06
3.167986e-06
3.166075e-06
3.164166e-06
3.162257e-06
3.160351e-06
3.158446e-06
3.156542e-06
3.154640e-06
3.152739e-06
3.150840e-06
3.148942e-06
3.147045e-06
3.145150e-06
3.143257e-06
3.141365e-06
3.139474e-06
3.137585e-06
3.135698e-06
3.133811e-06
3.131927e-06
3.130043e-06
3.128162e-06
3.126281e-06
3.124402e-06
3.122525e-06
3.120649e-06
3.118774e-06
3.116901e-06
3.115029e-06
3.113159e-06
3.111290e-06
3.109422e-06
3.107556e-06
3.105692e-06
3.103829e-06
3.101967e-06
3.100107e-06
3.098248e-06
3.096390e-06
3.094534e-06
3.092680e-06
3.090826e-06
3.088975e-06
3.087124e-06
3.085275e-06
3.083428e-06
3.081582e-06
3.079737e-06
3.077894e-06
3.076052e-06
3.074211e-06
3.072372e-06
3.070535e-06
3.068699e-06
3.066864e-06
3.065030e-06
3.063198e-06
3.061368e-06
3.059538e-06
3.057710e-06
3.055884e-06
3.054059e-06
3.052235e-06
3.050413e-06
3.048592e-06
3.046773e-06
3.044955e-06
3.043138e-06
3.041323e-06
3.039509e-06
3.037696e-06
3.035885e-06
3.034075e-06
3.032267e-06
3.030460e-06
3.028654e-06
3.026850e-06
3.025047e-06
3.023245e-06
3.021445e-06
3.019646e-06
3.017849e-06
3.016053e-06
3.014258e-06
3.012465e-06
3.010673e-06
3.008882e-06
3.007093e-06
3.005305e-06
3.003518e-06
3.001733e-06
2.999949e-06
2.998167e-06
2.996386e-06
2.994606e-06
2.992828e-06
2.991051e-06
2.989275e-06
2.987501e-06
2.985728e-06
2.983956e-06
2.982186e-06
2.980417e-06
2.978649e-06
2.976883e-06
2.975118e-06
2.973354e-06
2.971592e-06
2.969831e-06
2.968071e-06
2.966313e-06
2.964556e-06
2.962800e-06
2.961046e-06
2.959293e-06
2.957541e-06
2.955791e-06
2.954042e-06
2.952294e-06
2.950548e-06
2.948803e-06
2.947059e-06
2.945317e-06
2.943576e-06
2.941836e-06
2.940097e-06
2.938360e-06
2.936624e-06
2.934890e-06
2.933157e-06
2.931425e-06
2.929694e-06
2.927965e-06
2.926237e-06
2.924510e-06
2.922785e-06
2.921061e-06
2.919338e-06
2.917616e-06
2.915896e-06
2.914177e-06
2.912460e-06
2.910743e-06
2.909028e-06
2.907315e-06
2.905602e-06
2.903891e-06
2.902181e-06
2.900473e-06
2.898765e-06
2.897059e-06
2.895355e-06
2.893651e-06
2.891949e-06
2.890248e-06
2.888549e-06
2.886850e-06
2.885153e-06
2.883457e-06
2.881763e-06
2.880070e-06
2.878378e-06
2.876687e-06
2.874998e-06
2.873310e-06
2.871623e-06
2.869937e-06
2.868253e-06
2.866570e-06
2.864888e-06
2.863207e-06
2.861528e-06
2.859850e-06
2.858173e-06
2.856497e-06
2.854823e-06
2.853150e-06
2.851478e-06
2.849808e-06
2.848139e-06
2.846471e-06
2.844804e-06
2.843138e-06
2.841474e-06
2.839811e-06
2.838149e-06
2.836489e-06
2.834829e-06
2.833171e-06
2.831514e-06
2.829859e-06
2.828204e-06
2.826551e-06
2.824899e-06
2.823249e-06
2.821599e-06
2.819951e-06
2.818304e-06
2.816658e-06
2.815014e-06
2.813371e-06
2.811729e-06
2.810088e-06
2.808448e-06
2.806810e-06
2.805173e-06
2.803537e-06
2.801902e-06
2.800268e-06
2.798636e-06
2.797005e-06
2.795375e-06
2.793746e-06
2.792119e-06
2.790493e-06
2.788868e-06
2.787244e-06
2.785621e-06
2.784000e-06
2.782380e-06
2.780761e-06
2.779143e-06
2.777526e-06
2.775911e-06
2.774297e-06
2.772684e-06
2.771072e-06
2.769462e-06
2.767852e-06
2.766244e-06
2.764637e-06
2.763031e-06
2.761427e-06
2.759823e-06
2.758221e-06
2.756620e-06
2.755020e-06
2.753421e-06
2.751824e-06
2.750228e-06
2.748632e-06
2.747038e-06
2.745446e-06
2.743854e-06
2.742264e-06
2.740674e-06
2.739086e-06
2.737500e-06
2.735914e-06
2.734329e-06
2.732746e-06
2.731164e-06
2.729583e-06
2.728003e-06
2.726424e-06
2.724847e-06
2.723270e-06
2.721695e-06
2.720121e-06
2.718548e-06
2.716977e-06
2.715406e-06
2.713837e-06
2.712269e-06
2.710702e-06
2.709136e-06
2.707571e-06
2.706007e-06
2.704445e-06
2.702884e-06
2.701323e-06
2.699764e-06
2.698207e-06
2.696650e-06
2.695094e-06
2.693540e-06
2.691987e-06
2.690435e-06
2.688884e-06
2.687334e-06
2.685785e-06
2.684238e-06
2.682691e-06
2.681146e-06
2.679602e-06
2.678059e-06
2.676517e-06
2.674976e-06
2.673437e-06
2.671898e-06
2.670361e-06
2.668825e-06
2.667290e-06
2.665756e-06
2.664223e-06
2.662691e-06
2.661161e-06
2.659631e-06
2.658103e-06
2.656576e-06
2.655050e-06
2.653525e-06
2.652001e-06
2.650478e-06
2.648957e-06
2.647436e-06
2.645917e-06
2.644399e-06
2.642881e-06
2.641365e-06
2.639850e-06
2.638337e-06
2.636824e-06
2.635312e-06
2.633802e-06
2.632292e-06
2.630784e-06
2.629277e-06
2.627771e-06
2.626266e-06
2.624762e-06
2.623259e-06
2.621758e-06
2.620257e-06
2.618758e-06
2.617259e-06
2.615762e-06
2.614266e-06
2.612771e-06
2.611277e-06
2.609784e-06
2.608292e-06
2.606801e-06
2.605311e-06
2.603823e-06
2.602335e-06
2.600849e-06
2.599364e-06
2.597880e-06
2.596396e-06
2.594914e-06
2.593433e-06
2.591953e-06
2.590475e-06
2.588997e-06
2.587520e-06
2.586045e-06
2.584570e-06
2.583097e-06
2.581624e-06
2.580153e-06
2.578683e-06
2.577214e-06
2.575746e-06
2.574278e-06
2.572813e-06
2.571348e-06
2.569884e-06
2.568421e-06
2.566959e-06
2.565499e-06
2.564039e-06
2.562581e-06
2.561123e-06
2.559667e-06
2.558211e-06
2.556757e-06
2.555304e-06
2.553852e-06
2.552401e-06
2.550951e-06
2.549502e-06
2.548054e-06
2.546607e-06
2.545161e-06
2.543716e-06
2.542272e-06
2.540830e-06
2.539388e-06
2.537947e-06
2.536508e-06
2.535069e-06
2.533632e-06
2.532195e-06
2.530760e-06
2.529325e-06
2.527892e-06
2.526460e-06
2.525028e-06
2.523598e-06
2.522169e-06
2.520741e-06
2.519314e-06
2.517888e-06
2.516463e-06
2.515038e-06
2.513615e-06
2.512193e-06
2.510773e-06
2.509353e-06
2.507934e-06
2.506516e-06
2.505099e-06
2.503683e-06
2.502268e-06
2.500854e-06
2.499442e-06
2.498030e-06
2.496619e-06
2.495209e-06
2.493801e-06
2.492393e-06
2.490986e-06
2.489581e-06
2.488176e-06
2.486772e-06
2.485370e-06
2.483968e-06
2.482568e-06
2.481168e-06
2.479769e-06
2.478372e-06
2.476975e-06
2.475580e-06
2.474185e-06
2.472792e-06
2.471399e-06
2.470007e-06
2.468617e-06
2.467227e-06
2.465839e-06
2.464451e-06
2.463065e-06
2.461679e-06
2.460295e-06
2.458911e-06
2.457528e-06
2.456147e-06
2.454766e-06
2.453387e-06
2.452008e-06
2.450630e-06
2.449254e-06
2.447878e-06
2.446503e-06
2.445130e-06
2.443757e-06
2.442385e-06
2.441014e-06
2.439645e-06
2.438276e-06
2.436908e-06
2.435541e-06
2.434175e-06
2.432811e-06
2.431447e-06
2.430084e-06
2.428722e-06
2.427361e-06
2.426001e-06
2.424642e-06
2.423284e-06
2.421927e-06
2.420571e-06
2.419216e-06
2.417862e-06
2.416508e-06
2.415156e-06
2.413805e-06
2.412455e-06
2.411105e-06
2.409757e-06
2.408409e-06
2.407063e-06
2.405718e-06
2.404373e-06
2.403029e-06
2.401687e-06
2.400345e-06
2.399005e-06
2.397665e-06
2.396326e-06
2.394988e-06
2.393651e-06
2.392315e-06
2.390981e-06
2.389647e-06
2.388313e-06
2.386981e-06
2.385650e-06
2.384320e-06
2.382991e-06
2.381662e-06
2.380335e-06
2.379009e-06
2.377683e-06
2.376359e-06
2.375035e-06
2.373712e-06
2.372391e-06
2.371070e-06
2.369750e-06
2.368431e-06
2.367113e-06
2.365796e-06
2.364480e-06
2.363165e-06
2.361851e-06
2.360537e-06
2.359225e-06
2.357913e-06
2.356603e-06
2.355293e-06
2.353985e-06
2.352677e-06
2.351370e-06
2.350064e-06
2.348759e-06
2.347455e-06
2.346152e-06
2.344850e-06
2.343549e-06
2.342249e-06
2.340949e-06
2.339651e-06
2.338353e-06
2.337057e-06
2.335761e-06
2.334466e-06
2.333172e-06
2.331879e-06
2.330587e-06
2.329296e-06
2.328006e-06
2.326717e-06
2.325428e-06
2.324141e-06
2.322854e-06
2.321568e-06
2.320284e-06
2.319000e-06
2.317717e-06
2.316435e-06
2.315154e-06
2.313873e-06
2.312594e-06
2.311316e-06
2.310038e-06
2.308761e-06
2.307486e-06
2.306211e-06
2.304937e-06
2.303664e-06
2.302392e-06
2.301121e-06
2.299850e-06
2.298581e-06
2.297312e-06
2.296045e-06
2.294778e-06
2.293512e-06
2.292247e-06
2.290983e-06
2.289720e-06
2.288457e-06
2.287196e-06
2.285936e-06
2.284676e-06
2.283417e-06
2.282159e-06
2.280902e-06
2.279646e-06
2.278391e-06
2.277137e-06
2.275883e-06
2.274631e-06
2.273379e-06
2.272128e-06
2.270878e-06
2.269629e-06
2.268381e-06
2.267134e-06
2.265887e-06
2.264642e-06
2.263397e-06
2.262153e-06
2.260910e-06
2.259668e-06
2.258427e-06
2.257187e-06
2.255947e-06
2.254708e-06
2.253471e-06
2.252234e-06
2.250998e-06
2.249763e-06
2.248529e-06
2.247295e-06
2.246063e-06
2.244831e-06
2.243600e-06
2.242370e-06
2.241141e-06
2.239913e-06
2.238686e-06
2.237459e-06
2.236233e-06
2.235009e-06
2.233785e-06
2.232562e-06
2.231339e-06
2.230118e-06
2.228898e-06
2.227678e-06
2.226459e-06
2.225241e-06
2.224024e-06
2.222808e-06
2.221592e-06
2.220378e-06
2.219164e-06
2.217951e-06
2.216739e-06
2.215528e-06
2.214318e-06
2.213108e-06
2.211900e-06
2.210692e-06
2.209485e-06
2.208279e-06
2.207073e-06
2.205869e-06
2.204665e-06
2.203463e-06
2.202261e-06
2.201060e-06
2.199859e-06
2.198660e-06
2.197461e-06
2.196264e-06
2.195067e-06
2.193871e-06
2.192675e-06
2.191481e-06
2.190287e-06
2.189095e-06
2.187903e-06
2.186712e-06
2.185521e-06
2.184332e-06
2.183143e-06
2.181956e-06
2.180769e-06
2.179582e-06
2.178397e-06
2.177213e-06
2.176029e-06
2.174846e-06
2.173664e-06
2.172483e-06
2.171302e-06
2.170123e-06
2.168944e-06
2.167766e-06
2.166589e-06
2.165413e-06
2.164237e-06
2.163063e-06
2.161889e-06
2.160716e-06
2.159543e-06
2.158372e-06
2.157201e-06
2.156032e-06
2.154863e-06
2.153694e-06
2.152527e-06
2.151361e-06
2.150195e-06
2.149030e-06
2.147866e-06
2.146702e-06
2.145540e-06
2.144378e-06
2.143217e-06
2.142057e-06
2.140898e-06
2.139739e-06
2.138581e-06
2.137424e-06
2.136268e-06
2.135113e-06
2.133958e-06
2.132805e-06
2.131652e-06
2.130500e-06
2.129348e-06
2.128198e-06
2.127048e-06
2.125899e-06
2.124751e-06
2.123603e-06
2.122457e-06
2.121311e-06
2.120166e-06
2.119022e-06
2.117878e-06
2.116736e-06
2.115594e-06
2.114453e-06
2.113313e-06
2.112173e-06
2.111034e-06
2.109896e-06
2.108759e-06
2.107623e-06
2.106487e-06
2.105352e-06
2.104218e-06
2.103085e-06
2.101953e-06
2.100821e-06
2.099690e-06
2.098560e-06
2.097431e-06
2.096302e-06
2.095174e-06
2.094047e-06
2.092921e-06
2.091795e-06
2.090671e-06
2.089547e-06
2.088424e-06
2.087301e-06
2.086179e-06
2.085059e-06
2.083939e-06
2.082819e-06
2.081701e-06
2.080583e-06
2.079466e-06
2.078350e-06
2.077234e-06
2.076119e-06
2.075005e-06
2.073892e-06
2.072780e-06
2.071668e-06
2.070557e-06
2.069447e-06
2.068338e-06
2.067229e-06
2.066121e-06
2.065014e-06
2.063908e-06
2.062802e-06
2.061697e-06
2.060593e-06
2.059490e-06
2.058387e-06
2.057285e-06
2.056184e-06
2.055084e-06
2.053984e-06
2.052885e-06
2.051787e-06
2.050690e-06
2.049593e-06
2.048498e-06
2.047402e-06
2.046308e-06
2.045215e-06
2.044122e-06
2.043030e-06
2.041938e-06
2.040848e-06
2.039758e-06
2.038669e-06
2.037580e-06
2.036493e-06
2.035406e-06
2.034320e-06
2.033234e-06
2.032149e-06
2.031065e-06
2.029982e-06
2.028900e-06
2.027818e-06
2.026737e-06
2.025657e-06
2.024577e-06
2.023499e-06
2.022420e-06
2.021343e-06
2.020267e-06
2.019191e-06
2.018116e-06
2.017041e-06
2.015968e-06
2.014895e-06
2.013822e-06
2.012751e-06
2.011680e-06
2.010610e-06
2.009541e-06
2.008472e-06
2.007404e-06
2.006337e-06
2.005271e-06
2.004205e-06
2.003140e-06
2.002076e-06
2.001013e-06
1.999950e-06
1.998888e-06
1.997826e-06
1.996766e-06
1.995706e-06
1.994647e-06
1.993588e-06
1.992530e-06
1.991473e-06
1.990417e-06
1.989361e-06
1.988307e-06
1.987252e-06
1.986199e-06
1.985146e-06
1.984094e-06
1.983043e-06
1.981992e-06
1.980942e-06
1.979893e-06
1.978845e-06
1.977797e-06
1.976750e-06
1.975703e-06
1.974658e-06
1.973613e-06
1.972568e-06
1.971525e-06
1.970482e-06
1.969440e-06
1.968399e-06
1.967358e-06
1.966318e-06
1.965278e-06
1.964240e-06
1.963202e-06
1.962165e-06
1.961128e-06
1.960092e-06
1.959057e-06
1.958023e-06
1.956989e-06
1.955956e-06
1.954924e-06
1.953892e-06
1.952861e-06
1.951831e-06
1.950801e-06
1.949773e-06
1.948744e-06
1.947717e-06
1.946690e-06
1.945664e-06
1.944639e-06
1.943614e-06
1.942590e-06
1.941566e-06
1.940544e-06
1.939522e-06
1.938501e-06
1.937480e-06
1.936460e-06
1.935441e-06
1.934422e-06
1.933405e-06
1.932387e-06
1.931371e-06
1.930355e-06
1.929340e-06
1.928326e-06
1.927312e-06
1.926299e-06
1.925286e-06
1.924275e-06
1.923264e-06
1.922253e-06
1.921244e-06
1.920235e-06
1.919226e-06
1.918219e-06
1.917212e-06
1.916205e-06
1.915200e-06
1.914195e-06
1.913190e-06
1.912187e-06
1.911184e-06
1.910182e-06
1.909180e-06
1.908179e-06
1.907179e-06
1.906179e-06
1.905180e-06
1.904182e-06
1.903185e-06
1.902188e-06
1.901191e-06
1.900196e-06
1.899201e-06
1.898207e-06
1.897213e-06
1.896220e-06
1.895228e-06
1.894236e-06
1.893245e-06
1.892255e-06
1.891265e-06
1.890277e-06
1.889288e-06
1.888301e-06
1.887314e-06
1.886327e-06
1.885342e-06
1.884357e-06
1.883372e-06
1.882389e-06
1.881406e-06
1.880423e-06
1.879442e-06
1.878460e-06
1.877480e-06
1.876500e-06
1.875521e-06
1.874543e-06
1.873565e-06
1.872588e-06
1.871611e-06
1.870635e-06
1.869660e-06
1.868686e-06
1.867712e-06
1.866739e-06
1.865766e-06
1.864794e-06
1.863823e-06
1.862852e-06
1.861882e-06
1.860913e-06
1.859944e-06
1.858976e-06
1.858008e-06
1.857042e-06
1.856075e-06
1.855110e-06
1.854145e-06
1.853181e-06
1.852217e-06
1.851254e-06
1.850292e-06
1.849330e-06
1.848369e-06
1.847409e-06
1.846449e-06
1.845490e-06
1.844531e-06
1.843574e-06
1.842616e-06
1.841660e-06
1.840704e-06
1.839748e-06
1.838794e-06
1.837840e-06
1.836886e-06
1.835934e-06
1.834981e-06
1.834030e-06
1.833079e-06
1.832129e-06
1.831179e-06
1.830230e-06
1.829282e-06
1.828334e-06
1.827387e-06
1.826440e-06
1.825494e-06
1.824549e-06
1.823604e-06
1.822660e-06
1.821717e-06
1.820774e-06
1.819832e-06
1.818891e-06
1.817950e-06
1.817009e-06
1.816070e-06
1.815131e-06
1.814192e-06
1.813255e-06
1.812317e-06
1.811381e-06
1.810445e-06
1.809510e-06
1.808575e-06
1.807641e-06
1.806707e-06
1.805775e-06
1.804842e-06
1.803911e-06
1.802980e-06
1.802049e-06
1.801120e-06
1.800190e-06
1.799262e-06
1.798334e-06
1.797406e-06
1.796480e-06
1.795554e-06
1.794628e-06
1.793703e-06
1.792779e-06
1.791855e-06
1.790932e-06
1.790010e-06
1.789088e-06
1.788167e-06
1.787246e-06
1.786326e-06
1.785407e-06
1.784488e-06
1.783569e-06
1.782652e-06
1.781735e-06
1.780818e-06
1.779903e-06
1.778987e-06
1.778073e-06
1.777159e-06
1.776245e-06
1.775332e-06
1.774420e-06
1.773509e-06
1.772598e-06
1.771687e-06
1.770777e-06
1.769868e-06
1.768959e-06
1.768051e-06
1.767144e-06
1.766237e-06
1.765331e-06
1.764425e-06
1.763520e-06
1.762616e-06
1.761712e-06
1.760809e-06
1.759906e-06
1.759004e-06
1.758102e-06
1.757201e-06
1.756301e-06
1.755401e-06
1.754502e-06
1.753603e-06
1.752705e-06
1.751808e-06
1.750911e-06
1.750015e-06
1.749119e-06
1.748224e-06
1.747330e-06
1.746436e-06
1.745543e-06
1.744650e-06
1.743758e-06
1.742866e-06
1.741975e-06
1.741085e-06
1.740195e-06
1.739306e-06
1.738417e-06
1.737529e-06
1.736642e-06
1.735755e-06
1.734868e-06
1.733983e-06
1.733097e-06
1.732213e-06
1.731329e-06
1.730445e-06
1.729563e-06
1.728680e-06
1.727799e-06
1.726917e-06
1.726037e-06
1.725157e-06
1.724277e-06
1.723399e-06
1.722520e-06
1.721643e-06
1.720765e-06
1.719889e-06
1.719013e-06
1.718137e-06
1.717263e-06
1.716388e-06
1.715514e-06
1.714641e-06
1.713769e-06
1.712897e-06
1.712025e-06
1.711154e-06
1.710284e-06
1.709414e-06
1.708545e-06
1.707676e-06
1.706808e-06
1.705941e-06
1.705074e-06
1.704208e-06
1.703342e-06
1.702477e-06
1.701612e-06
1.700748e-06
1.699884e-06
1.699021e-06
1.698159e-06
1.697297e-06
1.696435e-06
1.695575e-06
1.694714e-06
1.693855e-06
1.692996e-06
1.692137e-06
1.691279e-06
1.690422e-06
1.689565e-06
1.688709e-06
1.687853e-06
1.686998e-06
1.686143e-06
1.685289e-06
1.684435e-06
1.683582e-06
1.682730e-06
1.681878e-06
1.681027e-06
1.680176e-06
1.679325e-06
1.678476e-06
1.677627e-06
1.676778e-06
1.675930e-06
1.675082e-06
1.674235e-06
1.673389e-06
1.672543e-06
1.671698e-06
1.670853e-06
1.670009e-06
1.669165e-06
1.668322e-06
1.667479e-06
1.666637e-06
1.665796e-06
1.664955e-06
1.664114e-06
1.663275e-06
1.662435e-06
1.661596e-06
1.660758e-06
1.659920e-06
1.659083e-06
1.658247e-06
1.657410e-06
1.656575e-06
1.655740e-06
1.654905e-06
1.654071e-06
1.653238e-06
1.652405e-06
1.651573e-06
1.650741e-06
1.649910e-06
1.649079e-06
1.648249e-06
1.647419e-06
1.646590e-06
1.645761e-06
1.644933e-06
1.644106e-06
1.643279e-06
1.642452e-06
1.641626e-06
1.640801e-06
1.639976e-06
1.639152e-06
1.638328e-06
1.637505e-06
1.636682e-06
1.635860e-06
1.635038e-06
1.634217e-06
1.633396e-06
1.632576e-06
1.631756e-06
1.630937e-06
1.630119e-06
1.629301e-06
1.628483e-06
1.627666e-06
1.626850e-06
1.626034e-06
1.625218e-06
1.624403e-06
1.623589e-06
1.622775e-06
1.621962e-06
1.621149e-06
1.620337e-06
1.619525e-06
1.618714e-06
1.617903e-06
1.617093e-06
1.616283e-06
1.615474e-06
1.614665e-06
1.613857e-06
1.613049e-06
1.612242e-06
1.611436e-06
1.610630e-06
1.609824e-06
1.609019e-06
1.608214e-06
1.607410e-06
1.606607e-06
1.605804e-06
1.605001e-06
1.604199e-06
1.603398e-06
1.602597e-06
1.601797e-06
1.600997e-06
1.600197e-06
1.599398e-06
1.598600e-06
1.597802e-06
1.597005e-06
1.596208e-06
1.595412e-06
1.594616e-06
1.593820e-06
1.593025e-06
1.592231e-06
1.591437e-06
1.590644e-06
1.589851e-06
1.589059e-06
1.588267e-06
1.587476e-06
1.586685e-06
1.585895e-06
1.585105e-06
1.584316e-06
1.583527e-06
1.582739e-06
1.581951e-06
1.581163e-06
1.580377e-06
1.579590e-06
1.578805e-06
1.578019e-06
1.577235e-06
1.576450e-06
1.575666e-06
1.574883e-06
1.574100e-06
1.573318e-06
1.572536e-06
1.571755e-06
1.570974e-06
1.570194e-06
1.569414e-06
1.568635e-06
1.567856e-06
1.567078e-06
1.566300e-06
1.565522e-06
1.564745e-06
1.563969e-06
1.563193e-06
1.562418e-06
1.561643e-06
1.560869e-06
1.560095e-06
1.559321e-06
1.558548e-06
1.557776e-06
1.557004e-06
1.556232e-06
1.555462e-06
1.554691e-06
1.553921e-06
1.553152e-06
1.552382e-06
1.551614e-06
1.550846e-06
1.550078e-06
1.549311e-06
1.548545e-06
1.547779e-06
1.547013e-06
1.546248e-06
1.545483e-06
1.544719e-06
1.543955e-06
1.543192e-06
1.542429e-06
1.541667e-06
1.540905e-06
1.540144e-06
1.539383e-06
1.538623e-06
1.537863e-06
1.537104e-06
1.536345e-06
1.535586e-06
1.534828e-06
1.534071e-06
1.533314e-06
1.532558e-06
1.531802e-06
1.531046e-06
1.530291e-06
1.529536e-06
1.528782e-06
1.528029e-06
1.527275e-06
1.526523e-06
1.525771e-06
1.525019e-06
1.524268e-06
1.523517e-06
1.522766e-06
1.522017e-06
1.521267e-06
1.520518e-06
1.519770e-06
1.519022e-06
1.518274e-06
1.517527e-06
1.516781e-06
1.516035e-06
1.515289e-06
1.514544e-06
1.513799e-06
1.513055e-06
1.512311e-06
1.511568e-06
1.510825e-06
1.510083e-06
1.509341e-06
1.508600e-06
1.507859e-06
1.507118e-06
1.506378e-06
1.505639e-06
1.504899e-06
1.504161e-06
1.503423e-06
1.502685e-06
1.501948e-06
1.501211e-06
1.500475e-06
1.499739e-06
1.499003e-06
1.498268e-06
1.497534e-06
1.496800e-06
1.496066e-06
1.495333e-06
1.494601e-06
1.493869e-06
1.493137e-06
1.492406e-06
1.491675e-06
1.490944e-06
1.490215e-06
1.489485e-06
1.488756e-06
1.488028e-06
1.487300e-06
1.486572e-06
1.485845e-06
1.485118e-06
1.484392e-06
1.483666e-06
1.482941e-06
1.482216e-06
1.481491e-06
1.480767e-06
1.480044e-06
1.479321e-06
1.478598e-06
1.477876e-06
1.477154e-06
1.476433e-06
1.475712e-06
1.474992e-06
1.474272e-06
1.473552e-06
1.472833e-06
1.472115e-06
1.471397e-06
1.470679e-06
1.469962e-06
1.469245e-06
1.468529e-06
1.467813e-06
1.467097e-06
1.466382e-06
1.465668e-06
1.464954e-06
1.464240e-06
1.463527e-06
1.462814e-06
1.462102e-06
1.461390e-06
1.460678e-06
1.459967e-06
1.459257e-06
1.458547e-06
1.457837e-06
1.457128e-06
1.456419e-06
1.455711e-06
1.455003e-06
1.454295e-06
1.453588e-06
1.452882e-06
1.452175e-06
1.451470e-06
1.450764e-06
1.450060e-06
1.449355e-06
1.448651e-06
1.447948e-06
1.447245e-06
1.446542e-06
1.445840e-06
1.445138e-06
1.444437e-06
1.443736e-06
1.443035e-06
1.442335e-06
1.441636e-06
1.440936e-06
1.440238e-06
1.439539e-06
1.438841e-06
1.438144e-06
1.437447e-06
1.436750e-06
1.436054e-06
1.435359e-06
1.434663e-06
1.433968e-06
1.433274e-06
1.432580e-06
1.431886e-06
1.431193e-06
1.430501e-06
1.429808e-06
1.429116e-06
1.428425e-06
1.427734e-06
1.427043e-06
1.426353e-06
1.425664e-06
1.424974e-06
1.424285e-06
1.423597e-06
1.422909e-06
1.422221e-06
1.421534e-06
1.420847e-06
1.420161e-06
1.419475e-06
1.418790e-06
1.418105e-06
1.417420e-06
1.416736e-06
1.416052e-06
1.415369e-06
1.414686e-06
1.414003e-06
1.413321e-06
1.412640e-06
1.411958e-06
1.411278e-06
1.410597e-06
1.409917e-06
1.409238e-06
1.408558e-06
1.407880e-06
1.407201e-06
1.406523e-06
1.405846e-06
1.405169e-06
1.404492e-06
1.403816e-06
1.403140e-06
1.402465e-06
1.401790e-06
1.401115e-06
1.400441e-06
1.399767e-06
1.399094e-06
1.398421e-06
1.397749e-06
1.397077e-06
1.396405e-06
1.395734e-06
1.395063e-06
1.394392e-06
1.393722e-06
1.393053e-06
1.392383e-06
1.391715e-06
1.391046e-06
1.390378e-06
1.389711e-06
1.389044e-06
1.388377e-06
1.387711e-06
1.387045e-06
1.386379e-06
1.385714e-06
1.385049e-06
1.384385e-06
1.383721e-06
1.383058e-06
1.382395e-06
1.381732e-06
1.381070e-06
1.380408e-06
1.379746e-06
1.379085e-06
1.378425e-06
1.377765e-06
1.377105e-06
1.376445e-06
1.375786e-06
1.375128e-06
1.374470e-06
1.373812e-06
1.373154e-06
1.372497e-06
1.371841e-06
1.371185e-06
1.370529e-06
1.369873e-06
1.369218e-06
1.368564e-06
1.367910e-06
1.367256e-06
1.366602e-06
1.365949e-06
1.365297e-06
1.364645e-06
1.363993e-06
1.363341e-06
1.362690e-06
1.362040e-06
1.361390e-06
1.360740e-06
1.360090e-06
1.359441e-06
1.358793e-06
1.358145e-06
1.357497e-06
1.356849e-06
1.356202e-06
1.355556e-06
1.354909e-06
1.354263e-06
1.353618e-06
1.352973e-06
1.352328e-06
1.351684e-06
1.351040e-06
1.350397e-06
1.349753e-06
1.349111e-06
1.348468e-06
1.347826e-06
1.347185e-06
1.346544e-06
1.345903e-06
1.345263e-06
1.344623e-06
1.343983e-06
1.343344e-06
1.342705e-06
1.342067e-06
1.341429e-06
1.340791e-06
1.340154e-06
1.339517e-06
1.338880e-06
1.338244e-06
1.337609e-06
1.336973e-06
1.336338e-06
1.335704e-06
1.335070e-06
1.334436e-06
1.333802e-06
1.333169e-06
1.332537e-06
1.331904e-06
1.331273e-06
1.330641e-06
1.330010e-06
1.329379e-06
1.328749e-06
1.328119e-06
1.327489e-06
1.326860e-06
1.326231e-06
1.325603e-06
1.324975e-06
1.324347e-06
1.323720e-06
1.323093e-06
1.322467e-06
1.321840e-06
1.321215e-06
1.320589e-06
1.319964e-06
1.319340e-06
1.318715e-06
1.318092e-06
1.317468e-06
1.316845e-06
1.316222e-06
1.315600e-06
1.314978e-06
1.314356e-06
1.313735e-06
1.313114e-06
1.312494e-06
1.311874e-06
1.311254e-06
1.310634e-06
1.310015e-06
1.309397e-06
1.308779e-06
1.308161e-06
1.307543e-06
1.306926e-06
1.306309e-06
1.305693e-06
1.305077e-06
1.304461e-06
1.303846e-06
1.303231e-06
1.302617e-06
1.302003e-06
1.301389e-06
1.300775e-06
1.300162e-06
1.299550e-06
1.298937e-06
1.298325e-06
1.297714e-06
1.297103e-06
1.296492e-06
1.295881e-06
1.295271e-06
1.294662e-06
1.294052e-06
1.293443e-06
1.292835e-06
1.292226e-06
1.291619e-06
1.291011e-06
1.290404e-06
1.289797e-06
1.289191e-06
1.288585e-06
1.287979e-06
1.287374e-06
1.286769e-06
1.286164e-06
1.285560e-06
1.284956e-06
1.284352e-06
1.283749e-06
1.283146e-06
1.282544e-06
1.281942e-06
1.281340e-06
1.280739e-06
1.280138e-06
1.279537e-06
1.278937e-06
1.278337e-06
1.277738e-06
1.277138e-06
1.276540e-06
1.275941e-06
1.275343e-06
1.274745e-06
1.274148e-06
1.273551e-06
1.272954e-06
1.272358e-06
1.271762e-06
1.271166e-06
1.270571e-06
1.269976e-06
1.269382e-06
1.268788e-06
1.268194e-06
1.267600e-06
1.267007e-06
1.266415e-06
1.265822e-06
1.265230e-06
1.264638e-06
1.264047e-06
1.263456e-06
1.262865e-06
1.262275e-06
1.261685e-06
1.261096e-06
1.260507e-06
1.259918e-06
1.259329e-06
1.258741e-06
1.258153e-06
1.257566e-06
1.256979e-06
1.256392e-06
1.255805e-06
1.255219e-06
1.254634e-06
1.254048e-06
1.253463e-06
1.252879e-06
1.252294e-06
1.251711e-06
1.251127e-06
1.250544e-06
1.249961e-06
1.249378e-06
1.248796e-06
1.248214e-06
1.247633e-06
1.247051e-06
1.246471e-06
1.245890e-06
1.245310e-06
1.244730e-06
1.244151e-06
1.243572e-06
1.242993e-06
1.242414e-06
1.241836e-06
1.241259e-06
1.240681e-06
1.240104e-06
1.239528e-06
1.238951e-06
1.238375e-06
1.237800e-06
1.237224e-06
1.236649e-06
1.236075e-06
1.235500e-06
1.234926e-06
1.234353e-06
1.233780e-06
1.233207e-06
1.232634e-06
1.232062e-06
1.231490e-06
1.230918e-06
1.230347e-06
1.229776e-06
1.229206e-06
1.228636e-06
1.228066e-06
1.227496e-06
1.226927e-06
1.226358e-06
1.225790e-06
1.225221e-06
1.224654e-06
1.224086e-06
1.223519e-06
1.222952e-06
1.222386e-06
1.221819e-06
1.221254e-06
1.220688e-06
1.220123e-06
1.219558e-06
1.218994e-06
1.218429e-06
1.217866e-06
1.217302e-06
1.216739e-06
1.216176e-06
1.215614e-06
1.215052e-06
1.214490e-06
1.213928e-06
1.213367e-06
1.212806e-06
1.212246e-06
1.211686e-06
1.211126e-06
1.210566e-06
1.210007e-06
1.209448e-06
1.208890e-06
1.208332e-06
1.207774e-06
1.207216e-06
1.206659e-06
1.206102e-06
1.205546e-06
1.204990e-06
1.204434e-06
1.203878e-06
1.203323e-06
1.202768e-06
1.202214e-06
1.201659e-06
1.201105e-06
1.200552e-06
1.199999e-06
1.199446e-06
1.198893e-06
1.198341e-06
1.197789e-06
1.197237e-06
1.196686e-06
1.196135e-06
1.195584e-06
1.195034e-06
1.194484e-06
1.193934e-06
1.193385e-06
1.192836e-06
1.192287e-06
1.191739e-06
1.191191e-06
1.190643e-06
1.190096e-06
1.189549e-06
1.189002e-06
1.188455e-06
1.187909e-06
1.187364e-06
1.186818e-06
1.186273e-06
1.185728e-06
1.185184e-06
1.184639e-06
1.184096e-06
1.183552e-06
1.183009e-06
1.182466e-06
1.181923e-06
1.181381e-06
1.180839e-06
1.180297e-06
1.179756e-06
1.179215e-06
1.178674e-06
1.178134e-06
1.177594e-06
1.177054e-06
1.176515e-06
1.175976e-06
1.175437e-06
1.174898e-06
1.174360e-06
1.173822e-06
1.173285e-06
1.172748e-06
1.172211e-06
1.171674e-06
1.171138e-06
1.170602e-06
1.170066e-06
1.169531e-06
1.168996e-06
1.168461e-06
1.167927e-06
1.167393e-06
1.166859e-06
1.166326e-06
1.165793e-06
1.165260e-06
1.164727e-06
1.164195e-06
1.163663e-06
1.163132e-06
1.162600e-06
1.162069e-06
1.161539e-06
1.161008e-06
1.160478e-06
1.159949e-06
1.159419e-06
1.158890e-06
1.158361e-06
1.157833e-06
1.157305e-06
1.156777e-06
1.156249e-06
1.155722e-06
1.155195e-06
1.154669e-06
1.154142e-06
1.153616e-06
1.153091e-06
1.152565e-06
1.152040e-06
1.151515e-06
1.150991e-06
1.150467e-06
1.149943e-06
1.149419e-06
1.148896e-06
1.148373e-06
1.147850e-06
1.147328e-06
1.146806e-06
1.146284e-06
1.145763e-06
1.145242e-06
1.144721e-06
1.144201e-06
1.143680e-06
1.143160e-06
1.142641e-06
1.142122e-06
1.141603e-06
1.141084e-06
1.140565e-06
1.140047e-06
1.139530e-06
1.139012e-06
1.138495e-06
1.137978e-06
1.137461e-06
1.136945e-06
1.136429e-06
1.135913e-06
1.135398e-06
1.134883e-06
1.134368e-06
1.133854e-06
1.133340e-06
1.132826e-06
1.132312e-06
1.131799e-06
1.131286e-06
1.130773e-06
1.130261e-06
1.129749e-06
1.129237e-06
1.128725e-06
1.128214e-06
1.127703e-06
1.127192e-06
1.126682e-06
1.126172e-06
1.125662e-06
1.125153e-06
1.124644e-06
1.124135e-06
1.123626e-06
1.123118e-06
1.122610e-06
1.122103e-06
1.121595e-06
1.121088e-06
1.120581e-06
1.120075e-06
1.119569e-06
1.119063e-06
1.118557e-06
1.118052e-06
1.117547e-06
1.117042e-06
1.116538e-06
1.116033e-06
1.115530e-06
1.115026e-06
1.114523e-06
1.114020e-06
1.113517e-06
1.113015e-06
1.112513e-06
1.112011e-06
1.111509e-06
1.111008e-06
1.110507e-06
1.110006e-06
1.109506e-06
1.109006e-06
1.108506e-06
1.108007e-06
1.107507e-06
1.107008e-06
1.106510e-06
1.106011e-06
1.105513e-06
1.105016e-06
1.104518e-06
1.104021e-06
1.103524e-06
1.103027e-06
1.102531e-06
1.102035e-06
1.101539e-06
1.101044e-06
1.100549e-06
1.100054e-06
1.099559e-06
1.099065e-06
1.098571e-06
1.098077e-06
1.097583e-06
1.097090e-06
1.096597e-06
1.096105e-06
1.095612e-06
1.095120e-06
1.094628e-06
1.094137e-06
1.093646e-06
1.093155e-06
1.092664e-06
1.092174e-06
1.091684e-06
1.091194e-06
1.090704e-06
1.090215e-06
1.089726e-06
1.089237e-06
1.088749e-06
1.088261e-06
1.087773e-06
1.087285e-06
1.086798e-06
1.086311e-06
1.085824e-06
1.085338e-06
1.084852e-06
1.084366e-06
1.083880e-06
1.083395e-06
1.082910e-06
1.082425e-06
1.081941e-06
1.081456e-06
1.080972e-06
1.080489e-06
1.080005e-06
1.079522e-06
1.079039e-06
1.078557e-06
1.078075e-06
1.077593e-06
1.077111e-06
1.076630e-06
1.076148e-06
1.075667e-06
1.075187e-06
1.074706e-06
1.074226e-06
1.073747e-06
1.073267e-06
1.072788e-06
1.072309e-06
1.071830e-06
1.071352e-06
1.070874e-06
1.070396e-06
1.069918e-06
1.069441e-06
1.068964e-06
1.068487e-06
1.068010e-06
1.067534e-06
1.067058e-06
1.066583e-06
1.066107e-06
1.065632e-06
1.065157e-06
1.064683e-06
1.064208e-06
1.063734e-06
1.063260e-06
1.062787e-06
1.062314e-06
1.061841e-06
1.061368e-06
1.060895e-06
1.060423e-06
1.059951e-06
1.059480e-06
1.059008e-06
1.058537e-06
1.058066e-06
1.057596e-06
1.057126e-06
1.056656e-06
1.056186e-06
1.055716e-06
1.055247e-06
1.054778e-06
1.054310e-06
1.053841e-06
1.053373e-06
1.052905e-06
1.052437e-06
1.051970e-06
1.051503e-06
1.051036e-06
1.050570e-06
1.050103e-06
1.049637e-06
1.049172e-06
1.048706e-06
1.048241e-06
1.047776e-06
1.047311e-06
1.046847e-06
1.046383e-06
1.045919e-06
1.045455e-06
1.044992e-06
1.044529e-06
1.044066e-06
1.043603e-06
1.043141e-06
1.042679e-06
1.042217e-06
1.041755e-06
1.041294e-06
1.040833e-06
1.040372e-06
1.039912e-06
1.039452e-06
1.038992e-06
1.038532e-06
1.038073e-06
1.037613e-06
1.037154e-06
1.036696e-06
1.036237e-06
1.035779e-06
1.035321e-06
1.034864e-06
1.034406e-06
1.033949e-06
1.033492e-06
1.033036e-06
1.032579e-06
1.032123e-06
1.031668e-06
1.031212e-06
1.030757e-06
1.030302e-06
1.029847e-06
1.029392e-06
1.028938e-06
1.028484e-06
1.028030e-06
1.027577e-06
1.027124e-06
1.026671e-06
1.026218e-06
1.025765e-06
1.025313e-06
1.024861e-06
1.024410e-06
1.023958e-06
1.023507e-06
1.023056e-06
1.022605e-06
1.022155e-06
1.021705e-06
1.021255e-06
1.020805e-06
1.020356e-06
1.019907e-06
1.019458e-06
1.019009e-06
1.018561e-06
1.018113e-06
1.017665e-06
1.017217e-06
1.016770e-06
1.016322e-06
1.015876e-06
1.015429e-06
1.014983e-06
1.014536e-06
1.014091e-06
1.013645e-06
1.013200e-06
1.012754e-06
1.012310e-06
1.011865e-06
1.011421e-06
1.010977e-06
1.010533e-06
1.010089e-06
1.009646e-06
1.009203e-06
1.008760e-06
1.008317e-06
1.007875e-06
1.007433e-06
1.006991e-06
1.006549e-06
1.006108e-06
1.005667e-06
1.005226e-06
1.004785e-06
1.004345e-06
1.003905e-06
1.003465e-06
1.003025e-06
1.002586e-06
1.002147e-06
1.001708e-06
1.001269e-06
1.000831e-06
1.000392e-06
9.999545e-07
