3.245521e-03
1.211501e-03
7.401553e-04
6.019553e-04
4.566351e-04
4.163099e-04
3.595330e-04
3.391482e-04
3.113803e-04
2.914143e-04
2.766746e-04
2.584404e-04
2.488040e-04
2.379672e-04
2.263953e-04
2.183014e-04
2.110761e-04
2.041496e-04
1.981875e-04
1.935279e-04
1.901713e-04
1.872772e-04
1.849912e-04
1.836986e-04
2.179547e-04
3.341998e-04
4.531876e-04
5.595100e-04
5.342226e-04
5.799905e-04
5.583022e-04
5.846179e-04
5.660300e-04
5.538965e-04
5.499266e-04
5.130212e-04
4.922674e-04
4.745237e-04
4.838297e-04
4.393639e-04
4.102788e-04
3.895752e-04
3.894390e-04
3.887372e-04
4.081348e-04
3.770757e-04
3.607381e-04
3.471505e-04
3.394537e-04
3.335353e-04
3.282985e-04
3.202461e-04
3.609548e-04
3.455157e-04
3.426175e-04
3.340522e-04
3.284270e-04
3.221767e-04
3.079497e-04
2.976776e-04
3.001691e-04
3.210152e-04
3.646232e-04
4.029873e-04
3.875064e-04
3.803340e-04
3.740865e-04
3.687875e-04
3.643456e-04
3.488926e-04
3.344042e-04
3.206400e-04
3.084215e-04
2.973758e-04
2.871521e-04
2.866988e-04
3.176763e-04
3.551625e-04
3.981830e-04
4.446018e-04
4.305016e-04
4.199361e-04
4.107213e-04
4.022712e-04
3.944316e-04
3.869092e-04
3.782837e-04
3.626139e-04
3.476663e-04
3.333065e-04
3.195390e-04
3.062595e-04
2.933916e-04
2.809726e-04
2.685525e-04
2.568098e-04
2.456997e-04
2.350359e-04
2.247472e-04
2.150070e-04
2.054840e-04
1.970100e-04
1.893502e-04
1.823508e-04
1.759251e-04
1.697004e-04
1.639607e-04
1.588118e-04
1.541611e-04
1.496429e-04
1.456607e-04
1.421269e-04
1.389776e-04
1.361417e-04
1.332881e-04
1.307882e-04
1.285972e-04
1.266832e-04
1.250226e-04
1.234457e-04
1.221225e-04
1.210365e-04
1.201774e-04
1.195390e-04
1.192512e-04
1.192319e-04
1.192840e-04
1.194638e-04
1.198014e-04
1.203267e-04
1.211048e-04
1.219769e-04
1.232133e-04
1.247456e-04
1.263497e-04
1.283076e-04
1.305760e-04
1.329672e-04
1.356959e-04
1.387022e-04
1.420128e-04
1.455073e-04
1.493133e-04
1.534138e-04
1.577942e-04
1.624396e-04
1.673341e-04
1.723986e-04
1.776841e-04
1.831618e-04
1.887831e-04
1.945390e-04
2.003849e-04
2.062747e-04
2.121603e-04
2.179909e-04
2.237127e-04
2.280577e-04
2.315889e-04
2.342539e-04
2.361114e-04
2.371959e-04
2.375504e-04
2.372198e-04
2.369880e-04
2.364576e-04
2.354874e-04
2.340952e-04
2.322944e-04
2.300956e-04
2.275090e-04
2.245448e-04
2.216517e-04
2.180291e-04
2.126777e-04
2.039594e-04
1.934285e-04
1.822743e-04
1.708962e-04
1.597380e-04
1.401370e-04
1.051915e-04
7.897799e-05
7.345033e-05
7.147356e-05
6.957667e-05
6.775853e-05
6.601638e-05
6.433529e-05
6.271027e-05
6.115157e-05
5.965208e-05
5.820608e-05
5.680461e-05
5.544045e-05
5.410710e-05
5.279858e-05
5.149814e-05
5.021274e-05
4.893769e-05
4.766863e-05
4.641287e-05
4.514732e-05
4.386676e-05
4.257348e-05
4.126616e-05
3.994347e-05
3.860418e-05
3.807307e-05
3.780057e-05
3.752175e-05
3.723351e-05
3.693293e-05
3.661728e-05
3.628408e-05
3.673828e-05
3.899544e-05
4.117658e-05
4.410290e-05
4.742405e-05
5.066294e-05
5.379762e-05
5.684069e-05
5.978467e-05
6.262218e-05
6.534585e-05
6.792187e-05
7.037254e-05
7.269132e-05
7.487234e-05
7.657466e-05
7.822380e-05
7.981156e-05
8.120449e-05
8.542090e-05
9.168542e-05
9.598894e-05
9.882730e-05
1.006067e-04
1.015376e-04
1.018061e-04
1.015577e-04
8.726738e-05
8.254756e-05
8.191389e-05
8.580668e-05
9.025319e-05
9.489323e-05
9.949918e-05
1.039302e-04
1.081020e-04
1.119673e-04
1.155023e-04
1.186981e-04
1.215553e-04
1.240799e-04
1.262811e-04
1.281696e-04
1.297568e-04
1.310544e-04
1.320739e-04
1.328265e-04
1.333229e-04
1.335739e-04
1.335896e-04
1.333803e-04
1.329559e-04
1.323263e-04
1.315016e-04
1.304914e-04
1.293060e-04
1.279182e-04
1.263897e-04
1.247272e-04
1.225231e-04
1.203013e-04
1.160640e-04
1.128744e-04
1.104427e-04
1.085338e-04
1.069733e-04
1.056323e-04
1.044753e-04
1.033525e-04
1.022206e-04
1.010513e-04
9.982603e-05
9.853333e-05
9.716699e-05
9.572476e-05
9.417941e-05
9.257831e-05
9.092221e-05
8.921453e-05
8.746054e-05
8.564603e-05
8.379902e-05
8.192734e-05
8.003905e-05
7.814228e-05
7.624503e-05
7.435509e-05
7.247994e-05
7.062672e-05
6.880213e-05
6.701245e-05
6.526346e-05
6.356049e-05
6.190836e-05
6.031137e-05
5.877336e-05
5.729764e-05
5.588707e-05
5.454402e-05
5.327040e-05
5.206768e-05
5.092992e-05
4.986452e-05
4.887185e-05
4.795190e-05
4.710433e-05
4.632848e-05
4.562337e-05
4.498773e-05
4.442002e-05
4.391847e-05
4.348106e-05
4.310559e-05
4.278966e-05
4.250575e-05
4.227708e-05
4.210088e-05
4.197430e-05
4.189438e-05
4.185813e-05
4.185365e-05
4.188603e-05
4.195225e-05
4.204925e-05
4.217398e-05
4.232337e-05
4.249436e-05
4.268393e-05
4.288906e-05
4.310679e-05
4.333422e-05
4.355601e-05
4.379440e-05
4.404230e-05
4.429413e-05
4.454534e-05
4.479209e-05
4.502363e-05
4.524485e-05
4.545318e-05
4.564642e-05
4.582263e-05
4.598008e-05
4.611727e-05
4.623282e-05
4.632555e-05
4.639440e-05
4.643848e-05
4.645700e-05
4.644933e-05
4.641497e-05
4.635352e-05
4.626472e-05
4.614844e-05
4.600466e-05
4.583345e-05
4.563503e-05
4.540968e-05
4.515783e-05
4.487995e-05
4.457664e-05
4.424857e-05
4.389649e-05
4.352119e-05
4.312357e-05
4.270456e-05
4.226513e-05
4.180633e-05
4.132921e-05
4.083486e-05
4.032440e-05
3.979897e-05
3.925971e-05
3.870776e-05
3.814428e-05
3.757041e-05
3.698728e-05
3.639601e-05
3.579770e-05
3.519344e-05
3.458426e-05
3.397120e-05
3.335525e-05
3.273736e-05
3.211847e-05
3.149946e-05
3.088118e-05
3.022934e-05
2.958447e-05
2.894689e-05
2.831696e-05
2.769502e-05
2.708137e-05
2.647628e-05
2.588000e-05
2.529273e-05
2.471467e-05
2.414600e-05
2.358686e-05
2.303741e-05
2.249778e-05
2.196809e-05
2.144847e-05
2.093903e-05
2.043986e-05
1.995107e-05
1.947274e-05
1.900494e-05
1.854775e-05
1.810122e-05
1.766539e-05
1.724031e-05
1.682598e-05
1.642243e-05
1.602964e-05
1.564759e-05
1.527626e-05
1.491560e-05
1.456556e-05
1.422607e-05
1.389705e-05
1.357842e-05
1.327006e-05
1.297188e-05
1.268375e-05
1.240553e-05
1.213711e-05
1.187832e-05
1.162901e-05
1.138902e-05
1.115820e-05
1.093635e-05
1.055540e-05
1.024813e-05
9.998524e-06
9.793798e-06
9.623723e-06
9.480130e-06
9.356557e-06
9.247948e-06
9.150398e-06
9.060938e-06
8.977343e-06
8.897983e-06
8.821686e-06
8.747638e-06
8.675295e-06
8.604314e-06
8.534503e-06
8.465772e-06
8.398110e-06
8.331548e-06
8.266150e-06
8.201994e-06
8.139163e-06
8.077734e-06
8.017778e-06
7.959352e-06
7.902498e-06
7.847245e-06
7.793603e-06
7.741566e-06
7.691115e-06
7.642213e-06
7.594813e-06
7.548855e-06
7.504267e-06
7.460969e-06
7.418872e-06
7.377883e-06
7.337901e-06
7.298822e-06
7.260541e-06
7.222949e-06
7.185937e-06
7.149398e-06
7.113224e-06
7.077309e-06
7.041552e-06
7.005853e-06
6.970116e-06
6.934250e-06
6.898167e-06
6.861784e-06
6.825026e-06
6.787818e-06
6.750095e-06
6.711796e-06
6.672864e-06
6.633250e-06
6.592908e-06
6.555793e-06
6.515697e-06
6.435760e-06
6.364358e-06
6.300152e-06
6.241895e-06
6.188428e-06
6.138693e-06
6.091754e-06
6.046800e-06
6.003142e-06
5.960206e-06
5.917519e-06
5.879418e-06
5.842314e-06
5.804085e-06
5.764606e-06
5.723794e-06
5.681599e-06
5.638000e-06
5.592998e-06
5.546615e-06
5.498886e-06
5.449859e-06
5.399595e-06
5.348159e-06
5.295622e-06
5.242062e-06
5.187556e-06
5.132185e-06
5.076031e-06
5.019173e-06
4.961693e-06
4.903669e-06
4.845179e-06
4.786297e-06
4.727097e-06
4.667651e-06
4.608025e-06
4.548288e-06
4.488502e-06
4.428728e-06
4.369024e-06
4.309448e-06
4.250052e-06
4.190889e-06
4.132005e-06
4.073449e-06
4.015264e-06
3.957493e-06
3.900175e-06
3.843347e-06
3.787045e-06
3.731304e-06
3.676153e-06
3.621623e-06
3.567740e-06
3.514531e-06
3.462019e-06
3.410226e-06
3.359171e-06
3.308873e-06
3.259348e-06
3.210610e-06
3.162673e-06
3.115548e-06
3.069244e-06
3.023769e-06
2.979130e-06
2.935333e-06
2.892379e-06
2.850272e-06
2.809012e-06
2.768599e-06
2.729030e-06
2.690303e-06
2.652412e-06
2.615354e-06
2.579120e-06
2.543703e-06
2.509095e-06
2.475286e-06
2.442265e-06
2.410022e-06
2.378543e-06
2.347817e-06
2.317830e-06
2.288567e-06
2.260014e-06
2.232156e-06
2.204976e-06
2.178459e-06
2.152588e-06
2.127347e-06
2.102718e-06
2.078684e-06
2.055227e-06
2.032330e-06
2.009975e-06
1.988143e-06
1.966818e-06
1.945981e-06
1.925615e-06
1.905701e-06
1.886223e-06
1.867162e-06
1.848502e-06
1.830225e-06
1.812315e-06
1.794755e-06
1.777529e-06
1.760621e-06
1.744015e-06
1.727695e-06
1.711648e-06
1.695859e-06
1.680312e-06
1.664995e-06
1.649895e-06
1.634998e-06
1.620292e-06
1.605765e-06
1.591405e-06
1.577202e-06
1.563145e-06
1.549223e-06
1.535427e-06
1.521747e-06
1.508176e-06
1.494704e-06
1.481324e-06
1.468029e-06
1.454811e-06
1.441665e-06
1.428584e-06
1.415562e-06
1.402595e-06
1.389678e-06
1.376807e-06
1.363978e-06
1.351187e-06
1.338431e-06
1.325709e-06
1.313017e-06
1.300353e-06
1.287717e-06
1.275107e-06
1.262522e-06
1.249961e-06
1.237424e-06
1.224912e-06
1.212424e-06
1.199961e-06
1.187524e-06
1.175114e-06
1.162733e-06
1.150380e-06
1.138060e-06
1.125772e-06
1.113520e-06
1.101305e-06
1.089130e-06
1.076996e-06
1.064908e-06
1.052866e-06
1.040875e-06
1.028936e-06
1.017053e-06
1.005228e-06
9.934645e-07
