4.595453e-03
3.774624e-03
2.698467e-03
2.813251e-03
2.100352e-03
3.710469e-03
2.116945e-03
1.906134e-03
1.751086e-03
2.518779e-03
1.975275e-03
1.592291e-03
1.374436e-03
1.582459e-03
1.380902e-03
1.680803e-03
1.218606e-03
1.079819e-03
1.035761e-03
1.366233e-03
1.149445e-03
1.165127e-03
7.897098e-04
1.302757e-03
7.851804e-04
1.648834e-03
6.989569e-04
1.263041e-03
6.479177e-04
1.517849e-03
1.156084e-03
1.930170e-03
1.692095e-03
2.117270e-03
1.298110e-03
1.845839e-03
2.103005e-03
2.950336e-03
3.138598e-03
3.371497e-03
2.197888e-03
3.033727e-03
3.579423e-03
4.656728e-03
2.346664e-03
3.000448e-03
3.969721e-03
5.047905e-03
3.141506e-03
4.212738e-03
4.540404e-03
5.129580e-03
3.075918e-03
4.725139e-03
4.825199e-03
4.299622e-03
3.986774e-03
4.929450e-03
4.008576e-03
3.663157e-03
5.551354e-03
4.316226e-03
3.568805e-03
4.939587e-03
4.013788e-03
3.619284e-03
4.375650e-03
3.641120e-03
3.648278e-03
4.007637e-03
3.214112e-03
3.377673e-03
3.505822e-03
3.547741e-03
3.606141e-03
3.707298e-03
3.006741e-03
2.535805e-03
2.755169e-03
2.890949e-03
3.075718e-03
3.108093e-03
3.099003e-03
3.039975e-03
3.014092e-03
3.013843e-03
2.733215e-03
2.305671e-03
1.836550e-03
1.920888e-03
1.984068e-03
1.970924e-03
1.966644e-03
1.944353e-03
1.919369e-03
1.907296e-03
1.829036e-03
1.754613e-03
1.688925e-03
1.656220e-03
1.628987e-03
1.525279e-03
1.435446e-03
1.373444e-03
1.317793e-03
1.266136e-03
1.154755e-03
1.059971e-03
9.832458e-04
9.143775e-04
8.502863e-04
7.432517e-04
6.529300e-04
5.761998e-04
5.098825e-04
4.910841e-04
4.528690e-04
4.212129e-04
3.941262e-04
3.701916e-04
3.483417e-04
3.107600e-04
2.796921e-04
2.531671e-04
2.298550e-04
2.089511e-04
1.784617e-04
1.533381e-04
1.321013e-04
1.159421e-04
1.024787e-04
1.041276e-04
1.071291e-04
1.102741e-04
1.134937e-04
1.165772e-04
1.137993e-04
1.119588e-04
1.107099e-04
1.100890e-04
1.098687e-04
1.040662e-04
9.959723e-05
9.634704e-05
9.391839e-05
9.191021e-05
8.521286e-05
7.978260e-05
7.775774e-05
7.749676e-05
7.735579e-05
7.377522e-05
7.101656e-05
6.884937e-05
6.712289e-05
6.569003e-05
6.126284e-05
5.778018e-05
5.494772e-05
5.258988e-05
5.058055e-05
4.624193e-05
4.281437e-05
4.002657e-05
3.770551e-05
3.572067e-05
3.206624e-05
2.916047e-05
2.676678e-05
2.474339e-05
2.299995e-05
2.017628e-05
1.816342e-05
1.654885e-05
1.517013e-05
1.397424e-05
1.221405e-05
1.076505e-05
9.544411e-06
8.495757e-06
7.586141e-06
6.363636e-06
5.358223e-06
4.515491e-06
4.024791e-06
3.658625e-06
3.506600e-06
3.505650e-06
3.523806e-06
3.550356e-06
3.574302e-06
3.412084e-06
3.275547e-06
3.163871e-06
3.072868e-06
2.994860e-06
2.776282e-06
2.609498e-06
2.479490e-06
2.395348e-06
2.449889e-06
2.385496e-06
2.340154e-06
2.307542e-06
2.281984e-06
2.259732e-06
2.127749e-06
2.027390e-06
1.949168e-06
1.885193e-06
1.829731e-06
1.684444e-06
1.571543e-06
1.480063e-06
1.402389e-06
1.334335e-06
1.200880e-06
1.096606e-06
1.011962e-06
9.402276e-07
