7.074016e+00
4.052687e+00
2.166955e+00
1.947691e+00
1.268226e+00
1.345325e+00
1.239499e+00
9.657903e-01
6.706569e-01
6.473574e-01
6.249004e-01
5.435175e-01
4.431511e-01
3.592951e-01
2.997762e-01
2.142049e-01
3.010062e-01
1.896086e-01
1.912156e-01
1.433137e-01
1.709050e-01
1.314356e-01
1.181533e-01
1.053259e-01
8.151484e-02
6.800136e-02
7.036772e-02
6.257979e-02
7.668723e-02
7.164253e-02
5.007403e-02
3.019511e-02
2.789475e-02
3.579328e-02
4.638121e-02
4.338063e-02
3.001174e-02
2.823909e-02
3.296263e-02
2.789340e-02
2.304998e-02
2.499280e-02
1.989788e-02
1.802117e-02
1.763933e-02
1.361159e-02
1.836566e-02
1.679148e-02
1.482281e-02
1.413457e-02
1.368503e-02
1.212784e-02
1.160466e-02
1.004334e-02
8.661730e-03
8.623262e-03
8.584859e-03
8.592154e-03
7.660611e-03
6.538864e-03
6.356189e-03
6.367960e-03
7.372767e-03
8.132617e-03
7.643365e-03
7.064488e-03
6.075935e-03
5.344776e-03
5.041037e-03
4.977819e-03
5.229197e-03
4.992447e-03
4.411624e-03
3.283939e-03
3.137269e-03
3.207375e-03
3.852356e-03
4.023054e-03
3.423254e-03
2.457258e-03
2.099274e-03
2.553007e-03
2.783067e-03
2.566082e-03
2.448860e-03
2.178223e-03
1.618583e-03
1.522945e-03
1.725231e-03
1.852952e-03
1.787666e-03
1.543190e-03
1.227588e-03
1.279098e-03
1.424083e-03
1.400789e-03
1.244012e-03
1.143721e-03
1.115500e-03
1.105321e-03
1.088625e-03
1.054269e-03
1.021100e-03
1.003523e-03
9.994939e-04
9.873599e-04
9.496914e-04
9.179297e-04
8.814334e-04
8.538438e-04
8.413708e-04
8.327555e-04
8.148511e-04
7.890510e-04
7.690922e-04
7.588115e-04
7.465407e-04
7.409923e-04
7.364754e-04
7.316569e-04
7.230511e-04
7.095112e-04
6.919598e-04
6.727953e-04
6.549356e-04
6.443605e-04
6.355100e-04
6.244391e-04
6.103994e-04
5.934723e-04
5.759731e-04
5.627320e-04
5.604800e-04
5.557523e-04
5.487564e-04
5.390622e-04
5.267210e-04
5.145755e-04
5.038715e-04
4.964919e-04
4.897764e-04
4.811022e-04
4.705386e-04
4.587344e-04
4.476541e-04
4.407787e-04
4.355210e-04
4.289951e-04
4.209828e-04
4.121530e-04
4.031851e-04
3.950400e-04
3.881940e-04
3.815590e-04
3.748086e-04
3.673586e-04
3.594766e-04
3.522724e-04
3.467566e-04
3.418135e-04
3.364907e-04
3.306442e-04
3.243049e-04
3.179474e-04
3.117957e-04
3.058994e-04
3.001554e-04
2.943818e-04
2.886896e-04
2.833955e-04
2.784272e-04
2.735529e-04
2.686987e-04
2.638299e-04
2.589573e-04
2.541258e-04
2.493948e-04
2.448150e-04
2.404116e-04
2.361770e-04
2.320752e-04
2.280544e-04
2.240638e-04
2.200680e-04
2.160557e-04
2.120402e-04
2.080528e-04
2.041315e-04
2.003099e-04
1.966082e-04
1.930301e-04
1.895640e-04
1.861892e-04
1.828827e-04
1.796255e-04
1.764062e-04
1.732221e-04
1.700769e-04
1.669780e-04
1.639326e-04
1.609459e-04
1.580197e-04
1.551527e-04
1.523418e-04
1.495831e-04
1.468737e-04
1.442115e-04
1.415957e-04
1.390261e-04
1.365029e-04
1.340258e-04
1.315942e-04
1.292069e-04
1.268628e-04
1.245609e-04
1.223004e-04
1.200808e-04
1.179021e-04
1.157640e-04
1.136663e-04
1.116081e-04
1.095886e-04
1.076062e-04
1.056595e-04
1.037471e-04
1.018678e-04
1.000206e-04
9.820499e-05
9.642090e-05
9.466839e-05
9.294762e-05
9.125871e-05
8.960159e-05
8.797594e-05
8.638116e-05
8.481643e-05
8.328078e-05
8.177320e-05
8.029271e-05
7.883849e-05
7.740989e-05
7.600646e-05
7.462788e-05
7.327396e-05
7.194451e-05
7.063930e-05
6.935801e-05
6.810020e-05
6.686535e-05
6.565292e-05
6.446238e-05
6.329327e-05
6.214524e-05
6.101798e-05
5.991127e-05
5.882484e-05
5.775838e-05
5.671153e-05
5.568381e-05
5.467476e-05
5.368387e-05
5.271071e-05
5.175492e-05
5.081621e-05
4.989437e-05
4.898923e-05
4.810058e-05
4.722823e-05
4.637188e-05
4.553121e-05
4.470587e-05
4.389549e-05
4.309973e-05
4.231828e-05
4.155088e-05
4.079731e-05
4.005737e-05
3.933087e-05
3.861761e-05
3.791737e-05
3.722990e-05
3.655495e-05
3.589226e-05
3.524158e-05
3.460265e-05
3.397526e-05
3.335920e-05
3.275428e-05
3.216031e-05
3.157710e-05
3.100448e-05
3.044225e-05
2.989023e-05
2.934824e-05
2.881608e-05
2.829358e-05
2.778056e-05
2.727685e-05
2.678227e-05
2.629667e-05
2.581987e-05
2.535172e-05
2.489205e-05
2.444071e-05
2.399754e-05
2.356240e-05
2.313515e-05
2.271564e-05
2.230373e-05
2.189930e-05
2.150220e-05
2.111231e-05
2.072950e-05
2.035363e-05
1.998457e-05
1.962221e-05
1.926642e-05
1.891708e-05
1.857407e-05
1.823728e-05
1.790659e-05
1.758190e-05
1.726310e-05
1.695008e-05
1.664274e-05
1.634096e-05
1.604466e-05
1.575374e-05
1.546808e-05
1.518761e-05
1.491222e-05
1.464183e-05
1.437633e-05
1.411566e-05
1.385971e-05
1.360840e-05
1.336165e-05
1.311937e-05
1.288148e-05
1.264791e-05
1.241858e-05
1.219340e-05
1.197230e-05
1.175521e-05
1.154207e-05
1.133278e-05
1.112729e-05
1.092553e-05
1.072742e-05
1.053291e-05
1.034192e-05
1.015440e-05
9.970276e-06
9.789490e-06
9.611982e-06
9.437693e-06
9.266565e-06
9.098541e-06
8.933563e-06
8.771577e-06
8.612528e-06
8.456364e-06
8.303030e-06
8.152477e-06
8.004653e-06
7.859510e-06
7.716998e-06
7.577070e-06
7.439680e-06
7.304780e-06
7.172328e-06
7.042276e-06
6.914583e-06
6.789206e-06
6.666101e-06
6.545229e-06
6.426549e-06
6.310020e-06
6.195605e-06
6.083264e-06
5.972960e-06
5.864656e-06
5.758316e-06
5.653904e-06
5.551385e-06
5.450726e-06
5.351891e-06
5.254849e-06
5.159566e-06
5.066011e-06
4.974152e-06
4.883959e-06
4.795401e-06
4.708449e-06
4.623074e-06
4.539246e-06
4.456939e-06
4.376124e-06
4.296775e-06
4.218864e-06
4.142366e-06
4.067255e-06
3.993506e-06
3.921095e-06
3.849996e-06
3.780187e-06
3.711643e-06
3.644342e-06
3.578261e-06
3.513379e-06
3.449673e-06
3.387122e-06
3.325706e-06
3.265403e-06
3.206193e-06
3.148058e-06
3.090976e-06
3.034929e-06
2.979899e-06
2.925866e-06
2.872813e-06
2.820722e-06
2.769576e-06
2.719357e-06
2.670049e-06
2.621634e-06
2.574098e-06
2.527423e-06
2.481595e-06
2.436598e-06
2.392417e-06
2.349037e-06
2.306443e-06
2.264622e-06
2.223559e-06
2.183241e-06
2.143653e-06
2.104784e-06
2.066619e-06
2.029146e-06
1.992353e-06
1.956227e-06
1.920756e-06
1.885928e-06
1.851732e-06
1.818155e-06
1.785188e-06
1.752818e-06
1.721036e-06
1.689829e-06
1.659189e-06
1.629103e-06
1.599564e-06
1.570560e-06
1.542082e-06
1.514121e-06
1.486666e-06
1.459709e-06
1.433241e-06
1.407253e-06
1.381736e-06
1.356682e-06
1.332083e-06
1.307928e-06
1.284213e-06
1.260927e-06
1.238063e-06
1.215614e-06
1.193572e-06
1.171930e-06
1.150680e-06
1.129816e-06
1.109329e-06
1.089215e-06
1.069465e-06
1.050073e-06
1.031032e-06
1.012337e-06
9.939813e-07
