1.055562e-03
7.688202e-04
4.815653e-04
3.136289e-04
4.251991e-04
5.588918e-04
3.465046e-04
1.887249e-04
1.596905e-04
2.360449e-04
3.209340e-04
1.817514e-04
9.609643e-05
7.451843e-05
1.018187e-04
1.331417e-04
7.175055e-05
3.873000e-05
2.894701e-05
4.016429e-05
5.599565e-05
3.063935e-05
1.676835e-05
1.331948e-05
2.029168e-05
3.065512e-05
1.728495e-05
9.538463e-06
7.978765e-06
1.278587e-05
1.988427e-05
1.132368e-05
6.274822e-06
5.337746e-06
8.713417e-06
1.373504e-05
7.854253e-06
4.364392e-06
3.746133e-06
6.181872e-06
9.826563e-06
5.633673e-06
3.136757e-06
2.708132e-06
4.501211e-06
7.195524e-06
4.133300e-06
2.304827e-06
1.999128e-06
3.340643e-06
5.363883e-06
3.085943e-06
1.722865e-06
1.499510e-06
2.515906e-06
4.054429e-06
2.335741e-06
1.305296e-06
1.139364e-06
1.917967e-06
3.100392e-06
1.788235e-06
1.000116e-06
8.751248e-07
