9.124842e-04
6.706798e-04
4.395684e-04
2.896343e-04
4.515900e-04
6.657372e-04
4.040630e-04
2.061689e-04
1.662257e-04
2.276012e-04
3.058579e-04
1.727667e-04
9.193081e-05
7.249550e-05
1.006174e-04
1.319825e-04
7.125248e-05
3.829959e-05
2.874474e-05
4.019394e-05
5.648454e-05
3.097747e-05
1.687299e-05
1.346652e-05
2.069556e-05
3.135412e-05
1.770877e-05
9.721212e-06
8.158615e-06
1.316456e-05
2.048593e-05
1.168762e-05
6.439371e-06
5.491481e-06
9.029005e-06
1.425439e-05
8.164814e-06
4.510138e-06
3.879554e-06
6.451280e-06
1.027849e-05
5.901378e-06
3.265534e-06
2.825134e-06
4.733230e-06
7.588203e-06
4.362938e-06
2.417193e-06
2.099583e-06
3.536555e-06
5.696578e-06
3.278431e-06
1.818010e-06
1.583985e-06
2.679098e-06
4.332276e-06
2.495000e-06
1.384562e-06
1.209311e-06
2.052151e-06
3.329724e-06
1.918665e-06
1.065350e-06
9.323951e-07
