4.459128e-03
3.632318e-03
2.753170e-03
2.718548e-03
2.233691e-03
2.384013e-03
1.597500e-03
1.933795e-03
1.392655e-03
1.505028e-03
1.525679e-03
1.267713e-03
1.062889e-03
1.178639e-03
1.056079e-03
1.170857e-03
9.318036e-04
8.150888e-04
7.912459e-04
8.021971e-04
8.759244e-04
7.160935e-04
6.009366e-04
6.054365e-04
5.941047e-04
6.680693e-04
5.286923e-04
4.619623e-04
4.487052e-04
4.610051e-04
4.961232e-04
4.004280e-04
3.448538e-04
3.806767e-04
3.720285e-04
4.339336e-04
3.210448e-04
3.467549e-04
2.802623e-04
3.845617e-04
3.029617e-04
3.656939e-04
2.269194e-04
3.663791e-04
2.246835e-04
4.105016e-04
1.973545e-04
3.551542e-04
1.701018e-04
3.640595e-04
1.719965e-04
3.307782e-04
1.564607e-04
3.409965e-04
2.058709e-04
4.106033e-04
2.806588e-04
4.369486e-04
3.433667e-04
4.990213e-04
3.954402e-04
5.400578e-04
4.629306e-04
5.752932e-04
4.958285e-04
6.060651e-04
5.807543e-04
6.784064e-04
5.483807e-04
5.711258e-04
4.541315e-04
4.632745e-04
3.450316e-04
3.395645e-04
2.845805e-04
2.348862e-04
2.591695e-04
2.765558e-04
2.526507e-04
3.139587e-04
2.799911e-04
3.439391e-04
3.215935e-04
3.626294e-04
3.311338e-04
3.682586e-04
3.342969e-04
3.553455e-04
3.667542e-04
3.585341e-04
3.961159e-04
3.731460e-04
3.909588e-04
3.718359e-04
3.875169e-04
3.659005e-04
3.662395e-04
3.358497e-04
3.342940e-04
3.068227e-04
3.088465e-04
2.695603e-04
2.564200e-04
2.248594e-04
2.163045e-04
1.883444e-04
1.705634e-04
1.367040e-04
1.320140e-04
1.360520e-04
1.432531e-04
1.517040e-04
1.714374e-04
1.767925e-04
1.932029e-04
1.950078e-04
2.090182e-04
2.096510e-04
2.185255e-04
2.160914e-04
2.231190e-04
2.171121e-04
2.190987e-04
2.127075e-04
2.136644e-04
2.039105e-04
2.136872e-04
2.290124e-04
2.376435e-04
2.504196e-04
2.561429e-04
2.629536e-04
2.640306e-04
2.652486e-04
2.622656e-04
2.635961e-04
2.533202e-04
2.463377e-04
2.361308e-04
2.291078e-04
2.189210e-04
2.039156e-04
1.859111e-04
1.710981e-04
1.543058e-04
1.412033e-04
1.187973e-04
9.890633e-05
8.877454e-05
9.131611e-05
9.311527e-05
9.324580e-05
9.537679e-05
9.917710e-05
1.016393e-04
1.036114e-04
1.036000e-04
1.028829e-04
1.012378e-04
9.938830e-05
9.796735e-05
1.028749e-04
1.092193e-04
1.139963e-04
1.187353e-04
1.219037e-04
1.223131e-04
1.218082e-04
1.217566e-04
1.208093e-04
1.203711e-04
1.152108e-04
1.107446e-04
1.059797e-04
1.018335e-04
9.744647e-05
8.955392e-05
8.155783e-05
7.442121e-05
6.738426e-05
6.128475e-05
5.147329e-05
4.237326e-05
4.157463e-05
4.256168e-05
4.344535e-05
4.379719e-05
4.762805e-05
5.084849e-05
5.334693e-05
5.556406e-05
5.769157e-05
5.908564e-05
5.956591e-05
5.972708e-05
5.936800e-05
5.857058e-05
6.087086e-05
6.450364e-05
6.784573e-05
7.066801e-05
7.196142e-05
7.298127e-05
7.392666e-05
7.452416e-05
7.502593e-05
7.319374e-05
7.139646e-05
6.951581e-05
6.764435e-05
6.571033e-05
6.141036e-05
5.708236e-05
5.299292e-05
4.888217e-05
4.512798e-05
3.921795e-05
3.345745e-05
2.801385e-05
2.347788e-05
2.476957e-05
2.585329e-05
2.661882e-05
2.715229e-05
2.826807e-05
2.946436e-05
3.036238e-05
3.086253e-05
3.159659e-05
3.206424e-05
3.217439e-05
3.224183e-05
3.273765e-05
3.488031e-05
3.678243e-05
3.842975e-05
3.910807e-05
3.967815e-05
4.015294e-05
4.048263e-05
4.072694e-05
3.968361e-05
3.865828e-05
3.763301e-05
3.660825e-05
3.560179e-05
3.323938e-05
3.094057e-05
2.876280e-05
2.668059e-05
2.474867e-05
2.158047e-05
1.852973e-05
1.566280e-05
1.384793e-05
1.430844e-05
1.443128e-05
1.454188e-05
1.573749e-05
1.679192e-05
1.769685e-05
1.883318e-05
1.958921e-05
2.008299e-05
2.039111e-05
2.051384e-05
2.048869e-05
2.024251e-05
2.082188e-05
2.216278e-05
2.334976e-05
2.402392e-05
2.463036e-05
2.516325e-05
2.559225e-05
2.593807e-05
2.554116e-05
2.512826e-05
2.470317e-05
2.424481e-05
2.377502e-05
2.240764e-05
2.106960e-05
1.979133e-05
1.856212e-05
1.740908e-05
1.550821e-05
1.363312e-05
1.186082e-05
1.019673e-05
8.661263e-06
8.497231e-06
8.929261e-06
9.275490e-06
9.550553e-06
9.768189e-06
1.013734e-05
1.057470e-05
1.101337e-05
1.132016e-05
1.152015e-05
1.173682e-05
1.176871e-05
1.167227e-05
1.228089e-05
1.304207e-05
1.350529e-05
1.392837e-05
1.430132e-05
1.461499e-05
1.487830e-05
1.470901e-05
1.453430e-05
1.435244e-05
1.415364e-05
1.395006e-05
1.325239e-05
1.257437e-05
1.192388e-05
1.129579e-05
1.070424e-05
9.637139e-06
8.605367e-06
7.632490e-06
6.717912e-06
5.874656e-06
5.029661e-06
5.155830e-06
5.256943e-06
5.338070e-06
5.638918e-06
6.224919e-06
6.649963e-06
6.989079e-06
7.252514e-06
7.452708e-06
7.679330e-06
7.788452e-06
7.811601e-06
7.777894e-06
7.701824e-06
7.997747e-06
8.367575e-06
8.704046e-06
9.001118e-06
9.261949e-06
9.284377e-06
9.297069e-06
9.300418e-06
9.286866e-06
9.264286e-06
8.949132e-06
8.641173e-06
8.343451e-06
8.051586e-06
7.773398e-06
7.191457e-06
6.627145e-06
6.092996e-06
5.586636e-06
5.117092e-06
4.380111e-06
3.668686e-06
3.104473e-06
3.203743e-06
3.288360e-06
3.287242e-06
3.360322e-06
3.638307e-06
3.863531e-06
4.058784e-06
4.314770e-06
4.484511e-06
4.595082e-06
4.654931e-06
4.674839e-06
4.676263e-06
4.629023e-06
4.803384e-06
5.064905e-06
5.297449e-06
5.406511e-06
5.504170e-06
5.589311e-06
5.657451e-06
5.712663e-06
5.601164e-06
5.490357e-06
5.380660e-06
5.268579e-06
5.158616e-06
4.863506e-06
4.576952e-06
4.303920e-06
4.042238e-06
3.797507e-06
3.378812e-06
2.974044e-06
2.593187e-06
2.236512e-06
1.908406e-06
1.936561e-06
1.969024e-06
1.993214e-06
2.030218e-06
2.176167e-06
2.378287e-06
2.525710e-06
2.635895e-06
2.717032e-06
2.774445e-06
2.832065e-06
2.850408e-06
2.839937e-06
2.810570e-06
2.963806e-06
3.086832e-06
3.200250e-06
3.302251e-06
3.390609e-06
3.466890e-06
3.449222e-06
3.429279e-06
3.407017e-06
3.379891e-06
3.350719e-06
3.210123e-06
3.073181e-06
2.941178e-06
2.812759e-06
2.691005e-06
2.457839e-06
2.231878e-06
2.018174e-06
1.816201e-06
1.629289e-06
1.348275e-06
1.159470e-06
1.192220e-06
1.219714e-06
1.242304e-06
1.278535e-06
1.391587e-06
1.480448e-06
1.553894e-06
1.612368e-06
1.685111e-06
1.729848e-06
1.750544e-06
1.755028e-06
1.747571e-06
1.728546e-06
1.819971e-06
1.911784e-06
1.993250e-06
2.065131e-06
2.085440e-06
2.102593e-06
2.116287e-06
2.124892e-06
2.130058e-06
2.069864e-06
2.010771e-06
1.953004e-06
1.895535e-06
1.840135e-06
1.714947e-06
1.593511e-06
1.478108e-06
1.368119e-06
1.265682e-06
1.100280e-06
9.405038e-07
