1.777778e+00
1.295850e+00
6.824880e-01
4.437695e-01
3.019673e-01
3.083259e-01
3.073915e-01
2.596002e-01
2.035657e-01
1.723126e-01
1.719078e-01
1.588114e-01
1.425722e-01
1.173456e-01
6.620330e-02
5.214453e-02
9.687875e-02
4.360636e-02
5.843422e-02
4.048205e-02
4.722832e-02
3.593064e-02
2.637093e-02
2.666645e-02
2.199846e-02
1.363459e-02
1.646505e-02
1.060837e-02
1.726529e-02
2.048863e-02
1.855328e-02
1.249047e-02
9.360548e-03
9.975568e-03
1.103430e-02
1.110934e-02
9.918625e-03
6.343450e-03
6.497823e-03
7.053221e-03
5.579022e-03
8.068126e-03
8.312183e-03
6.226116e-03
4.715734e-03
4.846685e-03
3.840010e-03
4.662771e-03
3.836416e-03
3.441707e-03
3.552860e-03
3.146781e-03
3.101645e-03
2.745832e-03
2.591935e-03
2.506734e-03
2.487113e-03
2.683624e-03
2.514086e-03
2.181264e-03
1.659343e-03
1.462907e-03
1.462532e-03
1.659561e-03
1.908213e-03
1.775768e-03
1.607852e-03
1.183913e-03
9.269504e-04
1.366623e-03
1.396743e-03
1.300329e-03
1.083565e-03
6.886748e-04
3.195299e-04
4.836221e-04
7.942692e-04
8.456419e-04
6.408225e-04
3.455532e-04
1.647282e-04
4.238940e-04
5.491938e-04
4.951952e-04
3.485954e-04
2.201244e-04
1.134042e-04
1.880793e-04
2.390067e-04
2.339694e-04
1.855707e-04
1.217271e-04
1.405747e-04
1.358028e-04
1.284850e-04
1.173728e-04
7.956218e-05
5.872735e-05
9.071996e-05
1.098554e-04
1.060450e-04
8.184024e-05
4.392663e-05
5.863070e-05
7.312639e-05
7.100223e-05
7.012790e-05
6.194375e-05
4.064201e-05
2.358256e-05
3.899872e-05
4.665665e-05
4.417814e-05
4.088211e-05
2.763762e-05
2.387218e-05
2.608649e-05
2.528957e-05
3.177123e-05
2.953568e-05
2.017985e-05
1.917232e-05
1.801096e-05
1.650527e-05
2.076030e-05
1.967596e-05
1.581183e-05
1.784191e-05
1.730794e-05
1.384926e-05
1.032384e-05
9.836823e-06
7.344602e-06
9.346586e-06
1.132400e-05
1.140839e-05
9.278697e-06
6.701305e-06
6.273972e-06
6.361970e-06
7.844208e-06
8.133578e-06
6.903822e-06
4.956766e-06
2.907928e-06
3.506127e-06
4.626112e-06
5.605872e-06
5.414671e-06
4.493835e-06
2.758246e-06
1.573927e-06
2.384307e-06
3.283991e-06
3.536870e-06
2.961968e-06
1.773487e-06
7.891663e-07
