3.245521e-03
1.211501e-03
7.401553e-04
6.019553e-04
4.566351e-04
4.163099e-04
3.595330e-04
3.391482e-04
3.113803e-04
2.914143e-04
2.766746e-04
2.584404e-04
2.488040e-04
2.379672e-04
2.263953e-04
2.183014e-04
2.110761e-04
2.041496e-04
1.981875e-04
1.935279e-04
1.901713e-04
1.872772e-04
1.849912e-04
1.836986e-04
2.184640e-04
3.349595e-04
4.538735e-04
5.599550e-04
5.319712e-04
5.810606e-04
5.595852e-04
5.832927e-04
5.644849e-04
5.523697e-04
5.406407e-04
5.050244e-04
4.836001e-04
4.654637e-04
4.772504e-04
4.310446e-04
4.015473e-04
3.818558e-04
3.808777e-04
3.657044e-04
3.923643e-04
3.589641e-04
3.407978e-04
3.261867e-04
3.183702e-04
3.123400e-04
3.493980e-04
3.942711e-04
4.498586e-04
4.310423e-04
4.219685e-04
4.084540e-04
3.994252e-04
3.791534e-04
3.716749e-04
3.956810e-04
4.558183e-04
4.287301e-04
4.080453e-04
3.905335e-04
3.756029e-04
3.530098e-04
3.339003e-04
3.191369e-04
3.072087e-04
3.040466e-04
3.577015e-04
3.995263e-04
4.382738e-04
4.095657e-04
3.845578e-04
3.623648e-04
3.421985e-04
3.231513e-04
2.976324e-04
2.755824e-04
2.551777e-04
2.447652e-04
2.468589e-04
2.480664e-04
2.484291e-04
2.466674e-04
2.433212e-04
2.387611e-04
2.330301e-04
2.235288e-04
2.142355e-04
2.051568e-04
1.958980e-04
1.827739e-04
2.153572e-04
2.375515e-04
2.583228e-04
2.707989e-04
2.777739e-04
2.807342e-04
2.805780e-04
2.777272e-04
2.723650e-04
2.658749e-04
2.588517e-04
2.517474e-04
2.450030e-04
2.395715e-04
2.349447e-04
2.306538e-04
2.269302e-04
2.233907e-04
2.203855e-04
2.177650e-04
2.006036e-04
1.565153e-04
1.254586e-04
1.117652e-04
1.100523e-04
1.083734e-04
1.067225e-04
1.052241e-04
1.037845e-04
1.036076e-04
1.047156e-04
1.058890e-04
1.072059e-04
1.086539e-04
1.102130e-04
1.118529e-04
1.136177e-04
1.155173e-04
1.176619e-04
1.198303e-04
1.220347e-04
1.242602e-04
1.265141e-04
1.287985e-04
1.311427e-04
1.335558e-04
1.360457e-04
1.385837e-04
1.412105e-04
1.439123e-04
1.161747e-04
1.104720e-04
1.127599e-04
1.146329e-04
1.162997e-04
1.179310e-04
1.196438e-04
1.215260e-04
1.236326e-04
1.260030e-04
1.286629e-04
1.334567e-04
1.386502e-04
1.439639e-04
1.493973e-04
1.550460e-04
1.606587e-04
1.662979e-04
1.719440e-04
1.776084e-04
1.832952e-04
1.890019e-04
1.975396e-04
2.078377e-04
2.186109e-04
2.298790e-04
2.416579e-04
2.516931e-04
2.606426e-04
2.688193e-04
2.764453e-04
2.836726e-04
2.905991e-04
2.972807e-04
3.037392e-04
3.099696e-04
3.160490e-04
3.228718e-04
3.323130e-04
3.412872e-04
3.496024e-04
3.569749e-04
3.694748e-04
3.693982e-04
3.609607e-04
3.471587e-04
3.301070e-04
2.984052e-04
2.040652e-04
1.486463e-04
1.129040e-04
8.491428e-05
6.358845e-05
5.275655e-05
5.040032e-05
4.804045e-05
4.568777e-05
4.333561e-05
4.100712e-05
3.874323e-05
3.733228e-05
3.590974e-05
3.447897e-05
3.304396e-05
3.160882e-05
3.107571e-05
3.059645e-05
3.011736e-05
2.964221e-05
2.917368e-05
2.871362e-05
2.826318e-05
2.910562e-05
3.024300e-05
3.138774e-05
3.321048e-05
3.550306e-05
3.771363e-05
3.982470e-05
4.182559e-05
4.370964e-05
4.547260e-05
4.709352e-05
4.859315e-05
4.996964e-05
5.122182e-05
5.234913e-05
5.335163e-05
5.422995e-05
5.498535e-05
5.561965e-05
5.613859e-05
5.650696e-05
5.674017e-05
5.657019e-05
5.641857e-05
5.660627e-05
6.090424e-05
6.453426e-05
6.648273e-05
6.849887e-05
7.046914e-05
7.229206e-05
7.394879e-05
7.540813e-05
7.665042e-05
7.603784e-05
7.786494e-05
8.131691e-05
8.591490e-05
9.107008e-05
9.649846e-05
1.019294e-04
1.072908e-04
1.124107e-04
1.172895e-04
1.218582e-04
1.260685e-04
1.298864e-04
1.332889e-04
1.362612e-04
1.387943e-04
1.408840e-04
1.425300e-04
1.437361e-04
1.445061e-04
1.448458e-04
1.447644e-04
1.442736e-04
1.433871e-04
1.420530e-04
1.403987e-04
1.384292e-04
1.361550e-04
1.335911e-04
1.307558e-04
1.276697e-04
1.243551e-04
1.208353e-04
1.171346e-04
1.132777e-04
1.092895e-04
1.051945e-04
1.010172e-04
9.740415e-05
9.412400e-05
9.071230e-05
8.719369e-05
8.359201e-05
7.993006e-05
7.622952e-05
7.251079e-05
6.879294e-05
6.509358e-05
6.142890e-05
5.781359e-05
5.426090e-05
5.078264e-05
4.738921e-05
4.408969e-05
4.089186e-05
3.780231e-05
3.482653e-05
3.200303e-05
2.928898e-05
2.669420e-05
2.422412e-05
2.188147e-05
1.966727e-05
1.758145e-05
1.562314e-05
1.379093e-05
1.208299e-05
1.085915e-05
9.879120e-06
9.012373e-06
8.775242e-06
8.696511e-06
8.617445e-06
8.538004e-06
8.458234e-06
8.378236e-06
8.298138e-06
8.234546e-06
8.170753e-06
8.106463e-06
8.041831e-06
7.977008e-06
7.912141e-06
7.847361e-06
7.782790e-06
7.718531e-06
7.797592e-06
8.293077e-06
8.826667e-06
9.394613e-06
9.993217e-06
1.061884e-05
1.126790e-05
1.193688e-05
1.262235e-05
1.308665e-05
1.370493e-05
1.445247e-05
1.530640e-05
1.624630e-05
1.725424e-05
1.831472e-05
1.941437e-05
2.054167e-05
2.168665e-05
2.286077e-05
2.402693e-05
2.518531e-05
2.633267e-05
2.746416e-05
2.857453e-05
2.965862e-05
3.071171e-05
3.172951e-05
3.270817e-05
3.364421e-05
3.453451e-05
3.537622e-05
3.610014e-05
3.678563e-05
3.743074e-05
3.803326e-05
3.859089e-05
3.910131e-05
3.956236e-05
3.997200e-05
4.032846e-05
4.063801e-05
4.090745e-05
4.112594e-05
4.128746e-05
4.138895e-05
4.142925e-05
4.140838e-05
4.132714e-05
4.118681e-05
4.098904e-05
4.073572e-05
4.042894e-05
4.007092e-05
3.966404e-05
3.921077e-05
3.871368e-05
3.817543e-05
3.759875e-05
3.698639e-05
3.634117e-05
3.566591e-05
3.496344e-05
3.423659e-05
3.348814e-05
3.272084e-05
3.193738e-05
3.114039e-05
3.033242e-05
2.951591e-05
2.872123e-05
2.821072e-05
2.767669e-05
2.712119e-05
2.654626e-05
2.595394e-05
2.534622e-05
2.472510e-05
2.409250e-05
2.345032e-05
2.280040e-05
2.214451e-05
2.148436e-05
2.082161e-05
2.015781e-05
1.949447e-05
1.883300e-05
1.817475e-05
1.752096e-05
1.687282e-05
1.623142e-05
1.559779e-05
1.497285e-05
1.435748e-05
1.375246e-05
1.315850e-05
1.257624e-05
1.200627e-05
1.144875e-05
1.090444e-05
1.037372e-05
9.856938e-06
9.354374e-06
8.866261e-06
8.392783e-06
7.934079e-06
7.490244e-06
7.061331e-06
6.647356e-06
6.248299e-06
5.864106e-06
5.494693e-06
5.139945e-06
4.799722e-06
4.473860e-06
4.162172e-06
3.864450e-06
3.580470e-06
3.309990e-06
3.052752e-06
2.808486e-06
2.576912e-06
2.451126e-06
2.422794e-06
2.394747e-06
2.366994e-06
2.339540e-06
2.312392e-06
2.285555e-06
2.259033e-06
2.232828e-06
2.206945e-06
2.181384e-06
2.156147e-06
2.131235e-06
2.106648e-06
2.082384e-06
2.058444e-06
2.034825e-06
2.011525e-06
1.988544e-06
1.965877e-06
1.943522e-06
1.921475e-06
1.899734e-06
1.878294e-06
1.857153e-06
1.836304e-06
1.815746e-06
1.795472e-06
1.775479e-06
1.755763e-06
1.736318e-06
1.717139e-06
1.698223e-06
1.679564e-06
1.661157e-06
1.642998e-06
1.625081e-06
1.607402e-06
1.589955e-06
1.572736e-06
1.555740e-06
1.538962e-06
1.522397e-06
1.506040e-06
1.489886e-06
1.473931e-06
1.458170e-06
1.442599e-06
1.431536e-06
1.439108e-06
1.445345e-06
1.450208e-06
1.453663e-06
1.455687e-06
1.456258e-06
1.455364e-06
1.453000e-06
1.449165e-06
1.443864e-06
1.437108e-06
1.428914e-06
1.419302e-06
1.408299e-06
1.395934e-06
1.382243e-06
1.367264e-06
1.351038e-06
1.333610e-06
1.315030e-06
1.295347e-06
1.274615e-06
1.252890e-06
1.230230e-06
1.206692e-06
1.182338e-06
1.157230e-06
1.131429e-06
1.104998e-06
1.078003e-06
1.050505e-06
1.022568e-06
1.000180e-06
9.892150e-07
