5.516262e-03
2.215334e-03
1.611381e-03
1.680457e-03
7.727265e-04
1.141017e-03
4.611368e-04
5.991174e-04
6.379259e-04
7.335428e-04
7.383117e-04
4.718779e-04
4.632288e-04
5.100325e-04
5.603227e-04
5.949627e-04
4.259646e-04
4.082040e-04
4.216527e-04
4.833024e-04
5.825613e-04
3.618773e-04
5.477793e-04
6.740529e-04
7.625659e-04
8.011838e-04
6.525050e-04
9.101310e-04
1.145356e-03
1.329649e-03
1.377969e-03
9.988284e-04
1.265325e-03
1.536532e-03
1.588648e-03
1.355107e-03
1.573550e-03
1.485782e-03
1.364695e-03
1.388226e-03
1.661905e-03
1.222386e-03
1.295831e-03
1.362525e-03
1.244932e-03
1.301312e-03
1.319612e-03
1.386518e-03
1.409792e-03
1.411463e-03
1.509999e-03
1.433826e-03
1.450167e-03
1.480365e-03
1.489999e-03
1.485877e-03
1.479903e-03
1.480536e-03
1.421406e-03
1.416206e-03
1.476457e-03
1.410973e-03
1.371905e-03
1.373071e-03
1.405672e-03
1.402464e-03
1.384546e-03
1.377508e-03
1.361008e-03
1.387976e-03
1.425174e-03
1.355190e-03
1.385771e-03
1.376544e-03
1.451431e-03
1.566972e-03
1.673041e-03
1.807678e-03
1.945136e-03
2.083532e-03
2.219062e-03
2.335207e-03
2.455946e-03
2.559728e-03
2.639057e-03
2.684815e-03
2.627703e-03
2.900973e-03
3.217041e-03
3.546126e-03
3.877817e-03
4.063205e-03
4.201738e-03
4.270303e-03
4.248817e-03
4.121801e-03
3.699665e-03
3.536874e-03
4.374568e-03
4.930207e-03
5.563632e-03
5.941194e-03
5.947155e-03
5.820970e-03
5.615571e-03
5.308483e-03
4.695405e-03
4.560446e-03
4.827155e-03
5.202628e-03
5.588682e-03
5.552211e-03
5.533479e-03
5.472138e-03
5.429685e-03
5.330143e-03
5.045187e-03
4.833832e-03
4.653781e-03
4.476466e-03
4.285196e-03
3.888141e-03
3.683700e-03
3.400731e-03
3.151721e-03
2.923153e-03
2.565252e-03
2.262929e-03
1.998473e-03
1.763301e-03
1.555405e-03
1.282133e-03
1.102050e-03
1.049079e-03
1.106790e-03
1.154755e-03
1.153756e-03
1.157469e-03
1.163499e-03
1.310049e-03
1.417555e-03
1.514909e-03
1.543546e-03
1.487031e-03
1.338959e-03
1.112107e-03
8.738694e-04
7.524920e-04
6.879960e-04
5.907604e-04
5.950334e-04
6.799834e-04
7.384595e-04
8.376353e-04
8.777534e-04
8.550761e-04
8.120468e-04
7.393019e-04
6.541360e-04
5.596666e-04
4.571680e-04
3.713477e-04
2.781035e-04
2.457682e-04
2.506748e-04
2.531287e-04
2.837806e-04
3.222060e-04
3.524039e-04
3.687532e-04
3.694604e-04
3.885822e-04
4.065399e-04
4.107026e-04
4.003873e-04
3.765090e-04
3.526481e-04
3.161809e-04
2.685689e-04
2.124213e-04
1.565629e-04
1.554220e-04
1.480330e-04
1.346600e-04
1.405262e-04
1.579835e-04
1.662988e-04
1.848999e-04
1.970362e-04
1.967748e-04
1.870323e-04
1.745213e-04
1.589987e-04
1.392466e-04
1.157844e-04
9.017967e-05
6.750308e-05
6.641623e-05
6.478775e-05
6.061951e-05
6.081563e-05
6.766864e-05
7.234425e-05
7.810451e-05
8.476947e-05
8.621680e-05
8.510424e-05
8.080698e-05
7.475099e-05
6.621057e-05
5.561724e-05
4.581669e-05
3.455672e-05
3.220608e-05
3.095943e-05
2.839769e-05
2.792576e-05
3.173273e-05
3.422146e-05
3.676696e-05
3.966608e-05
4.077430e-05
3.998720e-05
3.762310e-05
3.424773e-05
2.996195e-05
2.598719e-05
2.117433e-05
1.582037e-05
1.437721e-05
1.377964e-05
1.307341e-05
1.188927e-05
1.345802e-05
1.452407e-05
1.600423e-05
1.764814e-05
1.830942e-05
1.792272e-05
1.671849e-05
1.496927e-05
1.336187e-05
1.129367e-05
8.884596e-06
8.195328e-06
8.142364e-06
8.058594e-06
7.987996e-06
7.927152e-06
7.871824e-06
8.203877e-06
8.471156e-06
9.213006e-06
9.455244e-06
9.198908e-06
8.589395e-06
7.944486e-06
7.432646e-06
7.388042e-06
7.344379e-06
7.301101e-06
7.234430e-06
7.180729e-06
7.134106e-06
7.089899e-06
7.047013e-06
6.977807e-06
6.922363e-06
6.874989e-06
6.830926e-06
6.788722e-06
6.718359e-06
6.661931e-06
6.614093e-06
6.570194e-06
6.528583e-06
6.457974e-06
6.401086e-06
6.352998e-06
6.309229e-06
6.268093e-06
6.198337e-06
6.142364e-06
6.095365e-06
6.052908e-06
6.013153e-06
5.945501e-06
5.891668e-06
5.846584e-06
5.805703e-06
5.767247e-06
5.701683e-06
5.649854e-06
5.606541e-06
5.567152e-06
5.529969e-06
5.466450e-06
5.416543e-06
5.374931e-06
5.336994e-06
5.301067e-06
5.239510e-06
5.191427e-06
5.155737e-06
5.122551e-06
5.090256e-06
5.039721e-06
5.001642e-06
4.968270e-06
4.935867e-06
4.904286e-06
4.854856e-06
4.817809e-06
4.785337e-06
4.753723e-06
4.722878e-06
4.674588e-06
4.638569e-06
4.606996e-06
4.576192e-06
4.546109e-06
4.498964e-06
4.463957e-06
4.433281e-06
4.403304e-06
4.373997e-06
4.327976e-06
4.293952e-06
4.264157e-06
4.235002e-06
4.206473e-06
4.161566e-06
4.294485e-06
4.829590e-06
5.091531e-06
5.478463e-06
5.923139e-06
5.984431e-06
5.738265e-06
5.270882e-06
4.584478e-06
3.929374e-06
3.859368e-06
3.837154e-06
3.811839e-06
3.785209e-06
3.747660e-06
3.722093e-06
3.698377e-06
3.672952e-06
3.707173e-06
3.980106e-06
4.082053e-06
3.945676e-06
3.658278e-06
3.513017e-06
3.478618e-06
3.461082e-06
3.439752e-06
3.414447e-06
3.388361e-06
3.359542e-06
3.339040e-06
3.316494e-06
3.291499e-06
3.266531e-06
3.237650e-06
3.366135e-06
3.352008e-06
3.185358e-06
3.148587e-06
3.119751e-06
3.098873e-06
3.076817e-06
3.052867e-06
3.029027e-06
2.998965e-06
2.976679e-06
2.954200e-06
2.930656e-06
2.907626e-06
2.877701e-06
2.855586e-06
2.833969e-06
2.811734e-06
2.790026e-06
2.761520e-06
2.740542e-06
2.719898e-06
2.698535e-06
2.677624e-06
2.650237e-06
2.630119e-06
2.719827e-06
2.974306e-06
3.022032e-06
2.952673e-06
2.765333e-06
2.534113e-06
2.516947e-06
2.497727e-06
2.478541e-06
2.465300e-06
2.448869e-06
2.429337e-06
2.409327e-06
2.387756e-06
2.372530e-06
2.355447e-06
2.336214e-06
2.316873e-06
2.294168e-06
2.277749e-06
2.260397e-06
2.241614e-06
2.222998e-06
2.199722e-06
2.182506e-06
2.165064e-06
2.146775e-06
2.128881e-06
2.105513e-06
2.088073e-06
2.071094e-06
2.053766e-06
2.036963e-06
2.014791e-06
1.998419e-06
1.982382e-06
1.965891e-06
1.949836e-06
1.928692e-06
1.913119e-06
1.897809e-06
1.882020e-06
1.866631e-06
1.846413e-06
1.831545e-06
1.816894e-06
1.801757e-06
1.786991e-06
1.767622e-06
1.753394e-06
1.739352e-06
1.724824e-06
1.936544e-06
2.125946e-06
2.225509e-06
2.394244e-06
2.537600e-06
2.517876e-06
2.451028e-06
2.304537e-06
2.051788e-06
1.717562e-06
1.605259e-06
1.600230e-06
1.590736e-06
1.577800e-06
1.562385e-06
1.547154e-06
1.537675e-06
1.528597e-06
1.682863e-06
1.821785e-06
1.845091e-06
1.788256e-06
1.692372e-06
1.537325e-06
1.454686e-06
1.440753e-06
1.433454e-06
1.425919e-06
1.413822e-06
1.399699e-06
1.385829e-06
1.376624e-06
1.367884e-06
1.355919e-06
1.342698e-06
1.342606e-06
1.387119e-06
1.375555e-06
1.308367e-06
1.289226e-06
1.276732e-06
1.267149e-06
1.258282e-06
1.246758e-06
1.234174e-06
1.222060e-06
1.211554e-06
1.202076e-06
1.190681e-06
1.178608e-06
1.167094e-06
1.156062e-06
1.146332e-06
1.135420e-06
1.124198e-06
1.113575e-06
1.103323e-06
1.094423e-06
1.084294e-06
1.073744e-06
1.063694e-06
1.054100e-06
1.045750e-06
1.036153e-06
1.029852e-06
1.054600e-06
1.050739e-06
1.002889e-06
9.940351e-07
