1.056213e-03
7.686509e-04
4.805385e-04
3.130498e-04
4.242581e-04
5.579756e-04
3.459064e-04
1.883665e-04
1.593489e-04
2.354182e-04
3.199613e-04
1.811354e-04
9.575180e-05
7.418180e-05
1.012277e-04
1.321979e-04
7.118822e-05
3.841190e-05
2.865168e-05
3.963695e-05
5.510672e-05
3.011270e-05
1.646998e-05
1.304350e-05
1.980591e-05
2.984509e-05
1.680929e-05
9.269284e-06
7.734714e-06
1.235902e-05
1.918250e-05
1.091627e-05
6.043946e-06
5.132544e-06
8.360235e-06
1.316158e-05
7.523983e-06
4.177149e-06
3.582376e-06
5.904946e-06
9.378948e-06
5.377792e-06
2.991482e-06
2.582611e-06
4.289079e-06
6.854092e-06
3.938419e-06
2.194089e-06
1.903009e-06
3.177635e-06
5.101932e-06
2.936615e-06
1.637923e-06
1.425815e-06
2.390810e-06
3.853229e-06
2.221024e-06
1.239971e-06
1.082591e-06
1.822070e-06
2.944573e-06
1.699323e-06
9.494176e-07
8.312069e-07
