9.124842e-04
6.706785e-04
4.395398e-04
2.895801e-04
4.515582e-04
6.654982e-04
4.039192e-04
2.061066e-04
1.661630e-04
2.274788e-04
3.056749e-04
1.726519e-04
9.185594e-05
7.242708e-05
1.004746e-04
1.315963e-04
7.102551e-05
3.815813e-05
2.860793e-05
3.994528e-05
5.595451e-05
3.066990e-05
1.669173e-05
1.329697e-05
2.040044e-05
3.080573e-05
1.739510e-05
9.539329e-06
7.994797e-06
1.288576e-05
1.998800e-05
1.140712e-05
6.277256e-06
5.349276e-06
8.789853e-06
1.383747e-05
7.930758e-06
4.375390e-06
3.762725e-06
6.255350e-06
9.941169e-06
5.712126e-06
3.156854e-06
2.731450e-06
4.575984e-06
7.320264e-06
4.212449e-06
2.330996e-06
2.025471e-06
3.411875e-06
5.485668e-06
3.159755e-06
1.750175e-06
1.525661e-06
2.580619e-06
4.166386e-06
2.401452e-06
1.331172e-06
1.163326e-06
1.974174e-06
3.198588e-06
1.844557e-06
1.023099e-06
8.959050e-07
