3.245521e-03
1.415005e-03
6.587355e-04
4.662379e-04
3.787516e-04
3.240788e-04
2.945739e-04
2.669969e-04
2.419844e-04
2.240398e-04
2.115372e-04
2.066976e-04
2.037834e-04
4.679357e-04
5.870803e-04
5.925546e-04
5.665081e-04
5.186819e-04
4.970114e-04
4.306792e-04
4.702627e-04
3.839503e-04
3.539269e-04
3.372410e-04
3.988305e-04
3.533664e-04
3.383972e-04
3.647588e-04
4.760593e-04
4.113692e-04
3.923571e-04
3.534973e-04
3.682256e-04
3.402875e-04
3.345703e-04
3.367099e-04
3.197225e-04
3.033055e-04
2.876950e-04
3.479391e-04
4.191474e-04
3.930369e-04
3.828530e-04
3.728610e-04
3.645032e-04
3.379190e-04
3.132614e-04
2.905731e-04
2.679208e-04
2.452507e-04
2.248588e-04
2.055897e-04
1.873055e-04
1.723641e-04
1.592191e-04
1.512333e-04
1.439095e-04
1.373332e-04
1.315280e-04
1.266197e-04
1.225937e-04
1.192366e-04
1.168810e-04
1.158551e-04
1.162908e-04
1.171211e-04
1.188299e-04
1.213901e-04
1.251628e-04
1.297567e-04
1.355065e-04
1.423637e-04
1.501985e-04
1.591534e-04
1.691294e-04
1.800034e-04
1.915912e-04
2.035315e-04
2.161598e-04
2.296608e-04
2.411024e-04
2.462075e-04
2.479152e-04
2.473196e-04
2.448522e-04
2.406591e-04
2.347934e-04
2.288601e-04
2.190983e-04
1.926906e-04
1.656239e-04
8.993897e-05
7.163472e-05
6.732519e-05
6.341863e-05
5.987688e-05
5.662997e-05
5.358254e-05
5.069237e-05
4.792214e-05
4.516279e-05
4.239054e-05
3.957785e-05
3.669927e-05
3.470971e-05
3.427423e-05
3.378832e-05
3.767793e-05
4.512894e-05
5.504651e-05
6.506498e-05
7.441719e-05
8.258160e-05
8.909191e-05
9.253802e-05
9.508748e-05
1.135386e-04
1.313119e-04
1.414326e-04
1.086994e-04
9.869992e-05
1.089435e-04
1.191093e-04
1.281175e-04
1.354437e-04
1.410628e-04
1.450672e-04
1.475695e-04
1.486740e-04
1.484748e-04
1.467837e-04
1.438482e-04
1.398222e-04
1.343303e-04
1.240985e-04
1.177027e-04
1.128906e-04
1.084953e-04
1.039065e-04
9.885808e-05
9.328016e-05
8.720945e-05
8.073727e-05
7.392524e-05
6.698068e-05
6.002231e-05
5.313357e-05
4.646644e-05
4.011311e-05
3.415500e-05
2.891565e-05
2.435465e-05
2.049103e-05
1.901433e-05
1.826890e-05
1.759693e-05
1.699103e-05
1.644746e-05
1.596325e-05
1.553519e-05
1.515957e-05
1.483212e-05
1.499328e-05
1.688353e-05
1.904535e-05
2.218296e-05
2.592373e-05
2.999623e-05
3.418269e-05
3.822758e-05
4.183723e-05
4.507129e-05
4.797106e-05
5.056935e-05
5.283910e-05
5.483522e-05
5.655902e-05
5.799522e-05
5.915328e-05
6.003307e-05
6.063677e-05
6.096893e-05
6.103648e-05
6.084872e-05
6.041707e-05
5.969818e-05
5.872191e-05
5.751852e-05
5.611920e-05
5.452649e-05
5.280614e-05
5.098591e-05
4.908684e-05
4.712853e-05
4.512903e-05
4.310523e-05
4.107292e-05
3.904676e-05
3.704018e-05
3.506529e-05
3.313280e-05
3.125202e-05
2.943079e-05
2.767563e-05
2.599177e-05
2.438331e-05
2.285334e-05
2.145318e-05
2.019899e-05
1.907012e-05
1.800993e-05
1.705018e-05
1.617894e-05
1.538802e-05
1.467088e-05
1.402231e-05
1.343790e-05
1.291380e-05
1.244653e-05
1.203293e-05
1.167007e-05
1.135521e-05
1.108565e-05
1.085876e-05
1.067184e-05
1.052210e-05
1.040668e-05
1.032258e-05
1.026674e-05
1.023598e-05
1.022712e-05
1.023692e-05
1.026218e-05
1.029973e-05
1.034647e-05
1.039943e-05
1.045574e-05
1.051269e-05
1.056774e-05
1.061855e-05
1.066297e-05
1.069907e-05
1.072513e-05
1.073968e-05
1.074145e-05
1.054673e-05
1.048753e-05
1.049234e-05
1.051780e-05
1.053727e-05
1.053651e-05
1.050907e-05
1.045306e-05
1.036901e-05
1.025873e-05
1.012458e-05
9.969123e-06
9.794967e-06
9.604632e-06
9.400515e-06
9.184862e-06
8.959758e-06
8.727134e-06
8.488773e-06
8.246319e-06
8.001289e-06
7.755082e-06
7.508986e-06
7.264187e-06
7.021928e-06
6.738288e-06
6.485024e-06
6.264834e-06
6.068747e-06
5.879393e-06
5.694807e-06
5.514473e-06
5.338492e-06
5.167214e-06
5.001067e-06
4.840479e-06
4.685863e-06
4.537590e-06
4.395977e-06
4.261271e-06
4.133640e-06
4.013164e-06
3.899843e-06
3.793598e-06
3.694278e-06
3.601670e-06
3.515507e-06
3.435478e-06
3.361237e-06
3.292407e-06
3.228596e-06
3.169393e-06
3.114384e-06
3.063152e-06
3.015283e-06
2.970369e-06
2.928017e-06
2.887843e-06
2.849484e-06
2.812594e-06
2.776847e-06
2.741940e-06
2.707594e-06
2.673554e-06
2.639589e-06
2.605493e-06
2.571088e-06
2.536218e-06
2.500755e-06
2.464594e-06
2.427653e-06
2.389875e-06
2.351225e-06
2.311687e-06
2.271266e-06
2.229985e-06
2.187883e-06
2.145016e-06
2.101449e-06
2.057264e-06
2.012549e-06
1.967402e-06
1.921927e-06
1.876233e-06
1.830430e-06
1.784634e-06
1.738956e-06
1.693510e-06
1.648406e-06
1.603749e-06
1.559642e-06
1.516181e-06
1.473457e-06
1.431552e-06
1.390543e-06
1.350500e-06
1.311481e-06
1.273541e-06
1.236723e-06
1.201064e-06
1.166592e-06
1.133328e-06
1.101285e-06
1.070467e-06
1.040874e-06
1.012497e-06
9.853211e-07
