2.854654e-03
1.396165e-03
6.236070e-04
4.756598e-04
4.333185e-04
3.747935e-04
3.613608e-04
3.126555e-04
3.116045e-04
2.762307e-04
2.751396e-04
2.489118e-04
2.467443e-04
2.262342e-04
2.239118e-04
2.070595e-04
2.049146e-04
1.906076e-04
1.888346e-04
1.768915e-04
1.749191e-04
1.653603e-04
1.628585e-04
1.551101e-04
1.522105e-04
1.458856e-04
1.427344e-04
1.375693e-04
1.341998e-04
1.304973e-04
1.624446e-04
1.757846e-04
1.709907e-04
1.691577e-04
1.688877e-04
1.482516e-04
1.308038e-04
1.301433e-04
1.188750e-04
1.242445e-04
1.030266e-04
1.020116e-04
1.057393e-04
9.316152e-05
8.784977e-05
9.074404e-05
9.115563e-05
8.254900e-05
8.015222e-05
7.866267e-05
7.667366e-05
8.584186e-05
1.075254e-04
9.825257e-05
9.132849e-05
8.923332e-05
9.669849e-05
1.116725e-04
1.024653e-04
9.694446e-05
8.790311e-05
8.077040e-05
7.889089e-05
7.627139e-05
7.854143e-05
6.980104e-05
6.505992e-05
6.170262e-05
5.913479e-05
5.651357e-05
5.440770e-05
5.080298e-05
4.891531e-05
4.783003e-05
4.695252e-05
4.584490e-05
4.432338e-05
4.303859e-05
4.246233e-05
4.237073e-05
4.264575e-05
4.313835e-05
4.324652e-05
4.437941e-05
4.576967e-05
4.783918e-05
5.391979e-05
6.193450e-05
6.865382e-05
6.611618e-05
5.668828e-05
5.017185e-05
4.436845e-05
3.912359e-05
3.447739e-05
3.039134e-05
3.675110e-05
4.938830e-05
6.194679e-05
7.493686e-05
8.888979e-05
1.059596e-04
1.243718e-04
1.448005e-04
1.701668e-04
1.841292e-04
1.374276e-04
1.099417e-04
8.778748e-05
6.995875e-05
6.632319e-05
8.147590e-05
1.038737e-04
1.285319e-04
1.539779e-04
1.841227e-04
2.147727e-04
2.515995e-04
2.475832e-04
1.702574e-04
1.270901e-04
9.438742e-05
7.893019e-05
9.682685e-05
1.196407e-04
1.417704e-04
1.657607e-04
1.895964e-04
2.169823e-04
2.434916e-04
2.731006e-04
2.362177e-04
1.585557e-04
1.142150e-04
8.144160e-05
6.019642e-05
6.863859e-05
8.021341e-05
9.020082e-05
9.832808e-05
1.052261e-04
1.113155e-04
1.176187e-04
1.229887e-04
1.278462e-04
1.324139e-04
1.371755e-04
1.407985e-04
1.438707e-04
1.458678e-04
1.456839e-04
1.440350e-04
1.255284e-04
9.733000e-05
7.148982e-05
5.134814e-05
3.629553e-05
2.529162e-05
1.735463e-05
1.168334e-05
7.662249e-06
6.768641e-06
6.451687e-06
6.406275e-06
7.158258e-06
8.137343e-06
9.143179e-06
1.000413e-05
1.129090e-05
1.306406e-05
1.471047e-05
1.619454e-05
1.673190e-05
1.901793e-05
2.258583e-05
2.466097e-05
2.789003e-05
3.140648e-05
3.478190e-05
3.720679e-05
3.988065e-05
4.249893e-05
4.488264e-05
4.687744e-05
4.844416e-05
4.950435e-05
5.000061e-05
4.982652e-05
4.916877e-05
4.800707e-05
4.632804e-05
4.411815e-05
4.137047e-05
3.813777e-05
3.630933e-05
3.468838e-05
3.260238e-05
3.007683e-05
2.713897e-05
2.381553e-05
2.013069e-05
1.610434e-05
1.175078e-05
1.313197e-05
1.915760e-05
2.512340e-05
3.106693e-05
3.723845e-05
4.323846e-05
4.916855e-05
5.509455e-05
6.107289e-05
6.715480e-05
7.338810e-05
7.877630e-05
8.348360e-05
8.770761e-05
8.815048e-05
6.620599e-05
5.091186e-05
3.646300e-05
2.572726e-05
1.805323e-05
1.264579e-05
9.659452e-06
9.728948e-06
9.748072e-06
9.720122e-06
9.620835e-06
1.011439e-05
1.041245e-05
1.054219e-05
1.058034e-05
1.053887e-05
1.042827e-05
1.025673e-05
1.003096e-05
9.756729e-06
9.439189e-06
9.083074e-06
8.692821e-06
8.272654e-06
7.812649e-06
7.315069e-06
6.790837e-06
6.248591e-06
5.695632e-06
5.138126e-06
4.581300e-06
4.029633e-06
3.486993e-06
2.956752e-06
2.441858e-06
1.944897e-06
1.616805e-06
1.559333e-06
1.497898e-06
1.433346e-06
1.366500e-06
1.298152e-06
1.229050e-06
1.173291e-06
1.439980e-06
1.691488e-06
1.905121e-06
2.079366e-06
2.213976e-06
2.324510e-06
2.411219e-06
2.474447e-06
2.514808e-06
2.533115e-06
2.530353e-06
2.509999e-06
2.472245e-06
2.417424e-06
2.346067e-06
2.258875e-06
2.156681e-06
2.040418e-06
1.911097e-06
1.780552e-06
1.671817e-06
1.557971e-06
1.440552e-06
1.320986e-06
1.205040e-06
1.091010e-06
9.779396e-07
