3.245521e-03
2.955303e-03
2.689927e-03
2.447614e-03
2.226519e-03
2.024944e-03
1.842855e-03
1.676812e-03
1.525482e-03
1.387622e-03
1.262082e-03
1.147800e-03
1.043794e-03
9.491656e-04
8.630874e-04
8.116901e-04
8.095184e-04
8.042607e-04
7.963388e-04
7.861312e-04
7.744632e-04
7.612350e-04
7.466071e-04
7.308199e-04
7.140876e-04
6.966009e-04
6.785290e-04
6.600215e-04
6.412109e-04
6.222134e-04
6.031311e-04
5.840534e-04
5.650578e-04
5.464602e-04
5.305143e-04
5.301742e-04
5.289980e-04
5.270368e-04
5.245563e-04
5.215922e-04
5.179828e-04
5.137740e-04
5.090107e-04
5.037364e-04
4.979932e-04
4.918217e-04
4.852611e-04
4.783488e-04
4.711207e-04
4.636112e-04
4.560011e-04
4.484169e-04
4.406313e-04
4.326720e-04
4.245652e-04
4.202731e-04
4.201224e-04
4.195701e-04
4.186308e-04
4.173195e-04
4.159260e-04
4.143055e-04
4.123549e-04
4.100892e-04
4.075232e-04
4.046720e-04
4.015505e-04
3.981734e-04
3.945555e-04
3.907114e-04
3.866938e-04
3.828598e-04
3.788342e-04
3.746302e-04
3.702605e-04
3.657378e-04
3.610744e-04
3.581816e-04
3.581205e-04
3.578153e-04
3.572723e-04
3.564978e-04
3.554984e-04
3.542811e-04
3.529808e-04
3.517667e-04
3.503534e-04
3.487476e-04
3.469562e-04
3.449862e-04
3.428447e-04
3.405389e-04
3.380758e-04
3.355757e-04
3.332956e-04
3.308741e-04
3.283179e-04
3.256334e-04
3.228273e-04
3.199060e-04
3.169144e-04
3.153927e-04
3.152669e-04
3.149795e-04
3.145337e-04
3.139329e-04
3.131805e-04
3.122803e-04
3.112359e-04
3.100512e-04
3.090187e-04
3.080351e-04
3.069208e-04
3.056794e-04
3.043147e-04
3.028305e-04
3.012307e-04
2.995192e-04
2.979035e-04
2.965160e-04
2.950239e-04
2.934307e-04
2.917399e-04
2.899551e-04
2.880800e-04
2.862306e-04
2.847861e-04
2.832552e-04
2.821747e-04
2.819024e-04
2.815194e-04
2.810277e-04
2.804293e-04
2.797263e-04
2.789209e-04
2.780155e-04
2.770123e-04
2.763471e-04
2.756722e-04
2.749042e-04
2.740451e-04
2.730972e-04
2.720626e-04
2.709435e-04
2.697423e-04
2.687497e-04
2.679672e-04
2.671050e-04
2.661652e-04
2.651497e-04
2.640606e-04
2.628997e-04
2.626973e-04
2.632412e-04
2.636684e-04
2.639794e-04
2.641748e-04
2.642553e-04
2.642219e-04
2.640756e-04
2.638176e-04
2.634492e-04
2.629718e-04
2.623872e-04
2.616968e-04
2.609027e-04
2.600066e-04
2.590106e-04
2.579168e-04
2.567275e-04
2.554448e-04
2.540712e-04
2.526090e-04
2.510608e-04
2.494292e-04
2.477166e-04
2.492307e-04
2.508477e-04
2.523707e-04
2.537985e-04
2.551298e-04
2.563637e-04
2.574991e-04
2.585353e-04
2.594717e-04
2.603077e-04
2.610429e-04
2.616771e-04
2.622101e-04
2.626418e-04
2.629726e-04
2.632025e-04
2.633319e-04
2.633613e-04
2.632913e-04
2.631227e-04
2.628562e-04
2.624928e-04
2.620335e-04
2.614795e-04
2.608320e-04
2.600922e-04
2.592617e-04
2.583419e-04
2.573344e-04
2.562409e-04
2.550631e-04
2.538027e-04
2.524617e-04
2.510419e-04
2.506438e-04
2.507800e-04
2.508465e-04
2.508453e-04
2.512798e-04
2.516387e-04
2.519220e-04
2.521302e-04
2.526570e-04
2.535263e-04
2.543098e-04
2.550068e-04
2.556171e-04
2.561403e-04
2.565763e-04
2.615792e-04
2.735599e-04
2.847254e-04
2.951308e-04
3.074099e-04
3.187626e-04
3.292511e-04
3.389334e-04
3.478637e-04
3.560927e-04
3.636675e-04
3.706325e-04
3.770289e-04
3.828952e-04
3.882675e-04
3.931793e-04
3.976622e-04
3.932779e-04
3.942964e-04
3.990963e-04
3.931021e-04
3.886023e-04
3.841055e-04
3.793575e-04
3.747398e-04
3.788014e-04
3.867332e-04
3.942534e-04
3.893030e-04
3.845662e-04
3.800376e-04
3.757117e-04
3.715826e-04
3.676442e-04
3.643700e-04
3.612962e-04
3.584118e-04
3.557061e-04
3.531689e-04
3.601439e-04
3.682492e-04
3.759598e-04
3.832886e-04
3.902481e-04
3.864127e-04
3.827528e-04
3.792591e-04
3.759227e-04
3.732738e-04
3.706609e-04
3.680864e-04
3.655523e-04
3.628952e-04
3.608576e-04
3.582213e-04
3.556846e-04
3.530460e-04
3.505376e-04
3.481523e-04
3.458833e-04
3.437239e-04
3.416679e-04
3.382062e-04
3.349084e-04
3.317666e-04
3.287730e-04
3.259200e-04
3.232006e-04
3.237419e-04
3.300725e-04
3.361119e-04
3.418692e-04
3.473534e-04
3.525733e-04
3.575374e-04
3.534205e-04
3.494802e-04
3.457076e-04
3.420946e-04
3.372066e-04
3.325397e-04
3.285126e-04
3.246580e-04
3.209682e-04
3.174357e-04
3.140534e-04
3.108147e-04
3.077745e-04
3.051397e-04
3.026159e-04
3.001999e-04
2.978887e-04
2.956792e-04
2.935682e-04
2.915527e-04
2.896294e-04
2.877953e-04
2.860475e-04
2.843828e-04
2.827983e-04
2.812913e-04
2.796752e-04
2.779071e-04
2.762097e-04
2.745803e-04
2.730165e-04
2.715157e-04
2.700757e-04
2.686939e-04
2.673683e-04
2.660967e-04
2.643914e-04
2.627651e-04
2.612146e-04
2.597369e-04
2.583291e-04
2.555758e-04
2.538186e-04
2.540562e-04
2.542366e-04
2.543600e-04
2.544263e-04
2.559810e-04
2.604176e-04
2.647081e-04
2.688575e-04
2.728701e-04
2.767504e-04
2.805028e-04
2.841314e-04
2.873085e-04
2.904080e-04
2.864678e-04
2.826945e-04
2.790822e-04
2.756254e-04
2.723185e-04
2.691565e-04
2.661344e-04
2.632476e-04
2.604913e-04
2.578614e-04
2.554834e-04
2.532069e-04
2.510303e-04
2.489521e-04
2.469704e-04
2.460055e-04
2.465964e-04
2.471381e-04
2.476305e-04
2.480733e-04
2.484664e-04
2.488098e-04
2.491033e-04
2.493469e-04
2.495458e-04
2.499754e-04
2.503532e-04
2.506790e-04
2.509529e-04
2.511748e-04
2.513447e-04
2.514626e-04
2.515286e-04
2.515428e-04
2.515054e-04
2.514293e-04
2.514687e-04
2.514554e-04
2.513894e-04
2.512709e-04
2.511003e-04
2.508778e-04
2.506036e-04
2.502782e-04
2.499019e-04
2.494750e-04
2.489980e-04
2.484715e-04
2.478957e-04
2.472714e-04
2.465989e-04
2.458790e-04
2.451121e-04
2.442989e-04
2.434401e-04
2.425362e-04
2.415881e-04
2.414847e-04
2.419612e-04
2.425241e-04
2.430424e-04
2.435159e-04
2.439443e-04
2.443275e-04
2.446655e-04
2.449580e-04
2.452050e-04
2.454265e-04
2.499480e-04
2.555403e-04
2.609798e-04
2.662721e-04
2.714223e-04
2.764353e-04
2.813159e-04
2.862278e-04
2.834449e-04
2.807982e-04
2.782830e-04
2.758948e-04
2.736291e-04
2.714818e-04
2.695143e-04
2.676500e-04
2.660392e-04
2.645184e-04
2.630852e-04
2.617374e-04
2.604725e-04
2.592885e-04
2.581832e-04
2.566864e-04
2.552784e-04
2.539566e-04
2.527185e-04
2.515618e-04
2.502056e-04
2.489404e-04
2.477634e-04
2.466719e-04
2.456633e-04
2.447352e-04
2.438850e-04
2.431105e-04
2.424095e-04
2.417797e-04
2.412192e-04
2.407258e-04
2.402976e-04
2.399519e-04
2.401645e-04
2.405513e-04
2.409065e-04
2.412190e-04
2.414887e-04
2.417154e-04
2.418990e-04
2.420396e-04
2.421371e-04
2.421916e-04
2.422029e-04
2.421713e-04
2.421620e-04
2.421880e-04
2.421702e-04
2.421088e-04
2.420038e-04
2.418554e-04
2.416636e-04
2.414286e-04
2.411507e-04
2.408300e-04
2.404668e-04
2.400613e-04
2.396138e-04
2.391246e-04
2.385940e-04
2.380224e-04
2.374102e-04
2.367576e-04
2.360652e-04
2.414951e-04
2.499520e-04
2.581366e-04
2.660229e-04
2.736624e-04
2.806052e-04
2.873449e-04
2.938881e-04
3.002413e-04
3.064106e-04
3.124019e-04
3.182207e-04
3.155553e-04
3.130136e-04
3.105914e-04
3.082847e-04
3.055703e-04
3.029801e-04
3.005100e-04
2.981561e-04
2.959358e-04
2.938166e-04
2.917955e-04
2.898696e-04
2.880361e-04
2.862923e-04
2.846357e-04
2.830637e-04
2.814750e-04
2.799730e-04
2.785552e-04
2.772193e-04
2.759630e-04
2.747841e-04
2.737090e-04
2.727046e-04
2.717694e-04
2.709018e-04
2.701002e-04
2.693631e-04
2.686889e-04
2.680761e-04
2.675232e-04
2.670287e-04
2.665911e-04
2.662090e-04
2.658810e-04
2.640919e-04
2.623758e-04
2.607315e-04
2.591578e-04
2.576534e-04
2.562172e-04
2.548482e-04
2.535451e-04
2.523070e-04
2.510993e-04
2.499543e-04
2.488203e-04
2.477570e-04
2.467626e-04
2.458358e-04
2.449749e-04
2.441788e-04
2.434460e-04
2.426315e-04
2.418851e-04
2.411501e-04
2.403889e-04
2.395226e-04
2.387200e-04
2.379799e-04
2.373011e-04
2.366826e-04
2.359053e-04
2.351548e-04
2.344819e-04
2.338360e-04
2.332167e-04
2.326239e-04
2.320572e-04
2.315164e-04
2.310012e-04
2.305112e-04
2.300463e-04
2.361482e-04
2.446899e-04
2.529267e-04
2.608705e-04
2.685328e-04
2.757674e-04
2.827501e-04
2.894906e-04
2.949073e-04
3.001696e-04
3.052815e-04
3.102472e-04
3.150704e-04
3.120703e-04
3.091880e-04
3.064198e-04
3.037619e-04
3.012108e-04
2.987631e-04
2.964154e-04
2.941646e-04
2.920074e-04
2.899410e-04
2.879624e-04
2.860688e-04
2.842576e-04
2.825260e-04
2.808716e-04
2.792920e-04
2.777847e-04
2.763475e-04
2.749781e-04
2.736098e-04
2.723136e-04
2.710871e-04
2.699279e-04
2.688338e-04
2.678024e-04
2.667643e-04
2.657883e-04
2.648723e-04
2.640145e-04
2.632129e-04
2.625431e-04
2.619192e-04
2.613401e-04
2.608044e-04
2.603110e-04
2.598589e-04
2.594298e-04
2.589304e-04
2.584772e-04
2.580684e-04
2.563374e-04
2.546677e-04
2.530190e-04
2.514048e-04
2.498473e-04
2.483452e-04
2.468973e-04
2.455024e-04
2.441595e-04
2.428675e-04
2.416253e-04
2.404321e-04
2.392869e-04
2.381546e-04
2.369155e-04
2.357227e-04
2.345756e-04
2.334733e-04
2.324152e-04
2.314005e-04
2.304287e-04
2.294991e-04
2.286110e-04
2.277639e-04
2.269573e-04
2.261906e-04
2.254632e-04
2.247746e-04
2.241244e-04
2.235121e-04
2.229372e-04
2.222961e-04
2.216954e-04
2.211345e-04
2.206131e-04
2.201305e-04
2.196863e-04
2.192799e-04
2.189109e-04
2.185788e-04
2.182831e-04
2.180233e-04
2.177556e-04
2.175231e-04
2.173252e-04
2.171616e-04
2.170317e-04
2.169353e-04
2.169332e-04
2.169609e-04
2.169539e-04
2.169840e-04
2.170574e-04
2.171658e-04
2.167823e-04
2.164180e-04
2.157769e-04
2.151559e-04
2.145547e-04
2.139731e-04
2.134107e-04
2.128674e-04
2.123429e-04
2.118369e-04
2.113492e-04
2.108795e-04
2.127123e-04
2.193336e-04
2.256966e-04
2.318116e-04
2.376884e-04
2.433365e-04
2.487649e-04
2.539821e-04
2.589963e-04
2.638153e-04
2.684464e-04
2.728969e-04
2.771735e-04
2.812826e-04
2.852304e-04
2.888932e-04
2.859721e-04
2.831484e-04
2.803762e-04
2.776968e-04
2.751075e-04
2.726053e-04
2.701876e-04
2.678517e-04
2.655531e-04
2.633315e-04
2.611844e-04
2.591096e-04
2.571047e-04
2.551676e-04
2.531960e-04
2.512909e-04
2.493945e-04
2.475656e-04
2.458019e-04
2.441279e-04
2.425164e-04
2.409652e-04
2.394718e-04
2.380359e-04
2.366519e-04
2.353182e-04
2.340328e-04
2.327943e-04
2.316009e-04
2.304511e-04
2.293434e-04
2.282765e-04
2.272488e-04
2.262591e-04
2.253060e-04
2.243883e-04
2.235048e-04
2.226544e-04
2.218358e-04
2.210481e-04
2.202902e-04
2.195611e-04
2.188452e-04
2.181562e-04
2.174931e-04
2.168550e-04
2.162412e-04
2.156508e-04
2.150829e-04
2.145370e-04
2.140121e-04
2.135076e-04
2.130229e-04
2.125572e-04
2.118996e-04
2.112677e-04
2.106604e-04
2.091861e-04
2.077444e-04
2.063344e-04
2.049556e-04
2.036073e-04
2.022652e-04
2.009522e-04
1.996679e-04
1.984117e-04
1.971336e-04
1.958495e-04
1.945992e-04
1.933816e-04
1.921961e-04
1.910417e-04
1.899178e-04
1.888235e-04
1.877583e-04
1.867214e-04
1.857122e-04
1.847301e-04
1.837746e-04
1.828451e-04
1.819789e-04
1.811340e-04
1.803101e-04
1.795071e-04
1.787248e-04
1.779630e-04
1.772214e-04
1.765000e-04
1.757986e-04
1.751169e-04
1.744547e-04
1.738119e-04
1.731883e-04
1.725837e-04
1.719979e-04
1.714307e-04
1.708819e-04
1.703513e-04
1.698387e-04
1.693439e-04
1.688619e-04
1.683972e-04
1.679495e-04
1.675186e-04
1.671043e-04
1.667065e-04
1.663249e-04
1.659593e-04
1.656095e-04
1.652754e-04
1.649566e-04
1.646531e-04
1.643597e-04
1.640810e-04
1.637673e-04
1.634722e-04
1.633090e-04
1.631565e-04
1.629871e-04
1.628009e-04
1.625979e-04
1.623780e-04
1.621415e-04
1.618883e-04
1.616184e-04
1.613319e-04
1.610290e-04
1.608517e-04
1.607134e-04
1.605886e-04
1.604677e-04
1.603594e-04
1.602632e-04
1.602187e-04
1.601829e-04
1.601556e-04
1.601368e-04
1.600988e-04
1.601357e-04
1.604000e-04
1.606603e-04
1.609163e-04
1.611678e-04
1.614144e-04
1.616560e-04
1.618924e-04
1.621234e-04
1.623488e-04
1.625686e-04
1.627824e-04
1.629903e-04
1.631922e-04
1.633878e-04
1.631800e-04
1.629766e-04
1.627771e-04
1.625812e-04
1.623885e-04
1.621988e-04
1.620117e-04
1.618269e-04
1.616440e-04
1.615016e-04
1.613469e-04
1.611923e-04
1.610375e-04
1.608823e-04
1.607265e-04
1.605700e-04
1.604125e-04
1.602539e-04
1.600941e-04
1.599329e-04
1.597702e-04
1.596059e-04
1.594398e-04
1.592720e-04
1.591023e-04
1.589306e-04
1.587569e-04
1.585811e-04
1.584032e-04
1.582982e-04
1.583147e-04
1.583229e-04
1.583345e-04
1.583493e-04
1.583670e-04
1.583874e-04
1.584101e-04
1.584350e-04
1.584618e-04
1.584904e-04
1.585204e-04
1.585518e-04
1.585844e-04
1.586178e-04
1.586521e-04
1.586871e-04
1.587225e-04
1.587582e-04
1.587941e-04
1.587887e-04
1.587833e-04
1.587776e-04
1.587717e-04
1.587652e-04
1.587583e-04
1.587507e-04
1.587424e-04
1.587332e-04
1.587231e-04
1.587120e-04
1.586706e-04
1.586285e-04
1.585856e-04
1.585419e-04
1.584973e-04
1.584517e-04
1.584051e-04
1.583574e-04
1.583085e-04
1.582585e-04
1.582073e-04
1.581521e-04
1.580954e-04
1.580371e-04
1.579773e-04
1.579158e-04
1.578526e-04
1.577779e-04
1.577045e-04
1.576322e-04
1.575606e-04
1.574895e-04
1.574186e-04
1.573477e-04
1.572766e-04
1.572050e-04
1.571327e-04
1.570595e-04
1.569854e-04
1.569100e-04
1.568333e-04
1.567550e-04
1.566752e-04
1.560080e-04
1.553612e-04
1.547340e-04
1.541254e-04
1.535347e-04
1.529609e-04
1.524035e-04
1.518599e-04
1.513310e-04
1.508163e-04
1.503152e-04
1.498271e-04
1.493514e-04
1.488839e-04
1.484276e-04
1.479820e-04
1.475467e-04
1.471212e-04
1.467052e-04
1.462981e-04
1.458997e-04
1.455095e-04
1.451142e-04
1.447264e-04
1.443456e-04
1.439717e-04
1.436042e-04
1.432431e-04
1.428566e-04
1.424789e-04
1.421098e-04
1.417487e-04
1.413953e-04
1.410493e-04
1.407103e-04
1.403779e-04
1.400519e-04
1.397320e-04
1.394178e-04
1.391092e-04
1.388057e-04
1.385072e-04
1.382135e-04
1.379243e-04
1.381731e-04
1.387286e-04
1.392519e-04
1.397442e-04
1.402063e-04
1.406395e-04
1.410445e-04
1.414224e-04
1.417741e-04
1.421003e-04
1.424019e-04
1.426796e-04
1.429342e-04
1.431665e-04
1.433770e-04
1.435664e-04
1.437353e-04
1.438844e-04
1.440143e-04
1.441253e-04
1.442182e-04
1.442934e-04
1.443513e-04
1.443926e-04
1.443967e-04
1.443885e-04
1.443681e-04
1.443357e-04
1.442915e-04
1.442356e-04
1.441683e-04
1.440897e-04
1.440000e-04
1.438993e-04
1.437879e-04
1.436659e-04
1.435334e-04
1.433907e-04
1.432379e-04
1.430752e-04
1.429028e-04
1.427207e-04
1.425291e-04
1.423283e-04
1.421183e-04
1.418994e-04
1.416610e-04
1.414139e-04
1.411584e-04
1.408946e-04
1.406227e-04
1.403426e-04
1.400547e-04
1.397590e-04
1.394557e-04
1.391449e-04
1.388266e-04
1.385012e-04
1.381686e-04
1.378290e-04
1.374825e-04
1.371293e-04
1.367694e-04
1.364030e-04
1.360040e-04
1.355884e-04
1.351688e-04
1.347454e-04
1.343180e-04
1.338868e-04
1.334516e-04
1.330124e-04
1.325694e-04
1.321225e-04
1.316717e-04
1.312171e-04
1.307587e-04
1.302965e-04
1.298305e-04
1.293607e-04
1.288873e-04
1.284102e-04
1.279295e-04
1.274451e-04
1.269572e-04
1.264658e-04
1.259709e-04
1.254725e-04
1.249708e-04
1.244656e-04
1.239572e-04
1.234454e-04
1.229305e-04
1.224123e-04
1.218909e-04
1.213665e-04
1.208389e-04
1.203083e-04
1.197747e-04
1.192382e-04
1.186988e-04
1.181564e-04
1.176113e-04
1.170633e-04
1.165126e-04
1.159592e-04
1.155200e-04
1.152372e-04
1.149529e-04
1.146671e-04
1.143799e-04
1.140914e-04
1.138014e-04
1.135102e-04
1.132176e-04
1.129238e-04
1.126288e-04
1.123326e-04
1.120352e-04
1.117367e-04
1.114370e-04
1.111364e-04
1.108346e-04
1.105319e-04
1.102282e-04
1.099220e-04
1.096149e-04
1.093069e-04
1.089981e-04
1.086885e-04
1.083781e-04
1.080671e-04
1.077553e-04
1.074428e-04
1.071297e-04
1.068159e-04
1.064962e-04
1.061741e-04
1.058516e-04
1.055287e-04
1.052055e-04
1.048819e-04
1.045580e-04
1.042339e-04
1.039095e-04
1.035848e-04
1.032600e-04
1.029349e-04
1.026097e-04
1.022844e-04
1.019589e-04
1.016333e-04
1.013076e-04
1.009819e-04
1.006561e-04
1.003303e-04
1.000045e-04
9.967867e-05
9.935289e-05
9.902717e-05
9.870712e-05
9.838751e-05
9.806832e-05
9.774956e-05
9.743123e-05
9.711332e-05
9.702067e-05
9.697557e-05
9.692104e-05
9.685750e-05
9.678533e-05
9.670492e-05
9.661663e-05
9.652080e-05
9.641779e-05
9.630791e-05
9.619149e-05
9.606882e-05
9.594019e-05
9.580590e-05
9.566620e-05
9.552137e-05
9.537165e-05
9.521728e-05
9.505850e-05
9.489553e-05
9.472859e-05
9.455788e-05
9.438360e-05
9.420595e-05
9.402510e-05
9.384123e-05
9.365452e-05
9.346512e-05
9.327320e-05
9.307889e-05
9.288235e-05
9.268371e-05
9.248311e-05
9.228067e-05
9.207652e-05
9.187076e-05
9.166351e-05
9.145489e-05
9.124498e-05
9.103389e-05
9.082172e-05
9.060855e-05
9.039446e-05
9.017955e-05
8.996388e-05
8.974754e-05
8.953059e-05
8.931311e-05
8.909515e-05
8.887679e-05
8.865807e-05
8.843907e-05
8.821982e-05
8.800039e-05
8.778081e-05
8.756115e-05
8.734144e-05
8.712172e-05
8.690203e-05
8.668242e-05
8.646291e-05
8.624354e-05
8.602435e-05
8.580535e-05
8.558658e-05
8.536807e-05
8.514983e-05
8.493189e-05
8.471427e-05
8.449699e-05
8.428006e-05
8.406350e-05
8.384733e-05
8.363154e-05
8.341616e-05
8.320119e-05
8.298663e-05
8.277249e-05
8.314185e-05
8.350195e-05
8.383479e-05
8.414148e-05
8.442309e-05
8.468065e-05
8.491517e-05
8.512758e-05
8.531880e-05
8.548971e-05
8.564115e-05
8.577394e-05
8.588885e-05
8.598662e-05
8.606797e-05
8.613358e-05
8.618412e-05
8.622021e-05
8.624245e-05
8.625144e-05
8.624772e-05
8.623184e-05
8.620430e-05
8.616559e-05
8.611619e-05
8.605651e-05
8.598698e-05
8.590800e-05
8.581992e-05
8.572312e-05
8.561794e-05
8.550471e-05
8.538374e-05
8.525535e-05
8.511985e-05
8.497750e-05
8.482862e-05
8.467346e-05
8.451229e-05
8.434539e-05
8.417288e-05
8.399478e-05
8.381116e-05
8.362212e-05
8.342779e-05
8.322832e-05
8.302389e-05
8.281469e-05
8.260095e-05
8.238289e-05
8.216074e-05
8.193475e-05
8.170518e-05
8.147228e-05
8.123630e-05
8.099752e-05
8.075618e-05
8.051254e-05
8.026687e-05
8.001940e-05
7.977040e-05
7.952095e-05
7.926420e-05
7.900135e-05
7.873347e-05
7.846159e-05
7.818661e-05
7.790938e-05
7.763066e-05
7.735116e-05
7.707152e-05
7.679231e-05
7.651404e-05
7.623719e-05
7.602787e-05
7.587108e-05
7.571466e-05
7.555897e-05
7.540435e-05
7.525108e-05
7.509944e-05
7.494964e-05
7.480189e-05
7.465635e-05
7.451317e-05
7.437247e-05
7.423436e-05
7.409890e-05
7.396616e-05
7.383619e-05
7.370901e-05
7.358464e-05
7.346307e-05
7.334430e-05
7.322831e-05
7.311506e-05
7.300452e-05
7.289664e-05
7.262474e-05
7.237565e-05
7.214787e-05
7.193998e-05
7.175065e-05
7.157860e-05
7.142263e-05
7.128160e-05
7.115443e-05
7.104010e-05
7.093763e-05
7.084610e-05
7.076466e-05
7.069248e-05
7.062878e-05
7.057285e-05
7.052397e-05
7.048151e-05
7.044485e-05
7.041341e-05
7.038664e-05
7.036403e-05
7.034509e-05
7.032938e-05
7.031647e-05
7.030594e-05
7.029744e-05
7.029060e-05
7.028510e-05
7.028062e-05
7.027688e-05
7.027361e-05
7.027055e-05
7.026748e-05
7.026418e-05
7.026043e-05
7.025607e-05
7.025090e-05
7.024478e-05
7.023755e-05
7.022908e-05
7.021924e-05
7.020792e-05
7.019501e-05
7.018043e-05
7.016407e-05
7.014588e-05
7.012577e-05
7.010368e-05
7.007957e-05
7.005337e-05
7.002506e-05
6.999458e-05
6.996192e-05
6.992704e-05
6.988993e-05
6.985057e-05
6.980895e-05
6.976506e-05
6.971889e-05
6.967047e-05
6.961979e-05
6.956684e-05
6.951165e-05
6.945420e-05
6.939452e-05
6.933262e-05
6.926851e-05
6.920222e-05
6.943442e-05
6.964832e-05
6.984462e-05
7.002402e-05
7.018718e-05
7.033475e-05
7.046733e-05
7.058553e-05
7.068992e-05
7.078105e-05
7.085946e-05
7.092566e-05
7.098015e-05
7.102341e-05
7.105589e-05
7.107804e-05
7.109028e-05
7.109303e-05
7.108669e-05
7.107164e-05
7.104824e-05
7.101685e-05
7.097781e-05
7.093145e-05
7.087809e-05
7.081802e-05
7.075155e-05
7.067896e-05
7.060051e-05
7.051647e-05
7.042710e-05
7.033262e-05
7.023328e-05
7.012930e-05
7.002089e-05
6.990827e-05
6.979162e-05
6.967114e-05
6.954702e-05
6.941944e-05
6.928855e-05
6.915453e-05
6.901753e-05
6.887770e-05
6.873519e-05
6.859013e-05
6.844266e-05
6.829291e-05
6.814099e-05
6.798703e-05
6.783114e-05
6.767343e-05
6.751400e-05
6.735295e-05
6.719038e-05
6.702637e-05
6.686102e-05
6.669441e-05
6.652661e-05
6.635772e-05
6.618779e-05
6.601691e-05
6.584513e-05
6.567252e-05
6.549915e-05
6.532508e-05
6.515035e-05
6.497503e-05
6.479916e-05
6.462280e-05
6.444599e-05
6.426878e-05
6.409120e-05
6.391331e-05
6.373514e-05
6.355672e-05
6.337810e-05
6.319930e-05
6.302036e-05
6.284131e-05
6.266218e-05
6.248299e-05
6.230378e-05
6.212457e-05
6.194538e-05
6.176623e-05
6.158715e-05
6.140815e-05
6.128946e-05
6.117169e-05
6.105294e-05
6.093323e-05
6.081262e-05
6.069113e-05
6.056880e-05
6.044566e-05
6.032175e-05
6.019710e-05
6.007175e-05
5.994571e-05
5.981902e-05
5.969171e-05
5.980117e-05
6.008655e-05
6.037072e-05
6.065374e-05
6.093568e-05
6.121656e-05
6.149645e-05
6.177537e-05
6.205338e-05
6.233050e-05
6.260676e-05
6.288220e-05
6.315684e-05
6.343071e-05
6.370382e-05
6.397620e-05
6.424786e-05
6.451881e-05
6.478907e-05
6.505864e-05
6.532754e-05
6.559577e-05
6.586333e-05
6.613023e-05
6.639646e-05
6.666202e-05
6.692691e-05
6.719113e-05
6.745467e-05
6.771752e-05
6.797967e-05
6.824111e-05
6.850184e-05
6.876183e-05
6.902108e-05
6.927957e-05
6.953728e-05
6.979419e-05
7.005030e-05
7.030557e-05
7.055999e-05
7.081354e-05
7.106619e-05
7.131793e-05
7.156872e-05
7.181856e-05
7.206740e-05
7.231522e-05
7.256201e-05
7.280772e-05
7.305233e-05
7.329582e-05
7.353816e-05
7.377930e-05
7.401923e-05
7.425792e-05
7.449532e-05
7.473141e-05
7.496616e-05
7.519953e-05
7.543149e-05
7.566200e-05
7.589103e-05
7.611854e-05
7.634450e-05
7.657931e-05
7.702467e-05
7.747081e-05
7.791766e-05
7.836512e-05
7.881313e-05
7.926159e-05
7.971043e-05
8.015956e-05
8.060890e-05
8.105835e-05
8.150782e-05
8.195723e-05
8.240649e-05
8.285549e-05
8.330414e-05
8.375234e-05
8.420000e-05
8.464702e-05
8.509329e-05
8.553871e-05
8.598318e-05
8.642659e-05
8.686884e-05
8.730981e-05
8.774939e-05
8.818747e-05
8.862395e-05
8.905870e-05
8.949162e-05
8.992258e-05
9.035146e-05
9.077815e-05
9.120253e-05
9.162447e-05
9.204386e-05
9.246057e-05
9.287446e-05
9.328543e-05
9.369334e-05
9.409806e-05
9.449946e-05
9.489742e-05
9.529180e-05
9.568247e-05
9.606930e-05
9.645806e-05
9.684228e-05
9.722185e-05
9.759663e-05
9.796649e-05
9.833131e-05
9.869094e-05
9.904527e-05
9.939415e-05
9.973745e-05
1.000750e-04
1.004068e-04
1.007326e-04
1.010522e-04
1.013656e-04
1.016727e-04
1.019732e-04
1.022671e-04
1.025542e-04
1.028343e-04
1.031075e-04
1.033735e-04
1.036321e-04
1.038834e-04
1.041270e-04
1.041497e-04
1.041198e-04
1.040416e-04
1.039195e-04
1.037572e-04
1.035583e-04
1.033258e-04
1.030628e-04
1.027720e-04
1.024558e-04
1.021165e-04
1.017561e-04
1.013766e-04
1.009795e-04
1.005665e-04
1.001390e-04
9.969822e-05
9.924538e-05
9.878151e-05
9.830756e-05
9.782439e-05
9.733278e-05
9.683343e-05
9.632696e-05
9.581393e-05
9.529485e-05
9.477018e-05
9.424031e-05
9.370559e-05
9.316636e-05
9.264752e-05
9.245424e-05
9.226101e-05
9.206784e-05
9.187476e-05
9.168175e-05
9.148878e-05
9.132080e-05
9.121867e-05
9.110870e-05
9.099123e-05
9.086659e-05
9.073509e-05
9.059704e-05
9.045272e-05
9.030248e-05
9.014651e-05
8.998503e-05
8.981827e-05
8.964645e-05
8.946976e-05
8.928840e-05
8.910254e-05
8.891235e-05
8.871799e-05
8.851960e-05
8.831733e-05
8.811131e-05
8.790165e-05
8.768849e-05
8.747193e-05
8.725207e-05
8.702901e-05
8.680285e-05
8.657367e-05
8.634156e-05
8.610659e-05
8.586884e-05
8.562839e-05
8.538530e-05
8.513963e-05
8.489145e-05
8.464081e-05
8.438778e-05
8.413241e-05
8.387475e-05
8.361485e-05
8.335277e-05
8.308854e-05
8.282222e-05
8.255385e-05
8.228347e-05
8.201113e-05
8.173687e-05
8.146073e-05
8.118275e-05
8.090297e-05
8.062143e-05
8.033816e-05
8.005321e-05
7.976662e-05
7.947841e-05
7.918863e-05
7.889732e-05
7.860450e-05
7.831022e-05
7.801450e-05
7.771740e-05
7.741894e-05
7.711915e-05
7.681808e-05
7.651575e-05
7.621221e-05
7.590748e-05
7.573418e-05
7.557890e-05
7.539956e-05
7.519863e-05
7.497835e-05
7.474077e-05
7.448774e-05
7.422096e-05
7.394194e-05
7.365209e-05
7.344153e-05
7.316014e-05
7.281782e-05
7.242340e-05
7.198473e-05
7.150878e-05
7.100176e-05
7.046913e-05
6.991575e-05
6.934796e-05
6.876725e-05
6.817692e-05
6.757985e-05
6.697857e-05
6.637526e-05
6.577181e-05
6.516986e-05
6.457080e-05
6.397581e-05
6.338591e-05
6.280193e-05
6.222457e-05
6.165440e-05
6.114489e-05
6.063796e-05
6.013432e-05
5.963461e-05
5.913932e-05
5.864976e-05
5.816523e-05
5.768604e-05
5.721242e-05
5.674455e-05
5.628257e-05
5.582658e-05
5.537664e-05
5.493278e-05
5.449500e-05
5.127696e-05
5.101063e-05
5.093852e-05
5.086511e-05
5.079042e-05
5.071627e-05
5.064247e-05
5.056739e-05
5.049103e-05
5.041341e-05
5.034184e-05
5.032632e-05
5.030924e-05
5.029059e-05
5.027040e-05
5.024867e-05
5.022923e-05
5.020978e-05
5.018878e-05
5.016624e-05
5.014216e-05
5.011657e-05
5.008945e-05
5.006084e-05
5.003072e-05
4.999912e-05
4.996604e-05
4.993149e-05
4.989547e-05
4.985800e-05
4.981908e-05
4.977873e-05
4.973695e-05
4.969375e-05
4.964914e-05
4.960313e-05
4.955573e-05
4.950694e-05
4.945678e-05
4.940525e-05
4.935236e-05
4.929813e-05
4.924255e-05
4.918565e-05
4.912742e-05
4.906787e-05
4.900703e-05
4.894488e-05
4.888145e-05
4.881674e-05
4.875077e-05
4.868353e-05
4.861504e-05
4.854530e-05
4.847434e-05
4.840214e-05
4.832873e-05
4.825412e-05
4.817830e-05
4.810443e-05
4.802943e-05
4.795324e-05
4.787587e-05
4.779733e-05
4.771762e-05
4.763675e-05
4.755474e-05
4.747159e-05
4.738857e-05
4.736321e-05
4.733644e-05
4.730827e-05
4.727870e-05
4.725196e-05
4.722439e-05
4.719542e-05
4.716505e-05
4.713330e-05
4.710018e-05
4.706568e-05
4.702982e-05
4.699261e-05
4.695406e-05
4.691417e-05
4.687295e-05
4.683041e-05
4.678655e-05
4.674139e-05
4.669494e-05
4.664720e-05
4.659817e-05
4.654788e-05
4.649632e-05
4.644351e-05
4.638944e-05
4.633414e-05
4.627761e-05
4.621985e-05
4.616088e-05
4.610070e-05
4.603932e-05
4.597676e-05
4.591300e-05
4.584808e-05
4.578199e-05
4.571474e-05
4.564634e-05
4.557680e-05
4.550613e-05
4.543433e-05
4.536142e-05
4.528739e-05
4.521227e-05
4.513641e-05
4.506203e-05
4.498656e-05
4.491000e-05
4.483237e-05
4.475367e-05
4.467391e-05
4.459309e-05
4.451124e-05
4.442834e-05
4.434442e-05
4.425948e-05
4.417352e-05
4.408657e-05
4.400532e-05
4.397155e-05
4.393654e-05
4.390028e-05
4.386340e-05
4.382889e-05
4.379313e-05
4.375614e-05
4.371791e-05
4.367847e-05
4.363781e-05
4.359594e-05
4.355287e-05
4.350861e-05
4.346316e-05
4.341653e-05
4.336874e-05
4.331977e-05
4.326966e-05
4.321839e-05
4.316598e-05
4.311244e-05
4.305777e-05
4.300198e-05
4.294508e-05
4.288707e-05
4.282797e-05
4.276778e-05
4.270651e-05
4.264416e-05
4.258074e-05
4.251627e-05
4.245074e-05
4.238416e-05
4.231655e-05
4.224791e-05
4.217825e-05
4.210757e-05
4.203588e-05
4.196320e-05
4.188952e-05
4.181485e-05
4.173921e-05
4.166386e-05
4.158890e-05
4.151297e-05
4.143607e-05
4.135822e-05
4.127942e-05
4.119968e-05
4.111900e-05
4.103740e-05
4.095488e-05
4.087145e-05
4.078712e-05
4.070189e-05
4.061577e-05
4.052876e-05
4.044088e-05
4.035214e-05
4.026688e-05
4.022662e-05
4.018528e-05
4.014287e-05
4.009937e-05
4.005482e-05
4.001213e-05
3.996909e-05
3.992497e-05
3.987980e-05
3.983357e-05
3.978630e-05
3.973798e-05
3.968864e-05
3.963827e-05
3.958687e-05
3.953446e-05
3.948105e-05
3.942664e-05
3.937123e-05
3.931484e-05
3.925746e-05
3.919911e-05
3.913980e-05
3.907952e-05
3.901829e-05
3.895611e-05
3.889300e-05
3.882895e-05
3.876397e-05
3.869807e-05
3.863126e-05
3.856354e-05
3.849492e-05
3.842540e-05
3.835500e-05
3.828372e-05
3.821157e-05
3.813854e-05
3.806466e-05
3.798992e-05
3.791442e-05
3.784031e-05
3.776535e-05
3.768955e-05
3.761292e-05
3.753546e-05
3.745718e-05
3.737809e-05
3.729819e-05
3.721749e-05
3.713599e-05
3.705371e-05
3.697065e-05
3.688682e-05
3.680221e-05
3.671685e-05
3.663073e-05
3.654387e-05
3.645626e-05
3.636792e-05
3.627884e-05
3.621528e-05
3.616988e-05
3.612355e-05
3.607632e-05
3.602817e-05
3.597912e-05
3.592917e-05
3.587833e-05
3.582818e-05
3.577865e-05
3.572823e-05
3.567693e-05
3.562475e-05
3.557170e-05
3.551778e-05
3.546300e-05
3.540736e-05
3.535088e-05
3.529355e-05
3.523538e-05
3.517638e-05
3.511656e-05
3.505591e-05
3.499445e-05
3.493219e-05
3.486912e-05
3.480525e-05
3.474059e-05
3.467515e-05
3.460892e-05
3.454193e-05
3.447417e-05
3.440564e-05
3.433636e-05
3.426633e-05
3.419556e-05
3.412404e-05
3.405180e-05
3.397882e-05
3.390513e-05
3.383116e-05
3.375804e-05
3.368421e-05
3.360967e-05
3.353443e-05
3.345850e-05
3.338187e-05
3.330456e-05
3.322657e-05
3.314790e-05
3.306857e-05
3.298857e-05
3.290792e-05
3.282662e-05
3.274468e-05
3.266210e-05
3.257888e-05
3.249504e-05
3.241057e-05
3.232549e-05
3.223980e-05
3.215350e-05
3.206660e-05
3.198760e-05
3.193980e-05
3.189124e-05
3.184192e-05
3.179185e-05
3.174102e-05
3.168945e-05
3.163714e-05
3.158409e-05
3.153031e-05
3.147581e-05
3.142058e-05
3.136464e-05
3.130890e-05
3.125410e-05
3.119860e-05
3.128375e-05
3.161786e-05
3.195264e-05
3.228808e-05
3.262417e-05
3.296090e-05
3.329828e-05
3.363630e-05
3.397495e-05
3.431423e-05
3.465367e-05
3.499369e-05
3.533429e-05
3.567546e-05
3.601720e-05
3.635950e-05
3.670234e-05
3.704573e-05
3.738966e-05
3.773410e-05
3.807907e-05
3.842455e-05
3.877052e-05
3.911698e-05
3.946393e-05
3.981134e-05
4.015922e-05
4.050754e-05
4.085631e-05
4.120550e-05
4.155511e-05
4.190513e-05
4.225554e-05
4.260633e-05
4.295750e-05
4.330902e-05
4.365704e-05
4.400610e-05
4.435613e-05
4.470707e-05
4.505886e-05
4.541144e-05
4.576477e-05
4.611879e-05
4.647345e-05
4.682871e-05
4.718451e-05
4.754082e-05
4.789759e-05
4.825479e-05
4.861237e-05
4.897030e-05
4.932854e-05
4.968706e-05
5.004582e-05
5.040478e-05
5.076392e-05
5.112321e-05
5.148261e-05
5.184210e-05
5.220165e-05
5.256122e-05
5.292079e-05
5.328034e-05
5.363983e-05
5.399925e-05
5.435856e-05
5.471774e-05
5.507677e-05
5.543562e-05
5.579381e-05
5.615174e-05
5.650940e-05
5.686675e-05
5.722379e-05
5.758047e-05
5.793679e-05
5.829272e-05
5.864823e-05
5.900332e-05
5.935795e-05
5.971211e-05
6.006578e-05
6.041893e-05
6.077155e-05
6.112361e-05
6.147509e-05
6.182598e-05
6.217626e-05
6.252590e-05
6.287488e-05
6.322319e-05
6.357081e-05
6.391771e-05
6.426388e-05
6.460930e-05
6.495395e-05
6.529781e-05
6.564086e-05
6.598309e-05
6.632447e-05
6.666499e-05
6.700463e-05
6.734336e-05
6.768118e-05
6.801806e-05
6.835399e-05
6.866777e-05
6.898094e-05
6.929350e-05
6.960543e-05
6.991674e-05
7.022742e-05
7.053743e-05
6.959220e-05
6.870409e-05
6.787006e-05
6.708725e-05
6.635293e-05
6.566455e-05
6.501969e-05
6.441606e-05
6.385151e-05
6.332398e-05
6.283155e-05
6.237239e-05
6.433502e-05
6.662269e-05
6.880914e-05
7.089967e-05
7.289925e-05
7.481258e-05
7.664406e-05
7.839780e-05
8.007771e-05
8.168743e-05
8.323040e-05
8.470985e-05
8.612881e-05
8.749016e-05
8.879657e-05
9.005058e-05
9.125459e-05
9.241083e-05
9.352143e-05
9.458839e-05
9.561358e-05
9.659880e-05
9.754571e-05
9.845590e-05
9.933087e-05
1.001720e-04
1.009807e-04
1.017582e-04
1.025057e-04
1.032244e-04
1.039152e-04
1.045793e-04
1.052175e-04
1.058309e-04
1.064203e-04
1.069865e-04
1.075303e-04
1.080525e-04
1.085538e-04
1.090348e-04
1.073642e-04
1.056403e-04
1.039771e-04
1.023719e-04
1.008222e-04
9.932547e-05
9.787939e-05
9.648174e-05
9.513041e-05
9.382336e-05
9.255866e-05
9.133445e-05
9.014898e-05
8.900055e-05
8.788753e-05
8.680839e-05
8.576164e-05
8.474585e-05
8.375968e-05
8.280181e-05
8.187100e-05
8.096605e-05
8.008581e-05
7.922919e-05
7.839512e-05
7.758259e-05
7.679063e-05
7.601832e-05
7.526475e-05
7.452906e-05
7.381044e-05
7.310809e-05
7.242126e-05
7.174921e-05
7.109125e-05
7.044671e-05
6.981493e-05
6.919531e-05
6.858726e-05
6.799019e-05
6.740358e-05
6.682689e-05
6.625961e-05
6.570171e-05
6.515228e-05
6.461089e-05
6.407711e-05
6.355054e-05
6.303078e-05
6.251747e-05
6.254675e-05
6.265907e-05
6.276741e-05
6.287185e-05
6.297246e-05
6.306931e-05
6.316248e-05
6.325203e-05
6.333803e-05
6.342054e-05
6.349964e-05
6.357537e-05
6.364781e-05
6.371702e-05
6.378304e-05
6.384594e-05
6.390578e-05
6.396261e-05
6.401648e-05
6.406744e-05
6.411555e-05
6.416086e-05
6.420341e-05
6.424326e-05
6.428044e-05
6.431501e-05
6.434701e-05
6.437649e-05
6.460834e-05
6.486424e-05
6.511718e-05
6.536719e-05
6.561431e-05
6.585858e-05
6.610001e-05
6.633864e-05
6.657450e-05
6.680760e-05
6.703797e-05
6.726562e-05
6.749058e-05
6.771285e-05
6.793246e-05
6.814940e-05
6.836370e-05
6.857536e-05
6.878439e-05
6.899079e-05
6.919457e-05
6.940245e-05
6.960745e-05
6.980958e-05
7.000887e-05
7.020531e-05
7.039892e-05
7.058971e-05
7.077769e-05
7.096287e-05
7.114525e-05
7.132483e-05
7.150163e-05
7.167564e-05
7.184686e-05
7.201530e-05
7.218095e-05
7.234382e-05
7.250390e-05
7.266119e-05
7.281569e-05
7.296739e-05
7.311630e-05
7.326240e-05
7.340569e-05
7.354617e-05
7.368382e-05
7.381866e-05
7.395065e-05
7.407982e-05
7.420613e-05
7.432959e-05
7.445019e-05
7.456793e-05
7.468279e-05
7.479476e-05
7.490384e-05
7.501003e-05
7.511330e-05
7.521366e-05
7.531110e-05
7.540561e-05
7.549717e-05
7.558579e-05
7.567145e-05
7.575414e-05
7.580366e-05
7.584981e-05
7.589289e-05
7.593312e-05
7.597071e-05
7.600583e-05
7.603861e-05
7.606916e-05
7.609756e-05
7.612388e-05
7.614816e-05
7.617045e-05
7.595664e-05
7.573165e-05
7.549897e-05
7.526160e-05
7.502210e-05
7.478264e-05
7.454503e-05
7.431077e-05
7.408111e-05
7.385705e-05
7.363937e-05
7.342871e-05
7.322552e-05
7.303013e-05
7.284273e-05
7.266345e-05
7.249229e-05
7.232921e-05
7.217408e-05
7.202676e-05
7.188701e-05
7.175461e-05
7.162927e-05
7.151069e-05
7.139858e-05
7.129260e-05
7.119241e-05
7.109767e-05
7.100805e-05
7.092319e-05
7.084275e-05
7.076640e-05
7.069380e-05
7.062462e-05
7.055854e-05
7.049525e-05
7.043445e-05
7.037583e-05
7.031912e-05
7.026403e-05
7.021030e-05
7.015768e-05
7.010591e-05
7.005476e-05
7.000400e-05
6.995341e-05
6.990279e-05
6.985193e-05
6.979898e-05
6.974536e-05
6.969089e-05
6.963541e-05
6.957879e-05
6.952086e-05
6.946149e-05
6.940056e-05
6.933793e-05
6.927349e-05
6.920714e-05
6.913875e-05
6.906824e-05
6.902140e-05
6.898192e-05
6.893835e-05
6.889070e-05
6.883898e-05
6.878318e-05
6.872333e-05
6.865942e-05
6.859147e-05
6.851949e-05
6.844349e-05
6.836348e-05
6.827947e-05
6.819148e-05
6.809952e-05
6.808257e-05
6.808974e-05
6.809255e-05
6.809105e-05
6.808529e-05
6.807530e-05
6.806113e-05
6.804281e-05
6.802037e-05
6.799385e-05
6.796328e-05
6.792868e-05
6.789008e-05
6.784751e-05
6.780099e-05
6.775054e-05
6.769618e-05
6.763794e-05
6.757583e-05
6.750988e-05
6.743754e-05
6.736132e-05
6.728123e-05
6.719731e-05
6.710959e-05
6.701809e-05
6.692283e-05
6.682384e-05
6.672114e-05
6.661475e-05
6.650470e-05
6.639100e-05
6.627367e-05
6.615275e-05
6.602824e-05
6.590017e-05
6.576857e-05
6.563345e-05
6.549484e-05
6.535275e-05
6.520721e-05
6.505824e-05
6.490587e-05
6.475012e-05
6.459101e-05
6.442856e-05
6.426280e-05
6.409376e-05
6.392146e-05
6.374592e-05
6.356718e-05
6.338551e-05
6.320065e-05
6.301265e-05
6.282153e-05
6.262732e-05
6.243005e-05
6.222976e-05
6.202648e-05
6.182023e-05
6.161106e-05
6.139899e-05
6.118406e-05
6.096630e-05
6.074575e-05
6.052244e-05
6.029641e-05
6.006769e-05
5.983631e-05
5.960232e-05
5.936575e-05
5.912664e-05
5.888502e-05
5.864093e-05
5.839422e-05
5.814511e-05
5.789362e-05
5.763979e-05
5.738368e-05
5.712532e-05
5.686475e-05
5.660200e-05
5.633713e-05
5.607017e-05
5.580117e-05
5.553016e-05
5.525719e-05
5.498230e-05
5.470552e-05
5.442691e-05
5.414651e-05
5.386383e-05
5.357942e-05
5.329332e-05
5.300557e-05
5.271621e-05
5.242529e-05
5.213285e-05
5.183894e-05
5.154360e-05
5.124687e-05
5.094879e-05
5.064941e-05
5.034877e-05
5.004692e-05
4.974389e-05
4.943973e-05
4.913447e-05
4.882818e-05
4.852087e-05
4.821260e-05
4.790342e-05
4.759334e-05
4.728243e-05
4.697072e-05
4.665826e-05
4.634507e-05
4.603121e-05
4.571671e-05
4.540161e-05
4.508595e-05
4.476977e-05
4.445311e-05
4.413601e-05
4.381850e-05
4.350063e-05
4.318242e-05
4.286392e-05
4.254517e-05
4.222620e-05
4.190704e-05
4.158774e-05
4.126832e-05
4.094882e-05
4.062928e-05
4.030972e-05
4.000310e-05
3.985953e-05
3.971590e-05
3.957223e-05
3.942851e-05
3.928476e-05
3.914098e-05
3.899718e-05
3.885335e-05
3.870950e-05
3.856565e-05
3.842179e-05
3.827792e-05
3.813406e-05
3.799020e-05
3.784635e-05
3.770252e-05
3.755870e-05
3.741491e-05
3.727114e-05
3.712741e-05
3.698370e-05
3.684004e-05
3.669641e-05
3.655283e-05
3.640930e-05
3.626582e-05
3.612239e-05
3.597902e-05
3.583572e-05
3.569247e-05
3.554930e-05
3.540620e-05
3.526317e-05
3.512021e-05
3.497734e-05
3.483455e-05
3.469185e-05
3.454923e-05
3.440670e-05
3.426394e-05
3.412128e-05
3.397871e-05
3.383624e-05
3.369387e-05
3.355161e-05
3.340945e-05
3.326740e-05
3.312547e-05
3.298365e-05
3.284194e-05
3.270036e-05
3.255890e-05
3.241757e-05
3.227636e-05
3.213528e-05
3.199433e-05
3.185352e-05
3.171285e-05
3.157231e-05
3.143191e-05
3.129166e-05
3.115156e-05
3.101160e-05
3.087179e-05
3.073213e-05
3.059263e-05
3.045329e-05
3.031410e-05
3.017508e-05
3.003621e-05
2.989752e-05
2.975899e-05
2.962062e-05
2.948243e-05
2.934442e-05
2.920657e-05
2.906891e-05
2.893142e-05
2.879412e-05
2.865699e-05
2.852006e-05
2.838330e-05
2.824674e-05
2.811037e-05
2.797419e-05
2.783821e-05
2.770242e-05
2.756683e-05
2.743143e-05
2.729624e-05
2.716126e-05
2.702648e-05
2.689190e-05
2.675754e-05
2.662338e-05
2.648944e-05
2.635571e-05
2.622220e-05
2.608890e-05
2.595582e-05
2.582297e-05
2.569034e-05
2.555793e-05
2.542574e-05
2.529379e-05
2.516206e-05
2.503057e-05
2.489931e-05
2.477030e-05
2.464150e-05
2.451293e-05
2.438457e-05
2.425642e-05
2.412849e-05
2.400078e-05
2.387329e-05
2.374601e-05
2.361896e-05
2.349212e-05
2.336550e-05
2.323911e-05
2.311294e-05
2.298699e-05
2.286126e-05
2.273577e-05
2.261052e-05
2.248546e-05
2.236060e-05
2.223594e-05
2.211148e-05
2.198725e-05
2.186324e-05
2.173945e-05
2.161590e-05
2.149259e-05
2.136951e-05
2.124669e-05
2.112411e-05
2.100179e-05
2.087973e-05
2.075793e-05
2.063640e-05
2.051513e-05
2.039414e-05
2.027342e-05
2.015298e-05
2.003281e-05
1.991293e-05
1.979333e-05
1.967402e-05
1.955499e-05
1.943625e-05
1.931781e-05
1.919965e-05
1.908179e-05
1.896423e-05
1.884696e-05
1.872999e-05
1.861332e-05
1.849696e-05
1.838089e-05
1.826513e-05
1.814967e-05
1.803452e-05
1.791967e-05
1.780513e-05
1.769090e-05
1.757698e-05
1.746337e-05
1.735007e-05
1.723708e-05
1.712440e-05
1.701204e-05
1.689998e-05
1.678825e-05
1.667683e-05
1.656572e-05
1.645494e-05
1.634447e-05
1.623432e-05
1.612448e-05
1.601497e-05
1.590578e-05
1.579691e-05
1.568836e-05
1.558013e-05
1.547222e-05
1.536464e-05
1.525739e-05
1.515045e-05
1.504385e-05
1.493757e-05
1.483162e-05
1.472599e-05
1.462070e-05
1.451573e-05
1.441109e-05
1.430679e-05
1.420281e-05
1.409917e-05
1.399585e-05
1.389288e-05
1.379023e-05
1.368792e-05
1.358595e-05
1.348431e-05
1.338301e-05
1.328204e-05
1.320896e-05
1.316261e-05
1.311630e-05
1.307002e-05
1.302378e-05
1.298393e-05
1.294668e-05
1.290942e-05
1.287214e-05
1.283486e-05
1.279756e-05
1.276025e-05
1.272293e-05
1.268560e-05
1.264826e-05
1.261092e-05
1.257357e-05
1.253621e-05
1.249886e-05
1.246149e-05
1.242413e-05
1.238676e-05
1.234939e-05
1.231203e-05
1.227466e-05
1.223730e-05
1.219993e-05
1.216258e-05
1.212522e-05
1.208787e-05
1.205052e-05
1.201319e-05
1.197585e-05
1.193853e-05
1.190121e-05
1.186391e-05
1.182661e-05
1.178932e-05
1.175204e-05
1.171478e-05
1.167753e-05
1.164029e-05
1.160306e-05
1.156585e-05
1.156527e-05
1.161825e-05
1.167078e-05
1.172285e-05
1.177448e-05
1.182566e-05
1.187639e-05
1.192667e-05
1.197652e-05
1.202592e-05
1.207489e-05
1.212342e-05
1.217151e-05
1.221918e-05
1.226641e-05
1.231321e-05
1.235959e-05
1.240554e-05
1.245107e-05
1.249617e-05
1.254086e-05
1.258513e-05
1.262898e-05
1.267241e-05
1.271544e-05
1.275805e-05
1.280025e-05
1.284205e-05
1.288343e-05
1.293821e-05
1.300324e-05
1.306760e-05
1.313127e-05
1.319427e-05
1.325658e-05
1.331822e-05
1.337918e-05
1.343946e-05
1.349906e-05
1.355799e-05
1.361624e-05
1.367381e-05
1.373071e-05
1.378693e-05
1.384248e-05
1.389735e-05
1.395154e-05
1.400507e-05
1.405791e-05
1.411009e-05
1.416159e-05
1.421241e-05
1.426257e-05
1.431205e-05
1.436086e-05
1.440899e-05
1.445646e-05
1.450325e-05
1.454937e-05
1.459482e-05
1.463960e-05
1.468371e-05
1.472714e-05
1.476991e-05
1.481201e-05
1.485344e-05
1.489419e-05
1.493428e-05
1.497370e-05
1.501246e-05
1.505054e-05
1.508795e-05
1.512470e-05
1.516078e-05
1.519619e-05
1.523094e-05
1.526502e-05
1.529843e-05
1.533117e-05
1.536325e-05
1.539467e-05
1.542542e-05
1.545550e-05
1.548492e-05
1.551367e-05
1.554176e-05
1.556919e-05
1.559595e-05
1.562205e-05
1.564749e-05
1.567227e-05
1.569638e-05
1.571983e-05
1.574262e-05
1.576475e-05
1.578622e-05
1.580703e-05
1.582718e-05
1.584667e-05
1.586550e-05
1.588367e-05
1.590670e-05
1.594111e-05
1.597522e-05
1.600902e-05
1.604252e-05
1.607572e-05
1.610861e-05
1.614119e-05
1.617345e-05
1.620541e-05
1.623704e-05
1.626836e-05
1.629936e-05
1.633003e-05
1.636038e-05
1.639039e-05
1.642008e-05
1.644944e-05
1.647846e-05
1.650714e-05
1.653548e-05
1.656348e-05
1.659113e-05
1.661844e-05
1.664540e-05
1.667200e-05
1.669825e-05
1.672415e-05
1.674968e-05
1.677485e-05
1.679966e-05
1.682410e-05
1.684818e-05
1.687188e-05
1.689521e-05
1.691816e-05
1.694073e-05
1.696293e-05
1.698474e-05
1.700616e-05
1.702719e-05
1.704784e-05
1.706809e-05
1.708795e-05
1.710741e-05
1.712647e-05
1.714513e-05
1.716338e-05
1.718122e-05
1.719866e-05
1.721569e-05
1.723230e-05
1.724849e-05
1.726427e-05
1.727962e-05
1.729456e-05
1.730906e-05
1.732314e-05
1.733679e-05
1.735001e-05
1.736280e-05
1.737515e-05
1.738706e-05
1.739853e-05
1.740955e-05
1.742014e-05
1.743027e-05
1.743996e-05
1.744919e-05
1.745798e-05
1.746630e-05
1.747418e-05
1.748159e-05
1.748854e-05
1.749503e-05
1.750105e-05
1.750661e-05
1.751170e-05
1.751632e-05
1.752046e-05
1.752413e-05
1.752733e-05
1.753005e-05
1.753229e-05
1.753405e-05
1.753532e-05
1.753611e-05
1.753642e-05
1.753624e-05
1.753557e-05
1.753441e-05
1.753275e-05
1.753061e-05
1.752796e-05
1.752482e-05
1.752119e-05
1.751705e-05
1.751241e-05
1.750727e-05
1.750163e-05
1.749548e-05
1.748883e-05
1.748167e-05
1.747400e-05
1.746582e-05
1.745713e-05
1.744793e-05
1.743821e-05
1.742798e-05
1.741724e-05
1.740598e-05
1.739420e-05
1.738191e-05
1.736910e-05
1.735577e-05
1.734191e-05
1.732754e-05
1.731265e-05
1.729723e-05
1.728129e-05
1.726482e-05
1.724783e-05
1.723032e-05
1.721228e-05
1.719371e-05
1.717462e-05
1.715500e-05
1.713485e-05
1.711418e-05
1.709297e-05
1.707124e-05
1.704898e-05
1.702619e-05
1.700287e-05
1.697902e-05
1.695464e-05
1.692974e-05
1.690430e-05
1.687833e-05
1.685183e-05
1.682481e-05
1.679725e-05
1.676916e-05
1.674055e-05
1.671140e-05
1.668173e-05
1.665152e-05
1.662079e-05
1.658953e-05
1.655775e-05
1.652543e-05
1.649259e-05
1.645922e-05
1.642532e-05
1.639090e-05
1.635596e-05
1.632049e-05
1.628450e-05
1.624798e-05
1.621094e-05
1.617338e-05
1.613530e-05
1.609670e-05
1.605758e-05
1.601794e-05
1.597778e-05
1.593711e-05
1.589592e-05
1.585422e-05
1.581201e-05
1.576928e-05
1.572604e-05
1.568229e-05
1.563803e-05
1.559327e-05
1.554800e-05
1.550222e-05
1.545594e-05
1.540916e-05
1.536188e-05
1.531409e-05
1.526581e-05
1.521704e-05
1.516776e-05
1.511800e-05
1.506774e-05
1.501699e-05
1.496576e-05
1.491404e-05
1.486183e-05
1.480914e-05
1.475597e-05
1.470232e-05
1.464819e-05
1.459358e-05
1.453850e-05
1.448295e-05
1.442693e-05
1.437044e-05
1.431348e-05
1.425606e-05
1.419818e-05
1.413984e-05
1.408104e-05
1.402179e-05
1.396208e-05
1.390192e-05
1.384132e-05
1.378027e-05
1.371877e-05
1.365683e-05
1.359445e-05
1.353164e-05
1.346839e-05
1.340471e-05
1.334060e-05
1.327607e-05
1.321111e-05
1.314572e-05
1.307992e-05
1.301371e-05
1.294707e-05
1.288003e-05
1.281258e-05
1.274473e-05
1.267647e-05
1.260781e-05
1.253875e-05
1.246930e-05
1.239946e-05
1.232923e-05
1.225862e-05
1.218762e-05
1.211624e-05
1.204448e-05
1.197236e-05
1.189986e-05
1.182699e-05
1.175376e-05
1.168016e-05
1.160621e-05
1.153191e-05
1.145725e-05
1.138224e-05
1.130688e-05
1.123119e-05
1.115515e-05
1.107878e-05
1.100208e-05
1.092504e-05
1.084769e-05
1.077000e-05
1.069200e-05
1.061368e-05
1.053505e-05
1.045611e-05
1.037687e-05
1.029732e-05
1.021748e-05
1.013733e-05
1.005690e-05
9.976179e-06
9.895173e-06
9.813885e-06
9.732319e-06
9.650480e-06
9.568369e-06
9.485992e-06
9.403352e-06
9.320451e-06
9.237295e-06
9.153887e-06
9.070229e-06
8.986327e-06
8.902183e-06
8.817802e-06
8.733187e-06
8.648342e-06
8.563271e-06
8.477977e-06
8.392464e-06
8.306737e-06
8.220798e-06
8.134651e-06
8.048301e-06
7.961752e-06
7.875006e-06
7.788069e-06
7.700943e-06
7.613633e-06
7.526143e-06
7.516142e-06
7.510691e-06
7.505068e-06
7.499273e-06
7.493308e-06
7.487173e-06
7.480868e-06
7.474395e-06
7.467753e-06
7.460944e-06
7.453994e-06
7.454208e-06
7.454242e-06
7.454096e-06
7.453772e-06
7.453268e-06
7.452587e-06
7.451727e-06
7.450690e-06
7.449475e-06
7.448084e-06
7.446516e-06
7.444773e-06
7.442854e-06
7.440760e-06
7.438491e-06
7.436048e-06
7.433432e-06
7.430642e-06
7.427680e-06
7.424545e-06
7.421238e-06
7.417760e-06
7.414112e-06
7.410293e-06
7.406304e-06
7.402146e-06
7.397819e-06
7.393324e-06
7.388661e-06
7.383831e-06
7.378834e-06
7.373671e-06
7.368343e-06
7.362850e-06
7.357192e-06
7.351370e-06
7.345385e-06
7.339237e-06
7.332927e-06
7.326456e-06
7.319823e-06
7.313030e-06
7.306078e-06
7.298966e-06
7.291696e-06
7.284267e-06
7.276682e-06
7.270909e-06
7.270013e-06
7.268947e-06
7.267713e-06
7.266312e-06
7.264742e-06
7.263006e-06
7.261103e-06
7.259033e-06
7.256797e-06
7.254396e-06
7.251829e-06
7.249098e-06
7.246202e-06
7.272114e-06
7.360183e-06
7.448055e-06
7.535727e-06
7.623197e-06
7.710463e-06
7.797523e-06
7.884374e-06
7.971014e-06
8.057442e-06
8.143655e-06
8.229651e-06
8.315427e-06
8.400982e-06
8.486314e-06
8.571420e-06
8.656299e-06
8.740948e-06
8.825366e-06
8.909549e-06
8.994499e-06
9.079159e-06
9.163533e-06
9.247619e-06
9.331418e-06
9.414932e-06
9.498160e-06
9.581102e-06
9.663760e-06
9.746132e-06
9.828218e-06
9.910019e-06
9.991534e-06
1.007276e-05
1.015371e-05
1.023436e-05
1.031473e-05
1.039481e-05
1.047460e-05
1.055410e-05
1.063330e-05
1.071222e-05
1.079085e-05
1.086918e-05
1.094721e-05
1.102495e-05
1.110240e-05
1.117954e-05
1.125639e-05
1.133294e-05
1.140918e-05
1.148513e-05
1.156076e-05
1.163610e-05
1.171113e-05
1.178585e-05
1.186026e-05
1.193436e-05
1.200815e-05
1.208163e-05
1.215479e-05
1.222764e-05
1.230017e-05
1.237239e-05
1.244428e-05
1.251586e-05
1.258711e-05
1.265804e-05
1.272865e-05
1.279893e-05
1.286889e-05
1.293851e-05
1.300781e-05
1.307678e-05
1.314542e-05
1.321372e-05
1.328169e-05
1.334932e-05
1.341662e-05
1.348358e-05
1.355020e-05
1.361648e-05
1.368242e-05
1.374802e-05
1.381328e-05
1.387819e-05
1.394275e-05
1.400697e-05
1.407084e-05
1.413436e-05
1.419753e-05
1.426035e-05
1.432282e-05
1.438493e-05
1.444669e-05
1.450809e-05
1.456914e-05
1.462983e-05
1.469016e-05
1.475014e-05
1.480975e-05
1.486900e-05
1.492789e-05
1.498642e-05
1.504458e-05
1.510238e-05
1.515981e-05
1.521687e-05
1.527357e-05
1.532990e-05
1.538586e-05
1.544145e-05
1.549667e-05
1.555152e-05
1.560599e-05
1.566010e-05
1.571383e-05
1.576718e-05
1.582016e-05
1.587276e-05
1.592499e-05
1.597683e-05
1.602830e-05
1.607940e-05
1.613011e-05
1.618044e-05
1.623039e-05
1.627996e-05
1.632915e-05
1.637795e-05
1.642637e-05
1.647441e-05
1.652207e-05
1.656934e-05
1.661622e-05
1.666272e-05
1.670883e-05
1.675456e-05
1.679990e-05
1.684485e-05
1.688941e-05
1.693359e-05
1.697738e-05
1.702077e-05
1.706378e-05
1.710640e-05
1.714863e-05
1.719046e-05
1.723191e-05
1.727297e-05
1.731363e-05
1.735390e-05
1.739378e-05
1.743327e-05
1.747237e-05
1.751107e-05
1.754938e-05
1.758730e-05
1.762482e-05
1.766195e-05
1.769869e-05
1.773503e-05
1.777098e-05
1.780654e-05
1.784170e-05
1.787647e-05
1.791084e-05
1.794482e-05
1.797841e-05
1.801160e-05
1.804440e-05
1.807680e-05
1.810881e-05
1.814043e-05
1.817165e-05
1.820248e-05
1.823291e-05
1.826295e-05
1.829260e-05
1.832185e-05
1.835071e-05
1.837917e-05
1.840725e-05
1.843493e-05
1.846221e-05
1.848911e-05
1.851561e-05
1.854172e-05
1.856744e-05
1.859277e-05
1.861770e-05
1.864225e-05
1.866641e-05
1.869017e-05
1.871354e-05
1.873653e-05
1.875912e-05
1.878133e-05
1.880315e-05
1.882458e-05
1.884562e-05
1.886628e-05
1.888655e-05
1.890643e-05
1.892593e-05
1.894504e-05
1.896377e-05
1.898211e-05
1.900007e-05
1.901764e-05
1.903483e-05
1.905164e-05
1.906807e-05
1.908412e-05
1.909979e-05
1.911508e-05
1.912998e-05
1.914451e-05
1.915867e-05
1.917244e-05
1.918584e-05
1.919886e-05
1.921151e-05
1.922379e-05
1.923569e-05
1.924721e-05
1.925837e-05
1.926915e-05
1.927957e-05
1.928961e-05
1.929928e-05
1.930859e-05
1.931753e-05
1.932610e-05
1.933431e-05
1.934215e-05
1.934963e-05
1.935675e-05
1.936350e-05
1.936990e-05
1.937593e-05
1.938160e-05
1.938692e-05
1.939188e-05
1.939648e-05
1.940072e-05
1.940461e-05
1.940815e-05
1.941134e-05
1.941417e-05
1.941666e-05
1.941879e-05
1.942058e-05
1.942202e-05
1.942311e-05
1.942386e-05
1.942427e-05
1.942433e-05
1.942405e-05
1.942343e-05
1.942247e-05
1.942117e-05
1.941954e-05
1.941757e-05
1.941526e-05
1.941262e-05
1.940965e-05
1.940635e-05
1.940272e-05
1.939876e-05
1.939447e-05
1.938985e-05
1.938491e-05
1.937965e-05
1.937406e-05
1.936815e-05
1.936192e-05
1.935538e-05
1.934851e-05
1.934133e-05
1.933384e-05
1.932603e-05
1.931791e-05
1.930947e-05
1.930073e-05
1.929168e-05
1.928232e-05
1.927266e-05
1.926269e-05
1.925242e-05
1.924185e-05
1.923098e-05
1.921981e-05
1.920834e-05
1.919658e-05
1.918452e-05
1.917217e-05
1.915953e-05
1.914659e-05
1.913337e-05
1.911986e-05
1.910606e-05
1.909198e-05
1.907762e-05
1.906297e-05
1.904805e-05
1.903284e-05
1.901736e-05
1.900160e-05
1.898556e-05
1.896926e-05
1.895268e-05
1.893583e-05
1.891871e-05
1.890133e-05
1.888368e-05
1.886576e-05
1.884758e-05
1.882914e-05
1.881045e-05
1.879149e-05
1.877227e-05
1.875280e-05
1.873308e-05
1.871310e-05
1.869288e-05
1.867240e-05
1.865168e-05
1.863071e-05
1.860949e-05
1.858803e-05
1.856633e-05
1.854439e-05
1.852221e-05
1.849979e-05
1.847714e-05
1.845425e-05
1.843113e-05
1.840778e-05
1.838420e-05
1.836039e-05
1.833635e-05
1.831209e-05
1.828760e-05
1.826290e-05
1.823797e-05
1.821282e-05
1.818745e-05
1.816187e-05
1.813607e-05
1.811006e-05
1.808384e-05
1.805741e-05
1.803077e-05
1.800392e-05
1.797687e-05
1.794961e-05
1.792215e-05
1.789195e-05
1.786156e-05
1.783099e-05
1.780024e-05
1.776934e-05
1.773827e-05
1.770706e-05
1.767569e-05
1.764418e-05
1.761253e-05
1.758074e-05
1.754881e-05
1.751675e-05
1.748456e-05
1.745224e-05
1.741978e-05
1.738720e-05
1.735449e-05
1.732165e-05
1.728869e-05
1.725560e-05
1.722239e-05
1.718905e-05
1.715559e-05
1.712200e-05
1.708829e-05
1.705446e-05
1.702050e-05
1.698642e-05
1.695222e-05
1.691790e-05
1.688345e-05
1.684889e-05
1.681420e-05
1.677940e-05
1.674448e-05
1.670943e-05
1.667427e-05
1.663900e-05
1.660360e-05
1.656809e-05
1.653246e-05
1.649672e-05
1.646087e-05
1.642490e-05
1.638882e-05
1.635263e-05
1.631632e-05
1.627991e-05
1.624339e-05
1.620676e-05
1.617002e-05
1.613317e-05
1.609622e-05
1.605917e-05
1.602201e-05
1.598475e-05
1.594739e-05
1.590993e-05
1.587236e-05
1.583470e-05
1.579694e-05
1.575909e-05
1.572114e-05
1.568309e-05
1.564495e-05
1.560672e-05
1.556840e-05
1.552998e-05
1.549148e-05
1.545289e-05
1.541421e-05
1.537545e-05
1.533660e-05
1.529766e-05
1.525865e-05
1.521955e-05
1.518037e-05
1.514111e-05
1.510177e-05
1.506235e-05
1.502286e-05
1.498329e-05
1.494365e-05
1.490393e-05
1.486414e-05
1.482428e-05
1.478434e-05
1.474434e-05
1.470427e-05
1.466413e-05
1.462392e-05
1.458365e-05
1.454331e-05
1.450291e-05
1.446245e-05
1.442192e-05
1.438134e-05
1.434069e-05
1.429998e-05
1.425922e-05
1.421840e-05
1.417752e-05
1.413658e-05
1.409560e-05
1.405455e-05
1.401346e-05
1.397231e-05
1.393111e-05
1.388987e-05
1.384857e-05
1.380722e-05
1.376583e-05
1.372439e-05
1.368291e-05
1.364138e-05
1.359980e-05
1.355819e-05
1.356679e-05
1.357697e-05
1.358643e-05
1.359521e-05
1.360329e-05
1.361070e-05
1.361744e-05
1.362352e-05
1.362896e-05
1.363377e-05
1.363795e-05
1.364151e-05
1.364447e-05
1.364683e-05
1.364860e-05
1.364980e-05
1.365042e-05
1.365048e-05
1.364999e-05
1.364896e-05
1.364739e-05
1.364529e-05
1.364267e-05
1.363954e-05
1.363590e-05
1.363177e-05
1.362715e-05
1.362204e-05
1.361646e-05
1.361041e-05
1.360390e-05
1.359694e-05
1.358953e-05
1.358167e-05
1.357338e-05
1.356467e-05
1.355553e-05
1.354598e-05
1.353601e-05
1.352564e-05
1.351488e-05
1.350372e-05
1.349218e-05
1.348025e-05
1.346795e-05
1.345528e-05
1.344224e-05
1.342885e-05
1.341510e-05
1.340100e-05
1.338656e-05
1.337178e-05
1.335667e-05
1.334122e-05
1.332545e-05
1.330936e-05
1.329296e-05
1.327624e-05
1.325922e-05
1.324190e-05
1.322428e-05
1.320636e-05
1.318815e-05
1.316966e-05
1.315089e-05
1.313184e-05
1.311252e-05
1.309293e-05
1.307307e-05
1.305295e-05
1.303257e-05
1.301194e-05
1.299106e-05
1.296993e-05
1.294855e-05
1.292693e-05
1.290508e-05
1.288299e-05
1.286068e-05
1.283813e-05
1.281536e-05
1.279237e-05
1.276915e-05
1.274573e-05
1.272209e-05
1.269824e-05
1.267418e-05
1.264992e-05
1.262545e-05
1.260079e-05
1.257593e-05
1.255087e-05
1.252562e-05
1.250019e-05
1.247456e-05
1.244875e-05
1.242276e-05
1.239658e-05
1.237023e-05
1.234370e-05
1.231700e-05
1.229013e-05
1.226308e-05
1.223587e-05
1.220849e-05
1.218095e-05
1.215324e-05
1.212538e-05
1.209735e-05
1.206917e-05
1.204084e-05
1.201235e-05
1.198371e-05
1.195492e-05
1.192599e-05
1.189691e-05
1.186768e-05
1.183832e-05
1.180881e-05
1.177917e-05
1.174938e-05
1.171947e-05
1.168942e-05
1.165924e-05
1.162893e-05
1.159849e-05
1.156792e-05
1.153724e-05
1.150643e-05
1.147549e-05
1.144444e-05
1.141327e-05
1.138199e-05
1.135059e-05
1.131908e-05
1.128747e-05
1.125574e-05
1.122390e-05
1.119196e-05
1.115992e-05
1.112778e-05
1.109554e-05
1.106320e-05
1.103076e-05
1.099823e-05
1.096561e-05
1.093290e-05
1.090010e-05
1.086721e-05
1.083424e-05
1.080118e-05
1.076804e-05
1.073483e-05
1.070153e-05
1.066816e-05
1.063472e-05
1.060120e-05
1.056762e-05
1.053396e-05
1.050024e-05
1.046645e-05
1.043260e-05
1.039869e-05
1.036471e-05
1.033068e-05
1.029660e-05
1.026246e-05
1.022826e-05
1.019402e-05
1.015972e-05
1.012538e-05
1.009099e-05
1.005656e-05
1.002208e-05
9.987568e-06
9.953013e-06
9.918420e-06
9.883791e-06
9.849127e-06
9.814431e-06
9.779704e-06
9.744947e-06
9.710162e-06
9.675351e-06
9.640514e-06
9.605655e-06
9.570773e-06
9.535872e-06
9.500951e-06
9.466013e-06
9.431059e-06
9.396091e-06
9.361109e-06
9.326116e-06
9.291113e-06
9.256101e-06
9.221081e-06
9.186056e-06
9.151026e-06
9.115992e-06
9.080956e-06
9.045919e-06
9.010883e-06
8.975849e-06
8.940818e-06
8.905790e-06
8.870769e-06
8.835754e-06
8.800746e-06
8.765748e-06
8.730760e-06
8.695783e-06
8.660819e-06
8.625868e-06
8.590932e-06
8.556012e-06
8.521108e-06
8.486223e-06
8.451356e-06
8.416509e-06
8.381683e-06
8.346879e-06
8.312098e-06
8.277341e-06
8.242608e-06
8.207902e-06
8.173222e-06
8.138569e-06
8.103945e-06
8.069351e-06
8.034786e-06
8.000253e-06
7.965752e-06
7.931283e-06
7.896849e-06
7.862448e-06
7.828083e-06
7.793753e-06
7.759461e-06
7.725206e-06
7.690989e-06
7.656811e-06
7.622673e-06
7.588576e-06
7.554519e-06
7.520504e-06
7.486532e-06
7.452603e-06
7.418718e-06
7.384877e-06
7.351082e-06
7.317332e-06
7.283628e-06
7.249972e-06
7.216363e-06
7.182802e-06
7.149290e-06
7.115827e-06
7.082415e-06
7.049052e-06
7.015741e-06
6.982481e-06
6.949273e-06
6.916118e-06
6.883016e-06
6.849968e-06
6.816974e-06
6.784034e-06
6.751150e-06
6.718321e-06
6.685549e-06
6.652832e-06
6.620173e-06
6.587572e-06
6.555028e-06
6.522543e-06
6.490116e-06
6.457749e-06
6.425441e-06
6.393194e-06
6.361007e-06
6.328881e-06
6.296816e-06
6.264814e-06
6.232873e-06
6.200995e-06
6.169179e-06
6.137428e-06
6.105739e-06
6.074115e-06
6.042556e-06
6.011061e-06
5.979631e-06
5.948267e-06
5.916969e-06
5.885738e-06
5.854573e-06
5.823474e-06
5.792444e-06
5.761480e-06
5.730585e-06
5.699759e-06
5.669001e-06
5.638312e-06
5.607692e-06
5.577142e-06
5.546662e-06
5.516253e-06
5.485914e-06
5.455646e-06
5.425449e-06
5.395325e-06
5.365272e-06
5.335291e-06
5.305383e-06
5.275547e-06
5.245785e-06
5.216096e-06
5.186481e-06
5.156941e-06
5.127474e-06
5.098082e-06
5.068765e-06
5.039524e-06
5.010358e-06
4.981268e-06
4.952254e-06
4.923316e-06
4.894455e-06
4.865671e-06
4.836965e-06
4.808336e-06
4.779785e-06
4.751312e-06
4.722917e-06
4.694601e-06
4.666365e-06
4.638207e-06
4.610129e-06
4.582131e-06
4.554213e-06
4.526375e-06
4.498618e-06
4.470941e-06
4.443346e-06
4.415833e-06
4.388401e-06
4.361051e-06
4.333783e-06
4.306598e-06
4.279496e-06
4.252476e-06
4.225540e-06
4.198688e-06
4.171919e-06
4.145235e-06
4.118635e-06
4.092119e-06
4.065688e-06
4.039343e-06
4.013082e-06
3.986908e-06
3.960819e-06
3.934816e-06
3.908900e-06
3.883071e-06
3.857328e-06
3.831672e-06
3.806104e-06
3.780623e-06
3.755230e-06
3.729926e-06
3.704709e-06
3.679581e-06
3.654542e-06
3.629592e-06
3.604732e-06
3.579961e-06
3.555279e-06
3.530688e-06
3.506186e-06
3.481776e-06
3.457456e-06
3.433226e-06
3.409088e-06
3.385041e-06
3.361086e-06
3.337223e-06
3.313451e-06
3.289772e-06
3.266185e-06
3.242691e-06
3.219290e-06
3.195982e-06
3.172767e-06
3.149645e-06
3.126617e-06
3.103684e-06
3.080844e-06
3.058098e-06
3.035447e-06
3.012891e-06
2.990430e-06
2.968063e-06
2.945792e-06
2.923616e-06
2.901536e-06
2.879552e-06
2.866389e-06
2.860494e-06
2.854605e-06
2.848720e-06
2.842841e-06
2.836967e-06
2.831098e-06
2.825234e-06
2.819376e-06
2.813523e-06
2.807676e-06
2.801834e-06
2.795998e-06
2.790168e-06
2.784344e-06
2.778525e-06
2.772712e-06
2.766906e-06
2.761105e-06
2.755311e-06
2.749523e-06
2.743741e-06
2.737966e-06
2.732197e-06
2.726434e-06
2.720678e-06
2.714929e-06
2.709186e-06
2.703450e-06
2.697721e-06
2.691999e-06
2.686284e-06
2.680575e-06
2.674874e-06
2.669180e-06
2.663493e-06
2.657813e-06
2.652140e-06
2.646475e-06
2.640817e-06
2.635167e-06
2.629524e-06
2.623889e-06
2.618261e-06
2.612641e-06
2.607029e-06
2.601424e-06
2.595828e-06
2.590239e-06
2.584658e-06
2.579086e-06
2.573521e-06
2.567965e-06
2.562416e-06
2.556876e-06
2.551344e-06
2.545821e-06
2.540305e-06
2.534799e-06
2.529300e-06
2.523810e-06
2.518329e-06
2.512857e-06
2.507393e-06
2.501937e-06
2.496491e-06
2.491053e-06
2.485625e-06
2.480205e-06
2.474794e-06
2.469392e-06
2.463999e-06
2.458615e-06
2.453241e-06
2.447875e-06
2.442519e-06
2.437172e-06
2.431834e-06
2.426506e-06
2.421187e-06
2.415877e-06
2.410577e-06
2.405287e-06
2.400006e-06
2.394735e-06
2.389473e-06
2.384221e-06
2.378979e-06
2.373747e-06
2.368524e-06
2.363312e-06
2.358109e-06
2.352916e-06
2.347733e-06
2.342560e-06
2.337397e-06
2.332245e-06
2.327102e-06
2.321970e-06
2.316848e-06
2.311736e-06
2.306634e-06
2.301543e-06
2.296462e-06
2.291391e-06
2.286331e-06
2.281282e-06
2.276243e-06
2.272243e-06
2.273912e-06
2.275507e-06
2.277029e-06
2.278476e-06
2.279851e-06
2.281152e-06
2.282380e-06
2.283536e-06
2.284618e-06
2.285628e-06
2.286566e-06
2.287431e-06
2.288225e-06
2.288947e-06
2.289597e-06
2.290175e-06
2.290683e-06
2.291119e-06
2.291484e-06
2.291779e-06
2.292003e-06
2.292157e-06
2.292241e-06
2.292254e-06
2.292198e-06
2.292073e-06
2.291878e-06
2.291613e-06
2.291280e-06
2.290878e-06
2.290407e-06
2.289868e-06
2.289260e-06
2.288585e-06
2.287842e-06
2.287031e-06
2.286152e-06
2.285206e-06
2.284193e-06
2.283114e-06
2.281967e-06
2.280755e-06
2.279475e-06
2.278130e-06
2.276719e-06
2.275242e-06
2.273700e-06
2.272093e-06
2.270420e-06
2.268683e-06
2.266881e-06
2.265014e-06
2.263084e-06
2.261089e-06
2.259031e-06
2.256909e-06
2.254723e-06
2.252474e-06
2.250163e-06
2.247788e-06
2.245351e-06
2.242852e-06
2.240291e-06
2.237668e-06
2.234983e-06
2.232236e-06
2.229429e-06
2.226560e-06
2.223630e-06
2.220640e-06
2.217590e-06
2.214479e-06
2.211309e-06
2.208079e-06
2.204789e-06
2.201440e-06
2.198032e-06
2.194565e-06
2.191040e-06
2.187456e-06
2.183814e-06
2.180114e-06
2.176357e-06
2.172542e-06
2.168670e-06
2.164741e-06
2.160756e-06
2.156713e-06
2.152615e-06
2.148460e-06
2.144250e-06
2.139984e-06
2.135663e-06
2.131287e-06
2.126855e-06
2.122370e-06
2.117829e-06
2.113235e-06
2.108587e-06
2.103885e-06
2.099130e-06
2.094322e-06
2.089460e-06
2.084546e-06
2.079580e-06
2.074561e-06
2.069491e-06
2.064369e-06
2.059195e-06
2.053970e-06
2.048694e-06
2.043368e-06
2.037991e-06
2.032564e-06
2.027087e-06
2.021560e-06
2.015984e-06
2.010359e-06
2.004684e-06
1.998961e-06
1.993190e-06
1.987371e-06
1.981503e-06
1.975588e-06
1.969626e-06
1.963617e-06
1.957560e-06
1.951458e-06
1.945308e-06
1.939113e-06
1.932872e-06
1.926585e-06
1.920254e-06
1.913877e-06
1.907455e-06
1.900989e-06
1.894479e-06
1.887925e-06
1.881327e-06
1.874685e-06
1.868001e-06
1.861274e-06
1.854504e-06
1.847692e-06
1.840838e-06
1.833942e-06
1.827004e-06
1.820025e-06
1.813006e-06
1.805946e-06
1.798845e-06
1.791704e-06
1.784523e-06
1.777303e-06
1.770044e-06
1.762745e-06
1.755408e-06
1.748032e-06
1.740618e-06
1.733166e-06
1.725677e-06
1.718150e-06
1.710587e-06
1.702986e-06
1.695349e-06
1.687676e-06
1.679967e-06
1.672222e-06
1.664442e-06
1.656627e-06
1.648777e-06
1.640893e-06
1.632974e-06
1.625022e-06
1.617036e-06
1.609016e-06
1.600964e-06
1.592879e-06
1.584761e-06
1.576611e-06
1.568429e-06
1.560216e-06
1.554535e-06
1.551802e-06
1.549083e-06
1.546376e-06
1.543681e-06
1.541000e-06
1.538331e-06
1.535675e-06
1.533032e-06
1.530402e-06
1.527784e-06
1.525179e-06
1.522587e-06
1.520007e-06
1.517440e-06
1.514886e-06
1.512344e-06
1.509815e-06
1.507299e-06
1.504795e-06
1.502303e-06
1.499824e-06
1.497358e-06
1.494904e-06
1.492463e-06
1.490034e-06
1.487618e-06
1.485213e-06
1.482822e-06
1.480443e-06
1.478076e-06
1.475721e-06
1.473379e-06
1.471049e-06
1.468731e-06
1.466426e-06
1.464133e-06
1.461852e-06
1.459583e-06
1.457326e-06
1.455082e-06
1.452849e-06
1.450629e-06
1.448421e-06
1.446225e-06
1.444041e-06
1.441868e-06
1.439708e-06
1.437560e-06
1.435424e-06
1.433300e-06
1.431187e-06
1.429087e-06
1.426998e-06
1.424921e-06
1.422856e-06
1.420802e-06
1.418761e-06
1.416731e-06
1.414712e-06
1.412706e-06
1.410711e-06
1.408727e-06
1.406755e-06
1.404795e-06
1.402846e-06
1.400909e-06
1.398983e-06
1.397068e-06
1.395165e-06
1.393274e-06
1.391393e-06
1.389524e-06
1.387666e-06
1.385820e-06
1.383985e-06
1.382161e-06
1.380348e-06
1.378546e-06
1.376755e-06
1.374976e-06
1.373207e-06
1.371449e-06
1.369703e-06
1.367967e-06
1.366242e-06
1.364529e-06
1.362826e-06
1.361134e-06
1.359452e-06
1.357782e-06
1.356122e-06
1.354472e-06
1.352834e-06
1.351206e-06
1.349589e-06
1.347982e-06
1.346386e-06
1.344800e-06
1.343225e-06
1.341660e-06
1.340106e-06
1.338561e-06
1.337028e-06
1.335504e-06
1.333991e-06
1.332488e-06
1.330995e-06
1.329513e-06
1.328040e-06
1.326578e-06
1.325125e-06
1.323683e-06
1.324854e-06
1.332895e-06
1.340952e-06
1.349024e-06
1.357110e-06
1.365210e-06
1.373324e-06
1.381451e-06
1.389592e-06
1.397745e-06
1.405911e-06
1.414089e-06
1.422280e-06
1.430481e-06
1.438694e-06
1.446918e-06
1.455153e-06
1.463398e-06
1.471653e-06
1.479918e-06
1.488192e-06
1.496475e-06
1.504768e-06
1.513068e-06
1.521377e-06
1.529694e-06
1.538018e-06
1.546350e-06
1.554688e-06
1.563034e-06
1.571386e-06
1.579743e-06
1.588107e-06
1.596476e-06
1.604850e-06
1.613230e-06
1.621614e-06
1.630002e-06
1.638394e-06
1.646790e-06
1.655190e-06
1.663592e-06
1.671998e-06
1.680406e-06
1.688816e-06
1.697229e-06
1.705643e-06
1.714058e-06
1.722475e-06
1.730893e-06
1.739311e-06
1.747730e-06
1.756148e-06
1.764567e-06
1.772985e-06
1.781402e-06
1.789818e-06
1.798233e-06
1.806646e-06
1.815057e-06
1.823466e-06
1.831873e-06
1.840277e-06
1.848678e-06
1.857076e-06
1.865471e-06
1.873861e-06
1.882248e-06
1.890631e-06
1.899009e-06
1.907382e-06
1.915750e-06
1.924113e-06
1.932470e-06
1.940821e-06
1.949167e-06
1.957506e-06
1.965838e-06
1.974164e-06
1.982482e-06
1.990794e-06
1.999097e-06
2.007393e-06
2.015681e-06
2.023960e-06
2.032231e-06
2.040493e-06
2.048746e-06
2.056990e-06
2.065224e-06
2.073449e-06
2.081663e-06
2.089867e-06
2.098061e-06
2.106244e-06
2.114416e-06
2.122577e-06
2.130726e-06
2.138864e-06
2.146990e-06
2.155104e-06
2.163205e-06
2.171294e-06
2.179371e-06
2.187434e-06
2.195484e-06
2.203520e-06
2.211543e-06
2.219552e-06
2.227547e-06
2.235527e-06
2.243493e-06
2.251445e-06
2.259381e-06
2.267302e-06
2.275208e-06
2.283098e-06
2.290972e-06
2.298830e-06
2.306672e-06
2.314498e-06
2.322307e-06
2.330099e-06
2.337874e-06
2.345632e-06
2.353372e-06
2.361094e-06
2.368799e-06
2.376486e-06
2.384154e-06
2.391804e-06
2.399436e-06
2.407048e-06
2.414642e-06
2.422216e-06
2.429771e-06
2.437306e-06
2.444822e-06
2.452317e-06
2.459793e-06
2.467248e-06
2.474682e-06
2.482096e-06
2.489489e-06
2.496861e-06
2.504211e-06
2.511540e-06
2.518848e-06
2.526133e-06
2.533397e-06
2.540639e-06
2.547858e-06
2.555055e-06
2.562229e-06
2.569380e-06
2.576508e-06
2.583614e-06
2.590695e-06
2.597754e-06
2.604788e-06
2.611799e-06
2.618786e-06
2.625749e-06
2.632687e-06
2.639601e-06
2.646490e-06
2.653355e-06
2.660194e-06
2.667009e-06
2.673798e-06
2.680562e-06
2.687300e-06
2.694013e-06
2.700700e-06
2.707360e-06
2.713995e-06
2.720603e-06
2.727185e-06
2.733741e-06
2.740269e-06
2.746771e-06
2.753245e-06
2.759693e-06
2.766113e-06
2.772506e-06
2.778871e-06
2.785209e-06
2.791519e-06
2.797800e-06
2.804054e-06
2.810279e-06
2.816476e-06
2.822645e-06
2.828785e-06
2.834896e-06
2.840978e-06
2.847032e-06
2.853056e-06
2.859051e-06
2.865017e-06
2.870953e-06
2.876859e-06
2.882736e-06
2.888583e-06
2.894400e-06
2.900187e-06
2.905943e-06
2.911670e-06
2.917366e-06
2.923030e-06
2.928664e-06
2.934266e-06
2.939836e-06
2.945373e-06
2.950876e-06
2.956346e-06
2.961781e-06
2.967180e-06
2.972544e-06
2.977871e-06
2.983161e-06
2.988413e-06
2.993626e-06
2.998799e-06
3.003933e-06
3.009025e-06
3.014076e-06
3.019085e-06
3.024051e-06
3.028974e-06
3.033852e-06
3.038686e-06
3.043475e-06
3.048218e-06
3.052915e-06
3.057566e-06
3.062169e-06
3.066725e-06
3.071234e-06
3.075694e-06
3.080106e-06
3.084470e-06
3.088784e-06
3.093050e-06
3.097266e-06
3.101433e-06
3.105551e-06
3.109619e-06
3.113638e-06
3.117607e-06
3.121527e-06
3.125397e-06
3.129218e-06
3.132990e-06
3.136712e-06
3.140386e-06
3.144010e-06
3.147586e-06
3.151113e-06
3.154592e-06
3.158023e-06
3.161405e-06
3.164741e-06
3.168028e-06
3.171269e-06
3.174463e-06
3.177610e-06
3.180711e-06
3.183766e-06
3.186775e-06
3.189739e-06
3.192657e-06
3.195532e-06
3.198361e-06
3.201147e-06
3.203888e-06
3.206587e-06
3.209242e-06
3.211854e-06
3.214424e-06
3.216951e-06
3.219437e-06
3.221881e-06
3.224284e-06
3.226647e-06
3.228968e-06
3.231249e-06
3.233490e-06
3.235692e-06
3.237854e-06
3.239977e-06
3.242061e-06
3.244107e-06
3.246114e-06
3.248084e-06
3.250016e-06
3.251910e-06
3.253767e-06
3.255587e-06
3.257370e-06
3.259117e-06
3.260828e-06
3.262502e-06
3.264141e-06
3.265745e-06
3.267313e-06
3.268846e-06
3.270344e-06
3.271807e-06
3.273236e-06
3.274630e-06
3.275991e-06
3.277317e-06
3.278610e-06
3.279869e-06
3.281095e-06
3.282287e-06
3.283446e-06
3.284573e-06
3.285666e-06
3.286727e-06
3.287756e-06
3.288752e-06
3.289716e-06
3.290647e-06
3.291547e-06
3.292415e-06
3.293252e-06
3.294056e-06
3.294829e-06
3.295571e-06
3.296282e-06
3.296961e-06
3.297609e-06
3.298227e-06
3.298813e-06
3.299369e-06
3.299893e-06
3.300388e-06
3.300851e-06
3.301285e-06
3.301688e-06
3.302060e-06
3.302402e-06
3.302714e-06
3.302996e-06
3.303248e-06
3.303470e-06
3.303662e-06
3.303824e-06
3.303956e-06
3.304059e-06
3.304131e-06
3.304174e-06
3.304188e-06
3.304171e-06
3.304126e-06
3.304050e-06
3.303945e-06
3.303811e-06
3.303647e-06
3.303454e-06
3.303232e-06
3.302980e-06
3.302699e-06
3.302389e-06
3.302049e-06
3.301681e-06
3.301283e-06
3.300856e-06
3.300399e-06
3.299914e-06
3.299400e-06
3.298856e-06
3.298284e-06
3.297682e-06
3.297052e-06
3.296392e-06
3.295703e-06
3.294986e-06
3.294239e-06
3.293464e-06
3.292660e-06
3.291827e-06
3.290964e-06
3.290073e-06
3.289154e-06
3.288205e-06
3.287227e-06
3.286221e-06
3.285185e-06
3.284121e-06
3.283028e-06
3.281906e-06
3.280755e-06
3.279575e-06
3.278366e-06
3.277129e-06
3.275862e-06
3.274567e-06
3.273242e-06
3.271889e-06
3.270507e-06
3.269096e-06
3.267656e-06
3.266187e-06
3.264689e-06
3.263162e-06
3.261606e-06
3.260022e-06
3.258408e-06
3.256766e-06
3.255094e-06
3.253394e-06
3.251665e-06
3.249908e-06
3.248121e-06
3.246306e-06
3.244462e-06
3.242590e-06
3.240689e-06
3.238759e-06
3.236801e-06
3.234814e-06
3.232799e-06
3.230756e-06
3.228684e-06
3.226585e-06
3.224457e-06
3.222301e-06
3.220117e-06
3.217906e-06
3.215666e-06
3.213399e-06
3.211104e-06
3.208781e-06
3.206431e-06
3.204054e-06
3.201650e-06
3.199218e-06
3.196759e-06
3.194273e-06
3.191761e-06
3.189221e-06
3.186655e-06
3.184063e-06
3.181444e-06
3.178798e-06
3.176126e-06
3.173429e-06
3.170705e-06
3.167955e-06
3.165179e-06
3.162378e-06
3.159551e-06
3.156698e-06
3.153820e-06
3.150917e-06
3.147988e-06
3.145035e-06
3.142056e-06
3.139053e-06
3.136024e-06
3.132971e-06
3.129894e-06
3.126792e-06
3.123665e-06
3.120514e-06
3.117339e-06
3.114140e-06
3.110917e-06
3.107670e-06
3.104399e-06
3.101104e-06
3.097786e-06
3.094444e-06
3.091078e-06
3.087689e-06
3.084277e-06
3.080842e-06
3.077383e-06
3.073901e-06
3.070396e-06
3.066868e-06
3.063318e-06
3.059744e-06
3.056148e-06
3.052529e-06
3.048888e-06
3.045224e-06
3.041537e-06
3.037828e-06
3.034097e-06
3.030344e-06
3.026568e-06
3.022771e-06
3.018951e-06
3.015110e-06
3.011246e-06
3.007361e-06
3.003454e-06
2.999525e-06
2.995574e-06
2.991602e-06
2.987609e-06
2.983594e-06
2.979557e-06
2.975500e-06
2.971421e-06
2.967321e-06
2.963199e-06
2.959057e-06
2.954894e-06
2.950709e-06
2.946504e-06
2.942278e-06
2.938032e-06
2.933764e-06
2.929476e-06
2.925168e-06
2.920839e-06
2.916490e-06
2.912120e-06
2.907730e-06
2.903320e-06
2.898890e-06
2.894440e-06
2.889970e-06
2.885480e-06
2.880971e-06
2.876441e-06
2.871892e-06
2.867323e-06
2.862735e-06
2.858128e-06
2.853501e-06
2.848855e-06
2.844190e-06
2.839506e-06
2.834803e-06
2.830081e-06
2.825340e-06
2.820581e-06
2.815802e-06
2.811006e-06
2.806191e-06
2.801358e-06
2.796506e-06
2.791636e-06
2.786749e-06
2.781843e-06
2.776920e-06
2.771978e-06
2.767020e-06
2.762043e-06
2.757050e-06
2.752039e-06
2.747011e-06
2.741965e-06
2.736903e-06
2.731824e-06
2.726728e-06
2.721616e-06
2.716487e-06
2.711341e-06
2.706180e-06
2.701002e-06
2.695808e-06
2.690598e-06
2.685372e-06
2.680131e-06
2.674874e-06
2.669602e-06
2.664314e-06
2.659011e-06
2.653693e-06
2.648361e-06
2.643013e-06
2.637650e-06
2.632273e-06
2.626882e-06
2.621476e-06
2.616057e-06
2.610623e-06
2.605175e-06
2.599713e-06
2.594238e-06
2.588750e-06
2.583247e-06
2.577732e-06
2.572204e-06
2.566662e-06
2.561108e-06
2.555541e-06
2.549962e-06
2.544370e-06
2.538766e-06
2.533150e-06
2.527522e-06
2.521882e-06
2.516230e-06
2.510567e-06
2.504892e-06
2.499206e-06
2.493508e-06
2.487800e-06
2.482081e-06
2.476351e-06
2.470611e-06
2.464860e-06
2.459099e-06
2.453328e-06
2.447547e-06
2.441756e-06
2.435955e-06
2.430144e-06
2.424325e-06
2.418496e-06
2.412657e-06
2.406810e-06
2.400954e-06
2.395089e-06
2.389216e-06
2.383334e-06
2.377444e-06
2.371546e-06
2.365639e-06
2.359725e-06
2.353804e-06
2.347874e-06
2.341937e-06
2.335993e-06
2.330042e-06
2.324084e-06
2.318119e-06
2.312147e-06
2.306169e-06
2.300184e-06
2.294193e-06
2.288196e-06
2.282193e-06
2.276184e-06
2.270169e-06
2.264149e-06
2.258123e-06
2.252092e-06
2.246056e-06
2.240014e-06
2.233968e-06
2.227917e-06
2.221862e-06
2.215802e-06
2.209737e-06
2.203669e-06
2.197596e-06
2.191520e-06
2.185439e-06
2.179355e-06
2.173268e-06
2.167177e-06
2.161083e-06
2.154986e-06
2.148886e-06
2.142782e-06
2.136677e-06
2.130568e-06
2.124458e-06
2.118344e-06
2.112229e-06
2.106112e-06
2.099992e-06
2.093871e-06
2.087748e-06
2.081624e-06
2.075498e-06
2.069371e-06
2.063243e-06
2.057114e-06
2.050984e-06
2.044853e-06
2.038721e-06
2.032589e-06
2.026457e-06
2.020324e-06
2.014191e-06
2.008058e-06
2.001925e-06
1.995792e-06
1.989660e-06
1.983528e-06
1.977397e-06
1.971266e-06
1.965136e-06
1.959007e-06
1.952879e-06
1.946753e-06
1.940627e-06
1.934503e-06
1.928381e-06
1.922260e-06
1.916141e-06
1.910024e-06
1.903909e-06
1.897795e-06
1.891684e-06
1.885576e-06
1.879470e-06
1.873366e-06
1.867265e-06
1.861167e-06
1.855071e-06
1.848979e-06
1.842890e-06
1.836804e-06
1.830721e-06
1.824642e-06
1.818566e-06
1.812494e-06
1.806426e-06
1.800361e-06
1.794300e-06
1.788244e-06
1.782192e-06
1.776144e-06
1.770100e-06
1.764061e-06
1.758026e-06
1.751996e-06
1.745971e-06
1.739951e-06
1.733935e-06
1.727925e-06
1.721920e-06
1.715920e-06
1.709926e-06
1.703937e-06
1.697954e-06
1.691976e-06
1.686004e-06
1.680038e-06
1.674078e-06
1.668125e-06
1.662177e-06
1.656235e-06
1.650300e-06
1.644371e-06
1.638449e-06
1.632533e-06
1.626624e-06
1.620722e-06
1.614827e-06
1.608939e-06
1.603058e-06
1.597184e-06
1.591317e-06
1.585458e-06
1.579606e-06
1.573761e-06
1.567925e-06
1.562095e-06
1.556274e-06
1.550461e-06
1.544655e-06
1.538857e-06
1.533068e-06
1.527287e-06
1.521514e-06
1.515749e-06
1.509993e-06
1.504246e-06
1.498507e-06
1.492777e-06
1.487055e-06
1.481343e-06
1.475639e-06
1.469944e-06
1.464259e-06
1.458582e-06
1.452915e-06
1.447257e-06
1.441609e-06
1.435970e-06
1.430340e-06
1.424721e-06
1.419111e-06
1.413510e-06
1.407920e-06
1.402339e-06
1.396769e-06
1.391208e-06
1.385658e-06
1.380118e-06
1.374588e-06
1.369069e-06
1.363560e-06
1.358062e-06
1.352574e-06
1.347096e-06
1.341630e-06
1.336174e-06
1.330729e-06
1.325295e-06
1.319872e-06
1.314460e-06
1.309059e-06
1.303669e-06
1.298291e-06
1.292924e-06
1.287568e-06
1.282224e-06
1.276891e-06
1.271570e-06
1.266260e-06
1.260962e-06
1.255676e-06
1.250401e-06
1.245139e-06
1.239888e-06
1.234650e-06
1.229423e-06
1.224209e-06
1.219006e-06
1.213816e-06
1.208639e-06
1.203473e-06
1.198320e-06
1.193180e-06
1.188052e-06
1.182936e-06
1.177833e-06
1.172743e-06
1.167666e-06
1.162601e-06
1.157549e-06
1.152510e-06
1.147484e-06
1.142471e-06
1.137472e-06
1.132485e-06
1.127511e-06
1.122551e-06
1.117603e-06
1.112670e-06
1.107749e-06
1.102842e-06
1.097948e-06
1.093068e-06
1.088201e-06
1.083348e-06
1.078509e-06
1.073683e-06
1.068871e-06
1.064073e-06
1.059289e-06
1.054518e-06
1.049762e-06
1.045019e-06
1.040290e-06
1.035576e-06
1.030875e-06
1.026189e-06
1.021517e-06
1.016859e-06
1.012215e-06
1.007586e-06
1.002971e-06
9.983699e-07
