5.941297e-05
5.404604e-05
4.740761e-05
3.605678e-05
2.115107e-05
2.069745e-05
1.710569e-05
1.614775e-05
1.300220e-05
8.872419e-06
1.114012e-05
9.541930e-06
8.794802e-06
7.304642e-06
5.537214e-06
7.743875e-06
6.708233e-06
6.138697e-06
5.131281e-06
4.004405e-06
5.981732e-06
5.195278e-06
4.719579e-06
3.924664e-06
3.093865e-06
4.847531e-06
4.211836e-06
3.803349e-06
3.148474e-06
2.494570e-06
4.055039e-06
3.522883e-06
3.165092e-06
2.608622e-06
2.071211e-06
3.468053e-06
3.011875e-06
2.694052e-06
2.212566e-06
1.756819e-06
3.014536e-06
2.616850e-06
2.331669e-06
1.909156e-06
1.514786e-06
2.652942e-06
2.301860e-06
2.043988e-06
1.668921e-06
1.322634e-06
2.357483e-06
2.044520e-06
1.809931e-06
1.474001e-06
1.166540e-06
2.111322e-06
1.830182e-06
1.615738e-06
1.312730e-06
1.037367e-06
1.902993e-06
1.648858e-06
1.452053e-06
1.177169e-06
9.288439e-07
