6.867053e-05
6.242156e-05
5.456110e-05
4.079229e-05
2.219390e-05
2.203353e-05
1.792920e-05
1.633605e-05
1.266411e-05
7.950735e-06
1.033129e-05
8.819798e-06
8.118240e-06
6.675782e-06
4.864088e-06
7.055270e-06
6.133941e-06
5.606735e-06
4.633297e-06
3.485631e-06
5.389488e-06
4.697426e-06
4.270081e-06
3.517948e-06
2.685344e-06
4.345223e-06
3.789371e-06
3.429235e-06
2.819409e-06
2.166476e-06
3.629275e-06
3.164743e-06
2.851745e-06
2.338734e-06
1.801769e-06
3.103284e-06
2.705107e-06
2.428163e-06
1.986099e-06
1.531136e-06
2.698384e-06
2.351075e-06
2.103057e-06
1.715707e-06
1.322182e-06
2.375844e-06
2.069029e-06
1.844997e-06
1.501443e-06
1.156304e-06
2.112199e-06
1.838526e-06
1.634858e-06
1.327338e-06
1.021280e-06
1.892365e-06
1.646396e-06
1.460312e-06
1.183063e-06
9.092864e-07
1.706181e-06
1.483748e-06
1.313042e-06
1.061633e-06
8.150274e-07
