3.245521e-03
1.395939e-03
5.395366e-04
4.968672e-04
2.832675e-04
2.671807e-04
1.143952e-03
1.193223e-03
1.219119e-03
1.056414e-03
9.353863e-04
6.371423e-04
6.344745e-04
6.853551e-04
6.880351e-04
7.258705e-04
5.468710e-04
5.389820e-04
5.652190e-04
5.921480e-04
6.139059e-04
5.048992e-04
5.078990e-04
5.353738e-04
5.676686e-04
5.998481e-04
5.336734e-04
5.497806e-04
5.801854e-04
6.271457e-04
6.809634e-04
6.600497e-04
7.142043e-04
7.921052e-04
8.876049e-04
9.979349e-04
1.038640e-03
1.126945e-03
1.227641e-03
1.314083e-03
1.477011e-03
1.590296e-03
1.499301e-03
1.426432e-03
1.350182e-03
1.261733e-03
1.010604e-03
8.831078e-04
1.042078e-03
1.208095e-03
1.376275e-03
1.509791e-03
1.651323e-03
1.786243e-03
1.914002e-03
2.033473e-03
2.074324e-03
2.086104e-03
2.066037e-03
2.019963e-03
1.955881e-03
1.698387e-03
1.419370e-03
1.175811e-03
9.539196e-04
7.628654e-04
6.439651e-04
6.007998e-04
5.858233e-04
5.661866e-04
5.719309e-04
5.977094e-04
6.264886e-04
6.531261e-04
6.840708e-04
7.188698e-04
7.306797e-04
7.511550e-04
7.765292e-04
8.063317e-04
8.393909e-04
8.446306e-04
8.557148e-04
8.706820e-04
8.889551e-04
9.096382e-04
8.962410e-04
8.875679e-04
8.824178e-04
8.804511e-04
8.810564e-04
8.406771e-04
8.065101e-04
7.776258e-04
7.536529e-04
7.339060e-04
6.701238e-04
6.171104e-04
5.728211e-04
5.361504e-04
5.048176e-04
4.415221e-04
3.935925e-04
3.521779e-04
3.167209e-04
2.868316e-04
2.446377e-04
2.073192e-04
1.769496e-04
1.524261e-04
1.343007e-04
1.136463e-04
1.070490e-04
1.000283e-04
9.345071e-05
8.760750e-05
8.026094e-05
7.336329e-05
6.721010e-05
6.473415e-05
6.307861e-05
5.871172e-05
5.533419e-05
5.273980e-05
5.075851e-05
4.925111e-05
4.559634e-05
4.276297e-05
4.056908e-05
3.886800e-05
3.754313e-05
3.455825e-05
3.265497e-05
3.256581e-05
3.260822e-05
3.272525e-05
3.101229e-05
2.976429e-05
2.883960e-05
2.814597e-05
2.762013e-05
2.552596e-05
2.395245e-05
2.275044e-05
2.182157e-05
2.109709e-05
1.915694e-05
1.770188e-05
1.659171e-05
1.573423e-05
1.506488e-05
1.351561e-05
1.236088e-05
1.148308e-05
1.080533e-05
1.027406e-05
9.140686e-06
8.297060e-06
7.653450e-06
7.151718e-06
6.751853e-06
5.961186e-06
5.366372e-06
4.972649e-06
4.684163e-06
4.439695e-06
3.988842e-06
3.627746e-06
3.332373e-06
3.086224e-06
2.877327e-06
2.528769e-06
2.250958e-06
2.023862e-06
1.834244e-06
1.672820e-06
1.537443e-06
1.434265e-06
1.348656e-06
1.277462e-06
1.218307e-06
1.108433e-06
1.019802e-06
9.475023e-07
