1.054600e-03
7.682924e-04
4.815552e-04
3.138481e-04
4.258256e-04
5.594398e-04
3.467841e-04
1.889091e-04
1.599045e-04
2.363883e-04
3.214860e-04
1.821682e-04
9.632458e-05
7.476809e-05
1.022614e-04
1.338725e-04
7.220890e-05
3.898696e-05
2.920291e-05
4.064409e-05
5.687291e-05
3.118177e-05
1.707571e-05
1.362310e-05
2.086282e-05
3.167970e-05
1.790784e-05
9.891512e-06
8.315256e-06
1.339631e-05
2.094004e-05
1.195349e-05
6.631236e-06
5.667553e-06
9.298518e-06
1.472650e-05
8.438734e-06
4.695160e-06
4.046825e-06
6.708425e-06
1.070782e-05
6.149212e-06
3.428541e-06
2.970298e-06
4.955674e-06
7.950030e-06
4.571869e-06
2.553155e-06
2.219540e-06
3.719564e-06
5.989234e-06
3.447944e-06
1.927911e-06
1.680408e-06
2.825558e-06
4.563298e-06
2.629452e-06
1.471724e-06
1.285589e-06
2.167573e-06
3.509501e-06
2.023919e-06
1.133722e-06
9.922254e-07
