9.124837e-04
6.706418e-04
4.392680e-04
2.889815e-04
4.499204e-04
6.634007e-04
4.028617e-04
2.057648e-04
1.657698e-04
2.268639e-04
3.042869e-04
1.719349e-04
9.145954e-05
7.207727e-05
9.986724e-05
1.311515e-04
7.082009e-05
3.808524e-05
2.859812e-05
3.994959e-05
5.639642e-05
3.094415e-05
1.687243e-05
1.349959e-05
2.074327e-05
3.160021e-05
1.785614e-05
9.816117e-06
8.262452e-06
1.333315e-05
2.088979e-05
1.191455e-05
6.577168e-06
5.622159e-06
9.240041e-06
1.469185e-05
8.408106e-06
4.654932e-06
4.010421e-06
6.662324e-06
1.069468e-05
6.131691e-06
3.401504e-06
2.944987e-06
4.926696e-06
7.959091e-06
4.567673e-06
2.537429e-06
2.203834e-06
3.704795e-06
6.013190e-06
3.452963e-06
1.920136e-06
1.671507e-06
2.820318e-06
4.594823e-06
2.639624e-06
1.468969e-06
1.281058e-06
2.167956e-06
3.543344e-06
2.036318e-06
1.133890e-06
9.903357e-07
