7.200894e-01
5.837709e-01
4.324155e-01
2.763758e-01
1.581080e-01
1.039954e-01
9.115860e-02
6.959971e-02
5.372032e-02
4.443595e-02
3.728265e-02
3.018787e-02
2.388051e-02
2.100012e-02
1.851607e-02
1.629465e-02
1.465096e-02
1.331129e-02
1.181367e-02
9.622931e-03
8.042070e-03
6.789393e-03
5.827715e-03
5.055790e-03
4.377458e-03
3.723052e-03
3.078533e-03
2.555110e-03
2.260259e-03
2.078352e-03
1.979168e-03
1.921736e-03
2.007086e-03
2.282818e-03
2.332463e-03
2.108761e-03
1.680824e-03
1.389533e-03
1.076889e-03
8.236536e-04
5.944660e-04
4.973648e-04
4.303987e-04
3.866240e-04
3.739676e-04
3.771645e-04
3.734265e-04
3.736270e-04
3.500349e-04
3.118765e-04
2.769365e-04
2.409493e-04
2.012280e-04
1.706897e-04
1.432919e-04
1.198012e-04
1.021537e-04
8.757819e-05
