2.043011e-01
1.046070e-01
1.140245e-01
1.251232e-01
1.257428e-01
1.261050e-01
8.306945e-02
8.036335e-02
8.155840e-02
8.181570e-02
8.187307e-02
4.201382e-02
3.765911e-02
3.765213e-02
3.769912e-02
3.771183e-02
1.725050e-02
1.541104e-02
1.537574e-02
1.539097e-02
1.539501e-02
7.200191e-03
6.471836e-03
6.452346e-03
6.456746e-03
6.458061e-03
3.232764e-03
2.937108e-03
2.925274e-03
2.926116e-03
2.926463e-03
1.612215e-03
1.483778e-03
1.476186e-03
1.475934e-03
1.475963e-03
9.042921e-04
8.434206e-04
8.383146e-04
8.378167e-04
8.377556e-04
5.642403e-04
5.318249e-04
5.282243e-04
5.277373e-04
5.276610e-04
3.819097e-04
3.679123e-04
3.651459e-04
3.646009e-04
3.645180e-04
2.977694e-04
2.862816e-04
2.841552e-04
2.837579e-04
2.836926e-04
2.291826e-04
2.201453e-04
2.185223e-04
2.182270e-04
2.181766e-04
1.753736e-04
1.684007e-04
1.671665e-04
1.669448e-04
1.669062e-04
1.338972e-04
1.285662e-04
1.276292e-04
1.274620e-04
1.274326e-04
1.021921e-04
9.813346e-05
9.742259e-05
9.729618e-05
9.727386e-05
7.804783e-05
7.496304e-05
7.442366e-05
7.432790e-05
7.431095e-05
5.968761e-05
5.734369e-05
5.693420e-05
5.686155e-05
5.684867e-05
4.572780e-05
4.394592e-05
4.363475e-05
4.357956e-05
4.356978e-05
3.510722e-05
3.375125e-05
3.351450e-05
3.347251e-05
3.346507e-05
2.701818e-05
2.598491e-05
2.580451e-05
2.577252e-05
2.576686e-05
2.084826e-05
2.005958e-05
1.992190e-05
1.989747e-05
1.989317e-05
1.613395e-05
1.553081e-05
1.542554e-05
1.540685e-05
1.540358e-05
1.252467e-05
1.206243e-05
1.198179e-05
1.196744e-05
1.196499e-05
9.755287e-06
9.400166e-06
9.338297e-06
9.327231e-06
9.325433e-06
7.625210e-06
7.351628e-06
7.304112e-06
7.295518e-06
7.294282e-06
5.982582e-06
5.771131e-06
5.734668e-06
5.727908e-06
5.727212e-06
4.712365e-06
4.548274e-06
4.520437e-06
4.514987e-06
4.514896e-06
3.727370e-06
3.599319e-06
3.578398e-06
3.573793e-06
3.574500e-06
2.961509e-06
2.860718e-06
2.845639e-06
2.841406e-06
2.843309e-06
2.364771e-06
2.284247e-06
2.274587e-06
2.270161e-06
2.273992e-06
1.899514e-06
1.833384e-06
1.829511e-06
1.824103e-06
1.831175e-06
1.537817e-06
1.480665e-06
1.484052e-06
1.476436e-06
1.489058e-06
1.259744e-06
1.205805e-06
1.219657e-06
1.207814e-06
1.230022e-06
1.052489e-06
9.945292e-07
