1.788366e-01
1.081070e-01
1.273801e-01
1.337570e-01
1.335013e-01
1.337842e-01
8.254030e-02
7.467692e-02
7.610666e-02
7.639995e-02
7.659191e-02
3.822554e-02
3.351464e-02
3.361960e-02
3.366012e-02
3.371354e-02
1.398334e-02
1.212786e-02
1.212812e-02
1.214030e-02
1.215862e-02
5.308717e-03
4.731696e-03
4.721622e-03
4.733442e-03
4.732214e-03
2.402299e-03
2.192333e-03
2.183035e-03
2.185346e-03
2.185022e-03
1.272718e-03
1.178700e-03
1.172453e-03
1.172821e-03
1.172612e-03
7.765729e-04
7.327501e-04
7.278635e-04
7.273801e-04
7.272368e-04
5.297668e-04
5.032844e-04
4.996888e-04
4.991944e-04
4.990850e-04
3.777798e-04
3.602342e-04
3.575537e-04
3.571321e-04
3.570491e-04
2.828879e-04
2.725919e-04
2.704858e-04
2.700973e-04
2.700116e-04
2.207447e-04
2.121537e-04
2.105390e-04
2.102470e-04
2.101888e-04
1.695026e-04
1.627033e-04
1.614736e-04
1.612534e-04
1.612119e-04
1.291463e-04
1.238919e-04
1.229590e-04
1.227927e-04
1.227622e-04
9.802628e-05
9.401212e-05
9.330571e-05
9.318013e-05
9.315741e-05
7.427209e-05
7.122255e-05
7.068825e-05
7.059338e-05
7.057634e-05
5.623109e-05
5.392068e-05
5.351676e-05
5.344508e-05
5.343226e-05
4.256264e-05
4.081441e-05
4.050910e-05
4.045494e-05
4.044527e-05
3.221852e-05
3.089629e-05
3.066551e-05
3.062457e-05
3.061727e-05
2.439336e-05
2.339338e-05
2.321888e-05
2.318793e-05
2.318241e-05
1.847381e-05
1.771737e-05
1.758539e-05
1.756198e-05
1.755781e-05
1.399480e-05
1.342238e-05
1.332252e-05
1.330480e-05
1.330166e-05
1.060457e-05
1.017121e-05
1.009561e-05
1.008220e-05
1.007983e-05
8.037319e-06
7.733637e-06
7.682410e-06
7.673318e-06
7.671735e-06
6.270867e-06
6.045019e-06
6.005633e-06
5.998641e-06
5.997452e-06
4.917730e-06
4.743483e-06
4.713140e-06
4.707747e-06
4.706881e-06
3.872241e-06
3.737357e-06
3.713948e-06
3.709779e-06
3.709195e-06
3.061970e-06
2.957146e-06
2.939093e-06
2.935865e-06
2.935559e-06
2.431982e-06
2.350112e-06
2.336254e-06
2.333755e-06
2.333769e-06
1.940581e-06
1.876190e-06
1.865707e-06
1.863782e-06
1.864225e-06
1.556126e-06
1.504923e-06
1.497298e-06
1.495841e-06
1.496929e-06
1.254660e-06
1.213160e-06
1.208184e-06
1.207137e-06
1.209260e-06
1.018171e-06
9.833497e-07
9.811815e-07
9.805393e-07
9.843835e-07
8.478978e-07
8.200284e-07
