3.245521e-03
3.009391e-03
2.460954e-03
2.194891e-03
1.793762e-03
1.788445e-03
1.517930e-03
1.611347e-03
1.736386e-03
1.613957e-03
1.779099e-03
1.562424e-03
1.702493e-03
1.489538e-03
1.571814e-03
1.402929e-03
1.424342e-03
1.309472e-03
1.281422e-03
1.214396e-03
1.152863e-03
1.121013e-03
1.039420e-03
1.029133e-03
9.393988e-04
9.398594e-04
8.498827e-04
8.535533e-04
7.674728e-04
7.702873e-04
6.883524e-04
7.003254e-04
6.718618e-04
7.299923e-04
7.081895e-04
7.662968e-04
7.539759e-04
8.122311e-04
8.093716e-04
8.695930e-04
8.764574e-04
9.384265e-04
9.548797e-04
1.024054e-03
1.048808e-03
1.125901e-03
1.161824e-03
1.243740e-03
1.291152e-03
1.386366e-03
1.446196e-03
1.552000e-03
1.626655e-03
1.745308e-03
1.844013e-03
1.967148e-03
2.089128e-03
2.229820e-03
2.363178e-03
2.715855e-03
3.213255e-03
3.434464e-03
4.899708e-03
6.880492e-03
7.895721e-03
7.917647e-03
1.250756e-02
1.484726e-02
2.107822e-02
9.862739e-02
3.611194e-01
1.902686e-01
3.692135e-01
2.537547e-01
3.057287e-01
2.466800e-01
2.789745e-01
2.790320e-01
3.668891e-01
6.197004e-01
1.496020e+00
6.025677e-01
1.137944e+00
1.579177e+00
1.328336e+00
3.288826e+00
9.881171e-01
1.362085e+01
4.930625e+00
2.315814e+00
7.622525e+00
3.857126e+00
7.083008e+00
3.992739e+00
6.089058e+00
3.938981e+00
5.568794e+00
8.701220e+00
1.457857e+01
4.307642e+01
2.666084e+01
2.458805e+01
8.039903e+00
7.001315e+00
7.034095e+00
5.326276e+00
4.753115e+00
3.613826e+00
4.452787e+00
5.848105e+00
2.693288e+01
4.895198e+01
4.462585e+01
1.251999e+00
1.564168e+01
4.319730e-01
5.336371e-01
4.093554e-01
1.113003e+00
3.671048e-01
8.161945e-01
8.495194e-01
8.811824e-01
1.350304e+00
1.927574e+00
8.601283e+00
5.672917e+00
5.067498e+00
4.478160e+00
3.958052e+00
3.494020e+00
3.076491e+00
2.694974e+00
2.345657e+00
2.025119e+00
1.734727e+00
1.473625e+00
1.713865e+00
2.158153e+00
8.992210e-01
7.854896e-01
1.314306e+00
8.190277e-01
1.303035e+01
1.167738e+00
1.337987e+00
1.291325e+00
1.142024e+00
1.132673e+00
3.835493e+00
3.242639e+00
2.722105e+00
1.534167e+00
1.523869e+00
1.475566e+00
1.387857e+00
9.992597e+00
1.143834e+00
1.023943e+00
9.063420e-01
7.950519e-01
6.977503e-01
4.431152e-01
2.514696e-01
1.289859e+00
6.463499e-01
2.486941e-01
4.862792e+00
1.376602e+00
6.041185e-01
4.202922e-01
8.303531e-01
1.986867e-01
1.938323e-01
1.893447e-01
1.851073e-01
1.812563e-01
1.763559e-01
4.609925e-01
7.358248e-01
1.677044e-01
6.440134e-01
5.190735e-01
8.276655e-01
1.653746e-01
1.510668e-01
1.323306e-01
1.605909e-01
1.115141e-01
1.206571e-01
1.196487e-01
1.448322e-01
1.744191e-01
1.768209e-01
2.041939e-01
1.232933e+01
1.079167e+00
2.002213e+00
5.287139e-01
8.228710e-02
8.061110e-02
8.606332e-02
7.725670e-02
7.495515e-02
7.336458e-02
7.141597e-02
1.179263e-01
5.941962e-01
1.830341e-01
2.273769e-01
2.182134e-01
1.131422e+00
6.151545e-02
6.058747e-02
1.720869e-01
5.771052e-02
3.103785e+00
5.478048e-02
5.398083e-02
5.981553e-02
1.049589e-01
1.667001e-01
6.788221e-01
2.036156e+00
3.767137e+00
1.005923e+00
4.085006e-01
5.388261e-02
5.397146e-02
9.993847e-01
5.328538e-02
5.476631e-02
1.841806e-01
5.615462e-02
5.711872e-02
5.742427e-02
5.767436e-02
5.786625e-02
5.754130e-02
5.682401e-02
5.581198e-02
8.860295e-01
1.710439e-01
6.895364e-02
7.520853e-02
2.230029e-01
8.596232e-02
9.092658e-02
9.484091e-02
9.866637e-02
1.015652e-01
7.178132e-01
9.893595e-01
1.086530e-01
1.138968e+00
1.119583e-01
1.135282e-01
1.144200e-01
1.151848e-01
4.197794e-01
2.976563e-01
3.757003e-01
1.176680e-01
1.184160e-01
1.185787e-01
1.180801e-01
1.160088e-01
1.140150e-01
1.115667e-01
1.087509e-01
1.056454e-01
1.023188e-01
9.883143e-02
9.523561e-02
9.157630e-02
8.789173e-02
7.669966e-02
2.074810e-01
4.038672e+00
7.732572e-02
1.115657e-01
5.713962e-02
1.158267e-01
1.942857e-02
1.084438e-01
2.793598e+00
2.343217e-02
2.520102e-02
2.740386e-02
6.220582e-02
8.314159e-02
3.340727e-02
3.590862e-02
3.819179e-02
4.045578e-02
4.280118e-02
7.006014e-02
1.141289e-01
3.662422e-01
1.320828e-01
5.964184e-02
6.416439e-02
6.878442e-02
7.379560e-02
5.058249e-01
1.022055e+00
7.047352e-02
6.851824e-02
7.084649e-02
1.205977e+00
1.430149e-01
6.176474e-02
9.417821e-02
1.632841e-01
1.580270e-01
1.491426e-01
3.344222e-01
9.835650e-02
1.006618e+00
8.985965e-01
5.182779e-01
1.424580e+00
8.757019e-01
3.600364e-01
3.391465e-01
6.705690e-01
2.718518e-01
2.304143e-01
2.133836e-01
2.085908e-01
1.783912e-01
1.629760e-01
1.080062e+00
5.669580e+00
1.434197e+01
1.091677e-01
7.191136e-02
4.746751e-02
1.401301e-01
1.932425e+00
5.644761e-01
7.626144e-01
6.676892e-01
1.289306e+00
1.813152e+00
2.641748e+00
2.790354e+00
1.750735e+00
1.007640e+00
7.839119e-01
2.170009e-01
5.772953e-02
4.191252e-02
3.102002e-02
2.180589e-02
1.157200e-02
1.008172e-02
1.329167e-02
1.862770e-02
1.224033e-01
9.670361e-03
9.955780e-03
1.021165e-02
4.309163e-02
3.828207e+00
3.284399e-02
3.518704e-01
1.960866e+00
4.684739e-01
7.174452e-02
5.440235e-02
4.188790e-02
3.282837e-02
2.632724e-02
2.159654e-02
1.753253e-02
1.462692e-02
1.252811e-02
3.986045e-02
4.296746e-01
6.667169e-01
2.108096e-01
1.078972e+00
2.449289e-02
1.507035e-01
4.960102e-01
7.373587e-03
6.978993e-03
6.685939e-03
4.249700e-02
7.081121e-03
7.638077e-03
1.128040e-01
8.790919e-03
9.381504e-03
9.985055e-03
1.059476e-02
1.121185e-02
1.183607e-02
1.246693e-02
1.310380e-02
1.374596e-02
1.439266e-02
1.504311e-02
1.569652e-02
1.635212e-02
1.700912e-02
1.791274e-02
3.362216e-02
2.643503e-02
7.776792e-02
3.431827e-02
7.415623e-01
4.155315e-02
4.492310e-02
4.817370e-02
5.124941e-02
5.418448e-02
5.698177e-02
5.964388e-02
6.217324e-02
1.341433e-01
1.128521e-01
6.898635e-02
7.102195e-02
7.294710e-02
7.474557e-02
7.641936e-02
7.797046e-02
7.940088e-02
8.071263e-02
8.190773e-02
8.298826e-02
8.394530e-02
8.479502e-02
8.554284e-02
8.618865e-02
8.673159e-02
8.717383e-02
1.165700e-01
1.032073e-01
8.792756e-02
8.799479e-02
8.796958e-02
1.857977e+00
2.252391e-01
1.126270e-01
8.024867e-02
7.460268e-02
7.315665e-02
1.342027e-01
7.036923e-02
6.899817e-02
2.494626e-01
3.478412e-01
2.990435e+00
1.044248e+00
1.542122e-01
1.649647e+00
6.964208e+00
3.087283e+00
1.844270e+00
4.242927e+00
7.484553e-02
5.570205e-02
5.479424e-02
5.390085e-02
5.302263e-02
5.215955e-02
5.129744e-02
5.045320e-02
4.962219e-02
4.880585e-02
4.800392e-02
4.720197e-02
2.028735e-01
4.387999e-01
1.184373e+00
4.420050e-02
4.332826e-01
4.274436e-02
4.203057e-02
4.132999e-02
1.185122e-01
1.107308e-01
1.002412e-01
6.321986e-02
3.649740e-01
2.011241e+00
1.293043e+00
1.047267e+00
3.548283e-02
3.488737e-02
5.894695e-02
1.004222e+00
3.314967e-02
3.258794e-02
3.203958e-02
3.150159e-02
4.539864e-01
3.045159e-02
2.993022e-02
2.942555e-02
6.244989e-01
2.844629e-02
2.795913e-02
4.777479e-01
2.702613e-02
2.656504e-02
2.611745e-02
2.567894e-02
2.524854e-02
2.482597e-02
6.032564e-01
2.400384e-02
2.358859e-02
2.319072e-02
2.280203e-02
6.219988e-02
2.204657e-02
4.297433e+00
2.129808e-02
2.093388e-02
2.058063e-02
2.023465e-02
5.195704e-02
5.431435e+00
2.544731e+00
1.889307e-02
1.857353e-02
9.067224e-01
1.794543e-02
1.763830e-02
1.733920e-02
1.704604e-02
1.606399e-01
8.470888e-02
2.516533e-02
1.413687e-02
1.190140e-02
1.133946e-02
1.110359e-02
1.092646e-02
1.075166e-02
1.056928e-02
1.038073e-02
1.018872e-02
9.995112e-03
1.526400e-02
8.573393e-03
8.283879e-03
9.372254e-03
7.747578e-03
8.564974e-03
6.983925e-03
6.731518e-03
6.482815e-03
6.225331e-03
5.960522e-03
7.764459e-03
1.044191e-02
1.201373e-02
1.350276e-02
1.485190e-02
2.581821e-01
1.953534e+00
2.870589e-02
5.027525e-02
1.274652e-01
3.398983e-01
8.877747e-01
1.224430e+00
1.037091e+00
8.342832e-01
2.947691e-01
1.039456e+00
5.309860e-03
5.305633e-03
5.301360e-03
5.297091e-03
5.292775e-03
5.288411e-03
5.330370e-03
1.992487e-01
2.854392e-01
2.979236e-01
2.281217e-02
1.739208e-02
1.080091e-02
5.254169e-03
5.249791e-03
5.245364e-03
5.240887e-03
5.236414e-03
5.231891e-03
5.227315e-03
5.222687e-03
5.218005e-03
5.213269e-03
5.208477e-03
5.203629e-03
5.198725e-03
5.193762e-03
1.221560e-01
1.480286e+00
5.179006e-03
5.174564e-03
5.170070e-03
5.165524e-03
5.160925e-03
5.156273e-03
5.151565e-03
9.858152e-02
7.420195e-02
1.658788e+00
2.129901e-01
1.642247e-01
1.742649e+00
5.120094e-03
5.115982e-03
1.682925e-02
1.332083e-01
1.454116e+00
5.099562e-03
5.095541e-03
5.091474e-03
3.085728e-02
1.154524e+00
5.079246e-03
9.162632e-03
7.663051e-02
5.829067e-03
7.837506e-02
5.059181e-03
1.849459e-02
1.400957e-01
5.047199e-03
5.043230e-03
5.039215e-03
5.035203e-03
5.031146e-03
5.027093e-03
5.022993e-03
5.018896e-03
5.014804e-03
5.010664e-03
1.222079e-01
4.546581e-02
4.256660e-01
4.992272e-01
8.009167e-01
4.911506e-01
4.792000e-01
5.328230e-01
3.210310e-01
5.337462e-01
5.756590e-01
2.931892e+00
2.090930e-02
1.827820e+00
4.951237e-03
4.947362e-03
1.073291e-02
4.939474e-03
4.935610e-03
4.931701e-03
4.927746e-03
4.923744e-03
4.919747e-03
4.915701e-03
4.911608e-03
4.907465e-03
4.903273e-03
6.683490e-03
9.604238e-02
5.689578e-01
2.148008e-01
1.282402e+00
3.926876e-02
6.435890e-02
4.871555e-03
4.867757e-03
4.863913e-03
4.860024e-03
4.856139e-03
1.911989e-02
4.848280e-03
4.844504e-03
4.840683e-03
4.836817e-03
4.832955e-03
4.829046e-03
4.825141e-03
6.205138e-03
3.095248e-02
1.315027e-01
1.811230e-01
1.170997e-01
5.412566e-02
2.106741e-02
7.879045e-03
4.790802e-03
4.786884e-03
4.782918e-03
4.778903e-03
4.774839e-03
4.770725e-03
4.766615e-03
6.382755e-03
1.430574e-02
1.186043e-01
1.303461e-01
3.377446e-01
1.152098e+00
5.053181e-02
4.736162e-03
4.732445e-03
4.728684e-03
4.724876e-03
9.905921e-03
8.164563e-02
3.007616e-01
1.007622e+00
8.260690e-02
1.829994e-02
2.390052e-01
8.736978e-01
1.187338e-01
2.967909e-02
2.120339e-01
5.189880e-01
3.671547e+00
4.673363e-03
4.669754e-03
4.666102e-03
4.662453e-03
4.658759e-03
4.655020e-03
4.651234e-03
4.647401e-03
2.252226e-01
4.639694e-03
4.636056e-03
1.576890e-02
4.628646e-03
4.625080e-03
4.621470e-03
4.617815e-03
4.614115e-03
4.610369e-03
4.606626e-03
1.598904e-01
7.615683e-02
8.992087e-02
6.547069e-02
2.728397e-02
4.736310e-02
2.779991e-01
4.577659e-03
4.574142e-03
4.570581e-03
4.566975e-03
4.563324e-03
4.559627e-03
4.555883e-03
4.552091e-03
4.548303e-03
4.544467e-03
4.540635e-03
4.536753e-03
4.532822e-03
4.528894e-03
4.524916e-03
1.531612e-02
2.900252e-02
3.177311e-02
2.863623e-02
2.373437e-02
1.871226e-02
1.435136e-02
1.086605e-02
8.211895e-03
1.189839e-02
4.487951e-02
3.932462e-01
2.097042e-01
3.144169e-01
5.646711e-01
2.703565e+00
4.464007e-03
4.460595e-03
8.834042e-02
1.949698e-01
1.962562e-01
2.940996e-01
5.137161e-01
2.348725e+00
4.436712e-03
1.349456e-01
2.186905e-01
4.426517e-03
4.423141e-03
4.419721e-03
4.416258e-03
4.412750e-03
4.409197e-03
4.405597e-03
1.997536e-02
7.088159e-01
2.512757e+00
1.911325e-01
4.388354e-03
8.275937e-03
3.952299e-02
7.500341e-02
2.910979e-01
4.953777e-01
1.996281e+00
4.364895e-03
4.361576e-03
4.358214e-03
4.354855e-03
4.351452e-03
7.205776e-02
4.344609e-03
1.367727e-02
2.318946e-01
4.461126e-01
1.767799e+00
4.328088e-03
7.173403e-03
1.439918e-01
2.389810e-01
1.188027e-01
1.249078e-02
3.065338e-02
6.157551e-01
7.026040e-01
1.518565e+00
4.295174e-03
2.090525e-02
1.092344e-02
8.728933e-03
7.243962e-03
5.853697e-03
4.292251e-03
5.463965e-02
1.736653e-02
2.030427e-02
4.261911e-03
6.587721e-02
3.404489e-01
4.252186e-03
4.248965e-03
4.245701e-03
4.242395e-03
4.239044e-03
4.235650e-03
3.977235e-02
4.228822e-03
4.225609e-03
4.222354e-03
4.219056e-03
4.215714e-03
4.212328e-03
4.208898e-03
4.205421e-03
4.201898e-03
4.198379e-03
4.194812e-03
4.191249e-03
4.187639e-03
4.183979e-03
4.180324e-03
4.176672e-03
4.173024e-03
4.169326e-03
4.165579e-03
5.932259e-03
4.157986e-03
4.154445e-03
4.150857e-03
7.208576e-02
7.284541e-02
4.140194e-03
7.572900e-03
7.827825e-03
1.555530e-01
1.296026e-01
2.483988e-01
8.604336e-01
5.109816e-03
4.114513e-03
2.033279e-02
4.108195e-03
4.105107e-03
4.101978e-03
4.098807e-03
4.095593e-03
4.092336e-03
4.089081e-03
4.085782e-03
1.219642e-02
4.079049e-03
4.075886e-03
4.072680e-03
4.069430e-03
4.066136e-03
4.062844e-03
4.059508e-03
4.056125e-03
4.052696e-03
9.228847e-03
4.045747e-03
4.042507e-03
4.039223e-03
4.035893e-03
1.078745e-02
4.029195e-03
7.594629e-03
4.022860e-03
6.422941e-03
4.016791e-03
4.013783e-03
4.010734e-03
4.007687e-03
4.004598e-03
4.001512e-03
3.998383e-03
3.995212e-03
3.991996e-03
1.825600e-01
3.985527e-03
3.982489e-03
3.979409e-03
3.976287e-03
3.973168e-03
3.970006e-03
3.966799e-03
3.963549e-03
3.960253e-03
3.956960e-03
3.953621e-03
3.950285e-03
3.946902e-03
5.513887e-03
7.932877e-03
8.660099e-03
8.419193e-03
7.667037e-03
6.758871e-03
5.882925e-03
5.088207e-03
4.370585e-03
3.915811e-03
3.912620e-03
5.102546e-03
1.844685e+00
2.002753e-01
3.900132e-03
3.897181e-03
1.060141e-02
4.223527e-02
1.450376e-01
3.516465e-01
4.276566e-01
4.346105e-01
4.472512e-01
4.951258e-01
3.267640e-01
4.022030e-01
4.237932e-01
4.517207e-01
6.022603e-01
2.158333e+00
4.629878e-03
3.850767e-03
3.847858e-03
3.844909e-03
3.841917e-03
3.838884e-03
1.158574e-02
3.832734e-03
3.829872e-03
3.826969e-03
3.824025e-03
3.821084e-03
3.818145e-03
3.815165e-03
3.812143e-03
3.809078e-03
3.805969e-03
3.802816e-03
3.799667e-03
3.796472e-03
3.793232e-03
4.166996e-03
1.332147e-01
3.617111e-01
4.108894e-01
