1.777778e+00
1.219812e+00
5.900352e-01
7.126572e-01
7.455785e-01
6.397365e-01
5.316087e-01
4.718640e-01
5.050260e-01
4.994538e-01
4.761602e-01
4.469391e-01
4.080236e-01
2.408474e-01
3.294335e-01
3.226348e-01
2.670770e-01
2.114363e-01
2.913757e-01
1.938675e-01
1.570774e-01
1.947148e-01
1.652256e-01
1.668674e-01
1.474197e-01
1.207930e-01
1.278703e-01
1.263445e-01
1.148756e-01
9.317665e-02
1.030247e-01
1.068827e-01
1.040316e-01
9.100898e-02
7.422015e-02
8.459497e-02
8.630972e-02
7.922946e-02
7.476736e-02
9.276167e-02
1.087997e-01
1.147310e-01
1.160385e-01
1.072089e-01
9.301070e-02
8.473500e-02
9.321926e-02
1.036962e-01
1.039004e-01
9.994566e-02
8.845011e-02
7.026024e-02
5.620662e-02
6.038338e-02
5.287997e-02
5.632634e-02
6.514782e-02
8.424140e-02
1.001649e-01
1.039011e-01
1.099554e-01
1.035369e-01
1.029137e-01
1.003829e-01
1.200211e-01
1.182613e-01
1.452956e-01
1.412589e-01
1.711733e-01
1.640043e-01
1.899841e-01
1.791946e-01
2.048411e-01
1.918914e-01
2.229674e-01
2.136720e-01
2.515402e-01
2.682135e-01
2.869470e-01
3.406827e-01
3.422922e-01
4.274634e-01
4.213500e-01
5.263845e-01
5.134785e-01
6.308061e-01
6.040324e-01
7.356471e-01
7.054274e-01
8.482251e-01
8.448821e-01
9.819212e-01
1.047554e+00
1.150324e+00
1.280347e+00
1.364838e+00
1.547655e+00
1.634389e+00
1.858739e+00
1.966795e+00
2.224945e+00
2.371768e+00
2.661635e+00
2.860756e+00
3.185436e+00
3.448689e+00
3.815939e+00
4.153501e+00
4.577510e+00
4.996291e+00
5.498746e+00
6.004377e+00
6.611564e+00
7.213250e+00
7.951986e+00
8.667707e+00
9.561694e+00
1.042270e+01
1.149066e+01
1.254362e+01
1.380243e+01
1.510470e+01
1.657723e+01
1.819175e+01
1.991679e+01
2.190280e+01
2.394514e+01
2.636024e+01
2.880572e+01
3.172361e+01
3.478553e+01
3.834036e+01
4.204201e+01
4.632738e+01
5.081936e+01
5.596996e+01
6.143376e+01
6.761512e+01
7.426510e+01
8.168428e+01
8.977027e+01
9.868733e+01
1.085021e+02
1.192402e+02
1.311299e+02
1.440846e+02
1.584652e+02
1.741142e+02
1.914912e+02
2.104084e+02
2.313956e+02
2.542724e+02
2.796130e+02
3.072841e+02
3.378781e+02
3.713494e+02
4.082876e+02
4.487720e+02
4.933761e+02
5.423360e+02
5.962069e+02
6.554070e+02
7.204817e+02
7.920534e+02
8.706758e+02
9.571918e+02
1.052197e+03
1.156767e+03
1.271582e+03
1.397964e+03
1.536733e+03
1.689468e+03
1.857201e+03
2.041777e+03
2.244529e+03
2.467586e+03
2.712670e+03
2.982237e+03
3.278493e+03
3.604277e+03
3.962388e+03
4.356128e+03
4.789005e+03
5.264894e+03
5.788140e+03
6.363339e+03
6.995818e+03
7.691074e+03
8.455587e+03
9.295984e+03
1.022010e+04
1.123596e+04
1.235299e+04
1.358097e+04
1.493123e+04
1.641564e+04
1.804783e+04
1.984226e+04
2.181526e+04
2.398447e+04
2.636951e+04
2.899180e+04
3.187497e+04
3.504501e+04
3.853040e+04
4.236263e+04
4.657611e+04
5.120890e+04
5.630263e+04
6.190330e+04
6.806124e+04
7.483207e+04
8.227667e+04
9.046225e+04
9.946245e+04
1.093585e+05
1.202395e+05
1.322035e+05
1.453584e+05
1.598229e+05
1.757271e+05
1.932147e+05
2.124431e+05
2.335858e+05
2.568333e+05
2.823955e+05
3.105026e+05
3.414083e+05
3.753911e+05
4.127577e+05
4.538450e+05
4.990236e+05
5.487011e+05
6.033255e+05
6.633896e+05
7.294353e+05
8.020585e+05
8.819142e+05
9.697233e+05
1.066278e+06
1.172449e+06
1.289195e+06
1.417569e+06
1.558730e+06
1.713952e+06
1.884635e+06
2.072321e+06
2.278702e+06
2.505643e+06
2.755192e+06
3.029601e+06
3.331347e+06
3.663154e+06
4.028019e+06
4.429235e+06
4.870425e+06
5.355571e+06
5.889055e+06
6.475693e+06
7.120783e+06
7.830150e+06
8.610201e+06
9.467978e+06
1.041123e+07
1.144847e+07
1.258908e+07
1.384334e+07
1.522260e+07
1.673931e+07
1.840716e+07
2.024123e+07
2.225808e+07
2.447592e+07
2.691481e+07
2.959676e+07
3.254601e+07
3.578920e+07
3.935562e+07
4.327752e+07
4.759031e+07
5.233296e+07
5.754833e+07
6.328354e+07
6.959041e+07
7.652594e+07
8.415278e+07
9.253987e+07
1.017630e+08
1.119055e+08
1.230590e+08
1.353244e+08
1.488125e+08
1.636451e+08
1.799564e+08
1.978938e+08
2.176193e+08
2.393113e+08
2.631658e+08
2.893985e+08
3.182464e+08
3.499704e+08
3.848571e+08
4.232219e+08
4.654116e+08
5.118077e+08
5.628294e+08
6.189381e+08
6.806410e+08
7.484958e+08
8.231161e+08
9.051763e+08
9.954185e+08
1.094658e+09
1.203793e+09
1.323810e+09
1.455793e+09
1.600937e+09
1.760552e+09
1.936084e+09
2.129118e+09
2.341400e+09
2.574849e+09
2.831577e+09
3.113905e+09
3.424385e+09
3.765825e+09
4.141313e+09
4.554244e+09
5.008351e+09
5.507743e+09
6.056933e+09
6.660889e+09
7.325073e+09
8.055491e+09
8.858747e+09
9.742107e+09
1.071356e+10
1.178189e+10
1.295676e+10
1.424879e+10
1.566968e+10
1.723226e+10
1.895067e+10
2.084046e+10
2.291872e+10
2.520424e+10
2.771769e+10
3.048180e+10
3.352159e+10
3.686453e+10
4.054087e+10
4.458386e+10
4.903006e+10
5.391970e+10
5.929699e+10
6.521059e+10
7.171397e+10
7.886596e+10
8.673126e+10
9.538101e+10
1.048934e+11
1.153546e+11
1.268591e+11
1.395111e+11
1.534249e+11
1.687265e+11
1.855542e+11
2.040603e+11
2.244122e+11
2.467940e+11
2.714081e+11
2.984772e+11
3.282462e+11
3.609844e+11
3.969880e+11
4.365825e+11
4.801264e+11
5.280133e+11
5.806767e+11
6.385928e+11
7.022857e+11
7.723315e+11
8.493639e+11
9.340799e+11
1.027246e+12
1.129704e+12
1.242383e+12
1.366300e+12
1.502578e+12
1.652449e+12
1.817269e+12
1.998529e+12
2.197869e+12
2.417093e+12
2.658184e+12
2.923323e+12
3.214909e+12
3.535579e+12
3.888237e+12
4.276071e+12
4.702591e+12
5.171657e+12
5.687511e+12
6.254821e+12
6.878720e+12
7.564853e+12
8.319428e+12
9.149272e+12
1.006189e+13
1.106555e+13
1.216932e+13
1.338320e+13
1.471816e+13
1.618628e+13
1.780086e+13
1.957649e+13
2.152924e+13
2.367679e+13
2.603856e+13
2.863592e+13
3.149238e+13
3.463379e+13
3.808856e+13
4.188795e+13
4.606635e+13
5.066157e+13
5.571517e+13
6.127290e+13
6.738504e+13
7.410690e+13
8.149930e+13
8.962913e+13
9.856997e+13
1.084027e+14
1.192163e+14
1.311086e+14
1.441873e+14
1.585707e+14
1.743889e+14
1.917851e+14
2.109167e+14
2.319568e+14
2.550958e+14
2.805431e+14
3.085291e+14
3.393068e+14
3.731549e+14
4.103797e+14
4.513180e+14
4.963402e+14
5.458539e+14
6.003070e+14
6.601924e+14
7.260520e+14
7.984818e+14
8.781372e+14
9.657392e+14
1.062080e+15
1.168033e+15
1.284555e+15
1.412702e+15
1.553633e+15
1.708624e+15
1.879077e+15
2.066535e+15
2.272695e+15
2.499421e+15
2.748767e+15
3.022989e+15
3.324568e+15
3.656234e+15
4.020989e+15
4.422134e+15
4.863299e+15
5.348477e+15
5.882060e+15
6.468876e+15
7.114238e+15
7.823985e+15
8.604542e+15
9.462974e+15
1.040705e+16
1.144531e+16
1.258717e+16
1.384294e+16
1.522400e+16
1.674285e+16
1.841324e+16
2.025028e+16
2.227060e+16
2.449250e+16
2.693608e+16
2.962346e+16
3.257897e+16
3.582937e+16
3.940406e+16
4.333542e+16
4.765903e+16
5.241403e+16
5.764346e+16
6.339467e+16
6.971971e+16
7.667585e+16
8.432606e+16
9.273960e+16
1.019926e+17
1.121689e+17
1.233606e+17
1.356690e+17
1.492056e+17
1.640928e+17
1.804656e+17
1.984721e+17
2.182753e+17
2.400546e+17
2.640072e+17
2.903499e+17
3.193213e+17
3.511837e+17
3.862256e+17
4.247643e+17
4.671487e+17
5.137628e+17
5.650286e+17
6.214104e+17
6.834188e+17
7.516152e+17
8.266174e+17
9.091046e+17
9.998238e+17
1.099597e+18
1.209327e+18
1.330008e+18
1.462734e+18
1.608706e+18
1.769247e+18
1.945811e+18
2.139998e+18
2.353565e+18
2.588449e+18
2.846777e+18
3.130889e+18
3.443360e+18
3.787019e+18
4.164982e+18
4.580673e+18
5.037858e+18
5.540680e+18
6.093695e+18
6.701915e+18
7.370851e+18
8.106566e+18
8.915729e+18
9.805671e+18
1.078446e+19
1.186097e+19
1.304495e+19
1.434715e+19
1.577935e+19
1.735456e+19
1.908705e+19
2.099252e+19
2.308826e+19
2.539326e+19
2.792844e+19
3.071677e+19
3.378355e+19
3.715660e+19
4.086650e+19
4.494691e+19
4.943484e+19
5.437101e+19
5.980019e+19
6.577166e+19
7.233958e+19
7.956357e+19
8.750918e+19
9.624852e+19
1.058609e+20
1.164336e+20
1.280626e+20
1.408534e+20
1.549222e+20
1.703968e+20
1.874176e+20
2.061392e+20
2.267318e+20
2.493822e+20
2.742964e+20
3.017006e+20
3.318438e+20
3.650000e+20
4.014706e+20
4.415869e+20
4.857137e+20
5.342521e+20
5.876434e+20
6.463733e+20
7.109758e+20
7.820385e+20
8.602080e+20
9.461954e+20
1.040783e+21
1.144832e+21
1.259290e+21
1.385197e+21
1.523702e+21
1.676065e+21
1.843673e+21
2.028054e+21
2.230888e+21
2.454023e+21
2.699493e+21
2.969535e+21
3.266612e+21
3.593434e+21
3.952980e+21
4.348533e+21
4.783701e+21
5.262456e+21
5.789169e+21
6.368650e+21
7.006192e+21
7.707619e+21
8.479341e+21
9.328413e+21
1.026260e+22
1.129043e+22
1.242133e+22
1.366563e+22
1.503473e+22
1.654116e+22
1.819871e+22
2.002258e+22
2.202947e+22
2.423779e+22
2.666778e+22
2.934174e+22
3.228420e+22
3.552217e+22
3.908539e+22
4.300660e+22
4.732182e+22
5.207074e+22
5.729703e+22
6.304878e+22
6.937893e+22
7.634579e+22
8.401353e+22
9.245285e+22
1.017416e+23
1.119654e+23
1.232186e+23
1.356053e+23
1.492398e+23
1.642482e+23
1.807693e+23
1.989561e+23
2.189769e+23
2.410173e+23
2.652816e+23
2.919949e+23
3.214051e+23
3.537855e+23
3.894370e+23
4.286912e+23
4.719134e+23
5.195062e+23
5.719131e+23
6.296231e+23
6.931746e+23
7.631615e+23
8.402379e+23
9.251249e+23
1.018617e+24
1.121592e+24
1.235013e+24
1.359948e+24
1.497568e+24
1.649168e+24
1.816176e+24
2.000166e+24
2.202871e+24
2.426207e+24
2.672284e+24
2.943429e+24
3.242212e+24
3.571463e+24
3.934309e+24
4.334197e+24
4.774932e+24
5.260710e+24
5.796165e+24
6.386408e+24
7.037082e+24
7.754415e+24
8.545282e+24
9.417272e+24
1.037877e+25
1.143902e+25
1.260824e+25
1.389772e+25
1.531992e+25
1.688861e+25
1.861899e+25
2.052787e+25
2.263380e+25
2.495730e+25
2.752103e+25
3.035006e+25
3.347208e+25
3.691769e+25
4.072074e+25
4.491867e+25
4.955286e+25
5.466908e+25
6.031795e+25
6.655549e+25
7.344365e+25
8.105100e+25
8.945342e+25
9.873486e+25
1.089883e+26
1.203166e+26
1.328337e+26
1.466658e+26
1.619526e+26
1.788488e+26
1.975258e+26
2.181737e+26
2.410029e+26
2.662466e+26
2.941634e+26
3.250398e+26
3.591936e+26
3.969773e+26
4.387815e+26
4.850397e+26
5.362329e+26
5.928945e+26
6.556167e+26
7.250566e+26
8.019438e+26
8.870881e+26
9.813888e+26
1.085845e+27
1.201566e+27
1.329783e+27
1.471868e+27
1.629341e+27
1.803895e+27
1.997409e+27
2.211975e+27
2.449917e+27
2.713822e+27
3.006567e+27
3.331352e+27
3.691739e+27
4.091692e+27
4.535623e+27
5.028446e+27
5.575631e+27
6.183271e+27
6.858153e+27
7.607838e+27
8.440752e+27
9.366285e+27
1.039490e+28
1.153828e+28
1.280942e+28
1.422285e+28
1.579473e+28
1.754315e+28
1.948824e+28
2.165249e+28
2.406100e+28
2.674179e+28
2.972615e+28
3.304902e+28
3.674942e+28
4.087094e+28
4.546230e+28
5.057791e+28
5.627862e+28
6.263243e+28
6.971535e+28
7.761240e+28
8.641864e+28
9.624043e+28
1.071967e+29
1.194206e+29
1.330611e+29
1.482848e+29
1.652784e+29
1.842507e+29
2.054359e+29
2.290957e+29
2.555236e+29
2.850483e+29
3.180381e+29
3.549055e+29
3.961130e+29
4.421789e+29
4.936840e+29
5.512798e+29
6.156966e+29
6.877532e+29
7.683684e+29
8.585722e+29
9.595207e+29
1.072510e+30
1.198997e+30
1.340613e+30
1.499191e+30
1.676788e+30
1.875716e+30
2.098565e+30
2.348249e+30
2.628038e+30
2.941603e+30
3.293070e+30
3.687074e+30
4.128820e+30
4.624158e+30
5.179661e+30
5.802717e+30
6.501628e+30
7.285726e+30
8.165501e+30
9.152747e+30
1.026072e+31
1.150434e+31
1.290037e+31
1.446765e+31
1.622741e+31
1.820349e+31
2.042272e+31
2.291530e+31
2.571518e+31
2.886058e+31
3.239449e+31
3.636529e+31
4.082745e+31
4.584224e+31
5.147865e+31
5.781431e+31
6.493663e+31
7.294401e+31
8.194722e+31
9.207100e+31
1.034558e+32
1.162597e+32
1.306608e+32
1.468598e+32
1.650823e+32
1.855829e+32
2.086481e+32
2.346007e+32
2.638041e+32
2.966681e+32
3.336540e+32
3.752818e+32
4.221370e+32
4.748798e+32
5.342537e+32
6.010966e+32
6.763529e+32
7.610868e+32
8.564973e+32
9.639362e+32
1.084927e+33
1.221186e+33
1.374649e+33
1.547498e+33
1.742191e+33
1.961500e+33
2.208550e+33
2.486864e+33
2.800414e+33
3.153676e+33
3.551699e+33
4.000176e+33
4.505522e+33
5.074976e+33
5.716695e+33
6.439881e+33
7.254909e+33
8.173477e+33
9.208781e+33
1.037570e+34
1.169101e+34
1.317364e+34
1.484493e+34
1.672895e+34
1.885285e+34
2.124725e+34
2.394669e+34
2.699012e+34
3.042149e+34
3.429035e+34
3.865261e+34
4.357135e+34
4.911769e+34
5.537188e+34
6.242446e+34
7.037754e+34
7.934633e+34
8.946080e+34
1.008676e+35
1.137321e+35
1.282409e+35
1.446046e+35
1.630607e+35
1.838772e+35
2.073565e+35
2.338398e+35
2.637118e+35
2.974070e+35
3.354154e+35
3.782897e+35
4.266540e+35
4.812120e+35
5.427580e+35
6.121883e+35
6.905140e+35
7.788764e+35
8.785629e+35
9.910266e+35
1.117907e+36
1.261054e+36
1.422556e+36
1.604768e+36
1.810350e+36
2.042301e+36
2.304006e+36
2.599287e+36
2.932456e+36
3.308376e+36
3.732541e+36
4.211145e+36
4.751183e+36
5.360546e+36
6.048140e+36
6.824018e+36
7.699523e+36
8.687456e+36
9.802266e+36
1.106026e+37
1.247984e+37
1.408177e+37
1.588949e+37
1.792946e+37
2.023154e+37
2.282942e+37
2.576113e+37
2.906959e+37
3.280325e+37
3.701678e+37
4.177189e+37
4.713824e+37
5.319442e+37
6.002915e+37
6.774258e+37
7.644772e+37
8.627214e+37
9.735981e+37
1.098732e+38
1.239958e+38
1.399346e+38
1.579232e+38
1.782254e+38
2.011388e+38
2.269994e+38
2.561864e+38
2.891279e+38
3.263070e+38
3.682689e+38
4.156292e+38
4.690825e+38
5.294131e+38
5.975059e+38
6.743600e+38
7.611029e+38
8.590075e+38
9.695104e+38
1.094233e+39
1.235006e+39
1.393895e+39
1.573232e+39
1.775649e+39
2.004117e+39
2.261990e+39
2.553053e+39
2.881579e+39
3.252391e+39
3.670932e+39
4.143348e+39
4.676574e+39
5.278439e+39
5.957781e+39
6.724576e+39
7.590081e+39
8.567008e+39
9.669702e+39
1.091436e+40
1.231925e+40
1.390502e+40
1.569495e+40
1.771533e+40
1.999584e+40
2.256997e+40
2.547553e+40
2.875521e+40
3.245717e+40
3.663580e+40
4.135248e+40
4.667650e+40
5.268607e+40
5.946947e+40
6.712638e+40
7.576926e+40
8.552511e+40
9.653726e+40
1.089675e+41
1.229985e+41
1.388363e+41
1.567137e+41
1.768934e+41
1.996719e+41
2.253838e+41
2.544070e+41
2.871681e+41
3.241482e+41
3.658910e+41
4.130098e+41
4.661970e+41
5.262342e+41
5.940038e+41
6.705015e+41
7.568518e+41
8.543234e+41
9.643490e+41
1.088546e+42
1.228738e+42
1.386987e+42
1.565619e+42
1.767258e+42
1.994869e+42
2.251796e+42
2.541816e+42
2.869191e+42
3.238734e+42
3.655875e+42
4.126745e+42
4.658267e+42
5.258252e+42
5.935519e+42
6.700022e+42
7.563000e+42
8.537137e+42
9.636751e+42
1.087801e+43
1.227915e+43
1.386077e+43
1.564613e+43
1.766145e+43
1.993638e+43
2.250435e+43
2.540310e+43
2.867525e+43
3.236890e+43
3.653834e+43
4.124487e+43
4.655768e+43
5.255485e+43
5.932455e+43
6.696630e+43
7.559244e+43
8.532976e+43
9.632142e+43
1.087290e+44
1.227349e+44
1.385450e+44
1.563918e+44
1.765375e+44
1.992784e+44
2.249487e+44
2.539260e+44
2.866360e+44
3.235598e+44
3.652400e+44
4.122896e+44
4.654001e+44
5.253524e+44
5.930279e+44
6.694213e+44
7.556560e+44
8.529995e+44
9.628830e+44
1.086922e+45
1.226940e+45
1.384996e+45
1.563412e+45
1.764813e+45
1.992159e+45
2.248793e+45
2.538487e+45
2.865500e+45
3.234641e+45
3.651336e+45
4.121711e+45
4.652682e+45
5.252055e+45
5.928642e+45
6.692391e+45
7.554529e+45
8.527732e+45
9.626309e+45
1.086641e+46
1.226627e+46
1.384646e+46
1.563023e+46
1.764379e+46
1.991674e+46
2.248252e+46
2.537883e+46
2.864826e+46
3.233889e+46
3.650496e+46
4.120773e+46
4.651634e+46
5.250885e+46
5.927335e+46
6.690930e+46
7.552896e+46
8.525907e+46
9.624268e+46
1.086413e+47
1.226372e+47
1.384361e+47
1.562703e+47
1.764021e+47
1.991275e+47
2.247804e+47
2.537382e+47
2.864266e+47
3.233261e+47
3.649793e+47
4.119986e+47
4.650753e+47
5.249897e+47
5.926228e+47
6.689689e+47
7.551506e+47
8.524349e+47
9.622521e+47
1.086217e+48
1.226152e+48
1.384114e+48
1.562427e+48
1.763711e+48
1.990927e+48
2.247414e+48
2.536944e+48
2.863774e+48
3.232709e+48
3.649174e+48
4.119290e+48
4.649972e+48
5.249020e+48
5.925243e+48
6.688583e+48
7.550264e+48
8.522953e+48
9.620953e+48
1.086041e+49
1.225954e+49
1.383892e+49
1.562177e+49
1.763430e+49
1.990611e+49
2.247059e+49
2.536545e+49
2.863325e+49
3.232204e+49
3.648605e+49
4.118651e+49
4.649253e+49
5.248211e+49
5.924333e+49
6.687559e+49
7.549111e+49
8.521656e+49
9.619494e+49
1.085876e+50
1.225769e+50
1.383684e+50
1.561943e+50
1.763166e+50
1.990314e+50
2.246724e+50
2.536168e+50
2.862901e+50
3.231727e+50
3.648068e+50
4.118046e+50
4.648571e+50
5.247443e+50
5.923468e+50
6.686585e+50
7.548014e+50
8.520420e+50
9.618101e+50
1.085720e+51
1.225592e+51
1.383485e+51
1.561718e+51
1.762913e+51
1.990029e+51
2.246403e+51
2.535806e+51
2.862493e+51
3.231267e+51
3.647549e+51
4.117461e+51
4.647912e+51
5.246701e+51
5.922631e+51
6.685641e+51
7.546950e+51
8.519220e+51
9.616748e+51
1.085567e+52
1.225420e+52
1.383291e+52
1.561500e+52
1.762667e+52
1.989751e+52
2.246090e+52
2.535453e+52
2.862094e+52
3.230817e+52
3.647042e+52
4.116889e+52
4.647267e+52
5.245973e+52
5.921811e+52
6.684716e+52
7.545906e+52
8.518043e+52
9.615420e+52
1.085417e+53
1.225251e+53
1.383100e+53
1.561285e+53
1.762424e+53
1.989477e+53
2.245781e+53
2.535105e+53
2.861701e+53
3.230374e+53
3.646542e+53
4.116325e+53
4.646631e+53
5.245255e+53
5.921001e+53
6.683802e+53
7.544875e+53
8.516880e+53
9.614107e+53
1.085269e+54
1.225084e+54
1.382912e+54
1.561072e+54
1.762184e+54
1.989206e+54
2.245475e+54
2.534760e+54
2.861312e+54
3.229935e+54
3.646047e+54
4.115766e+54
4.646000e+54
5.244543e+54
5.920197e+54
6.682895e+54
7.543851e+54
8.515725e+54
9.612804e+54
1.085122e+55
1.224918e+55
1.382724e+55
1.560860e+55
1.761946e+55
1.988937e+55
2.245171e+55
2.534417e+55
2.860925e+55
3.229498e+55
3.645554e+55
4.115210e+55
4.645372e+55
5.243835e+55
5.919397e+55
6.681992e+55
7.542833e+55
8.514575e+55
9.611506e+55
1.084976e+56
1.224753e+56
1.382538e+56
1.560650e+56
1.761708e+56
1.988669e+56
2.244869e+56
2.534075e+56
2.860540e+56
3.229063e+56
3.645062e+56
4.114655e+56
4.644746e+56
5.243128e+56
5.918600e+56
6.681092e+56
7.541817e+56
8.513428e+56
9.610212e+56
1.084829e+57
1.224588e+57
1.382352e+57
1.560440e+57
1.761471e+57
1.988401e+57
2.244567e+57
2.533734e+57
2.860155e+57
3.228628e+57
3.644572e+57
4.114102e+57
4.644121e+57
5.242423e+57
5.917804e+57
6.680194e+57
7.540803e+57
8.512284e+57
9.608920e+57
1.084684e+58
1.224423e+58
1.382166e+58
1.560230e+58
1.761234e+58
1.988134e+58
2.244265e+58
2.533394e+58
2.859770e+58
3.228194e+58
3.644082e+58
4.113549e+58
4.643497e+58
5.241719e+58
5.917009e+58
6.679297e+58
7.539790e+58
8.511140e+58
9.607630e+58
1.084538e+59
1.224259e+59
1.381980e+59
1.560021e+59
1.760998e+59
1.987867e+59
2.243964e+59
2.533053e+59
2.859387e+59
3.227761e+59
3.643593e+59
4.112997e+59
4.642874e+59
5.241015e+59
5.916215e+59
6.678400e+59
7.538778e+59
8.509998e+59
9.606340e+59
1.084392e+60
1.224095e+60
1.381795e+60
1.559811e+60
1.760761e+60
1.987600e+60
2.243663e+60
2.532714e+60
2.859003e+60
3.227328e+60
3.643104e+60
4.112445e+60
4.642251e+60
5.240312e+60
5.915421e+60
6.677504e+60
7.537766e+60
8.508856e+60
9.605052e+60
1.084247e+61
1.223930e+61
1.381609e+61
1.559602e+61
1.760525e+61
1.987334e+61
2.243362e+61
2.532374e+61
2.858619e+61
3.226895e+61
3.642616e+61
4.111893e+61
4.641628e+61
5.239609e+61
5.914627e+61
6.676608e+61
7.536755e+61
8.507715e+61
9.603763e+61
1.084102e+62
1.223766e+62
1.381424e+62
1.559393e+62
1.760289e+62
1.987067e+62
2.243061e+62
2.532034e+62
2.858236e+62
3.226462e+62
3.642127e+62
4.111342e+62
4.641006e+62
5.238906e+62
5.913834e+62
6.675713e+62
7.535744e+62
8.506574e+62
9.602475e+62
1.083956e+63
1.223602e+63
1.381239e+63
1.559184e+63
1.760053e+63
1.986801e+63
2.242760e+63
2.531694e+63
2.857852e+63
3.226029e+63
3.641639e+63
4.110791e+63
4.640383e+63
5.238204e+63
5.913041e+63
6.674818e+63
7.534734e+63
8.505433e+63
9.601187e+63
1.083811e+64
1.223438e+64
1.381053e+64
1.558974e+64
1.759817e+64
1.986534e+64
2.242459e+64
2.531355e+64
2.857469e+64
3.225597e+64
3.641150e+64
4.110239e+64
4.639761e+64
5.237501e+64
5.912248e+64
6.673922e+64
7.533723e+64
8.504292e+64
9.599900e+64
1.083665e+65
1.223274e+65
1.380868e+65
1.558765e+65
1.759581e+65
1.986268e+65
2.242158e+65
2.531016e+65
2.857086e+65
3.225164e+65
3.640662e+65
4.109688e+65
4.639139e+65
5.236799e+65
5.911455e+65
6.673027e+65
7.532713e+65
8.503152e+65
9.598612e+65
1.083520e+66
1.223110e+66
1.380683e+66
1.558556e+66
1.759345e+66
1.986001e+66
2.241858e+66
2.530676e+66
2.856703e+66
3.224732e+66
3.640174e+66
4.109137e+66
4.638517e+66
5.236097e+66
5.910662e+66
6.672133e+66
7.531703e+66
8.502012e+66
9.597325e+66
1.083375e+67
1.222946e+67
1.380498e+67
1.558347e+67
1.759109e+67
1.985735e+67
2.241557e+67
2.530337e+67
2.856320e+67
3.224299e+67
3.639686e+67
4.108586e+67
4.637895e+67
5.235394e+67
5.909870e+67
6.671238e+67
7.530693e+67
8.500872e+67
9.596038e+67
1.083230e+68
1.222782e+68
1.380313e+68
1.558138e+68
1.758873e+68
1.985469e+68
2.241257e+68
2.529997e+68
2.855937e+68
3.223867e+68
3.639197e+68
4.108035e+68
4.637273e+68
5.234692e+68
5.909077e+68
6.670343e+68
7.529683e+68
8.499732e+68
9.594751e+68
1.083084e+69
1.222618e+69
1.380128e+69
1.557929e+69
1.758637e+69
1.985202e+69
2.240956e+69
2.529658e+69
2.855554e+69
3.223435e+69
3.638709e+69
4.107484e+69
4.636651e+69
5.233990e+69
5.908285e+69
6.669449e+69
7.528674e+69
8.498592e+69
9.593465e+69
1.082939e+70
1.222454e+70
1.379943e+70
1.557721e+70
1.758402e+70
1.984936e+70
2.240655e+70
2.529319e+70
2.855171e+70
3.223002e+70
3.638222e+70
4.106933e+70
4.636029e+70
5.233289e+70
5.907493e+70
6.668555e+70
7.527664e+70
8.497452e+70
9.592178e+70
1.082794e+71
1.222290e+71
1.379758e+71
1.557512e+71
1.758166e+71
1.984670e+71
2.240355e+71
2.528980e+71
2.854788e+71
3.222570e+71
3.637734e+71
4.106383e+71
4.635408e+71
5.232587e+71
5.906701e+71
6.667660e+71
7.526655e+71
8.496313e+71
9.590892e+71
1.082649e+72
1.222126e+72
1.379573e+72
1.557303e+72
1.757930e+72
1.984404e+72
2.240055e+72
2.528641e+72
2.854405e+72
3.222138e+72
3.637246e+72
4.105832e+72
4.634786e+72
5.231885e+72
5.905909e+72
6.666766e+72
7.525645e+72
8.495174e+72
9.589606e+72
1.082503e+73
1.221962e+73
1.379388e+73
1.557094e+73
1.757694e+73
1.984138e+73
2.239754e+73
2.528302e+73
2.854023e+73
3.221706e+73
3.636758e+73
4.105281e+73
4.634165e+73
5.231184e+73
5.905117e+73
6.665872e+73
7.524636e+73
8.494034e+73
9.588320e+73
1.082358e+74
1.221798e+74
1.379203e+74
1.556885e+74
1.757459e+74
1.983872e+74
2.239454e+74
2.527963e+74
2.853640e+74
3.221274e+74
3.636270e+74
4.104731e+74
4.633543e+74
5.230482e+74
5.904325e+74
6.664978e+74
7.523627e+74
8.492895e+74
9.587034e+74
1.082213e+75
1.221635e+75
1.379018e+75
1.556676e+75
1.757223e+75
1.983606e+75
2.239154e+75
2.527624e+75
2.853257e+75
3.220842e+75
3.635783e+75
4.104181e+75
4.632922e+75
5.229781e+75
5.903533e+75
6.664085e+75
7.522618e+75
8.491757e+75
9.585749e+75
1.082068e+76
1.221471e+76
1.378833e+76
1.556468e+76
1.756987e+76
1.983340e+76
2.238853e+76
2.527285e+76
2.852875e+76
3.220410e+76
3.635295e+76
4.103630e+76
4.632301e+76
5.229079e+76
5.902741e+76
6.663191e+76
7.521609e+76
8.490618e+76
9.584464e+76
1.081923e+77
1.221307e+77
1.378648e+77
1.556259e+77
1.756752e+77
1.983074e+77
2.238553e+77
2.526946e+77
2.852492e+77
3.219978e+77
3.634808e+77
4.103080e+77
4.631679e+77
5.228378e+77
5.901950e+77
6.662298e+77
7.520601e+77
8.489479e+77
9.583178e+77
1.081778e+78
1.221143e+78
1.378463e+78
1.556050e+78
1.756516e+78
1.982808e+78
2.238253e+78
2.526607e+78
2.852109e+78
3.219547e+78
3.634320e+78
4.102530e+78
4.631058e+78
5.227677e+78
5.901158e+78
6.661404e+78
7.519592e+78
8.488341e+78
9.581893e+78
1.081633e+79
1.220979e+79
1.378278e+79
1.555842e+79
1.756281e+79
1.982542e+79
2.237953e+79
2.526268e+79
2.851727e+79
3.219115e+79
3.633833e+79
4.101980e+79
4.630437e+79
5.226976e+79
5.900367e+79
6.660511e+79
7.518584e+79
8.487203e+79
9.580608e+79
1.081488e+80
1.220816e+80
1.378093e+80
1.555633e+80
1.756045e+80
1.982276e+80
2.237653e+80
2.525929e+80
2.851345e+80
3.218683e+80
3.633346e+80
4.101430e+80
4.629816e+80
5.226275e+80
5.899576e+80
6.659618e+80
7.517576e+80
8.486065e+80
9.579324e+80
1.081343e+81
1.220652e+81
1.377909e+81
1.555424e+81
1.755810e+81
1.982010e+81
2.237353e+81
2.525591e+81
2.850962e+81
3.218252e+81
3.632859e+81
4.100880e+81
4.629196e+81
5.225574e+81
5.898785e+81
6.658725e+81
7.516568e+81
8.484927e+81
9.578039e+81
1.081198e+82
1.220488e+82
1.377724e+82
1.555216e+82
1.755574e+82
1.981745e+82
2.237053e+82
2.525252e+82
2.850580e+82
3.217820e+82
3.632372e+82
4.100330e+82
4.628575e+82
5.224874e+82
5.897994e+82
6.657832e+82
7.515560e+82
8.483789e+82
9.576755e+82
1.081053e+83
1.220325e+83
1.377539e+83
1.555007e+83
1.755339e+83
1.981479e+83
2.236753e+83
2.524913e+83
2.850198e+83
3.217389e+83
3.631884e+83
4.099780e+83
4.627954e+83
5.224173e+83
5.897203e+83
6.656939e+83
7.514552e+83
8.482651e+83
9.575471e+83
1.080908e+84
1.220161e+84
1.377354e+84
1.554799e+84
1.755103e+84
1.981213e+84
2.236453e+84
2.524575e+84
2.849816e+84
3.216957e+84
3.631397e+84
4.099230e+84
4.627334e+84
5.223473e+84
5.896412e+84
6.656047e+84
7.513544e+84
8.481514e+84
9.574187e+84
1.080763e+85
1.219997e+85
1.377170e+85
1.554590e+85
1.754868e+85
1.980948e+85
2.236153e+85
2.524236e+85
2.849433e+85
3.216526e+85
3.630910e+85
4.098680e+85
4.626713e+85
5.222772e+85
5.895622e+85
6.655154e+85
7.512537e+85
8.480377e+85
9.572903e+85
1.080618e+86
1.219834e+86
1.376985e+86
1.554382e+86
1.754633e+86
1.980682e+86
2.235853e+86
2.523898e+86
2.849051e+86
3.216094e+86
3.630424e+86
4.098131e+86
4.626093e+86
5.222072e+86
5.894831e+86
6.654262e+86
7.511530e+86
8.479239e+86
9.571619e+86
1.080473e+87
1.219670e+87
1.376800e+87
1.554173e+87
1.754397e+87
1.980416e+87
2.235553e+87
2.523559e+87
2.848669e+87
3.215663e+87
3.629937e+87
4.097581e+87
4.625472e+87
5.221372e+87
5.894040e+87
6.653369e+87
7.510522e+87
8.478102e+87
9.570336e+87
1.080328e+88
1.219507e+88
1.376616e+88
1.553965e+88
1.754162e+88
1.980151e+88
2.235253e+88
2.523221e+88
2.848287e+88
3.215232e+88
3.629450e+88
4.097032e+88
4.624852e+88
5.220671e+88
5.893250e+88
6.652477e+88
7.509515e+88
8.476965e+88
9.569052e+88
1.080183e+89
1.219343e+89
1.376431e+89
1.553757e+89
1.753927e+89
1.979885e+89
2.234954e+89
2.522883e+89
2.847905e+89
3.214801e+89
3.628963e+89
4.096482e+89
4.624232e+89
5.219971e+89
5.892460e+89
6.651585e+89
7.508508e+89
8.475829e+89
9.567769e+89
1.080038e+90
1.219180e+90
1.376247e+90
1.553548e+90
1.753692e+90
1.979620e+90
2.234654e+90
2.522544e+90
2.847523e+90
3.214370e+90
3.628477e+90
4.095933e+90
4.623612e+90
5.219271e+90
5.891670e+90
6.650693e+90
7.507501e+90
8.474692e+90
9.566486e+90
1.079894e+91
1.219016e+91
1.376062e+91
1.553340e+91
1.753457e+91
1.979354e+91
2.234354e+91
2.522206e+91
2.847142e+91
3.213939e+91
3.627990e+91
4.095384e+91
4.622992e+91
5.218572e+91
5.890880e+91
6.649801e+91
7.506495e+91
8.473556e+91
9.565203e+91
1.079749e+92
1.218853e+92
1.375877e+92
1.553132e+92
1.753221e+92
1.979089e+92
2.234055e+92
2.521868e+92
2.846760e+92
3.213508e+92
3.627504e+92
4.094835e+92
4.622372e+92
5.217872e+92
5.890090e+92
6.648910e+92
7.505488e+92
8.472420e+92
9.563921e+92
1.079604e+93
1.218689e+93
1.375693e+93
1.552923e+93
1.752986e+93
1.978823e+93
2.233755e+93
2.521530e+93
2.846378e+93
3.213077e+93
3.627017e+93
4.094286e+93
4.621752e+93
5.217172e+93
5.889300e+93
6.648018e+93
7.504482e+93
8.471283e+93
9.562638e+93
1.079459e+94
1.218526e+94
1.375508e+94
1.552715e+94
1.752751e+94
1.978558e+94
2.233456e+94
2.521192e+94
2.845996e+94
3.212646e+94
3.626531e+94
4.093737e+94
4.621132e+94
5.216472e+94
5.888510e+94
6.647127e+94
7.503475e+94
8.470148e+94
9.561356e+94
1.079314e+95
1.218362e+95
1.375324e+95
1.552507e+95
1.752516e+95
1.978293e+95
2.233156e+95
2.520853e+95
2.845615e+95
3.212215e+95
3.626045e+95
4.093188e+95
4.620513e+95
5.215773e+95
5.887721e+95
6.646235e+95
7.502469e+95
8.469012e+95
9.560074e+95
1.079170e+96
1.218199e+96
1.375140e+96
1.552299e+96
1.752281e+96
1.978028e+96
2.232857e+96
2.520515e+96
2.845233e+96
3.211784e+96
3.625558e+96
4.092639e+96
4.619893e+96
5.215074e+96
5.886931e+96
6.645344e+96
7.501463e+96
8.467876e+96
9.558792e+96
1.079025e+97
1.218036e+97
1.374955e+97
1.552091e+97
1.752046e+97
1.977762e+97
2.232557e+97
2.520177e+97
2.844852e+97
3.211354e+97
3.625072e+97
4.092090e+97
4.619274e+97
5.214374e+97
5.886142e+97
6.644453e+97
7.500457e+97
8.466741e+97
9.557510e+97
1.078880e+98
1.217872e+98
1.374771e+98
1.551882e+98
1.751811e+98
1.977497e+98
2.232258e+98
2.519839e+98
2.844470e+98
3.210923e+98
3.624586e+98
4.091541e+98
4.618654e+98
5.213675e+98
5.885352e+98
6.643562e+98
7.499452e+98
8.465605e+98
9.556229e+98
1.078736e+99
1.217709e+99
1.374586e+99
1.551674e+99
1.751576e+99
1.977232e+99
2.231959e+99
2.519502e+99
2.844089e+99
3.210493e+99
3.624100e+99
4.090993e+99
4.618035e+99
5.212976e+99
5.884563e+99
6.642671e+99
7.498446e+99
8.464470e+99
9.554947e+99
1.078591e+100
