3.412583e+01
1.807925e+01
1.047063e+01
8.374655e+00
5.425783e+00
5.011667e+00
4.804734e+00
3.835291e+00
2.712574e+00
2.395453e+00
2.308592e+00
1.984774e+00
1.573027e+00
1.162360e+00
1.076935e+00
1.010790e+00
8.813975e-01
7.256426e-01
5.983994e-01
5.947871e-01
5.622957e-01
4.859928e-01
3.927289e-01
4.001348e-01
3.915485e-01
3.584093e-01
3.106041e-01
2.580423e-01
2.596642e-01
2.472789e-01
2.250495e-01
1.968692e-01
1.795026e-01
1.749790e-01
1.704229e-01
1.656368e-01
1.616608e-01
1.569839e-01
1.534640e-01
1.491982e-01
1.462447e-01
1.423196e-01
1.396034e-01
1.361408e-01
1.331633e-01
1.303805e-01
1.278726e-01
1.249822e-01
1.225682e-01
1.201638e-01
1.178516e-01
1.155087e-01
1.133710e-01
1.113242e-01
1.092108e-01
1.071830e-01
1.053248e-01
1.035057e-01
1.016498e-01
9.985563e-02
9.819734e-02
9.656474e-02
9.492095e-02
9.333491e-02
9.182610e-02
9.035743e-02
8.889732e-02
8.747329e-02
8.610524e-02
8.477283e-02
8.346469e-02
8.218128e-02
8.093338e-02
7.972347e-02
7.853862e-02
7.737531e-02
7.623802e-02
7.513125e-02
7.405168e-02
7.299144e-02
7.195217e-02
7.093744e-02
6.994641e-02
6.897599e-02
6.802377e-02
6.709172e-02
6.618169e-02
6.529298e-02
6.442415e-02
6.357386e-02
6.274236e-02
6.192892e-02
6.113073e-02
6.034516e-02
5.957091e-02
5.880848e-02
5.805889e-02
5.732285e-02
5.660109e-02
5.589390e-02
5.520089e-02
5.452076e-02
5.385144e-02
5.319153e-02
5.254083e-02
5.190655e-02
5.140464e-02
5.091107e-02
5.042318e-02
4.994111e-02
4.947160e-02
4.900757e-02
4.855009e-02
4.809925e-02
4.765437e-02
4.721485e-02
4.678071e-02
4.635224e-02
4.592955e-02
4.551241e-02
4.510057e-02
4.469737e-02
4.430112e-02
4.390998e-02
4.352392e-02
4.314281e-02
4.276650e-02
4.239488e-02
4.202788e-02
4.166537e-02
4.130720e-02
4.095323e-02
4.060332e-02
4.025741e-02
3.991877e-02
3.958369e-02
3.925211e-02
3.892398e-02
3.859931e-02
3.827809e-02
3.796036e-02
3.764613e-02
3.733546e-02
3.702838e-02
3.672491e-02
3.642506e-02
3.612882e-02
3.583613e-02
3.554692e-02
3.526224e-02
3.498256e-02
3.470580e-02
3.443180e-02
3.416043e-02
3.389157e-02
3.362513e-02
3.336107e-02
3.309938e-02
3.284009e-02
3.258325e-02
3.232894e-02
3.207724e-02
3.182824e-02
3.158199e-02
3.133851e-02
3.109780e-02
3.085982e-02
3.062449e-02
3.039181e-02
3.016329e-02
2.993684e-02
2.971234e-02
2.948973e-02
2.926894e-02
2.904997e-02
2.883286e-02
2.861767e-02
2.840448e-02
2.819336e-02
2.798437e-02
2.777757e-02
2.757296e-02
2.737050e-02
2.717014e-02
2.697179e-02
2.677535e-02
2.658070e-02
2.638776e-02
2.619644e-02
2.600670e-02
2.581853e-02
2.563192e-02
2.544691e-02
2.526354e-02
2.508187e-02
2.490291e-02
2.472589e-02
2.455060e-02
2.437696e-02
2.420493e-02
2.403441e-02
2.386536e-02
2.369771e-02
2.353143e-02
2.336651e-02
2.320293e-02
2.304073e-02
2.287992e-02
2.272053e-02
2.256257e-02
2.240604e-02
2.225092e-02
2.209721e-02
2.194485e-02
2.179381e-02
2.164405e-02
2.149553e-02
2.134824e-02
2.120214e-02
2.105725e-02
2.091355e-02
2.077106e-02
2.062977e-02
2.048970e-02
2.035083e-02
2.021315e-02
2.007664e-02
1.994129e-02
1.980706e-02
1.967394e-02
1.954221e-02
1.941177e-02
1.928238e-02
1.915404e-02
1.902674e-02
1.890050e-02
1.877529e-02
1.865111e-02
1.852795e-02
1.840579e-02
1.828461e-02
1.816441e-02
1.804516e-02
1.792685e-02
1.780948e-02
1.769305e-02
1.757753e-02
1.746294e-02
1.734926e-02
1.723649e-02
1.712462e-02
1.701363e-02
1.690352e-02
1.679428e-02
1.668589e-02
1.657835e-02
1.647164e-02
1.636577e-02
1.626072e-02
1.615650e-02
1.605308e-02
1.595047e-02
1.584866e-02
1.574764e-02
1.564739e-02
1.554793e-02
1.544922e-02
1.535127e-02
1.525408e-02
1.515762e-02
1.506191e-02
1.496692e-02
1.487267e-02
1.477913e-02
1.468630e-02
1.459418e-02
1.450276e-02
1.441202e-02
1.432198e-02
1.423261e-02
1.414392e-02
1.405589e-02
1.396852e-02
1.388181e-02
1.379575e-02
1.371033e-02
1.362555e-02
1.354141e-02
1.345789e-02
1.337499e-02
1.329270e-02
1.321103e-02
1.312996e-02
1.304949e-02
1.296961e-02
1.289033e-02
1.281162e-02
1.273349e-02
1.265594e-02
1.257896e-02
1.250254e-02
1.242668e-02
1.235137e-02
1.227661e-02
1.220239e-02
1.212872e-02
1.205558e-02
1.198297e-02
1.191088e-02
1.183932e-02
1.176827e-02
1.169773e-02
1.162771e-02
1.155818e-02
1.148916e-02
1.142063e-02
1.135259e-02
1.128504e-02
1.121797e-02
1.115138e-02
1.108526e-02
1.101962e-02
1.095444e-02
1.088972e-02
1.082547e-02
1.076166e-02
1.069831e-02
1.063541e-02
1.057295e-02
1.051093e-02
1.044934e-02
1.038819e-02
1.032747e-02
1.026718e-02
1.020730e-02
1.014785e-02
1.008881e-02
1.003018e-02
9.971960e-03
9.914146e-03
9.856734e-03
9.799720e-03
9.743102e-03
9.686876e-03
9.631039e-03
9.575588e-03
9.520520e-03
9.465831e-03
9.411519e-03
9.357580e-03
9.304012e-03
9.250812e-03
9.197977e-03
9.145503e-03
9.093388e-03
9.041629e-03
8.990223e-03
8.939168e-03
8.888460e-03
8.838097e-03
8.788077e-03
8.738395e-03
8.689051e-03
8.640040e-03
8.591361e-03
8.543011e-03
8.494987e-03
8.447287e-03
8.399908e-03
8.352848e-03
8.306104e-03
8.259674e-03
8.213555e-03
8.167746e-03
8.122242e-03
8.077043e-03
8.032145e-03
7.987547e-03
7.943247e-03
7.899241e-03
7.855527e-03
7.812104e-03
7.768969e-03
7.726120e-03
7.683555e-03
7.641271e-03
7.599267e-03
7.557540e-03
7.516088e-03
7.474909e-03
7.434001e-03
7.393362e-03
7.352990e-03
7.312883e-03
7.273039e-03
7.233456e-03
7.194132e-03
7.155065e-03
7.116253e-03
7.077694e-03
7.039386e-03
7.001328e-03
6.963517e-03
6.925952e-03
6.888630e-03
6.851551e-03
6.814712e-03
6.778112e-03
6.741748e-03
6.705619e-03
6.669723e-03
6.634059e-03
6.598624e-03
6.563418e-03
6.528437e-03
6.493682e-03
6.459150e-03
6.424839e-03
6.390748e-03
6.356875e-03
6.323218e-03
6.289777e-03
6.256549e-03
6.223533e-03
6.190727e-03
6.158130e-03
6.125741e-03
6.093557e-03
6.061578e-03
6.029801e-03
5.998226e-03
5.966850e-03
5.935674e-03
5.904694e-03
5.873909e-03
5.843319e-03
5.812922e-03
5.782716e-03
5.752701e-03
5.722874e-03
5.693234e-03
5.663780e-03
5.634511e-03
5.605426e-03
5.576522e-03
5.547799e-03
5.519256e-03
5.490891e-03
5.462703e-03
5.434690e-03
5.406852e-03
5.379187e-03
5.351695e-03
5.324373e-03
5.297220e-03
5.270236e-03
5.243419e-03
5.216769e-03
5.190283e-03
5.163960e-03
5.137801e-03
5.111803e-03
5.085965e-03
5.060286e-03
5.034765e-03
5.009402e-03
4.984194e-03
4.959141e-03
4.934241e-03
4.909495e-03
4.884900e-03
4.860455e-03
4.836160e-03
4.812014e-03
4.788014e-03
4.764162e-03
4.740455e-03
4.716892e-03
4.693472e-03
4.670195e-03
4.647060e-03
4.624065e-03
4.601210e-03
4.578493e-03
4.555913e-03
4.533471e-03
4.511164e-03
4.488992e-03
4.466954e-03
4.445049e-03
4.423276e-03
4.401634e-03
4.380123e-03
4.358741e-03
4.337487e-03
4.316362e-03
4.295363e-03
4.274490e-03
4.253742e-03
4.233118e-03
4.212618e-03
4.192241e-03
4.171985e-03
4.151850e-03
4.131835e-03
4.111940e-03
4.092163e-03
4.072504e-03
4.052962e-03
4.033536e-03
4.014226e-03
3.995030e-03
3.975948e-03
3.956979e-03
3.938122e-03
3.919377e-03
3.900743e-03
3.882220e-03
3.863805e-03
3.845499e-03
3.827301e-03
3.809211e-03
3.791227e-03
3.773348e-03
3.755575e-03
3.737907e-03
3.720342e-03
3.702880e-03
3.685520e-03
3.668263e-03
3.651106e-03
3.634050e-03
3.617093e-03
3.600236e-03
3.583477e-03
3.566816e-03
3.550251e-03
3.533784e-03
3.517412e-03
3.501136e-03
3.484954e-03
3.468866e-03
3.452872e-03
3.436970e-03
3.421161e-03
3.405443e-03
3.389817e-03
3.374280e-03
3.358834e-03
3.343477e-03
3.328208e-03
3.313028e-03
3.297935e-03
3.282929e-03
3.268009e-03
3.253176e-03
3.238428e-03
3.223764e-03
3.209185e-03
3.194689e-03
3.180276e-03
3.165946e-03
3.151699e-03
3.137532e-03
3.123447e-03
3.109442e-03
3.095518e-03
3.081672e-03
3.067906e-03
3.054218e-03
3.040608e-03
3.027076e-03
3.013621e-03
3.000242e-03
2.986939e-03
2.973711e-03
2.960559e-03
2.947481e-03
2.934478e-03
2.921548e-03
2.908691e-03
2.895907e-03
2.883195e-03
2.870555e-03
2.857986e-03
2.845489e-03
2.833061e-03
2.820704e-03
2.808416e-03
2.796197e-03
2.784047e-03
2.771966e-03
2.759952e-03
2.748005e-03
2.736126e-03
2.724313e-03
2.712566e-03
2.700885e-03
2.689269e-03
2.677719e-03
2.666232e-03
2.654810e-03
2.643452e-03
2.632156e-03
2.620924e-03
2.609755e-03
2.598647e-03
2.587601e-03
2.576617e-03
2.565693e-03
2.554830e-03
2.544028e-03
2.533285e-03
2.522602e-03
2.511978e-03
2.501413e-03
2.490906e-03
2.480457e-03
2.470066e-03
2.459732e-03
2.449455e-03
2.439234e-03
2.429070e-03
2.418962e-03
2.408910e-03
2.398913e-03
2.388970e-03
2.379083e-03
2.369249e-03
2.359469e-03
2.349743e-03
2.340070e-03
2.330451e-03
2.320883e-03
2.311368e-03
2.301905e-03
2.292494e-03
2.283134e-03
2.273824e-03
2.264566e-03
2.255358e-03
2.246200e-03
2.237101e-03
2.228070e-03
2.219087e-03
2.210154e-03
2.201268e-03
2.192431e-03
2.183642e-03
2.174900e-03
2.166206e-03
2.157558e-03
2.148957e-03
2.140403e-03
2.131894e-03
2.123432e-03
2.115015e-03
2.106643e-03
2.098316e-03
2.090034e-03
2.081797e-03
2.073604e-03
2.065454e-03
2.057349e-03
2.049286e-03
2.041267e-03
2.033291e-03
2.025357e-03
2.017466e-03
2.009617e-03
2.001810e-03
1.994045e-03
1.986320e-03
1.978637e-03
1.970995e-03
1.963394e-03
1.955832e-03
1.948311e-03
1.940830e-03
1.933389e-03
1.925987e-03
1.918624e-03
1.911301e-03
1.904015e-03
1.896769e-03
1.889561e-03
1.882390e-03
1.875258e-03
1.868163e-03
1.861106e-03
1.854086e-03
1.847102e-03
1.840156e-03
1.833246e-03
1.826372e-03
1.819534e-03
1.812732e-03
1.805966e-03
1.799235e-03
1.792540e-03
1.785879e-03
1.779254e-03
1.772666e-03
1.766134e-03
1.759637e-03
1.753174e-03
1.746744e-03
1.740348e-03
1.733985e-03
1.727655e-03
1.721358e-03
1.715093e-03
1.708861e-03
1.702662e-03
1.696494e-03
1.690358e-03
1.684254e-03
1.678182e-03
1.672141e-03
1.666131e-03
1.660152e-03
1.654203e-03
1.648286e-03
1.642398e-03
1.636542e-03
1.630715e-03
1.624918e-03
1.619150e-03
1.613413e-03
1.607705e-03
1.602025e-03
1.596375e-03
1.590754e-03
1.585162e-03
1.579598e-03
1.574062e-03
1.568555e-03
1.563076e-03
1.557624e-03
1.552201e-03
1.546805e-03
1.541436e-03
1.536095e-03
1.530780e-03
1.525493e-03
1.520232e-03
1.514998e-03
1.509791e-03
1.504609e-03
1.499454e-03
1.494325e-03
1.489245e-03
1.484192e-03
1.479163e-03
1.474160e-03
1.469182e-03
1.464229e-03
1.459301e-03
1.454397e-03
1.449518e-03
1.444663e-03
1.439833e-03
1.435027e-03
1.430244e-03
1.425486e-03
1.420751e-03
1.416040e-03
1.411352e-03
1.406688e-03
1.402047e-03
1.397428e-03
1.392833e-03
1.388261e-03
1.383711e-03
1.379183e-03
1.374678e-03
1.370196e-03
1.365735e-03
1.361297e-03
1.356880e-03
1.352485e-03
1.348112e-03
1.343760e-03
1.339429e-03
1.335120e-03
1.330832e-03
1.326565e-03
1.322319e-03
1.318094e-03
1.313889e-03
1.309705e-03
1.305547e-03
1.301426e-03
1.297325e-03
1.293244e-03
1.289183e-03
1.285141e-03
1.281119e-03
1.277117e-03
1.273134e-03
1.269170e-03
1.265225e-03
1.261300e-03
1.257393e-03
1.253505e-03
1.249636e-03
1.245786e-03
1.241954e-03
1.238141e-03
1.234345e-03
1.230569e-03
1.226810e-03
1.223069e-03
1.219346e-03
1.215641e-03
1.211954e-03
1.208284e-03
1.204632e-03
1.200997e-03
1.197379e-03
1.193779e-03
1.190196e-03
1.186630e-03
1.183081e-03
1.179548e-03
1.176033e-03
1.172534e-03
1.169063e-03
1.165618e-03
1.162189e-03
1.158776e-03
1.155379e-03
1.151999e-03
1.148634e-03
1.145285e-03
1.141951e-03
1.138633e-03
1.135331e-03
1.132044e-03
1.128773e-03
1.125516e-03
1.122275e-03
1.119049e-03
1.115838e-03
1.112642e-03
1.109461e-03
1.106295e-03
1.103143e-03
1.100006e-03
1.096883e-03
1.093775e-03
1.090681e-03
1.087602e-03
1.084536e-03
1.081485e-03
1.078448e-03
1.075425e-03
1.072415e-03
1.069420e-03
1.066450e-03
1.063501e-03
1.060566e-03
1.057645e-03
1.054736e-03
1.051841e-03
1.048959e-03
1.046090e-03
1.043234e-03
1.040391e-03
1.037561e-03
1.034743e-03
1.031939e-03
1.029147e-03
1.026368e-03
1.023601e-03
1.020846e-03
1.018104e-03
1.015375e-03
1.012657e-03
1.009952e-03
1.007259e-03
1.004578e-03
1.001909e-03
9.992521e-04
9.966069e-04
9.939735e-04
9.913518e-04
9.887417e-04
9.861522e-04
9.835837e-04
9.810264e-04
9.784805e-04
9.759458e-04
9.734223e-04
9.709099e-04
9.684085e-04
9.659181e-04
9.634387e-04
9.609701e-04
9.585123e-04
9.560653e-04
9.536290e-04
9.512033e-04
9.487882e-04
9.463836e-04
9.439895e-04
9.416058e-04
9.392324e-04
9.368694e-04
9.345166e-04
9.321740e-04
9.298415e-04
9.275191e-04
9.252067e-04
9.229042e-04
9.206220e-04
9.183566e-04
9.161009e-04
9.138548e-04
9.116183e-04
9.093913e-04
9.071739e-04
9.049658e-04
9.027672e-04
9.005778e-04
8.983978e-04
8.962270e-04
8.940654e-04
8.919129e-04
8.897695e-04
8.876352e-04
8.855098e-04
8.833934e-04
8.812859e-04
8.791872e-04
8.770973e-04
8.750162e-04
8.729438e-04
8.708800e-04
8.688249e-04
8.667864e-04
8.647646e-04
8.627512e-04
8.607461e-04
8.587493e-04
8.567607e-04
8.547803e-04
8.528080e-04
8.508439e-04
8.488878e-04
8.469398e-04
8.449997e-04
8.430675e-04
8.411433e-04
8.392269e-04
8.373183e-04
8.354175e-04
8.335244e-04
8.316390e-04
8.297613e-04
8.278911e-04
8.260285e-04
8.241735e-04
8.223259e-04
8.204990e-04
8.186816e-04
8.168714e-04
8.150685e-04
8.132728e-04
8.114842e-04
8.097028e-04
8.079284e-04
8.061611e-04
8.044007e-04
8.026474e-04
8.009010e-04
7.991614e-04
7.974288e-04
7.957029e-04
7.939839e-04
7.922716e-04
7.905660e-04
7.888671e-04
7.871748e-04
7.854892e-04
7.838102e-04
7.821436e-04
7.804921e-04
7.788470e-04
7.772082e-04
7.755757e-04
7.739495e-04
7.723295e-04
7.707158e-04
7.691083e-04
7.675069e-04
7.659116e-04
7.643224e-04
7.627393e-04
7.611622e-04
7.595911e-04
7.580260e-04
7.564668e-04
7.549135e-04
7.533661e-04
7.518245e-04
7.502887e-04
7.487588e-04
7.472476e-04
7.457427e-04
7.442434e-04
7.427497e-04
7.412615e-04
7.397789e-04
7.383017e-04
7.368300e-04
7.353638e-04
7.339029e-04
7.324475e-04
7.309973e-04
7.295526e-04
7.281131e-04
7.266788e-04
7.252499e-04
7.238261e-04
7.224075e-04
7.209942e-04
7.195859e-04
7.181868e-04
7.168016e-04
7.154214e-04
7.140461e-04
7.126758e-04
7.113104e-04
7.099498e-04
7.085941e-04
7.072432e-04
7.058971e-04
7.045559e-04
7.032193e-04
7.018875e-04
7.005604e-04
6.992380e-04
6.979202e-04
6.966071e-04
6.952986e-04
6.939947e-04
6.926954e-04
6.914046e-04
6.901265e-04
6.888528e-04
6.875834e-04
6.863185e-04
6.850579e-04
6.838016e-04
6.825496e-04
6.813020e-04
6.800586e-04
6.788194e-04
6.775845e-04
6.763537e-04
6.751272e-04
6.739048e-04
6.726866e-04
6.714725e-04
6.702625e-04
6.690565e-04
6.678547e-04
6.666671e-04
6.654847e-04
6.643062e-04
6.631316e-04
6.619609e-04
6.607940e-04
6.596311e-04
6.584719e-04
6.573166e-04
6.561650e-04
6.550172e-04
6.538732e-04
6.527329e-04
6.515964e-04
6.504635e-04
6.493344e-04
6.482089e-04
6.470870e-04
6.459688e-04
6.448637e-04
6.437634e-04
6.426666e-04
6.415733e-04
6.404834e-04
6.393971e-04
6.383141e-04
6.372346e-04
6.361585e-04
6.350858e-04
6.340164e-04
6.329505e-04
6.318878e-04
6.308285e-04
6.297725e-04
6.287198e-04
6.276704e-04
6.266242e-04
6.255833e-04
6.245537e-04
6.235272e-04
6.225039e-04
6.214838e-04
6.204667e-04
6.194527e-04
6.184418e-04
6.174340e-04
6.164292e-04
6.154274e-04
6.144287e-04
6.134329e-04
6.124402e-04
6.114504e-04
6.104636e-04
6.094798e-04
6.084989e-04
6.075209e-04
6.065527e-04
6.055899e-04
6.046300e-04
6.036728e-04
6.027185e-04
6.017669e-04
6.008181e-04
5.998721e-04
5.989288e-04
5.979882e-04
5.970503e-04
5.961151e-04
5.951827e-04
5.942529e-04
5.933258e-04
5.924013e-04
5.914795e-04
5.905603e-04
5.896472e-04
5.887421e-04
5.878395e-04
5.869394e-04
5.860418e-04
5.851468e-04
5.842542e-04
5.833641e-04
5.824765e-04
5.815913e-04
5.807086e-04
5.798283e-04
5.789504e-04
5.780749e-04
5.772019e-04
5.763312e-04
5.754629e-04
5.745970e-04
5.737343e-04
5.728814e-04
5.720307e-04
5.711823e-04
5.703362e-04
5.694923e-04
5.686507e-04
5.678113e-04
5.669741e-04
5.661391e-04
5.653064e-04
5.644758e-04
5.636474e-04
5.628212e-04
5.619971e-04
5.611752e-04
5.603555e-04
5.595379e-04
5.587224e-04
5.579149e-04
5.571113e-04
5.563098e-04
5.555103e-04
5.547128e-04
5.539173e-04
5.531239e-04
5.523324e-04
5.515430e-04
5.507555e-04
5.499700e-04
5.491865e-04
5.484050e-04
5.476254e-04
5.468477e-04
5.460720e-04
5.452982e-04
5.445264e-04
5.437584e-04
5.429975e-04
5.422384e-04
5.414812e-04
5.407258e-04
5.399722e-04
5.392205e-04
5.384705e-04
5.377224e-04
5.369760e-04
5.362315e-04
5.354887e-04
5.347477e-04
5.340085e-04
5.332710e-04
5.325353e-04
5.318013e-04
5.310690e-04
5.303385e-04
5.296132e-04
5.288927e-04
5.281739e-04
5.274567e-04
5.267412e-04
5.260273e-04
5.253151e-04
5.246045e-04
5.238955e-04
5.231881e-04
5.224824e-04
5.217782e-04
5.210757e-04
5.203747e-04
5.196753e-04
5.189775e-04
5.182813e-04
5.175866e-04
5.168935e-04
5.162045e-04
5.155205e-04
5.148381e-04
5.141572e-04
5.134777e-04
5.127998e-04
5.121233e-04
5.114483e-04
5.107747e-04
5.101027e-04
5.094320e-04
5.087628e-04
5.080951e-04
5.074288e-04
5.067639e-04
5.061005e-04
5.054385e-04
5.047779e-04
5.041187e-04
5.034609e-04
5.028089e-04
5.021595e-04
5.015114e-04
5.008647e-04
5.002193e-04
4.995752e-04
4.989325e-04
4.982910e-04
4.976510e-04
4.970122e-04
4.963747e-04
4.957386e-04
4.951037e-04
4.944702e-04
4.938379e-04
4.932069e-04
4.925773e-04
4.919488e-04
4.913217e-04
4.906958e-04
4.900739e-04
4.894556e-04
4.888386e-04
4.882227e-04
4.876081e-04
4.869947e-04
4.863824e-04
4.857714e-04
4.851616e-04
4.845530e-04
4.839455e-04
4.833392e-04
4.827342e-04
4.821302e-04
4.815275e-04
4.809259e-04
4.803255e-04
4.797262e-04
4.791281e-04
4.785312e-04
4.779353e-04
4.773426e-04
4.767537e-04
4.761658e-04
4.755791e-04
4.749934e-04
4.744089e-04
4.738254e-04
4.732430e-04
4.726617e-04
4.720815e-04
4.715023e-04
4.709242e-04
4.703472e-04
4.697712e-04
4.691963e-04
4.686224e-04
4.680496e-04
4.674779e-04
4.669072e-04
4.663375e-04
4.657688e-04
4.652012e-04
4.646359e-04
4.640744e-04
4.635140e-04
4.629546e-04
4.623961e-04
4.618387e-04
4.612822e-04
4.607267e-04
4.601722e-04
4.596186e-04
4.590661e-04
4.585144e-04
4.579638e-04
4.574141e-04
4.568654e-04
4.563176e-04
4.557708e-04
4.552249e-04
4.546799e-04
4.541359e-04
4.535929e-04
4.530508e-04
4.525096e-04
4.519693e-04
4.514331e-04
4.508984e-04
4.503645e-04
4.498316e-04
4.492995e-04
4.487684e-04
4.482381e-04
4.477087e-04
4.471802e-04
4.466525e-04
4.461258e-04
4.455999e-04
4.450748e-04
4.445507e-04
4.440274e-04
4.435050e-04
4.429834e-04
4.424627e-04
4.419428e-04
4.414238e-04
4.409056e-04
4.403883e-04
4.398719e-04
4.393562e-04
4.388414e-04
4.383299e-04
4.378200e-04
4.373109e-04
4.368027e-04
4.362952e-04
4.357886e-04
4.352827e-04
4.347776e-04
4.342734e-04
4.337699e-04
4.332672e-04
4.327653e-04
4.322642e-04
4.317639e-04
4.312644e-04
4.307656e-04
4.302676e-04
4.297704e-04
4.292740e-04
4.287783e-04
4.282835e-04
4.277893e-04
4.272960e-04
4.268034e-04
4.263115e-04
4.258205e-04
4.253302e-04
4.248421e-04
4.243561e-04
4.238709e-04
4.233864e-04
4.229025e-04
4.224195e-04
4.219371e-04
4.214555e-04
4.209746e-04
4.204944e-04
4.200149e-04
4.195361e-04
4.190581e-04
4.185807e-04
4.181041e-04
4.176282e-04
4.171530e-04
4.166784e-04
4.162046e-04
4.157315e-04
4.152591e-04
4.147874e-04
4.143163e-04
4.138460e-04
4.133764e-04
4.129074e-04
4.124391e-04
4.119715e-04
4.115046e-04
4.110384e-04
4.105744e-04
4.101119e-04
4.096501e-04
4.091890e-04
4.087285e-04
4.082687e-04
4.078095e-04
4.073510e-04
4.068931e-04
4.064359e-04
4.059793e-04
4.055234e-04
4.050681e-04
4.046135e-04
4.041595e-04
4.037061e-04
4.032534e-04
4.028013e-04
4.023499e-04
4.018991e-04
4.014489e-04
4.009993e-04
4.005504e-04
4.001021e-04
3.996544e-04
3.992074e-04
3.987610e-04
3.983152e-04
3.978700e-04
3.974254e-04
3.969815e-04
3.965382e-04
3.960955e-04
3.956535e-04
3.952141e-04
3.947752e-04
3.943369e-04
3.938992e-04
3.934621e-04
3.930256e-04
3.925897e-04
3.921544e-04
3.917197e-04
3.912855e-04
3.908520e-04
3.904190e-04
3.899866e-04
3.895548e-04
3.891235e-04
3.886929e-04
3.882628e-04
3.878333e-04
3.874044e-04
3.869760e-04
3.865482e-04
3.861210e-04
3.856943e-04
3.852683e-04
3.848428e-04
3.844178e-04
3.839934e-04
3.835696e-04
3.831463e-04
3.827236e-04
3.823015e-04
3.818799e-04
3.814589e-04
3.810384e-04
3.806185e-04
3.801992e-04
3.797804e-04
3.793621e-04
3.789455e-04
3.785300e-04
3.781150e-04
3.777005e-04
3.772866e-04
3.768732e-04
3.764604e-04
3.760481e-04
3.756363e-04
3.752250e-04
3.748143e-04
3.744041e-04
3.739944e-04
3.735853e-04
3.731767e-04
3.727686e-04
3.723610e-04
3.719539e-04
3.715474e-04
3.711414e-04
3.707359e-04
3.703309e-04
3.699264e-04
3.695224e-04
3.691190e-04
3.687161e-04
3.683136e-04
3.679117e-04
3.675103e-04
3.671094e-04
3.667091e-04
3.663092e-04
3.659098e-04
3.655109e-04
3.651126e-04
3.647147e-04
3.643174e-04
3.639205e-04
3.635241e-04
3.631283e-04
3.627329e-04
3.623381e-04
3.619437e-04
3.615498e-04
3.611564e-04
3.607638e-04
3.603727e-04
3.599821e-04
3.595919e-04
3.592022e-04
3.588130e-04
3.584243e-04
3.580361e-04
3.576483e-04
3.572611e-04
3.568743e-04
3.564879e-04
3.561021e-04
3.557167e-04
3.553318e-04
3.549474e-04
3.545634e-04
3.541799e-04
3.537969e-04
3.534143e-04
3.530322e-04
3.526506e-04
3.522694e-04
3.518887e-04
3.515085e-04
3.511287e-04
3.507494e-04
3.503706e-04
3.499922e-04
3.496142e-04
3.492368e-04
3.488598e-04
3.484832e-04
3.481071e-04
3.477315e-04
3.473563e-04
3.469816e-04
3.466073e-04
3.462334e-04
3.458601e-04
3.454871e-04
3.451147e-04
3.447426e-04
3.443711e-04
3.439999e-04
3.436293e-04
3.432590e-04
3.428892e-04
3.425199e-04
3.421510e-04
3.417825e-04
3.414145e-04
3.410469e-04
3.406798e-04
3.403131e-04
3.399469e-04
3.395811e-04
3.392166e-04
3.388526e-04
3.384890e-04
3.381259e-04
3.377632e-04
3.374009e-04
3.370390e-04
3.366776e-04
3.363166e-04
3.359560e-04
3.355958e-04
3.352361e-04
3.348768e-04
3.345179e-04
3.341594e-04
3.338014e-04
3.334438e-04
3.330866e-04
3.327298e-04
3.323734e-04
3.320175e-04
3.316619e-04
3.313068e-04
3.309521e-04
3.305978e-04
3.302439e-04
3.298905e-04
3.295374e-04
3.291848e-04
3.288326e-04
3.284808e-04
3.281294e-04
3.277784e-04
3.274278e-04
3.270776e-04
3.267279e-04
3.263785e-04
3.260296e-04
3.256810e-04
3.253329e-04
3.249852e-04
3.246378e-04
3.242909e-04
3.239444e-04
3.235983e-04
3.232525e-04
3.229072e-04
3.225623e-04
3.222178e-04
3.218737e-04
3.215300e-04
3.211866e-04
3.208437e-04
3.205012e-04
3.201591e-04
3.198173e-04
3.194760e-04
3.191350e-04
3.187945e-04
3.184543e-04
3.181146e-04
3.177752e-04
3.174362e-04
3.170976e-04
3.167594e-04
3.164216e-04
3.160842e-04
3.157471e-04
3.154105e-04
3.150742e-04
3.147384e-04
3.144029e-04
3.140678e-04
3.137330e-04
3.133991e-04
3.130658e-04
3.127328e-04
3.124002e-04
3.120680e-04
3.117362e-04
3.114048e-04
3.110737e-04
3.107430e-04
3.104127e-04
3.100828e-04
3.097532e-04
3.094240e-04
3.090952e-04
3.087667e-04
3.084387e-04
3.081110e-04
3.077836e-04
3.074567e-04
3.071301e-04
3.068038e-04
3.064780e-04
3.061525e-04
3.058274e-04
3.055026e-04
3.051782e-04
3.048542e-04
3.045306e-04
3.042073e-04
3.038843e-04
3.035618e-04
3.032396e-04
3.029178e-04
3.025963e-04
3.022752e-04
3.019544e-04
3.016340e-04
3.013140e-04
3.009943e-04
3.006750e-04
3.003561e-04
3.000375e-04
2.997193e-04
2.994014e-04
2.990839e-04
2.987667e-04
2.984499e-04
2.981335e-04
2.978174e-04
2.975016e-04
2.971862e-04
2.968712e-04
2.965565e-04
2.962422e-04
2.959282e-04
2.956146e-04
2.953013e-04
2.949884e-04
2.946758e-04
2.943636e-04
2.940517e-04
2.937402e-04
2.934290e-04
2.931182e-04
2.928077e-04
2.924976e-04
2.921878e-04
2.918784e-04
2.915693e-04
2.912605e-04
2.909521e-04
2.906441e-04
2.903363e-04
2.900289e-04
2.897219e-04
2.894152e-04
2.891089e-04
2.888029e-04
2.884972e-04
2.881919e-04
2.878869e-04
2.875822e-04
2.872779e-04
2.869739e-04
2.866703e-04
2.863670e-04
2.860640e-04
2.857614e-04
2.854591e-04
2.851572e-04
2.848556e-04
2.845543e-04
2.842533e-04
2.839527e-04
2.836524e-04
2.833525e-04
2.830529e-04
2.827536e-04
2.824546e-04
2.821560e-04
2.818577e-04
2.815598e-04
2.812621e-04
2.809648e-04
2.806679e-04
2.803712e-04
2.800749e-04
2.797789e-04
2.794833e-04
2.791879e-04
2.788929e-04
2.785982e-04
2.783041e-04
2.780104e-04
2.777170e-04
2.774240e-04
2.771312e-04
2.768388e-04
2.765467e-04
2.762550e-04
2.759635e-04
2.756724e-04
2.753816e-04
2.750911e-04
2.748009e-04
2.745110e-04
2.742215e-04
2.739323e-04
2.736434e-04
2.733548e-04
2.730665e-04
2.727785e-04
2.724909e-04
2.722036e-04
2.719165e-04
2.716298e-04
2.713435e-04
2.710574e-04
2.707716e-04
2.704862e-04
2.702010e-04
2.699162e-04
2.696317e-04
2.693475e-04
2.690636e-04
2.687800e-04
2.684967e-04
2.682138e-04
2.679311e-04
2.676488e-04
2.673667e-04
2.670850e-04
2.668036e-04
2.665225e-04
2.662417e-04
2.659612e-04
2.656809e-04
2.654011e-04
2.651215e-04
2.648422e-04
2.645632e-04
2.642845e-04
2.640062e-04
2.637281e-04
2.634503e-04
2.631729e-04
2.628957e-04
2.626188e-04
2.623423e-04
2.620660e-04
2.617900e-04
2.615144e-04
2.612390e-04
2.609640e-04
2.606892e-04
2.604147e-04
2.601406e-04
2.598667e-04
2.595931e-04
2.593199e-04
2.590469e-04
2.587742e-04
2.585018e-04
2.582298e-04
2.579580e-04
2.576865e-04
2.574153e-04
2.571444e-04
2.568737e-04
2.566034e-04
2.563334e-04
2.560637e-04
2.557942e-04
2.555251e-04
2.552562e-04
2.549876e-04
2.547194e-04
2.544514e-04
2.541837e-04
2.539163e-04
2.536492e-04
2.533823e-04
2.531158e-04
2.528495e-04
2.525836e-04
2.523179e-04
2.520525e-04
2.517874e-04
2.515226e-04
2.512581e-04
2.509938e-04
2.507299e-04
2.504662e-04
2.502028e-04
2.499397e-04
2.496769e-04
2.494144e-04
2.491522e-04
2.488902e-04
2.486285e-04
2.483671e-04
2.481060e-04
2.478452e-04
2.475846e-04
2.473243e-04
2.470643e-04
2.468046e-04
2.465452e-04
2.462861e-04
2.460272e-04
2.457686e-04
2.455103e-04
2.452522e-04
2.449945e-04
2.447370e-04
2.444798e-04
2.442229e-04
2.439662e-04
2.437099e-04
2.434538e-04
2.431980e-04
2.429424e-04
2.426872e-04
2.424322e-04
2.421774e-04
2.419230e-04
2.416688e-04
2.414149e-04
2.411613e-04
2.409080e-04
2.406549e-04
2.404021e-04
2.401496e-04
2.398973e-04
2.396453e-04
2.393936e-04
2.391421e-04
2.388910e-04
2.386401e-04
2.383894e-04
2.381390e-04
2.378889e-04
2.376391e-04
2.373895e-04
2.371403e-04
2.368912e-04
2.366425e-04
2.363940e-04
2.361458e-04
2.358978e-04
2.356501e-04
2.354027e-04
2.351555e-04
2.349086e-04
2.346620e-04
2.344156e-04
2.341695e-04
2.339237e-04
2.336781e-04
2.334328e-04
2.331878e-04
2.329430e-04
2.326985e-04
2.324542e-04
2.322102e-04
2.319665e-04
2.317230e-04
2.314798e-04
2.312368e-04
2.309941e-04
2.307517e-04
2.305095e-04
2.302676e-04
2.300260e-04
2.297846e-04
2.295434e-04
2.293025e-04
2.290619e-04
2.288216e-04
2.285814e-04
2.283416e-04
2.281020e-04
2.278627e-04
2.276236e-04
2.273848e-04
2.271462e-04
2.269079e-04
2.266698e-04
2.264320e-04
2.261945e-04
2.259572e-04
2.257201e-04
2.254833e-04
2.252468e-04
2.250105e-04
2.247745e-04
2.245387e-04
2.243032e-04
2.240679e-04
2.238329e-04
2.235981e-04
2.233636e-04
2.231293e-04
2.228953e-04
2.226615e-04
2.224280e-04
2.221948e-04
2.219617e-04
2.217290e-04
2.214964e-04
2.212642e-04
2.210321e-04
2.208003e-04
2.205688e-04
2.203375e-04
2.201065e-04
2.198757e-04
2.196451e-04
2.194148e-04
2.191848e-04
2.189550e-04
2.187254e-04
2.184961e-04
2.182670e-04
2.180382e-04
2.178096e-04
2.175813e-04
2.173532e-04
2.171253e-04
2.168977e-04
2.166703e-04
2.164432e-04
2.162164e-04
2.159899e-04
2.157635e-04
2.155375e-04
2.153116e-04
2.150860e-04
2.148607e-04
2.146356e-04
2.144107e-04
2.141860e-04
2.139616e-04
2.137375e-04
2.135135e-04
2.132899e-04
2.130664e-04
2.128432e-04
2.126202e-04
2.123975e-04
2.121750e-04
2.119527e-04
2.117307e-04
2.115089e-04
2.112873e-04
2.110660e-04
2.108449e-04
2.106241e-04
2.104034e-04
2.101831e-04
2.099629e-04
2.097430e-04
2.095233e-04
2.093039e-04
2.090846e-04
2.088657e-04
2.086469e-04
2.084284e-04
2.082101e-04
2.079920e-04
2.077742e-04
2.075566e-04
2.073393e-04
2.071221e-04
2.069052e-04
2.066885e-04
2.064721e-04
2.062559e-04
2.060399e-04
2.058242e-04
2.056086e-04
2.053933e-04
2.051783e-04
2.049634e-04
2.047488e-04
2.045344e-04
2.043203e-04
2.041063e-04
2.038926e-04
2.036791e-04
2.034659e-04
2.032529e-04
2.030401e-04
2.028275e-04
2.026151e-04
2.024030e-04
2.021911e-04
2.019794e-04
2.017680e-04
2.015567e-04
2.013457e-04
2.011350e-04
2.009244e-04
2.007141e-04
2.005039e-04
2.002941e-04
2.000844e-04
1.998749e-04
1.996657e-04
1.994567e-04
1.992479e-04
1.990394e-04
1.988310e-04
1.986229e-04
1.984150e-04
1.982073e-04
1.979999e-04
1.977926e-04
1.975856e-04
1.973788e-04
1.971722e-04
1.969659e-04
1.967597e-04
1.965538e-04
1.963481e-04
1.961426e-04
1.959373e-04
1.957322e-04
1.955274e-04
1.953228e-04
1.951184e-04
1.949142e-04
1.947102e-04
1.945064e-04
1.943029e-04
1.940996e-04
1.938964e-04
1.936935e-04
1.934909e-04
1.932884e-04
1.930861e-04
1.928841e-04
1.926822e-04
1.924806e-04
1.922792e-04
1.920780e-04
1.918771e-04
1.916763e-04
1.914757e-04
1.912754e-04
1.910753e-04
1.908753e-04
1.906756e-04
1.904761e-04
1.902768e-04
1.900778e-04
1.898789e-04
1.896802e-04
1.894818e-04
1.892836e-04
1.890855e-04
1.888877e-04
1.886901e-04
1.884927e-04
1.882955e-04
1.880985e-04
1.879017e-04
1.877052e-04
1.875088e-04
1.873127e-04
1.871167e-04
1.869210e-04
1.867254e-04
1.865301e-04
1.863350e-04
1.861401e-04
1.859454e-04
1.857509e-04
1.855566e-04
1.853625e-04
1.851686e-04
1.849749e-04
1.847814e-04
1.845881e-04
1.843951e-04
1.842022e-04
1.840095e-04
1.838171e-04
1.836248e-04
1.834327e-04
1.832409e-04
1.830492e-04
1.828578e-04
1.826665e-04
1.824755e-04
1.822847e-04
1.820940e-04
1.819036e-04
1.817133e-04
1.815233e-04
1.813334e-04
1.811438e-04
1.809544e-04
1.807651e-04
1.805761e-04
1.803872e-04
1.801986e-04
1.800102e-04
1.798219e-04
1.796339e-04
1.794460e-04
1.792584e-04
1.790709e-04
1.788836e-04
1.786966e-04
1.785097e-04
1.783231e-04
1.781366e-04
1.779503e-04
1.777642e-04
1.775784e-04
1.773927e-04
1.772072e-04
1.770219e-04
1.768368e-04
1.766519e-04
1.764672e-04
1.762827e-04
1.760984e-04
1.759142e-04
1.757303e-04
1.755466e-04
1.753630e-04
1.751797e-04
1.749965e-04
1.748135e-04
1.746308e-04
1.744482e-04
1.742658e-04
1.740836e-04
1.739016e-04
1.737198e-04
1.735382e-04
1.733567e-04
1.731755e-04
1.729945e-04
1.728136e-04
1.726329e-04
1.724525e-04
1.722722e-04
1.720921e-04
1.719122e-04
1.717324e-04
1.715529e-04
1.713736e-04
1.711944e-04
1.710155e-04
1.708367e-04
1.706581e-04
1.704797e-04
1.703015e-04
1.701235e-04
1.699456e-04
1.697680e-04
1.695905e-04
1.694132e-04
1.692362e-04
1.690593e-04
1.688825e-04
1.687060e-04
1.685297e-04
1.683535e-04
1.681775e-04
1.680017e-04
1.678261e-04
1.676507e-04
1.674755e-04
1.673004e-04
1.671255e-04
1.669509e-04
1.667764e-04
1.666021e-04
1.664279e-04
1.662540e-04
1.660802e-04
1.659066e-04
1.657332e-04
1.655600e-04
1.653870e-04
1.652141e-04
1.650414e-04
1.648689e-04
1.646966e-04
1.645245e-04
1.643525e-04
1.641808e-04
1.640092e-04
1.638378e-04
1.636665e-04
1.634955e-04
1.633246e-04
1.631539e-04
1.629834e-04
1.628131e-04
1.626430e-04
1.624730e-04
1.623032e-04
1.621336e-04
1.619641e-04
1.617949e-04
1.616258e-04
1.614569e-04
1.612882e-04
1.611196e-04
1.609512e-04
1.607830e-04
1.606150e-04
1.604472e-04
1.602795e-04
1.601120e-04
1.599447e-04
1.597776e-04
1.596106e-04
1.594438e-04
1.592772e-04
1.591108e-04
1.589445e-04
1.587784e-04
1.586125e-04
1.584468e-04
1.582812e-04
1.581158e-04
1.579506e-04
1.577856e-04
1.576207e-04
1.574560e-04
1.572915e-04
1.571271e-04
1.569629e-04
1.567989e-04
1.566351e-04
1.564714e-04
1.563080e-04
1.561446e-04
1.559815e-04
1.558185e-04
1.556557e-04
1.554931e-04
1.553306e-04
1.551683e-04
1.550062e-04
1.548442e-04
1.546825e-04
1.545208e-04
1.543594e-04
1.541981e-04
1.540370e-04
1.538761e-04
1.537153e-04
1.535547e-04
1.533943e-04
1.532340e-04
1.530739e-04
1.529140e-04
1.527543e-04
1.525947e-04
1.524352e-04
1.522760e-04
1.521169e-04
1.519580e-04
1.517992e-04
1.516406e-04
1.514822e-04
1.513240e-04
1.511659e-04
1.510080e-04
1.508502e-04
1.506926e-04
1.505352e-04
1.503779e-04
1.502208e-04
1.500639e-04
1.499071e-04
1.497505e-04
1.495941e-04
1.494378e-04
1.492817e-04
1.491257e-04
1.489700e-04
1.488143e-04
1.486589e-04
1.485036e-04
1.483485e-04
1.481935e-04
1.480387e-04
1.478840e-04
1.477296e-04
1.475752e-04
1.474211e-04
1.472671e-04
1.471133e-04
1.469596e-04
1.468061e-04
1.466527e-04
1.464995e-04
1.463465e-04
1.461936e-04
1.460409e-04
1.458884e-04
1.457360e-04
1.455838e-04
1.454317e-04
1.452798e-04
1.451280e-04
1.449764e-04
1.448250e-04
1.446737e-04
1.445226e-04
1.443717e-04
1.442209e-04
1.440702e-04
1.439197e-04
1.437694e-04
1.436193e-04
1.434692e-04
1.433194e-04
1.431697e-04
1.430202e-04
1.428708e-04
1.427216e-04
1.425725e-04
1.424236e-04
1.422748e-04
1.421262e-04
1.419778e-04
1.418295e-04
1.416813e-04
1.415334e-04
1.413855e-04
1.412379e-04
1.410904e-04
1.409430e-04
1.407958e-04
1.406487e-04
1.405018e-04
1.403551e-04
1.402085e-04
1.400621e-04
1.399158e-04
1.397697e-04
1.396237e-04
1.394779e-04
1.393322e-04
1.391867e-04
1.390413e-04
1.388961e-04
1.387510e-04
1.386061e-04
1.384614e-04
1.383168e-04
1.381723e-04
1.380280e-04
1.378839e-04
1.377399e-04
1.375960e-04
1.374523e-04
1.373088e-04
1.371654e-04
1.370221e-04
1.368790e-04
1.367361e-04
1.365933e-04
1.364506e-04
1.363081e-04
1.361658e-04
1.360236e-04
1.358815e-04
1.357396e-04
1.355979e-04
1.354563e-04
1.353148e-04
1.351735e-04
1.350323e-04
1.348913e-04
1.347505e-04
1.346097e-04
1.344692e-04
1.343287e-04
1.341885e-04
1.340483e-04
1.339084e-04
1.337685e-04
1.336288e-04
1.334893e-04
1.333499e-04
1.332106e-04
1.330715e-04
1.329326e-04
1.327937e-04
1.326551e-04
1.325166e-04
1.323782e-04
1.322399e-04
1.321019e-04
1.319639e-04
1.318261e-04
1.316884e-04
1.315509e-04
1.314136e-04
1.312763e-04
1.311393e-04
1.310023e-04
1.308655e-04
1.307289e-04
1.305924e-04
1.304560e-04
1.303198e-04
1.301837e-04
1.300478e-04
1.299120e-04
1.297763e-04
1.296408e-04
1.295054e-04
1.293702e-04
1.292351e-04
1.291002e-04
1.289654e-04
1.288307e-04
1.286962e-04
1.285618e-04
1.284276e-04
1.282935e-04
1.281595e-04
1.280257e-04
1.278920e-04
1.277585e-04
1.276251e-04
1.274918e-04
1.273587e-04
1.272257e-04
1.270929e-04
1.269602e-04
1.268276e-04
1.266952e-04
1.265629e-04
1.264308e-04
1.262987e-04
1.261669e-04
1.260351e-04
1.259035e-04
1.257721e-04
1.256408e-04
1.255096e-04
1.253785e-04
1.252476e-04
1.251169e-04
1.249862e-04
1.248557e-04
1.247254e-04
1.245951e-04
1.244650e-04
1.243351e-04
1.242053e-04
1.240756e-04
1.239460e-04
1.238166e-04
1.236874e-04
1.235582e-04
1.234292e-04
1.233004e-04
1.231716e-04
1.230430e-04
1.229146e-04
1.227862e-04
1.226580e-04
1.225300e-04
1.224020e-04
1.222742e-04
1.221466e-04
1.220191e-04
1.218917e-04
1.217644e-04
1.216373e-04
1.215103e-04
1.213834e-04
1.212567e-04
1.211301e-04
1.210036e-04
1.208773e-04
1.207511e-04
1.206250e-04
1.204991e-04
1.203733e-04
1.202476e-04
1.201221e-04
1.199967e-04
1.198714e-04
1.197462e-04
1.196212e-04
1.194963e-04
1.193716e-04
1.192470e-04
1.191225e-04
1.189981e-04
1.188739e-04
1.187498e-04
1.186258e-04
1.185019e-04
1.183782e-04
1.182546e-04
1.181312e-04
1.180079e-04
1.178847e-04
1.177616e-04
1.176387e-04
1.175158e-04
1.173932e-04
1.172706e-04
1.171482e-04
1.170259e-04
1.169037e-04
1.167817e-04
1.166597e-04
1.165380e-04
1.164163e-04
1.162948e-04
1.161734e-04
1.160521e-04
1.159309e-04
1.158099e-04
1.156890e-04
1.155682e-04
1.154476e-04
1.153270e-04
1.152067e-04
1.150864e-04
1.149662e-04
1.148462e-04
1.147263e-04
1.146066e-04
1.144869e-04
1.143674e-04
1.142480e-04
1.141287e-04
1.140096e-04
1.138906e-04
1.137717e-04
1.136529e-04
1.135343e-04
1.134158e-04
1.132974e-04
1.131791e-04
1.130609e-04
1.129429e-04
1.128250e-04
1.127072e-04
1.125896e-04
1.124720e-04
1.123546e-04
1.122373e-04
1.121202e-04
1.120031e-04
1.118862e-04
1.117694e-04
1.116527e-04
1.115362e-04
1.114198e-04
1.113034e-04
1.111873e-04
1.110712e-04
1.109552e-04
1.108394e-04
1.107237e-04
1.106081e-04
1.104927e-04
1.103773e-04
1.102621e-04
1.101470e-04
1.100320e-04
1.099172e-04
1.098024e-04
1.096878e-04
1.095733e-04
1.094589e-04
1.093447e-04
1.092305e-04
1.091165e-04
1.090026e-04
1.088888e-04
1.087752e-04
1.086616e-04
1.085482e-04
1.084349e-04
1.083217e-04
1.082086e-04
1.080957e-04
1.079828e-04
1.078701e-04
1.077575e-04
1.076450e-04
1.075327e-04
1.074204e-04
1.073083e-04
1.071963e-04
1.070844e-04
1.069726e-04
1.068609e-04
1.067494e-04
1.066380e-04
1.065267e-04
1.064155e-04
1.063044e-04
1.061934e-04
1.060826e-04
1.059718e-04
1.058612e-04
1.057507e-04
1.056403e-04
1.055301e-04
1.054199e-04
1.053099e-04
1.051999e-04
1.050901e-04
1.049804e-04
1.048709e-04
1.047614e-04
1.046520e-04
1.045428e-04
1.044337e-04
1.043247e-04
1.042158e-04
1.041070e-04
1.039983e-04
1.038898e-04
1.037813e-04
1.036730e-04
1.035648e-04
1.034567e-04
1.033487e-04
1.032408e-04
1.031331e-04
1.030254e-04
1.029179e-04
1.028105e-04
1.027031e-04
1.025959e-04
1.024889e-04
1.023819e-04
1.022750e-04
1.021683e-04
1.020616e-04
1.019551e-04
1.018487e-04
1.017424e-04
1.016362e-04
1.015301e-04
1.014241e-04
1.013182e-04
1.012125e-04
1.011069e-04
1.010013e-04
1.008959e-04
1.007906e-04
1.006854e-04
1.005803e-04
1.004753e-04
1.003704e-04
1.002657e-04
1.001610e-04
1.000565e-04
9.995204e-05
9.984771e-05
9.974350e-05
9.963939e-05
9.953539e-05
9.943150e-05
9.932772e-05
9.922405e-05
9.912048e-05
9.901702e-05
9.891367e-05
9.881043e-05
9.870730e-05
9.860427e-05
9.850136e-05
9.839854e-05
9.829584e-05
9.819325e-05
9.809076e-05
9.798838e-05
9.788610e-05
9.778393e-05
9.768187e-05
9.757992e-05
9.747807e-05
9.737633e-05
9.727469e-05
9.717317e-05
9.707174e-05
9.697043e-05
9.686921e-05
9.676811e-05
9.666711e-05
9.656622e-05
9.646543e-05
9.636474e-05
9.626417e-05
9.616369e-05
9.606332e-05
9.596306e-05
9.586290e-05
9.576285e-05
9.566290e-05
9.556305e-05
9.546331e-05
9.536367e-05
9.526414e-05
9.516471e-05
9.506539e-05
9.496617e-05
9.486705e-05
9.476804e-05
9.466912e-05
9.457032e-05
9.447162e-05
9.437301e-05
9.427452e-05
9.417612e-05
9.407783e-05
9.397964e-05
9.388155e-05
9.378357e-05
9.368568e-05
9.358791e-05
9.349023e-05
9.339265e-05
9.329518e-05
9.319781e-05
9.310054e-05
9.300337e-05
9.290630e-05
9.280933e-05
9.271247e-05
9.261570e-05
9.251904e-05
9.242248e-05
9.232602e-05
9.222966e-05
9.213340e-05
9.203724e-05
9.194119e-05
9.184522e-05
9.174937e-05
9.165361e-05
9.155795e-05
9.146240e-05
9.136694e-05
9.127158e-05
9.117632e-05
9.108116e-05
9.098610e-05
9.089114e-05
9.079628e-05
9.070152e-05
9.060686e-05
9.051229e-05
9.041783e-05
9.032346e-05
9.022919e-05
9.013502e-05
9.004095e-05
8.994698e-05
8.985310e-05
8.975932e-05
8.966565e-05
8.957206e-05
8.947858e-05
8.938519e-05
8.929190e-05
8.919871e-05
8.910562e-05
8.901262e-05
8.891972e-05
8.882692e-05
8.873421e-05
8.864161e-05
8.854909e-05
8.845668e-05
8.836436e-05
8.827214e-05
8.818001e-05
8.808798e-05
8.799605e-05
8.790421e-05
8.781247e-05
8.772082e-05
8.762927e-05
8.753782e-05
8.744646e-05
8.735519e-05
8.726403e-05
8.717295e-05
8.708197e-05
8.699109e-05
8.690030e-05
8.680961e-05
8.671901e-05
8.662850e-05
8.653810e-05
8.644778e-05
8.635756e-05
8.626743e-05
8.617740e-05
8.608746e-05
8.599762e-05
8.590787e-05
8.581821e-05
8.572864e-05
8.563918e-05
8.554980e-05
8.546052e-05
8.537133e-05
8.528223e-05
8.519322e-05
8.510432e-05
8.501550e-05
8.492677e-05
8.483814e-05
8.474960e-05
8.466115e-05
8.457280e-05
8.448453e-05
8.439636e-05
8.430828e-05
8.422030e-05
8.413240e-05
8.404459e-05
8.395689e-05
8.386926e-05
8.378174e-05
8.369430e-05
8.360696e-05
8.351970e-05
8.343253e-05
8.334546e-05
8.325848e-05
8.317159e-05
8.308479e-05
8.299808e-05
8.291146e-05
8.282494e-05
8.273849e-05
8.265215e-05
8.256589e-05
8.247972e-05
8.239364e-05
8.230766e-05
8.222176e-05
8.213595e-05
8.205023e-05
8.196460e-05
8.187907e-05
8.179361e-05
8.170825e-05
8.162298e-05
8.153780e-05
8.145270e-05
8.136770e-05
8.128278e-05
8.119795e-05
8.111322e-05
8.102856e-05
8.094400e-05
8.085953e-05
8.077514e-05
8.069084e-05
8.060663e-05
8.052251e-05
8.043848e-05
8.035453e-05
8.027067e-05
8.018690e-05
8.010322e-05
8.001962e-05
7.993611e-05
7.985269e-05
7.976936e-05
7.968611e-05
7.960294e-05
7.951987e-05
7.943689e-05
7.935398e-05
7.927117e-05
7.918844e-05
7.910580e-05
7.902325e-05
7.894078e-05
7.885840e-05
7.877610e-05
7.869389e-05
7.861176e-05
7.852972e-05
7.844777e-05
7.836590e-05
7.828412e-05
7.820242e-05
7.812081e-05
7.803928e-05
7.795785e-05
7.787648e-05
7.779522e-05
7.771403e-05
7.763292e-05
7.755191e-05
7.747098e-05
7.739012e-05
7.730937e-05
7.722868e-05
7.714809e-05
7.706758e-05
7.698715e-05
7.690681e-05
7.682655e-05
7.674637e-05
7.666628e-05
7.658627e-05
7.650635e-05
7.642651e-05
7.634675e-05
7.626708e-05
7.618748e-05
7.610798e-05
7.602855e-05
7.594921e-05
7.586995e-05
7.579077e-05
7.571168e-05
7.563266e-05
7.555374e-05
7.547489e-05
7.539613e-05
7.531744e-05
7.523884e-05
7.516033e-05
7.508189e-05
7.500354e-05
7.492526e-05
7.484707e-05
7.476896e-05
7.469094e-05
7.461299e-05
7.453512e-05
7.445734e-05
7.437964e-05
7.430202e-05
7.422448e-05
7.414702e-05
7.406964e-05
7.399234e-05
7.391513e-05
7.383799e-05
7.376094e-05
7.368396e-05
7.360707e-05
7.353025e-05
7.345352e-05
7.337686e-05
7.330029e-05
7.322379e-05
7.314738e-05
7.307105e-05
7.299479e-05
7.291862e-05
7.284252e-05
7.276651e-05
7.269057e-05
7.261471e-05
7.253893e-05
7.246323e-05
7.238761e-05
7.231207e-05
7.223661e-05
7.216122e-05
7.208592e-05
7.201069e-05
7.193554e-05
7.186047e-05
7.178548e-05
7.171057e-05
7.163574e-05
7.156098e-05
7.148630e-05
7.141170e-05
7.133718e-05
7.126273e-05
7.118836e-05
7.111407e-05
7.103986e-05
7.096573e-05
7.089167e-05
7.081769e-05
7.074379e-05
7.066996e-05
7.059621e-05
7.052254e-05
7.044895e-05
7.037543e-05
7.030199e-05
7.022862e-05
7.015534e-05
7.008212e-05
7.000899e-05
6.993593e-05
6.986295e-05
6.979004e-05
6.971721e-05
6.964446e-05
6.957178e-05
6.949918e-05
6.942665e-05
6.935420e-05
6.928183e-05
6.920953e-05
6.913731e-05
6.906515e-05
6.899308e-05
6.892108e-05
6.884916e-05
6.877731e-05
6.870554e-05
6.863384e-05
6.856222e-05
6.849067e-05
6.841920e-05
6.834780e-05
6.827647e-05
6.820522e-05
6.813405e-05
6.806295e-05
6.799192e-05
6.792096e-05
6.785009e-05
6.777928e-05
6.770855e-05
6.763789e-05
6.756731e-05
6.749680e-05
6.742636e-05
6.735600e-05
6.728571e-05
6.721549e-05
6.714535e-05
6.707528e-05
6.700529e-05
6.693536e-05
6.686551e-05
6.679574e-05
6.672603e-05
6.665640e-05
6.658684e-05
6.651735e-05
6.644794e-05
6.637860e-05
6.630933e-05
6.624013e-05
6.617101e-05
6.610195e-05
6.603298e-05
6.596407e-05
6.589523e-05
6.582647e-05
6.575777e-05
6.568915e-05
6.562060e-05
6.555213e-05
6.548372e-05
6.541538e-05
6.534712e-05
6.527892e-05
6.521080e-05
6.514276e-05
6.507478e-05
6.500687e-05
6.493903e-05
6.487126e-05
6.480357e-05
6.473594e-05
6.466839e-05
6.460091e-05
6.453349e-05
6.446615e-05
6.439888e-05
6.433167e-05
6.426454e-05
6.419748e-05
6.413048e-05
6.406356e-05
6.399671e-05
6.392992e-05
6.386321e-05
6.379657e-05
6.372999e-05
6.366349e-05
6.359705e-05
6.353069e-05
6.346439e-05
6.339816e-05
6.333201e-05
6.326591e-05
6.319990e-05
6.313395e-05
6.306806e-05
6.300225e-05
6.293650e-05
6.287083e-05
6.280522e-05
6.273968e-05
6.267421e-05
6.260881e-05
6.254347e-05
6.247821e-05
6.241301e-05
6.234788e-05
6.228282e-05
6.221782e-05
6.215289e-05
6.208804e-05
6.202325e-05
6.195852e-05
6.189387e-05
6.182928e-05
6.176476e-05
6.170030e-05
6.163592e-05
6.157160e-05
6.150735e-05
6.144316e-05
6.137904e-05
6.131500e-05
6.125101e-05
6.118709e-05
6.112324e-05
6.105946e-05
6.099574e-05
6.093209e-05
6.086851e-05
6.080499e-05
6.074154e-05
6.067815e-05
6.061483e-05
6.055158e-05
6.048839e-05
6.042527e-05
6.036222e-05
6.029922e-05
6.023630e-05
6.017344e-05
6.011065e-05
6.004792e-05
5.998526e-05
5.992267e-05
5.986013e-05
5.979767e-05
5.973527e-05
5.967293e-05
5.961066e-05
5.954846e-05
5.948632e-05
5.942424e-05
5.936223e-05
5.930028e-05
5.923840e-05
5.917659e-05
5.911483e-05
5.905314e-05
5.899152e-05
5.892996e-05
5.886847e-05
5.880704e-05
5.874567e-05
5.868437e-05
5.862313e-05
5.856196e-05
5.850085e-05
5.843980e-05
5.837881e-05
5.831790e-05
5.825704e-05
5.819625e-05
5.813552e-05
5.807485e-05
5.801425e-05
5.795371e-05
5.789324e-05
5.783282e-05
5.777247e-05
5.771219e-05
5.765196e-05
5.759180e-05
5.753170e-05
5.747167e-05
5.741169e-05
5.735178e-05
5.729194e-05
5.723215e-05
5.717243e-05
5.711277e-05
5.705317e-05
5.699363e-05
5.693416e-05
5.687475e-05
5.681540e-05
5.675611e-05
5.669689e-05
5.663772e-05
5.657862e-05
5.651958e-05
5.646060e-05
5.640168e-05
5.634282e-05
5.628403e-05
5.622529e-05
5.616662e-05
5.610801e-05
5.604946e-05
5.599098e-05
5.593255e-05
5.587418e-05
5.581587e-05
5.575763e-05
5.569945e-05
5.564132e-05
5.558326e-05
5.552526e-05
5.546732e-05
5.540944e-05
5.535162e-05
5.529385e-05
5.523616e-05
5.517852e-05
5.512093e-05
5.506341e-05
5.500596e-05
5.494856e-05
5.489122e-05
5.483394e-05
5.477672e-05
5.471956e-05
5.466246e-05
5.460541e-05
5.454844e-05
5.449151e-05
5.443465e-05
5.437785e-05
5.432110e-05
5.426442e-05
5.420779e-05
5.415123e-05
5.409472e-05
5.403827e-05
5.398188e-05
5.392555e-05
5.386928e-05
5.381307e-05
5.375691e-05
5.370081e-05
5.364477e-05
5.358880e-05
5.353288e-05
5.347701e-05
5.342121e-05
5.336546e-05
5.330978e-05
5.325415e-05
5.319858e-05
5.314307e-05
5.308761e-05
5.303221e-05
5.297687e-05
5.292159e-05
5.286637e-05
5.281120e-05
5.275609e-05
5.270104e-05
5.264604e-05
5.259111e-05
5.253623e-05
5.248140e-05
5.242664e-05
5.237193e-05
5.231728e-05
5.226269e-05
5.220815e-05
5.215367e-05
5.209925e-05
5.204488e-05
5.199057e-05
5.193632e-05
5.188213e-05
5.182799e-05
5.177390e-05
5.171988e-05
5.166591e-05
5.161200e-05
5.155814e-05
5.150433e-05
5.145059e-05
5.139690e-05
5.134327e-05
5.128969e-05
5.123617e-05
5.118271e-05
5.112929e-05
5.107594e-05
5.102264e-05
5.096940e-05
5.091622e-05
5.086308e-05
5.081001e-05
5.075698e-05
5.070402e-05
5.065111e-05
5.059826e-05
5.054546e-05
5.049271e-05
5.044002e-05
5.038739e-05
5.033481e-05
5.028228e-05
5.022981e-05
5.017740e-05
5.012504e-05
5.007273e-05
5.002048e-05
4.996828e-05
4.991614e-05
4.986405e-05
4.981202e-05
4.976004e-05
4.970812e-05
4.965625e-05
4.960443e-05
4.955267e-05
4.950096e-05
4.944930e-05
4.939770e-05
4.934616e-05
4.929466e-05
4.924323e-05
4.919184e-05
4.914051e-05
4.908923e-05
4.903800e-05
4.898683e-05
4.893572e-05
4.888465e-05
4.883364e-05
4.878268e-05
4.873178e-05
4.868092e-05
4.863013e-05
4.857938e-05
4.852869e-05
4.847805e-05
4.842746e-05
4.837693e-05
4.832645e-05
4.827602e-05
4.822564e-05
4.817532e-05
4.812505e-05
4.807483e-05
4.802466e-05
4.797455e-05
4.792448e-05
4.787448e-05
4.782452e-05
4.777461e-05
4.772476e-05
4.767496e-05
4.762522e-05
4.757551e-05
4.752587e-05
4.747628e-05
4.742673e-05
4.737725e-05
4.732781e-05
4.727842e-05
4.722908e-05
4.717980e-05
4.713057e-05
4.708139e-05
4.703226e-05
4.698318e-05
4.693416e-05
4.688518e-05
4.683625e-05
4.678738e-05
4.673856e-05
4.668978e-05
4.664107e-05
4.659239e-05
4.654378e-05
4.649521e-05
4.644669e-05
4.639822e-05
4.634980e-05
4.630144e-05
4.625313e-05
4.620486e-05
4.615665e-05
4.610848e-05
4.606037e-05
4.601230e-05
4.596429e-05
4.591632e-05
4.586841e-05
4.582055e-05
4.577274e-05
4.572497e-05
4.567726e-05
4.562959e-05
4.558198e-05
4.553441e-05
4.548690e-05
4.543943e-05
4.539202e-05
4.534465e-05
4.529734e-05
4.525006e-05
4.520285e-05
4.515568e-05
4.510856e-05
4.506149e-05
4.501446e-05
4.496749e-05
4.492057e-05
4.487369e-05
4.482687e-05
4.478010e-05
4.473336e-05
4.468669e-05
4.464006e-05
4.459347e-05
4.454694e-05
4.450046e-05
4.445402e-05
4.440763e-05
4.436130e-05
4.431500e-05
4.426876e-05
4.422257e-05
4.417642e-05
4.413032e-05
4.408427e-05
4.403827e-05
4.399231e-05
4.394641e-05
4.390055e-05
4.385474e-05
4.380898e-05
4.376327e-05
4.371760e-05
4.367198e-05
4.362641e-05
4.358088e-05
4.353541e-05
4.348998e-05
4.344460e-05
4.339926e-05
4.335398e-05
4.330874e-05
4.326354e-05
4.321840e-05
4.317330e-05
4.312825e-05
4.308325e-05
4.303829e-05
4.299338e-05
4.294852e-05
4.290370e-05
4.285893e-05
4.281421e-05
4.276953e-05
4.272490e-05
4.268032e-05
4.263578e-05
4.259129e-05
4.254684e-05
4.250245e-05
4.245809e-05
4.241379e-05
4.236953e-05
4.232532e-05
4.228115e-05
4.223703e-05
4.219296e-05
4.214893e-05
4.210495e-05
4.206101e-05
4.201712e-05
4.197328e-05
4.192948e-05
4.188573e-05
4.184202e-05
4.179836e-05
4.175474e-05
4.171117e-05
4.166764e-05
4.162417e-05
4.158073e-05
4.153734e-05
4.149400e-05
4.145070e-05
4.140744e-05
4.136424e-05
4.132107e-05
4.127796e-05
4.123488e-05
4.119185e-05
4.114887e-05
4.110593e-05
4.106304e-05
4.102019e-05
4.097738e-05
4.093462e-05
4.089191e-05
4.084924e-05
4.080662e-05
4.076403e-05
4.072150e-05
4.067900e-05
4.063655e-05
4.059415e-05
4.055179e-05
4.050947e-05
4.046721e-05
4.042498e-05
4.038279e-05
4.034065e-05
4.029856e-05
4.025651e-05
4.021450e-05
4.017254e-05
4.013061e-05
4.008874e-05
4.004691e-05
4.000512e-05
3.996338e-05
3.992167e-05
3.988002e-05
3.983840e-05
3.979683e-05
3.975530e-05
3.971382e-05
3.967238e-05
3.963098e-05
3.958963e-05
3.954831e-05
3.950705e-05
3.946582e-05
3.942464e-05
3.938350e-05
3.934240e-05
3.930135e-05
3.926034e-05
3.921937e-05
3.917845e-05
3.913756e-05
3.909672e-05
3.905593e-05
3.901517e-05
3.897446e-05
3.893379e-05
3.889316e-05
3.885258e-05
3.881204e-05
3.877154e-05
3.873108e-05
3.869066e-05
3.865029e-05
3.860996e-05
3.856967e-05
3.852942e-05
3.848922e-05
3.844905e-05
3.840893e-05
3.836886e-05
3.832881e-05
3.828882e-05
3.824887e-05
3.820895e-05
3.816908e-05
3.812925e-05
3.808947e-05
3.804972e-05
3.801002e-05
3.797035e-05
3.793073e-05
3.789115e-05
3.785161e-05
3.781211e-05
3.777266e-05
3.773324e-05
3.769387e-05
3.765453e-05
3.761524e-05
3.757599e-05
3.753678e-05
3.749761e-05
3.745848e-05
3.741939e-05
3.738035e-05
3.734134e-05
3.730238e-05
3.726345e-05
3.722457e-05
3.718572e-05
3.714692e-05
3.710816e-05
3.706944e-05
3.703076e-05
3.699211e-05
3.695352e-05
3.691495e-05
3.687643e-05
3.683795e-05
3.679951e-05
3.676111e-05
3.672276e-05
3.668443e-05
3.664615e-05
3.660791e-05
3.656971e-05
3.653155e-05
3.649344e-05
3.645535e-05
3.641731e-05
3.637931e-05
3.634135e-05
3.630343e-05
3.626554e-05
3.622770e-05
3.618990e-05
3.615213e-05
3.611441e-05
3.607673e-05
3.603908e-05
3.600147e-05
3.596391e-05
3.592638e-05
3.588889e-05
3.585144e-05
3.581403e-05
3.577666e-05
3.573933e-05
3.570203e-05
3.566478e-05
3.562756e-05
3.559039e-05
3.555325e-05
3.551615e-05
3.547909e-05
3.544206e-05
3.540508e-05
3.536814e-05
3.533123e-05
3.529436e-05
3.525754e-05
3.522074e-05
3.518399e-05
3.514728e-05
3.511060e-05
3.507396e-05
3.503736e-05
3.500080e-05
3.496428e-05
3.492780e-05
3.489135e-05
3.485494e-05
3.481857e-05
3.478224e-05
3.474594e-05
3.470968e-05
3.467347e-05
3.463728e-05
3.460114e-05
3.456504e-05
3.452897e-05
3.449294e-05
3.445694e-05
3.442099e-05
3.438507e-05
3.434919e-05
3.431335e-05
3.427754e-05
3.424177e-05
3.420604e-05
3.417035e-05
3.413469e-05
3.409908e-05
3.406349e-05
3.402795e-05
3.399244e-05
3.395697e-05
3.392154e-05
3.388614e-05
3.385078e-05
3.381546e-05
3.378017e-05
3.374492e-05
3.370970e-05
3.367453e-05
3.363939e-05
3.360429e-05
3.356923e-05
3.353419e-05
3.349920e-05
3.346425e-05
3.342933e-05
3.339444e-05
3.335960e-05
3.332479e-05
3.329001e-05
3.325527e-05
3.322058e-05
3.318591e-05
3.315128e-05
3.311669e-05
3.308213e-05
3.304761e-05
3.301313e-05
3.297868e-05
3.294426e-05
3.290989e-05
3.287555e-05
3.284124e-05
3.280697e-05
3.277274e-05
3.273854e-05
3.270438e-05
3.267025e-05
3.263616e-05
3.260211e-05
3.256808e-05
3.253410e-05
3.250015e-05
3.246624e-05
3.243236e-05
3.239852e-05
3.236471e-05
3.233094e-05
3.229720e-05
3.226350e-05
3.222983e-05
3.219620e-05
3.216260e-05
3.212905e-05
3.209551e-05
3.206203e-05
3.202857e-05
3.199515e-05
3.196176e-05
3.192841e-05
3.189509e-05
3.186181e-05
3.182856e-05
3.179535e-05
3.176217e-05
3.172903e-05
3.169592e-05
3.166285e-05
3.162981e-05
3.159680e-05
3.156383e-05
3.153090e-05
3.149799e-05
3.146512e-05
3.143229e-05
3.139949e-05
3.136673e-05
3.133400e-05
3.130130e-05
3.126864e-05
3.123601e-05
3.120342e-05
3.117085e-05
3.113833e-05
3.110584e-05
3.107338e-05
3.104095e-05
3.100856e-05
3.097620e-05
3.094388e-05
3.091159e-05
3.087933e-05
3.084712e-05
3.081492e-05
3.078277e-05
3.075065e-05
3.071856e-05
3.068651e-05
3.065449e-05
3.062250e-05
3.059054e-05
3.055863e-05
3.052673e-05
3.049488e-05
3.046306e-05
3.043128e-05
3.039952e-05
3.036780e-05
3.033611e-05
3.030445e-05
3.027283e-05
3.024124e-05
3.020969e-05
3.017816e-05
3.014667e-05
3.011521e-05
3.008379e-05
3.005240e-05
3.002104e-05
2.998971e-05
2.995842e-05
2.992715e-05
2.989593e-05
2.986473e-05
2.983357e-05
2.980244e-05
2.977134e-05
2.974027e-05
2.970924e-05
2.967824e-05
2.964727e-05
2.961634e-05
2.958543e-05
2.955456e-05
2.952372e-05
2.949291e-05
2.946213e-05
2.943139e-05
2.940068e-05
2.937000e-05
2.933935e-05
2.930874e-05
2.927816e-05
2.924760e-05
2.921709e-05
2.918660e-05
2.915614e-05
2.912572e-05
2.909532e-05
2.906496e-05
2.903464e-05
2.900434e-05
2.897407e-05
2.894384e-05
2.891363e-05
2.888347e-05
2.885332e-05
2.882322e-05
2.879314e-05
2.876309e-05
2.873309e-05
2.870310e-05
2.867315e-05
2.864323e-05
2.861334e-05
2.858348e-05
2.855366e-05
2.852386e-05
2.849410e-05
2.846436e-05
2.843466e-05
2.840499e-05
2.837535e-05
2.834574e-05
2.831616e-05
2.828661e-05
2.825710e-05
2.822761e-05
2.819816e-05
2.816873e-05
2.813934e-05
2.810998e-05
2.808064e-05
2.805134e-05
2.802207e-05
2.799283e-05
2.796362e-05
2.793444e-05
2.790529e-05
2.787617e-05
2.784708e-05
2.781803e-05
2.778900e-05
2.776000e-05
2.773104e-05
2.770210e-05
2.767319e-05
2.764431e-05
2.761547e-05
2.758665e-05
2.755786e-05
2.752911e-05
2.750038e-05
2.747169e-05
2.744302e-05
2.741438e-05
2.738578e-05
2.735720e-05
2.732865e-05
2.730014e-05
2.727165e-05
2.724319e-05
2.721477e-05
2.718636e-05
2.715800e-05
2.712966e-05
2.710135e-05
2.707307e-05
2.704482e-05
2.701660e-05
2.698841e-05
2.696024e-05
2.693211e-05
2.690401e-05
2.687594e-05
2.684789e-05
2.681988e-05
2.679189e-05
2.676393e-05
2.673600e-05
2.670811e-05
2.668024e-05
2.665240e-05
2.662458e-05
2.659680e-05
2.656905e-05
2.654132e-05
2.651363e-05
2.648596e-05
2.645833e-05
2.643072e-05
2.640314e-05
2.637559e-05
2.634806e-05
2.632057e-05
2.629310e-05
2.626567e-05
2.623826e-05
2.621088e-05
2.618353e-05
2.615621e-05
2.612892e-05
2.610165e-05
2.607441e-05
2.604721e-05
2.602002e-05
2.599287e-05
2.596575e-05
2.593865e-05
2.591159e-05
2.588455e-05
2.585754e-05
2.583056e-05
2.580360e-05
2.577668e-05
2.574978e-05
2.572291e-05
2.569607e-05
2.566926e-05
2.564247e-05
2.561571e-05
2.558898e-05
2.556228e-05
2.553561e-05
2.550896e-05
2.548234e-05
2.545576e-05
2.542919e-05
2.540266e-05
2.537615e-05
2.534967e-05
2.532322e-05
2.529679e-05
2.527040e-05
2.524403e-05
2.521768e-05
2.519137e-05
2.516509e-05
2.513882e-05
2.511259e-05
2.508639e-05
2.506021e-05
2.503406e-05
2.500794e-05
2.498184e-05
2.495578e-05
2.492973e-05
2.490372e-05
2.487774e-05
2.485177e-05
2.482584e-05
2.479994e-05
2.477406e-05
2.474821e-05
2.472238e-05
2.469659e-05
2.467081e-05
2.464507e-05
2.461935e-05
2.459366e-05
2.456800e-05
2.454237e-05
2.451675e-05
2.449118e-05
2.446562e-05
2.444009e-05
2.441458e-05
2.438911e-05
2.436366e-05
2.433823e-05
2.431284e-05
2.428747e-05
2.426213e-05
2.423681e-05
2.421152e-05
2.418625e-05
2.416101e-05
2.413580e-05
2.411062e-05
2.408546e-05
2.406033e-05
2.403522e-05
2.401014e-05
2.398509e-05
2.396006e-05
2.393506e-05
2.391008e-05
2.388513e-05
2.386021e-05
2.383531e-05
2.381044e-05
2.378559e-05
2.376077e-05
2.373598e-05
2.371121e-05
2.368646e-05
2.366175e-05
2.363706e-05
2.361239e-05
2.358776e-05
2.356314e-05
2.353855e-05
2.351399e-05
2.348945e-05
2.346495e-05
2.344046e-05
2.341600e-05
2.339157e-05
2.336716e-05
2.334278e-05
2.331842e-05
2.329408e-05
2.326978e-05
2.324549e-05
2.322124e-05
2.319701e-05
2.317280e-05
2.314862e-05
2.312447e-05
2.310034e-05
2.307623e-05
2.305215e-05
2.302810e-05
2.300407e-05
2.298006e-05
2.295609e-05
2.293213e-05
2.290820e-05
2.288430e-05
2.286042e-05
2.283656e-05
2.281273e-05
2.278893e-05
2.276515e-05
2.274140e-05
2.271766e-05
2.269396e-05
2.267028e-05
2.264662e-05
2.262299e-05
2.259938e-05
2.257580e-05
2.255224e-05
2.252871e-05
2.250521e-05
2.248172e-05
2.245826e-05
2.243482e-05
2.241142e-05
2.238803e-05
2.236467e-05
2.234133e-05
2.231802e-05
2.229473e-05
2.227147e-05
2.224822e-05
2.222501e-05
2.220182e-05
2.217865e-05
2.215551e-05
2.213239e-05
2.210930e-05
2.208622e-05
2.206318e-05
2.204015e-05
2.201716e-05
2.199418e-05
2.197123e-05
2.194830e-05
2.192540e-05
2.190252e-05
2.187967e-05
2.185684e-05
2.183403e-05
2.181125e-05
2.178849e-05
2.176575e-05
2.174304e-05
2.172035e-05
2.169768e-05
2.167504e-05
2.165243e-05
2.162983e-05
2.160726e-05
2.158472e-05
2.156219e-05
2.153969e-05
2.151721e-05
2.149476e-05
2.147233e-05
2.144993e-05
2.142754e-05
2.140518e-05
2.138285e-05
2.136054e-05
2.133825e-05
2.131598e-05
2.129374e-05
2.127152e-05
2.124932e-05
2.122715e-05
2.120500e-05
2.118287e-05
2.116077e-05
2.113869e-05
2.111663e-05
2.109459e-05
2.107258e-05
2.105059e-05
2.102863e-05
2.100668e-05
2.098477e-05
2.096287e-05
2.094099e-05
2.091914e-05
2.089731e-05
2.087551e-05
2.085372e-05
2.083196e-05
2.081023e-05
2.078851e-05
2.076682e-05
2.074515e-05
2.072350e-05
2.070188e-05
2.068027e-05
2.065869e-05
2.063714e-05
2.061561e-05
2.059409e-05
2.057260e-05
2.055113e-05
2.052969e-05
2.050827e-05
2.048687e-05
2.046549e-05
2.044414e-05
2.042280e-05
2.040149e-05
2.038020e-05
2.035893e-05
2.033769e-05
2.031647e-05
2.029527e-05
2.027409e-05
2.025293e-05
2.023180e-05
2.021069e-05
2.018960e-05
2.016853e-05
2.014749e-05
2.012647e-05
2.010546e-05
2.008448e-05
2.006353e-05
2.004259e-05
2.002168e-05
2.000078e-05
1.997991e-05
1.995907e-05
1.993824e-05
1.991743e-05
1.989665e-05
1.987588e-05
1.985515e-05
1.983443e-05
1.981373e-05
1.979306e-05
1.977240e-05
1.975177e-05
1.973116e-05
1.971057e-05
1.969000e-05
1.966946e-05
1.964893e-05
1.962843e-05
1.960795e-05
1.958748e-05
1.956705e-05
1.954663e-05
1.952623e-05
1.950586e-05
1.948550e-05
1.946517e-05
1.944486e-05
1.942457e-05
1.940430e-05
1.938405e-05
1.936382e-05
1.934362e-05
1.932343e-05
1.930327e-05
1.928313e-05
1.926301e-05
1.924291e-05
1.922283e-05
1.920277e-05
1.918273e-05
1.916271e-05
1.914271e-05
1.912274e-05
1.910279e-05
1.908285e-05
1.906294e-05
1.904305e-05
1.902318e-05
1.900333e-05
1.898350e-05
1.896369e-05
1.894390e-05
1.892413e-05
1.890439e-05
1.888466e-05
1.886495e-05
1.884527e-05
1.882560e-05
1.880596e-05
1.878634e-05
1.876673e-05
1.874715e-05
1.872759e-05
1.870804e-05
1.868852e-05
1.866902e-05
1.864954e-05
1.863008e-05
1.861064e-05
1.859122e-05
1.857182e-05
1.855244e-05
1.853309e-05
1.851374e-05
1.849443e-05
1.847513e-05
1.845585e-05
1.843659e-05
1.841735e-05
1.839813e-05
1.837894e-05
1.835976e-05
1.834060e-05
1.832146e-05
1.830234e-05
1.828325e-05
1.826417e-05
1.824511e-05
1.822607e-05
1.820705e-05
1.818805e-05
1.816908e-05
1.815011e-05
1.813118e-05
1.811226e-05
1.809336e-05
1.807448e-05
1.805562e-05
1.803678e-05
1.801796e-05
1.799915e-05
1.798037e-05
1.796161e-05
1.794287e-05
1.792414e-05
1.790544e-05
1.788676e-05
1.786809e-05
1.784945e-05
1.783082e-05
1.781221e-05
1.779363e-05
1.777506e-05
1.775651e-05
1.773799e-05
1.771947e-05
1.770098e-05
1.768252e-05
1.766406e-05
1.764563e-05
1.762722e-05
1.760883e-05
1.759045e-05
1.757210e-05
1.755376e-05
1.753544e-05
1.751714e-05
1.749886e-05
1.748060e-05
1.746237e-05
1.744414e-05
1.742594e-05
1.740775e-05
1.738959e-05
1.737144e-05
1.735332e-05
1.733521e-05
1.731712e-05
1.729905e-05
1.728100e-05
1.726296e-05
1.724496e-05
1.722696e-05
1.720899e-05
1.719103e-05
1.717308e-05
1.715517e-05
1.713726e-05
1.711938e-05
1.710152e-05
1.708367e-05
1.706585e-05
1.704804e-05
1.703025e-05
1.701248e-05
1.699473e-05
1.697700e-05
1.695928e-05
1.694158e-05
1.692391e-05
1.690624e-05
1.688860e-05
1.687098e-05
1.685338e-05
1.683579e-05
1.681822e-05
1.680067e-05
1.678314e-05
1.676563e-05
1.674814e-05
1.673066e-05
1.671320e-05
1.669576e-05
1.667834e-05
1.666093e-05
1.664355e-05
1.662618e-05
1.660883e-05
1.659150e-05
1.657419e-05
1.655689e-05
1.653962e-05
1.652236e-05
1.650512e-05
1.648789e-05
1.647069e-05
1.645350e-05
1.643634e-05
1.641918e-05
1.640205e-05
1.638493e-05
1.636784e-05
1.635076e-05
1.633369e-05
1.631665e-05
1.629963e-05
1.628262e-05
1.626563e-05
1.624865e-05
1.623170e-05
1.621476e-05
1.619784e-05
1.618094e-05
1.616405e-05
1.614719e-05
1.613034e-05
1.611351e-05
1.609669e-05
1.607989e-05
1.606312e-05
1.604635e-05
1.602961e-05
1.601288e-05
1.599618e-05
1.597949e-05
1.596281e-05
1.594615e-05
1.592951e-05
1.591289e-05
1.589629e-05
1.587970e-05
1.586313e-05
1.584657e-05
1.583004e-05
1.581352e-05
1.579702e-05
1.578054e-05
1.576407e-05
1.574762e-05
1.573119e-05
1.571477e-05
1.569837e-05
1.568199e-05
1.566563e-05
1.564928e-05
1.563295e-05
1.561664e-05
1.560034e-05
1.558407e-05
1.556780e-05
1.555156e-05
1.553533e-05
1.551912e-05
1.550293e-05
1.548675e-05
1.547059e-05
1.545445e-05
1.543832e-05
1.542221e-05
1.540612e-05
1.539004e-05
1.537398e-05
1.535794e-05
1.534191e-05
1.532591e-05
1.530991e-05
1.529394e-05
1.527798e-05
1.526204e-05
1.524611e-05
1.523020e-05
1.521431e-05
1.519843e-05
1.518257e-05
1.516673e-05
1.515091e-05
1.513509e-05
1.511930e-05
1.510352e-05
1.508776e-05
1.507202e-05
1.505630e-05
1.504058e-05
1.502489e-05
1.500921e-05
1.499355e-05
1.497790e-05
1.496227e-05
1.494666e-05
1.493106e-05
1.491548e-05
1.489992e-05
1.488437e-05
1.486884e-05
1.485333e-05
1.483783e-05
1.482234e-05
1.480688e-05
1.479143e-05
1.477599e-05
1.476057e-05
1.474517e-05
1.472978e-05
1.471441e-05
1.469906e-05
1.468372e-05
1.466840e-05
1.465309e-05
1.463780e-05
1.462253e-05
1.460727e-05
1.459203e-05
1.457680e-05
1.456159e-05
1.454640e-05
1.453122e-05
1.451605e-05
1.450091e-05
1.448578e-05
1.447066e-05
1.445556e-05
1.444047e-05
1.442541e-05
1.441036e-05
1.439532e-05
1.438030e-05
1.436529e-05
1.435030e-05
1.433533e-05
1.432037e-05
1.430542e-05
1.429050e-05
1.427558e-05
1.426069e-05
1.424581e-05
1.423094e-05
1.421610e-05
1.420126e-05
1.418644e-05
1.417164e-05
1.415685e-05
1.414208e-05
1.412732e-05
1.411258e-05
1.409785e-05
1.408314e-05
1.406844e-05
1.405377e-05
1.403910e-05
1.402445e-05
1.400982e-05
1.399520e-05
1.398059e-05
1.396600e-05
1.395143e-05
1.393688e-05
1.392233e-05
1.390781e-05
1.389329e-05
1.387879e-05
1.386431e-05
1.384984e-05
1.383539e-05
1.382096e-05
1.380653e-05
1.379213e-05
1.377773e-05
1.376336e-05
1.374900e-05
1.373465e-05
1.372032e-05
1.370600e-05
1.369169e-05
1.367741e-05
1.366314e-05
1.364888e-05
1.363464e-05
1.362041e-05
1.360620e-05
1.359200e-05
1.357782e-05
1.356365e-05
1.354950e-05
1.353536e-05
1.352123e-05
1.350713e-05
1.349303e-05
1.347895e-05
1.346489e-05
1.345083e-05
1.343680e-05
1.342278e-05
1.340877e-05
1.339478e-05
1.338080e-05
1.336684e-05
1.335289e-05
1.333896e-05
1.332504e-05
1.331113e-05
1.329725e-05
1.328337e-05
1.326951e-05
1.325566e-05
1.324183e-05
1.322801e-05
1.321421e-05
1.320042e-05
1.318665e-05
1.317289e-05
1.315914e-05
1.314541e-05
1.313169e-05
1.311799e-05
1.310430e-05
1.309063e-05
1.307697e-05
1.306333e-05
1.304969e-05
1.303607e-05
1.302247e-05
1.300888e-05
1.299531e-05
1.298175e-05
1.296820e-05
1.295467e-05
1.294115e-05
1.292765e-05
1.291416e-05
1.290069e-05
1.288722e-05
1.287377e-05
1.286034e-05
1.284692e-05
1.283352e-05
1.282012e-05
1.280675e-05
1.279338e-05
1.278003e-05
1.276670e-05
1.275337e-05
1.274007e-05
1.272677e-05
1.271349e-05
1.270023e-05
1.268697e-05
1.267373e-05
1.266051e-05
1.264730e-05
1.263410e-05
1.262092e-05
1.260775e-05
1.259460e-05
1.258145e-05
1.256832e-05
1.255521e-05
1.254211e-05
1.252902e-05
1.251594e-05
1.250288e-05
1.248984e-05
1.247680e-05
1.246379e-05
1.245078e-05
1.243779e-05
1.242481e-05
1.241185e-05
1.239889e-05
1.238596e-05
1.237303e-05
1.236012e-05
1.234722e-05
1.233434e-05
1.232147e-05
1.230861e-05
1.229576e-05
1.228294e-05
1.227012e-05
1.225731e-05
1.224452e-05
1.223175e-05
1.221898e-05
1.220623e-05
1.219350e-05
1.218077e-05
1.216806e-05
1.215537e-05
1.214268e-05
1.213001e-05
1.211735e-05
1.210471e-05
1.209208e-05
1.207946e-05
1.206686e-05
1.205426e-05
1.204169e-05
1.202912e-05
1.201657e-05
1.200403e-05
1.199150e-05
1.197899e-05
1.196649e-05
1.195401e-05
1.194153e-05
1.192907e-05
1.191662e-05
1.190419e-05
1.189176e-05
1.187936e-05
1.186696e-05
1.185458e-05
1.184221e-05
1.182985e-05
1.181750e-05
1.180518e-05
1.179286e-05
1.178055e-05
1.176826e-05
1.175598e-05
1.174371e-05
1.173146e-05
1.171921e-05
1.170699e-05
1.169477e-05
1.168256e-05
1.167038e-05
1.165820e-05
1.164603e-05
1.163388e-05
1.162174e-05
1.160962e-05
1.159750e-05
1.158540e-05
1.157331e-05
1.156123e-05
1.154917e-05
1.153712e-05
1.152507e-05
1.151305e-05
1.150104e-05
1.148904e-05
1.147705e-05
1.146507e-05
1.145311e-05
1.144116e-05
1.142922e-05
1.141729e-05
1.140538e-05
1.139348e-05
1.138159e-05
1.136971e-05
1.135785e-05
1.134600e-05
1.133416e-05
1.132233e-05
1.131052e-05
1.129871e-05
1.128693e-05
1.127514e-05
1.126338e-05
1.125163e-05
1.123988e-05
1.122816e-05
1.121644e-05
1.120474e-05
1.119305e-05
1.118136e-05
1.116970e-05
1.115804e-05
1.114640e-05
1.113477e-05
1.112315e-05
1.111154e-05
1.109995e-05
1.108836e-05
1.107679e-05
1.106524e-05
1.105369e-05
1.104216e-05
1.103063e-05
1.101912e-05
1.100763e-05
1.099614e-05
1.098467e-05
1.097320e-05
1.096175e-05
1.095031e-05
1.093889e-05
1.092747e-05
1.091607e-05
1.090468e-05
1.089330e-05
1.088193e-05
1.087058e-05
1.085924e-05
1.084790e-05
1.083658e-05
1.082528e-05
1.081398e-05
1.080269e-05
1.079142e-05
1.078016e-05
1.076891e-05
1.075768e-05
1.074645e-05
1.073524e-05
1.072404e-05
1.071284e-05
1.070167e-05
1.069050e-05
1.067935e-05
1.066820e-05
1.065707e-05
1.064595e-05
1.063484e-05
1.062374e-05
1.061266e-05
1.060158e-05
1.059052e-05
1.057947e-05
1.056843e-05
1.055740e-05
1.054639e-05
1.053538e-05
1.052439e-05
1.051340e-05
1.050243e-05
1.049147e-05
1.048053e-05
1.046959e-05
1.045866e-05
1.044775e-05
1.043685e-05
1.042596e-05
1.041508e-05
1.040421e-05
1.039336e-05
1.038251e-05
1.037168e-05
1.036085e-05
1.035005e-05
1.033924e-05
1.032845e-05
1.031768e-05
1.030691e-05
1.029616e-05
1.028541e-05
1.027468e-05
1.026396e-05
1.025325e-05
1.024255e-05
1.023186e-05
1.022118e-05
1.021052e-05
1.019986e-05
1.018922e-05
1.017859e-05
1.016796e-05
1.015736e-05
1.014676e-05
1.013617e-05
1.012559e-05
1.011503e-05
1.010447e-05
1.009393e-05
1.008339e-05
1.007287e-05
1.006236e-05
1.005186e-05
1.004137e-05
1.003090e-05
1.002043e-05
1.000997e-05
9.999527e-06
9.989093e-06
9.978668e-06
9.968257e-06
9.957854e-06
9.947464e-06
9.937082e-06
9.926715e-06
9.916358e-06
9.906007e-06
9.895672e-06
9.885347e-06
9.875030e-06
9.864725e-06
9.854436e-06
9.844148e-06
9.833878e-06
9.823617e-06
9.813365e-06
9.803125e-06
9.792898e-06
9.782676e-06
9.772468e-06
9.762273e-06
9.752084e-06
9.741908e-06
9.731746e-06
9.721587e-06
9.711445e-06
9.701311e-06
9.691186e-06
9.681077e-06
9.670973e-06
9.660881e-06
9.650801e-06
9.640729e-06
9.630671e-06
9.620620e-06
9.610581e-06
9.600553e-06
9.590535e-06
9.580528e-06
9.570531e-06
9.560544e-06
9.550568e-06
9.540602e-06
9.530646e-06
9.520701e-06
9.510766e-06
9.500844e-06
9.490928e-06
9.481026e-06
9.471130e-06
9.461251e-06
9.451375e-06
9.441515e-06
9.431661e-06
9.421820e-06
9.411988e-06
9.402167e-06
9.392358e-06
9.382554e-06
9.372766e-06
9.362985e-06
9.353213e-06
9.343456e-06
9.333705e-06
9.323966e-06
9.314237e-06
9.304515e-06
9.294809e-06
9.285109e-06
9.275419e-06
9.265742e-06
9.256070e-06
9.246415e-06
9.236764e-06
9.227126e-06
9.217499e-06
9.207882e-06
9.198272e-06
9.188673e-06
9.179086e-06
9.169507e-06
9.159940e-06
9.150381e-06
9.140832e-06
9.131296e-06
9.121765e-06
9.112247e-06
9.102741e-06
9.093240e-06
9.083752e-06
9.074274e-06
9.064803e-06
9.055346e-06
9.045898e-06
9.036456e-06
9.027029e-06
9.017610e-06
9.008198e-06
8.998798e-06
8.989410e-06
8.980026e-06
8.970659e-06
8.961297e-06
8.951947e-06
8.942605e-06
8.933273e-06
8.923952e-06
8.914642e-06
8.905336e-06
8.896045e-06
8.886763e-06
8.877488e-06
8.868226e-06
8.858971e-06
8.849729e-06
8.840494e-06
8.831267e-06
8.822053e-06
8.812846e-06
8.803651e-06
8.794466e-06
8.785287e-06
8.776121e-06
8.766962e-06
8.757817e-06
8.748675e-06
8.739548e-06
8.730428e-06
8.721316e-06
8.712218e-06
8.703125e-06
8.694045e-06
8.684972e-06
8.675909e-06
8.666859e-06
8.657812e-06
8.648779e-06
8.639754e-06
8.630738e-06
8.621730e-06
8.612738e-06
8.603746e-06
8.594771e-06
8.585802e-06
8.576844e-06
8.567893e-06
8.558953e-06
8.550020e-06
8.541103e-06
8.532188e-06
8.523282e-06
8.514392e-06
8.505506e-06
8.496630e-06
8.487764e-06
8.478908e-06
8.470061e-06
8.461222e-06
8.452391e-06
8.443575e-06
8.434760e-06
8.425962e-06
8.417168e-06
8.408384e-06
8.399612e-06
8.390845e-06
8.382091e-06
8.373342e-06
8.364609e-06
8.355876e-06
8.347159e-06
8.338449e-06
8.329748e-06
8.321056e-06
8.312374e-06
8.303698e-06
8.295034e-06
8.286379e-06
8.277731e-06
8.269096e-06
8.260464e-06
8.251848e-06
8.243232e-06
8.234634e-06
8.226043e-06
8.217456e-06
8.208882e-06
8.200318e-06
8.191758e-06
8.183213e-06
8.174674e-06
8.166143e-06
8.157620e-06
8.149110e-06
8.140606e-06
8.132109e-06
8.123626e-06
8.115150e-06
8.106680e-06
8.098221e-06
8.089771e-06
8.081329e-06
8.072897e-06
8.064475e-06
8.056056e-06
8.047650e-06
8.039258e-06
8.030864e-06
8.022484e-06
8.014115e-06
8.005751e-06
7.997397e-06
7.989051e-06
7.980715e-06
7.972389e-06
7.964069e-06
7.955758e-06
7.947458e-06
7.939160e-06
7.930883e-06
7.922604e-06
7.914333e-06
7.906081e-06
7.897827e-06
7.889589e-06
7.881352e-06
7.873132e-06
7.864915e-06
7.856709e-06
7.848508e-06
7.840320e-06
7.832139e-06
7.823966e-06
7.815802e-06
7.807644e-06
7.799501e-06
7.791360e-06
7.783232e-06
7.775108e-06
7.766996e-06
7.758893e-06
7.750793e-06
7.742705e-06
7.734630e-06
7.726557e-06
7.718493e-06
7.710441e-06
7.702392e-06
7.694358e-06
7.686329e-06
7.678308e-06
7.670294e-06
7.662292e-06
7.654295e-06
7.646310e-06
7.638329e-06
7.630359e-06
7.622400e-06
7.614439e-06
7.606500e-06
7.598560e-06
7.590630e-06
7.582714e-06
7.574798e-06
7.566891e-06
7.559003e-06
7.551109e-06
7.543231e-06
7.535360e-06
7.527495e-06
7.519645e-06
7.511794e-06
7.503959e-06
7.496126e-06
7.488305e-06
7.480492e-06
7.472687e-06
7.464887e-06
7.457097e-06
7.449317e-06
7.441544e-06
7.433778e-06
7.426023e-06
7.418273e-06
7.410531e-06
7.402800e-06
7.395075e-06
7.387357e-06
7.379648e-06
7.371951e-06
7.364256e-06
7.356572e-06
7.348895e-06
7.341228e-06
7.333566e-06
7.325915e-06
7.318270e-06
7.310632e-06
7.303005e-06
7.295383e-06
7.287773e-06
7.280166e-06
7.272568e-06
7.264982e-06
7.257401e-06
7.249828e-06
7.242260e-06
7.234707e-06
7.227155e-06
7.219616e-06
7.212079e-06
7.204556e-06
7.197037e-06
7.189528e-06
7.182026e-06
7.174530e-06
7.167044e-06
7.159567e-06
7.152095e-06
7.144632e-06
7.137176e-06
7.129728e-06
7.122290e-06
7.114859e-06
7.107430e-06
7.100019e-06
7.092606e-06
7.085206e-06
7.077814e-06
7.070430e-06
7.063050e-06
7.055678e-06
7.048320e-06
7.040962e-06
7.033616e-06
7.026275e-06
7.018944e-06
7.011622e-06
7.004304e-06
6.996993e-06
6.989697e-06
6.982398e-06
6.975114e-06
6.967837e-06
6.960562e-06
6.953303e-06
6.946049e-06
6.938796e-06
6.931556e-06
6.924324e-06
6.917101e-06
6.909881e-06
6.902671e-06
6.895469e-06
6.888272e-06
6.881084e-06
6.873907e-06
6.866731e-06
6.859567e-06
6.852409e-06
6.845259e-06
6.838115e-06
6.830979e-06
6.823854e-06
6.816731e-06
6.809617e-06
6.802515e-06
6.795415e-06
6.788323e-06
6.781239e-06
6.774165e-06
6.767096e-06
6.760033e-06
6.752979e-06
6.745935e-06
6.738893e-06
6.731862e-06
6.724837e-06
6.717821e-06
6.710811e-06
6.703807e-06
6.696811e-06
6.689827e-06
6.682842e-06
6.675870e-06
6.668903e-06
6.661947e-06
6.654992e-06
6.648051e-06
6.641112e-06
6.634183e-06
6.627260e-06
6.620343e-06
6.613438e-06
6.606534e-06
6.599641e-06
6.592753e-06
6.585878e-06
6.579002e-06
6.572137e-06
6.565279e-06
6.558432e-06
6.551585e-06
6.544750e-06
6.537920e-06
6.531095e-06
6.524286e-06
6.517473e-06
6.510675e-06
6.503881e-06
6.497092e-06
6.490315e-06
6.483543e-06
6.476774e-06
6.470017e-06
6.463267e-06
6.456523e-06
6.449784e-06
6.443053e-06
6.436333e-06
6.429614e-06
6.422906e-06
6.416204e-06
6.409508e-06
6.402820e-06
6.396139e-06
6.389464e-06
6.382799e-06
6.376138e-06
6.369483e-06
6.362836e-06
6.356198e-06
6.349565e-06
6.342937e-06
6.336323e-06
6.329707e-06
6.323103e-06
6.316508e-06
6.309915e-06
6.303331e-06
6.296755e-06
6.290180e-06
6.283621e-06
6.277060e-06
6.270512e-06
6.263968e-06
6.257435e-06
6.250900e-06
6.244383e-06
6.237863e-06
6.231353e-06
6.224854e-06
6.218360e-06
6.211868e-06
6.205387e-06
6.198912e-06
6.192443e-06
6.185981e-06
6.179527e-06
6.173077e-06
6.166639e-06
6.160201e-06
6.153775e-06
6.147351e-06
6.140938e-06
6.134531e-06
6.128128e-06
6.121737e-06
6.115346e-06
6.108964e-06
6.102592e-06
6.096224e-06
6.089860e-06
6.083506e-06
6.077158e-06
6.070817e-06
6.064482e-06
6.058155e-06
6.051833e-06
6.045517e-06
6.039210e-06
6.032906e-06
6.026612e-06
6.020325e-06
6.014041e-06
6.007766e-06
6.001496e-06
5.995236e-06
5.988976e-06
5.982731e-06
5.976486e-06
5.970248e-06
5.964023e-06
5.957796e-06
5.951578e-06
5.945372e-06
5.939166e-06
5.932966e-06
5.926777e-06
5.920594e-06
5.914413e-06
5.908243e-06
5.902078e-06
5.895919e-06
5.889768e-06
5.883620e-06
5.877482e-06
5.871347e-06
5.865224e-06
5.859100e-06
5.852989e-06
5.846880e-06
5.840779e-06
5.834684e-06
5.828595e-06
5.822514e-06
5.816439e-06
5.810369e-06
5.804308e-06
5.798249e-06
5.792199e-06
5.786156e-06
5.780116e-06
5.774088e-06
5.768059e-06
5.762042e-06
5.756030e-06
5.750023e-06
5.744023e-06
5.738030e-06
5.732041e-06
5.726059e-06
5.720087e-06
5.714114e-06
5.708153e-06
5.702200e-06
5.696245e-06
5.690304e-06
5.684368e-06
5.678430e-06
5.672511e-06
5.666589e-06
5.660677e-06
5.654769e-06
5.648868e-06
5.642976e-06
5.637086e-06
5.631203e-06
5.625330e-06
5.619455e-06
5.613596e-06
5.607736e-06
5.601884e-06
5.596041e-06
5.590199e-06
5.584368e-06
5.578538e-06
5.572721e-06
5.566903e-06
5.561094e-06
5.555292e-06
5.549494e-06
5.543704e-06
5.537919e-06
5.532143e-06
5.526366e-06
5.520602e-06
5.514842e-06
5.509084e-06
5.503339e-06
5.497596e-06
5.491858e-06
5.486128e-06
5.480401e-06
5.474688e-06
5.468968e-06
5.463265e-06
5.457564e-06
5.451869e-06
5.446180e-06
5.440498e-06
5.434819e-06
5.429149e-06
5.423486e-06
5.417821e-06
5.412172e-06
5.406521e-06
5.400885e-06
5.395245e-06
5.389618e-06
5.383991e-06
5.378374e-06
5.372762e-06
5.367154e-06
5.361557e-06
5.355960e-06
5.350372e-06
5.344789e-06
5.339211e-06
5.333640e-06
5.328073e-06
5.322515e-06
5.316960e-06
5.311414e-06
5.305869e-06
5.300334e-06
5.294802e-06
5.289279e-06
5.283759e-06
5.278244e-06
5.272739e-06
5.267234e-06
5.261740e-06
5.256248e-06
5.250765e-06
5.245284e-06
5.239812e-06
5.234343e-06
5.228881e-06
5.223425e-06
5.217978e-06
5.212528e-06
5.207091e-06
5.201659e-06
5.196228e-06
5.190809e-06
5.185389e-06
5.179982e-06
5.174573e-06
5.169175e-06
5.163781e-06
5.158392e-06
5.153012e-06
5.147632e-06
5.142264e-06
5.136894e-06
5.131536e-06
5.126182e-06
5.120832e-06
5.115488e-06
5.110151e-06
5.104818e-06
5.099491e-06
5.094169e-06
5.088856e-06
5.083544e-06
5.078239e-06
5.072943e-06
5.067647e-06
5.062360e-06
5.057074e-06
5.051802e-06
5.046527e-06
5.041263e-06
5.036003e-06
5.030748e-06
5.025495e-06
5.020257e-06
5.015014e-06
5.009782e-06
5.004553e-06
4.999333e-06
4.994114e-06
4.988904e-06
4.983698e-06
4.978497e-06
4.973305e-06
4.968111e-06
4.962931e-06
4.957751e-06
4.952576e-06
4.947409e-06
4.942246e-06
4.937092e-06
4.931937e-06
4.926791e-06
4.921651e-06
4.916514e-06
4.911383e-06
4.906262e-06
4.901139e-06
4.896026e-06
4.890917e-06
4.885812e-06
4.880718e-06
4.875621e-06
4.870533e-06
4.865453e-06
4.860374e-06
4.855305e-06
4.850238e-06
4.845173e-06
4.840123e-06
4.835069e-06
4.830024e-06
4.824985e-06
4.819949e-06
4.814919e-06
4.809896e-06
4.804876e-06
4.799863e-06
4.794853e-06
4.789851e-06
4.784854e-06
4.779859e-06
4.774871e-06
4.769890e-06
4.764912e-06
4.759939e-06
4.754974e-06
4.750014e-06
4.745053e-06
4.740104e-06
4.735157e-06
4.730215e-06
4.725281e-06
4.720350e-06
4.715425e-06
4.710503e-06
4.705589e-06
4.700677e-06
4.695773e-06
4.690872e-06
4.685979e-06
4.681090e-06
4.676202e-06
4.671324e-06
4.666452e-06
4.661580e-06
4.656716e-06
4.651859e-06
4.647001e-06
4.642153e-06
4.637311e-06
4.632472e-06
4.627636e-06
4.622809e-06
4.617984e-06
4.613164e-06
4.608351e-06
4.603544e-06
4.598740e-06
4.593939e-06
4.589147e-06
4.584360e-06
4.579572e-06
4.574798e-06
4.570022e-06
4.565253e-06
4.560490e-06
4.555732e-06
4.550977e-06
4.546226e-06
4.541486e-06
4.536745e-06
4.532011e-06
4.527283e-06
4.522557e-06
4.517839e-06
4.513125e-06
4.508416e-06
4.503712e-06
4.499011e-06
4.494316e-06
4.489627e-06
4.484944e-06
4.480261e-06
4.475588e-06
4.470917e-06
4.466252e-06
4.461590e-06
4.456935e-06
4.452285e-06
4.447640e-06
4.442995e-06
4.438364e-06
4.433729e-06
4.429104e-06
4.424482e-06
4.419864e-06
4.415255e-06
4.410643e-06
4.406046e-06
4.401446e-06
4.396852e-06
4.392267e-06
4.387682e-06
4.383103e-06
4.378531e-06
4.373961e-06
4.369395e-06
4.364838e-06
4.360281e-06
4.355733e-06
4.351187e-06
4.346649e-06
4.342111e-06
4.337580e-06
4.333054e-06
4.328533e-06
4.324016e-06
4.319507e-06
4.314996e-06
4.310494e-06
4.305995e-06
4.301503e-06
4.297017e-06
4.292530e-06
4.288050e-06
4.283578e-06
4.279106e-06
4.274643e-06
4.270183e-06
4.265723e-06
4.261275e-06
4.256830e-06
4.252384e-06
4.247952e-06
4.243516e-06
4.239087e-06
4.234663e-06
4.230248e-06
4.225832e-06
4.221419e-06
4.217020e-06
4.212615e-06
4.208221e-06
4.203829e-06
4.199442e-06
4.195062e-06
4.190683e-06
4.186311e-06
4.181941e-06
4.177579e-06
4.173219e-06
4.168866e-06
4.164514e-06
4.160168e-06
4.155828e-06
4.151492e-06
4.147159e-06
4.142833e-06
4.138507e-06
4.134192e-06
4.129875e-06
4.125568e-06
4.121262e-06
4.116960e-06
4.112667e-06
4.108373e-06
4.104087e-06
4.099806e-06
4.095525e-06
4.091253e-06
4.086985e-06
4.082719e-06
4.078457e-06
4.074202e-06
4.069953e-06
4.065704e-06
4.061464e-06
4.057225e-06
4.052991e-06
4.048760e-06
4.044538e-06
4.040315e-06
4.036100e-06
4.031889e-06
4.027680e-06
4.023480e-06
4.019279e-06
4.015086e-06
4.010899e-06
4.006712e-06
4.002529e-06
3.998354e-06
3.994182e-06
3.990014e-06
3.985850e-06
3.981689e-06
3.977537e-06
3.973385e-06
3.969240e-06
3.965099e-06
3.960958e-06
3.956828e-06
3.952699e-06
3.948573e-06
3.944454e-06
3.940336e-06
3.936225e-06
3.932122e-06
3.928012e-06
3.923917e-06
3.919823e-06
3.915730e-06
3.911648e-06
3.907562e-06
3.903487e-06
3.899413e-06
3.895342e-06
3.891282e-06
3.887220e-06
3.883163e-06
3.879111e-06
3.875063e-06
3.871020e-06
3.866979e-06
3.862945e-06
3.858915e-06
3.854885e-06
3.850866e-06
3.846847e-06
3.842830e-06
3.838826e-06
3.834814e-06
3.830817e-06
3.826817e-06
3.822827e-06
3.818835e-06
3.814851e-06
3.810869e-06
3.806895e-06
3.802920e-06
3.798955e-06
3.794989e-06
3.791025e-06
3.787076e-06
3.783119e-06
3.779174e-06
3.775230e-06
3.771290e-06
3.767354e-06
3.763426e-06
3.759494e-06
3.755576e-06
3.751655e-06
3.747739e-06
3.743831e-06
3.739923e-06
3.736019e-06
3.732123e-06
3.728226e-06
3.724337e-06
3.720450e-06
3.716568e-06
3.712691e-06
3.708817e-06
3.704946e-06
3.701080e-06
3.697219e-06
3.693360e-06
3.689507e-06
3.685656e-06
3.681811e-06
3.677969e-06
3.674128e-06
3.670299e-06
3.666467e-06
3.662641e-06
3.658817e-06
3.655004e-06
3.651185e-06
3.647379e-06
3.643569e-06
3.639771e-06
3.635970e-06
3.632177e-06
3.628388e-06
3.624601e-06
3.620820e-06
3.617039e-06
3.613267e-06
3.609494e-06
3.605733e-06
3.601965e-06
3.598209e-06
3.594454e-06
3.590703e-06
3.586958e-06
3.583212e-06
3.579473e-06
3.575740e-06
3.572006e-06
3.568281e-06
3.564558e-06
3.560837e-06
3.557123e-06
3.553410e-06
3.549703e-06
3.545997e-06
3.542300e-06
3.538600e-06
3.534910e-06
3.531222e-06
3.527533e-06
3.523857e-06
3.520176e-06
3.516505e-06
3.512834e-06
3.509170e-06
3.505508e-06
3.501850e-06
3.498195e-06
3.494547e-06
3.490898e-06
3.487254e-06
3.483621e-06
3.479980e-06
3.476350e-06
3.472726e-06
3.469099e-06
3.465479e-06
3.461864e-06
3.458250e-06
3.454644e-06
3.451037e-06
3.447438e-06
3.443839e-06
3.440246e-06
3.436656e-06
3.433068e-06
3.429488e-06
3.425910e-06
3.422333e-06
3.418764e-06
3.415195e-06
3.411631e-06
3.408073e-06
3.404515e-06
3.400964e-06
3.397413e-06
3.393870e-06
3.390327e-06
3.386789e-06
3.383258e-06
3.379724e-06
3.376201e-06
3.372676e-06
3.369156e-06
3.365641e-06
3.362129e-06
3.358619e-06
3.355116e-06
3.351615e-06
3.348120e-06
3.344621e-06
3.341135e-06
3.337648e-06
3.334162e-06
3.330689e-06
3.327207e-06
3.323739e-06
3.320270e-06
3.316806e-06
3.313343e-06
3.309886e-06
3.306434e-06
3.302983e-06
3.299535e-06
3.296093e-06
3.292652e-06
3.289219e-06
3.285787e-06
3.282355e-06
3.278933e-06
3.275512e-06
3.272092e-06
3.268679e-06
3.265265e-06
3.261862e-06
3.258455e-06
3.255058e-06
3.251659e-06
3.248267e-06
3.244879e-06
3.241488e-06
3.238109e-06
3.234731e-06
3.231353e-06
3.227983e-06
3.224615e-06
3.221250e-06
3.217889e-06
3.214529e-06
3.211176e-06
3.207826e-06
3.204478e-06
3.201136e-06
3.197791e-06
3.194459e-06
3.191122e-06
3.187793e-06
3.184468e-06
3.181143e-06
3.177824e-06
3.174509e-06
3.171196e-06
3.167888e-06
3.164580e-06
3.161279e-06
3.157982e-06
3.154686e-06
3.151392e-06
3.148106e-06
3.144822e-06
3.141536e-06
3.138260e-06
3.134985e-06
3.131715e-06
3.128447e-06
3.125182e-06
3.121920e-06
3.118665e-06
3.115408e-06
3.112159e-06
3.108909e-06
3.105668e-06
3.102425e-06
3.099189e-06
3.095954e-06
3.092725e-06
3.089496e-06
3.086273e-06
3.083051e-06
3.079836e-06
3.076621e-06
3.073413e-06
3.070202e-06
3.067000e-06
3.063802e-06
3.060602e-06
3.057411e-06
3.054220e-06
3.051031e-06
3.047849e-06
3.044666e-06
3.041492e-06
3.038318e-06
3.035144e-06
3.031982e-06
3.028814e-06
3.025655e-06
3.022499e-06
3.019342e-06
3.016195e-06
3.013046e-06
3.009902e-06
3.006762e-06
3.003625e-06
3.000488e-06
2.997360e-06
2.994230e-06
2.991106e-06
2.987985e-06
2.984868e-06
2.981752e-06
2.978644e-06
2.975531e-06
2.972428e-06
2.969328e-06
2.966228e-06
2.963133e-06
2.960041e-06
2.956950e-06
2.953869e-06
2.950784e-06
2.947705e-06
2.944632e-06
2.941554e-06
2.938488e-06
2.935422e-06
2.932357e-06
2.929299e-06
2.926242e-06
2.923187e-06
2.920138e-06
2.917090e-06
2.914047e-06
2.911006e-06
2.907969e-06
2.904935e-06
2.901900e-06
2.898877e-06
2.895851e-06
2.892828e-06
2.889810e-06
2.886795e-06
2.883781e-06
2.880773e-06
2.877767e-06
2.874762e-06
2.871763e-06
2.868770e-06
2.865773e-06
2.862782e-06
2.859795e-06
2.856814e-06
2.853832e-06
2.850850e-06
2.847881e-06
2.844905e-06
2.841938e-06
2.838973e-06
2.836008e-06
2.833053e-06
2.830095e-06
2.827139e-06
2.824192e-06
2.821245e-06
2.818299e-06
2.815361e-06
2.812419e-06
2.809487e-06
2.806555e-06
2.803626e-06
2.800702e-06
2.797777e-06
2.794859e-06
2.791943e-06
2.789031e-06
2.786119e-06
2.783213e-06
2.780308e-06
2.777404e-06
2.774508e-06
2.771614e-06
2.768719e-06
2.765835e-06
2.762944e-06
2.760065e-06
2.757180e-06
2.754307e-06
2.751432e-06
2.748559e-06
2.745695e-06
2.742823e-06
2.739969e-06
2.737106e-06
2.734248e-06
2.731399e-06
2.728547e-06
2.725699e-06
2.722855e-06
2.720015e-06
2.717174e-06
2.714342e-06
2.711507e-06
2.708679e-06
2.705853e-06
2.703028e-06
2.700211e-06
2.697388e-06
2.694577e-06
2.691765e-06
2.688953e-06
2.686150e-06
2.683347e-06
2.680548e-06
2.677748e-06
2.674954e-06
2.672165e-06
2.669374e-06
2.666589e-06
2.663810e-06
2.661027e-06
2.658252e-06
2.655476e-06
2.652708e-06
2.649937e-06
2.647174e-06
2.644410e-06
2.641651e-06
2.638896e-06
2.636140e-06
2.633391e-06
2.630643e-06
2.627897e-06
2.625156e-06
2.622416e-06
2.619679e-06
2.616945e-06
2.614216e-06
2.611488e-06
2.608764e-06
2.606041e-06
2.603320e-06
2.600602e-06
2.597893e-06
2.595178e-06
2.592474e-06
2.589766e-06
2.587064e-06
2.584365e-06
2.581670e-06
2.578971e-06
2.576285e-06
2.573594e-06
2.570910e-06
2.568227e-06
2.565544e-06
2.562872e-06
2.560195e-06
2.557523e-06
2.554854e-06
2.552190e-06
2.549526e-06
2.546865e-06
2.544206e-06
2.541553e-06
2.538902e-06
2.536250e-06
2.533606e-06
2.530960e-06
2.528320e-06
2.525684e-06
2.523046e-06
2.520413e-06
2.517784e-06
2.515157e-06
2.512531e-06
2.509910e-06
2.507292e-06
2.504675e-06
2.502061e-06
2.499450e-06
2.496841e-06
2.494238e-06
2.491634e-06
2.489034e-06
2.486437e-06
2.483843e-06
2.481249e-06
2.478661e-06
2.476076e-06
2.473491e-06
2.470912e-06
2.468330e-06
2.465755e-06
2.463184e-06
2.460614e-06
2.458043e-06
2.455482e-06
2.452918e-06
2.450358e-06
2.447803e-06
2.445248e-06
2.442693e-06
2.440150e-06
2.437599e-06
2.435057e-06
2.432516e-06
2.429979e-06
2.427440e-06
2.424912e-06
2.422375e-06
2.419854e-06
2.417325e-06
2.414807e-06
2.412282e-06
2.409765e-06
2.407253e-06
2.404741e-06
2.402233e-06
2.399722e-06
2.397222e-06
2.394718e-06
2.392219e-06
2.389725e-06
2.387228e-06
2.384742e-06
2.382249e-06
2.379764e-06
2.377282e-06
2.374801e-06
2.372323e-06
2.369846e-06
2.367375e-06
2.364906e-06
2.362435e-06
2.359974e-06
2.357506e-06
2.355050e-06
2.352591e-06
2.350135e-06
2.347686e-06
2.345234e-06
2.342786e-06
2.340346e-06
2.337897e-06
2.335462e-06
2.333024e-06
2.330587e-06
2.328158e-06
2.325728e-06
2.323299e-06
2.320879e-06
2.318453e-06
2.316038e-06
2.313617e-06
2.311206e-06
2.308793e-06
2.306384e-06
2.303977e-06
2.301574e-06
2.299172e-06
2.296772e-06
2.294375e-06
2.291982e-06
2.289589e-06
2.287201e-06
2.284814e-06
2.282431e-06
2.280049e-06
2.277666e-06
2.275295e-06
2.272916e-06
2.270548e-06
2.268176e-06
2.265810e-06
2.263447e-06
2.261085e-06
2.258723e-06
2.256369e-06
2.254012e-06
2.251661e-06
2.249314e-06
2.246964e-06
2.244619e-06
2.242277e-06
2.239939e-06
2.237601e-06
2.235266e-06
2.232933e-06
2.230603e-06
2.228276e-06
2.225950e-06
2.223628e-06
2.221307e-06
2.218990e-06
2.216673e-06
2.214363e-06
2.212050e-06
2.209743e-06
2.207436e-06
2.205132e-06
2.202832e-06
2.200532e-06
2.198239e-06
2.195941e-06
2.193653e-06
2.191363e-06
2.189075e-06
2.186793e-06
2.184509e-06
2.182231e-06
2.179952e-06
2.177681e-06
2.175405e-06
2.173138e-06
2.170868e-06
2.168603e-06
2.166340e-06
2.164081e-06
2.161820e-06
2.159566e-06
2.157313e-06
2.155060e-06
2.152812e-06
2.150567e-06
2.148321e-06
2.146082e-06
2.143838e-06
2.141605e-06
2.139368e-06
2.137137e-06
2.134908e-06
2.132676e-06
2.130456e-06
2.128230e-06
2.126010e-06
2.123791e-06
2.121573e-06
2.119362e-06
2.117150e-06
2.114940e-06
2.112735e-06
2.110528e-06
2.108325e-06
2.106128e-06
2.103930e-06
2.101733e-06
2.099541e-06
2.097349e-06
2.095163e-06
2.092972e-06
2.090792e-06
2.088607e-06
2.086433e-06
2.084251e-06
2.082078e-06
2.079904e-06
2.077734e-06
2.075566e-06
2.073402e-06
2.071238e-06
2.069074e-06
2.066920e-06
2.064758e-06
2.062607e-06
2.060454e-06
2.058304e-06
2.056154e-06
2.054011e-06
2.051867e-06
2.049726e-06
2.047587e-06
2.045451e-06
2.043314e-06
2.041185e-06
2.039051e-06
2.036928e-06
2.034799e-06
2.032678e-06
2.030555e-06
2.028437e-06
2.026322e-06
2.024206e-06
2.022094e-06
2.019983e-06
2.017877e-06
2.015769e-06
2.013667e-06
2.011567e-06
2.009466e-06
2.007370e-06
2.005275e-06
2.003183e-06
2.001091e-06
1.999005e-06
1.996918e-06
1.994836e-06
1.992752e-06
1.990673e-06
1.988596e-06
1.986524e-06
1.984447e-06
1.982377e-06
1.980312e-06
1.978243e-06
1.976177e-06
1.974115e-06
1.972059e-06
1.970000e-06
1.967941e-06
1.965891e-06
1.963838e-06
1.961790e-06
1.959741e-06
1.957695e-06
1.955655e-06
1.953612e-06
1.951576e-06
1.949538e-06
1.947503e-06
1.945474e-06
1.943440e-06
1.941414e-06
1.939389e-06
1.937363e-06
1.935344e-06
1.933323e-06
1.931307e-06
1.929291e-06
1.927277e-06
1.925265e-06
1.923256e-06
1.921253e-06
1.919244e-06
1.917244e-06
1.915243e-06
1.913244e-06
1.911249e-06
1.909250e-06
1.907261e-06
1.905273e-06
1.903281e-06
1.901296e-06
1.899312e-06
1.897332e-06
1.895350e-06
1.893372e-06
1.891399e-06
1.889424e-06
1.887452e-06
1.885482e-06
1.883516e-06
1.881550e-06
1.879584e-06
1.877626e-06
1.875666e-06
1.873708e-06
1.871753e-06
1.869801e-06
1.867849e-06
1.865900e-06
1.863954e-06
1.862007e-06
1.860065e-06
1.858123e-06
1.856186e-06
1.854248e-06
1.852314e-06
1.850380e-06
1.848450e-06
1.846521e-06
1.844594e-06
1.842668e-06
1.840747e-06
1.838825e-06
1.836909e-06
1.834988e-06
1.833075e-06
1.831165e-06
1.829250e-06
1.827344e-06
1.825436e-06
1.823533e-06
1.821626e-06
1.819730e-06
1.817829e-06
1.815932e-06
1.814037e-06
1.812145e-06
1.810252e-06
1.808365e-06
1.806477e-06
1.804592e-06
1.802709e-06
1.800829e-06
1.798948e-06
1.797072e-06
1.795196e-06
1.793323e-06
1.791453e-06
1.789581e-06
1.787716e-06
1.785849e-06
1.783986e-06
1.782126e-06
1.780265e-06
1.778406e-06
1.776552e-06
1.774698e-06
1.772846e-06
1.770998e-06
1.769147e-06
1.767300e-06
1.765458e-06
1.763617e-06
1.761774e-06
1.759936e-06
1.758102e-06
1.756266e-06
1.754432e-06
1.752605e-06
1.750774e-06
1.748947e-06
1.747121e-06
1.745301e-06
1.743475e-06
1.741659e-06
1.739843e-06
1.738024e-06
1.736211e-06
1.734402e-06
1.732591e-06
1.730782e-06
1.728978e-06
1.727172e-06
1.725370e-06
1.723570e-06
1.721772e-06
1.719974e-06
1.718181e-06
1.716386e-06
1.714597e-06
1.712807e-06
1.711019e-06
1.709235e-06
1.707448e-06
1.705669e-06
1.703890e-06
1.702110e-06
1.700336e-06
1.698562e-06
1.696787e-06
1.695019e-06
1.693248e-06
1.691480e-06
1.689718e-06
1.687954e-06
1.686193e-06
1.684430e-06
1.682678e-06
1.680920e-06
1.679166e-06
1.677409e-06
1.675665e-06
1.673914e-06
1.672169e-06
1.670422e-06
1.668681e-06
1.666939e-06
1.665196e-06
1.663462e-06
1.661726e-06
1.659991e-06
1.658260e-06
1.656530e-06
1.654800e-06
1.653072e-06
1.651352e-06
1.649623e-06
1.647907e-06
1.646183e-06
1.644468e-06
1.642750e-06
1.641038e-06
1.639325e-06
1.637613e-06
1.635907e-06
1.634196e-06
1.632494e-06
1.630790e-06
1.629087e-06
1.627388e-06
1.625688e-06
1.623994e-06
1.622299e-06
1.620604e-06
1.618914e-06
1.617227e-06
1.615537e-06
1.613852e-06
1.612169e-06
1.610485e-06
1.608805e-06
1.607128e-06
1.605449e-06
1.603774e-06
1.602103e-06
1.600428e-06
1.598760e-06
1.597090e-06
1.595426e-06
1.593759e-06
1.592095e-06
1.590437e-06
1.588775e-06
1.587117e-06
1.585463e-06
1.583807e-06
1.582155e-06
1.580502e-06
1.578855e-06
1.577205e-06
1.575560e-06
1.573919e-06
1.572272e-06
1.570636e-06
1.568992e-06
1.567360e-06
1.565723e-06
1.564087e-06
1.562458e-06
1.560824e-06
1.559200e-06
1.557568e-06
1.555946e-06
1.554321e-06
1.552699e-06
1.551078e-06
1.549462e-06
1.547844e-06
1.546229e-06
1.544616e-06
1.543004e-06
1.541391e-06
1.539787e-06
1.538176e-06
1.536573e-06
1.534970e-06
1.533366e-06
1.531769e-06
1.530169e-06
1.528575e-06
1.526977e-06
1.525384e-06
1.523792e-06
1.522204e-06
1.520614e-06
1.519026e-06
1.517443e-06
1.515859e-06
1.514276e-06
1.512700e-06
1.511116e-06
1.509542e-06
1.507968e-06
1.506389e-06
1.504825e-06
1.503249e-06
1.501682e-06
1.500116e-06
1.498551e-06
1.496985e-06
1.495426e-06
1.493863e-06
1.492305e-06
1.490748e-06
1.489194e-06
1.487639e-06
1.486084e-06
1.484535e-06
1.482987e-06
1.481439e-06
1.479892e-06
1.478350e-06
1.476807e-06
1.475263e-06
1.473725e-06
1.472190e-06
1.470649e-06
1.469118e-06
1.467583e-06
1.466053e-06
1.464523e-06
1.462993e-06
1.461469e-06
1.459942e-06
1.458420e-06
1.456898e-06
1.455376e-06
1.453861e-06
1.452341e-06
1.450826e-06
1.449313e-06
1.447798e-06
1.446289e-06
1.444782e-06
1.443272e-06
1.441765e-06
1.440263e-06
1.438758e-06
1.437259e-06
1.435757e-06
1.434261e-06
1.432761e-06
1.431268e-06
1.429776e-06
1.428281e-06
1.426795e-06
1.425302e-06
1.423815e-06
1.422331e-06
1.420846e-06
1.419365e-06
1.417882e-06
1.416402e-06
1.414926e-06
1.413448e-06
1.411975e-06
1.410499e-06
1.409030e-06
1.407557e-06
1.406092e-06
1.404620e-06
1.403157e-06
1.401695e-06
1.400228e-06
1.398769e-06
1.397309e-06
1.395849e-06
1.394395e-06
1.392940e-06
1.391485e-06
1.390033e-06
1.388584e-06
1.387136e-06
1.385685e-06
1.384242e-06
1.382797e-06
1.381353e-06
1.379913e-06
1.378473e-06
1.377032e-06
1.375599e-06
1.374160e-06
1.372731e-06
1.371294e-06
1.369863e-06
1.368436e-06
1.367007e-06
1.365581e-06
1.364155e-06
1.362734e-06
1.361308e-06
1.359892e-06
1.358471e-06
1.357052e-06
1.355638e-06
1.354222e-06
1.352810e-06
1.351397e-06
1.349987e-06
1.348579e-06
1.347173e-06
1.345766e-06
1.344361e-06
1.342959e-06
1.341556e-06
1.340159e-06
1.338759e-06
1.337363e-06
1.335967e-06
1.334572e-06
1.333181e-06
1.331789e-06
1.330399e-06
1.329013e-06
1.327622e-06
1.326239e-06
1.324856e-06
1.323472e-06
1.322090e-06
1.320711e-06
1.319336e-06
1.317956e-06
1.316580e-06
1.315210e-06
1.313835e-06
1.312463e-06
1.311098e-06
1.309724e-06
1.308363e-06
1.306994e-06
1.305630e-06
1.304269e-06
1.302907e-06
1.301550e-06
1.300190e-06
1.298834e-06
1.297479e-06
1.296122e-06
1.294774e-06
1.293419e-06
1.292073e-06
1.290720e-06
1.289377e-06
1.288032e-06
1.286685e-06
1.285345e-06
1.284002e-06
1.282663e-06
1.281323e-06
1.279988e-06
1.278652e-06
1.277316e-06
1.275984e-06
1.274654e-06
1.273321e-06
1.271997e-06
1.270665e-06
1.269342e-06
1.268016e-06
1.266692e-06
1.265371e-06
1.264053e-06
1.262730e-06
1.261416e-06
1.260097e-06
1.258783e-06
1.257470e-06
1.256158e-06
1.254845e-06
1.253539e-06
1.252229e-06
1.250923e-06
1.249618e-06
1.248313e-06
1.247013e-06
1.245708e-06
1.244410e-06
1.243113e-06
1.241812e-06
1.240520e-06
1.239223e-06
1.237931e-06
1.236640e-06
1.235345e-06
1.234062e-06
1.232771e-06
1.231484e-06
1.230201e-06
1.228917e-06
1.227635e-06
1.226353e-06
1.225072e-06
1.223796e-06
1.222519e-06
1.221243e-06
1.219966e-06
1.218697e-06
1.217423e-06
1.216154e-06
1.214882e-06
1.213618e-06
1.212349e-06
1.211085e-06
1.209820e-06
1.208558e-06
1.207300e-06
1.206035e-06
1.204781e-06
1.203523e-06
1.202266e-06
1.201013e-06
1.199759e-06
1.198506e-06
1.197258e-06
1.196007e-06
1.194758e-06
1.193512e-06
1.192266e-06
1.191022e-06
1.189781e-06
1.188539e-06
1.187296e-06
1.186061e-06
1.184821e-06
1.183585e-06
1.182350e-06
1.181118e-06
1.179883e-06
1.178654e-06
1.177423e-06
1.176195e-06
1.174965e-06
1.173742e-06
1.172515e-06
1.171293e-06
1.170070e-06
1.168851e-06
1.167627e-06
1.166413e-06
1.165195e-06
1.163978e-06
1.162762e-06
1.161552e-06
1.160338e-06
1.159128e-06
1.157916e-06
1.156711e-06
1.155504e-06
1.154294e-06
1.153095e-06
1.151889e-06
1.150688e-06
1.149486e-06
1.148288e-06
1.147088e-06
1.145891e-06
1.144697e-06
1.143502e-06
1.142309e-06
1.141117e-06
1.139926e-06
1.138734e-06
1.137549e-06
1.136360e-06
1.135177e-06
1.133988e-06
1.132809e-06
1.131623e-06
1.130445e-06
1.129265e-06
1.128087e-06
1.126909e-06
1.125734e-06
1.124559e-06
1.123385e-06
1.122212e-06
1.121042e-06
1.119872e-06
1.118702e-06
1.117538e-06
1.116369e-06
1.115206e-06
1.114040e-06
1.112879e-06
1.111718e-06
1.110560e-06
1.109398e-06
1.108240e-06
1.107087e-06
1.105929e-06
1.104777e-06
1.103623e-06
1.102470e-06
1.101322e-06
1.100171e-06
1.099023e-06
1.097877e-06
1.096730e-06
1.095588e-06
1.094444e-06
1.093300e-06
1.092161e-06
1.091020e-06
1.089884e-06
1.088743e-06
1.087609e-06
1.086476e-06
1.085338e-06
1.084208e-06
1.083078e-06
1.081945e-06
1.080820e-06
1.079688e-06
1.078564e-06
1.077438e-06
1.076312e-06
1.075191e-06
1.074067e-06
1.072950e-06
1.071826e-06
1.070712e-06
1.069591e-06
1.068478e-06
1.067360e-06
1.066247e-06
1.065134e-06
1.064025e-06
1.062913e-06
1.061803e-06
1.060696e-06
1.059589e-06
1.058485e-06
1.057377e-06
1.056277e-06
1.055173e-06
1.054072e-06
1.052972e-06
1.051874e-06
1.050776e-06
1.049678e-06
1.048585e-06
1.047489e-06
1.046400e-06
1.045304e-06
1.044215e-06
1.043126e-06
1.042034e-06
1.040950e-06
1.039865e-06
1.038777e-06
1.037694e-06
1.036611e-06
1.035529e-06
1.034450e-06
1.033370e-06
1.032291e-06
1.031213e-06
1.030140e-06
1.029063e-06
1.027989e-06
1.026917e-06
1.025843e-06
1.024776e-06
1.023706e-06
1.022637e-06
1.021569e-06
1.020506e-06
1.019437e-06
1.018378e-06
1.017311e-06
1.016252e-06
1.015189e-06
1.014132e-06
1.013074e-06
1.012015e-06
1.010959e-06
1.009905e-06
1.008850e-06
1.007800e-06
1.006744e-06
1.005699e-06
1.004645e-06
1.003599e-06
1.002551e-06
1.001505e-06
1.000460e-06
9.994167e-07
