1.245012e-02
8.995636e-03
7.544886e-03
9.339761e-03
9.348185e-03
8.606216e-03
7.618508e-03
6.622130e-03
5.718192e-03
4.939969e-03
4.288545e-03
3.751261e-03
3.311000e-03
2.950593e-03
2.654689e-03
2.410351e-03
2.207037e-03
2.036333e-03
1.891607e-03
1.806571e-03
1.761029e-03
1.713382e-03
1.664061e-03
1.613476e-03
1.562006e-03
1.510002e-03
1.457782e-03
1.405630e-03
1.353801e-03
1.302515e-03
1.251965e-03
1.202315e-03
1.153703e-03
1.106243e-03
1.070151e-03
1.053151e-03
1.035732e-03
1.017960e-03
9.998962e-04
9.815988e-04
9.631230e-04
9.445198e-04
9.258373e-04
9.071196e-04
8.884077e-04
8.697393e-04
8.511490e-04
8.326683e-04
8.143256e-04
7.961470e-04
7.781555e-04
7.603719e-04
7.428148e-04
7.255004e-04
7.084430e-04
6.916550e-04
6.751469e-04
6.589278e-04
6.430052e-04
6.273851e-04
6.120725e-04
5.970710e-04
5.889236e-04
5.831271e-04
5.772616e-04
5.713353e-04
5.653560e-04
5.593310e-04
5.532674e-04
5.471721e-04
5.410515e-04
5.349117e-04
5.287585e-04
5.225974e-04
5.164337e-04
5.102724e-04
5.041180e-04
4.979750e-04
4.918475e-04
4.857395e-04
4.796546e-04
4.735962e-04
4.675676e-04
4.615718e-04
4.556115e-04
4.496895e-04
4.438080e-04
4.379695e-04
4.321758e-04
4.264291e-04
4.207309e-04
4.150830e-04
4.094868e-04
4.039437e-04
3.984549e-04
3.930214e-04
3.876443e-04
3.823244e-04
3.770625e-04
3.718593e-04
3.667154e-04
3.616312e-04
3.566072e-04
3.516437e-04
3.467409e-04
3.418991e-04
3.371184e-04
3.323988e-04
3.277404e-04
3.231432e-04
3.186069e-04
3.141316e-04
3.097169e-04
3.053628e-04
3.031679e-04
3.014140e-04
2.996482e-04
2.978714e-04
2.960844e-04
2.942882e-04
2.924835e-04
2.906710e-04
2.888517e-04
2.870261e-04
2.851951e-04
2.833593e-04
2.815194e-04
2.796761e-04
2.778299e-04
2.759815e-04
2.741315e-04
2.722804e-04
2.704288e-04
2.685772e-04
2.667261e-04
2.648761e-04
2.630275e-04
2.611809e-04
2.593366e-04
2.574952e-04
2.556570e-04
2.538224e-04
2.519917e-04
2.501654e-04
2.483438e-04
2.465273e-04
2.447160e-04
2.429105e-04
2.411108e-04
2.393174e-04
2.375305e-04
2.357503e-04
2.339772e-04
2.322112e-04
2.304527e-04
2.287019e-04
2.269590e-04
2.252241e-04
2.234975e-04
2.217793e-04
2.200697e-04
2.183689e-04
2.166769e-04
2.149940e-04
2.133202e-04
2.116558e-04
2.100007e-04
2.083552e-04
2.067193e-04
2.050932e-04
2.034768e-04
2.018703e-04
2.002739e-04
1.986874e-04
1.971111e-04
1.955450e-04
1.939890e-04
1.924434e-04
1.909081e-04
1.893831e-04
1.878686e-04
1.863645e-04
1.848708e-04
1.833876e-04
1.819150e-04
1.804528e-04
1.790012e-04
1.775601e-04
1.761296e-04
1.747095e-04
1.733001e-04
1.719012e-04
1.705128e-04
1.691349e-04
1.677675e-04
1.664106e-04
1.650642e-04
1.637282e-04
1.624026e-04
1.610875e-04
1.597827e-04
1.584883e-04
1.572041e-04
1.559303e-04
1.546667e-04
1.534132e-04
1.521700e-04
1.509369e-04
1.497138e-04
1.485008e-04
1.472978e-04
1.461048e-04
1.449216e-04
1.441146e-04
1.436306e-04
1.431443e-04
1.426560e-04
1.421655e-04
1.416731e-04
1.411789e-04
1.406828e-04
1.401850e-04
1.396857e-04
1.391847e-04
1.386824e-04
1.381786e-04
1.376735e-04
1.371672e-04
1.366598e-04
1.361512e-04
1.356416e-04
1.351311e-04
1.346197e-04
1.341075e-04
1.335946e-04
1.330809e-04
1.325667e-04
1.320519e-04
1.315366e-04
1.310208e-04
1.305047e-04
1.299882e-04
1.294715e-04
1.289545e-04
1.284374e-04
1.279202e-04
1.274029e-04
1.268856e-04
1.263683e-04
1.258512e-04
1.253341e-04
1.248172e-04
1.243006e-04
1.237842e-04
1.232682e-04
1.227524e-04
1.222371e-04
1.217222e-04
1.212078e-04
1.206939e-04
1.201805e-04
1.196677e-04
1.191556e-04
1.186441e-04
1.181332e-04
1.176231e-04
1.171138e-04
1.166052e-04
1.160974e-04
1.155905e-04
1.150845e-04
1.145794e-04
1.140752e-04
1.135719e-04
1.130696e-04
1.125684e-04
1.120682e-04
1.115690e-04
1.110710e-04
1.105740e-04
1.100782e-04
1.095835e-04
1.090900e-04
1.085977e-04
1.081066e-04
1.076167e-04
1.071281e-04
1.066408e-04
1.061548e-04
1.056700e-04
1.051866e-04
1.047046e-04
1.042239e-04
1.037446e-04
1.032666e-04
1.027901e-04
1.023150e-04
1.018413e-04
1.013691e-04
1.008983e-04
1.004290e-04
9.996120e-05
9.949488e-05
9.903007e-05
9.856677e-05
9.810501e-05
9.764478e-05
9.718610e-05
9.672898e-05
9.627343e-05
9.581945e-05
9.536705e-05
9.491625e-05
9.446705e-05
9.401945e-05
9.357347e-05
9.312911e-05
9.268638e-05
9.224528e-05
9.180581e-05
9.136800e-05
9.093183e-05
9.049732e-05
9.006447e-05
8.963328e-05
8.920376e-05
8.877592e-05
8.834975e-05
8.792526e-05
8.750245e-05
8.708133e-05
8.666189e-05
8.624415e-05
8.582810e-05
8.541375e-05
8.500109e-05
8.459013e-05
8.418088e-05
8.377332e-05
8.336747e-05
8.296332e-05
8.256087e-05
8.216013e-05
8.176110e-05
8.136377e-05
8.096815e-05
8.057423e-05
8.018201e-05
7.979150e-05
7.940270e-05
7.901559e-05
7.863019e-05
7.824649e-05
7.786449e-05
7.748419e-05
7.710559e-05
7.672868e-05
7.635346e-05
7.597993e-05
7.560810e-05
7.523795e-05
7.486949e-05
7.450271e-05
7.413761e-05
7.377419e-05
7.341244e-05
7.305236e-05
7.269396e-05
7.233722e-05
7.198214e-05
7.162873e-05
7.127697e-05
7.092686e-05
7.057841e-05
7.023160e-05
6.988643e-05
6.954290e-05
6.920101e-05
6.886075e-05
6.852212e-05
6.818511e-05
6.784972e-05
6.751594e-05
6.718378e-05
6.685322e-05
6.652427e-05
6.619691e-05
6.587115e-05
6.554697e-05
6.522438e-05
6.490338e-05
6.458394e-05
6.426608e-05
6.394978e-05
6.363505e-05
6.332187e-05
6.301024e-05
6.270016e-05
6.239161e-05
6.208461e-05
6.177914e-05
6.147519e-05
6.117276e-05
6.087185e-05
6.057246e-05
6.040731e-05
6.028174e-05
6.015578e-05
6.002947e-05
5.990280e-05
5.977578e-05
5.964843e-05
5.952075e-05
5.939275e-05
5.926443e-05
5.913582e-05
5.900691e-05
5.887771e-05
5.874823e-05
5.861849e-05
5.848848e-05
5.835821e-05
5.822770e-05
5.809695e-05
5.796596e-05
5.783475e-05
5.770333e-05
5.757169e-05
5.743985e-05
5.730781e-05
5.717559e-05
5.704318e-05
5.691060e-05
5.677785e-05
5.664494e-05
5.651187e-05
5.637865e-05
5.624530e-05
5.611180e-05
5.597818e-05
5.584443e-05
5.571057e-05
5.557660e-05
5.544252e-05
5.530834e-05
5.517407e-05
5.503972e-05
5.490528e-05
5.477076e-05
5.463618e-05
5.450153e-05
5.436682e-05
5.423206e-05
5.409724e-05
5.396239e-05
5.382750e-05
5.369257e-05
5.355762e-05
5.342264e-05
5.328765e-05
5.315264e-05
5.301763e-05
5.288261e-05
5.274759e-05
5.261258e-05
5.247758e-05
5.234259e-05
5.220763e-05
5.207268e-05
5.193777e-05
5.180289e-05
5.166804e-05
5.153324e-05
5.139848e-05
5.126377e-05
5.112911e-05
5.099451e-05
5.085998e-05
5.072550e-05
5.059110e-05
5.045677e-05
5.032251e-05
5.018833e-05
5.005424e-05
4.992024e-05
4.978632e-05
4.965250e-05
4.951878e-05
4.938516e-05
4.925164e-05
4.911823e-05
4.898493e-05
4.885174e-05
4.871867e-05
4.858572e-05
4.845290e-05
4.832020e-05
4.818763e-05
4.805519e-05
4.792289e-05
4.779072e-05
4.765870e-05
4.752682e-05
4.739508e-05
4.726350e-05
4.713206e-05
4.700078e-05
4.686966e-05
4.673870e-05
4.660789e-05
4.647726e-05
4.634678e-05
4.621648e-05
4.608635e-05
4.595640e-05
4.582661e-05
4.569701e-05
4.556759e-05
4.543835e-05
4.530929e-05
4.518043e-05
4.505175e-05
4.492326e-05
4.479496e-05
4.466686e-05
4.453896e-05
4.441125e-05
4.428375e-05
4.415645e-05
4.402935e-05
4.390246e-05
4.377578e-05
4.364930e-05
4.352304e-05
4.339699e-05
4.327116e-05
4.314554e-05
4.302014e-05
4.289496e-05
4.277000e-05
4.264526e-05
4.252075e-05
4.239646e-05
4.227240e-05
4.214856e-05
4.202496e-05
4.190159e-05
4.177845e-05
4.165554e-05
4.153287e-05
4.141043e-05
4.128823e-05
4.116627e-05
4.104455e-05
4.092307e-05
4.080183e-05
4.068084e-05
4.056008e-05
4.043958e-05
4.031932e-05
4.019931e-05
4.007954e-05
3.996003e-05
3.984076e-05
3.972175e-05
3.960298e-05
3.948448e-05
3.936622e-05
3.924822e-05
3.913047e-05
3.901298e-05
3.889575e-05
3.877878e-05
3.866206e-05
3.854561e-05
3.842941e-05
3.831347e-05
3.819780e-05
3.808239e-05
3.796724e-05
3.785235e-05
3.773773e-05
3.762337e-05
3.750928e-05
3.739545e-05
3.728189e-05
3.716877e-05
3.705593e-05
3.694336e-05
3.683154e-05
3.672006e-05
3.660885e-05
3.649789e-05
3.638720e-05
3.627678e-05
3.616726e-05
3.605827e-05
3.594953e-05
3.584105e-05
3.573283e-05
3.562487e-05
3.551716e-05
3.540972e-05
3.530253e-05
3.522681e-05
3.515421e-05
3.508187e-05
3.500978e-05
3.493794e-05
3.486636e-05
3.479503e-05
3.472394e-05
3.465311e-05
3.458252e-05
3.451218e-05
3.444209e-05
3.437223e-05
3.430262e-05
3.423325e-05
3.416412e-05
3.409523e-05
3.402657e-05
3.395815e-05
3.388996e-05
3.382201e-05
3.375429e-05
3.368680e-05
3.361954e-05
3.355250e-05
3.348569e-05
3.341911e-05
3.335276e-05
3.328662e-05
3.322071e-05
3.315502e-05
3.308956e-05
3.302430e-05
3.295927e-05
3.289446e-05
3.282985e-05
3.276547e-05
3.270129e-05
3.263733e-05
3.257358e-05
3.251004e-05
3.244671e-05
3.238359e-05
3.232067e-05
3.225796e-05
3.219546e-05
3.213315e-05
3.207105e-05
3.200915e-05
3.194746e-05
3.188596e-05
3.182466e-05
3.176356e-05
3.170265e-05
3.164194e-05
3.158143e-05
3.152111e-05
3.146098e-05
3.140104e-05
3.134129e-05
3.128174e-05
3.122237e-05
3.116319e-05
3.110420e-05
3.104539e-05
3.098677e-05
3.092834e-05
3.087008e-05
3.081201e-05
3.075412e-05
3.069641e-05
3.063889e-05
3.058154e-05
3.052437e-05
3.046737e-05
3.041055e-05
3.035391e-05
3.029744e-05
3.024115e-05
3.018503e-05
3.012908e-05
3.007331e-05
3.001770e-05
2.996226e-05
2.990700e-05
2.985190e-05
2.979696e-05
2.974220e-05
2.968760e-05
2.963316e-05
2.957889e-05
2.952479e-05
2.947084e-05
2.941706e-05
2.936344e-05
2.930998e-05
2.925668e-05
2.920353e-05
2.915055e-05
2.909772e-05
2.904505e-05
2.899254e-05
2.894018e-05
2.888798e-05
2.883593e-05
2.878403e-05
2.873228e-05
2.868069e-05
2.862925e-05
2.857796e-05
2.852682e-05
2.847582e-05
2.842498e-05
2.837428e-05
2.832373e-05
2.827333e-05
2.822307e-05
2.817296e-05
2.812299e-05
2.807316e-05
2.802348e-05
2.797394e-05
2.792454e-05
2.787528e-05
2.782617e-05
2.777719e-05
2.772835e-05
2.767965e-05
2.763109e-05
2.758267e-05
2.753438e-05
2.748623e-05
2.743822e-05
2.739034e-05
2.734259e-05
2.729498e-05
2.724750e-05
2.720016e-05
2.715294e-05
2.710586e-05
2.705891e-05
2.701209e-05
2.696540e-05
2.691883e-05
2.687240e-05
2.682610e-05
2.677992e-05
2.673387e-05
2.668794e-05
2.664214e-05
2.659647e-05
2.655092e-05
2.650550e-05
2.646020e-05
2.641502e-05
2.636997e-05
2.632504e-05
2.628023e-05
2.623554e-05
2.619097e-05
2.614652e-05
2.610219e-05
2.605798e-05
2.601389e-05
2.596992e-05
2.592607e-05
2.588233e-05
2.583871e-05
2.579520e-05
2.575181e-05
2.570854e-05
2.566538e-05
2.562234e-05
2.557940e-05
2.553659e-05
2.549388e-05
2.545129e-05
2.540881e-05
2.536644e-05
2.532418e-05
2.528204e-05
2.524000e-05
2.519807e-05
2.515625e-05
2.511454e-05
2.507294e-05
2.503145e-05
2.499006e-05
2.494879e-05
2.490761e-05
2.486655e-05
2.482559e-05
2.478473e-05
2.474398e-05
2.470334e-05
2.466280e-05
2.462236e-05
2.458203e-05
2.454179e-05
2.450167e-05
2.446164e-05
2.442171e-05
2.438189e-05
2.434217e-05
2.430254e-05
2.426302e-05
2.422360e-05
2.418427e-05
2.414505e-05
2.410592e-05
2.406689e-05
2.402796e-05
2.398913e-05
2.395039e-05
2.391176e-05
2.387321e-05
2.383476e-05
2.379641e-05
2.375815e-05
2.371999e-05
2.368192e-05
2.364395e-05
2.360607e-05
2.356828e-05
2.353059e-05
2.349299e-05
2.345548e-05
2.341806e-05
2.338074e-05
2.334350e-05
2.330636e-05
2.326930e-05
2.323234e-05
2.319547e-05
2.315868e-05
2.312199e-05
2.308538e-05
2.304887e-05
2.301244e-05
2.297610e-05
2.293984e-05
2.290368e-05
2.286760e-05
2.283160e-05
2.279570e-05
2.275988e-05
2.272414e-05
2.268849e-05
2.265292e-05
2.261744e-05
2.258205e-05
2.254673e-05
2.251151e-05
2.247636e-05
2.244130e-05
2.240632e-05
2.237142e-05
2.233661e-05
2.230187e-05
2.226722e-05
2.223265e-05
2.219816e-05
2.216376e-05
2.212943e-05
2.209518e-05
2.206101e-05
2.202693e-05
2.199292e-05
2.195899e-05
2.192514e-05
2.189136e-05
2.185767e-05
2.182405e-05
2.179051e-05
2.175705e-05
2.172367e-05
2.169036e-05
2.165713e-05
2.162397e-05
2.159089e-05
2.155789e-05
2.152496e-05
2.149211e-05
2.145933e-05
2.142663e-05
2.139400e-05
2.136145e-05
2.132896e-05
2.129656e-05
2.126422e-05
2.123196e-05
2.119978e-05
2.116766e-05
2.113562e-05
2.110365e-05
2.107175e-05
2.103992e-05
2.100817e-05
2.097648e-05
2.094487e-05
2.091332e-05
2.088185e-05
2.085045e-05
2.081912e-05
2.078785e-05
2.075666e-05
2.072554e-05
2.069448e-05
2.066349e-05
2.063258e-05
2.060173e-05
2.057095e-05
2.054023e-05
2.050959e-05
2.047901e-05
2.044850e-05
2.041805e-05
2.038767e-05
2.035736e-05
2.032712e-05
2.029694e-05
2.026683e-05
2.023678e-05
2.020680e-05
2.017688e-05
2.014703e-05
2.011724e-05
2.008752e-05
2.005786e-05
2.002827e-05
1.999874e-05
1.996927e-05
1.993987e-05
1.991053e-05
1.988125e-05
1.985204e-05
1.982289e-05
1.979380e-05
1.976477e-05
1.973581e-05
1.970691e-05
1.967807e-05
1.964929e-05
1.962057e-05
1.959191e-05
1.956332e-05
1.953478e-05
1.950631e-05
1.947789e-05
1.944954e-05
1.942124e-05
1.939301e-05
1.936484e-05
1.933672e-05
1.930866e-05
1.928067e-05
1.925273e-05
1.922485e-05
1.919703e-05
1.916926e-05
1.914156e-05
1.911391e-05
1.908632e-05
1.905879e-05
1.903132e-05
1.900390e-05
1.897654e-05
1.894923e-05
1.892199e-05
1.889480e-05
1.886766e-05
1.884058e-05
1.881356e-05
1.878660e-05
1.875969e-05
1.873283e-05
1.870603e-05
1.867929e-05
1.865260e-05
1.862596e-05
1.859938e-05
1.857285e-05
1.854638e-05
1.851996e-05
1.849360e-05
1.846729e-05
1.844103e-05
1.841483e-05
1.838868e-05
1.836258e-05
1.833654e-05
1.831055e-05
1.828461e-05
1.825873e-05
1.823289e-05
1.820711e-05
1.818138e-05
1.815570e-05
1.813008e-05
1.810451e-05
1.807898e-05
1.805351e-05
1.802809e-05
1.800272e-05
1.797740e-05
1.795214e-05
1.792692e-05
1.790175e-05
1.787663e-05
1.785157e-05
1.782655e-05
1.780158e-05
1.777667e-05
1.775180e-05
1.772698e-05
1.770221e-05
1.767749e-05
1.765282e-05
1.762820e-05
1.760362e-05
1.757910e-05
1.755462e-05
1.753019e-05
1.750581e-05
1.748148e-05
1.745719e-05
1.743295e-05
1.740876e-05
1.738462e-05
1.736052e-05
1.733648e-05
1.731247e-05
1.728852e-05
1.726461e-05
1.724075e-05
1.721694e-05
1.719317e-05
1.716945e-05
1.714577e-05
1.712214e-05
1.709855e-05
1.707502e-05
1.705152e-05
1.702807e-05
1.700467e-05
1.698131e-05
1.695800e-05
1.693473e-05
1.691151e-05
1.688833e-05
1.686520e-05
1.684211e-05
1.681906e-05
1.679606e-05
1.677311e-05
1.675019e-05
1.672732e-05
1.670450e-05
1.668172e-05
1.665898e-05
1.663628e-05
1.661363e-05
1.659102e-05
1.656846e-05
1.654593e-05
1.652345e-05
1.650102e-05
1.647862e-05
1.645627e-05
1.643396e-05
1.641169e-05
1.638946e-05
1.636728e-05
1.634513e-05
1.632303e-05
1.630097e-05
1.627895e-05
1.625698e-05
1.623504e-05
1.621315e-05
1.619129e-05
1.616948e-05
1.614771e-05
1.612598e-05
1.610429e-05
1.608264e-05
1.606103e-05
1.603946e-05
1.601793e-05
1.599644e-05
1.597499e-05
1.595358e-05
1.593221e-05
1.591088e-05
1.588959e-05
1.586834e-05
1.584713e-05
1.582596e-05
1.580482e-05
1.578373e-05
1.576267e-05
1.574166e-05
1.572068e-05
1.569974e-05
1.567884e-05
1.565798e-05
1.563715e-05
1.561637e-05
1.559562e-05
1.557491e-05
1.555423e-05
1.553360e-05
1.551300e-05
1.549244e-05
1.547192e-05
1.545144e-05
1.543099e-05
1.541058e-05
1.539021e-05
1.536987e-05
1.534958e-05
1.532931e-05
1.530909e-05
1.528890e-05
1.526875e-05
1.524863e-05
1.522855e-05
1.520851e-05
1.518850e-05
1.516853e-05
1.514860e-05
1.512870e-05
1.510884e-05
1.508901e-05
1.506922e-05
1.504946e-05
1.502974e-05
1.501006e-05
1.499041e-05
1.497079e-05
1.495121e-05
1.493167e-05
1.491216e-05
1.489269e-05
1.487325e-05
1.485384e-05
1.483447e-05
1.481513e-05
1.479583e-05
1.477656e-05
1.475733e-05
1.473813e-05
1.471897e-05
1.469984e-05
1.468074e-05
1.466168e-05
1.464265e-05
1.462365e-05
1.460469e-05
1.458576e-05
1.456686e-05
1.454800e-05
1.452917e-05
1.451038e-05
1.449161e-05
1.447288e-05
1.445419e-05
1.443552e-05
1.441689e-05
1.439829e-05
1.437973e-05
1.436119e-05
1.434269e-05
1.432422e-05
1.430579e-05
1.428738e-05
1.426901e-05
1.425067e-05
1.423236e-05
1.421409e-05
1.419584e-05
1.417763e-05
1.415945e-05
1.414130e-05
1.412318e-05
1.410510e-05
1.408704e-05
1.406902e-05
1.405102e-05
1.403306e-05
1.401513e-05
1.399723e-05
1.397936e-05
1.396153e-05
1.394372e-05
1.392594e-05
1.390820e-05
1.389048e-05
1.387280e-05
1.385514e-05
1.383752e-05
1.381993e-05
1.380236e-05
1.378483e-05
1.376733e-05
1.374985e-05
1.373241e-05
1.371500e-05
1.369761e-05
1.368026e-05
1.366294e-05
1.364564e-05
1.362838e-05
1.361114e-05
1.359393e-05
1.357676e-05
1.355961e-05
1.354249e-05
1.352540e-05
1.350834e-05
1.349131e-05
1.347430e-05
1.345733e-05
1.344038e-05
1.342347e-05
1.340658e-05
1.338972e-05
1.337289e-05
1.335609e-05
1.333931e-05
1.332257e-05
1.330585e-05
1.328916e-05
1.327250e-05
1.325586e-05
1.323926e-05
1.322268e-05
1.320613e-05
1.318961e-05
1.317311e-05
1.315665e-05
1.314021e-05
1.312380e-05
1.310741e-05
1.309106e-05
1.307473e-05
1.305842e-05
1.304215e-05
1.302590e-05
1.300968e-05
1.299349e-05
1.297732e-05
1.296118e-05
1.294507e-05
1.292898e-05
1.291292e-05
1.289689e-05
1.288088e-05
1.286491e-05
1.284895e-05
1.283303e-05
1.281713e-05
1.280125e-05
1.278540e-05
1.276958e-05
1.275379e-05
1.273802e-05
1.272228e-05
1.270656e-05
1.269087e-05
1.267520e-05
1.265956e-05
1.264395e-05
1.262836e-05
1.261280e-05
1.259726e-05
1.258175e-05
1.256626e-05
1.255080e-05
1.253537e-05
1.251996e-05
1.250457e-05
1.248921e-05
1.247388e-05
1.245857e-05
1.244328e-05
1.242802e-05
1.241279e-05
1.239758e-05
1.238239e-05
1.236723e-05
1.235210e-05
1.233699e-05
1.232190e-05
1.230684e-05
1.229180e-05
1.227679e-05
1.226180e-05
1.224684e-05
1.223190e-05
1.221698e-05
1.220209e-05
1.218722e-05
1.217238e-05
1.215756e-05
1.214276e-05
1.212799e-05
1.211324e-05
1.209852e-05
1.208382e-05
1.206914e-05
1.205449e-05
1.203986e-05
1.202526e-05
1.201067e-05
1.199612e-05
1.198158e-05
1.196707e-05
1.195258e-05
1.193811e-05
1.192367e-05
1.190925e-05
1.189486e-05
1.188048e-05
1.186613e-05
1.185181e-05
1.183750e-05
1.182322e-05
1.180896e-05
1.179473e-05
1.178051e-05
1.176632e-05
1.175216e-05
1.173801e-05
1.172389e-05
1.170979e-05
1.169571e-05
1.168166e-05
1.166762e-05
1.165361e-05
1.163962e-05
1.162566e-05
1.161171e-05
1.159779e-05
1.158389e-05
1.157001e-05
1.155616e-05
1.154232e-05
1.152851e-05
1.151472e-05
1.150095e-05
1.148721e-05
1.147348e-05
1.145978e-05
1.144609e-05
1.143243e-05
1.141880e-05
1.140518e-05
1.139158e-05
1.137801e-05
1.136445e-05
1.135092e-05
1.133741e-05
1.132392e-05
1.131045e-05
1.129701e-05
1.128358e-05
1.127018e-05
1.125679e-05
1.124343e-05
1.123009e-05
1.121676e-05
1.120346e-05
1.119018e-05
1.117692e-05
1.116369e-05
1.115047e-05
1.113727e-05
1.112409e-05
1.111094e-05
1.109780e-05
1.108469e-05
1.107159e-05
1.105852e-05
1.104546e-05
1.103243e-05
1.101942e-05
1.100642e-05
1.099345e-05
1.098050e-05
1.096756e-05
1.095465e-05
1.094176e-05
1.092889e-05
1.091603e-05
1.090320e-05
1.089039e-05
1.087759e-05
1.086482e-05
1.085206e-05
1.083933e-05
1.082661e-05
1.081392e-05
1.080124e-05
1.078859e-05
1.077595e-05
1.076333e-05
1.075073e-05
1.073816e-05
1.072560e-05
1.071306e-05
1.070054e-05
1.068803e-05
1.067555e-05
1.066309e-05
1.065064e-05
1.063822e-05
1.062581e-05
1.061343e-05
1.060106e-05
1.058871e-05
1.057638e-05
1.056407e-05
1.055177e-05
1.053950e-05
1.052724e-05
1.051501e-05
1.050279e-05
1.049059e-05
1.047841e-05
1.046625e-05
1.045410e-05
1.044198e-05
1.042987e-05
1.041778e-05
1.040571e-05
1.039366e-05
1.038163e-05
1.036961e-05
1.035761e-05
1.034563e-05
1.033367e-05
1.032173e-05
1.030981e-05
1.029790e-05
1.028601e-05
1.027414e-05
1.026229e-05
1.025045e-05
1.023864e-05
1.022684e-05
1.021506e-05
1.020329e-05
1.019155e-05
1.017982e-05
1.016811e-05
1.015641e-05
1.014474e-05
1.013308e-05
1.012144e-05
1.010982e-05
1.009821e-05
1.008663e-05
1.007505e-05
1.006350e-05
1.005197e-05
1.004045e-05
1.002895e-05
1.001746e-05
1.000599e-05
9.994545e-06
9.983112e-06
9.971696e-06
9.960298e-06
9.948916e-06
9.937552e-06
9.926204e-06
9.914874e-06
9.903560e-06
9.892263e-06
9.880983e-06
9.869720e-06
9.858473e-06
9.847243e-06
9.836030e-06
9.824834e-06
9.813654e-06
9.802491e-06
9.791344e-06
9.780214e-06
9.769100e-06
9.758003e-06
9.746923e-06
9.735858e-06
9.724811e-06
9.713779e-06
9.702764e-06
9.691765e-06
9.680782e-06
9.669816e-06
9.658866e-06
9.647932e-06
9.637014e-06
9.626112e-06
9.615226e-06
9.604357e-06
9.593503e-06
9.582665e-06
9.571844e-06
9.561038e-06
9.550248e-06
9.539474e-06
9.528716e-06
9.517974e-06
9.507247e-06
9.496536e-06
9.485841e-06
9.475162e-06
9.464498e-06
9.453850e-06
9.443217e-06
9.432601e-06
9.421999e-06
9.411413e-06
9.400843e-06
9.390288e-06
9.379749e-06
9.369224e-06
9.358716e-06
9.348222e-06
9.337744e-06
9.327282e-06
9.316834e-06
9.306402e-06
9.295985e-06
9.285583e-06
9.275196e-06
9.264825e-06
9.254468e-06
9.244127e-06
9.233800e-06
9.223489e-06
9.213192e-06
9.202911e-06
9.192644e-06
9.182393e-06
9.172156e-06
9.161934e-06
9.151727e-06
9.141535e-06
9.131357e-06
9.121194e-06
9.111046e-06
9.100913e-06
9.090794e-06
9.080690e-06
9.070600e-06
9.060525e-06
9.050465e-06
9.040419e-06
9.030387e-06
9.020371e-06
9.010368e-06
9.000380e-06
8.990406e-06
8.980447e-06
8.970502e-06
8.960571e-06
8.950655e-06
8.940753e-06
8.930865e-06
8.920991e-06
8.911132e-06
8.901286e-06
8.891455e-06
8.881638e-06
8.871835e-06
8.862046e-06
8.852271e-06
8.842510e-06
8.832763e-06
8.823030e-06
8.813311e-06
8.803606e-06
8.793914e-06
8.784237e-06
8.774573e-06
8.764923e-06
8.755287e-06
8.745665e-06
8.736057e-06
8.726462e-06
8.716881e-06
8.707313e-06
8.697759e-06
8.688219e-06
8.678692e-06
8.669179e-06
8.659679e-06
8.650193e-06
8.640721e-06
8.631261e-06
8.621816e-06
8.612383e-06
8.602964e-06
8.593559e-06
8.584167e-06
8.574788e-06
8.565422e-06
8.556070e-06
8.546731e-06
8.537405e-06
8.528092e-06
8.518793e-06
8.509506e-06
8.500233e-06
8.490973e-06
8.481726e-06
8.472492e-06
8.463271e-06
8.454063e-06
8.444868e-06
8.435686e-06
8.426517e-06
8.417361e-06
8.408218e-06
8.399088e-06
8.389970e-06
8.380866e-06
8.371774e-06
8.362695e-06
8.353628e-06
8.344575e-06
8.335534e-06
8.326506e-06
8.317490e-06
8.308488e-06
8.299498e-06
8.290520e-06
8.281555e-06
8.272603e-06
8.263663e-06
8.254735e-06
8.245820e-06
8.236918e-06
8.228028e-06
8.219151e-06
8.210285e-06
8.201433e-06
8.192592e-06
8.183764e-06
8.174949e-06
8.166145e-06
8.157354e-06
8.148575e-06
8.139809e-06
8.131054e-06
8.122312e-06
8.113582e-06
8.104864e-06
8.096158e-06
8.087465e-06
8.078783e-06
8.070114e-06
8.061456e-06
8.052811e-06
8.044177e-06
8.035556e-06
8.026946e-06
8.018349e-06
8.009763e-06
8.001190e-06
7.992628e-06
7.984078e-06
7.975540e-06
7.967013e-06
7.958499e-06
7.949996e-06
7.941505e-06
7.933026e-06
7.924558e-06
7.916103e-06
7.907658e-06
7.899226e-06
7.890805e-06
7.882396e-06
7.873998e-06
7.865612e-06
7.857238e-06
7.848875e-06
7.840523e-06
7.832183e-06
7.823855e-06
7.815538e-06
7.807232e-06
7.798938e-06
7.790655e-06
7.782384e-06
7.774124e-06
7.765875e-06
7.757638e-06
7.749412e-06
7.741197e-06
7.732993e-06
7.724801e-06
7.716620e-06
7.708450e-06
7.700291e-06
7.692144e-06
7.684007e-06
7.675882e-06
7.667768e-06
7.659665e-06
7.651573e-06
7.643492e-06
7.635422e-06
7.627364e-06
7.619316e-06
7.611279e-06
7.603253e-06
7.595238e-06
7.587234e-06
7.579241e-06
7.571258e-06
7.563287e-06
7.555327e-06
7.547377e-06
7.539438e-06
7.531510e-06
7.523592e-06
7.515686e-06
7.507790e-06
7.499905e-06
7.492031e-06
7.484167e-06
7.476314e-06
7.468471e-06
7.460640e-06
7.452818e-06
7.445008e-06
7.437208e-06
7.429418e-06
7.421639e-06
7.413871e-06
7.406113e-06
7.398366e-06
7.390629e-06
7.382902e-06
7.375186e-06
7.367481e-06
7.359786e-06
7.352101e-06
7.344426e-06
7.336762e-06
7.329108e-06
7.321465e-06
7.313832e-06
7.306209e-06
7.298596e-06
7.290994e-06
7.283402e-06
7.275820e-06
7.268248e-06
7.260687e-06
7.253135e-06
7.245594e-06
7.238063e-06
7.230542e-06
7.223031e-06
7.215530e-06
7.208039e-06
7.200558e-06
7.193088e-06
7.185627e-06
7.178176e-06
7.170735e-06
7.163305e-06
7.155884e-06
7.148473e-06
7.141072e-06
7.133681e-06
7.126299e-06
7.118928e-06
7.111567e-06
7.104215e-06
7.096873e-06
7.089541e-06
7.082218e-06
7.074906e-06
7.067603e-06
7.060310e-06
7.053027e-06
7.045753e-06
7.038489e-06
7.031234e-06
7.023990e-06
7.016755e-06
7.009529e-06
7.002313e-06
6.995107e-06
6.987911e-06
6.980723e-06
6.973546e-06
6.966378e-06
6.959219e-06
6.952070e-06
6.944931e-06
6.937800e-06
6.930680e-06
6.923569e-06
6.916467e-06
6.909374e-06
6.902291e-06
6.895218e-06
6.888153e-06
6.881098e-06
6.874053e-06
6.867016e-06
6.859989e-06
6.852971e-06
6.845963e-06
6.838964e-06
6.831974e-06
6.824993e-06
6.818021e-06
6.811059e-06
6.804105e-06
6.797161e-06
6.790226e-06
6.783300e-06
6.776384e-06
6.769476e-06
6.762578e-06
6.755688e-06
6.748808e-06
6.741936e-06
6.735074e-06
6.728221e-06
6.721376e-06
6.714541e-06
6.707714e-06
6.700897e-06
6.694088e-06
6.687289e-06
6.680498e-06
6.673716e-06
6.666943e-06
6.660179e-06
6.653424e-06
6.646677e-06
6.639940e-06
6.633211e-06
6.626491e-06
6.619780e-06
6.613078e-06
6.606384e-06
6.599699e-06
6.593023e-06
6.586355e-06
6.579696e-06
6.573046e-06
6.566405e-06
6.559772e-06
6.553148e-06
6.546532e-06
6.539925e-06
6.533327e-06
6.526737e-06
6.520156e-06
6.513583e-06
6.507019e-06
6.500463e-06
6.493916e-06
6.487378e-06
6.480848e-06
6.474326e-06
6.467813e-06
6.461308e-06
6.454812e-06
6.448324e-06
6.441844e-06
6.435373e-06
6.428911e-06
6.422456e-06
6.416010e-06
6.409573e-06
6.403143e-06
6.396722e-06
6.390310e-06
6.383905e-06
6.377509e-06
6.371121e-06
6.364741e-06
6.358370e-06
6.352007e-06
6.345652e-06
6.339305e-06
6.332966e-06
6.326636e-06
6.320314e-06
6.313999e-06
6.307693e-06
6.301395e-06
6.295106e-06
6.288824e-06
6.282550e-06
6.276285e-06
6.270027e-06
6.263778e-06
6.257536e-06
6.251303e-06
6.245077e-06
6.238860e-06
6.232650e-06
6.226449e-06
6.220255e-06
6.214069e-06
6.207892e-06
6.201722e-06
6.195560e-06
6.189406e-06
6.183260e-06
6.177121e-06
6.170991e-06
6.164868e-06
6.158753e-06
6.152646e-06
6.146547e-06
6.140456e-06
6.134372e-06
6.128296e-06
6.122228e-06
6.116168e-06
6.110115e-06
6.104070e-06
6.098033e-06
6.092003e-06
6.085981e-06
6.079967e-06
6.073961e-06
6.067962e-06
6.061970e-06
6.055987e-06
6.050011e-06
6.044042e-06
6.038081e-06
6.032128e-06
6.026182e-06
6.020244e-06
6.014313e-06
6.008390e-06
6.002475e-06
5.996566e-06
5.990666e-06
5.984772e-06
5.978887e-06
5.973008e-06
5.967138e-06
5.961274e-06
5.955418e-06
5.949570e-06
5.943729e-06
5.937895e-06
5.932068e-06
5.926249e-06
5.920437e-06
5.914633e-06
5.908836e-06
5.903046e-06
5.897264e-06
5.891489e-06
5.885721e-06
5.879960e-06
5.874207e-06
5.868461e-06
5.862722e-06
5.856990e-06
5.851266e-06
5.845549e-06
5.839838e-06
5.834136e-06
5.828440e-06
5.822751e-06
5.817070e-06
5.811396e-06
5.805729e-06
5.800069e-06
5.794416e-06
5.788770e-06
5.783131e-06
5.777499e-06
5.771875e-06
5.766257e-06
5.760647e-06
5.755043e-06
5.749447e-06
5.743857e-06
5.738274e-06
5.732699e-06
5.727130e-06
5.721569e-06
5.716014e-06
5.710466e-06
5.704926e-06
5.699392e-06
5.693865e-06
5.688345e-06
5.682832e-06
5.677325e-06
5.671826e-06
5.666333e-06
5.660847e-06
5.655369e-06
5.649896e-06
5.644431e-06
5.638973e-06
5.633521e-06
5.628076e-06
5.622638e-06
5.617207e-06
5.611782e-06
5.606364e-06
5.600953e-06
5.595548e-06
5.590151e-06
5.584760e-06
5.579375e-06
5.573998e-06
5.568627e-06
5.563262e-06
5.557905e-06
5.552553e-06
5.547209e-06
5.541871e-06
5.536540e-06
5.531215e-06
5.525897e-06
5.520586e-06
5.515281e-06
5.509983e-06
5.504691e-06
5.499406e-06
5.494127e-06
5.488855e-06
5.483589e-06
5.478330e-06
5.473077e-06
5.467831e-06
5.462591e-06
5.457358e-06
5.452131e-06
5.446910e-06
5.441696e-06
5.436489e-06
5.431288e-06
5.426093e-06
5.420904e-06
5.415722e-06
5.410547e-06
5.405377e-06
5.400214e-06
5.395058e-06
5.389908e-06
5.384764e-06
5.379626e-06
5.374495e-06
5.369370e-06
5.364251e-06
5.359138e-06
5.354032e-06
5.348932e-06
5.343839e-06
5.338751e-06
5.333670e-06
5.328595e-06
5.323526e-06
5.318463e-06
5.313407e-06
5.308357e-06
5.303313e-06
5.298275e-06
5.293243e-06
5.288217e-06
5.283198e-06
5.278184e-06
5.273177e-06
5.268176e-06
5.263181e-06
5.258192e-06
5.253209e-06
5.248232e-06
5.243261e-06
5.238297e-06
5.233338e-06
5.228385e-06
5.223439e-06
5.218498e-06
5.213564e-06
5.208635e-06
5.203712e-06
5.198796e-06
5.193885e-06
5.188980e-06
5.184082e-06
5.179189e-06
5.174302e-06
5.169421e-06
5.164546e-06
5.159677e-06
5.154814e-06
5.149956e-06
5.145105e-06
5.140259e-06
5.135420e-06
5.130586e-06
5.125758e-06
5.120936e-06
5.116119e-06
5.111309e-06
5.106504e-06
5.101705e-06
5.096912e-06
5.092125e-06
5.087343e-06
5.082567e-06
5.077797e-06
5.073033e-06
5.068275e-06
5.063522e-06
5.058775e-06
5.054033e-06
5.049298e-06
5.044568e-06
5.039844e-06
5.035125e-06
5.030412e-06
5.025705e-06
5.021003e-06
5.016307e-06
5.011617e-06
5.006933e-06
5.002254e-06
4.997580e-06
4.992912e-06
4.988250e-06
4.983594e-06
4.978943e-06
4.974297e-06
4.969657e-06
4.965023e-06
4.960394e-06
4.955771e-06
4.951153e-06
4.946541e-06
4.941935e-06
4.937334e-06
4.932738e-06
4.928148e-06
4.923563e-06
4.918984e-06
4.914410e-06
4.909842e-06
4.905279e-06
4.900722e-06
4.896170e-06
4.891624e-06
4.887083e-06
4.882547e-06
4.878017e-06
4.873492e-06
4.868973e-06
4.864459e-06
4.859950e-06
4.855447e-06
4.850949e-06
4.846456e-06
4.841969e-06
4.837487e-06
4.833010e-06
4.828539e-06
4.824073e-06
4.819612e-06
4.815157e-06
4.810707e-06
4.806262e-06
4.801823e-06
4.797388e-06
4.792959e-06
4.788536e-06
4.784117e-06
4.779704e-06
4.775296e-06
4.770893e-06
4.766495e-06
4.762103e-06
4.757716e-06
4.753334e-06
4.748957e-06
4.744585e-06
4.740219e-06
4.735857e-06
4.731501e-06
4.727150e-06
4.722804e-06
4.718464e-06
4.714128e-06
4.709797e-06
4.705472e-06
4.701152e-06
4.696836e-06
4.692526e-06
4.688221e-06
4.683921e-06
4.679626e-06
4.675336e-06
4.671051e-06
4.666772e-06
4.662497e-06
4.658227e-06
4.653962e-06
4.649703e-06
4.645448e-06
4.641198e-06
4.636953e-06
4.632714e-06
4.628479e-06
4.624249e-06
4.620024e-06
4.615804e-06
4.611589e-06
4.607379e-06
4.603174e-06
4.598974e-06
4.594779e-06
4.590589e-06
4.586403e-06
4.582223e-06
4.578047e-06
4.573876e-06
4.569711e-06
4.565550e-06
4.561393e-06
4.557242e-06
4.553096e-06
4.548954e-06
4.544817e-06
4.540685e-06
4.536558e-06
4.532436e-06
4.528319e-06
4.524206e-06
4.520098e-06
4.515995e-06
4.511897e-06
4.507803e-06
4.503714e-06
4.499630e-06
4.495551e-06
4.491476e-06
4.487407e-06
4.483341e-06
4.479281e-06
4.475226e-06
4.471175e-06
4.467128e-06
4.463087e-06
4.459050e-06
4.455018e-06
4.450990e-06
4.446968e-06
4.442950e-06
4.438936e-06
4.434927e-06
4.430923e-06
4.426924e-06
4.422929e-06
4.418938e-06
4.414953e-06
4.410972e-06
4.406995e-06
4.403023e-06
4.399056e-06
4.395093e-06
4.391135e-06
4.387182e-06
4.383233e-06
4.379288e-06
4.375349e-06
4.371413e-06
4.367483e-06
4.363556e-06
4.359635e-06
4.355717e-06
4.351805e-06
4.347897e-06
4.343993e-06
4.340094e-06
4.336199e-06
4.332309e-06
4.328423e-06
4.324542e-06
4.320665e-06
4.316793e-06
4.312925e-06
4.309062e-06
4.305203e-06
4.301348e-06
4.297498e-06
4.293652e-06
4.289811e-06
4.285974e-06
4.282141e-06
4.278313e-06
4.274490e-06
4.270670e-06
4.266855e-06
4.263045e-06
4.259239e-06
4.255437e-06
4.251639e-06
4.247846e-06
4.244057e-06
4.240273e-06
4.236493e-06
4.232717e-06
4.228945e-06
4.225178e-06
4.221415e-06
4.217656e-06
4.213902e-06
4.210152e-06
4.206406e-06
4.202665e-06
4.198927e-06
4.195194e-06
4.191466e-06
4.187741e-06
4.184021e-06
4.180305e-06
4.176593e-06
4.172886e-06
4.169182e-06
4.165483e-06
4.161788e-06
4.158098e-06
4.154411e-06
4.150729e-06
4.147051e-06
4.143377e-06
4.139707e-06
4.136041e-06
4.132380e-06
4.128723e-06
4.125070e-06
4.121421e-06
4.117776e-06
4.114135e-06
4.110498e-06
4.106866e-06
4.103237e-06
4.099613e-06
4.095993e-06
4.092377e-06
4.088765e-06
4.085157e-06
4.081553e-06
4.077954e-06
4.074358e-06
4.070766e-06
4.067179e-06
4.063595e-06
4.060016e-06
4.056440e-06
4.052869e-06
4.049302e-06
4.045738e-06
4.042179e-06
4.038624e-06
4.035072e-06
4.031525e-06
4.027982e-06
4.024443e-06
4.020907e-06
4.017376e-06
4.013849e-06
4.010325e-06
4.006806e-06
4.003290e-06
3.999779e-06
3.996271e-06
3.992768e-06
3.989268e-06
3.985772e-06
3.982280e-06
3.978792e-06
3.975308e-06
3.971828e-06
3.968352e-06
3.964880e-06
3.961411e-06
3.957947e-06
3.954486e-06
3.951029e-06
3.947577e-06
3.944128e-06
3.940682e-06
3.937241e-06
3.933804e-06
3.930370e-06
3.926940e-06
3.923514e-06
3.920092e-06
3.916674e-06
3.913259e-06
3.909849e-06
3.906442e-06
3.903039e-06
3.899640e-06
3.896244e-06
3.892853e-06
3.889465e-06
3.886081e-06
3.882700e-06
3.879324e-06
3.875951e-06
3.872582e-06
3.869216e-06
3.865855e-06
3.862497e-06
3.859143e-06
3.855793e-06
3.852446e-06
3.849103e-06
3.845764e-06
3.842428e-06
3.839097e-06
3.835769e-06
3.832444e-06
3.829123e-06
3.825806e-06
3.822493e-06
3.819183e-06
3.815877e-06
3.812575e-06
3.809276e-06
3.805981e-06
3.802690e-06
3.799402e-06
3.796118e-06
3.792838e-06
3.789561e-06
3.786288e-06
3.783018e-06
3.779752e-06
3.776490e-06
3.773231e-06
3.769976e-06
3.766725e-06
3.763477e-06
3.760232e-06
3.756992e-06
3.753754e-06
3.750521e-06
3.747291e-06
3.744064e-06
3.740841e-06
3.737622e-06
3.734406e-06
3.731194e-06
3.727985e-06
3.724780e-06
3.721578e-06
3.718380e-06
3.715185e-06
3.711994e-06
3.708806e-06
3.705622e-06
3.702442e-06
3.699264e-06
3.696091e-06
3.692921e-06
3.689754e-06
3.686591e-06
3.683431e-06
3.680275e-06
3.677122e-06
3.673973e-06
3.670827e-06
3.667684e-06
3.664545e-06
3.661410e-06
3.658277e-06
3.655149e-06
3.652023e-06
3.648902e-06
3.645783e-06
3.642668e-06
3.639557e-06
3.636448e-06
3.633343e-06
3.630242e-06
3.627144e-06
3.624049e-06
3.620958e-06
3.617870e-06
3.614786e-06
3.611704e-06
3.608627e-06
3.605552e-06
3.602481e-06
3.599413e-06
3.596349e-06
3.593288e-06
3.590230e-06
3.587176e-06
3.584125e-06
3.581077e-06
3.578032e-06
3.574991e-06
3.571953e-06
3.568919e-06
3.565888e-06
3.562860e-06
3.559835e-06
3.556814e-06
3.553796e-06
3.550781e-06
3.547769e-06
3.544761e-06
3.541756e-06
3.538754e-06
3.535756e-06
3.532761e-06
3.529769e-06
3.526780e-06
3.523794e-06
3.520812e-06
3.517833e-06
3.514857e-06
3.511885e-06
3.508915e-06
3.505949e-06
3.502986e-06
3.500026e-06
3.497070e-06
3.494117e-06
3.491166e-06
3.488219e-06
3.485276e-06
3.482335e-06
3.479398e-06
3.476463e-06
3.473532e-06
3.470604e-06
3.467679e-06
3.464758e-06
3.461839e-06
3.458924e-06
3.456012e-06
3.453103e-06
3.450197e-06
3.447294e-06
3.444394e-06
3.441498e-06
3.438604e-06
3.435714e-06
3.432827e-06
3.429943e-06
3.427062e-06
3.424184e-06
3.421309e-06
3.418437e-06
3.415568e-06
3.412703e-06
3.409840e-06
3.406981e-06
3.404124e-06
3.401271e-06
3.398421e-06
3.395574e-06
3.392730e-06
3.389888e-06
3.387050e-06
3.384215e-06
3.381383e-06
3.378554e-06
3.375728e-06
3.372906e-06
3.370086e-06
3.367269e-06
3.364455e-06
3.361644e-06
3.358836e-06
3.356031e-06
3.353230e-06
3.350431e-06
3.347635e-06
3.344842e-06
3.342052e-06
3.339265e-06
3.336481e-06
3.333700e-06
3.330922e-06
3.328147e-06
3.325375e-06
3.322606e-06
3.319839e-06
3.317076e-06
3.314316e-06
3.311558e-06
3.308804e-06
3.306052e-06
3.303304e-06
3.300558e-06
3.297815e-06
3.295076e-06
3.292339e-06
3.289605e-06
3.286873e-06
3.284145e-06
3.281420e-06
3.278697e-06
3.275978e-06
3.273261e-06
3.270547e-06
3.267836e-06
3.265128e-06
3.262423e-06
3.259721e-06
3.257021e-06
3.254325e-06
3.251631e-06
3.248940e-06
3.246252e-06
3.243567e-06
3.240885e-06
3.238205e-06
3.235528e-06
3.232855e-06
3.230184e-06
3.227515e-06
3.224850e-06
3.222187e-06
3.219528e-06
3.216871e-06
3.214216e-06
3.211565e-06
3.208917e-06
3.206271e-06
3.203628e-06
3.200988e-06
3.198350e-06
3.195715e-06
3.193084e-06
3.190454e-06
3.187828e-06
3.185205e-06
3.182584e-06
3.179966e-06
3.177350e-06
3.174738e-06
3.172128e-06
3.169521e-06
3.166917e-06
3.164315e-06
3.161716e-06
3.159120e-06
3.156527e-06
3.153936e-06
3.151348e-06
3.148763e-06
3.146180e-06
3.143600e-06
3.141023e-06
3.138449e-06
3.135877e-06
3.133308e-06
3.130742e-06
3.128178e-06
3.125617e-06
3.123059e-06
3.120503e-06
3.117950e-06
3.115400e-06
3.112852e-06
3.110307e-06
3.107765e-06
3.105225e-06
3.102688e-06
3.100154e-06
3.097622e-06
3.095093e-06
3.092567e-06
3.090043e-06
3.087522e-06
3.085003e-06
3.082487e-06
3.079974e-06
3.077463e-06
3.074955e-06
3.072450e-06
3.069947e-06
3.067447e-06
3.064949e-06
3.062454e-06
3.059962e-06
3.057472e-06
3.054984e-06
3.052500e-06
3.050018e-06
3.047538e-06
3.045061e-06
3.042587e-06
3.040115e-06
3.037646e-06
3.035179e-06
3.032715e-06
3.030254e-06
3.027795e-06
3.025338e-06
3.022884e-06
3.020433e-06
3.017984e-06
3.015538e-06
3.013094e-06
3.010653e-06
3.008214e-06
3.005778e-06
3.003344e-06
3.000913e-06
2.998485e-06
2.996058e-06
2.993635e-06
2.991214e-06
2.988795e-06
2.986379e-06
2.983965e-06
2.981554e-06
2.979146e-06
2.976740e-06
2.974336e-06
2.971935e-06
2.969536e-06
2.967140e-06
2.964746e-06
2.962355e-06
2.959966e-06
2.957580e-06
2.955196e-06
2.952814e-06
2.950435e-06
2.948059e-06
2.945684e-06
2.943313e-06
2.940944e-06
2.938577e-06
2.936212e-06
2.933850e-06
2.931491e-06
2.929134e-06
2.926779e-06
2.924427e-06
2.922077e-06
2.919730e-06
2.917385e-06
2.915042e-06
2.912702e-06
2.910364e-06
2.908029e-06
2.905696e-06
2.903365e-06
2.901037e-06
2.898711e-06
2.896387e-06
2.894066e-06
2.891748e-06
2.889431e-06
2.887117e-06
2.884806e-06
2.882496e-06
2.880190e-06
2.877885e-06
2.875583e-06
2.873283e-06
2.870986e-06
2.868690e-06
2.866398e-06
2.864107e-06
2.861819e-06
2.859533e-06
2.857250e-06
2.854969e-06
2.852690e-06
2.850413e-06
2.848139e-06
2.845867e-06
2.843598e-06
2.841331e-06
2.839066e-06
2.836803e-06
2.834543e-06
2.832285e-06
2.830029e-06
2.827776e-06
2.825525e-06
2.823276e-06
2.821029e-06
2.818785e-06
2.816543e-06
2.814303e-06
2.812066e-06
2.809831e-06
2.807598e-06
2.805367e-06
2.803139e-06
2.800913e-06
2.798689e-06
2.796467e-06
2.794248e-06
2.792031e-06
2.789816e-06
2.787604e-06
2.785393e-06
2.783185e-06
2.780979e-06
2.778776e-06
2.776574e-06
2.774375e-06
2.772178e-06
2.769983e-06
2.767791e-06
2.765600e-06
2.763412e-06
2.761226e-06
2.759043e-06
2.756861e-06
2.754682e-06
2.752505e-06
2.750330e-06
2.748157e-06
2.745987e-06
2.743818e-06
2.741652e-06
2.739488e-06
2.737326e-06
2.735167e-06
2.733009e-06
2.730854e-06
2.728701e-06
2.726550e-06
2.724401e-06
2.722255e-06
2.720110e-06
2.717968e-06
2.715828e-06
2.713690e-06
2.711554e-06
2.709421e-06
2.707289e-06
2.705160e-06
2.703032e-06
2.700907e-06
2.698784e-06
2.696663e-06
2.694545e-06
2.692428e-06
2.690314e-06
2.688201e-06
2.686091e-06
2.683983e-06
2.681877e-06
2.679773e-06
2.677671e-06
2.675571e-06
2.673474e-06
2.671378e-06
2.669285e-06
2.667194e-06
2.665104e-06
2.663017e-06
2.660932e-06
2.658849e-06
2.656768e-06
2.654689e-06
2.652613e-06
2.650538e-06
2.648465e-06
2.646395e-06
2.644327e-06
2.642260e-06
2.640196e-06
2.638134e-06
2.636073e-06
2.634015e-06
2.631959e-06
2.629905e-06
2.627853e-06
2.625803e-06
2.623755e-06
2.621709e-06
2.619665e-06
2.617623e-06
2.615584e-06
2.613546e-06
2.611510e-06
2.609476e-06
2.607445e-06
2.605415e-06
2.603387e-06
2.601362e-06
2.599338e-06
2.597316e-06
2.595297e-06
2.593279e-06
2.591264e-06
2.589250e-06
2.587238e-06
2.585229e-06
2.583221e-06
2.581215e-06
2.579212e-06
2.577210e-06
2.575210e-06
2.573213e-06
2.571217e-06
2.569223e-06
2.567231e-06
2.565241e-06
2.563254e-06
2.561268e-06
2.559284e-06
2.557302e-06
2.555322e-06
2.553344e-06
2.551368e-06
2.549394e-06
2.547421e-06
2.545451e-06
2.543483e-06
2.541516e-06
2.539552e-06
2.537589e-06
2.535629e-06
2.533670e-06
2.531714e-06
2.529759e-06
2.527806e-06
2.525855e-06
2.523906e-06
2.521959e-06
2.520014e-06
2.518071e-06
2.516129e-06
2.514190e-06
2.512252e-06
2.510317e-06
2.508383e-06
2.506451e-06
2.504521e-06
2.502593e-06
2.500667e-06
2.498743e-06
2.496820e-06
2.494900e-06
2.492981e-06
2.491065e-06
2.489150e-06
2.487237e-06
2.485326e-06
2.483417e-06
2.481509e-06
2.479604e-06
2.477700e-06
2.475799e-06
2.473899e-06
2.472001e-06
2.470105e-06
2.468210e-06
2.466318e-06
2.464427e-06
2.462539e-06
2.460652e-06
2.458767e-06
2.456883e-06
2.455002e-06
2.453123e-06
2.451245e-06
2.449369e-06
2.447495e-06
2.445623e-06
2.443752e-06
2.441884e-06
2.440017e-06
2.438152e-06
2.436289e-06
2.434428e-06
2.432568e-06
2.430711e-06
2.428855e-06
2.427001e-06
2.425149e-06
2.423298e-06
2.421450e-06
2.419603e-06
2.417758e-06
2.415915e-06
2.414073e-06
2.412233e-06
2.410396e-06
2.408560e-06
2.406725e-06
2.404893e-06
2.403062e-06
2.401233e-06
2.399406e-06
2.397580e-06
2.395757e-06
2.393935e-06
2.392115e-06
2.390297e-06
2.388480e-06
2.386665e-06
2.384852e-06
2.383041e-06
2.381231e-06
2.379423e-06
2.377617e-06
2.375813e-06
2.374011e-06
2.372210e-06
2.370411e-06
2.368613e-06
2.366818e-06
2.365024e-06
2.363232e-06
2.361441e-06
2.359653e-06
2.357866e-06
2.356081e-06
2.354297e-06
2.352515e-06
2.350735e-06
2.348957e-06
2.347181e-06
2.345406e-06
2.343632e-06
2.341861e-06
2.340091e-06
2.338323e-06
2.336557e-06
2.334792e-06
2.333029e-06
2.331268e-06
2.329508e-06
2.327751e-06
2.325994e-06
2.324240e-06
2.322487e-06
2.320736e-06
2.318987e-06
2.317239e-06
2.315493e-06
2.313748e-06
2.312006e-06
2.310265e-06
2.308525e-06
2.306788e-06
2.305052e-06
2.303317e-06
2.301585e-06
2.299853e-06
2.298124e-06
2.296396e-06
2.294670e-06
2.292946e-06
2.291223e-06
2.289502e-06
2.287783e-06
2.286065e-06
2.284349e-06
2.282634e-06
2.280921e-06
2.279210e-06
2.277500e-06
2.275792e-06
2.274086e-06
2.272381e-06
2.270678e-06
2.268977e-06
2.267277e-06
2.265579e-06
2.263882e-06
2.262187e-06
2.260494e-06
2.258802e-06
2.257112e-06
2.255424e-06
2.253737e-06
2.252051e-06
2.250368e-06
2.248686e-06
2.247005e-06
2.245326e-06
2.243649e-06
2.241973e-06
2.240299e-06
2.238627e-06
2.236956e-06
2.235287e-06
2.233619e-06
2.231953e-06
2.230288e-06
2.228625e-06
2.226964e-06
2.225304e-06
2.223646e-06
2.221989e-06
2.220334e-06
2.218681e-06
2.217029e-06
2.215378e-06
2.213730e-06
2.212082e-06
2.210437e-06
2.208793e-06
2.207150e-06
2.205509e-06
2.203870e-06
2.202232e-06
2.200595e-06
2.198961e-06
2.197327e-06
2.195696e-06
2.194066e-06
2.192437e-06
2.190810e-06
2.189184e-06
2.187560e-06
2.185938e-06
2.184317e-06
2.182698e-06
2.181080e-06
2.179464e-06
2.177849e-06
2.176235e-06
2.174624e-06
2.173014e-06
2.171405e-06
2.169798e-06
2.168192e-06
2.166588e-06
2.164985e-06
2.163384e-06
2.161784e-06
2.160186e-06
2.158590e-06
2.156995e-06
2.155401e-06
2.153809e-06
2.152218e-06
2.150629e-06
2.149042e-06
2.147455e-06
2.145871e-06
2.144288e-06
2.142706e-06
2.141126e-06
2.139547e-06
2.137970e-06
2.136394e-06
2.134820e-06
2.133247e-06
2.131676e-06
2.130106e-06
2.128538e-06
2.126971e-06
2.125406e-06
2.123842e-06
2.122279e-06
2.120718e-06
2.119159e-06
2.117601e-06
2.116044e-06
2.114489e-06
2.112936e-06
2.111383e-06
2.109833e-06
2.108283e-06
2.106735e-06
2.105189e-06
2.103644e-06
2.102100e-06
2.100558e-06
2.099018e-06
2.097479e-06
2.095941e-06
2.094404e-06
2.092870e-06
2.091336e-06
2.089804e-06
2.088274e-06
2.086744e-06
2.085217e-06
2.083690e-06
2.082165e-06
2.080642e-06
2.079120e-06
2.077599e-06
2.076080e-06
2.074562e-06
2.073046e-06
2.071531e-06
2.070017e-06
2.068505e-06
2.066995e-06
2.065485e-06
2.063977e-06
2.062471e-06
2.060966e-06
2.059462e-06
2.057960e-06
2.056459e-06
2.054959e-06
2.053461e-06
2.051964e-06
2.050469e-06
2.048975e-06
2.047482e-06
2.045991e-06
2.044501e-06
2.043013e-06
2.041526e-06
2.040040e-06
2.038556e-06
2.037073e-06
2.035592e-06
2.034111e-06
2.032633e-06
2.031155e-06
2.029679e-06
2.028205e-06
2.026731e-06
2.025259e-06
2.023789e-06
2.022319e-06
2.020852e-06
2.019385e-06
2.017920e-06
2.016456e-06
2.014994e-06
2.013533e-06
2.012073e-06
2.010614e-06
2.009157e-06
2.007702e-06
2.006247e-06
2.004794e-06
2.003343e-06
2.001892e-06
2.000443e-06
1.998996e-06
1.997549e-06
1.996104e-06
1.994661e-06
1.993218e-06
1.991777e-06
1.990338e-06
1.988899e-06
1.987462e-06
1.986027e-06
1.984592e-06
1.983159e-06
1.981728e-06
1.980297e-06
1.978868e-06
1.977440e-06
1.976014e-06
1.974589e-06
1.973165e-06
1.971742e-06
1.970321e-06
1.968901e-06
1.967482e-06
1.966065e-06
1.964649e-06
1.963234e-06
1.961821e-06
1.960409e-06
1.958998e-06
1.957588e-06
1.956180e-06
1.954773e-06
1.953368e-06
1.951963e-06
1.950560e-06
1.949158e-06
1.947758e-06
1.946359e-06
1.944961e-06
1.943564e-06
1.942169e-06
1.940774e-06
1.939382e-06
1.937990e-06
1.936600e-06
1.935211e-06
1.933823e-06
1.932436e-06
1.931051e-06
1.929667e-06
1.928285e-06
1.926903e-06
1.925523e-06
1.924144e-06
1.922766e-06
1.921390e-06
1.920015e-06
1.918641e-06
1.917268e-06
1.915897e-06
1.914527e-06
1.913158e-06
1.911790e-06
1.910424e-06
1.909059e-06
1.907695e-06
1.906332e-06
1.904971e-06
1.903611e-06
1.902252e-06
1.900894e-06
1.899538e-06
1.898182e-06
1.896828e-06
1.895476e-06
1.894124e-06
1.892774e-06
1.891425e-06
1.890077e-06
1.888730e-06
1.887385e-06
1.886041e-06
1.884698e-06
1.883356e-06
1.882015e-06
1.880676e-06
1.879338e-06
1.878001e-06
1.876665e-06
1.875331e-06
1.873998e-06
1.872666e-06
1.871335e-06
1.870005e-06
1.868677e-06
1.867349e-06
1.866023e-06
1.864699e-06
1.863375e-06
1.862053e-06
1.860731e-06
1.859411e-06
1.858092e-06
1.856775e-06
1.855458e-06
1.854143e-06
1.852829e-06
1.851516e-06
1.850204e-06
1.848894e-06
1.847584e-06
1.846276e-06
1.844969e-06
1.843663e-06
1.842359e-06
1.841055e-06
1.839753e-06
1.838452e-06
1.837152e-06
1.835853e-06
1.834556e-06
1.833259e-06
1.831964e-06
1.830670e-06
1.829377e-06
1.828085e-06
1.826795e-06
1.825505e-06
1.824217e-06
1.822930e-06
1.821644e-06
1.820359e-06
1.819075e-06
1.817793e-06
1.816512e-06
1.815231e-06
1.813952e-06
1.812675e-06
1.811398e-06
1.810122e-06
1.808848e-06
1.807574e-06
1.806302e-06
1.805031e-06
1.803761e-06
1.802493e-06
1.801225e-06
1.799959e-06
1.798693e-06
1.797429e-06
1.796166e-06
1.794904e-06
1.793643e-06
1.792384e-06
1.791125e-06
1.789868e-06
1.788611e-06
1.787356e-06
1.786102e-06
1.784849e-06
1.783597e-06
1.782347e-06
1.781097e-06
1.779849e-06
1.778601e-06
1.777355e-06
1.776110e-06
1.774866e-06
1.773623e-06
1.772381e-06
1.771140e-06
1.769901e-06
1.768662e-06
1.767425e-06
1.766189e-06
1.764954e-06
1.763720e-06
1.762487e-06
1.761255e-06
1.760024e-06
1.758794e-06
1.757566e-06
1.756338e-06
1.755112e-06
1.753887e-06
1.752662e-06
1.751439e-06
1.750217e-06
1.748996e-06
1.747777e-06
1.746558e-06
1.745340e-06
1.744124e-06
1.742908e-06
1.741694e-06
1.740480e-06
1.739268e-06
1.738057e-06
1.736847e-06
1.735638e-06
1.734430e-06
1.733223e-06
1.732017e-06
1.730812e-06
1.729608e-06
1.728406e-06
1.727204e-06
1.726004e-06
1.724804e-06
1.723606e-06
1.722408e-06
1.721212e-06
1.720017e-06
1.718823e-06
1.717630e-06
1.716438e-06
1.715247e-06
1.714057e-06
1.712868e-06
1.711680e-06
1.710493e-06
1.709308e-06
1.708123e-06
1.706939e-06
1.705757e-06
1.704575e-06
1.703395e-06
1.702215e-06
1.701037e-06
1.699860e-06
1.698683e-06
1.697508e-06
1.696334e-06
1.695160e-06
1.693988e-06
1.692817e-06
1.691647e-06
1.690478e-06
1.689310e-06
1.688143e-06
1.686977e-06
1.685812e-06
1.684648e-06
1.683485e-06
1.682323e-06
1.681162e-06
1.680002e-06
1.678843e-06
1.677686e-06
1.676529e-06
1.675373e-06
1.674218e-06
1.673064e-06
1.671912e-06
1.670760e-06
1.669609e-06
1.668460e-06
1.667311e-06
1.666163e-06
1.665016e-06
1.663871e-06
1.662726e-06
1.661582e-06
1.660440e-06
1.659298e-06
1.658157e-06
1.657018e-06
1.655879e-06
1.654741e-06
1.653605e-06
1.652469e-06
1.651334e-06
1.650201e-06
1.649068e-06
1.647936e-06
1.646806e-06
1.645676e-06
1.644547e-06
1.643419e-06
1.642293e-06
1.641167e-06
1.640042e-06
1.638918e-06
1.637795e-06
1.636674e-06
1.635553e-06
1.634433e-06
1.633314e-06
1.632196e-06
1.631079e-06
1.629963e-06
1.628848e-06
1.627734e-06
1.626621e-06
1.625509e-06
1.624398e-06
1.623287e-06
1.622178e-06
1.621070e-06
1.619963e-06
1.618856e-06
1.617751e-06
1.616647e-06
1.615543e-06
1.614441e-06
1.613339e-06
1.612239e-06
1.611139e-06
1.610041e-06
1.608943e-06
1.607846e-06
1.606750e-06
1.605656e-06
1.604562e-06
1.603469e-06
1.602377e-06
1.601286e-06
1.600196e-06
1.599107e-06
1.598018e-06
1.596931e-06
1.595845e-06
1.594760e-06
1.593675e-06
1.592592e-06
1.591509e-06
1.590428e-06
1.589347e-06
1.588267e-06
1.587188e-06
1.586111e-06
1.585034e-06
1.583958e-06
1.582883e-06
1.581809e-06
1.580735e-06
1.579663e-06
1.578592e-06
1.577521e-06
1.576452e-06
1.575383e-06
1.574316e-06
1.573249e-06
1.572183e-06
1.571118e-06
1.570054e-06
1.568991e-06
1.567929e-06
1.566868e-06
1.565808e-06
1.564748e-06
1.563690e-06
1.562632e-06
1.561576e-06
1.560520e-06
1.559465e-06
1.558411e-06
1.557358e-06
1.556306e-06
1.555255e-06
1.554205e-06
1.553155e-06
1.552107e-06
1.551059e-06
1.550013e-06
1.548967e-06
1.547922e-06
1.546878e-06
1.545835e-06
1.544793e-06
1.543752e-06
1.542711e-06
1.541672e-06
1.540633e-06
1.539596e-06
1.538559e-06
1.537523e-06
1.536488e-06
1.535454e-06
1.534420e-06
1.533388e-06
1.532357e-06
1.531326e-06
1.530296e-06
1.529268e-06
1.528240e-06
1.527213e-06
1.526186e-06
1.525161e-06
1.524137e-06
1.523113e-06
1.522090e-06
1.521069e-06
1.520048e-06
1.519028e-06
1.518008e-06
1.516990e-06
1.515973e-06
1.514956e-06
1.513940e-06
1.512926e-06
1.511912e-06
1.510899e-06
1.509886e-06
1.508875e-06
1.507865e-06
1.506855e-06
1.505846e-06
1.504838e-06
1.503831e-06
1.502825e-06
1.501820e-06
1.500815e-06
1.499812e-06
1.498809e-06
1.497807e-06
1.496806e-06
1.495806e-06
1.494806e-06
1.493808e-06
1.492810e-06
1.491813e-06
1.490818e-06
1.489822e-06
1.488828e-06
1.487835e-06
1.486842e-06
1.485850e-06
1.484860e-06
1.483870e-06
1.482880e-06
1.481892e-06
1.480905e-06
1.479918e-06
1.478932e-06
1.477947e-06
1.476963e-06
1.475980e-06
1.474997e-06
1.474016e-06
1.473035e-06
1.472055e-06
1.471076e-06
1.470097e-06
1.469120e-06
1.468143e-06
1.467167e-06
1.466192e-06
1.465218e-06
1.464245e-06
1.463272e-06
1.462301e-06
1.461330e-06
1.460360e-06
1.459390e-06
1.458422e-06
1.457454e-06
1.456488e-06
1.455522e-06
1.454556e-06
1.453592e-06
1.452629e-06
1.451666e-06
1.450704e-06
1.449743e-06
1.448783e-06
1.447823e-06
1.446865e-06
1.445907e-06
1.444950e-06
1.443994e-06
1.443038e-06
1.442084e-06
1.441130e-06
1.440177e-06
1.439225e-06
1.438273e-06
1.437323e-06
1.436373e-06
1.435424e-06
1.434476e-06
1.433528e-06
1.432582e-06
1.431636e-06
1.430691e-06
1.429747e-06
1.428804e-06
1.427861e-06
1.426919e-06
1.425978e-06
1.425038e-06
1.424098e-06
1.423160e-06
1.422222e-06
1.421285e-06
1.420349e-06
1.419413e-06
1.418478e-06
1.417545e-06
1.416611e-06
1.415679e-06
1.414747e-06
1.413817e-06
1.412887e-06
1.411957e-06
1.411029e-06
1.410101e-06
1.409174e-06
1.408248e-06
1.407323e-06
1.406399e-06
1.405475e-06
1.404552e-06
1.403629e-06
1.402708e-06
1.401787e-06
1.400867e-06
1.399948e-06
1.399030e-06
1.398112e-06
1.397195e-06
1.396279e-06
1.395364e-06
1.394450e-06
1.393536e-06
1.392623e-06
1.391710e-06
1.390799e-06
1.389888e-06
1.388978e-06
1.388069e-06
1.387161e-06
1.386253e-06
1.385346e-06
1.384440e-06
1.383534e-06
1.382630e-06
1.381726e-06
1.380823e-06
1.379920e-06
1.379019e-06
1.378118e-06
1.377218e-06
1.376318e-06
1.375420e-06
1.374522e-06
1.373625e-06
1.372728e-06
1.371833e-06
1.370938e-06
1.370043e-06
1.369150e-06
1.368257e-06
1.367365e-06
1.366474e-06
1.365584e-06
1.364694e-06
1.363805e-06
1.362917e-06
1.362029e-06
1.361143e-06
1.360257e-06
1.359371e-06
1.358487e-06
1.357603e-06
1.356720e-06
1.355838e-06
1.354956e-06
1.354075e-06
1.353195e-06
1.352315e-06
1.351437e-06
1.350559e-06
1.349682e-06
1.348805e-06
1.347929e-06
1.347054e-06
1.346180e-06
1.345306e-06
1.344433e-06
1.343561e-06
1.342690e-06
1.341819e-06
1.340949e-06
1.340080e-06
1.339211e-06
1.338343e-06
1.337476e-06
1.336610e-06
1.335744e-06
1.334879e-06
1.334015e-06
1.333151e-06
1.332289e-06
1.331427e-06
1.330565e-06
1.329704e-06
1.328844e-06
1.327985e-06
1.327127e-06
1.326269e-06
1.325412e-06
1.324555e-06
1.323699e-06
1.322844e-06
1.321990e-06
1.321136e-06
1.320284e-06
1.319431e-06
1.318580e-06
1.317729e-06
1.316879e-06
1.316030e-06
1.315181e-06
1.314333e-06
1.313486e-06
1.312639e-06
1.311793e-06
1.310948e-06
1.310103e-06
1.309259e-06
1.308416e-06
1.307574e-06
1.306732e-06
1.305891e-06
1.305051e-06
1.304211e-06
1.303372e-06
1.302534e-06
1.301696e-06
1.300859e-06
1.300023e-06
1.299187e-06
1.298352e-06
1.297518e-06
1.296685e-06
1.295852e-06
1.295020e-06
1.294188e-06
1.293358e-06
1.292528e-06
1.291698e-06
1.290869e-06
1.290041e-06
1.289214e-06
1.288387e-06
1.287561e-06
1.286736e-06
1.285911e-06
1.285087e-06
1.284264e-06
1.283441e-06
1.282619e-06
1.281798e-06
1.280977e-06
1.280157e-06
1.279338e-06
1.278520e-06
1.277702e-06
1.276884e-06
1.276068e-06
1.275252e-06
1.274436e-06
1.273622e-06
1.272808e-06
1.271995e-06
1.271182e-06
1.270370e-06
1.269559e-06
1.268748e-06
1.267938e-06
1.267129e-06
1.266320e-06
1.265512e-06
1.264705e-06
1.263898e-06
1.263092e-06
1.262287e-06
1.261482e-06
1.260678e-06
1.259875e-06
1.259072e-06
1.258270e-06
1.257468e-06
1.256668e-06
1.255867e-06
1.255068e-06
1.254269e-06
1.253471e-06
1.252673e-06
1.251876e-06
1.251080e-06
1.250285e-06
1.249490e-06
1.248695e-06
1.247902e-06
1.247109e-06
1.246316e-06
1.245525e-06
1.244734e-06
1.243943e-06
1.243153e-06
1.242364e-06
1.241576e-06
1.240788e-06
1.240000e-06
1.239214e-06
1.238428e-06
1.237643e-06
1.236858e-06
1.236074e-06
1.235290e-06
1.234508e-06
1.233725e-06
1.232944e-06
1.232163e-06
1.231383e-06
1.230603e-06
1.229824e-06
1.229046e-06
1.228268e-06
1.227491e-06
1.226714e-06
1.225938e-06
1.225163e-06
1.224389e-06
1.223615e-06
1.222841e-06
1.222069e-06
1.221296e-06
1.220525e-06
1.219754e-06
1.218984e-06
1.218214e-06
1.217445e-06
1.216677e-06
1.215909e-06
1.215142e-06
1.214375e-06
1.213610e-06
1.212844e-06
1.212080e-06
1.211316e-06
1.210552e-06
1.209789e-06
1.209027e-06
1.208265e-06
1.207504e-06
1.206744e-06
1.205984e-06
1.205225e-06
1.204467e-06
1.203709e-06
1.202951e-06
1.202195e-06
1.201439e-06
1.200683e-06
1.199928e-06
1.199174e-06
1.198420e-06
1.197667e-06
1.196915e-06
1.196163e-06
1.195412e-06
1.194661e-06
1.193911e-06
1.193161e-06
1.192413e-06
1.191664e-06
1.190917e-06
1.190170e-06
1.189423e-06
1.188677e-06
1.187932e-06
1.187187e-06
1.186443e-06
1.185700e-06
1.184957e-06
1.184215e-06
1.183473e-06
1.182732e-06
1.181991e-06
1.181251e-06
1.180512e-06
1.179773e-06
1.179035e-06
1.178298e-06
1.177561e-06
1.176824e-06
1.176089e-06
1.175353e-06
1.174619e-06
1.173885e-06
1.173151e-06
1.172419e-06
1.171686e-06
1.170955e-06
1.170224e-06
1.169493e-06
1.168763e-06
1.168034e-06
1.167305e-06
1.166577e-06
1.165849e-06
1.165122e-06
1.164396e-06
1.163670e-06
1.162945e-06
1.162220e-06
1.161496e-06
1.160772e-06
1.160049e-06
1.159327e-06
1.158605e-06
1.157884e-06
1.157163e-06
1.156443e-06
1.155724e-06
1.155005e-06
1.154286e-06
1.153568e-06
1.152851e-06
1.152134e-06
1.151418e-06
1.150703e-06
1.149988e-06
1.149273e-06
1.148560e-06
1.147846e-06
1.147134e-06
1.146421e-06
1.145710e-06
1.144999e-06
1.144288e-06
1.143579e-06
1.142869e-06
1.142161e-06
1.141452e-06
1.140745e-06
1.140038e-06
1.139331e-06
1.138625e-06
1.137920e-06
1.137215e-06
1.136511e-06
1.135807e-06
1.135104e-06
1.134401e-06
1.133699e-06
1.132998e-06
1.132297e-06
1.131596e-06
1.130896e-06
1.130197e-06
1.129498e-06
1.128800e-06
1.128103e-06
1.127406e-06
1.126709e-06
1.126013e-06
1.125318e-06
1.124623e-06
1.123929e-06
1.123235e-06
1.122542e-06
1.121849e-06
1.121157e-06
1.120465e-06
1.119774e-06
1.119084e-06
1.118394e-06
1.117704e-06
1.117015e-06
1.116327e-06
1.115639e-06
1.114952e-06
1.114265e-06
1.113579e-06
1.112894e-06
1.112209e-06
1.111524e-06
1.110840e-06
1.110157e-06
1.109474e-06
1.108791e-06
1.108109e-06
1.107428e-06
1.106747e-06
1.106067e-06
1.105387e-06
1.104708e-06
1.104030e-06
1.103351e-06
1.102674e-06
1.101997e-06
1.101320e-06
1.100644e-06
1.099969e-06
1.099294e-06
1.098620e-06
1.097946e-06
1.097272e-06
1.096600e-06
1.095927e-06
1.095256e-06
1.094584e-06
1.093914e-06
1.093243e-06
1.092574e-06
1.091905e-06
1.091236e-06
1.090568e-06
1.089900e-06
1.089233e-06
1.088567e-06
1.087901e-06
1.087236e-06
1.086571e-06
1.085906e-06
1.085242e-06
1.084579e-06
1.083916e-06
1.083254e-06
1.082592e-06
1.081931e-06
1.081270e-06
1.080609e-06
1.079950e-06
1.079290e-06
1.078632e-06
1.077973e-06
1.077316e-06
1.076659e-06
1.076002e-06
1.075346e-06
1.074690e-06
1.074035e-06
1.073380e-06
1.072726e-06
1.072073e-06
1.071419e-06
1.070767e-06
1.070115e-06
1.069463e-06
1.068812e-06
1.068162e-06
1.067512e-06
1.066862e-06
1.066213e-06
1.065564e-06
1.064916e-06
1.064269e-06
1.063622e-06
1.062975e-06
1.062329e-06
1.061684e-06
1.061039e-06
1.060394e-06
1.059750e-06
1.059107e-06
1.058464e-06
1.057821e-06
1.057179e-06
1.056538e-06
1.055897e-06
1.055256e-06
1.054616e-06
1.053976e-06
1.053337e-06
1.052699e-06
1.052061e-06
1.051423e-06
1.050786e-06
1.050150e-06
1.049514e-06
1.048878e-06
1.048243e-06
1.047608e-06
1.046974e-06
1.046341e-06
1.045708e-06
1.045075e-06
1.044443e-06
1.043811e-06
1.043180e-06
1.042549e-06
1.041919e-06
1.041289e-06
1.040660e-06
1.040032e-06
1.039403e-06
1.038776e-06
1.038148e-06
1.037521e-06
1.036895e-06
1.036269e-06
1.035644e-06
1.035019e-06
1.034395e-06
1.033771e-06
1.033148e-06
1.032525e-06
1.031902e-06
1.031280e-06
1.030659e-06
1.030038e-06
1.029417e-06
1.028797e-06
1.028178e-06
1.027559e-06
1.026940e-06
1.026322e-06
1.025704e-06
1.025087e-06
1.024470e-06
1.023854e-06
1.023238e-06
1.022623e-06
1.022008e-06
1.021394e-06
1.020780e-06
1.020167e-06
1.019554e-06
1.018941e-06
1.018329e-06
1.017718e-06
1.017107e-06
1.016496e-06
1.015886e-06
1.015276e-06
1.014667e-06
1.014059e-06
1.013450e-06
1.012843e-06
1.012235e-06
1.011628e-06
1.011022e-06
1.010416e-06
1.009811e-06
1.009206e-06
1.008601e-06
1.007997e-06
1.007394e-06
1.006791e-06
1.006188e-06
1.005586e-06
1.004984e-06
1.004383e-06
1.003782e-06
1.003182e-06
1.002582e-06
1.001982e-06
1.001383e-06
1.000785e-06
1.000187e-06
9.995892e-07
9.989920e-07
9.983953e-07
9.977991e-07
9.972033e-07
9.966080e-07
9.960132e-07
9.954188e-07
9.948248e-07
9.942313e-07
9.936383e-07
9.930457e-07
9.924536e-07
9.918619e-07
9.912706e-07
9.906798e-07
9.900895e-07
9.894996e-07
9.889102e-07
9.883212e-07
9.877327e-07
9.871446e-07
9.865570e-07
9.859698e-07
9.853830e-07
9.847967e-07
9.842109e-07
9.836255e-07
9.830405e-07
9.824560e-07
9.818720e-07
9.812884e-07
9.807052e-07
9.801224e-07
9.795402e-07
9.789583e-07
9.783769e-07
9.777959e-07
9.772154e-07
9.766354e-07
9.760557e-07
9.754765e-07
9.748978e-07
9.743194e-07
9.737416e-07
9.731641e-07
9.725871e-07
9.720106e-07
9.714345e-07
9.708588e-07
9.702835e-07
9.697087e-07
9.691343e-07
9.685604e-07
9.679869e-07
9.674138e-07
9.668412e-07
9.662690e-07
9.656972e-07
9.651259e-07
9.645550e-07
9.639845e-07
9.634145e-07
9.628449e-07
9.622757e-07
9.617069e-07
9.611386e-07
9.605707e-07
9.600033e-07
9.594363e-07
9.588697e-07
9.583035e-07
9.577378e-07
9.571725e-07
9.566076e-07
9.560431e-07
9.554791e-07
9.549155e-07
9.543523e-07
9.537896e-07
9.532272e-07
9.526653e-07
9.521039e-07
9.515428e-07
9.509822e-07
9.504220e-07
9.498622e-07
9.493028e-07
9.487439e-07
9.481854e-07
9.476273e-07
