1.079871e-02
7.930434e-03
7.959559e-03
9.721953e-03
9.717290e-03
9.014859e-03
8.034368e-03
7.054103e-03
6.144770e-03
5.361849e-03
4.695926e-03
4.144403e-03
3.686454e-03
3.309200e-03
2.995850e-03
2.735222e-03
2.516123e-03
2.330813e-03
2.172314e-03
2.035657e-03
1.916582e-03
1.811973e-03
1.719221e-03
1.636370e-03
1.561793e-03
1.494239e-03
1.432670e-03
1.376264e-03
1.324334e-03
1.276326e-03
1.231771e-03
1.190280e-03
1.151522e-03
1.115217e-03
1.081124e-03
1.049034e-03
1.018766e-03
9.901620e-04
9.630818e-04
9.429251e-04
9.243699e-04
9.057680e-04
8.871517e-04
8.685515e-04
8.499967e-04
8.315145e-04
8.131306e-04
7.948689e-04
7.767515e-04
7.587989e-04
7.410298e-04
7.234614e-04
7.061092e-04
6.889871e-04
6.721077e-04
6.554820e-04
6.408738e-04
6.288981e-04
6.173311e-04
6.061520e-04
5.953418e-04
5.848824e-04
5.747569e-04
5.649498e-04
5.554461e-04
5.462322e-04
5.372948e-04
5.289055e-04
5.225978e-04
5.162952e-04
5.100009e-04
5.037184e-04
4.974506e-04
4.912008e-04
4.849718e-04
4.787664e-04
4.725873e-04
4.664371e-04
4.603183e-04
4.542332e-04
4.481841e-04
4.421729e-04
4.362018e-04
4.302727e-04
4.243872e-04
4.185470e-04
4.127537e-04
4.070088e-04
4.013136e-04
3.956694e-04
3.900772e-04
3.845383e-04
3.790535e-04
3.736237e-04
3.682498e-04
3.629325e-04
3.576724e-04
3.524702e-04
3.473262e-04
3.432204e-04
3.393377e-04
3.355323e-04
3.318020e-04
3.281446e-04
3.245580e-04
3.210402e-04
3.175894e-04
3.142036e-04
3.108810e-04
3.076200e-04
3.044188e-04
3.012760e-04
2.981899e-04
2.951590e-04
2.921820e-04
2.892574e-04
2.863838e-04
2.835601e-04
2.807848e-04
2.780569e-04
2.753752e-04
2.727385e-04
2.701457e-04
2.675957e-04
2.650876e-04
2.626204e-04
2.601930e-04
2.578045e-04
2.554541e-04
2.531409e-04
2.508640e-04
2.486225e-04
2.464158e-04
2.442430e-04
2.421033e-04
2.399960e-04
2.379205e-04
2.358760e-04
2.338619e-04
2.318775e-04
2.299221e-04
2.279952e-04
2.260962e-04
2.242245e-04
2.223795e-04
2.205606e-04
2.187674e-04
2.169994e-04
2.152559e-04
2.135365e-04
2.118408e-04
2.101683e-04
2.085184e-04
2.068909e-04
2.052852e-04
2.037009e-04
2.021376e-04
2.005949e-04
1.990724e-04
1.975698e-04
1.960867e-04
1.946226e-04
1.931774e-04
1.917505e-04
1.903417e-04
1.889506e-04
1.875770e-04
1.862205e-04
1.848808e-04
1.835577e-04
1.822507e-04
1.809597e-04
1.796843e-04
1.784243e-04
1.771795e-04
1.759495e-04
1.747342e-04
1.735332e-04
1.723463e-04
1.711733e-04
1.700139e-04
1.688680e-04
1.677353e-04
1.666156e-04
1.655087e-04
1.644143e-04
1.633323e-04
1.622625e-04
1.612046e-04
1.601585e-04
1.591241e-04
1.581010e-04
1.570892e-04
1.560884e-04
1.550986e-04
1.541194e-04
1.531508e-04
1.521926e-04
1.512446e-04
1.503068e-04
1.493788e-04
1.484606e-04
1.475521e-04
1.466531e-04
1.457634e-04
1.448829e-04
1.440115e-04
1.431491e-04
1.422954e-04
1.414505e-04
1.406141e-04
1.397862e-04
1.389666e-04
1.381552e-04
1.373519e-04
1.365565e-04
1.357691e-04
1.349893e-04
1.342173e-04
1.334527e-04
1.326956e-04
1.319459e-04
1.312033e-04
1.304679e-04
1.297396e-04
1.290182e-04
1.283036e-04
1.275958e-04
1.268947e-04
1.262001e-04
1.255121e-04
1.248305e-04
1.241551e-04
1.234861e-04
1.228232e-04
1.221663e-04
1.215155e-04
1.208706e-04
1.202316e-04
1.195983e-04
1.189708e-04
1.183488e-04
1.177325e-04
1.171216e-04
1.165162e-04
1.159161e-04
1.153213e-04
1.147317e-04
1.141473e-04
1.135679e-04
1.129937e-04
1.124243e-04
1.118599e-04
1.113004e-04
1.107456e-04
1.101956e-04
1.096503e-04
1.091096e-04
1.085735e-04
1.080418e-04
1.075147e-04
1.069919e-04
1.064736e-04
1.059595e-04
1.054497e-04
1.049441e-04
1.044426e-04
1.039453e-04
1.034520e-04
1.029628e-04
1.024775e-04
1.019962e-04
1.015187e-04
1.010451e-04
1.005753e-04
1.001092e-04
9.964688e-05
9.918821e-05
9.873317e-05
9.828172e-05
9.783382e-05
9.738944e-05
9.694853e-05
9.651106e-05
9.607700e-05
9.564629e-05
9.521891e-05
9.479482e-05
9.437399e-05
9.395638e-05
9.354196e-05
9.313069e-05
9.272254e-05
9.231748e-05
9.191547e-05
9.151648e-05
9.112048e-05
9.072745e-05
9.033734e-05
8.995013e-05
8.956579e-05
8.918429e-05
8.880559e-05
8.842968e-05
8.805652e-05
8.768609e-05
8.731835e-05
8.695328e-05
8.659086e-05
8.623105e-05
8.587383e-05
8.551917e-05
8.516706e-05
8.481745e-05
8.447034e-05
8.412568e-05
8.378347e-05
8.344367e-05
8.310627e-05
8.277123e-05
8.243854e-05
8.210817e-05
8.178010e-05
8.145430e-05
8.113076e-05
8.080946e-05
8.049037e-05
8.017347e-05
7.985874e-05
7.954616e-05
7.923571e-05
7.892736e-05
7.862111e-05
7.831693e-05
7.801479e-05
7.771469e-05
7.741660e-05
7.712050e-05
7.682638e-05
7.653421e-05
7.624398e-05
7.595567e-05
7.566927e-05
7.538474e-05
7.510209e-05
7.482129e-05
7.454232e-05
7.426517e-05
7.398982e-05
7.371625e-05
7.344446e-05
7.317441e-05
7.290610e-05
7.263952e-05
7.237464e-05
7.211145e-05
7.184993e-05
7.159008e-05
7.133187e-05
7.107529e-05
7.082033e-05
7.056698e-05
7.031521e-05
7.006502e-05
6.981639e-05
6.956931e-05
6.932376e-05
6.907973e-05
6.883721e-05
6.859619e-05
6.835665e-05
6.811857e-05
6.788196e-05
6.764679e-05
6.741305e-05
6.718073e-05
6.694982e-05
6.672030e-05
6.649217e-05
6.626541e-05
6.604001e-05
6.581596e-05
6.559325e-05
6.537187e-05
6.515180e-05
6.493304e-05
6.471557e-05
6.449938e-05
6.428447e-05
6.407082e-05
6.385843e-05
6.364727e-05
6.343735e-05
6.322865e-05
6.302116e-05
6.281487e-05
6.260977e-05
6.240586e-05
6.220312e-05
6.200154e-05
6.180112e-05
6.160184e-05
6.140370e-05
6.120668e-05
6.101078e-05
6.081599e-05
6.062230e-05
6.042970e-05
6.023818e-05
6.004774e-05
5.985836e-05
5.967004e-05
5.948277e-05
5.929654e-05
5.911134e-05
5.892717e-05
5.874401e-05
5.856186e-05
5.838071e-05
5.820056e-05
5.802139e-05
5.784319e-05
5.766597e-05
5.748971e-05
5.731441e-05
5.714005e-05
5.696664e-05
5.679416e-05
5.662260e-05
5.645197e-05
5.628225e-05
5.611343e-05
5.594551e-05
5.577849e-05
5.561235e-05
5.544709e-05
5.528270e-05
5.511917e-05
5.495651e-05
5.479470e-05
5.463373e-05
5.447361e-05
5.431432e-05
5.415586e-05
5.399822e-05
5.384139e-05
5.368538e-05
5.353017e-05
5.337575e-05
5.322213e-05
5.306930e-05
5.291724e-05
5.276596e-05
5.261546e-05
5.246571e-05
5.231672e-05
5.216849e-05
5.202100e-05
5.187426e-05
5.172825e-05
5.158297e-05
5.143842e-05
5.129459e-05
5.115148e-05
5.100908e-05
5.086738e-05
5.072638e-05
5.058608e-05
5.044648e-05
5.030755e-05
5.016931e-05
5.003175e-05
4.989485e-05
4.975863e-05
4.962307e-05
4.948816e-05
4.935391e-05
4.922031e-05
4.908735e-05
4.895503e-05
4.882334e-05
4.869229e-05
4.856187e-05
4.843206e-05
4.830288e-05
4.817430e-05
4.804634e-05
4.791899e-05
4.779223e-05
4.766607e-05
4.754051e-05
4.741554e-05
4.729115e-05
4.716734e-05
4.704411e-05
4.692145e-05
4.679936e-05
4.667784e-05
4.655688e-05
4.643648e-05
4.631664e-05
4.619734e-05
4.607859e-05
4.596039e-05
4.584273e-05
4.572560e-05
4.560901e-05
4.549294e-05
4.537740e-05
4.526239e-05
4.514789e-05
4.503391e-05
4.492044e-05
4.480748e-05
4.469502e-05
4.458307e-05
4.447162e-05
4.436066e-05
4.425020e-05
4.414022e-05
4.403074e-05
4.392173e-05
4.381321e-05
4.370516e-05
4.359758e-05
4.349048e-05
4.338385e-05
4.327768e-05
4.317197e-05
4.306672e-05
4.296193e-05
4.285759e-05
4.275370e-05
4.265026e-05
4.254727e-05
4.244471e-05
4.234260e-05
4.224092e-05
4.213968e-05
4.203887e-05
4.193848e-05
4.183852e-05
4.173899e-05
4.163987e-05
4.154117e-05
4.144289e-05
4.134502e-05
4.124756e-05
4.115051e-05
4.105386e-05
4.095762e-05
4.086177e-05
4.076633e-05
4.067128e-05
4.057662e-05
4.048235e-05
4.038847e-05
4.029498e-05
4.020187e-05
4.010914e-05
4.001679e-05
3.992482e-05
3.983322e-05
3.974199e-05
3.965113e-05
3.956064e-05
3.947052e-05
3.938075e-05
3.929135e-05
3.920231e-05
3.911363e-05
3.902530e-05
3.893732e-05
3.884969e-05
3.876241e-05
3.867548e-05
3.858889e-05
3.850264e-05
3.841674e-05
3.833117e-05
3.824594e-05
3.816104e-05
3.807647e-05
3.799224e-05
3.790833e-05
3.782475e-05
3.774150e-05
3.765857e-05
3.757596e-05
3.749366e-05
3.741169e-05
3.733003e-05
3.724869e-05
3.716765e-05
3.708693e-05
3.700651e-05
3.692640e-05
3.684660e-05
3.676710e-05
3.668790e-05
3.660900e-05
3.653039e-05
3.645209e-05
3.637408e-05
3.629636e-05
3.621893e-05
3.614179e-05
3.606494e-05
3.598838e-05
3.591210e-05
3.583610e-05
3.576039e-05
3.568495e-05
3.560980e-05
3.553492e-05
3.546032e-05
3.538599e-05
3.531193e-05
3.523814e-05
3.516463e-05
3.509138e-05
3.501839e-05
3.494568e-05
3.487322e-05
3.480103e-05
3.472910e-05
3.465742e-05
3.458601e-05
3.451485e-05
3.444395e-05
3.437330e-05
3.430290e-05
3.423275e-05
3.416285e-05
3.409320e-05
3.402380e-05
3.395464e-05
3.388573e-05
3.381706e-05
3.374863e-05
3.368045e-05
3.361250e-05
3.354479e-05
3.347731e-05
3.341007e-05
3.334307e-05
3.327629e-05
3.320975e-05
3.314344e-05
3.307736e-05
3.301150e-05
3.294588e-05
3.288047e-05
3.281530e-05
3.275034e-05
3.268561e-05
3.262110e-05
3.255680e-05
3.249273e-05
3.242887e-05
3.236523e-05
3.230181e-05
3.223860e-05
3.217560e-05
3.211281e-05
3.205024e-05
3.198787e-05
3.192572e-05
3.186377e-05
3.180202e-05
3.174049e-05
3.167915e-05
3.161802e-05
3.155709e-05
3.149637e-05
3.143584e-05
3.137551e-05
3.131539e-05
3.125545e-05
3.119572e-05
3.113618e-05
3.107683e-05
3.101768e-05
3.095872e-05
3.089995e-05
3.084137e-05
3.078298e-05
3.072478e-05
3.066677e-05
3.060894e-05
3.055130e-05
3.049384e-05
3.043657e-05
3.037948e-05
3.032258e-05
3.026585e-05
3.020930e-05
3.015294e-05
3.009675e-05
3.004074e-05
2.998491e-05
2.992925e-05
2.987377e-05
2.981846e-05
2.976333e-05
2.970836e-05
2.965357e-05
2.959895e-05
2.954450e-05
2.949022e-05
2.943611e-05
2.938217e-05
2.932839e-05
2.927478e-05
2.922133e-05
2.916805e-05
2.911493e-05
2.906198e-05
2.900918e-05
2.895655e-05
2.890408e-05
2.885177e-05
2.879962e-05
2.874762e-05
2.869579e-05
2.864411e-05
2.859258e-05
2.854121e-05
2.849000e-05
2.843894e-05
2.838803e-05
2.833728e-05
2.828668e-05
2.823623e-05
2.818592e-05
2.813577e-05
2.808577e-05
2.803592e-05
2.798621e-05
2.793665e-05
2.788724e-05
2.783797e-05
2.778884e-05
2.773987e-05
2.769103e-05
2.764234e-05
2.759379e-05
2.754538e-05
2.749711e-05
2.744898e-05
2.740100e-05
2.735315e-05
2.730544e-05
2.725786e-05
2.721043e-05
2.716313e-05
2.711597e-05
2.706894e-05
2.702205e-05
2.697529e-05
2.692866e-05
2.688217e-05
2.683581e-05
2.678958e-05
2.674349e-05
2.669752e-05
2.665168e-05
2.660598e-05
2.656040e-05
2.651495e-05
2.646963e-05
2.642443e-05
2.637936e-05
2.633442e-05
2.628961e-05
2.624491e-05
2.620035e-05
2.615590e-05
2.611158e-05
2.606739e-05
2.602331e-05
2.597936e-05
2.593553e-05
2.589182e-05
2.584822e-05
2.580475e-05
2.576140e-05
2.571817e-05
2.567505e-05
2.563205e-05
2.558917e-05
2.554641e-05
2.550376e-05
2.546123e-05
2.541881e-05
2.537651e-05
2.533432e-05
2.529224e-05
2.525028e-05
2.520843e-05
2.516670e-05
2.512507e-05
2.508356e-05
2.504215e-05
2.500086e-05
2.495968e-05
2.491861e-05
2.487764e-05
2.483679e-05
2.479604e-05
2.475540e-05
2.471487e-05
2.467444e-05
2.463412e-05
2.459391e-05
2.455380e-05
2.451380e-05
2.447390e-05
2.443410e-05
2.439441e-05
2.435482e-05
2.431534e-05
2.427596e-05
2.423668e-05
2.419750e-05
2.415842e-05
2.411944e-05
2.408057e-05
2.404179e-05
2.400311e-05
2.396454e-05
2.392606e-05
2.388768e-05
2.384940e-05
2.381121e-05
2.377312e-05
2.373513e-05
2.369724e-05
2.365944e-05
2.362174e-05
2.358413e-05
2.354662e-05
2.350920e-05
2.347188e-05
2.343465e-05
2.339751e-05
2.336047e-05
2.332352e-05
2.328666e-05
2.324989e-05
2.321322e-05
2.317663e-05
2.314014e-05
2.310374e-05
2.306743e-05
2.303120e-05
2.299507e-05
2.295903e-05
2.292307e-05
2.288721e-05
2.285143e-05
2.281574e-05
2.278013e-05
2.274462e-05
2.270919e-05
2.267385e-05
2.263859e-05
2.260342e-05
2.256833e-05
2.253333e-05
2.249842e-05
2.246359e-05
2.242884e-05
2.239418e-05
2.235960e-05
2.232510e-05
2.229069e-05
2.225636e-05
2.222211e-05
2.218794e-05
2.215386e-05
2.211985e-05
2.208593e-05
2.205209e-05
2.201833e-05
2.198465e-05
2.195105e-05
2.191753e-05
2.188408e-05
2.185072e-05
2.181743e-05
2.178423e-05
2.175110e-05
2.171805e-05
2.168508e-05
2.165218e-05
2.161936e-05
2.158662e-05
2.155395e-05
2.152136e-05
2.148885e-05
2.145641e-05
2.142405e-05
2.139176e-05
2.135955e-05
2.132741e-05
2.129534e-05
2.126335e-05
2.123144e-05
2.119959e-05
2.116782e-05
2.113613e-05
2.110450e-05
2.107295e-05
2.104147e-05
2.101006e-05
2.097872e-05
2.094746e-05
2.091626e-05
2.088514e-05
2.085409e-05
2.082310e-05
2.079219e-05
2.076135e-05
2.073057e-05
2.069987e-05
2.066924e-05
2.063867e-05
2.060817e-05
2.057774e-05
2.054738e-05
2.051709e-05
2.048687e-05
2.045671e-05
2.042662e-05
2.039659e-05
2.036664e-05
2.033675e-05
2.030692e-05
2.027717e-05
2.024747e-05
2.021785e-05
2.018829e-05
2.015879e-05
2.012936e-05
2.009999e-05
2.007069e-05
2.004146e-05
2.001228e-05
1.998317e-05
1.995413e-05
1.992514e-05
1.989622e-05
1.986737e-05
1.983858e-05
1.980984e-05
1.978118e-05
1.975257e-05
1.972402e-05
1.969554e-05
1.966712e-05
1.963876e-05
1.961046e-05
1.958222e-05
1.955405e-05
1.952593e-05
1.949787e-05
1.946988e-05
1.944194e-05
1.941406e-05
1.938625e-05
1.935849e-05
1.933079e-05
1.930315e-05
1.927557e-05
1.924805e-05
1.922058e-05
1.919318e-05
1.916583e-05
1.913854e-05
1.911131e-05
1.908413e-05
1.905701e-05
1.902995e-05
1.900295e-05
1.897600e-05
1.894911e-05
1.892227e-05
1.889550e-05
1.886877e-05
1.884211e-05
1.881549e-05
1.878894e-05
1.876244e-05
1.873599e-05
1.870960e-05
1.868327e-05
1.865699e-05
1.863076e-05
1.860459e-05
1.857847e-05
1.855240e-05
1.852639e-05
1.850043e-05
1.847453e-05
1.844868e-05
1.842288e-05
1.839713e-05
1.837144e-05
1.834580e-05
1.832021e-05
1.829468e-05
1.826919e-05
1.824376e-05
1.821838e-05
1.819305e-05
1.816778e-05
1.814255e-05
1.811738e-05
1.809225e-05
1.806718e-05
1.804216e-05
1.801718e-05
1.799226e-05
1.796739e-05
1.794257e-05
1.791780e-05
1.789308e-05
1.786840e-05
1.784378e-05
1.781921e-05
1.779468e-05
1.777021e-05
1.774578e-05
1.772140e-05
1.769707e-05
1.767279e-05
1.764855e-05
1.762437e-05
1.760023e-05
1.757614e-05
1.755210e-05
1.752811e-05
1.750416e-05
1.748026e-05
1.745641e-05
1.743260e-05
1.740884e-05
1.738513e-05
1.736146e-05
1.733784e-05
1.731427e-05
1.729074e-05
1.726726e-05
1.724382e-05
1.722043e-05
1.719709e-05
1.717379e-05
1.715054e-05
1.712733e-05
1.710417e-05
1.708105e-05
1.705797e-05
1.703494e-05
1.701196e-05
1.698902e-05
1.696612e-05
1.694327e-05
1.692046e-05
1.689770e-05
1.687498e-05
1.685230e-05
1.682967e-05
1.680708e-05
1.678453e-05
1.676203e-05
1.673957e-05
1.671715e-05
1.669478e-05
1.667245e-05
1.665016e-05
1.662791e-05
1.660570e-05
1.658354e-05
1.656142e-05
1.653934e-05
1.651731e-05
1.649531e-05
1.647336e-05
1.645144e-05
1.642957e-05
1.640774e-05
1.638596e-05
1.636421e-05
1.634250e-05
1.632084e-05
1.629921e-05
1.627763e-05
1.625608e-05
1.623458e-05
1.621311e-05
1.619169e-05
1.617031e-05
1.614896e-05
1.612766e-05
1.610639e-05
1.608517e-05
1.606398e-05
1.604284e-05
1.602173e-05
1.600066e-05
1.597963e-05
1.595864e-05
1.593769e-05
1.591678e-05
1.589591e-05
1.587507e-05
1.585427e-05
1.583351e-05
1.581279e-05
1.579211e-05
1.577147e-05
1.575086e-05
1.573029e-05
1.570976e-05
1.568927e-05
1.566881e-05
1.564839e-05
1.562801e-05
1.560766e-05
1.558736e-05
1.556709e-05
1.554685e-05
1.552666e-05
1.550650e-05
1.548637e-05
1.546628e-05
1.544623e-05
1.542622e-05
1.540624e-05
1.538630e-05
1.536639e-05
1.534652e-05
1.532669e-05
1.530689e-05
1.528712e-05
1.526740e-05
1.524770e-05
1.522805e-05
1.520843e-05
1.518884e-05
1.516929e-05
1.514977e-05
1.513029e-05
1.511084e-05
1.509143e-05
1.507205e-05
1.505271e-05
1.503340e-05
1.501413e-05
1.499489e-05
1.497568e-05
1.495651e-05
1.493737e-05
1.491827e-05
1.489920e-05
1.488016e-05
1.486116e-05
1.484219e-05
1.482325e-05
1.480435e-05
1.478548e-05
1.476665e-05
1.474784e-05
1.472907e-05
1.471034e-05
1.469163e-05
1.467296e-05
1.465432e-05
1.463572e-05
1.461715e-05
1.459861e-05
1.458010e-05
1.456162e-05
1.454318e-05
1.452477e-05
1.450639e-05
1.448804e-05
1.446972e-05
1.445144e-05
1.443319e-05
1.441497e-05
1.439678e-05
1.437862e-05
1.436050e-05
1.434240e-05
1.432434e-05
1.430631e-05
1.428831e-05
1.427034e-05
1.425240e-05
1.423449e-05
1.421662e-05
1.419877e-05
1.418095e-05
1.416317e-05
1.414542e-05
1.412769e-05
1.411000e-05
1.409234e-05
1.407470e-05
1.405710e-05
1.403953e-05
1.402198e-05
1.400447e-05
1.398699e-05
1.396954e-05
1.395211e-05
1.393472e-05
1.391736e-05
1.390002e-05
1.388272e-05
1.386544e-05
1.384819e-05
1.383098e-05
1.381379e-05
1.379663e-05
1.377950e-05
1.376240e-05
1.374533e-05
1.372828e-05
1.371127e-05
1.369428e-05
1.367733e-05
1.366040e-05
1.364350e-05
1.362663e-05
1.360978e-05
1.359297e-05
1.357618e-05
1.355942e-05
1.354269e-05
1.352599e-05
1.350931e-05
1.349267e-05
1.347605e-05
1.345946e-05
1.344289e-05
1.342636e-05
1.340985e-05
1.339337e-05
1.337691e-05
1.336049e-05
1.334409e-05
1.332772e-05
1.331137e-05
1.329505e-05
1.327876e-05
1.326250e-05
1.324626e-05
1.323005e-05
1.321387e-05
1.319772e-05
1.318159e-05
1.316548e-05
1.314941e-05
1.313336e-05
1.311733e-05
1.310134e-05
1.308537e-05
1.306942e-05
1.305350e-05
1.303761e-05
1.302175e-05
1.300591e-05
1.299009e-05
1.297430e-05
1.295854e-05
1.294281e-05
1.292710e-05
1.291141e-05
1.289575e-05
1.288012e-05
1.286451e-05
1.284893e-05
1.283337e-05
1.281784e-05
1.280233e-05
1.278685e-05
1.277139e-05
1.275596e-05
1.274055e-05
1.272517e-05
1.270981e-05
1.269448e-05
1.267918e-05
1.266389e-05
1.264864e-05
1.263340e-05
1.261819e-05
1.260301e-05
1.258785e-05
1.257272e-05
1.255761e-05
1.254252e-05
1.252746e-05
1.251242e-05
1.249741e-05
1.248242e-05
1.246745e-05
1.245251e-05
1.243760e-05
1.242270e-05
1.240783e-05
1.239299e-05
1.237817e-05
1.236337e-05
1.234859e-05
1.233384e-05
1.231911e-05
1.230441e-05
1.228973e-05
1.227507e-05
1.226044e-05
1.224583e-05
1.223124e-05
1.221668e-05
1.220214e-05
1.218762e-05
1.217312e-05
1.215865e-05
1.214420e-05
1.212978e-05
1.211537e-05
1.210099e-05
1.208663e-05
1.207230e-05
1.205799e-05
1.204370e-05
1.202943e-05
1.201519e-05
1.200096e-05
1.198676e-05
1.197259e-05
1.195843e-05
1.194430e-05
1.193019e-05
1.191610e-05
1.190203e-05
1.188799e-05
1.187397e-05
1.185997e-05
1.184599e-05
1.183203e-05
1.181810e-05
1.180418e-05
1.179029e-05
1.177642e-05
1.176257e-05
1.174875e-05
1.173494e-05
1.172116e-05
1.170740e-05
1.169366e-05
1.167994e-05
1.166624e-05
1.165257e-05
1.163891e-05
1.162528e-05
1.161167e-05
1.159807e-05
1.158450e-05
1.157095e-05
1.155743e-05
1.154392e-05
1.153043e-05
1.151697e-05
1.150352e-05
1.149010e-05
1.147669e-05
1.146331e-05
1.144995e-05
1.143661e-05
1.142329e-05
1.140999e-05
1.139671e-05
1.138345e-05
1.137021e-05
1.135699e-05
1.134379e-05
1.133061e-05
1.131746e-05
1.130432e-05
1.129120e-05
1.127810e-05
1.126503e-05
1.125197e-05
1.123893e-05
1.122591e-05
1.121292e-05
1.119994e-05
1.118698e-05
1.117404e-05
1.116113e-05
1.114823e-05
1.113535e-05
1.112249e-05
1.110965e-05
1.109683e-05
1.108403e-05
1.107125e-05
1.105848e-05
1.104574e-05
1.103302e-05
1.102032e-05
1.100763e-05
1.099497e-05
1.098232e-05
1.096969e-05
1.095708e-05
1.094450e-05
1.093193e-05
1.091938e-05
1.090684e-05
1.089433e-05
1.088184e-05
1.086936e-05
1.085691e-05
1.084447e-05
1.083205e-05
1.081965e-05
1.080727e-05
1.079490e-05
1.078256e-05
1.077023e-05
1.075793e-05
1.074564e-05
1.073337e-05
1.072112e-05
1.070888e-05
1.069667e-05
1.068447e-05
1.067229e-05
1.066013e-05
1.064799e-05
1.063587e-05
1.062376e-05
1.061167e-05
1.059960e-05
1.058755e-05
1.057552e-05
1.056350e-05
1.055150e-05
1.053952e-05
1.052756e-05
1.051562e-05
1.050369e-05
1.049178e-05
1.047989e-05
1.046802e-05
1.045616e-05
1.044432e-05
1.043250e-05
1.042070e-05
1.040891e-05
1.039714e-05
1.038539e-05
1.037366e-05
1.036194e-05
1.035024e-05
1.033856e-05
1.032690e-05
1.031525e-05
1.030362e-05
1.029201e-05
1.028041e-05
1.026883e-05
1.025727e-05
1.024573e-05
1.023420e-05
1.022269e-05
1.021120e-05
1.019972e-05
1.018826e-05
1.017682e-05
1.016539e-05
1.015398e-05
1.014259e-05
1.013121e-05
1.011986e-05
1.010851e-05
1.009719e-05
1.008588e-05
1.007458e-05
1.006331e-05
1.005205e-05
1.004081e-05
1.002958e-05
1.001837e-05
1.000717e-05
9.995996e-06
9.984834e-06
9.973689e-06
9.962560e-06
9.951447e-06
9.940350e-06
9.929270e-06
9.918205e-06
9.907157e-06
9.896125e-06
9.885109e-06
9.874108e-06
9.863124e-06
9.852156e-06
9.841203e-06
9.830267e-06
9.819346e-06
9.808441e-06
9.797552e-06
9.786679e-06
9.775821e-06
9.764979e-06
9.754153e-06
9.743342e-06
9.732547e-06
9.721768e-06
9.711004e-06
9.700256e-06
9.689523e-06
9.678806e-06
9.668104e-06
9.657417e-06
9.646746e-06
9.636090e-06
9.625450e-06
9.614825e-06
9.604215e-06
9.593620e-06
9.583041e-06
9.572477e-06
9.561927e-06
9.551394e-06
9.540875e-06
9.530371e-06
9.519882e-06
9.509408e-06
9.498950e-06
9.488506e-06
9.478077e-06
9.467663e-06
9.457264e-06
9.446880e-06
9.436511e-06
9.426156e-06
9.415816e-06
9.405491e-06
9.395181e-06
9.384885e-06
9.374604e-06
9.364338e-06
9.354086e-06
9.343849e-06
9.333627e-06
9.323419e-06
9.313225e-06
9.303046e-06
9.292882e-06
9.282731e-06
9.272596e-06
9.262474e-06
9.252367e-06
9.242274e-06
9.232196e-06
9.222132e-06
9.212082e-06
9.202046e-06
9.192025e-06
9.182018e-06
9.172024e-06
9.162045e-06
9.152080e-06
9.142130e-06
9.132193e-06
9.122270e-06
9.112361e-06
9.102466e-06
9.092585e-06
9.082718e-06
9.072865e-06
9.063026e-06
9.053200e-06
9.043389e-06
9.033591e-06
9.023807e-06
9.014037e-06
9.004280e-06
8.994537e-06
8.984808e-06
8.975092e-06
8.965391e-06
8.955702e-06
8.946027e-06
8.936366e-06
8.926719e-06
8.917084e-06
8.907464e-06
8.897856e-06
8.888263e-06
8.878682e-06
8.869115e-06
8.859561e-06
8.850021e-06
8.840494e-06
8.830980e-06
8.821480e-06
8.811993e-06
8.802519e-06
8.793058e-06
8.783610e-06
8.774176e-06
8.764754e-06
8.755346e-06
8.745951e-06
8.736569e-06
8.727199e-06
8.717843e-06
8.708500e-06
8.699170e-06
8.689853e-06
8.680549e-06
8.671257e-06
8.661979e-06
8.652713e-06
8.643460e-06
8.634220e-06
8.624993e-06
8.615778e-06
8.606577e-06
8.597388e-06
8.588211e-06
8.579047e-06
8.569896e-06
8.560758e-06
8.551632e-06
8.542519e-06
8.533418e-06
8.524330e-06
8.515255e-06
8.506192e-06
8.497141e-06
8.488103e-06
8.479077e-06
8.470064e-06
8.461063e-06
8.452075e-06
8.443098e-06
8.434135e-06
8.425183e-06
8.416244e-06
8.407317e-06
8.398402e-06
8.389499e-06
8.380609e-06
8.371731e-06
8.362865e-06
8.354011e-06
8.345169e-06
8.336339e-06
8.327522e-06
8.318716e-06
8.309923e-06
8.301141e-06
8.292372e-06
8.283614e-06
8.274869e-06
8.266135e-06
8.257413e-06
8.248703e-06
8.240005e-06
8.231319e-06
8.222645e-06
8.213982e-06
8.205332e-06
8.196693e-06
8.188065e-06
8.179450e-06
8.170846e-06
8.162254e-06
8.153674e-06
8.145105e-06
8.136548e-06
8.128002e-06
8.119468e-06
8.110946e-06
8.102435e-06
8.093936e-06
8.085448e-06
8.076972e-06
8.068507e-06
8.060054e-06
8.051612e-06
8.043181e-06
8.034762e-06
8.026354e-06
8.017958e-06
8.009573e-06
8.001199e-06
7.992836e-06
7.984485e-06
7.976145e-06
7.967817e-06
7.959499e-06
7.951193e-06
7.942898e-06
7.934614e-06
7.926341e-06
7.918080e-06
7.909829e-06
7.901590e-06
7.893361e-06
7.885144e-06
7.876938e-06
7.868742e-06
7.860558e-06
7.852385e-06
7.844223e-06
7.836071e-06
7.827931e-06
7.819801e-06
7.811683e-06
7.803575e-06
7.795478e-06
7.787392e-06
7.779316e-06
7.771252e-06
7.763198e-06
7.755155e-06
7.747123e-06
7.739102e-06
7.731091e-06
7.723091e-06
7.715101e-06
7.707123e-06
7.699154e-06
7.691197e-06
7.683250e-06
7.675314e-06
7.667388e-06
7.659473e-06
7.651568e-06
7.643674e-06
7.635790e-06
7.627917e-06
7.620054e-06
7.612202e-06
7.604360e-06
7.596529e-06
7.588708e-06
7.580897e-06
7.573097e-06
7.565307e-06
7.557527e-06
7.549758e-06
7.541999e-06
7.534250e-06
7.526512e-06
7.518783e-06
7.511065e-06
7.503357e-06
7.495660e-06
7.487972e-06
7.480295e-06
7.472628e-06
7.464971e-06
7.457324e-06
7.449687e-06
7.442060e-06
7.434443e-06
7.426837e-06
7.419240e-06
7.411653e-06
7.404077e-06
7.396510e-06
7.388953e-06
7.381406e-06
7.373870e-06
7.366343e-06
7.358825e-06
7.351318e-06
7.343821e-06
7.336333e-06
7.328856e-06
7.321388e-06
7.313930e-06
7.306482e-06
7.299043e-06
7.291614e-06
7.284195e-06
7.276786e-06
7.269386e-06
7.261996e-06
7.254616e-06
7.247246e-06
7.239885e-06
7.232533e-06
7.225192e-06
7.217859e-06
7.210537e-06
7.203224e-06
7.195920e-06
7.188627e-06
7.181342e-06
7.174067e-06
7.166802e-06
7.159546e-06
7.152299e-06
7.145062e-06
7.137835e-06
7.130616e-06
7.123408e-06
7.116208e-06
7.109018e-06
7.101837e-06
7.094666e-06
7.087504e-06
7.080351e-06
7.073208e-06
7.066073e-06
7.058948e-06
7.051833e-06
7.044726e-06
7.037629e-06
7.030541e-06
7.023462e-06
7.016392e-06
7.009331e-06
7.002280e-06
6.995238e-06
6.988204e-06
6.981180e-06
6.974165e-06
6.967159e-06
6.960162e-06
6.953175e-06
6.946196e-06
6.939226e-06
6.932265e-06
6.925313e-06
6.918370e-06
6.911436e-06
6.904511e-06
6.897595e-06
6.890688e-06
6.883790e-06
6.876900e-06
6.870020e-06
6.863148e-06
6.856285e-06
6.849431e-06
6.842586e-06
6.835749e-06
6.828922e-06
6.822103e-06
6.815293e-06
6.808491e-06
6.801699e-06
6.794915e-06
6.788140e-06
6.781373e-06
6.774615e-06
6.767866e-06
6.761125e-06
6.754393e-06
6.747670e-06
6.740955e-06
6.734249e-06
6.727552e-06
6.720863e-06
6.714182e-06
6.707510e-06
6.700847e-06
6.694192e-06
6.687546e-06
6.680908e-06
6.674278e-06
6.667657e-06
6.661045e-06
6.654441e-06
6.647845e-06
6.641258e-06
6.634679e-06
6.628108e-06
6.621546e-06
6.614992e-06
6.608447e-06
6.601910e-06
6.595381e-06
6.588860e-06
6.582348e-06
6.575844e-06
6.569348e-06
6.562861e-06
6.556382e-06
6.549911e-06
6.543448e-06
6.536993e-06
6.530547e-06
6.524108e-06
6.517678e-06
6.511256e-06
6.504842e-06
6.498437e-06
6.492039e-06
6.485650e-06
6.479268e-06
6.472895e-06
6.466529e-06
6.460172e-06
6.453823e-06
6.447482e-06
6.441148e-06
6.434823e-06
6.428506e-06
6.422197e-06
6.415895e-06
6.409602e-06
6.403316e-06
6.397039e-06
6.390769e-06
6.384507e-06
6.378253e-06
6.372007e-06
6.365769e-06
6.359539e-06
6.353317e-06
6.347102e-06
6.340895e-06
6.334696e-06
6.328505e-06
6.322321e-06
6.316146e-06
6.309978e-06
6.303817e-06
6.297665e-06
6.291520e-06
6.285383e-06
6.279253e-06
6.273132e-06
6.267018e-06
6.260911e-06
6.254812e-06
6.248721e-06
6.242638e-06
6.236562e-06
6.230493e-06
6.224433e-06
6.218380e-06
6.212334e-06
6.206296e-06
6.200265e-06
6.194242e-06
6.188227e-06
6.182219e-06
6.176218e-06
6.170225e-06
6.164240e-06
6.158262e-06
6.152291e-06
6.146328e-06
6.140372e-06
6.134423e-06
6.128482e-06
6.122549e-06
6.116623e-06
6.110704e-06
6.104792e-06
6.098888e-06
6.092991e-06
6.087102e-06
6.081220e-06
6.075345e-06
6.069477e-06
6.063617e-06
6.057764e-06
6.051918e-06
6.046079e-06
6.040248e-06
6.034424e-06
6.028607e-06
6.022797e-06
6.016994e-06
6.011199e-06
6.005411e-06
5.999630e-06
5.993856e-06
5.988089e-06
5.982329e-06
5.976577e-06
5.970832e-06
5.965093e-06
5.959362e-06
5.953638e-06
5.947921e-06
5.942210e-06
5.936507e-06
5.930811e-06
5.925122e-06
5.919440e-06
5.913765e-06
5.908097e-06
5.902436e-06
5.896782e-06
5.891135e-06
5.885495e-06
5.879862e-06
5.874235e-06
5.868616e-06
5.863003e-06
5.857398e-06
5.851799e-06
5.846207e-06
5.840622e-06
5.835044e-06
5.829472e-06
5.823908e-06
5.818350e-06
5.812799e-06
5.807255e-06
5.801718e-06
5.796187e-06
5.790663e-06
5.785146e-06
5.779636e-06
5.774132e-06
5.768636e-06
5.763145e-06
5.757662e-06
5.752185e-06
5.746715e-06
5.741252e-06
5.735795e-06
5.730345e-06
5.724902e-06
5.719465e-06
5.714035e-06
5.708611e-06
5.703194e-06
5.697784e-06
5.692380e-06
5.686983e-06
5.681593e-06
5.676209e-06
5.670831e-06
5.665460e-06
5.660096e-06
5.654738e-06
5.649386e-06
5.644042e-06
5.638703e-06
5.633371e-06
5.628046e-06
5.622727e-06
5.617414e-06
5.612108e-06
5.606808e-06
5.601515e-06
5.596228e-06
5.590948e-06
5.585674e-06
5.580406e-06
5.575145e-06
5.569890e-06
5.564641e-06
5.559399e-06
5.554163e-06
5.548934e-06
5.543710e-06
5.538493e-06
5.533283e-06
5.528078e-06
5.522880e-06
5.517688e-06
5.512503e-06
5.507324e-06
5.502150e-06
5.496984e-06
5.491823e-06
5.486669e-06
5.481520e-06
5.476378e-06
5.471243e-06
5.466113e-06
5.460990e-06
5.455872e-06
5.450761e-06
5.445656e-06
5.440557e-06
5.435465e-06
5.430378e-06
5.425297e-06
5.420223e-06
5.415155e-06
5.410092e-06
5.405036e-06
5.399986e-06
5.394942e-06
5.389904e-06
5.384872e-06
5.379846e-06
5.374826e-06
5.369812e-06
5.364804e-06
5.359802e-06
5.354806e-06
5.349816e-06
5.344832e-06
5.339854e-06
5.334882e-06
5.329916e-06
5.324955e-06
5.320001e-06
5.315052e-06
5.310110e-06
5.305173e-06
5.300242e-06
5.295318e-06
5.290399e-06
5.285485e-06
5.280578e-06
5.275677e-06
5.270781e-06
5.265891e-06
5.261007e-06
5.256129e-06
5.251257e-06
5.246390e-06
5.241529e-06
5.236674e-06
5.231825e-06
5.226981e-06
5.222144e-06
5.217312e-06
5.212485e-06
5.207665e-06
5.202850e-06
5.198041e-06
5.193237e-06
5.188440e-06
5.183648e-06
5.178861e-06
5.174081e-06
5.169305e-06
5.164536e-06
5.159772e-06
5.155014e-06
5.150262e-06
5.145515e-06
5.140774e-06
5.136038e-06
5.131308e-06
5.126583e-06
5.121864e-06
5.117151e-06
5.112443e-06
5.107741e-06
5.103044e-06
5.098353e-06
5.093668e-06
5.088987e-06
5.084313e-06
5.079644e-06
5.074980e-06
5.070322e-06
5.065669e-06
5.061022e-06
5.056381e-06
5.051744e-06
5.047114e-06
5.042488e-06
5.037868e-06
5.033254e-06
5.028645e-06
5.024041e-06
5.019443e-06
5.014850e-06
5.010263e-06
5.005681e-06
5.001104e-06
4.996533e-06
4.991967e-06
4.987406e-06
4.982851e-06
4.978301e-06
4.973756e-06
4.969217e-06
4.964683e-06
4.960154e-06
4.955631e-06
4.951113e-06
4.946600e-06
4.942092e-06
4.937590e-06
4.933093e-06
4.928601e-06
4.924114e-06
4.919633e-06
4.915157e-06
4.910686e-06
4.906221e-06
4.901760e-06
4.897305e-06
4.892855e-06
4.888410e-06
4.883970e-06
4.879536e-06
4.875106e-06
4.870682e-06
4.866263e-06
4.861849e-06
4.857440e-06
4.853037e-06
4.848638e-06
4.844245e-06
4.839856e-06
4.835473e-06
4.831095e-06
4.826722e-06
4.822354e-06
4.817991e-06
4.813633e-06
4.809280e-06
4.804932e-06
4.800589e-06
4.796252e-06
4.791919e-06
4.787591e-06
4.783269e-06
4.778951e-06
4.774638e-06
4.770331e-06
4.766028e-06
4.761730e-06
4.757437e-06
4.753150e-06
4.748867e-06
4.744589e-06
4.740316e-06
4.736048e-06
4.731785e-06
4.727526e-06
4.723273e-06
4.719025e-06
4.714781e-06
4.710543e-06
4.706309e-06
4.702080e-06
4.697856e-06
4.693637e-06
4.689423e-06
4.685213e-06
4.681009e-06
4.676809e-06
4.672614e-06
4.668424e-06
4.664239e-06
4.660058e-06
4.655883e-06
4.651712e-06
4.647546e-06
4.643384e-06
4.639228e-06
4.635076e-06
4.630929e-06
4.626787e-06
4.622649e-06
4.618517e-06
4.614389e-06
4.610265e-06
4.606147e-06
4.602033e-06
4.597924e-06
4.593819e-06
4.589720e-06
4.585625e-06
4.581534e-06
4.577448e-06
4.573367e-06
4.569291e-06
4.565219e-06
4.561152e-06
4.557090e-06
4.553032e-06
4.548979e-06
4.544930e-06
4.540886e-06
4.536847e-06
4.532812e-06
4.528782e-06
4.524757e-06
4.520736e-06
4.516719e-06
4.512708e-06
4.508700e-06
4.504698e-06
4.500700e-06
4.496706e-06
4.492717e-06
4.488732e-06
4.484752e-06
4.480777e-06
4.476806e-06
4.472840e-06
4.468878e-06
4.464920e-06
4.460967e-06
4.457019e-06
4.453075e-06
4.449135e-06
4.445200e-06
4.441270e-06
4.437344e-06
4.433422e-06
4.429505e-06
4.425592e-06
4.421683e-06
4.417779e-06
4.413880e-06
4.409985e-06
4.406094e-06
4.402208e-06
4.398326e-06
4.394448e-06
4.390575e-06
4.386706e-06
4.382842e-06
4.378982e-06
4.375126e-06
4.371274e-06
4.367427e-06
4.363585e-06
4.359746e-06
4.355912e-06
4.352082e-06
4.348257e-06
4.344436e-06
4.340619e-06
4.336807e-06
4.332998e-06
4.329194e-06
4.325395e-06
4.321599e-06
4.317808e-06
4.314021e-06
4.310239e-06
4.306460e-06
4.302686e-06
4.298916e-06
4.295151e-06
4.291389e-06
4.287632e-06
4.283879e-06
4.280130e-06
4.276385e-06
4.272645e-06
4.268909e-06
4.265177e-06
4.261449e-06
4.257725e-06
4.254006e-06
4.250290e-06
4.246579e-06
4.242872e-06
4.239169e-06
4.235470e-06
4.231776e-06
4.228085e-06
4.224399e-06
4.220717e-06
4.217038e-06
4.213364e-06
4.209694e-06
4.206029e-06
4.202367e-06
4.198709e-06
4.195056e-06
4.191406e-06
4.187760e-06
4.184119e-06
4.180482e-06
4.176848e-06
4.173219e-06
4.169594e-06
4.165973e-06
4.162355e-06
4.158742e-06
4.155133e-06
4.151528e-06
4.147927e-06
4.144330e-06
4.140737e-06
4.137148e-06
4.133562e-06
4.129981e-06
4.126404e-06
4.122831e-06
4.119261e-06
4.115696e-06
4.112135e-06
4.108577e-06
4.105024e-06
4.101474e-06
4.097929e-06
4.094387e-06
4.090849e-06
4.087315e-06
4.083785e-06
4.080259e-06
4.076737e-06
4.073219e-06
4.069705e-06
4.066194e-06
4.062687e-06
4.059185e-06
4.055686e-06
4.052191e-06
4.048700e-06
4.045212e-06
4.041729e-06
4.038249e-06
4.034773e-06
4.031302e-06
4.027833e-06
4.024369e-06
4.020909e-06
4.017452e-06
4.013999e-06
4.010550e-06
4.007105e-06
4.003663e-06
4.000225e-06
3.996791e-06
3.993361e-06
3.989935e-06
3.986512e-06
3.983093e-06
3.979678e-06
3.976267e-06
3.972859e-06
3.969455e-06
3.966055e-06
3.962659e-06
3.959266e-06
3.955877e-06
3.952492e-06
3.949110e-06
3.945732e-06
3.942358e-06
3.938988e-06
3.935621e-06
3.932258e-06
3.928898e-06
3.925543e-06
3.922190e-06
3.918842e-06
3.915497e-06
3.912156e-06
3.908819e-06
3.905485e-06
3.902155e-06
3.898828e-06
3.895505e-06
3.892186e-06
3.888870e-06
3.885558e-06
3.882250e-06
3.878945e-06
3.875644e-06
3.872346e-06
3.869052e-06
3.865762e-06
3.862475e-06
3.859191e-06
3.855912e-06
3.852635e-06
3.849363e-06
3.846094e-06
3.842828e-06
3.839566e-06
3.836308e-06
3.833053e-06
3.829802e-06
3.826554e-06
3.823310e-06
3.820069e-06
3.816832e-06
3.813598e-06
3.810368e-06
3.807141e-06
3.803918e-06
3.800698e-06
3.797482e-06
3.794269e-06
3.791060e-06
3.787854e-06
3.784652e-06
3.781453e-06
3.778257e-06
3.775065e-06
3.771877e-06
3.768692e-06
3.765510e-06
3.762332e-06
3.759157e-06
3.755986e-06
3.752818e-06
3.749654e-06
3.746493e-06
3.743335e-06
3.740181e-06
3.737030e-06
3.733882e-06
3.730738e-06
3.727598e-06
3.724460e-06
3.721326e-06
3.718196e-06
3.715069e-06
3.711945e-06
3.708824e-06
3.705707e-06
3.702594e-06
3.699483e-06
3.696376e-06
3.693272e-06
3.690172e-06
3.687075e-06
3.683981e-06
3.680891e-06
3.677804e-06
3.674720e-06
3.671640e-06
3.668562e-06
3.665489e-06
3.662418e-06
3.659351e-06
3.656287e-06
3.653226e-06
3.650169e-06
3.647115e-06
3.644064e-06
3.641016e-06
3.637972e-06
3.634931e-06
3.631893e-06
3.628858e-06
3.625827e-06
3.622799e-06
3.619774e-06
3.616752e-06
3.613734e-06
3.610719e-06
3.607707e-06
3.604698e-06
3.601692e-06
3.598690e-06
3.595691e-06
3.592695e-06
3.589702e-06
3.586713e-06
3.583726e-06
3.580743e-06
3.577763e-06
3.574786e-06
3.571812e-06
3.568842e-06
3.565874e-06
3.562910e-06
3.559949e-06
3.556991e-06
3.554037e-06
3.551085e-06
3.548136e-06
3.545191e-06
3.542249e-06
3.539310e-06
3.536374e-06
3.533441e-06
3.530511e-06
3.527585e-06
3.524661e-06
3.521741e-06
3.518823e-06
3.515909e-06
3.512998e-06
3.510090e-06
3.507185e-06
3.504283e-06
3.501384e-06
3.498488e-06
3.495595e-06
3.492706e-06
3.489819e-06
3.486935e-06
3.484055e-06
3.481177e-06
3.478303e-06
3.475432e-06
3.472563e-06
3.469698e-06
3.466836e-06
3.463976e-06
3.461120e-06
3.458267e-06
3.455416e-06
3.452569e-06
3.449725e-06
3.446884e-06
3.444045e-06
3.441210e-06
3.438378e-06
3.435549e-06
3.432722e-06
3.429899e-06
3.427078e-06
3.424261e-06
3.421447e-06
3.418635e-06
3.415827e-06
3.413021e-06
3.410218e-06
3.407419e-06
3.404622e-06
3.401828e-06
3.399037e-06
3.396249e-06
3.393464e-06
3.390682e-06
3.387903e-06
3.385126e-06
3.382353e-06
3.379582e-06
3.376815e-06
3.374050e-06
3.371288e-06
3.368530e-06
3.365774e-06
3.363020e-06
3.360270e-06
3.357523e-06
3.354778e-06
3.352037e-06
3.349298e-06
3.346562e-06
3.343829e-06
3.341099e-06
3.338371e-06
3.335647e-06
3.332925e-06
3.330206e-06
3.327490e-06
3.324777e-06
3.322067e-06
3.319359e-06
3.316655e-06
3.313953e-06
3.311254e-06
3.308558e-06
3.305864e-06
3.303174e-06
3.300486e-06
3.297801e-06
3.295118e-06
3.292439e-06
3.289762e-06
3.287089e-06
3.284417e-06
3.281749e-06
3.279084e-06
3.276421e-06
3.273761e-06
3.271103e-06
3.268449e-06
3.265797e-06
3.263148e-06
3.260502e-06
3.257859e-06
3.255218e-06
3.252580e-06
3.249944e-06
3.247312e-06
3.244682e-06
3.242055e-06
3.239431e-06
3.236809e-06
3.234190e-06
3.231574e-06
3.228960e-06
3.226349e-06
3.223741e-06
3.221136e-06
3.218533e-06
3.215933e-06
3.213335e-06
3.210741e-06
3.208149e-06
3.205559e-06
3.202973e-06
3.200389e-06
3.197807e-06
3.195229e-06
3.192652e-06
3.190079e-06
3.187508e-06
3.184940e-06
3.182375e-06
3.179812e-06
3.177252e-06
3.174694e-06
3.172140e-06
3.169587e-06
3.167038e-06
3.164491e-06
3.161946e-06
3.159404e-06
3.156865e-06
3.154329e-06
3.151795e-06
3.149263e-06
3.146735e-06
3.144209e-06
3.141685e-06
3.139164e-06
3.136646e-06
3.134130e-06
3.131617e-06
3.129106e-06
3.126598e-06
3.124092e-06
3.121589e-06
3.119089e-06
3.116591e-06
3.114096e-06
3.111603e-06
3.109113e-06
3.106625e-06
3.104140e-06
3.101658e-06
3.099178e-06
3.096700e-06
3.094225e-06
3.091753e-06
3.089283e-06
3.086816e-06
3.084351e-06
3.081889e-06
3.079429e-06
3.076972e-06
3.074517e-06
3.072064e-06
3.069615e-06
3.067167e-06
3.064723e-06
3.062280e-06
3.059840e-06
3.057403e-06
3.054968e-06
3.052536e-06
3.050106e-06
3.047679e-06
3.045254e-06
3.042831e-06
3.040411e-06
3.037993e-06
3.035578e-06
3.033166e-06
3.030755e-06
3.028348e-06
3.025942e-06
3.023540e-06
3.021139e-06
3.018741e-06
3.016345e-06
3.013952e-06
3.011562e-06
3.009173e-06
3.006787e-06
3.004404e-06
3.002023e-06
2.999644e-06
2.997268e-06
2.994894e-06
2.992523e-06
2.990154e-06
2.987787e-06
2.985423e-06
2.983061e-06
2.980702e-06
2.978345e-06
2.975990e-06
2.973638e-06
2.971288e-06
2.968940e-06
2.966595e-06
2.964252e-06
2.961912e-06
2.959574e-06
2.957238e-06
2.954905e-06
2.952573e-06
2.950245e-06
2.947918e-06
2.945595e-06
2.943273e-06
2.940954e-06
2.938637e-06
2.936322e-06
2.934010e-06
2.931700e-06
2.929392e-06
2.927087e-06
2.924784e-06
2.922483e-06
2.920185e-06
2.917888e-06
2.915595e-06
2.913303e-06
2.911014e-06
2.908727e-06
2.906443e-06
2.904160e-06
2.901880e-06
2.899603e-06
2.897327e-06
2.895054e-06
2.892783e-06
2.890515e-06
2.888248e-06
2.885984e-06
2.883722e-06
2.881463e-06
2.879206e-06
2.876951e-06
2.874698e-06
2.872447e-06
2.870199e-06
2.867953e-06
2.865709e-06
2.863468e-06
2.861229e-06
2.858992e-06
2.856757e-06
2.854524e-06
2.852294e-06
2.850066e-06
2.847840e-06
2.845616e-06
2.843395e-06
2.841176e-06
2.838959e-06
2.836744e-06
2.834531e-06
2.832321e-06
2.830113e-06
2.827907e-06
2.825703e-06
2.823501e-06
2.821302e-06
2.819105e-06
2.816910e-06
2.814717e-06
2.812526e-06
2.810338e-06
2.808151e-06
2.805967e-06
2.803785e-06
2.801605e-06
2.799428e-06
2.797252e-06
2.795079e-06
2.792908e-06
2.790739e-06
2.788572e-06
2.786407e-06
2.784245e-06
2.782084e-06
2.779926e-06
2.777770e-06
2.775616e-06
2.773464e-06
2.771314e-06
2.769167e-06
2.767021e-06
2.764878e-06
2.762737e-06
2.760598e-06
2.758461e-06
2.756326e-06
2.754193e-06
2.752062e-06
2.749934e-06
2.747807e-06
2.745683e-06
2.743561e-06
2.741440e-06
2.739322e-06
2.737206e-06
2.735092e-06
2.732981e-06
2.730871e-06
2.728763e-06
2.726658e-06
2.724554e-06
2.722453e-06
2.720353e-06
2.718256e-06
2.716161e-06
2.714068e-06
2.711977e-06
2.709888e-06
2.707801e-06
2.705716e-06
2.703633e-06
2.701552e-06
2.699473e-06
2.697396e-06
2.695322e-06
2.693249e-06
2.691178e-06
2.689110e-06
2.687043e-06
2.684979e-06
2.682916e-06
2.680856e-06
2.678797e-06
2.676741e-06
2.674686e-06
2.672634e-06
2.670583e-06
2.668535e-06
2.666489e-06
2.664444e-06
2.662402e-06
2.660361e-06
2.658323e-06
2.656287e-06
2.654252e-06
2.652220e-06
2.650189e-06
2.648161e-06
2.646135e-06
2.644110e-06
2.642088e-06
2.640067e-06
2.638048e-06
2.636032e-06
2.634017e-06
2.632005e-06
2.629994e-06
2.627985e-06
2.625978e-06
2.623974e-06
2.621971e-06
2.619970e-06
2.617971e-06
2.615974e-06
2.613979e-06
2.611986e-06
2.609995e-06
2.608005e-06
2.606018e-06
2.604033e-06
2.602049e-06
2.600068e-06
2.598088e-06
2.596110e-06
2.594135e-06
2.592161e-06
2.590189e-06
2.588219e-06
2.586251e-06
2.584285e-06
2.582321e-06
2.580358e-06
2.578398e-06
2.576439e-06
2.574483e-06
2.572528e-06
2.570575e-06
2.568624e-06
2.566675e-06
2.564728e-06
2.562783e-06
2.560839e-06
2.558898e-06
2.556958e-06
2.555020e-06
2.553084e-06
2.551150e-06
2.549218e-06
2.547288e-06
2.545360e-06
2.543433e-06
2.541508e-06
2.539586e-06
2.537665e-06
2.535745e-06
2.533828e-06
2.531913e-06
2.529999e-06
2.528088e-06
2.526178e-06
2.524270e-06
2.522363e-06
2.520459e-06
2.518557e-06
2.516656e-06
2.514757e-06
2.512860e-06
2.510965e-06
2.509072e-06
2.507180e-06
2.505290e-06
2.503402e-06
2.501516e-06
2.499632e-06
2.497750e-06
2.495869e-06
2.493990e-06
2.492113e-06
2.490238e-06
2.488364e-06
2.486493e-06
2.484623e-06
2.482755e-06
2.480889e-06
2.479024e-06
2.477162e-06
2.475301e-06
2.473442e-06
2.471584e-06
2.469729e-06
2.467875e-06
2.466023e-06
2.464173e-06
2.462324e-06
2.460478e-06
2.458633e-06
2.456790e-06
2.454948e-06
2.453109e-06
2.451271e-06
2.449435e-06
2.447601e-06
2.445768e-06
2.443937e-06
2.442108e-06
2.440281e-06
2.438455e-06
2.436631e-06
2.434809e-06
2.432989e-06
2.431170e-06
2.429353e-06
2.427538e-06
2.425725e-06
2.423913e-06
2.422103e-06
2.420295e-06
2.418489e-06
2.416684e-06
2.414881e-06
2.413079e-06
2.411280e-06
2.409482e-06
2.407686e-06
2.405891e-06
2.404098e-06
2.402307e-06
2.400518e-06
2.398730e-06
2.396944e-06
2.395160e-06
2.393377e-06
2.391596e-06
2.389817e-06
2.388040e-06
2.386264e-06
2.384490e-06
2.382717e-06
2.380946e-06
2.379177e-06
2.377410e-06
2.375644e-06
2.373880e-06
2.372118e-06
2.370357e-06
2.368598e-06
2.366841e-06
2.365085e-06
2.363331e-06
2.361578e-06
2.359828e-06
2.358079e-06
2.356331e-06
2.354585e-06
2.352841e-06
2.351099e-06
2.349358e-06
2.347619e-06
2.345881e-06
2.344145e-06
2.342411e-06
2.340678e-06
2.338947e-06
2.337218e-06
2.335490e-06
2.333764e-06
2.332040e-06
2.330317e-06
2.328596e-06
2.326876e-06
2.325158e-06
2.323442e-06
2.321727e-06
2.320014e-06
2.318303e-06
2.316593e-06
2.314884e-06
2.313178e-06
2.311473e-06
2.309769e-06
2.308067e-06
2.306367e-06
2.304669e-06
2.302971e-06
2.301276e-06
2.299582e-06
2.297890e-06
2.296199e-06
2.294510e-06
2.292823e-06
2.291137e-06
2.289452e-06
2.287769e-06
2.286088e-06
2.284409e-06
2.282731e-06
2.281054e-06
2.279379e-06
2.277706e-06
2.276034e-06
2.274364e-06
2.272695e-06
2.271028e-06
2.269363e-06
2.267699e-06
2.266037e-06
2.264376e-06
2.262716e-06
2.261059e-06
2.259403e-06
2.257748e-06
2.256095e-06
2.254443e-06
2.252793e-06
2.251145e-06
2.249498e-06
2.247853e-06
2.246209e-06
2.244566e-06
2.242926e-06
2.241286e-06
2.239649e-06
2.238013e-06
2.236378e-06
2.234745e-06
2.233113e-06
2.231483e-06
2.229855e-06
2.228227e-06
2.226602e-06
2.224978e-06
2.223355e-06
2.221734e-06
2.220115e-06
2.218497e-06
2.216880e-06
2.215266e-06
2.213652e-06
2.212040e-06
2.210430e-06
2.208821e-06
2.207213e-06
2.205607e-06
2.204003e-06
2.202400e-06
2.200798e-06
2.199198e-06
2.197600e-06
2.196002e-06
2.194407e-06
2.192813e-06
2.191220e-06
2.189629e-06
2.188039e-06
2.186451e-06
2.184864e-06
2.183279e-06
2.181695e-06
2.180113e-06
2.178532e-06
2.176953e-06
2.175375e-06
2.173798e-06
2.172223e-06
2.170650e-06
2.169078e-06
2.167507e-06
2.165938e-06
2.164370e-06
2.162804e-06
2.161239e-06
2.159675e-06
2.158113e-06
2.156553e-06
2.154994e-06
2.153436e-06
2.151880e-06
2.150325e-06
2.148772e-06
2.147220e-06
2.145670e-06
2.144120e-06
2.142573e-06
2.141027e-06
2.139482e-06
2.137939e-06
2.136397e-06
2.134856e-06
2.133317e-06
2.131779e-06
2.130243e-06
2.128708e-06
2.127175e-06
2.125643e-06
2.124112e-06
2.122583e-06
2.121055e-06
2.119529e-06
2.118004e-06
2.116480e-06
2.114958e-06
2.113437e-06
2.111918e-06
2.110400e-06
2.108883e-06
2.107368e-06
2.105854e-06
2.104342e-06
2.102831e-06
2.101321e-06
2.099813e-06
2.098306e-06
2.096800e-06
2.095296e-06
2.093793e-06
2.092292e-06
2.090792e-06
2.089293e-06
2.087796e-06
2.086300e-06
2.084805e-06
2.083312e-06
2.081820e-06
2.080330e-06
2.078841e-06
2.077353e-06
2.075867e-06
2.074382e-06
2.072898e-06
2.071416e-06
2.069935e-06
2.068455e-06
2.066977e-06
2.065500e-06
2.064024e-06
2.062550e-06
2.061077e-06
2.059606e-06
2.058136e-06
2.056667e-06
2.055199e-06
2.053733e-06
2.052268e-06
2.050805e-06
2.049343e-06
2.047882e-06
2.046422e-06
2.044964e-06
2.043507e-06
2.042052e-06
2.040598e-06
2.039145e-06
2.037693e-06
2.036243e-06
2.034794e-06
2.033346e-06
2.031900e-06
2.030455e-06
2.029011e-06
2.027569e-06
2.026128e-06
2.024688e-06
2.023250e-06
2.021813e-06
2.020377e-06
2.018942e-06
2.017509e-06
2.016077e-06
2.014647e-06
2.013217e-06
2.011789e-06
2.010362e-06
2.008937e-06
2.007513e-06
2.006090e-06
2.004668e-06
2.003248e-06
2.001829e-06
2.000411e-06
1.998995e-06
1.997580e-06
1.996166e-06
1.994753e-06
1.993342e-06
1.991932e-06
1.990523e-06
1.989115e-06
1.987709e-06
1.986304e-06
1.984900e-06
1.983498e-06
1.982097e-06
1.980697e-06
1.979298e-06
1.977901e-06
1.976505e-06
1.975110e-06
1.973716e-06
1.972324e-06
1.970933e-06
1.969543e-06
1.968154e-06
1.966767e-06
1.965381e-06
1.963996e-06
1.962612e-06
1.961230e-06
1.959849e-06
1.958469e-06
1.957090e-06
1.955713e-06
1.954336e-06
1.952961e-06
1.951588e-06
1.950215e-06
1.948844e-06
1.947474e-06
1.946105e-06
1.944738e-06
1.943371e-06
1.942006e-06
1.940642e-06
1.939280e-06
1.937918e-06
1.936558e-06
1.935199e-06
1.933841e-06
1.932485e-06
1.931129e-06
1.929775e-06
1.928422e-06
1.927071e-06
1.925720e-06
1.924371e-06
1.923023e-06
1.921676e-06
1.920330e-06
1.918986e-06
1.917642e-06
1.916300e-06
1.914959e-06
1.913620e-06
1.912281e-06
1.910944e-06
1.909608e-06
1.908273e-06
1.906939e-06
1.905607e-06
1.904275e-06
1.902945e-06
1.901616e-06
1.900288e-06
1.898962e-06
1.897636e-06
1.896312e-06
1.894989e-06
1.893667e-06
1.892347e-06
1.891027e-06
1.889709e-06
1.888392e-06
1.887076e-06
1.885761e-06
1.884447e-06
1.883135e-06
1.881823e-06
1.880513e-06
1.879204e-06
1.877896e-06
1.876590e-06
1.875284e-06
1.873980e-06
1.872677e-06
1.871375e-06
1.870074e-06
1.868774e-06
1.867475e-06
1.866178e-06
1.864882e-06
1.863587e-06
1.862293e-06
1.861000e-06
1.859708e-06
1.858418e-06
1.857128e-06
1.855840e-06
1.854553e-06
1.853267e-06
1.851982e-06
1.850698e-06
1.849416e-06
1.848134e-06
1.846854e-06
1.845575e-06
1.844297e-06
1.843020e-06
1.841744e-06
1.840470e-06
1.839196e-06
1.837924e-06
1.836652e-06
1.835382e-06
1.834113e-06
1.832845e-06
1.831579e-06
1.830313e-06
1.829048e-06
1.827785e-06
1.826523e-06
1.825261e-06
1.824001e-06
1.822742e-06
1.821484e-06
1.820228e-06
1.818972e-06
1.817717e-06
1.816464e-06
1.815212e-06
1.813960e-06
1.812710e-06
1.811461e-06
1.810213e-06
1.808966e-06
1.807721e-06
1.806476e-06
1.805232e-06
1.803990e-06
1.802749e-06
1.801508e-06
1.800269e-06
1.799031e-06
1.797794e-06
1.796558e-06
1.795323e-06
1.794089e-06
1.792857e-06
1.791625e-06
1.790395e-06
1.789165e-06
1.787937e-06
1.786710e-06
1.785483e-06
1.784258e-06
1.783034e-06
1.781811e-06
1.780589e-06
1.779368e-06
1.778149e-06
1.776930e-06
1.775712e-06
1.774496e-06
1.773280e-06
1.772066e-06
1.770852e-06
1.769640e-06
1.768429e-06
1.767218e-06
1.766009e-06
1.764801e-06
1.763594e-06
1.762388e-06
1.761183e-06
1.759979e-06
1.758776e-06
1.757575e-06
1.756374e-06
1.755174e-06
1.753976e-06
1.752778e-06
1.751581e-06
1.750386e-06
1.749191e-06
1.747998e-06
1.746806e-06
1.745614e-06
1.744424e-06
1.743235e-06
1.742046e-06
1.740859e-06
1.739673e-06
1.738488e-06
1.737304e-06
1.736121e-06
1.734939e-06
1.733758e-06
1.732578e-06
1.731399e-06
1.730221e-06
1.729044e-06
1.727868e-06
1.726693e-06
1.725519e-06
1.724346e-06
1.723174e-06
1.722004e-06
1.720834e-06
1.719665e-06
1.718497e-06
1.717330e-06
1.716165e-06
1.715000e-06
1.713836e-06
1.712674e-06
1.711512e-06
1.710351e-06
1.709191e-06
1.708033e-06
1.706875e-06
1.705718e-06
1.704563e-06
1.703408e-06
1.702254e-06
1.701102e-06
1.699950e-06
1.698799e-06
1.697649e-06
1.696501e-06
1.695353e-06
1.694206e-06
1.693061e-06
1.691916e-06
1.690772e-06
1.689629e-06
1.688487e-06
1.687347e-06
1.686207e-06
1.685068e-06
1.683930e-06
1.682793e-06
1.681657e-06
1.680522e-06
1.679389e-06
1.678256e-06
1.677124e-06
1.675993e-06
1.674863e-06
1.673734e-06
1.672605e-06
1.671478e-06
1.670352e-06
1.669227e-06
1.668103e-06
1.666980e-06
1.665857e-06
1.664736e-06
1.663616e-06
1.662496e-06
1.661378e-06
1.660260e-06
1.659144e-06
1.658028e-06
1.656914e-06
1.655800e-06
1.654687e-06
1.653576e-06
1.652465e-06
1.651355e-06
1.650246e-06
1.649138e-06
1.648031e-06
1.646925e-06
1.645820e-06
1.644716e-06
1.643613e-06
1.642511e-06
1.641410e-06
1.640309e-06
1.639210e-06
1.638111e-06
1.637014e-06
1.635917e-06
1.634822e-06
1.633727e-06
1.632633e-06
1.631540e-06
1.630448e-06
1.629357e-06
1.628267e-06
1.627178e-06
1.626090e-06
1.625003e-06
1.623917e-06
1.622831e-06
1.621747e-06
1.620663e-06
1.619581e-06
1.618499e-06
1.617418e-06
1.616338e-06
1.615259e-06
1.614181e-06
1.613104e-06
1.612028e-06
1.610953e-06
1.609879e-06
1.608805e-06
1.607733e-06
1.606661e-06
1.605590e-06
1.604521e-06
1.603452e-06
1.602384e-06
1.601317e-06
1.600251e-06
1.599186e-06
1.598121e-06
1.597058e-06
1.595995e-06
1.594934e-06
1.593873e-06
1.592813e-06
1.591754e-06
1.590696e-06
1.589639e-06
1.588583e-06
1.587528e-06
1.586473e-06
1.585420e-06
1.584367e-06
1.583315e-06
1.582265e-06
1.581215e-06
1.580166e-06
1.579117e-06
1.578070e-06
1.577024e-06
1.575978e-06
1.574934e-06
1.573890e-06
1.572847e-06
1.571805e-06
1.570764e-06
1.569724e-06
1.568684e-06
1.567646e-06
1.566608e-06
1.565572e-06
1.564536e-06
1.563501e-06
1.562467e-06
1.561434e-06
1.560401e-06
1.559370e-06
1.558339e-06
1.557310e-06
1.556281e-06
1.555253e-06
1.554226e-06
1.553199e-06
1.552174e-06
1.551150e-06
1.550126e-06
1.549103e-06
1.548081e-06
1.547060e-06
1.546040e-06
1.545021e-06
1.544002e-06
1.542985e-06
1.541968e-06
1.540952e-06
1.539937e-06
1.538923e-06
1.537909e-06
1.536897e-06
1.535885e-06
1.534874e-06
1.533864e-06
1.532855e-06
1.531847e-06
1.530840e-06
1.529833e-06
1.528827e-06
1.527823e-06
1.526819e-06
1.525815e-06
1.524813e-06
1.523812e-06
1.522811e-06
1.521811e-06
1.520812e-06
1.519814e-06
1.518817e-06
1.517820e-06
1.516825e-06
1.515830e-06
1.514836e-06
1.513843e-06
1.512850e-06
1.511859e-06
1.510868e-06
1.509879e-06
1.508890e-06
1.507901e-06
1.506914e-06
1.505928e-06
1.504942e-06
1.503957e-06
1.502973e-06
1.501990e-06
1.501007e-06
1.500026e-06
1.499045e-06
1.498065e-06
1.497086e-06
1.496108e-06
1.495130e-06
1.494154e-06
1.493178e-06
1.492203e-06
1.491229e-06
1.490255e-06
1.489283e-06
1.488311e-06
1.487340e-06
1.486370e-06
1.485401e-06
1.484432e-06
1.483464e-06
1.482497e-06
1.481531e-06
1.480566e-06
1.479601e-06
1.478638e-06
1.477675e-06
1.476713e-06
1.475751e-06
1.474791e-06
1.473831e-06
1.472872e-06
1.471914e-06
1.470957e-06
1.470000e-06
1.469045e-06
1.468090e-06
1.467136e-06
1.466182e-06
1.465230e-06
1.464278e-06
1.463327e-06
1.462377e-06
1.461428e-06
1.460479e-06
1.459531e-06
1.458584e-06
1.457638e-06
1.456692e-06
1.455748e-06
1.454804e-06
1.453861e-06
1.452918e-06
1.451977e-06
1.451036e-06
1.450096e-06
1.449157e-06
1.448218e-06
1.447281e-06
1.446344e-06
1.445408e-06
1.444472e-06
1.443538e-06
1.442604e-06
1.441671e-06
1.440739e-06
1.439807e-06
1.438877e-06
1.437947e-06
1.437018e-06
1.436089e-06
1.435162e-06
1.434235e-06
1.433309e-06
1.432383e-06
1.431459e-06
1.430535e-06
1.429612e-06
1.428690e-06
1.427768e-06
1.426847e-06
1.425927e-06
1.425008e-06
1.424090e-06
1.423172e-06
1.422255e-06
1.421339e-06
1.420423e-06
1.419509e-06
1.418595e-06
1.417681e-06
1.416769e-06
1.415857e-06
1.414946e-06
1.414036e-06
1.413127e-06
1.412218e-06
1.411310e-06
1.410403e-06
1.409496e-06
1.408591e-06
1.407686e-06
1.406781e-06
1.405878e-06
1.404975e-06
1.404073e-06
1.403172e-06
1.402271e-06
1.401371e-06
1.400472e-06
1.399574e-06
1.398676e-06
1.397780e-06
1.396884e-06
1.395988e-06
1.395093e-06
1.394200e-06
1.393306e-06
1.392414e-06
1.391522e-06
1.390631e-06
1.389741e-06
1.388851e-06
1.387963e-06
1.387075e-06
1.386187e-06
1.385301e-06
1.384415e-06
1.383530e-06
1.382645e-06
1.381761e-06
1.380878e-06
1.379996e-06
1.379115e-06
1.378234e-06
1.377354e-06
1.376474e-06
1.375596e-06
1.374718e-06
1.373840e-06
1.372964e-06
1.372088e-06
1.371213e-06
1.370338e-06
1.369465e-06
1.368592e-06
1.367720e-06
1.366848e-06
1.365977e-06
1.365107e-06
1.364238e-06
1.363369e-06
1.362501e-06
1.361634e-06
1.360767e-06
1.359901e-06
1.359036e-06
1.358172e-06
1.357308e-06
1.356445e-06
1.355582e-06
1.354721e-06
1.353860e-06
1.352999e-06
1.352140e-06
1.351281e-06
1.350423e-06
1.349565e-06
1.348709e-06
1.347853e-06
1.346997e-06
1.346142e-06
1.345288e-06
1.344435e-06
1.343583e-06
1.342731e-06
1.341879e-06
1.341029e-06
1.340179e-06
1.339330e-06
1.338481e-06
1.337634e-06
1.336786e-06
1.335940e-06
1.335094e-06
1.334249e-06
1.333405e-06
1.332561e-06
1.331718e-06
1.330876e-06
1.330034e-06
1.329193e-06
1.328353e-06
1.327514e-06
1.326675e-06
1.325836e-06
1.324999e-06
1.324162e-06
1.323326e-06
1.322490e-06
1.321655e-06
1.320821e-06
1.319988e-06
1.319155e-06
1.318323e-06
1.317491e-06
1.316660e-06
1.315830e-06
1.315001e-06
1.314172e-06
1.313344e-06
1.312516e-06
1.311690e-06
1.310863e-06
1.310038e-06
1.309213e-06
1.308389e-06
1.307565e-06
1.306743e-06
1.305920e-06
1.305099e-06
1.304278e-06
1.303458e-06
1.302638e-06
1.301820e-06
1.301001e-06
1.300184e-06
1.299367e-06
1.298551e-06
1.297735e-06
1.296920e-06
1.296106e-06
1.295292e-06
1.294479e-06
1.293667e-06
1.292856e-06
1.292045e-06
1.291234e-06
1.290425e-06
1.289615e-06
1.288807e-06
1.287999e-06
1.287192e-06
1.286386e-06
1.285580e-06
1.284775e-06
1.283970e-06
1.283166e-06
1.282363e-06
1.281561e-06
1.280759e-06
1.279957e-06
1.279157e-06
1.278357e-06
1.277557e-06
1.276759e-06
1.275960e-06
1.275163e-06
1.274366e-06
1.273570e-06
1.272774e-06
1.271980e-06
1.271185e-06
1.270392e-06
1.269599e-06
1.268806e-06
1.268015e-06
1.267223e-06
1.266433e-06
1.265643e-06
1.264854e-06
1.264065e-06
1.263277e-06
1.262490e-06
1.261703e-06
1.260917e-06
1.260132e-06
1.259347e-06
1.258563e-06
1.257779e-06
1.256996e-06
1.256214e-06
1.255432e-06
1.254651e-06
1.253871e-06
1.253091e-06
1.252312e-06
1.251533e-06
1.250755e-06
1.249978e-06
1.249201e-06
1.248425e-06
1.247649e-06
1.246874e-06
1.246100e-06
1.245327e-06
1.244553e-06
1.243781e-06
1.243009e-06
1.242238e-06
1.241467e-06
1.240697e-06
1.239928e-06
1.239159e-06
1.238391e-06
1.237624e-06
1.236857e-06
1.236090e-06
1.235325e-06
1.234560e-06
1.233795e-06
1.233031e-06
1.232268e-06
1.231505e-06
1.230743e-06
1.229982e-06
1.229221e-06
1.228461e-06
1.227701e-06
1.226942e-06
1.226183e-06
1.225426e-06
1.224668e-06
1.223912e-06
1.223156e-06
1.222400e-06
1.221645e-06
1.220891e-06
1.220137e-06
1.219384e-06
1.218632e-06
1.217880e-06
1.217129e-06
1.216378e-06
1.215628e-06
1.214878e-06
1.214129e-06
1.213381e-06
1.212633e-06
1.211886e-06
1.211139e-06
1.210393e-06
1.209648e-06
1.208903e-06
1.208159e-06
1.207415e-06
1.206672e-06
1.205930e-06
1.205188e-06
1.204447e-06
1.203706e-06
1.202966e-06
1.202226e-06
1.201487e-06
1.200749e-06
1.200011e-06
1.199274e-06
1.198537e-06
1.197801e-06
1.197066e-06
1.196331e-06
1.195597e-06
1.194863e-06
1.194130e-06
1.193397e-06
1.192665e-06
1.191934e-06
1.191203e-06
1.190473e-06
1.189743e-06
1.189014e-06
1.188285e-06
1.187557e-06
1.186830e-06
1.186103e-06
1.185377e-06
1.184651e-06
1.183926e-06
1.183201e-06
1.182477e-06
1.181754e-06
1.181031e-06
1.180308e-06
1.179587e-06
1.178865e-06
1.178145e-06
1.177425e-06
1.176705e-06
1.175986e-06
1.175268e-06
1.174550e-06
1.173833e-06
1.173116e-06
1.172400e-06
1.171685e-06
1.170970e-06
1.170255e-06
1.169541e-06
1.168828e-06
1.168115e-06
1.167403e-06
1.166691e-06
1.165980e-06
1.165270e-06
1.164560e-06
1.163850e-06
1.163141e-06
1.162433e-06
1.161725e-06
1.161018e-06
1.160311e-06
1.159605e-06
1.158900e-06
1.158195e-06
1.157490e-06
1.156786e-06
1.156083e-06
1.155380e-06
1.154678e-06
1.153976e-06
1.153275e-06
1.152574e-06
1.151874e-06
1.151174e-06
1.150475e-06
1.149777e-06
1.149079e-06
1.148382e-06
1.147685e-06
1.146988e-06
1.146293e-06
1.145597e-06
1.144903e-06
1.144209e-06
1.143515e-06
1.142822e-06
1.142130e-06
1.141438e-06
1.140746e-06
1.140055e-06
1.139365e-06
1.138675e-06
1.137986e-06
1.137297e-06
1.136609e-06
1.135921e-06
1.135234e-06
1.134547e-06
1.133861e-06
1.133175e-06
1.132490e-06
1.131806e-06
1.131122e-06
1.130438e-06
1.129756e-06
1.129073e-06
1.128391e-06
1.127710e-06
1.127029e-06
1.126349e-06
1.125669e-06
1.124990e-06
1.124311e-06
1.123633e-06
1.122955e-06
1.122278e-06
1.121602e-06
1.120926e-06
1.120250e-06
1.119575e-06
1.118900e-06
1.118226e-06
1.117553e-06
1.116880e-06
1.116207e-06
1.115536e-06
1.114864e-06
1.114193e-06
1.113523e-06
1.112853e-06
1.112184e-06
1.111515e-06
1.110847e-06
1.110179e-06
1.109512e-06
1.108845e-06
1.108178e-06
1.107513e-06
1.106848e-06
1.106183e-06
1.105519e-06
1.104855e-06
1.104192e-06
1.103529e-06
1.102867e-06
1.102205e-06
1.101544e-06
1.100883e-06
1.100223e-06
1.099564e-06
1.098905e-06
1.098246e-06
1.097588e-06
1.096930e-06
1.096273e-06
1.095617e-06
1.094961e-06
1.094305e-06
1.093650e-06
1.092995e-06
1.092341e-06
1.091688e-06
1.091035e-06
1.090382e-06
1.089730e-06
1.089078e-06
1.088427e-06
1.087777e-06
1.087127e-06
1.086477e-06
1.085828e-06
1.085180e-06
1.084531e-06
1.083884e-06
1.083237e-06
1.082590e-06
1.081944e-06
1.081299e-06
1.080653e-06
1.080009e-06
1.079365e-06
1.078721e-06
1.078078e-06
1.077435e-06
1.076793e-06
1.076151e-06
1.075510e-06
1.074870e-06
1.074229e-06
1.073590e-06
1.072950e-06
1.072312e-06
1.071673e-06
1.071036e-06
1.070398e-06
1.069762e-06
1.069125e-06
1.068490e-06
1.067854e-06
1.067219e-06
1.066585e-06
1.065951e-06
1.065318e-06
1.064685e-06
1.064052e-06
1.063420e-06
1.062789e-06
1.062158e-06
1.061527e-06
1.060897e-06
1.060268e-06
1.059639e-06
1.059010e-06
1.058382e-06
1.057755e-06
1.057127e-06
1.056501e-06
1.055874e-06
1.055249e-06
1.054624e-06
1.053999e-06
1.053374e-06
1.052751e-06
1.052127e-06
1.051504e-06
1.050882e-06
1.050260e-06
1.049639e-06
1.049018e-06
1.048397e-06
1.047777e-06
1.047157e-06
1.046538e-06
1.045920e-06
1.045302e-06
1.044684e-06
1.044067e-06
1.043450e-06
1.042834e-06
1.042218e-06
1.041602e-06
1.040987e-06
1.040373e-06
1.039759e-06
1.039145e-06
1.038532e-06
1.037920e-06
1.037308e-06
1.036696e-06
1.036085e-06
1.035474e-06
1.034864e-06
1.034254e-06
1.033645e-06
1.033036e-06
1.032427e-06
1.031820e-06
1.031212e-06
1.030605e-06
1.029998e-06
1.029392e-06
1.028787e-06
1.028181e-06
1.027577e-06
1.026972e-06
1.026368e-06
1.025765e-06
1.025162e-06
1.024560e-06
1.023958e-06
1.023356e-06
1.022755e-06
1.022154e-06
1.021554e-06
1.020954e-06
1.020355e-06
1.019756e-06
1.019158e-06
1.018560e-06
1.017962e-06
1.017365e-06
1.016769e-06
1.016172e-06
1.015577e-06
1.014982e-06
1.014387e-06
1.013792e-06
1.013198e-06
1.012605e-06
1.012012e-06
1.011419e-06
1.010827e-06
1.010236e-06
1.009644e-06
1.009053e-06
1.008463e-06
1.007873e-06
1.007284e-06
1.006695e-06
1.006106e-06
1.005518e-06
1.004930e-06
1.004343e-06
1.003756e-06
1.003170e-06
1.002584e-06
1.001998e-06
1.001413e-06
1.000829e-06
1.000244e-06
9.996607e-07
