3.245521e-03
1.415085e-03
7.263732e-04
6.377759e-04
5.077186e-04
4.324015e-04
3.902593e-04
3.458045e-04
3.293421e-04
3.050078e-04
2.869231e-04
2.746640e-04
2.592337e-04
2.477377e-04
2.392717e-04
2.294452e-04
2.195531e-04
2.135408e-04
2.073768e-04
2.014859e-04
1.963122e-04
1.920875e-04
1.889463e-04
1.860301e-04
1.844382e-04
1.827545e-04
1.808473e-04
1.999038e-04
3.351033e-04
4.333829e-04
5.309271e-04
5.081091e-04
5.543295e-04
6.425720e-04
6.298060e-04
6.689443e-04
6.388782e-04
6.125914e-04
6.003034e-04
5.581734e-04
5.307191e-04
5.082303e-04
4.913823e-04
4.904751e-04
4.466891e-04
4.152256e-04
4.030853e-04
3.947760e-04
4.033316e-04
4.319878e-04
4.013757e-04
3.835856e-04
3.683542e-04
3.584249e-04
3.499622e-04
3.438355e-04
3.342032e-04
3.340788e-04
3.712449e-04
3.562947e-04
3.525025e-04
3.477839e-04
3.410809e-04
3.349814e-04
3.305266e-04
3.194630e-04
3.094764e-04
3.112711e-04
3.114175e-04
3.343854e-04
3.708185e-04
4.045725e-04
3.897508e-04
3.786200e-04
3.693259e-04
3.610503e-04
3.549323e-04
3.489277e-04
3.347486e-04
3.225252e-04
3.108244e-04
3.005584e-04
2.908903e-04
2.817627e-04
2.737259e-04
2.665096e-04
2.598250e-04
2.762496e-04
3.210761e-04
3.592649e-04
3.999087e-04
4.422280e-04
4.297039e-04
4.213028e-04
4.132344e-04
4.052488e-04
3.980894e-04
3.911843e-04
3.830865e-04
3.751077e-04
3.607363e-04
3.470091e-04
3.334568e-04
3.203997e-04
3.079342e-04
2.958284e-04
2.840010e-04
2.724782e-04
2.613280e-04
2.501989e-04
2.396977e-04
2.297420e-04
2.201678e-04
2.113395e-04
2.028802e-04
1.951346e-04
1.877636e-04
1.809395e-04
1.746101e-04
1.684672e-04
1.628748e-04
1.577742e-04
1.531210e-04
1.488795e-04
1.450205e-04
1.412153e-04
1.381507e-04
1.358419e-04
1.336311e-04
1.315271e-04
1.295372e-04
1.276417e-04
1.258755e-04
1.242400e-04
1.227358e-04
1.213626e-04
1.201191e-04
1.193368e-04
1.190174e-04
1.188880e-04
1.188937e-04
1.190086e-04
1.193870e-04
1.199184e-04
1.204820e-04
1.213235e-04
1.223973e-04
1.235026e-04
1.248864e-04
1.265130e-04
1.282105e-04
1.301680e-04
1.323327e-04
1.347292e-04
1.372484e-04
1.400067e-04
1.429932e-04
1.461993e-04
1.496177e-04
1.532410e-04
1.570613e-04
1.610144e-04
1.651547e-04
1.694669e-04
1.739350e-04
1.785413e-04
1.832541e-04
1.880654e-04
1.929477e-04
1.978724e-04
2.028093e-04
2.077265e-04
2.125901e-04
2.167936e-04
2.203246e-04
2.232047e-04
2.254445e-04
2.270696e-04
2.281122e-04
2.286064e-04
2.285858e-04
2.280821e-04
2.271247e-04
2.257402e-04
2.249074e-04
2.240697e-04
2.229157e-04
2.214506e-04
2.196794e-04
2.176072e-04
2.152400e-04
2.130230e-04
2.102103e-04
2.069116e-04
2.009425e-04
1.929138e-04
1.837463e-04
1.742275e-04
1.645473e-04
1.550079e-04
1.457974e-04
1.206892e-04
9.307935e-05
7.249280e-05
7.073040e-05
6.902657e-05
6.737202e-05
6.576566e-05
6.421945e-05
6.272982e-05
6.129287e-05
5.990513e-05
5.856086e-05
5.725529e-05
5.598385e-05
5.474221e-05
5.352625e-05
5.232217e-05
5.113663e-05
4.996604e-05
4.880704e-05
4.766594e-05
4.652392e-05
4.537638e-05
4.422504e-05
4.306854e-05
4.190553e-05
4.073471e-05
3.955480e-05
3.836463e-05
3.735395e-05
3.708777e-05
3.681940e-05
3.654666e-05
3.626745e-05
3.597981e-05
3.568187e-05
3.537568e-05
3.531344e-05
3.613600e-05
3.806642e-05
4.012326e-05
4.308745e-05
4.599477e-05
4.882656e-05
5.159488e-05
5.429427e-05
5.691913e-05
5.946383e-05
6.189917e-05
6.424558e-05
6.649786e-05
6.865119e-05
7.070112e-05
7.235147e-05
7.396395e-05
7.552936e-05
7.694960e-05
8.301010e-05
8.894823e-05
9.323129e-05
9.624917e-05
9.829014e-05
9.961311e-05
1.003353e-04
1.005750e-04
1.004268e-04
8.918887e-05
8.256064e-05
8.070544e-05
7.968408e-05
8.335439e-05
8.743980e-05
9.169285e-05
9.594775e-05
1.000950e-04
1.040639e-04
1.078105e-04
1.113088e-04
1.145454e-04
1.175148e-04
1.202170e-04
1.226557e-04
1.248362e-04
1.267655e-04
1.284509e-04
1.299002e-04
1.311210e-04
1.321211e-04
1.329079e-04
1.334887e-04
1.338707e-04
1.340610e-04
1.340665e-04
1.338939e-04
1.335501e-04
1.330419e-04
1.323761e-04
1.315594e-04
1.305651e-04
1.294457e-04
1.282056e-04
1.268499e-04
1.249806e-04
1.230946e-04
1.211586e-04
1.176801e-04
1.149942e-04
1.128861e-04
1.111917e-04
1.097854e-04
1.085706e-04
1.075273e-04
1.065290e-04
1.055384e-04
1.045291e-04
1.034827e-04
1.023863e-04
1.012316e-04
1.000137e-04
9.870475e-05
9.734366e-05
9.592898e-05
9.446149e-05
9.294363e-05
9.137906e-05
8.975378e-05
8.809155e-05
8.639804e-05
8.467920e-05
8.294112e-05
8.118995e-05
7.943175e-05
7.767248e-05
7.591795e-05
7.417371e-05
7.244512e-05
7.073722e-05
6.905480e-05
6.740230e-05
6.578388e-05
6.420336e-05
6.266422e-05
6.116963e-05
5.972241e-05
5.832508e-05
5.697982e-05
5.568850e-05
5.444629e-05
5.326067e-05
5.213271e-05
5.106319e-05
5.005264e-05
4.910133e-05
4.820928e-05
4.737628e-05
4.660190e-05
4.588551e-05
4.522627e-05
4.462316e-05
4.407502e-05
4.358050e-05
4.311590e-05
4.270264e-05
4.233902e-05
4.202326e-05
4.175350e-05
4.152777e-05
4.134405e-05
4.119246e-05
4.107819e-05
4.099912e-05
4.095312e-05
4.093803e-05
4.095166e-05
4.099180e-05
4.105624e-05
4.114274e-05
4.124910e-05
4.137313e-05
4.151263e-05
4.166546e-05
4.181826e-05
4.199033e-05
4.217641e-05
4.237223e-05
4.257421e-05
4.277926e-05
4.298471e-05
4.318153e-05
4.337445e-05
4.356151e-05
4.374095e-05
4.391121e-05
4.407085e-05
4.421856e-05
4.435312e-05
4.447346e-05
4.457855e-05
4.466749e-05
4.473945e-05
4.479369e-05
4.482954e-05
4.484644e-05
4.484389e-05
4.482148e-05
4.477886e-05
4.471580e-05
4.463209e-05
4.452765e-05
4.440243e-05
4.425648e-05
4.408990e-05
4.390286e-05
4.369559e-05
4.346840e-05
4.322163e-05
4.295570e-05
4.267104e-05
4.236818e-05
4.204765e-05
4.171004e-05
4.135597e-05
4.098608e-05
4.060107e-05
4.020162e-05
3.978848e-05
3.936238e-05
3.892407e-05
3.847432e-05
3.801390e-05
3.754359e-05
3.706416e-05
3.657639e-05
3.608105e-05
3.557890e-05
3.507070e-05
3.455718e-05
3.403908e-05
3.351710e-05
3.299195e-05
3.246430e-05
3.193481e-05
3.140412e-05
3.087285e-05
3.034160e-05
2.978343e-05
2.922962e-05
2.868045e-05
2.813620e-05
2.759716e-05
2.706358e-05
2.653573e-05
2.601381e-05
2.549803e-05
2.498859e-05
2.448565e-05
2.398939e-05
2.349995e-05
2.301747e-05
2.254210e-05
2.207396e-05
2.161318e-05
2.115985e-05
2.071410e-05
2.027602e-05
1.984571e-05
1.942325e-05
1.900872e-05
1.860221e-05
1.820376e-05
1.781343e-05
1.743129e-05
1.705735e-05
1.669166e-05
1.633423e-05
1.598508e-05
1.564421e-05
1.531162e-05
1.498729e-05
1.467120e-05
1.436333e-05
1.406362e-05
1.377204e-05
1.348854e-05
1.321305e-05
1.294551e-05
1.268584e-05
1.243396e-05
1.218979e-05
1.195324e-05
1.172420e-05
1.150258e-05
1.128827e-05
1.108116e-05
1.074990e-05
1.047270e-05
1.023902e-05
1.004025e-05
9.869328e-06
9.720478e-06
9.589006e-06
9.471124e-06
9.363808e-06
9.264666e-06
9.171832e-06
9.083865e-06
8.999674e-06
8.918442e-06
8.839577e-06
8.762657e-06
8.687396e-06
8.613611e-06
8.541194e-06
8.470096e-06
8.400305e-06
8.331838e-06
8.264730e-06
8.199024e-06
8.134767e-06
8.072002e-06
8.010773e-06
7.951113e-06
7.893047e-06
7.836594e-06
7.781759e-06
7.728539e-06
7.676922e-06
7.626885e-06
7.578397e-06
7.531418e-06
7.485899e-06
7.441787e-06
7.399021e-06
7.357535e-06
7.317257e-06
7.278113e-06
7.240026e-06
7.202913e-06
7.166694e-06
7.131284e-06
7.096600e-06
7.062557e-06
7.029072e-06
6.996061e-06
6.963443e-06
6.931139e-06
6.899069e-06
6.867159e-06
6.835336e-06
6.803528e-06
6.771669e-06
6.739695e-06
6.707544e-06
6.675159e-06
6.642485e-06
6.609473e-06
6.576074e-06
6.542246e-06
6.507949e-06
6.473137e-06
6.441348e-06
6.407265e-06
6.342714e-06
6.283925e-06
6.230118e-06
6.180532e-06
6.134439e-06
6.091158e-06
6.050067e-06
6.010616e-06
5.972320e-06
5.934768e-06
5.897607e-06
5.860543e-06
5.825938e-06
5.793880e-06
5.760975e-06
5.727136e-06
5.692299e-06
5.656424e-06
5.619486e-06
5.581474e-06
5.542392e-06
5.502254e-06
5.461081e-06
5.418902e-06
5.375753e-06
5.331674e-06
5.286709e-06
5.240905e-06
5.194311e-06
5.146979e-06
5.098959e-06
5.050305e-06
5.001069e-06
4.951304e-06
4.901062e-06
4.850395e-06
4.799353e-06
4.747985e-06
4.696342e-06
4.644470e-06
4.592416e-06
4.540225e-06
4.487940e-06
4.435605e-06
4.383260e-06
4.330945e-06
4.278698e-06
4.226557e-06
4.174557e-06
4.122733e-06
4.071118e-06
4.019743e-06
3.968640e-06
3.917838e-06
3.867364e-06
3.817245e-06
3.767508e-06
3.718175e-06
3.669271e-06
3.620817e-06
3.572834e-06
3.525341e-06
3.478357e-06
3.431899e-06
3.385984e-06
3.340625e-06
3.295838e-06
3.251634e-06
3.208026e-06
3.165025e-06
3.122639e-06
3.080877e-06
3.039747e-06
2.999256e-06
2.959409e-06
2.920210e-06
2.881664e-06
2.843773e-06
2.806539e-06
2.769964e-06
2.734046e-06
2.698786e-06
2.664182e-06
2.630233e-06
2.596934e-06
2.564283e-06
2.532275e-06
2.500904e-06
2.470167e-06
2.440055e-06
2.410563e-06
2.381683e-06
2.353406e-06
2.325726e-06
2.298633e-06
2.272118e-06
2.246171e-06
2.220782e-06
2.195940e-06
2.171636e-06
2.147859e-06
2.124596e-06
2.101837e-06
2.079570e-06
2.057784e-06
2.036465e-06
2.015603e-06
1.995185e-06
1.975199e-06
1.955632e-06
1.936473e-06
1.917708e-06
1.899326e-06
1.881314e-06
1.863660e-06
1.846351e-06
1.829377e-06
1.812723e-06
1.796380e-06
1.780334e-06
1.764575e-06
1.749091e-06
1.733870e-06
1.718902e-06
1.704176e-06
1.689680e-06
1.675405e-06
1.661340e-06
1.647476e-06
1.633802e-06
1.620310e-06
1.606989e-06
1.593831e-06
1.580827e-06
1.567969e-06
1.555248e-06
1.542657e-06
1.530189e-06
1.517835e-06
1.505589e-06
1.493444e-06
1.481395e-06
1.469433e-06
1.457555e-06
1.445754e-06
1.434024e-06
1.422362e-06
1.410762e-06
1.399220e-06
1.387732e-06
1.376294e-06
1.364902e-06
1.353554e-06
1.342245e-06
1.330974e-06
1.319737e-06
1.308533e-06
1.297359e-06
1.286214e-06
1.275096e-06
1.264004e-06
1.252936e-06
1.241892e-06
1.230871e-06
1.219872e-06
1.208895e-06
1.197941e-06
1.187008e-06
1.176098e-06
1.165211e-06
1.154346e-06
1.143505e-06
1.132689e-06
1.121899e-06
1.111135e-06
1.100399e-06
1.089691e-06
1.079015e-06
1.068370e-06
1.057758e-06
1.047182e-06
1.036642e-06
1.026141e-06
1.015680e-06
1.005262e-06
9.948872e-07
