1.777778e+00
1.257831e+00
6.057786e-01
5.583408e-01
5.360169e-01
4.105180e-01
3.921731e-01
4.009316e-01
3.731630e-01
3.281205e-01
2.805521e-01
2.382717e-01
2.440042e-01
1.916835e-01
1.276817e-01
2.091743e-01
1.063507e-01
1.330963e-01
9.847481e-02
1.172683e-01
8.299189e-02
7.437087e-02
7.472094e-02
6.644890e-02
5.221343e-02
5.510761e-02
3.665473e-02
4.706753e-02
3.461669e-02
3.260075e-02
3.431893e-02
2.446858e-02
3.180114e-02
3.228771e-02
2.804241e-02
2.144548e-02
2.015538e-02
1.696875e-02
1.828364e-02
1.823856e-02
2.080780e-02
2.198134e-02
2.049993e-02
1.974752e-02
1.800539e-02
2.169645e-02
1.907765e-02
1.863233e-02
1.652548e-02
1.059765e-02
9.352560e-03
1.083602e-02
9.755720e-03
1.071353e-02
1.228626e-02
1.258908e-02
1.100212e-02
7.458352e-03
7.187449e-03
5.899151e-03
6.862973e-03
8.967174e-03
8.424871e-03
6.964019e-03
6.293057e-03
7.163400e-03
7.653898e-03
7.154549e-03
5.806693e-03
3.417181e-03
3.051537e-03
4.724127e-03
6.546946e-03
7.148936e-03
6.433397e-03
4.968505e-03
4.681244e-03
6.187125e-03
6.453157e-03
5.540033e-03
4.050402e-03
2.476666e-03
1.365578e-03
2.305286e-03
3.146717e-03
3.473107e-03
3.013399e-03
2.362839e-03
2.348897e-03
2.942638e-03
2.940270e-03
2.470255e-03
1.802163e-03
1.384960e-03
1.639550e-03
1.560795e-03
1.289851e-03
1.705817e-03
2.065327e-03
2.110727e-03
1.812348e-03
1.259439e-03
6.544732e-04
9.352665e-04
1.187868e-03
1.244131e-03
1.160130e-03
1.144607e-03
9.894915e-04
8.952615e-04
9.402739e-04
9.348544e-04
9.423177e-04
8.995136e-04
8.732251e-04
8.592836e-04
8.634964e-04
8.671666e-04
9.898380e-04
1.143426e-03
1.179719e-03
1.074407e-03
8.472522e-04
5.354133e-04
3.717052e-04
3.532345e-04
3.994897e-04
5.234269e-04
5.397865e-04
4.791742e-04
3.874898e-04
4.810229e-04
5.667190e-04
5.667916e-04
4.824617e-04
3.322976e-04
1.663702e-04
1.693555e-04
2.713242e-04
3.264792e-04
3.198903e-04
2.634585e-04
2.063499e-04
2.321771e-04
2.790104e-04
2.939322e-04
2.496250e-04
1.550710e-04
6.884580e-05
1.020469e-04
1.950978e-04
2.504016e-04
2.525417e-04
2.068768e-04
1.482174e-04
1.260911e-04
1.410217e-04
1.382124e-04
1.057670e-04
7.832168e-05
9.762850e-05
9.647039e-05
1.239536e-04
1.493965e-04
1.505972e-04
1.307111e-04
1.027266e-04
8.095203e-05
8.574163e-05
8.324446e-05
6.831601e-05
6.172555e-05
8.164193e-05
8.727397e-05
7.929920e-05
7.087240e-05
8.327650e-05
8.568268e-05
7.843281e-05
6.286803e-05
4.106452e-05
1.605241e-05
1.797317e-05
3.706838e-05
5.356925e-05
6.318818e-05
6.551309e-05
5.932389e-05
4.592743e-05
3.299252e-05
2.979956e-05
2.223380e-05
2.625179e-05
3.563646e-05
3.814632e-05
3.540132e-05
3.017885e-05
3.249467e-05
3.383503e-05
3.385921e-05
2.881866e-05
1.944768e-05
1.069450e-05
9.588769e-06
1.588127e-05
2.294707e-05
2.567150e-05
2.404502e-05
2.047906e-05
1.892491e-05
2.102298e-05
2.119293e-05
1.870646e-05
1.345445e-05
6.182266e-06
5.501075e-06
1.033442e-05
1.351069e-05
1.546984e-05
1.463888e-05
1.199461e-05
8.413255e-06
8.014145e-06
8.728356e-06
7.992886e-06
5.599052e-06
6.658028e-06
6.883182e-06
6.337564e-06
8.181366e-06
9.183129e-06
9.163659e-06
8.090599e-06
6.156537e-06
4.757657e-06
5.029999e-06
5.027325e-06
5.834933e-06
5.680021e-06
5.667544e-06
5.533901e-06
6.317395e-06
7.249726e-06
7.257153e-06
6.374455e-06
4.769540e-06
2.701891e-06
1.200829e-06
1.628384e-06
3.354951e-06
4.538292e-06
5.095240e-06
5.028241e-06
4.414775e-06
3.392636e-06
2.174918e-06
1.845266e-06
1.472377e-06
1.367777e-06
1.978962e-06
2.233866e-06
2.159562e-06
2.333912e-06
2.576305e-06
2.480884e-06
2.111259e-06
1.652521e-06
1.149573e-06
5.812609e-07
