7.200894e-01
4.561033e-01
2.437082e-01
2.242786e-01
2.215218e-01
1.831229e-01
1.532203e-01
1.511754e-01
1.252091e-01
9.974635e-02
9.504946e-02
8.173714e-02
8.226008e-02
6.654390e-02
7.852842e-02
8.617596e-02
7.410064e-02
4.506274e-02
3.990141e-02
4.105216e-02
5.465290e-02
6.863997e-02
6.816862e-02
5.549983e-02
3.420428e-02
2.566015e-02
2.435480e-02
3.263770e-02
4.226431e-02
4.252135e-02
3.777562e-02
3.005868e-02
2.145448e-02
1.922450e-02
1.735014e-02
2.007047e-02
2.587487e-02
2.730147e-02
2.497623e-02
2.135074e-02
1.380803e-02
7.377466e-03
9.093116e-03
1.275585e-02
1.584335e-02
1.534564e-02
1.337507e-02
1.002018e-02
6.530687e-03
6.029553e-03
4.468938e-03
5.440191e-03
6.547837e-03
7.210230e-03
8.048715e-03
7.419301e-03
5.449382e-03
3.672234e-03
3.115889e-03
2.934123e-03
2.999934e-03
3.475911e-03
3.779898e-03
3.756621e-03
3.387677e-03
2.509689e-03
2.224974e-03
2.295231e-03
2.355197e-03
2.273090e-03
2.602305e-03
2.896533e-03
2.796690e-03
2.414284e-03
1.797155e-03
1.656769e-03
1.437793e-03
1.564217e-03
1.948351e-03
1.996932e-03
1.815441e-03
1.550927e-03
1.239556e-03
9.514484e-04
8.418637e-04
8.284582e-04
9.270076e-04
9.597286e-04
1.001137e-03
1.065480e-03
1.056342e-03
9.920138e-04
8.135662e-04
5.050629e-04
2.966510e-04
4.728172e-04
6.869837e-04
8.282197e-04
8.350789e-04
7.155967e-04
5.071579e-04
2.644410e-04
1.519073e-04
3.023557e-04
4.796063e-04
5.685059e-04
5.646490e-04
4.779518e-04
3.297249e-04
1.497558e-04
1.184198e-04
2.016919e-04
3.008262e-04
3.517044e-04
3.439426e-04
2.870355e-04
1.969969e-04
1.112952e-04
9.762582e-05
9.499039e-05
1.547326e-04
1.863563e-04
1.899626e-04
1.691128e-04
1.293896e-04
9.288117e-05
7.507558e-05
5.587523e-05
8.107879e-05
1.057370e-04
1.124049e-04
1.054373e-04
8.439655e-05
5.886506e-05
4.991571e-05
4.253132e-05
4.718404e-05
5.622859e-05
6.208433e-05
6.324640e-05
5.638794e-05
4.279770e-05
3.038333e-05
2.889364e-05
2.949551e-05
3.385766e-05
3.832376e-05
4.134245e-05
3.845673e-05
3.287094e-05
2.556922e-05
1.854832e-05
1.894560e-05
1.758589e-05
2.294718e-05
2.489779e-05
2.452510e-05
2.271251e-05
1.917973e-05
1.566994e-05
1.229119e-05
9.203141e-06
1.123063e-05
1.268451e-05
1.373412e-05
1.453825e-05
1.523567e-05
1.396494e-05
1.147180e-05
8.032781e-06
4.221044e-06
6.260886e-06
8.715085e-06
1.082605e-05
1.191227e-05
1.117188e-05
8.833996e-06
5.584320e-06
2.515594e-06
3.533877e-06
5.928003e-06
7.568732e-06
8.257078e-06
7.662290e-06
6.009495e-06
3.934716e-06
1.887912e-06
1.871477e-06
3.476552e-06
4.692888e-06
5.147983e-06
4.822024e-06
3.855782e-06
2.505090e-06
1.582793e-06
1.269032e-06
1.864477e-06
2.701558e-06
3.061916e-06
2.951078e-06
2.440128e-06
1.648817e-06
1.231519e-06
9.697864e-07
