1.777778e+00
1.348155e+00
9.851487e-01
8.467654e-01
7.399957e-01
6.505186e-01
5.979746e-01
5.403132e-01
5.048667e-01
4.643353e-01
4.385812e-01
4.083704e-01
3.886990e-01
3.652074e-01
3.496191e-01
3.307558e-01
3.180487e-01
3.025156e-01
2.919228e-01
2.788707e-01
2.698793e-01
2.587286e-01
2.509819e-01
2.413231e-01
2.345652e-01
2.261002e-01
2.201419e-01
2.126486e-01
2.073473e-01
2.006564e-01
1.959023e-01
1.898827e-01
1.855898e-01
1.801381e-01
1.762381e-01
1.712719e-01
1.677097e-01
1.631623e-01
1.598933e-01
1.557100e-01
1.526973e-01
1.488331e-01
1.460461e-01
1.424635e-01
1.398766e-01
1.365439e-01
1.341354e-01
1.310259e-01
1.287773e-01
1.258681e-01
1.237636e-01
1.210349e-01
1.190608e-01
1.164958e-01
1.146402e-01
1.122239e-01
1.104765e-01
1.082377e-01
1.065476e-01
1.046197e-01
1.028339e-01
1.011894e-01
9.931832e-02
9.793205e-02
9.610518e-02
9.483481e-02
9.309470e-02
9.188600e-02
9.022642e-02
8.907518e-02
8.749052e-02
8.639291e-02
8.487812e-02
8.383068e-02
8.238115e-02
8.138075e-02
7.999231e-02
7.903605e-02
7.770490e-02
7.679016e-02
7.551280e-02
7.463716e-02
7.341041e-02
7.257164e-02
7.139255e-02
7.058861e-02
6.945448e-02
6.868346e-02
6.759179e-02
6.685195e-02
6.580042e-02
6.509011e-02
6.407658e-02
6.339429e-02
6.241676e-02
6.176108e-02
6.081771e-02
6.018731e-02
5.927637e-02
5.867003e-02
5.778989e-02
5.720645e-02
5.635563e-02
5.579400e-02
5.497107e-02
5.443025e-02
5.363390e-02
5.311293e-02
5.234191e-02
5.183989e-02
5.109304e-02
5.060913e-02
4.988535e-02
4.941876e-02
4.871703e-02
4.826699e-02
4.758633e-02
4.715215e-02
4.649164e-02
4.607264e-02
4.543142e-02
4.502697e-02
4.440422e-02
4.401372e-02
4.340867e-02
4.303154e-02
4.244346e-02
4.207917e-02
4.150736e-02
4.115539e-02
4.059920e-02
4.025907e-02
3.971788e-02
3.938912e-02
3.886233e-02
3.854451e-02
3.803156e-02
3.772426e-02
3.722461e-02
3.692744e-02
3.644059e-02
3.615315e-02
3.567862e-02
3.540056e-02
3.493788e-02
3.466886e-02
3.421760e-02
3.395729e-02
3.351702e-02
3.326510e-02
3.283543e-02
3.259160e-02
3.217215e-02
3.193614e-02
3.152654e-02
3.129806e-02
3.089797e-02
3.067676e-02
3.028584e-02
3.007166e-02
2.968960e-02
2.948220e-02
2.910870e-02
2.890785e-02
2.854262e-02
2.834810e-02
2.799086e-02
2.780246e-02
2.745294e-02
2.727046e-02
2.692842e-02
2.675166e-02
2.641684e-02
2.624563e-02
2.591779e-02
2.575194e-02
2.543088e-02
2.527022e-02
2.495570e-02
2.480007e-02
2.449190e-02
2.434113e-02
2.403910e-02
2.389305e-02
2.359698e-02
2.345550e-02
2.316520e-02
2.302816e-02
2.274345e-02
2.261070e-02
2.233142e-02
2.220283e-02
2.192882e-02
2.180427e-02
2.153536e-02
2.141473e-02
2.115078e-02
2.103395e-02
2.077481e-02
2.066168e-02
2.040721e-02
2.029766e-02
2.004773e-02
1.994166e-02
1.969614e-02
1.959344e-02
1.935220e-02
1.925280e-02
1.901572e-02
1.891950e-02
1.868647e-02
1.859335e-02
1.836425e-02
1.827415e-02
1.804888e-02
1.796170e-02
1.774015e-02
1.765583e-02
1.743790e-02
1.735634e-02
1.714194e-02
1.706308e-02
1.685211e-02
1.677587e-02
1.656823e-02
1.649455e-02
1.629017e-02
1.621896e-02
1.601775e-02
1.594897e-02
1.575084e-02
1.568441e-02
1.548929e-02
1.542515e-02
1.523296e-02
1.517105e-02
1.498172e-02
1.492199e-02
1.473544e-02
1.467782e-02
1.449399e-02
1.443844e-02
1.425726e-02
1.420372e-02
1.402512e-02
1.397354e-02
1.379747e-02
1.374780e-02
1.357419e-02
1.352638e-02
1.335517e-02
1.330918e-02
1.314032e-02
1.309610e-02
1.292952e-02
1.288704e-02
1.272270e-02
1.268190e-02
1.251974e-02
1.248058e-02
1.232056e-02
1.228301e-02
1.212508e-02
1.208909e-02
1.193319e-02
1.189874e-02
1.174483e-02
1.171187e-02
1.155991e-02
1.152841e-02
1.137835e-02
1.134827e-02
1.120008e-02
1.117139e-02
1.102502e-02
1.099768e-02
1.085309e-02
1.082709e-02
1.068424e-02
1.065953e-02
1.051839e-02
1.049494e-02
1.035547e-02
1.033326e-02
1.019542e-02
1.017442e-02
1.003818e-02
1.001836e-02
9.883693e-03
9.865024e-03
9.731891e-03
9.714351e-03
9.582720e-03
9.566283e-03
9.436125e-03
9.420766e-03
9.292051e-03
9.277746e-03
9.150445e-03
9.137171e-03
9.011256e-03
8.998990e-03
8.874433e-03
8.863153e-03
8.739928e-03
8.729612e-03
8.607692e-03
8.598321e-03
8.477681e-03
8.469233e-03
8.349848e-03
8.342303e-03
8.224151e-03
8.217489e-03
8.100545e-03
8.094748e-03
7.978989e-03
7.974038e-03
7.859443e-03
7.855320e-03
7.741866e-03
7.738554e-03
7.626221e-03
7.623702e-03
7.512468e-03
7.510727e-03
7.400573e-03
7.399591e-03
7.290498e-03
7.290261e-03
7.182209e-03
7.182701e-03
7.075671e-03
7.076877e-03
6.970852e-03
6.972756e-03
6.867718e-03
6.870306e-03
6.766237e-03
6.769496e-03
6.666380e-03
6.670294e-03
6.568115e-03
6.572672e-03
6.471412e-03
6.476599e-03
6.376244e-03
6.382047e-03
6.282581e-03
6.288988e-03
6.190396e-03
6.197395e-03
6.099663e-03
6.107240e-03
6.010354e-03
6.018499e-03
5.922443e-03
5.931145e-03
5.835907e-03
5.845154e-03
5.750720e-03
5.760500e-03
5.666858e-03
5.677161e-03
5.584297e-03
5.595113e-03
5.503015e-03
5.514332e-03
5.422988e-03
5.434798e-03
5.344196e-03
5.356487e-03
5.266616e-03
5.279379e-03
5.190226e-03
5.203453e-03
5.115008e-03
5.128688e-03
5.040939e-03
5.055064e-03
4.968002e-03
4.982562e-03
4.896175e-03
4.911161e-03
4.825440e-03
4.840845e-03
4.755779e-03
4.771593e-03
4.687173e-03
4.703389e-03
4.619604e-03
4.636214e-03
4.553056e-03
4.570051e-03
4.487510e-03
4.504883e-03
4.422951e-03
4.440694e-03
4.359361e-03
4.377467e-03
4.296724e-03
4.315186e-03
4.235026e-03
4.253836e-03
4.174249e-03
4.193401e-03
4.114380e-03
4.133867e-03
4.055403e-03
4.075218e-03
3.997304e-03
4.017439e-03
3.940068e-03
3.960518e-03
3.883681e-03
3.904440e-03
3.828130e-03
3.849191e-03
3.773401e-03
3.794758e-03
3.719480e-03
3.741127e-03
3.666356e-03
3.688287e-03
3.614014e-03
3.636224e-03
3.562443e-03
3.584926e-03
3.511631e-03
3.534380e-03
3.461564e-03
3.484575e-03
3.412232e-03
3.435500e-03
3.363623e-03
3.387142e-03
3.315725e-03
3.339490e-03
3.268527e-03
3.292533e-03
3.222019e-03
3.246260e-03
3.176189e-03
3.200661e-03
3.131027e-03
3.155725e-03
3.086522e-03
3.111441e-03
3.042664e-03
3.067801e-03
2.999444e-03
3.024792e-03
2.956851e-03
2.982407e-03
2.914875e-03
2.940635e-03
2.873508e-03
2.899467e-03
2.832740e-03
2.858893e-03
2.792560e-03
2.818904e-03
2.752962e-03
2.779492e-03
2.713935e-03
2.740648e-03
2.675471e-03
2.702362e-03
2.637562e-03
2.664627e-03
2.600198e-03
2.627435e-03
2.563372e-03
2.590776e-03
2.527076e-03
2.554643e-03
2.491301e-03
2.519027e-03
2.456039e-03
2.483922e-03
2.421284e-03
2.449320e-03
2.387027e-03
2.415212e-03
2.353261e-03
2.381591e-03
2.319978e-03
2.348451e-03
2.287171e-03
2.315784e-03
2.254834e-03
2.283582e-03
2.222959e-03
2.251840e-03
2.191539e-03
2.220549e-03
2.160567e-03
2.189704e-03
2.130037e-03
2.159298e-03
2.099943e-03
2.129324e-03
2.070277e-03
2.099776e-03
2.041033e-03
2.070648e-03
2.012206e-03
2.041933e-03
1.983789e-03
2.013625e-03
1.955776e-03
1.985719e-03
1.928161e-03
1.958208e-03
1.900938e-03
1.931086e-03
1.874102e-03
1.904349e-03
1.847647e-03
1.877989e-03
1.821567e-03
1.852003e-03
1.795856e-03
1.826384e-03
1.770510e-03
1.801126e-03
1.745523e-03
1.776225e-03
1.720890e-03
1.751676e-03
1.696605e-03
1.727473e-03
1.672664e-03
1.703612e-03
1.649061e-03
1.680086e-03
1.625793e-03
1.656893e-03
1.602852e-03
1.634025e-03
1.580236e-03
1.611480e-03
1.557940e-03
1.589252e-03
1.535958e-03
1.567337e-03
1.514286e-03
1.545730e-03
1.492920e-03
1.524426e-03
1.471855e-03
1.503422e-03
1.451088e-03
1.482713e-03
1.430613e-03
1.462295e-03
1.410426e-03
1.442163e-03
1.390524e-03
1.422314e-03
1.370902e-03
1.402743e-03
1.351556e-03
1.383447e-03
1.332482e-03
1.364421e-03
1.313677e-03
1.345662e-03
1.295136e-03
1.327165e-03
1.276856e-03
1.308928e-03
1.258833e-03
1.290946e-03
1.241063e-03
1.273216e-03
1.223543e-03
1.255733e-03
1.206269e-03
1.238496e-03
1.189238e-03
1.221499e-03
1.172446e-03
1.204740e-03
1.155889e-03
1.188216e-03
1.139565e-03
1.171922e-03
1.123470e-03
1.155856e-03
1.107601e-03
1.140014e-03
1.091955e-03
1.124393e-03
1.076528e-03
1.108991e-03
1.061317e-03
1.093803e-03
1.046319e-03
1.078828e-03
1.031532e-03
1.064061e-03
1.016952e-03
1.049500e-03
1.002576e-03
1.035143e-03
9.884017e-04
1.020985e-03
9.744259e-04
1.007025e-03
9.606459e-04
9.932594e-04
9.470588e-04
9.796856e-04
9.336620e-04
9.663009e-04
9.204527e-04
9.531025e-04
9.074283e-04
9.400880e-04
8.945863e-04
9.272546e-04
8.819239e-04
9.145999e-04
8.694388e-04
9.021213e-04
8.571283e-04
8.898163e-04
8.449900e-04
8.776824e-04
8.330216e-04
8.657174e-04
8.212205e-04
8.539187e-04
8.095845e-04
8.422841e-04
7.981112e-04
8.308113e-04
7.867983e-04
8.194979e-04
7.756436e-04
8.083417e-04
7.646448e-04
7.973405e-04
7.537998e-04
7.864922e-04
7.431064e-04
7.757946e-04
7.325624e-04
7.652455e-04
7.221658e-04
7.548429e-04
7.119144e-04
7.445848e-04
7.018063e-04
7.344691e-04
6.918395e-04
7.244937e-04
6.820119e-04
7.146568e-04
6.723216e-04
7.049564e-04
6.627666e-04
6.953906e-04
6.533451e-04
6.859575e-04
6.440553e-04
6.766552e-04
6.348951e-04
6.674820e-04
6.258629e-04
6.584359e-04
6.169569e-04
6.495153e-04
6.081752e-04
6.407183e-04
5.995162e-04
6.320432e-04
5.909780e-04
6.234884e-04
5.825591e-04
6.150522e-04
5.742578e-04
6.067328e-04
5.660723e-04
5.985287e-04
5.580012e-04
5.904382e-04
5.500427e-04
5.824598e-04
5.421953e-04
5.745918e-04
5.344575e-04
5.668329e-04
5.268278e-04
5.591813e-04
5.193045e-04
5.516357e-04
5.118863e-04
5.441945e-04
5.045716e-04
5.368563e-04
4.973590e-04
5.296197e-04
4.902471e-04
5.224832e-04
4.835601e-04
5.154454e-04
4.770595e-04
5.085050e-04
4.706487e-04
5.016606e-04
4.643266e-04
4.949109e-04
4.580919e-04
4.882545e-04
4.519433e-04
4.816902e-04
4.458797e-04
4.752166e-04
4.398999e-04
4.688325e-04
4.340027e-04
4.625367e-04
4.281870e-04
4.563279e-04
4.224516e-04
4.502049e-04
4.167955e-04
4.441665e-04
4.112174e-04
4.382115e-04
4.057164e-04
4.323388e-04
4.002914e-04
4.265473e-04
3.949412e-04
4.208357e-04
3.896649e-04
4.152031e-04
3.844615e-04
4.096482e-04
3.793298e-04
4.041700e-04
3.742690e-04
3.987675e-04
3.692780e-04
3.934395e-04
3.643559e-04
3.881851e-04
3.595017e-04
3.830032e-04
3.547145e-04
3.778928e-04
3.499932e-04
3.728530e-04
3.453371e-04
3.678827e-04
3.407453e-04
3.629810e-04
3.362167e-04
3.581469e-04
3.317505e-04
3.533794e-04
3.273460e-04
3.486778e-04
3.230021e-04
3.440409e-04
3.187182e-04
3.394680e-04
3.144932e-04
3.349582e-04
3.104156e-04
3.305105e-04
3.066800e-04
3.261242e-04
3.029950e-04
3.217983e-04
2.993600e-04
3.175320e-04
2.957743e-04
3.133245e-04
2.922372e-04
3.091750e-04
2.887479e-04
3.050827e-04
2.853329e-04
3.010467e-04
2.831982e-04
2.970663e-04
2.810892e-04
2.931408e-04
2.790057e-04
2.892693e-04
2.769473e-04
2.854511e-04
2.749138e-04
2.816855e-04
2.729046e-04
2.779718e-04
2.709196e-04
2.743091e-04
2.689584e-04
2.706969e-04
2.670207e-04
2.671344e-04
2.651061e-04
2.636209e-04
2.632143e-04
2.601557e-04
2.613451e-04
2.581502e-04
2.594981e-04
2.565384e-04
2.576730e-04
2.549448e-04
2.558696e-04
2.533693e-04
2.540875e-04
2.518115e-04
2.523264e-04
2.502712e-04
2.505861e-04
2.487483e-04
2.488663e-04
2.472424e-04
2.471667e-04
2.457534e-04
2.454870e-04
2.442810e-04
2.438270e-04
2.428250e-04
2.421864e-04
2.413851e-04
2.405649e-04
2.399613e-04
2.389623e-04
2.385532e-04
2.373783e-04
2.371606e-04
2.358127e-04
2.357833e-04
2.342652e-04
2.344212e-04
2.327356e-04
2.330740e-04
2.312236e-04
2.317415e-04
2.297291e-04
2.304236e-04
2.282517e-04
2.291200e-04
2.267913e-04
2.278306e-04
2.253475e-04
2.265551e-04
2.239203e-04
2.252933e-04
2.225093e-04
2.240452e-04
2.211144e-04
2.228105e-04
2.197353e-04
2.215890e-04
2.183718e-04
2.203806e-04
2.170237e-04
2.191851e-04
2.156909e-04
2.180022e-04
2.143730e-04
2.168319e-04
2.130699e-04
2.156740e-04
2.117815e-04
2.145284e-04
2.105074e-04
2.133947e-04
2.092476e-04
2.122730e-04
2.080018e-04
2.111630e-04
2.067698e-04
2.100646e-04
2.055515e-04
2.089776e-04
2.043466e-04
2.079019e-04
2.031550e-04
2.068373e-04
2.019766e-04
2.057838e-04
2.008111e-04
2.047410e-04
1.996583e-04
2.037090e-04
1.985181e-04
2.026875e-04
1.973904e-04
2.016764e-04
1.962750e-04
2.006756e-04
1.951716e-04
1.996850e-04
1.940802e-04
1.987044e-04
1.930005e-04
1.977337e-04
1.919325e-04
1.967727e-04
1.908759e-04
1.958213e-04
1.898307e-04
1.948795e-04
1.887966e-04
1.939470e-04
1.877736e-04
1.930238e-04
1.867614e-04
1.921097e-04
1.857600e-04
1.912046e-04
1.847691e-04
1.903085e-04
1.837887e-04
1.894211e-04
1.828186e-04
1.885423e-04
1.818587e-04
1.876722e-04
1.809982e-04
1.868105e-04
1.802552e-04
1.859571e-04
1.795188e-04
1.851119e-04
1.787890e-04
1.842749e-04
1.780657e-04
1.834458e-04
1.773487e-04
1.826247e-04
1.766380e-04
1.818114e-04
1.759336e-04
1.810058e-04
1.752353e-04
1.802078e-04
1.745431e-04
1.794174e-04
1.738568e-04
1.786343e-04
1.731765e-04
1.778586e-04
1.725021e-04
1.770900e-04
1.718333e-04
1.763286e-04
1.711703e-04
1.755743e-04
1.705129e-04
1.748269e-04
1.698611e-04
1.740864e-04
1.692147e-04
1.733526e-04
1.685738e-04
1.726255e-04
1.679382e-04
1.719050e-04
1.673079e-04
1.711911e-04
1.666828e-04
1.704836e-04
1.660628e-04
1.697824e-04
1.654480e-04
1.690875e-04
1.648381e-04
1.683988e-04
1.642333e-04
1.677162e-04
1.636333e-04
1.670396e-04
1.630381e-04
1.663690e-04
1.624478e-04
1.657043e-04
1.618621e-04
1.650453e-04
1.612811e-04
1.643922e-04
1.607047e-04
1.637446e-04
1.601329e-04
1.631027e-04
1.595656e-04
1.624663e-04
1.590026e-04
1.618353e-04
1.584441e-04
1.612098e-04
1.578899e-04
1.605895e-04
1.573400e-04
1.599745e-04
1.567943e-04
1.593646e-04
1.562527e-04
1.587599e-04
1.557153e-04
1.581603e-04
1.551820e-04
1.575656e-04
1.546527e-04
1.569759e-04
1.541273e-04
1.563910e-04
1.536059e-04
1.558109e-04
1.530883e-04
1.552356e-04
1.525746e-04
1.546649e-04
1.520647e-04
1.540989e-04
1.515585e-04
1.535375e-04
1.510560e-04
1.529806e-04
1.505571e-04
1.524281e-04
1.500619e-04
1.518801e-04
1.495702e-04
1.513364e-04
1.490820e-04
1.507969e-04
1.485973e-04
1.502618e-04
1.481161e-04
1.497308e-04
1.476382e-04
1.492040e-04
1.471637e-04
1.486812e-04
1.466925e-04
1.481625e-04
1.462246e-04
1.476478e-04
1.457599e-04
1.471370e-04
1.452985e-04
1.466301e-04
1.448401e-04
1.461271e-04
1.443850e-04
1.456278e-04
1.439329e-04
1.451324e-04
1.434838e-04
1.446406e-04
1.430378e-04
1.441525e-04
1.425947e-04
1.436680e-04
1.421546e-04
1.431871e-04
1.417174e-04
1.427097e-04
1.412831e-04
1.422358e-04
1.408517e-04
1.417653e-04
1.404230e-04
1.412983e-04
1.399971e-04
1.408346e-04
1.395740e-04
1.403742e-04
1.391536e-04
1.399172e-04
1.387359e-04
1.394633e-04
1.383208e-04
1.390127e-04
1.379084e-04
1.385653e-04
1.374985e-04
1.381210e-04
1.370912e-04
1.376798e-04
1.366865e-04
1.372416e-04
1.362843e-04
1.368065e-04
1.358845e-04
1.363743e-04
1.354872e-04
1.359451e-04
1.350923e-04
1.355189e-04
1.346998e-04
1.350955e-04
1.343097e-04
1.346749e-04
1.339219e-04
1.342572e-04
1.335365e-04
1.338423e-04
1.331533e-04
1.334301e-04
1.327724e-04
1.330206e-04
1.323937e-04
1.326138e-04
1.320173e-04
1.322097e-04
1.316430e-04
1.318082e-04
1.312709e-04
1.314093e-04
1.309010e-04
1.310129e-04
1.305332e-04
1.306191e-04
1.301674e-04
1.302278e-04
1.298038e-04
1.298390e-04
1.294422e-04
1.294527e-04
1.290826e-04
1.290687e-04
1.287251e-04
1.286872e-04
1.283695e-04
1.283080e-04
1.280159e-04
1.279312e-04
1.276642e-04
1.275566e-04
1.273144e-04
1.271844e-04
1.269666e-04
1.268144e-04
1.266206e-04
1.264467e-04
1.262765e-04
1.260812e-04
1.259343e-04
1.257179e-04
1.255938e-04
1.253567e-04
1.252552e-04
1.249977e-04
1.249184e-04
1.246408e-04
1.245833e-04
1.242860e-04
1.242499e-04
1.239332e-04
1.239183e-04
1.235825e-04
1.235884e-04
1.232338e-04
1.232602e-04
1.228872e-04
1.229337e-04
1.225425e-04
1.226088e-04
1.221997e-04
1.222856e-04
1.218590e-04
1.219640e-04
1.215201e-04
1.216440e-04
1.211831e-04
1.213256e-04
1.208480e-04
1.210088e-04
1.205147e-04
1.206935e-04
1.201833e-04
1.203798e-04
1.198537e-04
1.200676e-04
1.195259e-04
1.197570e-04
1.191999e-04
1.194478e-04
1.188756e-04
1.191401e-04
1.185531e-04
1.188338e-04
1.182323e-04
1.185291e-04
1.179132e-04
1.182257e-04
1.175958e-04
1.179238e-04
1.172800e-04
1.176233e-04
1.169659e-04
1.173242e-04
1.166534e-04
1.170265e-04
1.163426e-04
1.167302e-04
1.160333e-04
1.164352e-04
1.157256e-04
1.161415e-04
1.154195e-04
1.158492e-04
1.151150e-04
1.155582e-04
1.148120e-04
1.152685e-04
1.145105e-04
1.149801e-04
1.142105e-04
1.146930e-04
1.139119e-04
1.144072e-04
1.136149e-04
1.141226e-04
1.133193e-04
1.138392e-04
1.130252e-04
1.135571e-04
1.127325e-04
1.132762e-04
1.124412e-04
1.129965e-04
1.121513e-04
1.127181e-04
1.118628e-04
1.124408e-04
1.115756e-04
1.121646e-04
1.112898e-04
1.118897e-04
1.110054e-04
1.116159e-04
1.107223e-04
1.113433e-04
1.104405e-04
1.110717e-04
1.101600e-04
1.108014e-04
1.098809e-04
1.105321e-04
1.096030e-04
1.102639e-04
1.093263e-04
1.099968e-04
1.090509e-04
1.097309e-04
1.087768e-04
1.094659e-04
1.085039e-04
1.092021e-04
1.082322e-04
1.089393e-04
1.079618e-04
1.086776e-04
1.076925e-04
1.084169e-04
1.074244e-04
1.081572e-04
1.071575e-04
1.078985e-04
1.068917e-04
1.076409e-04
1.066272e-04
1.073842e-04
1.063637e-04
1.071286e-04
1.061014e-04
1.068739e-04
1.058402e-04
1.066203e-04
1.055801e-04
1.063675e-04
1.053211e-04
1.061158e-04
1.050632e-04
1.058650e-04
1.048064e-04
1.056151e-04
1.045507e-04
1.053662e-04
1.042960e-04
1.051182e-04
1.040424e-04
1.048712e-04
1.037898e-04
1.046250e-04
1.035382e-04
1.043798e-04
1.032877e-04
1.041354e-04
1.030382e-04
1.038920e-04
1.027897e-04
1.036494e-04
1.025422e-04
1.034077e-04
1.022956e-04
1.031669e-04
1.020501e-04
1.029269e-04
1.018055e-04
1.026878e-04
1.015619e-04
1.024496e-04
1.013193e-04
1.022122e-04
1.010775e-04
1.019756e-04
1.008368e-04
1.017399e-04
1.005969e-04
1.015050e-04
1.003580e-04
1.012709e-04
1.001200e-04
1.010376e-04
9.988291e-05
