7.200894e-01
5.899304e-01
3.172545e-01
1.593219e-01
9.771588e-02
8.789499e-02
1.000103e-01
1.050893e-01
6.780744e-02
4.137849e-02
3.990647e-02
3.519426e-02
2.826647e-02
1.221827e-02
1.540389e-02
1.611586e-02
1.563598e-02
1.461530e-02
1.105504e-02
7.165039e-03
6.932607e-03
9.302344e-03
1.090877e-02
9.741118e-03
9.249810e-03
6.565629e-03
3.465792e-03
4.204224e-03
3.751987e-03
4.477384e-03
5.702401e-03
4.972219e-03
4.555126e-03
3.430610e-03
3.135036e-03
3.220725e-03
2.260321e-03
1.982710e-03
2.312982e-03
2.803266e-03
2.798159e-03
2.339175e-03
1.615540e-03
1.487589e-03
1.237119e-03
1.205092e-03
1.452781e-03
1.610960e-03
1.506595e-03
1.205117e-03
8.447713e-04
5.893006e-04
5.452416e-04
5.398653e-04
5.669585e-04
6.597489e-04
6.500855e-04
5.587110e-04
4.258783e-04
3.192405e-04
2.219236e-04
2.131537e-04
2.026098e-04
2.154263e-04
2.497416e-04
2.499748e-04
2.206672e-04
1.711594e-04
1.272375e-04
1.057431e-04
9.557124e-05
8.397121e-05
8.913590e-05
1.055205e-04
1.063835e-04
9.481477e-05
7.297005e-05
5.312533e-05
4.662821e-05
3.751308e-05
3.767567e-05
3.978513e-05
4.542192e-05
4.491433e-05
3.862889e-05
2.928417e-05
2.148761e-05
1.586793e-05
1.624231e-05
1.396314e-05
1.632614e-05
1.820023e-05
1.738791e-05
1.477517e-05
1.118435e-05
8.193987e-06
