3.245521e-03
1.211501e-03
7.401553e-04
6.019553e-04
4.566351e-04
4.163099e-04
3.595330e-04
3.391482e-04
3.113803e-04
2.914143e-04
2.766746e-04
2.584404e-04
2.488040e-04
2.379672e-04
2.263953e-04
2.183014e-04
2.110761e-04
2.041496e-04
1.981875e-04
1.935279e-04
1.901713e-04
1.872772e-04
1.849912e-04
1.836986e-04
2.189736e-04
3.357110e-04
4.545324e-04
5.603443e-04
5.296826e-04
5.820261e-04
5.607151e-04
5.821227e-04
5.631346e-04
5.510845e-04
5.312405e-04
4.976055e-04
4.755191e-04
4.572863e-04
4.681273e-04
4.202612e-04
3.907961e-04
3.729223e-04
3.713736e-04
3.559622e-04
3.839110e-04
3.453849e-04
3.234580e-04
3.067928e-04
2.987768e-04
3.174628e-04
3.682342e-04
4.103557e-04
4.599432e-04
4.293355e-04
4.111335e-04
3.918246e-04
3.677071e-04
3.489838e-04
3.403831e-04
4.097022e-04
4.583544e-04
4.208635e-04
3.900144e-04
3.651678e-04
3.463723e-04
3.235989e-04
3.082456e-04
3.003414e-04
3.301853e-04
3.853887e-04
4.162380e-04
3.729239e-04
3.346746e-04
3.003152e-04
3.027100e-04
3.181601e-04
3.181841e-04
3.187410e-04
3.149087e-04
3.085294e-04
2.988695e-04
2.864080e-04
2.716308e-04
2.522592e-04
2.984664e-04
3.238552e-04
3.413812e-04
3.451097e-04
3.393450e-04
3.264731e-04
2.773873e-04
2.350191e-04
1.973162e-04
1.843822e-04
1.880758e-04
1.900907e-04
1.920097e-04
1.920989e-04
1.895670e-04
1.841515e-04
1.763929e-04
1.663783e-04
1.538542e-04
1.400223e-04
1.337811e-04
1.309543e-04
1.286774e-04
1.266789e-04
1.243207e-04
1.222325e-04
1.203278e-04
1.183898e-04
1.165233e-04
1.143564e-04
1.123503e-04
1.106495e-04
1.107697e-04
1.215128e-04
1.327983e-04
1.452173e-04
1.585043e-04
1.731313e-04
1.888652e-04
2.058471e-04
2.245339e-04
2.449926e-04
2.674398e-04
2.919788e-04
3.189944e-04
3.478498e-04
3.830783e-04
4.051129e-04
4.185344e-04
4.262978e-04
3.947133e-04
2.803573e-04
2.101808e-04
1.692158e-04
1.357448e-04
1.091965e-04
1.111364e-04
1.145150e-04
1.181144e-04
1.219113e-04
1.258370e-04
1.299418e-04
1.321628e-04
1.372765e-04
1.425520e-04
1.480226e-04
1.537254e-04
1.596997e-04
1.659564e-04
1.725575e-04
1.795385e-04
1.869317e-04
1.947663e-04
1.915234e-04
1.508765e-04
1.191444e-04
1.006159e-04
1.068963e-04
1.129825e-04
1.187591e-04
1.243595e-04
1.298869e-04
1.354236e-04
1.410624e-04
1.466269e-04
1.521806e-04
1.577981e-04
1.635351e-04
1.694347e-04
1.755311e-04
1.818525e-04
1.884237e-04
1.952666e-04
2.024029e-04
2.098544e-04
2.174305e-04
2.251332e-04
2.332328e-04
2.431983e-04
2.552047e-04
2.110927e-04
2.070045e-04
2.136319e-04
2.195929e-04
2.253269e-04
2.310134e-04
2.367786e-04
2.427135e-04
2.488849e-04
2.553426e-04
2.621243e-04
2.740803e-04
2.876489e-04
3.012768e-04
3.149590e-04
3.286961e-04
3.424772e-04
3.563196e-04
3.701961e-04
3.840863e-04
4.058351e-04
4.118341e-04
4.057197e-04
3.931303e-04
3.779981e-04
3.613968e-04
3.439944e-04
3.262262e-04
2.760341e-04
1.807095e-04
1.253837e-04
9.123047e-05
6.911583e-05
5.429301e-05
4.874324e-05
4.571212e-05
4.352027e-05
4.199476e-05
4.098411e-05
4.036394e-05
4.003548e-05
3.992189e-05
3.995018e-05
4.008806e-05
4.029936e-05
4.055730e-05
4.082949e-05
4.110534e-05
4.137032e-05
4.163369e-05
4.197624e-05
4.244587e-05
4.279906e-05
4.305310e-05
4.321133e-05
4.387427e-05
4.055924e-05
3.823000e-05
4.219798e-05
4.738596e-05
5.213495e-05
5.898045e-05
6.431721e-05
7.101702e-05
7.641234e-05
8.287990e-05
8.792911e-05
9.194510e-05
9.513796e-05
9.779536e-05
9.960676e-05
1.003513e-04
1.035370e-04
1.085767e-04
1.149967e-04
1.224154e-04
1.305252e-04
1.390771e-04
1.478672e-04
1.567264e-04
1.655108e-04
1.740958e-04
1.823697e-04
1.902296e-04
1.975757e-04
2.043159e-04
2.103638e-04
2.188282e-04
2.285161e-04
2.372852e-04
2.450252e-04
2.516315e-04
2.570091e-04
2.610771e-04
2.637716e-04
2.650489e-04
2.648881e-04
2.632929e-04
2.598718e-04
2.547171e-04
2.479539e-04
2.397350e-04
2.302361e-04
2.196497e-04
2.081788e-04
1.960301e-04
1.834071e-04
1.705040e-04
1.575013e-04
1.445578e-04
1.318153e-04
1.193924e-04
1.075838e-04
9.645345e-05
8.600977e-05
7.629939e-05
6.724003e-05
5.876428e-05
5.096235e-05
4.386508e-05
3.726242e-05
3.115282e-05
2.551735e-05
2.032937e-05
1.555919e-05
1.295152e-05
1.311480e-05
1.483418e-05
1.696179e-05
1.822612e-05
1.879074e-05
1.929783e-05
1.974197e-05
2.012418e-05
2.044737e-05
2.071452e-05
2.092811e-05
2.109010e-05
2.120205e-05
2.126524e-05
2.128086e-05
2.136406e-05
2.150207e-05
2.168553e-05
2.178524e-05
2.181101e-05
2.207067e-05
2.248705e-05
2.286884e-05
2.320468e-05
2.348919e-05
2.371999e-05
2.389628e-05
2.401809e-05
2.408603e-05
2.410822e-05
2.410436e-05
2.408625e-05
2.406142e-05
2.399779e-05
2.392307e-05
2.381832e-05
2.367521e-05
2.349058e-05
2.326382e-05
2.299556e-05
2.268707e-05
2.233992e-05
2.195592e-05
2.153697e-05
2.108510e-05
2.060240e-05
2.009107e-05
1.955333e-05
1.899150e-05
1.840792e-05
1.780498e-05
1.718507e-05
1.655062e-05
1.590407e-05
1.524783e-05
1.458433e-05
1.391595e-05
1.324504e-05
1.257394e-05
1.190491e-05
1.124017e-05
1.058185e-05
9.932055e-06
9.292771e-06
8.665918e-06
8.053324e-06
7.456719e-06
6.877736e-06
6.317903e-06
6.232996e-06
6.172364e-06
6.112108e-06
6.052226e-06
5.992713e-06
5.933566e-06
5.874781e-06
5.816354e-06
5.758278e-06
5.700551e-06
5.643166e-06
5.586120e-06
5.529408e-06
5.473025e-06
5.416967e-06
5.361231e-06
5.305813e-06
5.250708e-06
5.195915e-06
5.141429e-06
5.087249e-06
5.033371e-06
4.979794e-06
4.926516e-06
4.873535e-06
4.820851e-06
4.768464e-06
4.716373e-06
4.664578e-06
4.613083e-06
4.561886e-06
4.510992e-06
4.460403e-06
4.410122e-06
4.360152e-06
4.310499e-06
4.261168e-06
4.212163e-06
4.163490e-06
4.308277e-06
4.644258e-06
4.987026e-06
5.335677e-06
5.691209e-06
6.048166e-06
6.407188e-06
6.767944e-06
7.129796e-06
7.483089e-06
7.835133e-06
8.184846e-06
8.532194e-06
8.877349e-06
9.220371e-06
9.561129e-06
9.899316e-06
1.023450e-05
1.056619e-05
1.089384e-05
1.121692e-05
1.153490e-05
1.184727e-05
1.215357e-05
1.245336e-05
1.274623e-05
1.303179e-05
1.330969e-05
1.357962e-05
1.384126e-05
1.409435e-05
1.433862e-05
1.457385e-05
1.479983e-05
1.501637e-05
1.522329e-05
1.542045e-05
1.560773e-05
1.578499e-05
1.595217e-05
1.610918e-05
1.625596e-05
1.639249e-05
1.651875e-05
1.663472e-05
1.674044e-05
1.683592e-05
1.692123e-05
1.699643e-05
1.706159e-05
1.711683e-05
1.716225e-05
1.719797e-05
1.722415e-05
1.724093e-05
1.724849e-05
1.724700e-05
1.723667e-05
1.721769e-05
1.719029e-05
1.715470e-05
1.711115e-05
1.705989e-05
1.700118e-05
1.693530e-05
1.686254e-05
1.678318e-05
1.669750e-05
1.660578e-05
1.650834e-05
1.640547e-05
1.629749e-05
1.618471e-05
1.606745e-05
1.594603e-05
1.582076e-05
1.569197e-05
1.555999e-05
1.542512e-05
1.528769e-05
1.514802e-05
1.500641e-05
1.486318e-05
1.471864e-05
1.457309e-05
1.442682e-05
1.428014e-05
1.413332e-05
1.398666e-05
1.384042e-05
1.369487e-05
1.355028e-05
1.340689e-05
1.326495e-05
1.312470e-05
1.298636e-05
1.285015e-05
1.271627e-05
1.258492e-05
1.245629e-05
1.233054e-05
1.220786e-05
1.208838e-05
1.197226e-05
1.185961e-05
1.175057e-05
1.164524e-05
1.154371e-05
1.144607e-05
1.135240e-05
1.126276e-05
1.117720e-05
1.109575e-05
1.101846e-05
1.094533e-05
1.087639e-05
1.081162e-05
1.075102e-05
1.069456e-05
1.064222e-05
1.059396e-05
1.054973e-05
1.050948e-05
1.047314e-05
1.044064e-05
1.041191e-05
1.038686e-05
1.036540e-05
1.034744e-05
1.033287e-05
1.032159e-05
1.031348e-05
1.030844e-05
1.030634e-05
1.030706e-05
1.031048e-05
1.031646e-05
1.032488e-05
1.033561e-05
1.034851e-05
1.036345e-05
1.038028e-05
1.039889e-05
1.041913e-05
1.044086e-05
1.046395e-05
1.048827e-05
1.051369e-05
1.054006e-05
1.056727e-05
1.059518e-05
1.062367e-05
1.065262e-05
1.068189e-05
1.071138e-05
1.074097e-05
1.077055e-05
1.080000e-05
1.082922e-05
1.085811e-05
1.088657e-05
1.091450e-05
1.094180e-05
1.096840e-05
1.099421e-05
1.101914e-05
1.104312e-05
1.106609e-05
1.108795e-05
1.110867e-05
1.112817e-05
1.114639e-05
1.116329e-05
1.117882e-05
1.119293e-05
1.120559e-05
1.121675e-05
1.122638e-05
1.123445e-05
1.124095e-05
1.124584e-05
1.124912e-05
1.125076e-05
1.125075e-05
1.124910e-05
1.124579e-05
1.124082e-05
1.123420e-05
1.122592e-05
1.121601e-05
1.120447e-05
1.119132e-05
1.117656e-05
1.116023e-05
1.114233e-05
1.112290e-05
1.110196e-05
1.107954e-05
1.105567e-05
1.103038e-05
1.100370e-05
1.097566e-05
1.094631e-05
1.091569e-05
1.088382e-05
1.085074e-05
1.081651e-05
1.078116e-05
1.074473e-05
1.070727e-05
1.066882e-05
1.062942e-05
1.058912e-05
1.054796e-05
1.050599e-05
1.046324e-05
1.041977e-05
1.037562e-05
1.033083e-05
1.028544e-05
1.023950e-05
1.019305e-05
1.014613e-05
1.009879e-05
1.005106e-05
1.000298e-05
9.954585e-06
9.905922e-06
9.857023e-06
9.807923e-06
9.758657e-06
9.709257e-06
9.659756e-06
9.610184e-06
9.560570e-06
9.510942e-06
9.461327e-06
9.411751e-06
9.362236e-06
9.312807e-06
9.263483e-06
9.214285e-06
9.165232e-06
9.116339e-06
9.067623e-06
9.019098e-06
8.970776e-06
8.922670e-06
8.874789e-06
8.827141e-06
8.779735e-06
8.732576e-06
8.685670e-06
8.639019e-06
8.592627e-06
8.546494e-06
8.500621e-06
8.455006e-06
8.409648e-06
8.364543e-06
8.319687e-06
8.275075e-06
8.230702e-06
8.186559e-06
8.142640e-06
8.098936e-06
8.055438e-06
8.012136e-06
7.969019e-06
7.926076e-06
7.883296e-06
7.840666e-06
7.798173e-06
7.755805e-06
7.713549e-06
7.671389e-06
7.629313e-06
7.587305e-06
7.545353e-06
7.503439e-06
7.461551e-06
7.419674e-06
7.377796e-06
7.335808e-06
7.293860e-06
7.251886e-06
7.209841e-06
7.167694e-06
7.125420e-06
7.082998e-06
7.040412e-06
6.997646e-06
6.954688e-06
6.911526e-06
6.868149e-06
6.824547e-06
6.780711e-06
6.736633e-06
6.692305e-06
6.647720e-06
6.602871e-06
6.557752e-06
6.512357e-06
6.466681e-06
6.420719e-06
6.374466e-06
6.327918e-06
6.281071e-06
6.233921e-06
6.186465e-06
6.138701e-06
6.090625e-06
6.042236e-06
5.993533e-06
5.944512e-06
5.895174e-06
5.845518e-06
5.795543e-06
5.745250e-06
5.694638e-06
5.643709e-06
5.592464e-06
5.540904e-06
5.489031e-06
5.436847e-06
5.384354e-06
5.331556e-06
5.278456e-06
5.225057e-06
5.171363e-06
5.117379e-06
5.063108e-06
5.008556e-06
4.953728e-06
4.898628e-06
4.843263e-06
4.787639e-06
4.731762e-06
4.675638e-06
4.619275e-06
4.562678e-06
4.505854e-06
4.448813e-06
4.391560e-06
4.334103e-06
4.276450e-06
4.218610e-06
4.160590e-06
4.102398e-06
4.044042e-06
3.985532e-06
3.926874e-06
3.868079e-06
3.809153e-06
3.750107e-06
3.690947e-06
3.631683e-06
3.572323e-06
3.512875e-06
3.453349e-06
3.393751e-06
3.334091e-06
3.274377e-06
3.214617e-06
3.154818e-06
3.094989e-06
3.035138e-06
2.975271e-06
2.915398e-06
2.855524e-06
2.795658e-06
2.735807e-06
2.675977e-06
2.616175e-06
2.556409e-06
2.496684e-06
2.437007e-06
2.377385e-06
2.317823e-06
2.258327e-06
2.198903e-06
2.139557e-06
2.080294e-06
2.021119e-06
1.962038e-06
1.903056e-06
1.844177e-06
1.785406e-06
1.726748e-06
1.668208e-06
1.609790e-06
1.551497e-06
1.493335e-06
1.435306e-06
1.377416e-06
1.319668e-06
1.262065e-06
1.204612e-06
1.147312e-06
1.090168e-06
1.033184e-06
9.763629e-07
