7.811801e+00
6.380200e+00
4.404515e+00
2.891993e+00
2.854138e+00
3.079797e+00
3.214061e+00
3.089450e+00
2.862284e+00
2.322372e+00
1.665179e+00
1.356197e+00
1.256923e+00
1.074649e+00
1.029496e+00
9.552075e-01
9.053999e-01
8.553851e-01
8.006263e-01
8.582109e-01
8.926926e-01
8.904171e-01
8.971113e-01
9.455911e-01
9.410976e-01
8.556051e-01
9.032167e-01
8.785079e-01
7.853881e-01
8.271675e-01
7.242929e-01
7.425171e-01
8.085147e-01
7.155192e-01
8.562801e-01
7.611962e-01
8.667990e-01
7.626696e-01
8.539679e-01
7.162402e-01
8.209572e-01
7.898451e-01
7.622186e-01
8.726380e-01
7.087678e-01
9.163933e-01
8.046229e-01
8.910741e-01
8.934233e-01
7.715941e-01
9.067564e-01
7.565050e-01
8.125746e-01
8.735898e-01
6.726665e-01
9.361176e-01
8.752199e-01
7.833103e-01
9.677243e-01
8.362966e-01
8.851573e-01
9.370302e-01
7.900976e-01
9.886107e-01
9.522508e-01
7.536141e-01
1.017065e+00
1.013660e+00
8.939387e-01
9.580620e-01
1.028573e+00
9.412755e-01
1.057489e+00
9.655451e-01
8.530487e-01
1.109053e+00
1.012930e+00
1.052773e+00
9.929767e-01
1.097051e+00
1.097572e+00
1.145318e+00
9.910774e-01
9.870993e-01
1.187880e+00
1.148867e+00
1.164583e+00
9.745192e-01
1.160933e+00
1.109767e+00
1.267744e+00
1.183688e+00
1.042281e+00
1.083895e+00
1.282182e+00
1.314544e+00
1.217620e+00
1.039382e+00
1.185577e+00
1.300808e+00
1.358666e+00
1.331801e+00
1.111378e+00
1.098229e+00
1.334603e+00
1.447214e+00
1.430150e+00
1.166188e+00
1.098836e+00
1.263711e+00
1.434997e+00
1.529576e+00
1.335190e+00
9.479212e-01
1.203473e+00
1.450643e+00
1.603670e+00
1.518614e+00
1.026725e+00
1.016336e+00
1.326215e+00
1.597905e+00
1.703197e+00
1.301822e+00
7.893707e-01
1.078645e+00
1.434308e+00
1.782705e+00
1.652683e+00
9.947289e-01
1.199528e+00
1.466649e+00
1.763052e+00
1.908335e+00
1.504163e+00
1.318948e+00
1.575662e+00
1.822453e+00
2.008959e+00
1.895043e+00
1.455794e+00
1.663993e+00
1.859615e+00
2.055349e+00
2.132230e+00
1.870191e+00
1.840543e+00
2.052103e+00
2.187374e+00
2.272051e+00
2.182383e+00
2.044218e+00
2.166939e+00
2.261293e+00
2.299941e+00
2.302633e+00
2.187208e+00
2.204099e+00
2.402597e+00
2.515938e+00
2.529366e+00
2.419163e+00
2.429579e+00
2.596425e+00
2.572180e+00
2.583924e+00
2.612832e+00
2.675416e+00
2.628916e+00
2.740988e+00
2.815493e+00
2.681287e+00
2.798581e+00
2.765174e+00
2.957522e+00
2.719263e+00
2.977352e+00
2.807766e+00
3.091697e+00
2.936633e+00
3.105256e+00
3.060337e+00
3.071418e+00
3.164783e+00
3.157606e+00
3.272390e+00
3.076167e+00
3.421013e+00
3.351724e+00
3.435494e+00
3.465834e+00
3.407196e+00
3.402046e+00
3.502875e+00
3.464511e+00
3.551983e+00
3.725058e+00
3.515704e+00
3.733921e+00
3.849948e+00
3.528463e+00
3.780709e+00
3.946393e+00
3.427560e+00
3.862703e+00
3.981913e+00
3.675124e+00
4.034477e+00
4.014099e+00
3.842696e+00
4.239428e+00
3.921565e+00
4.114283e+00
4.362079e+00
3.941951e+00
4.320449e+00
4.461923e+00
4.180093e+00
4.455750e+00
4.458345e+00
4.511548e+00
4.661079e+00
4.492910e+00
4.633806e+00
4.733129e+00
4.484231e+00
4.656107e+00
4.732846e+00
4.768301e+00
4.919512e+00
4.810595e+00
4.951403e+00
4.890315e+00
4.927950e+00
4.751792e+00
4.931228e+00
4.785930e+00
5.108026e+00
4.997695e+00
5.167004e+00
4.979478e+00
5.175836e+00
4.909878e+00
5.212672e+00
4.931030e+00
5.212739e+00
5.023291e+00
5.234331e+00
5.047709e+00
5.270108e+00
5.058691e+00
5.204880e+00
5.125665e+00
5.108537e+00
5.211232e+00
5.131117e+00
5.214399e+00
5.005144e+00
5.248934e+00
5.042259e+00
5.247734e+00
4.973089e+00
5.224099e+00
5.151720e+00
5.206648e+00
5.014538e+00
5.143698e+00
5.093618e+00
5.067624e+00
5.135731e+00
5.021196e+00
4.853010e+00
4.922989e+00
5.014900e+00
4.831772e+00
4.959318e+00
4.779840e+00
4.670521e+00
4.750969e+00
4.830442e+00
4.508790e+00
4.719533e+00
4.615402e+00
4.394997e+00
4.533358e+00
4.537345e+00
4.190069e+00
4.410319e+00
4.354868e+00
4.138255e+00
4.241523e+00
4.212361e+00
3.977995e+00
4.093489e+00
4.090241e+00
3.907246e+00
3.936023e+00
3.907242e+00
3.694754e+00
3.805639e+00
3.796394e+00
3.626345e+00
3.583123e+00
3.528702e+00
3.349146e+00
3.477719e+00
3.443390e+00
3.270053e+00
3.219295e+00
3.125165e+00
3.064358e+00
3.147481e+00
3.078898e+00
2.894567e+00
2.848504e+00
2.813238e+00
2.752936e+00
2.770913e+00
2.664994e+00
2.539164e+00
2.545432e+00
2.476040e+00
2.424984e+00
2.382917e+00
2.244414e+00
2.278420e+00
2.237289e+00
2.137210e+00
2.044567e+00
1.978501e+00
1.976704e+00
1.965015e+00
1.883746e+00
1.758910e+00
1.739633e+00
1.717663e+00
1.695569e+00
1.637283e+00
1.531226e+00
1.536803e+00
1.503575e+00
1.448311e+00
1.382557e+00
1.335810e+00
1.340627e+00
1.283459e+00
1.218794e+00
1.141776e+00
1.143936e+00
1.132285e+00
1.109326e+00
1.037167e+00
9.975332e-01
9.822056e-01
9.534770e-01
9.176894e-01
8.767553e-01
8.688602e-01
8.357197e-01
7.933446e-01
7.437872e-01
7.247668e-01
7.161437e-01
7.010010e-01
6.554587e-01
6.259322e-01
6.102488e-01
5.875795e-01
5.616031e-01
5.425430e-01
5.419588e-01
5.173142e-01
4.879701e-01
4.551850e-01
4.421790e-01
4.309966e-01
4.168743e-01
3.879477e-01
3.770033e-01
3.620851e-01
3.441109e-01
3.260448e-01
3.244148e-01
3.196899e-01
3.094180e-01
2.985000e-01
2.664196e-01
2.582803e-01
2.481496e-01
2.840455e-01
3.386156e-01
2.915992e-01
2.023642e-01
2.018078e-01
2.382246e-01
3.311465e-01
3.536585e-01
2.705843e-01
1.903019e-01
2.298041e-01
2.789776e-01
3.579252e-01
3.446684e-01
2.276603e-01
2.344065e-01
2.379275e-01
3.118624e-01
3.725395e-01
3.218600e-01
2.349697e-01
2.612463e-01
2.813772e-01
3.440434e-01
3.673357e-01
2.798234e-01
2.813408e-01
3.072052e-01
3.008021e-01
3.683326e-01
3.523793e-01
2.888737e-01
3.053692e-01
3.419725e-01
3.375068e-01
3.805670e-01
3.481891e-01
3.337750e-01
3.496163e-01
3.556940e-01
3.565399e-01
3.870041e-01
3.388794e-01
3.562788e-01
3.849509e-01
3.766472e-01
3.809170e-01
3.904979e-01
3.856647e-01
3.737538e-01
4.039713e-01
4.045917e-01
4.020428e-01
3.857570e-01
4.128488e-01
4.171740e-01
4.001223e-01
4.204090e-01
4.155467e-01
4.319060e-01
4.129714e-01
4.472062e-01
4.267753e-01
4.550956e-01
4.431139e-01
4.675154e-01
4.442045e-01
4.589477e-01
4.504677e-01
4.782693e-01
4.810281e-01
4.796023e-01
4.989361e-01
4.933582e-01
4.974017e-01
4.976344e-01
5.025766e-01
4.779257e-01
5.252059e-01
5.130466e-01
5.318079e-01
5.439050e-01
5.220628e-01
5.344863e-01
5.565193e-01
5.039060e-01
5.440161e-01
5.727152e-01
5.339598e-01
5.712173e-01
5.873162e-01
5.462337e-01
5.820750e-01
5.995597e-01
5.712441e-01
6.007603e-01
5.907097e-01
5.945355e-01
6.313278e-01
5.953356e-01
6.101886e-01
6.473327e-01
6.052964e-01
6.449943e-01
6.618229e-01
6.493279e-01
6.688493e-01
6.716087e-01
6.482702e-01
6.796025e-01
6.741146e-01
6.834425e-01
7.010265e-01
6.881458e-01
7.089792e-01
7.159433e-01
7.015124e-01
6.964058e-01
7.090455e-01
7.049003e-01
7.371391e-01
7.319436e-01
7.477945e-01
7.404161e-01
7.430210e-01
7.208153e-01
7.436860e-01
7.249872e-01
7.699086e-01
7.581244e-01
7.749424e-01
7.609840e-01
7.798506e-01
7.500545e-01
7.851954e-01
7.606012e-01
7.785102e-01
7.829625e-01
7.884944e-01
7.842014e-01
7.912799e-01
7.750750e-01
7.751507e-01
7.838655e-01
7.801189e-01
7.945216e-01
7.795932e-01
7.989081e-01
7.551882e-01
8.011549e-01
7.533232e-01
8.113781e-01
7.629085e-01
8.119482e-01
7.829664e-01
8.069154e-01
7.562010e-01
8.159841e-01
7.907114e-01
8.101128e-01
7.887054e-01
7.959960e-01
7.814013e-01
8.023597e-01
8.015311e-01
7.910437e-01
7.802864e-01
7.773139e-01
7.851796e-01
7.810157e-01
7.921720e-01
7.656136e-01
7.580595e-01
7.601057e-01
7.776007e-01
7.489140e-01
7.740234e-01
7.499137e-01
7.409277e-01
7.469149e-01
7.552374e-01
7.148799e-01
7.437530e-01
7.338931e-01
7.166470e-01
7.201961e-01
7.276477e-01
6.890334e-01
7.111404e-01
7.107076e-01
6.813462e-01
6.902432e-01
6.907504e-01
6.598895e-01
6.718356e-01
6.761666e-01
6.431232e-01
6.524456e-01
6.526175e-01
6.253467e-01
6.338308e-01
6.390505e-01
6.024173e-01
6.153769e-01
6.109385e-01
5.811818e-01
5.955728e-01
5.985400e-01
5.728483e-01
5.735615e-01
5.688522e-01
5.401399e-01
5.555704e-01
5.579488e-01
5.339490e-01
5.340174e-01
5.269269e-01
5.028221e-01
5.181776e-01
5.183961e-01
4.948206e-01
4.905221e-01
4.837234e-01
4.674169e-01
4.767725e-01
4.735807e-01
4.493081e-01
4.488291e-01
4.439799e-01
4.265798e-01
4.376061e-01
4.306100e-01
4.053033e-01
4.131585e-01
4.071647e-01
3.884327e-01
3.938202e-01
3.828329e-01
3.683613e-01
3.750417e-01
3.656616e-01
3.497610e-01
3.512729e-01
3.367006e-01
3.372440e-01
3.385794e-01
3.262135e-01
3.089089e-01
3.039964e-01
2.964323e-01
3.008061e-01
2.970436e-01
2.819355e-01
2.692314e-01
2.674108e-01
2.618243e-01
2.655532e-01
2.573262e-01
2.401083e-01
2.421403e-01
2.370006e-01
2.294179e-01
2.264890e-01
2.142739e-01
2.143581e-01
2.112221e-01
2.024838e-01
1.992136e-01
1.907493e-01
1.911431e-01
1.905234e-01
1.832051e-01
1.730879e-01
1.681300e-01
1.669381e-01
1.687592e-01
1.633640e-01
1.560816e-01
1.519366e-01
1.553465e-01
1.560119e-01
1.509316e-01
1.521840e-01
1.510533e-01
1.411564e-01
1.458108e-01
1.448360e-01
1.422961e-01
1.436944e-01
1.419524e-01
1.327698e-01
1.359411e-01
1.341712e-01
1.315827e-01
1.330952e-01
1.321969e-01
1.226754e-01
1.241441e-01
1.216556e-01
1.190842e-01
1.205517e-01
1.204842e-01
1.105279e-01
1.119245e-01
1.089024e-01
1.064876e-01
1.097113e-01
1.084302e-01
9.866690e-02
9.928780e-02
9.585793e-02
9.362027e-02
9.807095e-02
9.564019e-02
8.747300e-02
8.751630e-02
8.389891e-02
8.225161e-02
8.717483e-02
8.391696e-02
7.727856e-02
7.753784e-02
7.253113e-02
7.258230e-02
7.627908e-02
7.245250e-02
6.789607e-02
6.897509e-02
6.819988e-02
6.625905e-02
6.707141e-02
6.766017e-02
7.052209e-02
7.129585e-02
6.798537e-02
7.261110e-02
7.060957e-02
7.341585e-02
7.516155e-02
7.281538e-02
6.820469e-02
7.471137e-02
7.355912e-02
7.751251e-02
7.979510e-02
7.440369e-02
7.653895e-02
8.087457e-02
7.527531e-02
7.804776e-02
8.268059e-02
7.578598e-02
8.126892e-02
8.470846e-02
8.214270e-02
8.407806e-02
8.522765e-02
8.109348e-02
8.791563e-02
8.500301e-02
8.720552e-02
9.116215e-02
8.508604e-02
8.859703e-02
9.309737e-02
8.520772e-02
9.335862e-02
9.396593e-02
9.430133e-02
9.535340e-02
9.570290e-02
9.400764e-02
9.836217e-02
9.488678e-02
9.738094e-02
9.918821e-02
9.795441e-02
1.020081e-01
1.029295e-01
1.015698e-01
1.012925e-01
1.049667e-01
9.939265e-02
1.049675e-01
1.051260e-01
1.072795e-01
1.085094e-01
1.069756e-01
1.076627e-01
1.097469e-01
1.074712e-01
1.102110e-01
1.111480e-01
1.114115e-01
1.142438e-01
1.152114e-01
1.138639e-01
1.129941e-01
1.136988e-01
1.112130e-01
1.184140e-01
1.166243e-01
1.203767e-01
1.180841e-01
1.197146e-01
1.160318e-01
1.201737e-01
1.164723e-01
1.223518e-01
1.217924e-01
1.231245e-01
1.229595e-01
1.243445e-01
1.211355e-01
1.251084e-01
1.220802e-01
1.245153e-01
1.260375e-01
1.263899e-01
1.258956e-01
1.266380e-01
1.242444e-01
1.236067e-01
1.278214e-01
1.246290e-01
1.291064e-01
1.242504e-01
1.285821e-01
1.209788e-01
1.298709e-01
1.220352e-01
1.314868e-01
1.230283e-01
1.312788e-01
1.248112e-01
1.314612e-01
1.224581e-01
1.325713e-01
1.277997e-01
1.313088e-01
1.270700e-01
1.323531e-01
1.266381e-01
1.329401e-01
1.295343e-01
1.307617e-01
1.257296e-01
1.309244e-01
1.297952e-01
1.309458e-01
1.304790e-01
1.279480e-01
1.273519e-01
1.295818e-01
1.300533e-01
1.290940e-01
1.287263e-01
1.254526e-01
1.286539e-01
1.265004e-01
1.301749e-01
1.255303e-01
1.271420e-01
1.261602e-01
1.276980e-01
1.237451e-01
1.281579e-01
1.226665e-01
1.260692e-01
1.250232e-01
1.268247e-01
1.201806e-01
1.264196e-01
1.232646e-01
1.236277e-01
1.241175e-01
1.239252e-01
1.178474e-01
1.227853e-01
1.215635e-01
1.211062e-01
1.211353e-01
1.210953e-01
1.149084e-01
1.194307e-01
1.198404e-01
1.164633e-01
1.184282e-01
1.162312e-01
1.117123e-01
1.141948e-01
1.158410e-01
1.117010e-01
1.136606e-01
1.114047e-01
1.082092e-01
1.092301e-01
1.117611e-01
1.049641e-01
1.091168e-01
1.062596e-01
1.023642e-01
1.049285e-01
1.055033e-01
9.834940e-02
1.026299e-01
1.004614e-01
9.637312e-02
9.877969e-02
9.934031e-02
9.159252e-02
9.655577e-02
9.477904e-02
8.999219e-02
9.311237e-02
9.231272e-02
8.703652e-02
8.975149e-02
8.950901e-02
8.546837e-02
8.576939e-02
8.502941e-02
8.019552e-02
8.274214e-02
8.247213e-02
7.870929e-02
7.929828e-02
7.839510e-02
7.384465e-02
7.676892e-02
7.632377e-02
7.274594e-02
7.162990e-02
7.027703e-02
6.754797e-02
6.952717e-02
6.866718e-02
6.505651e-02
6.518124e-02
6.326560e-02
6.185941e-02
6.362874e-02
6.229824e-02
5.861443e-02
5.782469e-02
5.712554e-02
5.598303e-02
5.672107e-02
5.480923e-02
5.258319e-02
5.191273e-02
5.076282e-02
5.138468e-02
5.119618e-02
4.878706e-02
4.778007e-02
4.759348e-02
4.600766e-02
4.568618e-02
4.463136e-02
4.205199e-02
4.293809e-02
4.207439e-02
4.079367e-02
4.096812e-02
3.925626e-02
3.904963e-02
3.915676e-02
3.780317e-02
3.569959e-02
3.494162e-02
3.450793e-02
3.450577e-02
3.391361e-02
3.213328e-02
3.121132e-02
3.071915e-02
3.050409e-02
3.064872e-02
2.953477e-02
2.839982e-02
2.832981e-02
2.783066e-02
2.648959e-02
2.679608e-02
2.640959e-02
2.601416e-02
2.581930e-02
2.552985e-02
2.457032e-02
2.615883e-02
2.465130e-02
2.640787e-02
2.476249e-02
2.580092e-02
2.498486e-02
2.565131e-02
2.609039e-02
2.568358e-02
2.639706e-02
2.539970e-02
2.596469e-02
2.531194e-02
2.580596e-02
2.551012e-02
2.632879e-02
2.562042e-02
2.617146e-02
2.516495e-02
2.566586e-02
2.550377e-02
2.585638e-02
2.585086e-02
2.598773e-02
2.564909e-02
2.565655e-02
2.563946e-02
2.503147e-02
2.610718e-02
2.409624e-02
2.612419e-02
2.479933e-02
2.503422e-02
2.510863e-02
2.486474e-02
2.408927e-02
2.491126e-02
2.399690e-02
2.384057e-02
2.424235e-02
2.359182e-02
2.312065e-02
2.355186e-02
2.340636e-02
2.239040e-02
2.340568e-02
2.207947e-02
2.204011e-02
2.246273e-02
2.148803e-02
2.141226e-02
2.195910e-02
2.132365e-02
1.983667e-02
2.029377e-02
1.994512e-02
1.892845e-02
1.982453e-02
1.965551e-02
1.853772e-02
1.832954e-02
1.878748e-02
1.813288e-02
1.794544e-02
1.839322e-02
1.786769e-02
1.665807e-02
1.648817e-02
1.652451e-02
1.597071e-02
1.655968e-02
1.715894e-02
1.635379e-02
1.697234e-02
1.710058e-02
1.717076e-02
1.733020e-02
1.763742e-02
1.771481e-02
1.828228e-02
1.746079e-02
1.733428e-02
1.797169e-02
1.739375e-02
1.891611e-02
1.855851e-02
1.904233e-02
1.813503e-02
1.862552e-02
1.770393e-02
1.900216e-02
1.887705e-02
1.944830e-02
1.908935e-02
1.928529e-02
1.902328e-02
1.938003e-02
1.862050e-02
1.985924e-02
1.919158e-02
1.994707e-02
1.954981e-02
2.016949e-02
1.938387e-02
2.033374e-02
1.950961e-02
2.000984e-02
2.026980e-02
1.994251e-02
2.033248e-02
1.999356e-02
2.006869e-02
1.954692e-02
2.025902e-02
1.999961e-02
2.051880e-02
1.987229e-02
2.064925e-02
1.934920e-02
2.063841e-02
1.989708e-02
2.099308e-02
2.019144e-02
2.107124e-02
2.016470e-02
2.133660e-02
2.009377e-02
2.147357e-02
2.085328e-02
2.122191e-02
2.101213e-02
2.134215e-02
2.060379e-02
2.136166e-02
2.097375e-02
2.135429e-02
2.130533e-02
2.170507e-02
2.102722e-02
2.162774e-02
2.115936e-02
2.103933e-02
2.184369e-02
2.138132e-02
2.172519e-02
2.119604e-02
2.159258e-02
2.101154e-02
2.186056e-02
2.140560e-02
2.210738e-02
2.114011e-02
2.212370e-02
2.095788e-02
2.211727e-02
2.075131e-02
2.218646e-02
2.149053e-02
2.208033e-02
2.153341e-02
2.241366e-02
2.080910e-02
2.253774e-02
2.159730e-02
2.234281e-02
2.127707e-02
2.206251e-02
2.153582e-02
2.212374e-02
2.206967e-02
2.183725e-02
2.144372e-02
2.195025e-02
2.142289e-02
2.197879e-02
2.170371e-02
2.163396e-02
2.085079e-02
2.115811e-02
2.161140e-02
2.111335e-02
2.168858e-02
2.070786e-02
2.054746e-02
2.076324e-02
2.098655e-02
2.055818e-02
2.087035e-02
2.012510e-02
2.017385e-02
2.002821e-02
2.068597e-02
1.936182e-02
2.043233e-02
1.995099e-02
1.923038e-02
1.971325e-02
1.964104e-02
1.853648e-02
1.926545e-02
1.901370e-02
1.862400e-02
1.860925e-02
1.897552e-02
1.793348e-02
1.853538e-02
1.847678e-02
1.735394e-02
1.797707e-02
1.765362e-02
1.679631e-02
1.743449e-02
1.735133e-02
1.647683e-02
1.663974e-02
1.675681e-02
1.605863e-02
1.627036e-02
1.640378e-02
1.533220e-02
1.582439e-02
1.573415e-02
1.478164e-02
1.538632e-02
1.546788e-02
1.480319e-02
1.437022e-02
1.441481e-02
1.397672e-02
1.395940e-02
1.405659e-02
1.345656e-02
1.346173e-02
1.344602e-02
1.270712e-02
1.313415e-02
1.325198e-02
1.273138e-02
1.223524e-02
1.232089e-02
1.198577e-02
1.165380e-02
1.173885e-02
1.124584e-02
1.098342e-02
1.093173e-02
1.053822e-02
1.077209e-02
1.083887e-02
1.039527e-02
1.007261e-02
1.011375e-02
9.824858e-03
9.343062e-03
9.259087e-03
8.960555e-03
8.918625e-03
8.625269e-03
8.324331e-03
8.327064e-03
8.288456e-03
7.881195e-03
7.872336e-03
7.828139e-03
7.549713e-03
7.138948e-03
6.959623e-03
6.993623e-03
6.921217e-03
6.516805e-03
6.031285e-03
5.882387e-03
5.712754e-03
5.869674e-03
5.739545e-03
5.501990e-03
5.880149e-03
6.155558e-03
5.835124e-03
6.223030e-03
5.991524e-03
5.900344e-03
6.291697e-03
6.015570e-03
6.276639e-03
6.386545e-03
5.917344e-03
6.498474e-03
6.280560e-03
6.379273e-03
6.260690e-03
6.413944e-03
6.189832e-03
6.575676e-03
6.388709e-03
6.490947e-03
6.413202e-03
6.540964e-03
6.363373e-03
6.782900e-03
6.434860e-03
6.764412e-03
6.335348e-03
6.764003e-03
6.656192e-03
6.749085e-03
6.782440e-03
6.718380e-03
6.746856e-03
6.738608e-03
6.630119e-03
6.798972e-03
6.540164e-03
6.815320e-03
6.553291e-03
6.685847e-03
6.458757e-03
6.677439e-03
6.448576e-03
6.702825e-03
6.505548e-03
6.697194e-03
6.436194e-03
6.765150e-03
6.392538e-03
6.800385e-03
6.324159e-03
6.711390e-03
6.614605e-03
6.345070e-03
6.597930e-03
6.299361e-03
6.215727e-03
6.308987e-03
6.215820e-03
6.017161e-03
6.152023e-03
6.025870e-03
5.869303e-03
5.925484e-03
6.086275e-03
5.547485e-03
5.977135e-03
5.824376e-03
5.515522e-03
5.779294e-03
5.674102e-03
5.349519e-03
5.606483e-03
5.557613e-03
5.272108e-03
5.100858e-03
5.099035e-03
4.963020e-03
4.865989e-03
4.887746e-03
4.673761e-03
4.653765e-03
4.782884e-03
4.646200e-03
4.529451e-03
4.652810e-03
4.550426e-03
4.289027e-03
4.169295e-03
4.173189e-03
4.100812e-03
3.970240e-03
3.754209e-03
3.659790e-03
3.557635e-03
3.649086e-03
3.568081e-03
3.373185e-03
3.466395e-03
3.414875e-03
3.271721e-03
3.082317e-03
3.113757e-03
3.127354e-03
3.218158e-03
2.933136e-03
3.052204e-03
3.122833e-03
2.870996e-03
3.302287e-03
3.186503e-03
3.069304e-03
3.367978e-03
3.147993e-03
3.311017e-03
3.386770e-03
3.327910e-03
3.371824e-03
3.430865e-03
3.439649e-03
3.402310e-03
3.630638e-03
3.394709e-03
3.566020e-03
3.562332e-03
3.444379e-03
3.694808e-03
3.581447e-03
3.751306e-03
3.595554e-03
3.704756e-03
3.667366e-03
3.657012e-03
3.726446e-03
3.764764e-03
3.827499e-03
3.746258e-03
3.728589e-03
3.827774e-03
3.612234e-03
3.993167e-03
3.759628e-03
4.011943e-03
3.662751e-03
3.984374e-03
3.745399e-03
4.010761e-03
3.899252e-03
4.046339e-03
3.886073e-03
4.037220e-03
3.801687e-03
4.023421e-03
3.762543e-03
4.103290e-03
3.909561e-03
4.135102e-03
3.876560e-03
4.187762e-03
3.821056e-03
4.199474e-03
3.953036e-03
4.143965e-03
3.963003e-03
4.057602e-03
4.063324e-03
4.051435e-03
4.104878e-03
4.106841e-03
3.933422e-03
4.177096e-03
3.969353e-03
4.163430e-03
4.008495e-03
4.064767e-03
4.093618e-03
3.971190e-03
4.167218e-03
3.940125e-03
4.102560e-03
4.013457e-03
3.978091e-03
4.017886e-03
4.039557e-03
3.980296e-03
4.066705e-03
3.860023e-03
4.101953e-03
3.754190e-03
4.105279e-03
3.973051e-03
3.944944e-03
4.023889e-03
3.932211e-03
3.849016e-03
3.975301e-03
3.806773e-03
3.968761e-03
3.797643e-03
3.962623e-03
3.779778e-03
3.907013e-03
3.936999e-03
3.719901e-03
3.886779e-03
3.735411e-03
3.615800e-03
3.762648e-03
3.697965e-03
3.732027e-03
3.617566e-03
3.697020e-03
3.668725e-03
3.599450e-03
3.752483e-03
3.474628e-03
3.625784e-03
3.580944e-03
3.402166e-03
3.499528e-03
3.481373e-03
3.376369e-03
3.376274e-03
3.376311e-03
3.410255e-03
3.206003e-03
3.438517e-03
3.271956e-03
3.263832e-03
3.305732e-03
3.113672e-03
3.166909e-03
3.221333e-03
3.106474e-03
3.044199e-03
3.096238e-03
3.024067e-03
2.827557e-03
3.016472e-03
2.934275e-03
2.822736e-03
2.919690e-03
2.809318e-03
2.754050e-03
2.854569e-03
2.799942e-03
2.641843e-03
2.725887e-03
2.684051e-03
2.555648e-03
2.510923e-03
2.484562e-03
2.408943e-03
2.445903e-03
2.394562e-03
2.282872e-03
2.402942e-03
2.390302e-03
2.268908e-03
2.286314e-03
2.275841e-03
2.191005e-03
2.063744e-03
2.038159e-03
2.044355e-03
2.018014e-03
1.895837e-03
1.783023e-03
1.893651e-03
1.903204e-03
1.825445e-03
1.803076e-03
1.808675e-03
1.756064e-03
1.669660e-03
1.614100e-03
1.631564e-03
1.622348e-03
1.536089e-03
1.430895e-03
1.394128e-03
1.372497e-03
1.322320e-03
1.309342e-03
1.314409e-03
1.280371e-03
1.223835e-03
1.182482e-03
1.198369e-03
1.195474e-03
1.137057e-03
1.085920e-03
1.121351e-03
1.069021e-03
1.096694e-03
1.108356e-03
1.098583e-03
1.119569e-03
1.185661e-03
1.054956e-03
1.197272e-03
1.171369e-03
1.104085e-03
1.218877e-03
1.102940e-03
1.204301e-03
1.251526e-03
1.109036e-03
1.272079e-03
1.155358e-03
1.244817e-03
1.184751e-03
1.234314e-03
1.239083e-03
1.223431e-03
1.250435e-03
1.204821e-03
1.238345e-03
1.267739e-03
1.204404e-03
1.316616e-03
1.202568e-03
1.314152e-03
1.233848e-03
1.312176e-03
1.300267e-03
1.310092e-03
1.328036e-03
1.308893e-03
1.327356e-03
1.316975e-03
1.309356e-03
1.331903e-03
1.272131e-03
1.341638e-03
1.215967e-03
1.327195e-03
1.275895e-03
1.283387e-03
1.285042e-03
1.298477e-03
1.280474e-03
1.314097e-03
1.267512e-03
1.327162e-03
1.229300e-03
1.336274e-03
1.244773e-03
1.323441e-03
1.304152e-03
1.256795e-03
1.304053e-03
1.233863e-03
1.235012e-03
1.253623e-03
1.200063e-03
1.207348e-03
1.217452e-03
1.211358e-03
1.173729e-03
1.195051e-03
1.218876e-03
1.122800e-03
1.201167e-03
1.167376e-03
1.117061e-03
1.164951e-03
1.142874e-03
1.088569e-03
1.136091e-03
1.125383e-03
1.070186e-03
1.043853e-03
1.044158e-03
1.019908e-03
1.003796e-03
1.013377e-03
9.518016e-04
9.846324e-04
9.991162e-04
9.633812e-04
9.629253e-04
9.790958e-04
9.527768e-04
8.974095e-04
8.937298e-04
8.912828e-04
8.754953e-04
8.475591e-04
8.110049e-04
7.989795e-04
7.954589e-04
8.009992e-04
7.689470e-04
7.721649e-04
7.770911e-04
7.551044e-04
7.172632e-04
7.076711e-04
7.151009e-04
7.099513e-04
6.715809e-04
6.308840e-04
6.269114e-04
6.120198e-04
6.159652e-04
6.240329e-04
6.172756e-04
5.806471e-04
6.240230e-04
6.448509e-04
5.936947e-04
6.520267e-04
6.757856e-04
6.295537e-04
6.618085e-04
6.565421e-04
5.820358e-04
7.086991e-04
6.478254e-04
6.730218e-04
7.096443e-04
6.599768e-04
7.140037e-04
7.117741e-04
7.102060e-04
7.061691e-04
7.247828e-04
7.250246e-04
6.766204e-04
7.628327e-04
6.803858e-04
7.562720e-04
7.427144e-04
7.279767e-04
7.795764e-04
7.296099e-04
7.960614e-04
7.307277e-04
7.900420e-04
7.645060e-04
7.768203e-04
7.770865e-04
7.782819e-04
7.912571e-04
7.883621e-04
7.803943e-04
7.956083e-04
7.544146e-04
8.296913e-04
7.220733e-04
8.349740e-04
7.578123e-04
8.332002e-04
7.798496e-04
8.410702e-04
7.923120e-04
8.484153e-04
7.831218e-04
8.463628e-04
7.665625e-04
8.390727e-04
8.008082e-04
8.347141e-04
8.279728e-04
8.431572e-04
8.173778e-04
8.560118e-04
7.623835e-04
8.600180e-04
7.753768e-04
8.511771e-04
8.057172e-04
8.362817e-04
8.381017e-04
8.063440e-04
8.488259e-04
8.154404e-04
8.166076e-04
8.317166e-04
7.725002e-04
8.321433e-04
7.905703e-04
8.173519e-04
8.125325e-04
7.959129e-04
8.340396e-04
7.658405e-04
8.288009e-04
8.053918e-04
7.782317e-04
8.026821e-04
7.692788e-04
7.737755e-04
7.810533e-04
7.626734e-04
7.853089e-04
7.483417e-04
7.961106e-04
7.597872e-04
7.768232e-04
7.803193e-04
7.152068e-04
7.591948e-04
7.498008e-04
7.006083e-04
7.403369e-04
7.403664e-04
7.295784e-04
7.016298e-04
7.311459e-04
7.227537e-04
7.010824e-04
7.266239e-04
6.870146e-04
6.913366e-04
7.024308e-04
6.743739e-04
6.757506e-04
6.911581e-04
6.736572e-04
6.337815e-04
6.472953e-04
6.585378e-04
6.168521e-04
6.497239e-04
6.318580e-04
6.058259e-04
6.321078e-04
6.220107e-04
5.939051e-04
6.203918e-04
6.159554e-04
5.879134e-04
5.736617e-04
5.753891e-04
5.644624e-04
5.554166e-04
5.535619e-04
5.296076e-04
5.441126e-04
5.472407e-04
5.250581e-04
5.335862e-04
5.385982e-04
5.223425e-04
4.919519e-04
4.973698e-04
4.950558e-04
4.863394e-04
4.708825e-04
4.574883e-04
4.488058e-04
4.554468e-04
4.446686e-04
4.372808e-04
4.472731e-04
4.396403e-04
4.200657e-04
4.105276e-04
4.137169e-04
4.114300e-04
4.028911e-04
3.789975e-04
3.754692e-04
3.664015e-04
3.525864e-04
3.392670e-04
3.494081e-04
3.465413e-04
3.347935e-04
3.218587e-04
3.270130e-04
3.281765e-04
3.241212e-04
3.060306e-04
2.993081e-04
2.941007e-04
2.853482e-04
2.736182e-04
2.594476e-04
2.542250e-04
2.504505e-04
2.437326e-04
2.424968e-04
2.440044e-04
2.417381e-04
2.295300e-04
2.339371e-04
2.331379e-04
2.299682e-04
2.402840e-04
2.326989e-04
2.422398e-04
2.302098e-04
2.468862e-04
2.251747e-04
2.480801e-04
2.475354e-04
2.314134e-04
2.552435e-04
2.353888e-04
2.502428e-04
2.635115e-04
2.318980e-04
2.682559e-04
2.404072e-04
2.635093e-04
2.554485e-04
2.610077e-04
2.656886e-04
2.597005e-04
2.692739e-04
2.584163e-04
2.676075e-04
2.659883e-04
2.638447e-04
2.752754e-04
2.577066e-04
2.745693e-04
2.630379e-04
2.731615e-04
2.749635e-04
2.730139e-04
2.810418e-04
2.744599e-04
2.824591e-04
2.774123e-04
2.798581e-04
2.812686e-04
2.734528e-04
2.849228e-04
2.624599e-04
2.848337e-04
2.737908e-04
2.753505e-04
2.781972e-04
2.739765e-04
2.755956e-04
2.779895e-04
2.736668e-04
2.813683e-04
2.669151e-04
2.847243e-04
2.643791e-04
2.846563e-04
2.788085e-04
2.742270e-04
2.815556e-04
2.662646e-04
2.707632e-04
2.732167e-04
2.621534e-04
2.650851e-04
2.696258e-04
2.663118e-04
2.551262e-04
2.652575e-04
2.669302e-04
2.534134e-04
2.664282e-04
2.573246e-04
2.526728e-04
2.602750e-04
2.544583e-04
2.488880e-04
2.575348e-04
2.550542e-04
2.442131e-04
2.437726e-04
2.440787e-04
2.398605e-04
2.356634e-04
2.344740e-04
2.311691e-04
2.323446e-04
2.330965e-04
2.242278e-04
2.304530e-04
2.328087e-04
2.269256e-04
2.164999e-04
2.204741e-04
2.200835e-04
2.174221e-04
2.115522e-04
2.091678e-04
2.054361e-04
2.007360e-04
1.994391e-04
1.919265e-04
1.993931e-04
1.992450e-04
1.938060e-04
1.863358e-04
1.902328e-04
1.918239e-04
1.900479e-04
1.803040e-04
1.776395e-04
1.752384e-04
1.706689e-04
1.666396e-04
1.607247e-04
1.640630e-04
1.649923e-04
1.630100e-04
1.597438e-04
1.594403e-04
1.619800e-04
1.574869e-04
1.514241e-04
1.452973e-04
1.448201e-04
1.424641e-04
1.395357e-04
1.377509e-04
1.338238e-04
1.437955e-04
1.388452e-04
1.397595e-04
1.411291e-04
1.459121e-04
1.463867e-04
1.445720e-04
1.480601e-04
1.298427e-04
1.547352e-04
1.422744e-04
1.488574e-04
1.557512e-04
1.488780e-04
1.582202e-04
1.482696e-04
1.585314e-04
1.567082e-04
1.558727e-04
1.614721e-04
1.522273e-04
1.626289e-04
1.522807e-04
1.643622e-04
1.580424e-04
1.648757e-04
1.662053e-04
1.621492e-04
1.701147e-04
1.575972e-04
1.696463e-04
1.648198e-04
1.682244e-04
1.683597e-04
1.696579e-04
1.709568e-04
1.723878e-04
1.704712e-04
1.740994e-04
1.660902e-04
1.752495e-04
1.611414e-04
1.751952e-04
1.703759e-04
1.737462e-04
1.735037e-04
1.763513e-04
1.686212e-04
1.785914e-04
1.667145e-04
1.790816e-04
1.672104e-04
1.788695e-04
1.722251e-04
1.766013e-04
1.785776e-04
1.700019e-04
1.775460e-04
1.735006e-04
1.681016e-04
1.751994e-04
1.700614e-04
1.746337e-04
1.713269e-04
1.732897e-04
1.735844e-04
1.692498e-04
1.770837e-04
1.674748e-04
1.725277e-04
1.724274e-04
1.621116e-04
1.697124e-04
1.705201e-04
1.643526e-04
1.670271e-04
1.688708e-04
1.665161e-04
1.575060e-04
1.674488e-04
1.630028e-04
1.602260e-04
1.644682e-04
1.587397e-04
1.586861e-04
1.631740e-04
1.605532e-04
1.559101e-04
1.604155e-04
1.592253e-04
1.542450e-04
1.516145e-04
1.524398e-04
1.532564e-04
1.513796e-04
1.485795e-04
1.424714e-04
1.496857e-04
1.501326e-04
1.452125e-04
1.463662e-04
1.474744e-04
1.449477e-04
1.404566e-04
1.396809e-04
1.422307e-04
1.420627e-04
1.358653e-04
1.300370e-04
1.319786e-04
1.346914e-04
1.324511e-04
1.286804e-04
1.314773e-04
1.310382e-04
1.287750e-04
1.258243e-04
1.275780e-04
1.287644e-04
1.244608e-04
1.190287e-04
1.156583e-04
1.160484e-04
1.157875e-04
1.123681e-04
1.130967e-04
1.141493e-04
1.136727e-04
1.125576e-04
1.109780e-04
1.130212e-04
1.102915e-04
1.065496e-04
1.019873e-04
1.008080e-04
9.949783e-05
9.733657e-05
9.446443e-05
9.600270e-05
9.669939e-05
9.692308e-05
9.553663e-05
9.641763e-05
9.479280e-05
9.235830e-05
8.925935e-05
8.690629e-05
8.634179e-05
8.511684e-05
8.331817e-05
8.101338e-05
7.942514e-05
8.039954e-05
7.995235e-05
8.042009e-05
7.936562e-05
7.776367e-05
7.571637e-05
7.386046e-05
7.358218e-05
7.287318e-05
7.177323e-05
7.030734e-05
6.876347e-05
6.856451e-05
6.791781e-05
6.690058e-05
6.561053e-05
6.426636e-05
6.419560e-05
6.388106e-05
6.331522e-05
6.247361e-05
6.136089e-05
6.121110e-05
6.132355e-05
5.999530e-05
6.282051e-05
5.832881e-05
6.342251e-05
6.085937e-05
6.323337e-05
6.498131e-05
6.304927e-05
6.504982e-05
6.329342e-05
6.357280e-05
6.589430e-05
6.312077e-05
6.760983e-05
6.284018e-05
6.851835e-05
6.286120e-05
6.887699e-05
6.507186e-05
6.898995e-05
6.599870e-05
6.876095e-05
6.781559e-05
6.783200e-05
6.934227e-05
6.878328e-05
6.945318e-05
7.010313e-05
6.737072e-05
7.097311e-05
6.737008e-05
7.126559e-05
6.899613e-05
7.095062e-05
7.070462e-05
6.999062e-05
7.242043e-05
6.882021e-05
7.251337e-05
7.148744e-05
7.072100e-05
7.214194e-05
7.074244e-05
7.011867e-05
7.225898e-05
7.200158e-05
7.054200e-05
7.219140e-05
7.271478e-05
7.203772e-05
7.192324e-05
7.200697e-05
7.349871e-05
7.354374e-05
7.128409e-05
7.008973e-05
7.222800e-05
7.261014e-05
7.107962e-05
7.203302e-05
7.300529e-05
7.265893e-05
7.165467e-05
7.175675e-05
7.357108e-05
7.390004e-05
7.141081e-05
6.961353e-05
6.915931e-05
7.031942e-05
6.960011e-05
6.876282e-05
7.038113e-05
7.065376e-05
7.021448e-05
6.959629e-05
7.102891e-05
7.181385e-05
6.981615e-05
6.740636e-05
6.667631e-05
6.605469e-05
6.569648e-05
6.457332e-05
6.516385e-05
6.623241e-05
6.658568e-05
6.669874e-05
6.617675e-05
6.750890e-05
6.619967e-05
6.444621e-05
6.232402e-05
6.210756e-05
6.148153e-05
6.039248e-05
5.893922e-05
5.980215e-05
6.106763e-05
6.205503e-05
6.185154e-05
6.138282e-05
6.087047e-05
5.990759e-05
5.855392e-05
5.686898e-05
5.662617e-05
5.616107e-05
5.532009e-05
5.417696e-05
5.411193e-05
5.601770e-05
5.670807e-05
5.529783e-05
5.426802e-05
5.414509e-05
5.363328e-05
5.277738e-05
5.162864e-05
5.091715e-05
5.074938e-05
5.028114e-05
5.024701e-05
5.037939e-05
5.060820e-05
5.027029e-05
4.961937e-05
4.870101e-05
4.792595e-05
4.791472e-05
4.760278e-05
4.703199e-05
4.624871e-05
4.575204e-05
4.582975e-05
4.700980e-05
4.646720e-05
4.567881e-05
4.501362e-05
4.505284e-05
4.482036e-05
4.435233e-05
4.368780e-05
4.333049e-05
4.383419e-05
4.448337e-05
4.546467e-05
4.479388e-05
4.390640e-05
4.375166e-05
4.363484e-05
4.327365e-05
4.270936e-05
4.293854e-05
4.332044e-05
4.373490e-05
4.537947e-05
4.601732e-05
4.500050e-05
4.459351e-05
4.444326e-05
4.401762e-05
4.382499e-05
4.398797e-05
4.369204e-05
4.475016e-05
4.583575e-05
4.680494e-05
4.680445e-05
4.707809e-05
4.661764e-05
4.586331e-05
4.492287e-05
4.437625e-05
4.526662e-05
4.612403e-05
4.634652e-05
4.629685e-05
4.683570e-05
4.834192e-05
4.879037e-05
4.745507e-05
4.697065e-05
4.666463e-05
4.604277e-05
4.610564e-05
4.540296e-05
4.651314e-05
4.725695e-05
4.763451e-05
4.794996e-05
4.837327e-05
4.924418e-05
4.825689e-05
4.699552e-05
4.624944e-05
4.599563e-05
4.600087e-05
4.579121e-05
4.533433e-05
4.655286e-05
4.736163e-05
4.804647e-05
4.781620e-05
4.829465e-05
4.767192e-05
4.673554e-05
4.554217e-05
4.485508e-05
4.460894e-05
4.457981e-05
4.430634e-05
4.449954e-05
4.569556e-05
4.673868e-05
4.684677e-05
4.618945e-05
4.590795e-05
4.530190e-05
4.442190e-05
4.332365e-05
4.286950e-05
4.262654e-05
4.224353e-05
4.220711e-05
4.295845e-05
4.430565e-05
4.472362e-05
4.352921e-05
4.326131e-05
4.295259e-05
4.237735e-05
4.158392e-05
4.062293e-05
4.046214e-05
4.023267e-05
3.981422e-05
3.998842e-05
4.109618e-05
4.175999e-05
4.092680e-05
4.007619e-05
4.000015e-05
3.968601e-05
3.917318e-05
3.850299e-05
3.786340e-05
3.782638e-05
3.761695e-05
3.725174e-05
3.748197e-05
3.830367e-05
3.777793e-05
3.709539e-05
3.676954e-05
3.664727e-05
3.636126e-05
3.594274e-05
3.542010e-05
3.518807e-05
3.513272e-05
3.494302e-05
3.462962e-05
3.469268e-05
3.439421e-05
3.397480e-05
3.374264e-05
3.354435e-05
3.341321e-05
3.318505e-05
3.304121e-05
3.293467e-05
3.273695e-05
3.251227e-05
3.234360e-05
3.224433e-05
3.212455e-05
3.197257e-05
3.185330e-05
3.175375e-05
3.173833e-05
3.166743e-05
3.151955e-05
3.130664e-05
3.118715e-05
3.111293e-05
3.102517e-05
3.096138e-05
3.094191e-05
3.083128e-05
3.083078e-05
3.075891e-05
3.061198e-05
3.041072e-05
3.029826e-05
3.021143e-05
3.014823e-05
3.014332e-05
3.010260e-05
3.009274e-05
3.007577e-05
2.996936e-05
2.978281e-05
2.972247e-05
2.960676e-05
2.945246e-05
2.931718e-05
2.933730e-05
2.936024e-05
2.938280e-05
2.932327e-05
2.921393e-05
2.918529e-05
2.908309e-05
2.891717e-05
2.872985e-05
2.860192e-05
2.855269e-05
2.859023e-05
2.861133e-05
2.863390e-05
2.860290e-05
2.852647e-05
2.836978e-05
2.830079e-05
2.820183e-05
2.843920e-05
2.866890e-05
2.850886e-05
2.828034e-05
2.799869e-05
2.790940e-05
2.788474e-05
2.783192e-05
2.773346e-05
2.755983e-05
2.766421e-05
2.861600e-05
2.894650e-05
2.917100e-05
2.898740e-05
2.871518e-05
2.837183e-05
2.821718e-05
2.817039e-05
2.802956e-05
2.781194e-05
2.753682e-05
2.783538e-05
2.879235e-05
2.912478e-05
2.917368e-05
2.902620e-05
2.877291e-05
2.843198e-05
2.809499e-05
2.808420e-05
2.796666e-05
2.776082e-05
2.748684e-05
2.750075e-05
2.851762e-05
2.890720e-05
2.867129e-05
2.860385e-05
2.841866e-05
2.813322e-05
2.776457e-05
2.760573e-05
2.754801e-05
2.739447e-05
2.716446e-05
2.690614e-05
2.778542e-05
2.827116e-05
2.781380e-05
2.774081e-05
2.765763e-05
2.746712e-05
2.718527e-05
2.682907e-05
2.678735e-05
2.671446e-05
2.656031e-05
2.634152e-05
2.663289e-05
2.723684e-05
2.692620e-05
2.653971e-05
2.653179e-05
2.646081e-05
2.629561e-05
2.605135e-05
2.574446e-05
2.575110e-05
2.569275e-05
2.556608e-05
2.554036e-05
2.586173e-05
2.572098e-05
2.549869e-05
2.520890e-05
2.517153e-05
2.513841e-05
2.502607e-05
2.484799e-05
2.461807e-05
2.460393e-05
2.458127e-05
2.449960e-05
2.436738e-05
2.429564e-05
2.421982e-05
2.417374e-05
2.410451e-05
2.406957e-05
2.401682e-05
2.397035e-05
2.391511e-05
2.386342e-05
2.383332e-05
2.378002e-05
2.372410e-05
2.367171e-05
2.363661e-05
2.360706e-05
2.355826e-05
2.349158e-05
2.343582e-05
2.341069e-05
2.337050e-05
2.332042e-05
2.326356e-05
2.322577e-05
2.320485e-05
2.316435e-05
2.310256e-05
2.302200e-05
2.298882e-05
2.293804e-05
2.287156e-05
2.281515e-05
2.279456e-05
2.276821e-05
2.273632e-05
2.269499e-05
2.265759e-05
2.262871e-05
2.257369e-05
2.249800e-05
2.241299e-05
2.236412e-05
2.232836e-05
2.230240e-05
2.227977e-05
2.224633e-05
2.221833e-05
2.216966e-05
2.212959e-05
2.207090e-05
2.202394e-05
2.195676e-05
2.188377e-05
2.181984e-05
2.178690e-05
2.178205e-05
2.177852e-05
2.175842e-05
2.170473e-05
2.164176e-05
2.160424e-05
2.155035e-05
2.147136e-05
2.140525e-05
2.134775e-05
2.130365e-05
2.127949e-05
2.126938e-05
2.127021e-05
2.126051e-05
2.121208e-05
2.112047e-05
2.106904e-05
2.102654e-05
2.096096e-05
2.088645e-05
2.082120e-05
2.078794e-05
2.079164e-05
2.092093e-05
2.079138e-05
2.076090e-05
2.071205e-05
2.063059e-05
2.059738e-05
2.053481e-05
2.045473e-05
2.039162e-05
2.034709e-05
2.032463e-05
2.032220e-05
2.054362e-05
2.045510e-05
2.031297e-05
2.022704e-05
2.019270e-05
2.013936e-05
2.006999e-05
2.000643e-05
1.994604e-05
1.990356e-05
1.988474e-05
1.992834e-05
1.994211e-05
1.991565e-05
1.983581e-05
1.980620e-05
1.976194e-05
1.971834e-05
1.965293e-05
1.960758e-05
1.955047e-05
1.950266e-05
1.948581e-05
1.948863e-05
1.948229e-05
1.945051e-05
1.942523e-05
1.941199e-05
1.937133e-05
1.930615e-05
1.925228e-05
1.922205e-05
1.917704e-05
1.912787e-05
1.909667e-05
1.908890e-05
1.908010e-05
1.906257e-05
1.904218e-05
1.900259e-05
1.896695e-05
1.891063e-05
1.885710e-05
1.881327e-05
1.878165e-05
1.874649e-05
1.872186e-05
1.870532e-05
1.867647e-05
1.867235e-05
1.865180e-05
1.861030e-05
1.855115e-05
1.850508e-05
1.845860e-05
1.840895e-05
1.837129e-05
1.834773e-05
1.833809e-05
1.831658e-05
1.828665e-05
1.826684e-05
1.824614e-05
1.820644e-05
1.815182e-05
1.809291e-05
1.805570e-05
1.802357e-05
1.799787e-05
1.797370e-05
1.794682e-05
1.791982e-05
1.789379e-05
1.786084e-05
1.782989e-05
1.779297e-05
1.774596e-05
1.769697e-05
1.765444e-05
1.763477e-05
1.761730e-05
1.759510e-05
1.755985e-05
1.751823e-05
1.748943e-05
1.745670e-05
1.741028e-05
1.737531e-05
1.733646e-05
1.729951e-05
1.726853e-05
1.724381e-05
1.723201e-05
1.721025e-05
1.717156e-05
1.711583e-05
1.707898e-05
1.704691e-05
1.700340e-05
1.695921e-05
1.692825e-05
1.690221e-05
1.688235e-05
1.686452e-05
1.684518e-05
1.682246e-05
1.678073e-05
1.672115e-05
1.666826e-05
1.663710e-05
1.659734e-05
1.655636e-05
1.652609e-05
1.650898e-05
1.649756e-05
1.648543e-05
1.646363e-05
1.643547e-05
1.639133e-05
1.633162e-05
1.627153e-05
1.623271e-05
1.619705e-05
1.616337e-05
1.614626e-05
1.613225e-05
1.611726e-05
1.610811e-05
1.608691e-05
1.605300e-05
1.600730e-05
1.594909e-05
1.589282e-05
1.584730e-05
1.581595e-05
1.579900e-05
1.578839e-05
1.577299e-05
1.574516e-05
1.573553e-05
1.571372e-05
1.567841e-05
1.563210e-05
1.557765e-05
1.552819e-05
1.548746e-05
1.546087e-05
1.544652e-05
1.543534e-05
1.541972e-05
1.538737e-05
1.537040e-05
1.534753e-05
1.531441e-05
1.527317e-05
1.522813e-05
1.518436e-05
1.514794e-05
1.512239e-05
1.510721e-05
1.509602e-05
1.508037e-05
1.505656e-05
1.503335e-05
1.501696e-05
1.499163e-05
1.495826e-05
1.491773e-05
1.488072e-05
1.484761e-05
1.482233e-05
1.480434e-05
1.479027e-05
1.477366e-05
1.474691e-05
1.473137e-05
1.471366e-05
1.468917e-05
1.465526e-05
1.461796e-05
1.458456e-05
1.455425e-05
1.452929e-05
1.450840e-05
1.449179e-05
1.447036e-05
1.445026e-05
1.443247e-05
1.441364e-05
1.438857e-05
1.435618e-05
1.431999e-05
1.429099e-05
1.426365e-05
1.423882e-05
1.421489e-05
1.419338e-05
1.417128e-05
1.415587e-05
1.413517e-05
1.411292e-05
1.408906e-05
1.405980e-05
1.402777e-05
1.399880e-05
1.397430e-05
1.394936e-05
1.392256e-05
1.389483e-05
1.387765e-05
1.386063e-05
1.383856e-05
1.381158e-05
1.379029e-05
1.376529e-05
1.373801e-05
1.370924e-05
1.368526e-05
1.366005e-05
1.363078e-05
1.359873e-05
1.358191e-05
1.356429e-05
1.354229e-05
1.351697e-05
1.349241e-05
1.347225e-05
1.344985e-05
1.342455e-05
1.339623e-05
1.337065e-05
1.333948e-05
1.331011e-05
1.328619e-05
1.326728e-05
1.324656e-05
1.322411e-05
1.320103e-05
1.318071e-05
1.316290e-05
1.314067e-05
1.311227e-05
1.308150e-05
1.304913e-05
1.302081e-05
1.299774e-05
1.297160e-05
1.295211e-05
1.293330e-05
1.291492e-05
1.289599e-05
1.287726e-05
1.285755e-05
1.283000e-05
1.279458e-05
1.276059e-05
1.273156e-05
1.271015e-05
1.268630e-05
1.266279e-05
1.264520e-05
1.263145e-05
1.261688e-05
1.259825e-05
1.257562e-05
1.254886e-05
1.251380e-05
1.247501e-05
1.244793e-05
1.242443e-05
1.240365e-05
1.238408e-05
1.236711e-05
1.235178e-05
1.234022e-05
1.232417e-05
1.229978e-05
1.226971e-05
1.223566e-05
1.219762e-05
1.217422e-05
1.215057e-05
1.212737e-05
1.210926e-05
1.209655e-05
1.208493e-05
1.207083e-05
1.205234e-05
1.202923e-05
1.199688e-05
1.196122e-05
1.193087e-05
1.190661e-05
1.188331e-05
1.186425e-05
1.184817e-05
1.183485e-05
1.182161e-05
1.180919e-05
1.178974e-05
1.176151e-05
1.173091e-05
1.169620e-05
1.167286e-05
1.165139e-05
1.162976e-05
1.161037e-05
1.159431e-05
1.158261e-05
1.157098e-05
1.155435e-05
1.153179e-05
1.150445e-05
1.147019e-05
1.144894e-05
1.142798e-05
1.140479e-05
1.138254e-05
1.136595e-05
1.135263e-05
1.133981e-05
1.132417e-05
1.130650e-05
1.128220e-05
1.125115e-05
1.122921e-05
1.120858e-05
1.118507e-05
1.116527e-05
1.114646e-05
1.112983e-05
1.111459e-05
1.110165e-05
1.108557e-05
1.106305e-05
1.103729e-05
1.100848e-05
1.099142e-05
1.097245e-05
1.095106e-05
1.092975e-05
1.091282e-05
1.089860e-05
1.088425e-05
1.086726e-05
1.084891e-05
1.082574e-05
1.079663e-05
1.077656e-05
1.075682e-05
1.073782e-05
1.071928e-05
1.070115e-05
1.068420e-05
1.066946e-05
1.065560e-05
1.063784e-05
1.061456e-05
1.059092e-05
1.056268e-05
1.054544e-05
1.052678e-05
1.050645e-05
1.048965e-05
1.047458e-05
1.046001e-05
1.044452e-05
1.042878e-05
1.041016e-05
1.038586e-05
1.035923e-05
1.033219e-05
1.031579e-05
1.029854e-05
1.028060e-05
1.026343e-05
1.025031e-05
1.023771e-05
1.022298e-05
1.020416e-05
1.018470e-05
1.015978e-05
1.013141e-05
1.010637e-05
1.008850e-05
1.007285e-05
1.005732e-05
1.004287e-05
1.002910e-05
1.001763e-05
1.000334e-05
9.984008e-06
9.962121e-06
9.936957e-06
9.909153e-06
9.884150e-06
9.866750e-06
9.850503e-06
9.837215e-06
9.825114e-06
9.813221e-06
9.800235e-06
9.786087e-06
9.766471e-06
9.743110e-06
9.718076e-06
9.691439e-06
9.667411e-06
9.649187e-06
9.633912e-06
9.620892e-06
9.610632e-06
9.600089e-06
9.587002e-06
9.571828e-06
9.552057e-06
9.528356e-06
9.503785e-06
9.478507e-06
9.456282e-06
9.437861e-06
9.422325e-06
9.410675e-06
9.399945e-06
9.390175e-06
9.377444e-06
9.361200e-06
9.341438e-06
9.318449e-06
9.294610e-06
9.270980e-06
9.250799e-06
9.233427e-06
9.218069e-06
9.204905e-06
9.195233e-06
9.184070e-06
9.171336e-06
9.154802e-06
9.135227e-06
9.113831e-06
9.091431e-06
9.070289e-06
9.051340e-06
9.035199e-06
9.020970e-06
9.007703e-06
8.995875e-06
8.983285e-06
8.969224e-06
8.953138e-06
8.935287e-06
8.916355e-06
8.897204e-06
8.878609e-06
8.861388e-06
8.846363e-06
8.832796e-06
8.819745e-06
8.805657e-06
8.789911e-06
8.772701e-06
8.760114e-06
8.745183e-06
8.728325e-06
8.710897e-06
8.693562e-06
8.676992e-06
8.662535e-06
8.648515e-06
8.634600e-06
8.619576e-06
8.602680e-06
8.587224e-06
8.574905e-06
8.560965e-06
8.544590e-06
8.528698e-06
8.512266e-06
8.496009e-06
8.481732e-06
8.467214e-06
8.452064e-06
8.436527e-06
8.418454e-06
8.405553e-06
8.393810e-06
8.380236e-06
8.364669e-06
8.349706e-06
8.334239e-06
8.318327e-06
8.303607e-06
8.288612e-06
8.272264e-06
8.256258e-06
8.238830e-06
8.227291e-06
8.215592e-06
8.202712e-06
8.188181e-06
8.173615e-06
8.159099e-06
8.143565e-06
8.127966e-06
8.112571e-06
8.095753e-06
8.078848e-06
8.063736e-06
8.052186e-06
8.040131e-06
8.028180e-06
8.014812e-06
8.000232e-06
7.986592e-06
7.971394e-06
7.954752e-06
7.939075e-06
7.922042e-06
7.904443e-06
7.891295e-06
7.880059e-06
7.867824e-06
7.856515e-06
7.844338e-06
7.830640e-06
7.816581e-06
7.801681e-06
7.784865e-06
7.768209e-06
7.751219e-06
7.733615e-06
7.721477e-06
7.710818e-06
7.699480e-06
7.687666e-06
7.676621e-06
7.663843e-06
7.649044e-06
7.634411e-06
7.617648e-06
7.600135e-06
7.583418e-06
7.566505e-06
7.554669e-06
7.544450e-06
7.534109e-06
7.523090e-06
7.511608e-06
7.499612e-06
7.485175e-06
7.469670e-06
7.453096e-06
7.435188e-06
7.418804e-06
7.403221e-06
7.392403e-06
7.381473e-06
7.371682e-06
7.361667e-06
7.350226e-06
7.337968e-06
7.323961e-06
7.307626e-06
7.291374e-06
7.274011e-06
7.257550e-06
7.243205e-06
7.233093e-06
7.223131e-06
7.213025e-06
7.203070e-06
7.192315e-06
7.179177e-06
7.165375e-06
7.149230e-06
7.132678e-06
7.116025e-06
7.099815e-06
7.088288e-06
7.077731e-06
7.067775e-06
7.058527e-06
7.048300e-06
7.037105e-06
7.024384e-06
7.009583e-06
6.993964e-06
6.977214e-06
6.961382e-06
6.947567e-06
6.936548e-06
6.926652e-06
6.917098e-06
6.907111e-06
6.897169e-06
6.885405e-06
6.872301e-06
6.857392e-06
6.841756e-06
6.825592e-06
6.810924e-06
6.799683e-06
6.789526e-06
6.779505e-06
6.769633e-06
6.760112e-06
6.749069e-06
6.737256e-06
6.723280e-06
6.708691e-06
6.692786e-06
6.677570e-06
6.666700e-06
6.656145e-06
6.645608e-06
6.635933e-06
6.626276e-06
6.615728e-06
6.604836e-06
6.591810e-06
6.578199e-06
6.563036e-06
6.547946e-06
6.536406e-06
6.525635e-06
6.515246e-06
6.505404e-06
6.495393e-06
6.485632e-06
6.475013e-06
6.463143e-06
6.450185e-06
6.435950e-06
6.421172e-06
6.407862e-06
6.397663e-06
6.387567e-06
6.377275e-06
6.367662e-06
6.358030e-06
6.347431e-06
6.336832e-06
6.324311e-06
6.311276e-06
6.296818e-06
6.282620e-06
6.271692e-06
6.261452e-06
6.251908e-06
6.242279e-06
6.232334e-06
6.222978e-06
6.212422e-06
6.201055e-06
6.188571e-06
6.175083e-06
6.161165e-06
6.147099e-06
6.137863e-06
6.128238e-06
6.118620e-06
6.109608e-06
6.100059e-06
6.090213e-06
6.079679e-06
6.067739e-06
6.055342e-06
6.041696e-06
6.028336e-06
6.015566e-06
6.006381e-06
5.997397e-06
5.988136e-06
5.979232e-06
5.970012e-06
5.959757e-06
5.949241e-06
5.937007e-06
5.924712e-06
5.911255e-06
5.898388e-06
5.886637e-06
5.877540e-06
5.868927e-06
5.860246e-06
5.851159e-06
5.842198e-06
5.831890e-06
5.821177e-06
5.809050e-06
5.796767e-06
5.783749e-06
5.771355e-06
5.760116e-06
5.751600e-06
5.742846e-06
5.734667e-06
5.725811e-06
5.716663e-06
5.706461e-06
5.695578e-06
5.683627e-06
5.671586e-06
5.659083e-06
5.647238e-06
5.636557e-06
5.628083e-06
5.619855e-06
5.611422e-06
5.602850e-06
5.593475e-06
5.583390e-06
5.572534e-06
5.560816e-06
5.549219e-06
5.537471e-06
5.526073e-06
5.515950e-06
5.507544e-06
5.499217e-06
5.490869e-06
5.482197e-06
5.472717e-06
5.462765e-06
5.452128e-06
5.440961e-06
5.429686e-06
5.418768e-06
5.408315e-06
5.398739e-06
5.389969e-06
5.381454e-06
5.372861e-06
5.363916e-06
5.354488e-06
5.344667e-06
5.334412e-06
5.323950e-06
5.313543e-06
5.303420e-06
5.293703e-06
5.284391e-06
5.275372e-06
5.266456e-06
5.257467e-06
5.248267e-06
5.238817e-06
5.229322e-06
5.219738e-06
5.210102e-06
5.200471e-06
5.190882e-06
5.181573e-06
5.172431e-06
5.163262e-06
5.153988e-06
5.144629e-06
5.135110e-06
5.125711e-06
5.116937e-06
5.108126e-06
5.099094e-06
5.090083e-06
5.080861e-06
5.071768e-06
5.062664e-06
5.053324e-06
5.044074e-06
5.034456e-06
5.024615e-06
5.015561e-06
5.007584e-06
4.999353e-06
4.990642e-06
4.982031e-06
4.973042e-06
4.964147e-06
4.954995e-06
4.945722e-06
4.936276e-06
4.926444e-06
4.916496e-06
4.908478e-06
4.900677e-06
4.892895e-06
4.884494e-06
4.876185e-06
4.867320e-06
4.858610e-06
4.849352e-06
4.840156e-06
4.830548e-06
4.820738e-06
4.810923e-06
4.803730e-06
4.796151e-06
4.788651e-06
4.780446e-06
4.772438e-06
4.763684e-06
4.755072e-06
4.745745e-06
4.736599e-06
4.726901e-06
4.717304e-06
4.708006e-06
4.701177e-06
4.693798e-06
4.686526e-06
4.678630e-06
4.670708e-06
4.662165e-06
4.653492e-06
4.644270e-06
4.635045e-06
4.625369e-06
4.615990e-06
4.607487e-06
4.600740e-06
4.593632e-06
4.586444e-06
4.578849e-06
4.570932e-06
4.562586e-06
4.553841e-06
4.544748e-06
4.535501e-06
4.526034e-06
4.516804e-06
4.509105e-06
4.502347e-06
4.495533e-06
4.488346e-06
4.481033e-06
4.473070e-06
4.464909e-06
4.456117e-06
4.447174e-06
4.437988e-06
4.428753e-06
4.419754e-06
4.412781e-06
4.406033e-06
4.399432e-06
4.392304e-06
4.385129e-06
4.377169e-06
4.369123e-06
4.360326e-06
4.351558e-06
4.342517e-06
4.333532e-06
4.325032e-06
4.318450e-06
4.311976e-06
4.305269e-06
4.298400e-06
4.291107e-06
4.283345e-06
4.275222e-06
4.266512e-06
4.257914e-06
4.249103e-06
4.240414e-06
4.232770e-06
4.226329e-06
4.219855e-06
4.213154e-06
4.206372e-06
4.198952e-06
4.191373e-06
4.183219e-06
4.174720e-06
4.166258e-06
4.157751e-06
4.149491e-06
4.142699e-06
4.136233e-06
4.129651e-06
4.123140e-06
4.116183e-06
4.108889e-06
4.101254e-06
4.093129e-06
4.084854e-06
4.076598e-06
4.068449e-06
4.061103e-06
4.054545e-06
4.048021e-06
4.041619e-06
4.034940e-06
4.027917e-06
4.020692e-06
4.012993e-06
4.004962e-06
3.996921e-06
3.988930e-06
3.981443e-06
3.974759e-06
3.968249e-06
3.961883e-06
3.955366e-06
3.948555e-06
3.941648e-06
3.934303e-06
3.926599e-06
3.918747e-06
3.910932e-06
3.903433e-06
3.896705e-06
3.890201e-06
3.883879e-06
3.877490e-06
3.870854e-06
3.864172e-06
3.857129e-06
3.849718e-06
3.842099e-06
3.834456e-06
3.826973e-06
3.820181e-06
3.813789e-06
3.807466e-06
3.801221e-06
3.794788e-06
3.788229e-06
3.781481e-06
3.774354e-06
3.766964e-06
3.759529e-06
3.752037e-06
3.745054e-06
3.738803e-06
3.732566e-06
3.726427e-06
3.720219e-06
3.713742e-06
3.707288e-06
3.700467e-06
3.693312e-06
3.686096e-06
3.678762e-06
3.671528e-06
3.665157e-06
3.659107e-06
3.653004e-06
3.647023e-06
3.640832e-06
3.634455e-06
3.627970e-06
3.621120e-06
3.614065e-06
3.606961e-06
3.599785e-06
3.592909e-06
3.586947e-06
3.581043e-06
3.575125e-06
3.569206e-06
3.563026e-06
3.556753e-06
3.550252e-06
3.543434e-06
3.536521e-06
3.529548e-06
3.522577e-06
3.516141e-06
3.510368e-06
3.504564e-06
3.498823e-06
3.492943e-06
3.486780e-06
3.480607e-06
3.474133e-06
3.467398e-06
3.460633e-06
3.453840e-06
3.447159e-06
3.441063e-06
3.435374e-06
3.429727e-06
3.424064e-06
3.418208e-06
3.412136e-06
3.406006e-06
3.399602e-06
3.393005e-06
3.386388e-06
3.379814e-06
3.373486e-06
3.367625e-06
3.362009e-06
3.356452e-06
3.350811e-06
3.344985e-06
3.339024e-06
3.332944e-06
3.326652e-06
3.320239e-06
3.313829e-06
3.307543e-06
3.301462e-06
3.295762e-06
3.290211e-06
3.284676e-06
3.279050e-06
3.273262e-06
3.267412e-06
3.261414e-06
3.255276e-06
3.249081e-06
3.242926e-06
3.236893e-06
3.231032e-06
3.225423e-06
3.219900e-06
3.214369e-06
3.208762e-06
3.203063e-06
3.197295e-06
3.191410e-06
3.185458e-06
3.179501e-06
3.173602e-06
3.167811e-06
3.162136e-06
3.156561e-06
3.151045e-06
3.145533e-06
3.139978e-06
3.134355e-06
3.128662e-06
3.122924e-06
3.117177e-06
3.111467e-06
3.105815e-06
3.100235e-06
3.094715e-06
3.089225e-06
3.083738e-06
3.078224e-06
3.072674e-06
3.067096e-06
3.061509e-06
3.055964e-06
3.050467e-06
3.044991e-06
3.039527e-06
3.034116e-06
3.028715e-06
3.023288e-06
3.017818e-06
3.012310e-06
3.006785e-06
3.001275e-06
2.995858e-06
2.990557e-06
2.985282e-06
2.980005e-06
2.974693e-06
2.969399e-06
2.964092e-06
2.958709e-06
2.953258e-06
2.947771e-06
2.942295e-06
2.936886e-06
2.931687e-06
2.926589e-06
2.921517e-06
2.916409e-06
2.911221e-06
2.906039e-06
2.900803e-06
2.895460e-06
2.890036e-06
2.884592e-06
2.879196e-06
2.873917e-06
2.868934e-06
2.864025e-06
2.859124e-06
2.854156e-06
2.849067e-06
2.843993e-06
2.838817e-06
2.833513e-06
2.828136e-06
2.822760e-06
2.817468e-06
2.812379e-06
2.807566e-06
2.802824e-06
2.798064e-06
2.793204e-06
2.788199e-06
2.783229e-06
2.778103e-06
2.772851e-06
2.767540e-06
2.762260e-06
2.757096e-06
2.752205e-06
2.747545e-06
2.742942e-06
2.738294e-06
2.733522e-06
2.728623e-06
2.723713e-06
2.718643e-06
2.713456e-06
2.708235e-06
2.703076e-06
2.698056e-06
2.693359e-06
2.688833e-06
2.684338e-06
2.679778e-06
2.675075e-06
2.670281e-06
2.665425e-06
2.660416e-06
2.655314e-06
2.650206e-06
2.645183e-06
2.640322e-06
2.635805e-06
2.631389e-06
2.626980e-06
2.622483e-06
2.617837e-06
2.613147e-06
2.608345e-06
2.603408e-06
2.598409e-06
2.593436e-06
2.588569e-06
2.583899e-06
2.579503e-06
2.575175e-06
2.570830e-06
2.566382e-06
2.561793e-06
2.557196e-06
2.552452e-06
2.547606e-06
2.542728e-06
2.537903e-06
2.533197e-06
2.528712e-06
2.524414e-06
2.520157e-06
2.515856e-06
2.511448e-06
2.506961e-06
2.502410e-06
2.497738e-06
2.492996e-06
2.488255e-06
2.483586e-06
2.479043e-06
2.474723e-06
2.470506e-06
2.466299e-06
2.462033e-06
2.457664e-06
2.453275e-06
2.448774e-06
2.444187e-06
2.439560e-06
2.434967e-06
2.430460e-06
2.426093e-06
2.421892e-06
2.417740e-06
2.413573e-06
2.409337e-06
2.405060e-06
2.400714e-06
2.396275e-06
2.391781e-06
2.387286e-06
2.382845e-06
2.378496e-06
2.374301e-06
2.370188e-06
2.366088e-06
2.361954e-06
2.357783e-06
2.353565e-06
2.349262e-06
2.344894e-06
2.340508e-06
2.336152e-06
2.331861e-06
2.327689e-06
2.323618e-06
2.319576e-06
2.315520e-06
2.311442e-06
2.307334e-06
2.303153e-06
2.298903e-06
2.294624e-06
2.290353e-06
2.286133e-06
2.282007e-06
2.277989e-06
2.274008e-06
2.270027e-06
2.266026e-06
2.262019e-06
2.257946e-06
2.253807e-06
2.249628e-06
2.245443e-06
2.241292e-06
2.237212e-06
2.233258e-06
2.229345e-06
2.225443e-06
2.221518e-06
2.217599e-06
2.213630e-06
2.209598e-06
2.205516e-06
2.201415e-06
2.197334e-06
2.193306e-06
2.189393e-06
2.185551e-06
2.181730e-06
2.177897e-06
2.174041e-06
2.170181e-06
2.166256e-06
2.162275e-06
2.158261e-06
2.154251e-06
2.150276e-06
2.146379e-06
2.142599e-06
2.138857e-06
2.135117e-06
2.131345e-06
2.127568e-06
2.123755e-06
2.119881e-06
2.115964e-06
2.112028e-06
2.108113e-06
2.104250e-06
2.100487e-06
2.096810e-06
2.093151e-06
2.089481e-06
2.085767e-06
2.082063e-06
2.078303e-06
2.074492e-06
2.070644e-06
2.066798e-06
2.062984e-06
2.059230e-06
2.055585e-06
2.051994e-06
2.048407e-06
2.044799e-06
2.041162e-06
2.037513e-06
2.033812e-06
2.030065e-06
2.026302e-06
2.022551e-06
2.018842e-06
2.015191e-06
2.011644e-06
2.008126e-06
2.004605e-06
2.001053e-06
1.997492e-06
1.993898e-06
1.990261e-06
1.986594e-06
1.982920e-06
1.979270e-06
1.975663e-06
1.972109e-06
1.968640e-06
1.965186e-06
1.961723e-06
1.958234e-06
1.954739e-06
1.951205e-06
1.947640e-06
1.944056e-06
1.940480e-06
1.936930e-06
1.933421e-06
1.929962e-06
1.926550e-06
1.923152e-06
1.919741e-06
1.916328e-06
1.912886e-06
1.909419e-06
1.905932e-06
1.902440e-06
1.898961e-06
1.895510e-06
1.892095e-06
1.888716e-06
1.885361e-06
1.882016e-06
1.878668e-06
1.875307e-06
1.871925e-06
1.868526e-06
1.865121e-06
1.861723e-06
1.858342e-06
1.854986e-06
1.851659e-06
1.848352e-06
1.845057e-06
1.841763e-06
1.838465e-06
1.835152e-06
1.831834e-06
1.828510e-06
1.825192e-06
1.821890e-06
1.818604e-06
1.815338e-06
1.812089e-06
1.808846e-06
1.805605e-06
1.802362e-06
1.799111e-06
1.795856e-06
1.792602e-06
1.789357e-06
1.786129e-06
1.782917e-06
1.779721e-06
1.776540e-06
1.773361e-06
1.770180e-06
1.766989e-06
1.763793e-06
1.760593e-06
1.757397e-06
1.754215e-06
1.751051e-06
1.747918e-06
1.744795e-06
1.741676e-06
1.738569e-06
1.735456e-06
1.732328e-06
1.729191e-06
1.726042e-06
1.722897e-06
1.719764e-06
1.716657e-06
1.713589e-06
1.710543e-06
1.707497e-06
1.704447e-06
1.701408e-06
1.698354e-06
1.695278e-06
1.692189e-06
1.689095e-06
1.686008e-06
1.682943e-06
1.679913e-06
1.676936e-06
1.673969e-06
1.670995e-06
1.668011e-06
1.665034e-06
1.662035e-06
1.659012e-06
1.655974e-06
1.652934e-06
1.649912e-06
1.646918e-06
1.643974e-06
1.641073e-06
1.638177e-06
1.635268e-06
1.632349e-06
1.629429e-06
1.626483e-06
1.623511e-06
1.620529e-06
1.617552e-06
1.614594e-06
1.611672e-06
1.608812e-06
1.605978e-06
1.603148e-06
1.600300e-06
1.597444e-06
1.594577e-06
1.591682e-06
1.588765e-06
1.585840e-06
1.582927e-06
1.580040e-06
1.577190e-06
1.574405e-06
1.571636e-06
1.568865e-06
1.566072e-06
1.563278e-06
1.560461e-06
1.557618e-06
1.554757e-06
1.551895e-06
1.549049e-06
1.546233e-06
1.543456e-06
1.540738e-06
1.538028e-06
1.535309e-06
1.532571e-06
1.529832e-06
1.527068e-06
1.524278e-06
1.521477e-06
1.518678e-06
1.515901e-06
1.513157e-06
1.510453e-06
1.507793e-06
1.505137e-06
1.502467e-06
1.499789e-06
1.497096e-06
1.494383e-06
1.491647e-06
1.488907e-06
1.486177e-06
1.483470e-06
1.480795e-06
1.478157e-06
1.475552e-06
1.472943e-06
1.470322e-06
1.467700e-06
1.465057e-06
1.462391e-06
1.459714e-06
1.457038e-06
1.454375e-06
1.451737e-06
1.449131e-06
1.446555e-06
1.443995e-06
1.441434e-06
1.438870e-06
1.436292e-06
1.433696e-06
1.431083e-06
1.428466e-06
1.425854e-06
1.423259e-06
1.420690e-06
1.418147e-06
1.415626e-06
1.413115e-06
1.410606e-06
1.408087e-06
1.405553e-06
1.403003e-06
1.400446e-06
1.397887e-06
1.395341e-06
1.392814e-06
1.390311e-06
1.387829e-06
1.385361e-06
1.382899e-06
1.380433e-06
1.377957e-06
1.375468e-06
1.372967e-06
1.370464e-06
1.367967e-06
1.365487e-06
1.363026e-06
1.360585e-06
1.358158e-06
1.355741e-06
1.353326e-06
1.350902e-06
1.348467e-06
1.346023e-06
1.343574e-06
1.341129e-06
1.338693e-06
1.336275e-06
1.333877e-06
1.331493e-06
1.329121e-06
1.326753e-06
1.324380e-06
1.321998e-06
1.319606e-06
1.317207e-06
1.314813e-06
1.312424e-06
1.310051e-06
1.307692e-06
1.305353e-06
1.303024e-06
1.300703e-06
1.298379e-06
1.296049e-06
1.293709e-06
1.291361e-06
1.289014e-06
1.286669e-06
1.284339e-06
1.282021e-06
1.279724e-06
1.277441e-06
1.275164e-06
1.272889e-06
1.270607e-06
1.268317e-06
1.266022e-06
1.263721e-06
1.261423e-06
1.259133e-06
1.256858e-06
1.254600e-06
1.252356e-06
1.250122e-06
1.247894e-06
1.245664e-06
1.243427e-06
1.241180e-06
1.238927e-06
1.236676e-06
1.234426e-06
1.232190e-06
1.229969e-06
1.227765e-06
1.225573e-06
1.223388e-06
1.221205e-06
1.219018e-06
1.216823e-06
1.214620e-06
1.212413e-06
1.210209e-06
1.208010e-06
1.205830e-06
1.203659e-06
1.201506e-06
1.199362e-06
1.197224e-06
1.195084e-06
1.192938e-06
1.190786e-06
1.188626e-06
1.186468e-06
1.184312e-06
1.182165e-06
1.180033e-06
1.177915e-06
1.175809e-06
1.173711e-06
1.171615e-06
1.169517e-06
1.167413e-06
1.165303e-06
1.163190e-06
1.161077e-06
1.158972e-06
1.156876e-06
1.154793e-06
1.152722e-06
1.150663e-06
1.148606e-06
1.146551e-06
1.144493e-06
1.142432e-06
1.140366e-06
1.138298e-06
1.136234e-06
1.134177e-06
1.132129e-06
1.130095e-06
1.128069e-06
1.126051e-06
1.124036e-06
1.122021e-06
1.120003e-06
1.117983e-06
1.115961e-06
1.113941e-06
1.111924e-06
1.109915e-06
1.107916e-06
1.105927e-06
1.103944e-06
1.101965e-06
1.099989e-06
1.098013e-06
1.096034e-06
1.094057e-06
1.092080e-06
1.090105e-06
1.088137e-06
1.086175e-06
1.084222e-06
1.082275e-06
1.080333e-06
1.078393e-06
1.076454e-06
1.074516e-06
1.072577e-06
1.070643e-06
1.068709e-06
1.066783e-06
1.064862e-06
1.062945e-06
1.061036e-06
1.059128e-06
1.057224e-06
1.055322e-06
1.053422e-06
1.051522e-06
1.049624e-06
1.047730e-06
1.045842e-06
1.043960e-06
1.042084e-06
1.040213e-06
1.038343e-06
1.036476e-06
1.034611e-06
1.032744e-06
1.030879e-06
1.029018e-06
1.027161e-06
1.025311e-06
1.023465e-06
1.021628e-06
1.019796e-06
1.017965e-06
1.016135e-06
1.014307e-06
1.012478e-06
1.010647e-06
1.008820e-06
1.006997e-06
1.005180e-06
1.003371e-06
1.001570e-06
9.997742e-07
