3.801255e+00
2.857370e+00
2.238780e+00
1.897043e+00
1.693953e+00
1.513079e+00
1.386020e+00
1.292821e+00
1.202252e+00
1.134888e+00
1.066671e+00
1.015366e+00
9.630282e-01
9.214019e-01
8.853623e-01
8.496712e-01
8.206304e-01
7.903862e-01
7.657202e-01
7.397231e-01
7.184710e-01
6.958567e-01
6.773265e-01
6.574543e-01
6.411334e-01
6.235170e-01
6.090162e-01
5.932796e-01
5.802978e-01
5.669792e-01
5.544453e-01
5.433554e-01
5.317109e-01
5.217784e-01
5.110981e-01
5.019824e-01
4.921467e-01
4.837463e-01
4.746551e-01
4.668852e-01
4.584537e-01
4.512426e-01
4.433987e-01
4.366855e-01
4.293673e-01
4.230995e-01
4.162538e-01
4.103865e-01
4.039669e-01
3.984610e-01
3.924273e-01
3.872488e-01
3.815656e-01
3.766846e-01
3.713208e-01
3.667111e-01
3.616393e-01
3.572778e-01
3.524736e-01
3.483396e-01
3.437814e-01
3.398567e-01
3.355251e-01
3.317932e-01
3.276708e-01
3.241172e-01
3.201884e-01
3.167998e-01
3.130507e-01
3.098152e-01
3.062329e-01
3.031398e-01
2.997129e-01
2.967524e-01
2.934704e-01
2.906337e-01
2.874871e-01
2.847660e-01
2.817461e-01
2.791334e-01
2.762322e-01
2.737210e-01
2.709313e-01
2.685155e-01
2.658305e-01
2.635044e-01
2.609180e-01
2.586764e-01
2.561829e-01
2.540210e-01
2.516151e-01
2.495284e-01
2.472053e-01
2.451897e-01
2.429450e-01
2.409967e-01
2.388261e-01
2.369415e-01
2.348413e-01
2.330171e-01
2.309836e-01
2.292168e-01
2.272467e-01
2.255344e-01
2.236246e-01
2.219642e-01
2.201116e-01
2.185006e-01
2.167027e-01
2.151387e-01
2.133928e-01
2.118737e-01
2.101775e-01
2.087012e-01
2.070525e-01
2.056171e-01
2.040137e-01
2.026174e-01
2.010574e-01
1.996985e-01
1.981800e-01
1.968570e-01
1.953781e-01
1.940895e-01
1.926487e-01
1.913930e-01
1.899888e-01
1.887646e-01
1.873955e-01
1.862017e-01
1.848661e-01
1.837015e-01
1.823983e-01
1.812617e-01
1.799896e-01
1.788799e-01
1.776378e-01
1.765540e-01
1.753407e-01
1.742819e-01
1.730964e-01
1.720617e-01
1.709029e-01
1.698913e-01
1.687583e-01
1.677692e-01
1.666610e-01
1.656935e-01
1.646094e-01
1.636627e-01
1.626018e-01
1.616752e-01
1.606367e-01
1.597296e-01
1.587128e-01
1.578246e-01
1.568287e-01
1.559586e-01
1.550064e-01
1.541306e-01
1.532382e-01
1.523393e-01
1.515050e-01
1.505943e-01
1.498057e-01
1.489128e-01
1.481394e-01
1.472636e-01
1.465049e-01
1.456458e-01
1.449014e-01
1.440584e-01
1.433279e-01
1.425005e-01
1.417835e-01
1.409712e-01
1.402673e-01
1.394698e-01
1.387786e-01
1.379954e-01
1.373166e-01
1.365473e-01
1.358805e-01
1.351247e-01
1.344696e-01
1.337269e-01
1.330831e-01
1.323533e-01
1.317205e-01
1.310031e-01
1.303811e-01
1.296759e-01
1.290643e-01
1.283708e-01
1.277695e-01
1.270875e-01
1.264961e-01
1.258252e-01
1.252435e-01
1.245836e-01
1.240113e-01
1.233620e-01
1.227989e-01
1.221600e-01
1.216059e-01
1.209770e-01
1.204317e-01
1.198127e-01
1.192759e-01
1.186665e-01
1.181381e-01
1.175381e-01
1.170178e-01
1.164269e-01
1.159146e-01
1.153327e-01
1.148281e-01
1.142550e-01
1.137580e-01
1.131934e-01
1.127038e-01
1.121475e-01
1.116652e-01
1.111175e-01
1.106419e-01
1.101301e-01
1.096335e-01
1.091566e-01
1.086404e-01
1.081969e-01
1.076879e-01
1.072505e-01
1.067487e-01
1.063174e-01
1.058224e-01
1.053970e-01
1.049088e-01
1.044893e-01
1.040077e-01
1.035939e-01
1.031188e-01
1.027106e-01
1.022418e-01
1.018391e-01
1.013765e-01
1.009791e-01
1.005227e-01
1.001306e-01
9.968010e-02
9.929315e-02
9.884852e-02
9.846664e-02
9.802774e-02
9.765081e-02
9.721754e-02
9.684548e-02
9.641773e-02
9.605044e-02
9.562810e-02
9.526550e-02
9.484846e-02
9.449045e-02
9.407862e-02
9.372512e-02
9.331840e-02
9.296933e-02
9.256763e-02
9.222290e-02
9.182612e-02
9.148566e-02
9.109371e-02
9.075745e-02
9.037024e-02
9.003809e-02
8.965554e-02
8.932743e-02
8.894945e-02
8.862532e-02
8.825184e-02
8.793161e-02
8.756254e-02
8.724614e-02
8.688141e-02
8.656878e-02
8.620831e-02
8.589939e-02
8.554310e-02
8.523782e-02
8.489597e-02
8.458395e-02
8.426408e-02
8.393765e-02
8.363926e-02
8.330502e-02
8.302142e-02
8.269086e-02
8.241042e-02
8.208348e-02
8.180617e-02
8.148280e-02
8.120855e-02
8.088868e-02
8.061747e-02
8.030104e-02
8.003280e-02
7.971977e-02
7.945446e-02
7.914477e-02
7.888235e-02
7.857594e-02
7.831636e-02
7.801319e-02
7.775640e-02
7.745642e-02
7.720239e-02
7.690554e-02
7.665423e-02
7.636047e-02
7.611182e-02
7.582111e-02
7.557510e-02
7.528738e-02
7.504396e-02
7.475919e-02
7.451833e-02
7.423646e-02
7.399812e-02
7.371912e-02
7.348326e-02
7.320708e-02
7.297366e-02
7.270026e-02
7.246925e-02
7.219860e-02
7.196996e-02
7.170200e-02
7.147572e-02
7.121042e-02
7.098643e-02
7.072376e-02
7.050205e-02
7.024196e-02
7.002250e-02
6.976496e-02
6.954771e-02
6.929268e-02
6.907761e-02
6.882505e-02
6.861214e-02
6.836203e-02
6.815124e-02
6.790353e-02
6.769484e-02
6.744950e-02
6.724288e-02
6.699988e-02
6.679529e-02
6.656387e-02
6.635203e-02
6.613436e-02
6.591303e-02
6.570883e-02
6.547877e-02
6.528725e-02
6.505928e-02
6.486955e-02
6.464364e-02
6.445570e-02
6.423182e-02
6.404564e-02
6.382377e-02
6.363931e-02
6.341942e-02
6.323668e-02
6.301875e-02
6.283770e-02
6.262170e-02
6.244232e-02
6.222823e-02
6.205050e-02
6.183829e-02
6.166219e-02
6.145184e-02
6.127734e-02
6.106883e-02
6.089593e-02
6.068922e-02
6.051789e-02
6.031298e-02
6.014320e-02
5.994005e-02
5.977180e-02
5.957040e-02
5.940367e-02
5.920400e-02
5.903876e-02
5.884079e-02
5.867703e-02
5.848074e-02
5.831844e-02
5.812382e-02
5.796296e-02
5.776998e-02
5.761055e-02
5.741919e-02
5.726117e-02
5.707142e-02
5.691479e-02
5.672662e-02
5.657137e-02
5.638477e-02
5.623088e-02
5.604582e-02
5.589328e-02
5.570975e-02
5.555854e-02
5.537652e-02
5.522663e-02
5.504610e-02
5.489750e-02
5.471846e-02
5.457114e-02
5.439356e-02
5.424751e-02
5.407137e-02
5.392658e-02
5.375186e-02
5.360831e-02
5.343500e-02
5.329269e-02
5.312077e-02
5.297966e-02
5.280913e-02
5.266922e-02
5.250004e-02
5.236133e-02
5.219350e-02
5.205596e-02
5.188946e-02
5.175308e-02
5.158789e-02
5.145266e-02
5.128878e-02
5.115468e-02
5.099209e-02
5.085912e-02
5.069780e-02
5.056593e-02
5.040587e-02
5.027511e-02
5.011630e-02
4.998662e-02
4.982904e-02
4.970044e-02
4.954407e-02
4.941653e-02
4.926137e-02
4.913489e-02
4.898092e-02
4.885548e-02
4.870269e-02
4.857828e-02
4.842665e-02
4.830326e-02
4.815279e-02
4.803041e-02
4.788108e-02
4.775969e-02
4.761149e-02
4.749110e-02
4.734401e-02
4.722459e-02
4.707861e-02
4.696016e-02
4.681528e-02
4.669778e-02
4.655398e-02
4.643743e-02
4.629470e-02
4.617909e-02
4.603742e-02
4.592273e-02
4.578211e-02
4.566835e-02
4.552876e-02
4.541590e-02
4.527734e-02
4.516539e-02
4.502784e-02
4.491678e-02
4.478023e-02
4.467005e-02
4.453451e-02
4.442520e-02
4.429064e-02
4.418219e-02
4.404860e-02
4.394101e-02
4.380839e-02
4.370165e-02
4.356998e-02
4.346407e-02
4.333335e-02
4.322828e-02
4.309849e-02
4.299424e-02
4.286538e-02
4.276193e-02
4.263399e-02
4.253136e-02
4.240432e-02
4.230248e-02
4.217635e-02
4.207530e-02
4.195005e-02
4.184978e-02
4.172542e-02
4.162593e-02
4.150243e-02
4.140371e-02
4.128108e-02
4.118311e-02
4.106134e-02
4.096412e-02
4.084319e-02
4.074672e-02
4.062663e-02
4.053090e-02
4.041164e-02
4.031664e-02
4.019820e-02
4.010392e-02
3.998630e-02
3.989273e-02
3.977592e-02
3.968306e-02
3.956704e-02
3.947489e-02
3.935967e-02
3.926821e-02
3.915377e-02
3.906300e-02
3.894933e-02
3.885925e-02
3.874635e-02
3.865694e-02
3.854480e-02
3.845607e-02
3.834468e-02
3.825661e-02
3.814597e-02
3.805855e-02
3.794865e-02
3.786189e-02
3.775272e-02
3.766661e-02
3.755816e-02
3.747269e-02
3.736496e-02
3.728012e-02
3.717311e-02
3.708889e-02
3.698259e-02
3.689899e-02
3.679338e-02
3.671041e-02
3.660549e-02
3.652312e-02
3.641890e-02
3.633713e-02
3.623358e-02
3.615242e-02
3.604955e-02
3.596898e-02
3.586677e-02
3.578679e-02
3.568524e-02
3.560584e-02
3.550495e-02
3.542613e-02
3.532589e-02
3.524764e-02
3.514804e-02
3.507036e-02
3.497140e-02
3.489428e-02
3.479595e-02
3.471939e-02
3.462169e-02
3.454568e-02
3.444860e-02
3.437314e-02
3.427667e-02
3.420175e-02
3.410589e-02
3.403151e-02
3.393625e-02
3.386241e-02
3.376775e-02
3.369443e-02
3.360036e-02
3.352757e-02
3.343409e-02
3.336182e-02
3.326892e-02
3.319717e-02
3.310485e-02
3.303360e-02
3.294185e-02
3.287111e-02
3.277993e-02
3.270969e-02
3.261907e-02
3.254933e-02
3.245926e-02
3.239001e-02
3.230050e-02
3.223174e-02
3.214278e-02
3.207450e-02
3.198608e-02
3.191829e-02
3.183040e-02
3.176308e-02
3.167573e-02
3.160889e-02
3.152207e-02
3.145569e-02
3.136939e-02
3.130347e-02
3.121770e-02
3.115224e-02
3.106698e-02
3.100198e-02
3.091723e-02
3.085268e-02
3.076844e-02
3.070434e-02
3.062059e-02
3.055694e-02
3.047370e-02
3.041048e-02
3.032773e-02
3.026495e-02
3.018269e-02
3.012035e-02
3.003857e-02
2.997666e-02
2.989537e-02
2.983388e-02
2.975306e-02
2.969200e-02
2.961165e-02
2.955101e-02
2.947113e-02
2.941090e-02
2.933149e-02
2.927168e-02
2.919273e-02
2.913332e-02
2.905483e-02
2.899583e-02
2.891779e-02
2.885919e-02
2.878160e-02
2.872340e-02
2.864626e-02
2.858845e-02
2.851176e-02
2.845434e-02
2.837808e-02
2.832106e-02
2.824523e-02
2.818860e-02
2.811320e-02
2.805695e-02
2.798199e-02
2.792611e-02
2.785157e-02
2.779607e-02
2.772196e-02
2.766683e-02
2.759313e-02
2.753838e-02
2.746509e-02
2.741071e-02
2.733783e-02
2.728381e-02
2.721134e-02
2.715769e-02
2.708562e-02
2.703232e-02
2.696066e-02
2.690772e-02
2.683646e-02
2.678387e-02
2.671300e-02
2.666076e-02
2.659028e-02
2.653839e-02
2.646830e-02
2.641676e-02
2.634705e-02
2.629585e-02
2.622653e-02
2.617566e-02
2.610672e-02
2.605620e-02
2.598763e-02
2.593744e-02
2.586925e-02
2.581938e-02
2.575156e-02
2.570203e-02
2.563458e-02
2.558537e-02
2.551828e-02
2.546940e-02
2.540268e-02
2.535412e-02
2.528775e-02
2.523951e-02
2.517350e-02
2.512557e-02
2.505991e-02
2.501230e-02
2.494699e-02
2.489970e-02
2.483474e-02
2.478775e-02
2.472313e-02
2.467645e-02
2.461218e-02
2.456580e-02
2.450187e-02
2.445579e-02
2.439220e-02
2.434642e-02
2.428316e-02
2.423769e-02
2.417476e-02
2.412958e-02
2.406698e-02
2.402209e-02
2.395982e-02
2.391522e-02
2.385328e-02
2.380897e-02
2.374734e-02
2.370332e-02
2.364202e-02
2.359828e-02
2.353729e-02
2.349383e-02
2.343316e-02
2.338999e-02
2.332963e-02
2.328673e-02
2.322668e-02
2.318406e-02
2.312432e-02
2.308197e-02
2.302254e-02
2.298046e-02
2.292133e-02
2.287952e-02
2.282069e-02
2.277915e-02
2.272062e-02
2.267935e-02
2.262111e-02
2.258011e-02
2.252216e-02
2.248142e-02
2.242377e-02
2.238328e-02
2.232592e-02
2.228570e-02
2.222862e-02
2.218865e-02
2.213187e-02
2.209215e-02
2.203565e-02
2.199619e-02
2.193997e-02
2.190075e-02
2.184481e-02
2.180585e-02
2.175018e-02
2.171147e-02
2.165608e-02
2.161761e-02
2.156249e-02
2.152427e-02
2.146942e-02
2.143144e-02
2.137686e-02
2.133912e-02
2.128481e-02
2.124730e-02
2.119326e-02
2.115599e-02
2.110221e-02
2.106518e-02
2.101166e-02
2.097486e-02
2.092161e-02
2.088503e-02
2.083204e-02
2.079570e-02
2.074296e-02
2.070684e-02
2.065436e-02
2.061847e-02
2.056624e-02
2.053057e-02
2.047859e-02
2.044315e-02
2.039142e-02
2.035620e-02
2.030472e-02
2.026972e-02
2.021848e-02
2.018371e-02
2.013271e-02
2.009815e-02
2.004739e-02
2.001305e-02
1.996253e-02
1.992841e-02
1.987813e-02
1.984421e-02
1.979417e-02
1.976047e-02
1.971066e-02
1.967717e-02
1.962760e-02
1.959431e-02
1.954497e-02
1.951189e-02
1.946278e-02
1.942991e-02
1.938103e-02
1.934836e-02
1.929971e-02
1.926724e-02
1.921881e-02
1.918655e-02
1.913835e-02
1.910628e-02
1.905830e-02
1.902643e-02
1.897867e-02
1.894700e-02
1.889946e-02
1.886799e-02
1.882067e-02
1.878939e-02
1.874228e-02
1.871119e-02
1.866431e-02
1.863341e-02
1.858673e-02
1.855603e-02
1.850956e-02
1.847905e-02
1.843280e-02
1.840247e-02
1.835642e-02
1.832628e-02
1.828045e-02
1.825049e-02
1.820486e-02
1.817509e-02
1.812967e-02
1.810008e-02
1.805486e-02
1.802545e-02
1.798043e-02
1.795120e-02
1.790639e-02
1.787734e-02
1.783272e-02
1.780385e-02
1.775943e-02
1.773074e-02
1.768652e-02
1.765800e-02
1.761397e-02
1.758563e-02
1.754180e-02
1.751363e-02
1.746999e-02
1.744200e-02
1.739855e-02
1.737072e-02
1.732746e-02
1.729981e-02
1.725674e-02
1.722926e-02
1.718638e-02
1.715906e-02
1.711636e-02
1.708921e-02
1.704670e-02
1.701972e-02
1.697739e-02
1.695057e-02
1.690843e-02
1.688177e-02
1.683982e-02
1.681332e-02
1.677154e-02
1.674521e-02
1.670361e-02
1.667743e-02
1.663602e-02
1.661000e-02
1.656876e-02
1.654290e-02
1.650183e-02
1.647613e-02
1.643524e-02
1.640970e-02
1.636898e-02
1.634359e-02
1.630305e-02
1.627781e-02
1.623744e-02
1.621236e-02
1.617216e-02
1.614723e-02
1.610719e-02
1.608242e-02
1.604255e-02
1.601792e-02
1.597823e-02
1.595375e-02
1.591422e-02
1.588989e-02
1.585052e-02
1.582634e-02
1.578713e-02
1.576310e-02
1.572406e-02
1.570017e-02
1.566129e-02
1.563755e-02
1.559883e-02
1.557523e-02
1.553667e-02
1.551321e-02
1.547481e-02
1.545150e-02
1.541326e-02
1.539008e-02
1.535200e-02
1.532896e-02
1.529103e-02
1.526814e-02
1.523037e-02
1.520761e-02
1.516999e-02
1.514737e-02
1.510990e-02
1.508742e-02
1.505011e-02
1.502776e-02
1.499060e-02
1.496838e-02
1.493137e-02
1.490929e-02
1.487243e-02
1.485049e-02
1.481377e-02
1.479196e-02
1.475539e-02
1.473371e-02
1.469729e-02
1.467574e-02
1.463947e-02
1.461805e-02
1.458192e-02
1.456063e-02
1.452464e-02
1.450348e-02
1.446764e-02
1.444660e-02
1.441090e-02
1.438999e-02
1.435443e-02
1.433365e-02
1.429823e-02
1.427757e-02
1.424230e-02
1.422176e-02
1.418662e-02
1.416622e-02
1.413121e-02
1.411093e-02
1.407606e-02
1.405590e-02
1.402117e-02
1.400113e-02
1.396654e-02
1.394661e-02
1.391216e-02
1.389236e-02
1.385803e-02
1.383835e-02
1.380416e-02
1.378459e-02
1.375054e-02
1.373109e-02
1.369716e-02
1.367783e-02
1.364404e-02
1.362483e-02
1.359116e-02
1.357206e-02
1.353853e-02
1.351955e-02
1.348614e-02
1.346727e-02
1.343399e-02
1.341524e-02
1.338208e-02
1.336344e-02
1.333041e-02
1.331189e-02
1.327898e-02
1.326057e-02
1.322779e-02
1.320948e-02
1.317683e-02
1.315864e-02
1.312610e-02
1.310802e-02
1.307561e-02
1.305764e-02
1.302535e-02
1.300748e-02
1.297531e-02
1.295756e-02
1.292551e-02
1.290786e-02
1.287593e-02
1.285839e-02
1.282658e-02
1.280914e-02
1.277745e-02
1.276012e-02
1.272855e-02
1.271132e-02
1.267986e-02
1.266274e-02
1.263140e-02
1.261438e-02
1.258316e-02
1.256624e-02
1.253513e-02
1.251832e-02
1.248732e-02
1.247061e-02
1.243973e-02
1.242312e-02
1.239235e-02
1.237584e-02
1.234518e-02
1.232877e-02
1.229822e-02
1.228191e-02
1.225148e-02
1.223527e-02
1.220494e-02
1.218883e-02
1.215862e-02
1.214260e-02
1.211250e-02
1.209658e-02
1.206658e-02
1.205076e-02
1.202087e-02
1.200514e-02
1.197536e-02
1.195973e-02
1.193006e-02
1.191452e-02
1.188495e-02
1.186951e-02
1.184005e-02
1.182470e-02
1.179534e-02
1.178009e-02
1.175084e-02
1.173568e-02
1.170653e-02
1.169146e-02
1.166241e-02
1.164743e-02
1.161849e-02
1.160361e-02
1.157476e-02
1.155997e-02
1.153123e-02
1.151652e-02
1.148788e-02
1.147327e-02
1.144473e-02
1.143020e-02
1.140176e-02
1.138733e-02
1.135899e-02
1.134464e-02
1.131640e-02
1.130214e-02
1.127399e-02
1.125982e-02
1.123178e-02
1.121769e-02
1.118974e-02
1.117574e-02
1.114789e-02
1.113398e-02
1.110622e-02
1.109239e-02
1.106473e-02
1.105099e-02
1.102342e-02
1.100976e-02
1.098229e-02
1.096872e-02
1.094134e-02
1.092785e-02
1.090056e-02
1.088715e-02
1.085996e-02
1.084664e-02
1.081954e-02
1.080630e-02
1.077929e-02
1.076613e-02
1.073921e-02
1.072613e-02
1.069931e-02
1.068631e-02
1.065957e-02
1.064666e-02
1.062001e-02
1.060717e-02
1.058062e-02
1.056786e-02
1.054139e-02
1.052871e-02
1.050234e-02
1.048973e-02
1.046345e-02
1.045092e-02
1.042472e-02
1.041228e-02
1.038616e-02
1.037379e-02
1.034777e-02
1.033548e-02
1.030953e-02
1.029732e-02
1.027146e-02
1.025933e-02
1.023356e-02
1.022149e-02
1.019581e-02
1.018382e-02
1.015822e-02
1.014631e-02
1.012079e-02
1.010896e-02
1.008352e-02
1.007176e-02
1.004641e-02
1.003472e-02
1.000945e-02
9.997837e-03
9.972651e-03
9.961109e-03
9.936005e-03
9.924536e-03
9.899513e-03
9.888116e-03
9.863174e-03
9.851849e-03
9.826988e-03
9.815734e-03
9.790953e-03
9.779770e-03
9.755069e-03
9.743957e-03
9.719335e-03
9.708293e-03
9.683750e-03
9.672778e-03
9.648314e-03
9.637412e-03
9.613026e-03
9.602193e-03
9.577884e-03
9.567120e-03
9.542889e-03
9.532194e-03
9.508039e-03
9.497412e-03
9.473334e-03
9.462775e-03
9.438773e-03
9.428281e-03
9.404356e-03
9.393931e-03
9.370080e-03
9.359722e-03
9.335947e-03
9.325655e-03
9.301955e-03
9.291729e-03
9.268102e-03
9.257943e-03
9.234390e-03
9.224296e-03
9.200816e-03
9.190787e-03
9.167381e-03
9.157416e-03
9.134083e-03
9.124183e-03
9.100922e-03
9.091086e-03
9.067897e-03
9.058125e-03
9.035008e-03
9.025299e-03
9.002253e-03
8.992607e-03
8.969632e-03
8.960049e-03
8.937145e-03
8.927624e-03
8.904790e-03
8.895332e-03
8.872568e-03
8.863171e-03
8.840477e-03
8.831142e-03
8.808516e-03
8.799243e-03
8.776686e-03
8.767473e-03
8.744985e-03
8.735833e-03
8.713413e-03
8.704321e-03
8.681969e-03
8.672937e-03
8.650653e-03
8.641681e-03
8.619464e-03
8.610550e-03
8.588400e-03
8.579546e-03
8.557463e-03
8.548667e-03
8.526650e-03
8.517913e-03
8.495962e-03
8.487283e-03
8.465398e-03
8.456777e-03
8.434957e-03
8.426393e-03
8.404638e-03
8.396132e-03
8.374441e-03
8.365992e-03
8.344366e-03
8.335974e-03
8.314412e-03
8.306076e-03
8.284577e-03
8.276298e-03
8.254863e-03
8.246639e-03
8.225267e-03
8.217099e-03
8.195790e-03
8.187677e-03
8.166430e-03
8.158373e-03
8.137188e-03
8.129185e-03
8.108063e-03
8.100115e-03
8.079054e-03
8.071160e-03
8.050160e-03
8.042320e-03
8.021382e-03
8.013595e-03
7.992718e-03
7.984985e-03
7.964167e-03
7.956488e-03
7.935731e-03
7.928104e-03
7.907407e-03
7.899833e-03
7.879195e-03
7.871674e-03
7.851096e-03
7.843626e-03
7.823107e-03
7.815690e-03
7.795229e-03
7.787863e-03
7.767461e-03
7.760147e-03
7.739803e-03
7.732540e-03
7.712254e-03
7.705042e-03
7.684814e-03
7.677653e-03
7.657482e-03
7.650371e-03
7.630257e-03
7.623196e-03
7.603140e-03
7.596129e-03
7.576129e-03
7.569167e-03
7.549224e-03
7.542312e-03
7.522425e-03
7.515562e-03
7.495730e-03
7.488917e-03
7.469141e-03
7.462376e-03
7.442655e-03
7.435939e-03
7.416273e-03
7.409605e-03
7.389994e-03
7.383374e-03
7.363818e-03
7.357246e-03
7.337744e-03
7.331219e-03
7.311771e-03
7.305294e-03
7.285900e-03
7.279470e-03
7.260129e-03
7.253746e-03
7.234459e-03
7.228123e-03
7.208889e-03
7.202598e-03
7.183418e-03
7.177174e-03
7.158045e-03
7.151847e-03
7.132771e-03
7.126619e-03
7.107596e-03
7.101489e-03
7.082517e-03
7.076456e-03
7.057536e-03
7.051520e-03
7.032651e-03
7.026680e-03
7.007862e-03
7.001936e-03
6.983170e-03
6.977288e-03
6.958572e-03
6.952735e-03
6.934069e-03
6.928276e-03
6.909661e-03
6.903912e-03
6.885347e-03
6.879641e-03
6.861126e-03
6.855464e-03
6.836998e-03
6.831379e-03
6.812964e-03
6.807388e-03
6.789021e-03
6.783488e-03
6.765170e-03
6.759680e-03
6.741411e-03
6.735963e-03
6.717743e-03
6.712337e-03
6.694165e-03
6.688801e-03
6.670678e-03
6.665356e-03
6.647280e-03
6.642000e-03
6.623972e-03
6.618733e-03
6.600752e-03
6.595555e-03
6.577622e-03
6.572466e-03
6.554579e-03
6.549464e-03
6.531625e-03
6.526550e-03
6.508758e-03
6.503724e-03
6.485977e-03
6.480984e-03
6.463284e-03
6.458331e-03
6.440677e-03
6.435763e-03
6.418155e-03
6.413282e-03
6.395719e-03
6.390885e-03
6.373368e-03
6.368574e-03
6.351102e-03
6.346347e-03
6.328920e-03
6.324204e-03
6.306822e-03
6.302145e-03
6.284808e-03
6.280170e-03
6.262877e-03
6.258277e-03
6.241029e-03
6.236467e-03
6.219263e-03
6.214740e-03
6.197580e-03
6.193094e-03
6.175978e-03
6.171530e-03
6.154458e-03
6.150048e-03
6.133018e-03
6.128646e-03
6.111660e-03
6.107325e-03
6.090381e-03
6.086083e-03
6.069183e-03
6.064922e-03
6.048064e-03
6.043840e-03
6.027025e-03
6.022837e-03
6.006064e-03
6.001914e-03
5.985183e-03
5.981068e-03
5.964379e-03
5.960301e-03
5.943653e-03
5.939611e-03
5.923005e-03
5.918999e-03
5.902434e-03
5.898463e-03
5.881940e-03
5.878005e-03
5.861523e-03
5.857623e-03
5.841182e-03
5.837317e-03
5.820917e-03
5.817087e-03
5.800727e-03
5.796932e-03
5.780613e-03
5.776852e-03
5.760573e-03
5.756848e-03
5.740608e-03
5.736917e-03
5.720718e-03
5.717061e-03
5.700901e-03
5.697278e-03
5.681158e-03
5.677569e-03
5.661488e-03
5.657933e-03
5.641892e-03
5.638371e-03
5.622368e-03
5.618880e-03
5.602917e-03
5.599462e-03
5.583537e-03
5.580116e-03
5.564230e-03
5.560841e-03
5.544993e-03
5.541638e-03
5.525828e-03
5.522506e-03
5.506734e-03
5.503444e-03
5.487711e-03
5.484453e-03
5.468758e-03
5.465533e-03
5.449874e-03
5.446681e-03
5.431061e-03
5.427900e-03
5.412317e-03
5.409188e-03
5.393641e-03
5.390544e-03
5.375035e-03
5.371970e-03
5.356497e-03
5.353463e-03
5.338028e-03
5.335025e-03
5.319626e-03
5.316654e-03
5.301292e-03
5.298352e-03
5.283025e-03
5.280116e-03
5.264826e-03
5.261947e-03
5.246693e-03
5.243845e-03
5.228627e-03
5.225809e-03
5.210627e-03
5.207839e-03
5.192692e-03
5.189936e-03
5.174824e-03
5.172097e-03
5.157021e-03
5.154324e-03
5.139283e-03
5.136616e-03
5.121610e-03
5.118973e-03
5.104002e-03
5.101394e-03
5.086458e-03
5.083880e-03
5.068978e-03
5.066429e-03
5.051562e-03
5.049042e-03
5.034209e-03
5.031719e-03
5.016920e-03
5.014458e-03
4.999693e-03
4.997261e-03
4.982530e-03
4.980126e-03
4.965429e-03
4.963053e-03
4.948390e-03
4.946043e-03
4.931413e-03
4.929095e-03
4.914498e-03
4.912208e-03
4.897644e-03
4.895382e-03
4.880851e-03
4.878617e-03
4.864120e-03
4.861914e-03
4.847449e-03
4.845271e-03
4.830839e-03
4.828688e-03
4.814288e-03
4.812165e-03
4.797798e-03
4.795702e-03
4.781368e-03
4.779299e-03
4.764997e-03
4.762955e-03
4.748685e-03
4.746671e-03
4.732432e-03
4.730445e-03
4.716238e-03
4.714278e-03
4.700103e-03
4.698169e-03
4.684026e-03
4.682118e-03
4.668007e-03
4.666126e-03
4.652045e-03
4.650191e-03
4.636142e-03
4.634313e-03
4.620295e-03
4.618493e-03
4.604506e-03
4.602730e-03
4.588774e-03
4.587023e-03
4.573098e-03
4.571373e-03
4.557478e-03
4.555780e-03
4.541915e-03
4.540242e-03
4.526408e-03
4.524760e-03
4.510957e-03
4.509334e-03
4.495561e-03
4.493963e-03
4.480220e-03
4.478648e-03
4.464935e-03
4.463387e-03
4.449704e-03
4.448182e-03
4.434528e-03
4.433030e-03
4.419406e-03
4.417933e-03
4.404339e-03
4.402891e-03
4.389325e-03
4.387902e-03
4.374365e-03
4.372966e-03
4.359459e-03
4.358084e-03
4.344607e-03
4.343256e-03
4.329807e-03
4.328480e-03
4.315060e-03
4.313757e-03
4.300366e-03
4.299087e-03
4.285724e-03
4.284469e-03
4.271135e-03
4.269904e-03
4.256598e-03
4.255390e-03
4.242112e-03
4.240928e-03
4.227679e-03
4.226518e-03
4.213296e-03
4.212159e-03
4.198965e-03
4.197851e-03
4.184686e-03
4.183594e-03
4.170456e-03
4.169388e-03
4.156278e-03
4.155233e-03
4.142150e-03
4.141127e-03
4.128072e-03
4.127072e-03
4.114045e-03
4.113067e-03
4.100067e-03
4.099112e-03
4.086139e-03
4.085206e-03
4.072260e-03
4.071350e-03
4.058431e-03
4.057543e-03
4.044650e-03
4.043785e-03
4.030919e-03
4.030075e-03
4.017236e-03
4.016414e-03
4.003602e-03
4.002802e-03
3.990016e-03
3.989238e-03
3.976478e-03
3.975722e-03
3.962988e-03
3.962253e-03
3.949546e-03
3.948833e-03
3.936152e-03
3.935460e-03
3.922804e-03
3.922134e-03
3.909505e-03
3.908855e-03
3.896252e-03
3.895623e-03
3.883045e-03
3.882438e-03
3.869886e-03
3.869300e-03
3.856773e-03
3.856208e-03
3.843706e-03
3.843162e-03
3.830686e-03
3.830162e-03
3.817711e-03
3.817208e-03
3.804782e-03
3.804299e-03
3.791899e-03
3.791437e-03
3.779061e-03
3.778619e-03
3.766268e-03
3.765847e-03
3.753521e-03
3.753119e-03
3.740818e-03
3.740436e-03
3.728160e-03
3.727798e-03
3.715546e-03
3.715205e-03
3.702977e-03
3.702655e-03
3.690452e-03
3.690150e-03
3.677971e-03
3.677689e-03
3.665534e-03
3.665271e-03
3.653140e-03
3.652898e-03
3.640791e-03
3.640567e-03
3.628484e-03
3.628280e-03
3.616221e-03
3.616036e-03
3.604000e-03
3.603835e-03
3.591823e-03
3.591676e-03
3.579688e-03
3.579560e-03
3.567596e-03
3.567487e-03
3.555546e-03
3.555456e-03
3.543538e-03
3.543467e-03
3.531572e-03
3.531520e-03
3.519648e-03
3.519615e-03
3.507766e-03
3.507752e-03
3.495926e-03
3.495930e-03
3.484127e-03
3.484149e-03
3.472369e-03
3.472409e-03
3.460652e-03
3.460711e-03
3.448976e-03
3.449053e-03
3.437341e-03
3.437436e-03
3.425747e-03
3.425860e-03
3.414193e-03
3.414324e-03
3.402679e-03
3.402828e-03
3.391206e-03
3.391373e-03
3.379772e-03
3.379957e-03
3.368379e-03
3.368581e-03
3.357025e-03
3.357245e-03
3.345711e-03
3.345948e-03
3.334436e-03
3.334691e-03
3.323200e-03
3.323473e-03
3.312004e-03
3.312293e-03
3.300846e-03
3.301153e-03
3.289728e-03
3.290052e-03
3.278648e-03
3.278989e-03
3.267606e-03
3.267964e-03
3.256603e-03
3.256978e-03
3.245638e-03
3.246030e-03
3.234712e-03
3.235120e-03
3.223823e-03
3.224248e-03
3.212972e-03
3.213414e-03
3.202159e-03
3.202617e-03
3.191383e-03
3.191858e-03
3.180645e-03
3.181136e-03
3.169943e-03
3.170452e-03
3.159280e-03
3.159804e-03
3.148653e-03
3.149194e-03
3.138062e-03
3.138620e-03
3.127509e-03
3.128082e-03
3.116992e-03
3.117582e-03
3.106512e-03
3.107117e-03
3.096068e-03
3.096689e-03
3.085660e-03
3.086297e-03
3.075288e-03
3.075941e-03
3.064952e-03
3.065620e-03
3.054651e-03
3.055336e-03
3.044387e-03
3.045087e-03
3.034157e-03
3.034873e-03
3.023964e-03
3.024695e-03
3.013805e-03
3.014552e-03
3.003682e-03
3.004444e-03
2.993593e-03
2.994370e-03
2.983539e-03
2.984332e-03
2.973521e-03
2.974328e-03
2.963536e-03
2.964359e-03
2.953586e-03
2.954424e-03
2.943671e-03
2.944524e-03
2.933789e-03
2.934657e-03
2.923942e-03
2.924825e-03
2.914129e-03
2.915026e-03
2.904349e-03
2.905262e-03
2.894604e-03
2.895531e-03
2.884891e-03
2.885833e-03
2.875213e-03
2.876169e-03
2.865567e-03
2.866538e-03
2.855955e-03
2.856940e-03
2.846376e-03
2.847375e-03
2.836830e-03
2.837844e-03
2.827316e-03
2.828345e-03
2.817836e-03
2.818878e-03
2.808388e-03
2.809445e-03
2.798972e-03
2.800043e-03
2.789589e-03
2.790674e-03
2.780238e-03
2.781337e-03
2.770920e-03
2.772032e-03
2.761633e-03
2.762760e-03
2.752378e-03
2.753519e-03
2.743155e-03
2.744309e-03
2.733964e-03
2.735132e-03
2.724804e-03
2.725986e-03
2.715676e-03
2.716871e-03
2.706579e-03
2.707787e-03
2.697513e-03
2.698735e-03
2.688478e-03
2.689714e-03
2.679474e-03
2.680723e-03
2.670501e-03
2.671764e-03
2.661559e-03
2.662835e-03
2.652648e-03
2.653937e-03
2.643767e-03
2.645069e-03
2.634916e-03
2.636231e-03
2.626096e-03
2.627424e-03
2.617306e-03
2.618647e-03
2.608546e-03
2.609900e-03
2.599816e-03
2.601183e-03
2.591116e-03
2.592496e-03
2.582446e-03
2.583839e-03
2.573805e-03
2.575211e-03
2.565194e-03
2.566612e-03
2.556613e-03
2.558043e-03
2.548060e-03
2.549504e-03
2.539537e-03
2.540993e-03
2.531043e-03
2.532512e-03
2.522579e-03
2.524059e-03
2.514143e-03
2.515636e-03
2.505735e-03
2.507241e-03
2.497357e-03
2.498875e-03
2.489007e-03
2.490537e-03
2.480686e-03
2.482228e-03
2.472393e-03
2.473947e-03
2.464128e-03
2.465694e-03
2.455892e-03
2.457470e-03
2.447683e-03
2.449274e-03
2.439503e-03
2.441105e-03
2.431351e-03
2.432965e-03
2.423226e-03
2.424852e-03
2.415129e-03
2.416767e-03
2.407060e-03
2.408709e-03
2.399018e-03
2.400679e-03
2.391003e-03
2.392676e-03
2.383016e-03
2.384700e-03
2.375056e-03
2.376752e-03
2.367123e-03
2.368831e-03
2.359218e-03
2.360936e-03
2.351339e-03
2.353069e-03
2.343486e-03
2.345228e-03
2.335661e-03
2.337414e-03
2.327862e-03
2.329626e-03
2.320090e-03
2.321865e-03
2.312344e-03
2.314131e-03
2.304625e-03
2.306423e-03
2.296932e-03
2.298740e-03
2.289265e-03
2.291084e-03
2.281624e-03
2.283454e-03
2.274009e-03
2.275850e-03
2.266419e-03
2.268272e-03
2.258856e-03
2.260720e-03
2.251318e-03
2.253193e-03
2.243806e-03
2.245691e-03
2.236320e-03
2.238216e-03
2.228859e-03
2.230765e-03
2.221423e-03
2.223340e-03
2.214012e-03
2.215940e-03
2.206627e-03
2.208565e-03
2.199266e-03
2.201215e-03
2.191931e-03
2.193890e-03
2.184621e-03
2.186590e-03
2.177335e-03
2.179315e-03
2.170074e-03
2.172064e-03
2.162837e-03
2.164838e-03
2.155626e-03
2.157636e-03
2.148438e-03
2.150459e-03
2.141275e-03
2.143306e-03
2.134136e-03
2.136178e-03
2.127022e-03
2.129073e-03
2.119931e-03
2.121993e-03
2.112865e-03
2.114936e-03
2.105822e-03
2.107904e-03
2.098803e-03
2.100895e-03
2.091809e-03
2.093910e-03
2.084837e-03
2.086948e-03
2.077890e-03
2.080010e-03
2.070965e-03
2.073096e-03
2.064065e-03
2.066205e-03
2.057187e-03
2.059337e-03
2.050333e-03
2.052493e-03
2.043502e-03
2.045672e-03
2.036695e-03
2.038873e-03
2.029910e-03
2.032098e-03
2.023148e-03
2.025346e-03
2.016409e-03
2.018616e-03
2.009693e-03
2.011909e-03
2.002999e-03
2.005225e-03
1.996328e-03
1.998563e-03
1.989680e-03
1.991924e-03
1.983054e-03
1.985308e-03
1.976450e-03
1.978713e-03
1.969869e-03
1.972141e-03
1.963310e-03
1.965591e-03
1.956773e-03
1.959064e-03
1.950259e-03
1.952558e-03
1.943766e-03
1.946074e-03
1.937295e-03
1.939612e-03
1.930846e-03
1.933172e-03
1.924419e-03
1.926754e-03
1.918013e-03
1.920357e-03
1.911629e-03
1.913982e-03
1.905267e-03
1.907628e-03
1.898926e-03
1.901296e-03
1.892606e-03
1.894985e-03
1.886308e-03
1.888696e-03
1.880031e-03
1.882427e-03
1.873775e-03
1.876180e-03
1.867540e-03
1.869954e-03
1.861326e-03
1.863748e-03
1.855133e-03
1.857564e-03
1.848961e-03
1.851400e-03
1.842810e-03
1.845258e-03
1.836680e-03
1.839136e-03
1.830570e-03
1.833034e-03
1.824480e-03
1.826953e-03
1.818412e-03
1.820893e-03
1.812363e-03
1.814853e-03
1.806335e-03
1.808833e-03
1.800328e-03
1.802834e-03
1.794340e-03
1.796854e-03
1.788373e-03
1.790895e-03
1.782426e-03
1.784956e-03
1.776499e-03
1.779037e-03
1.770591e-03
1.773138e-03
1.764704e-03
1.767258e-03
1.758836e-03
1.761399e-03
1.752989e-03
1.755559e-03
1.747160e-03
1.749738e-03
1.741352e-03
1.743938e-03
1.735563e-03
1.738156e-03
1.729793e-03
1.732395e-03
1.724043e-03
1.726652e-03
1.718312e-03
1.720929e-03
1.712601e-03
1.715225e-03
1.706908e-03
1.709540e-03
1.701235e-03
1.703875e-03
1.695581e-03
1.698228e-03
1.689945e-03
1.692600e-03
1.684329e-03
1.686992e-03
1.678732e-03
1.681402e-03
1.673153e-03
1.675831e-03
1.667593e-03
1.670278e-03
1.662052e-03
1.664744e-03
1.656529e-03
1.659229e-03
1.651025e-03
1.653732e-03
1.645540e-03
1.648254e-03
1.640072e-03
1.642794e-03
1.634624e-03
1.637353e-03
1.629193e-03
1.631929e-03
1.623781e-03
1.626524e-03
1.618387e-03
1.621137e-03
1.613010e-03
1.615768e-03
1.607652e-03
1.610417e-03
1.602312e-03
1.605084e-03
1.596990e-03
1.599769e-03
1.591686e-03
1.594472e-03
1.586399e-03
1.589192e-03
1.581130e-03
1.583930e-03
1.575879e-03
1.578686e-03
1.570646e-03
1.573459e-03
1.565430e-03
1.568250e-03
1.560231e-03
1.563059e-03
1.555050e-03
1.557884e-03
1.549886e-03
1.552727e-03
1.544740e-03
1.547588e-03
1.539611e-03
1.542465e-03
1.534499e-03
1.537360e-03
1.529404e-03
1.532272e-03
1.524326e-03
1.527200e-03
1.519265e-03
1.522146e-03
1.514222e-03
1.517109e-03
1.509195e-03
1.512089e-03
1.504184e-03
1.507085e-03
1.499191e-03
1.502098e-03
1.494214e-03
1.497128e-03
1.489255e-03
1.492174e-03
1.484311e-03
1.487237e-03
1.479384e-03
1.482317e-03
1.474474e-03
1.477413e-03
1.469580e-03
1.472525e-03
1.464703e-03
1.467654e-03
1.459841e-03
1.462799e-03
1.454996e-03
1.457961e-03
1.450168e-03
1.453138e-03
1.445355e-03
1.448332e-03
1.440559e-03
1.443541e-03
1.435778e-03
1.438767e-03
1.431014e-03
1.434009e-03
1.426265e-03
1.429266e-03
1.421533e-03
1.424540e-03
1.416816e-03
1.419829e-03
1.412115e-03
1.415134e-03
1.407429e-03
1.410454e-03
1.402760e-03
1.405791e-03
1.398106e-03
1.401143e-03
1.393467e-03
1.396510e-03
1.388844e-03
1.391893e-03
1.384236e-03
1.387291e-03
1.379644e-03
1.382705e-03
1.375068e-03
1.378134e-03
1.370506e-03
1.373578e-03
1.365960e-03
1.369037e-03
1.361429e-03
1.364512e-03
1.356913e-03
1.360002e-03
1.352412e-03
1.355507e-03
1.347926e-03
1.351026e-03
1.343455e-03
1.346561e-03
1.338999e-03
1.342111e-03
1.334558e-03
1.337675e-03
1.330132e-03
1.333255e-03
1.325720e-03
1.328849e-03
1.321324e-03
1.324457e-03
1.316942e-03
1.320081e-03
1.312574e-03
1.315719e-03
1.308221e-03
1.311371e-03
1.303883e-03
1.307039e-03
1.299559e-03
1.302720e-03
1.295250e-03
1.298416e-03
1.290955e-03
1.294126e-03
1.286674e-03
1.289851e-03
1.282408e-03
1.285590e-03
1.278155e-03
1.281343e-03
1.273917e-03
1.277110e-03
1.269694e-03
1.272891e-03
1.265484e-03
1.268687e-03
1.261288e-03
1.264496e-03
1.257106e-03
1.260320e-03
1.252938e-03
1.256157e-03
1.248785e-03
1.252008e-03
1.244645e-03
1.247873e-03
1.240518e-03
1.243752e-03
1.236406e-03
1.239645e-03
1.232307e-03
1.235551e-03
1.228222e-03
1.231471e-03
1.224150e-03
1.227404e-03
1.220093e-03
1.223351e-03
1.216048e-03
1.219312e-03
1.212017e-03
1.215286e-03
1.208000e-03
1.211273e-03
1.203996e-03
1.207274e-03
1.200005e-03
1.203288e-03
1.196027e-03
1.199315e-03
1.192063e-03
1.195356e-03
1.188112e-03
1.191410e-03
1.184174e-03
1.187476e-03
1.180250e-03
1.183556e-03
1.176338e-03
1.179650e-03
1.172439e-03
1.175756e-03
1.168554e-03
1.171875e-03
1.164681e-03
1.168007e-03
1.160821e-03
1.164151e-03
1.156974e-03
1.160309e-03
1.153140e-03
1.156479e-03
1.149319e-03
1.152663e-03
1.145510e-03
1.148859e-03
1.141714e-03
1.145067e-03
1.137931e-03
1.141288e-03
1.134160e-03
1.137522e-03
1.130402e-03
1.133768e-03
1.126656e-03
1.130027e-03
1.122923e-03
1.126298e-03
1.119202e-03
1.122582e-03
1.115494e-03
1.118878e-03
1.111798e-03
1.115186e-03
1.108114e-03
1.111507e-03
1.104443e-03
1.107839e-03
1.100783e-03
1.104184e-03
1.097136e-03
1.100542e-03
1.093501e-03
1.096911e-03
1.089878e-03
1.093292e-03
1.086268e-03
1.089686e-03
1.082669e-03
1.086091e-03
1.079082e-03
1.082508e-03
1.075507e-03
1.078938e-03
1.071944e-03
1.075379e-03
1.068393e-03
1.071832e-03
1.064853e-03
1.068296e-03
1.061326e-03
1.064773e-03
1.057810e-03
1.061261e-03
1.054306e-03
1.057761e-03
1.050813e-03
1.054272e-03
1.047332e-03
1.050795e-03
1.043863e-03
1.047330e-03
1.040405e-03
1.043876e-03
1.036959e-03
1.040434e-03
1.033524e-03
1.037003e-03
1.030101e-03
1.033583e-03
1.026689e-03
1.030175e-03
1.023288e-03
1.026778e-03
1.019898e-03
1.023393e-03
1.016520e-03
1.020018e-03
1.013153e-03
1.016655e-03
1.009798e-03
1.013303e-03
1.006453e-03
1.009963e-03
1.003120e-03
1.006633e-03
9.997972e-04
1.003314e-03
9.964858e-04
1.000007e-03
9.931855e-04
9.967100e-04
9.898961e-04
9.934243e-04
9.866176e-04
9.901495e-04
9.833501e-04
9.868856e-04
9.800934e-04
9.836325e-04
9.768475e-04
9.803902e-04
9.736124e-04
9.771587e-04
9.703880e-04
9.739379e-04
9.671743e-04
9.707278e-04
9.639713e-04
9.675284e-04
9.607790e-04
9.643396e-04
9.575973e-04
9.611613e-04
9.544261e-04
9.579936e-04
9.512654e-04
9.548365e-04
9.481153e-04
9.516898e-04
9.449756e-04
9.485535e-04
9.418463e-04
9.454277e-04
9.387274e-04
9.423122e-04
9.356189e-04
9.392070e-04
9.325207e-04
9.361122e-04
9.294327e-04
9.330276e-04
9.263551e-04
9.299533e-04
9.232876e-04
9.268892e-04
9.202303e-04
9.238352e-04
9.171832e-04
9.207914e-04
9.141462e-04
9.177576e-04
9.111192e-04
9.147339e-04
9.081023e-04
9.117203e-04
9.050955e-04
9.087166e-04
9.020986e-04
9.057230e-04
8.991116e-04
9.027392e-04
8.961346e-04
8.997653e-04
8.931674e-04
8.968013e-04
8.902101e-04
8.938472e-04
8.872626e-04
8.909028e-04
8.843248e-04
8.879682e-04
8.813968e-04
8.850433e-04
8.784786e-04
8.821281e-04
8.755700e-04
8.792226e-04
8.726710e-04
8.763267e-04
8.697817e-04
8.734404e-04
8.669020e-04
8.705637e-04
8.640318e-04
8.676965e-04
8.611711e-04
8.648388e-04
8.583199e-04
8.619906e-04
8.554782e-04
8.591518e-04
8.526459e-04
8.563225e-04
8.498230e-04
8.535025e-04
8.470095e-04
8.506919e-04
8.442052e-04
8.478906e-04
8.414103e-04
8.450985e-04
8.386247e-04
8.423158e-04
8.358483e-04
8.395422e-04
8.330810e-04
8.367778e-04
8.303230e-04
8.340226e-04
8.275741e-04
8.312766e-04
8.248343e-04
8.285396e-04
8.221037e-04
8.258117e-04
8.193820e-04
8.230928e-04
8.166694e-04
8.203829e-04
8.139658e-04
8.176820e-04
8.112711e-04
8.149901e-04
8.085854e-04
8.123071e-04
8.059085e-04
8.096330e-04
8.032406e-04
8.069677e-04
8.005815e-04
8.043112e-04
7.979312e-04
8.016636e-04
7.952896e-04
7.990247e-04
7.926569e-04
7.963946e-04
7.900328e-04
7.937731e-04
7.874175e-04
7.911604e-04
7.848108e-04
7.885563e-04
7.822128e-04
7.859608e-04
7.796234e-04
7.833740e-04
7.770425e-04
7.807957e-04
7.744702e-04
7.782259e-04
7.719064e-04
7.756646e-04
7.693512e-04
7.731119e-04
7.668043e-04
7.705675e-04
7.642660e-04
7.680316e-04
7.617360e-04
7.655041e-04
7.592144e-04
7.629850e-04
7.567012e-04
7.604742e-04
7.541963e-04
7.579717e-04
7.516997e-04
7.554775e-04
7.492113e-04
7.529916e-04
7.467312e-04
7.505138e-04
7.442593e-04
7.480443e-04
7.417956e-04
7.455830e-04
7.393401e-04
7.431298e-04
7.368927e-04
7.406847e-04
7.344534e-04
7.382477e-04
7.320222e-04
7.358188e-04
7.295990e-04
7.333979e-04
7.271839e-04
7.309851e-04
7.247767e-04
7.285802e-04
7.223775e-04
7.261833e-04
7.199863e-04
7.237943e-04
7.176030e-04
7.214132e-04
7.152276e-04
7.190400e-04
7.128600e-04
7.166747e-04
7.105003e-04
7.143171e-04
7.081484e-04
7.119674e-04
7.058043e-04
7.096255e-04
7.034679e-04
7.072913e-04
7.011393e-04
7.049648e-04
6.988184e-04
7.026460e-04
6.965052e-04
7.003349e-04
6.941996e-04
6.980314e-04
6.919017e-04
6.957356e-04
6.896114e-04
6.934473e-04
6.873286e-04
6.911667e-04
6.850534e-04
6.888935e-04
6.827857e-04
6.866279e-04
6.805256e-04
6.843698e-04
6.782729e-04
6.821191e-04
6.760277e-04
6.798759e-04
6.737899e-04
6.776401e-04
6.715595e-04
6.754117e-04
6.693365e-04
6.731907e-04
6.671209e-04
6.709770e-04
6.649126e-04
6.687707e-04
6.627116e-04
6.665716e-04
6.605179e-04
6.643798e-04
6.583314e-04
6.621953e-04
6.561522e-04
6.600180e-04
6.539802e-04
6.578479e-04
6.518154e-04
6.556849e-04
6.496577e-04
6.535291e-04
6.475072e-04
6.513805e-04
6.453638e-04
6.492389e-04
6.432275e-04
6.471044e-04
6.410982e-04
6.449770e-04
6.389760e-04
6.428566e-04
6.368608e-04
6.407432e-04
6.347527e-04
6.386369e-04
6.326514e-04
6.365374e-04
6.305572e-04
6.344449e-04
6.284699e-04
6.323594e-04
6.263894e-04
6.302807e-04
6.243159e-04
6.282089e-04
6.222492e-04
6.261440e-04
6.201894e-04
6.240858e-04
6.181364e-04
6.220345e-04
6.160901e-04
6.199900e-04
6.140506e-04
6.179522e-04
6.120179e-04
6.159211e-04
6.099919e-04
6.138968e-04
6.079726e-04
6.118791e-04
6.059600e-04
6.098682e-04
6.039540e-04
6.078638e-04
6.019547e-04
6.058661e-04
5.999620e-04
6.038750e-04
5.979759e-04
6.018905e-04
5.959963e-04
5.999125e-04
5.940233e-04
5.979411e-04
5.920568e-04
5.959762e-04
5.900968e-04
5.940178e-04
5.881433e-04
5.920658e-04
5.861963e-04
5.901203e-04
5.842557e-04
5.881812e-04
5.823215e-04
5.862486e-04
5.803937e-04
5.843223e-04
5.784723e-04
5.824024e-04
5.765572e-04
5.804888e-04
5.746485e-04
5.785815e-04
5.727461e-04
5.766806e-04
5.708500e-04
5.747859e-04
5.689601e-04
5.728975e-04
5.670765e-04
5.710153e-04
5.651991e-04
5.691394e-04
5.633279e-04
5.672696e-04
5.614630e-04
5.654061e-04
5.596041e-04
5.635486e-04
5.577515e-04
5.616974e-04
5.559049e-04
5.598522e-04
5.540645e-04
5.580131e-04
5.522301e-04
5.561801e-04
5.504018e-04
5.543532e-04
5.485795e-04
5.525322e-04
5.467633e-04
5.507173e-04
5.449531e-04
5.489084e-04
5.431488e-04
5.471055e-04
5.413505e-04
5.453085e-04
5.395582e-04
5.435175e-04
5.377718e-04
5.417324e-04
5.359913e-04
5.399531e-04
5.342167e-04
5.381798e-04
5.324479e-04
5.364123e-04
5.306850e-04
5.346506e-04
5.289279e-04
5.328948e-04
5.271767e-04
5.311448e-04
5.254312e-04
5.294005e-04
5.236914e-04
5.276620e-04
5.219575e-04
5.259292e-04
5.202292e-04
5.242022e-04
5.185067e-04
5.224808e-04
5.167899e-04
5.207652e-04
5.150787e-04
5.190552e-04
5.133732e-04
5.173509e-04
5.116734e-04
5.156521e-04
5.099791e-04
5.139590e-04
5.082904e-04
5.122715e-04
5.066074e-04
5.105896e-04
5.049299e-04
5.089132e-04
5.032579e-04
5.072423e-04
5.015915e-04
5.055770e-04
4.999305e-04
5.039171e-04
4.982751e-04
5.022628e-04
4.966251e-04
5.006139e-04
4.949806e-04
4.989704e-04
4.933415e-04
4.973324e-04
4.917078e-04
4.956997e-04
4.900795e-04
4.940725e-04
4.884566e-04
4.924506e-04
4.868391e-04
4.908341e-04
4.852269e-04
4.892230e-04
4.836200e-04
4.876171e-04
4.820185e-04
4.860165e-04
4.804222e-04
4.844213e-04
4.788312e-04
4.828313e-04
4.772455e-04
4.812465e-04
4.756650e-04
4.796670e-04
4.740897e-04
4.780927e-04
4.725197e-04
4.765235e-04
4.709548e-04
4.749596e-04
4.693951e-04
4.734008e-04
4.678405e-04
4.718472e-04
4.662911e-04
4.702987e-04
4.647468e-04
4.687553e-04
4.632076e-04
4.672170e-04
4.616734e-04
4.656838e-04
4.601444e-04
4.641556e-04
4.586204e-04
4.626325e-04
4.571014e-04
4.611144e-04
4.555875e-04
4.596013e-04
4.540785e-04
4.580932e-04
4.525746e-04
4.565901e-04
4.510756e-04
4.550919e-04
4.495815e-04
4.535987e-04
4.480924e-04
4.521104e-04
4.466082e-04
4.506271e-04
4.451289e-04
4.491486e-04
4.436545e-04
4.476750e-04
4.421850e-04
4.462062e-04
4.407203e-04
4.447423e-04
4.392605e-04
4.432833e-04
4.378054e-04
4.418290e-04
4.363552e-04
4.403796e-04
4.349098e-04
4.389349e-04
4.334691e-04
4.374950e-04
4.320333e-04
4.360599e-04
4.306021e-04
4.346294e-04
4.291757e-04
4.332037e-04
4.277540e-04
4.317828e-04
4.263369e-04
4.303665e-04
4.249246e-04
4.289548e-04
4.235169e-04
4.275478e-04
4.221139e-04
4.261455e-04
4.207155e-04
4.247478e-04
4.193217e-04
4.233547e-04
4.179326e-04
4.219662e-04
4.165480e-04
4.205823e-04
4.151680e-04
4.192029e-04
4.137925e-04
4.178281e-04
4.124216e-04
4.164578e-04
4.110552e-04
4.150921e-04
4.096933e-04
4.137309e-04
4.083359e-04
4.123741e-04
4.069830e-04
4.110218e-04
4.056346e-04
4.096740e-04
4.042906e-04
4.083306e-04
4.029511e-04
4.069917e-04
4.016160e-04
4.056572e-04
4.002853e-04
4.043270e-04
3.989590e-04
4.030013e-04
3.976370e-04
4.016799e-04
3.963195e-04
4.003629e-04
3.950062e-04
3.990503e-04
3.936974e-04
3.977419e-04
3.923928e-04
3.964379e-04
3.910925e-04
3.951382e-04
3.897966e-04
3.938428e-04
3.885049e-04
3.925516e-04
3.872175e-04
3.912647e-04
3.859343e-04
3.899820e-04
3.846554e-04
3.887036e-04
3.833807e-04
3.874294e-04
3.821102e-04
3.861594e-04
3.808439e-04
3.848936e-04
3.795818e-04
3.836319e-04
3.783238e-04
3.823744e-04
3.770700e-04
3.811211e-04
3.758203e-04
3.798719e-04
3.745748e-04
3.786268e-04
3.733334e-04
3.773858e-04
3.720960e-04
3.761489e-04
3.708628e-04
3.749161e-04
3.696336e-04
3.736874e-04
3.684085e-04
3.724627e-04
3.671874e-04
3.712420e-04
3.659704e-04
3.700254e-04
3.647574e-04
3.688128e-04
3.635483e-04
3.676042e-04
3.623433e-04
3.663995e-04
3.611423e-04
3.651989e-04
3.599452e-04
3.640021e-04
3.587521e-04
3.628094e-04
3.575629e-04
3.616206e-04
3.563776e-04
3.604357e-04
3.551962e-04
3.592546e-04
3.540188e-04
3.580775e-04
3.528452e-04
3.569043e-04
3.516755e-04
3.557350e-04
3.505097e-04
3.545695e-04
3.493477e-04
3.534078e-04
3.481895e-04
3.522500e-04
3.470352e-04
3.510959e-04
3.458847e-04
3.499457e-04
3.447380e-04
3.487993e-04
3.435950e-04
3.476567e-04
3.424559e-04
3.465178e-04
3.413205e-04
3.453827e-04
3.401888e-04
3.442513e-04
3.390609e-04
3.431237e-04
3.379367e-04
3.419997e-04
3.368162e-04
3.408795e-04
3.356994e-04
3.397630e-04
3.345863e-04
3.386501e-04
3.334769e-04
3.375410e-04
3.323711e-04
3.364354e-04
3.312690e-04
3.353336e-04
3.301705e-04
3.342353e-04
3.290757e-04
3.331407e-04
3.279844e-04
3.320497e-04
3.268968e-04
3.309622e-04
3.258128e-04
3.298784e-04
3.247323e-04
3.287981e-04
3.236554e-04
3.277214e-04
3.225820e-04
3.266482e-04
3.215122e-04
3.255786e-04
3.204459e-04
3.245125e-04
3.193832e-04
3.234499e-04
3.183239e-04
3.223909e-04
3.172682e-04
3.213353e-04
3.162159e-04
3.202832e-04
3.151671e-04
3.192345e-04
3.141218e-04
3.181893e-04
3.130799e-04
3.171476e-04
3.120414e-04
3.161093e-04
3.110064e-04
3.150744e-04
3.099748e-04
3.140429e-04
3.089466e-04
3.130148e-04
3.079218e-04
3.119902e-04
3.069004e-04
3.109688e-04
3.058823e-04
3.099509e-04
3.048676e-04
3.089363e-04
3.038563e-04
3.079251e-04
3.028483e-04
3.069171e-04
3.018436e-04
3.059126e-04
3.008422e-04
3.049113e-04
2.998441e-04
3.039133e-04
2.988494e-04
3.029186e-04
2.978579e-04
3.019272e-04
2.968697e-04
3.009390e-04
2.958847e-04
2.999541e-04
2.949030e-04
2.989725e-04
2.939245e-04
2.979941e-04
2.929493e-04
2.970189e-04
2.919773e-04
2.960469e-04
2.910085e-04
2.950781e-04
2.900429e-04
2.941125e-04
2.890804e-04
2.931501e-04
2.881212e-04
2.921909e-04
2.871651e-04
2.912349e-04
2.862122e-04
2.902819e-04
2.852624e-04
2.893322e-04
2.843157e-04
2.883855e-04
2.833722e-04
2.874420e-04
2.824318e-04
2.865016e-04
2.814945e-04
2.855642e-04
2.805603e-04
2.846300e-04
2.796291e-04
2.836988e-04
2.787011e-04
2.827708e-04
2.777761e-04
2.818457e-04
2.768541e-04
2.809237e-04
2.759352e-04
2.800048e-04
2.750193e-04
2.790889e-04
2.741065e-04
2.781760e-04
2.731966e-04
2.772661e-04
2.722898e-04
2.763592e-04
2.713860e-04
2.754553e-04
2.704851e-04
2.745544e-04
2.695872e-04
2.736564e-04
2.686923e-04
2.727614e-04
2.678003e-04
2.718694e-04
2.669113e-04
2.709802e-04
2.660252e-04
2.700941e-04
2.651420e-04
2.692108e-04
2.642617e-04
2.683304e-04
2.633844e-04
2.674530e-04
2.625099e-04
2.665784e-04
2.616383e-04
2.657067e-04
2.607696e-04
2.648379e-04
2.599038e-04
2.639720e-04
2.590408e-04
2.631089e-04
2.581807e-04
2.622486e-04
2.573234e-04
2.613912e-04
2.564689e-04
2.605366e-04
2.556173e-04
2.596848e-04
2.547685e-04
2.588358e-04
2.539224e-04
2.579897e-04
2.530792e-04
2.571463e-04
2.522387e-04
2.563057e-04
2.514010e-04
2.554678e-04
2.505661e-04
2.546327e-04
2.497339e-04
2.538004e-04
2.489045e-04
2.529708e-04
2.480778e-04
2.521439e-04
2.472539e-04
2.513198e-04
2.464326e-04
2.504984e-04
2.456141e-04
2.496797e-04
2.447983e-04
2.488637e-04
2.439851e-04
2.480503e-04
2.431747e-04
2.472397e-04
2.423669e-04
2.464317e-04
2.415618e-04
2.456264e-04
2.407593e-04
2.448237e-04
2.399595e-04
2.440237e-04
2.391623e-04
2.432263e-04
2.383678e-04
2.424315e-04
2.375759e-04
2.416394e-04
2.367866e-04
2.408498e-04
2.359999e-04
2.400629e-04
2.352157e-04
2.392786e-04
2.344342e-04
2.384968e-04
2.336553e-04
2.377176e-04
2.328789e-04
2.369410e-04
2.321051e-04
2.361669e-04
2.313338e-04
2.353954e-04
2.305651e-04
2.346264e-04
2.297989e-04
2.338600e-04
2.290353e-04
2.330961e-04
2.282741e-04
2.323347e-04
2.275155e-04
2.315758e-04
2.267594e-04
2.308194e-04
2.260058e-04
2.300655e-04
2.252546e-04
2.293141e-04
2.245060e-04
2.285651e-04
2.237598e-04
2.278186e-04
2.230161e-04
2.270746e-04
2.222748e-04
2.263330e-04
2.215360e-04
2.255939e-04
2.207996e-04
2.248572e-04
2.200656e-04
2.241230e-04
2.193341e-04
2.233911e-04
2.186049e-04
2.226617e-04
2.178782e-04
2.219346e-04
2.171539e-04
2.212100e-04
2.164320e-04
2.204877e-04
2.157124e-04
2.197678e-04
2.149952e-04
2.190503e-04
2.142804e-04
2.183352e-04
2.135680e-04
2.176224e-04
2.128579e-04
2.169119e-04
2.121501e-04
2.162038e-04
2.114447e-04
2.154981e-04
2.107416e-04
2.147946e-04
2.100408e-04
2.140935e-04
2.093423e-04
2.133947e-04
2.086462e-04
2.126981e-04
2.079523e-04
2.120039e-04
2.072607e-04
2.113120e-04
2.065714e-04
2.106223e-04
2.058844e-04
2.099349e-04
2.051997e-04
2.092498e-04
2.045172e-04
2.085669e-04
2.038369e-04
2.078863e-04
2.031589e-04
2.072079e-04
2.024831e-04
2.065317e-04
2.018096e-04
2.058578e-04
2.011383e-04
2.051861e-04
2.004692e-04
2.045166e-04
1.998023e-04
2.038493e-04
1.991376e-04
2.031842e-04
1.984751e-04
2.025213e-04
1.978148e-04
2.018606e-04
1.971567e-04
2.012020e-04
1.965007e-04
2.005456e-04
1.958469e-04
1.998914e-04
1.951953e-04
1.992394e-04
1.945458e-04
1.985894e-04
1.938984e-04
1.979417e-04
1.932532e-04
1.972960e-04
1.926101e-04
1.966525e-04
1.919692e-04
1.960111e-04
1.913303e-04
1.953718e-04
1.906936e-04
1.947346e-04
1.900590e-04
1.940995e-04
1.894264e-04
1.934665e-04
1.887960e-04
1.928356e-04
1.881676e-04
1.922068e-04
1.875413e-04
1.915800e-04
1.869170e-04
1.909553e-04
1.862948e-04
1.903327e-04
1.856747e-04
1.897121e-04
1.850566e-04
1.890935e-04
1.844406e-04
1.884770e-04
1.838266e-04
1.878625e-04
1.832146e-04
1.872500e-04
1.826046e-04
1.866396e-04
1.819967e-04
1.860311e-04
1.813907e-04
1.854247e-04
1.807868e-04
1.848203e-04
1.801848e-04
1.842178e-04
1.795849e-04
1.836174e-04
1.789869e-04
1.830189e-04
1.783908e-04
1.824223e-04
1.777968e-04
1.818278e-04
1.772047e-04
1.812352e-04
1.766146e-04
1.806445e-04
1.760264e-04
1.800558e-04
1.754401e-04
1.794691e-04
1.748558e-04
1.788842e-04
1.742734e-04
1.783013e-04
1.736929e-04
1.777203e-04
1.731144e-04
1.771412e-04
1.725377e-04
1.765641e-04
1.719630e-04
1.759888e-04
1.713901e-04
1.754154e-04
1.708192e-04
1.748439e-04
1.702501e-04
1.742743e-04
1.696829e-04
1.737066e-04
1.691176e-04
1.731407e-04
1.685541e-04
1.725767e-04
1.679925e-04
1.720145e-04
1.674328e-04
1.714542e-04
1.668749e-04
1.708958e-04
1.663188e-04
1.703392e-04
1.657646e-04
1.697844e-04
1.652122e-04
1.692314e-04
1.646616e-04
1.686803e-04
1.641129e-04
1.681309e-04
1.635659e-04
1.675834e-04
1.630208e-04
1.670377e-04
1.624774e-04
1.664938e-04
1.619359e-04
1.659517e-04
1.613961e-04
1.654113e-04
1.608581e-04
1.648727e-04
1.603219e-04
1.643359e-04
1.597875e-04
1.638009e-04
1.592548e-04
1.632677e-04
1.587239e-04
1.627361e-04
1.581947e-04
1.622064e-04
1.576673e-04
1.616784e-04
1.571416e-04
1.611521e-04
1.566176e-04
1.606275e-04
1.560954e-04
1.601047e-04
1.555749e-04
1.595836e-04
1.550561e-04
1.590642e-04
1.545391e-04
1.585465e-04
1.540237e-04
1.580305e-04
1.535101e-04
1.575163e-04
1.529981e-04
1.570037e-04
1.524878e-04
1.564928e-04
1.519792e-04
1.559836e-04
1.514723e-04
1.554760e-04
1.509670e-04
1.549702e-04
1.504635e-04
1.544659e-04
1.499616e-04
1.539634e-04
1.494613e-04
1.534625e-04
1.489627e-04
1.529633e-04
1.484657e-04
1.524657e-04
1.479704e-04
1.519697e-04
1.474767e-04
1.514754e-04
1.469846e-04
1.509826e-04
1.464942e-04
1.504916e-04
1.460054e-04
1.500021e-04
1.455182e-04
1.495142e-04
1.450326e-04
1.490280e-04
1.445486e-04
1.485433e-04
1.440662e-04
1.480603e-04
1.435854e-04
1.475788e-04
1.431061e-04
1.470989e-04
1.426285e-04
1.466206e-04
1.421524e-04
1.461439e-04
1.416779e-04
1.456687e-04
1.412050e-04
1.451951e-04
1.407336e-04
1.447231e-04
1.402638e-04
1.442526e-04
1.397955e-04
1.437836e-04
1.393288e-04
1.433162e-04
1.388733e-04
1.428504e-04
1.384218e-04
1.423860e-04
1.379717e-04
1.419232e-04
1.375231e-04
1.414620e-04
1.370759e-04
1.410022e-04
1.366303e-04
1.405439e-04
1.361861e-04
1.400872e-04
1.357433e-04
1.396320e-04
1.353021e-04
1.391782e-04
1.348622e-04
1.387260e-04
1.344239e-04
1.382752e-04
1.339869e-04
1.378260e-04
1.335514e-04
1.373782e-04
1.331174e-04
1.369318e-04
1.326847e-04
1.364870e-04
1.322535e-04
1.360436e-04
1.318237e-04
1.356016e-04
1.313953e-04
1.351612e-04
1.309684e-04
1.347221e-04
1.305428e-04
1.342846e-04
1.301186e-04
1.338484e-04
1.296959e-04
1.334137e-04
1.292745e-04
1.329804e-04
1.288545e-04
1.325486e-04
1.284359e-04
1.321181e-04
1.280187e-04
1.316891e-04
1.276028e-04
1.312615e-04
1.271883e-04
1.308353e-04
1.267752e-04
1.304105e-04
1.263634e-04
1.299871e-04
1.259530e-04
1.295651e-04
1.255439e-04
1.291445e-04
1.251362e-04
1.287252e-04
1.247298e-04
1.283074e-04
1.243248e-04
1.278909e-04
1.239211e-04
1.274758e-04
1.235187e-04
1.270620e-04
1.231176e-04
1.266496e-04
1.227179e-04
1.262386e-04
1.223195e-04
1.258289e-04
1.219224e-04
1.254206e-04
1.215265e-04
1.250136e-04
1.211320e-04
1.246080e-04
1.207388e-04
1.242036e-04
1.203469e-04
1.238007e-04
1.199563e-04
1.233990e-04
1.195670e-04
1.229987e-04
1.191789e-04
1.225996e-04
1.187921e-04
1.222019e-04
1.184066e-04
1.218055e-04
1.180224e-04
1.214104e-04
1.176394e-04
1.210166e-04
1.172577e-04
1.206241e-04
1.168772e-04
1.202329e-04
1.164980e-04
1.198430e-04
1.161200e-04
1.194543e-04
1.157433e-04
1.190670e-04
1.153678e-04
1.186809e-04
1.149936e-04
1.182961e-04
1.146206e-04
1.179125e-04
1.142488e-04
1.175302e-04
1.138782e-04
1.171492e-04
1.135089e-04
1.167694e-04
1.131407e-04
1.163909e-04
1.127738e-04
1.160136e-04
1.124081e-04
1.156375e-04
1.120436e-04
1.152627e-04
1.116803e-04
1.148892e-04
1.113182e-04
1.145168e-04
1.109572e-04
1.141457e-04
1.105975e-04
1.137758e-04
1.102389e-04
1.134071e-04
1.098816e-04
1.130396e-04
1.095254e-04
1.126733e-04
1.091703e-04
1.123083e-04
1.088165e-04
1.119444e-04
1.084638e-04
1.115818e-04
1.081122e-04
1.112203e-04
1.077619e-04
1.108600e-04
1.074126e-04
1.105009e-04
1.070646e-04
1.101430e-04
1.067176e-04
1.097862e-04
1.063718e-04
1.094307e-04
1.060272e-04
1.090763e-04
1.056836e-04
1.087230e-04
1.053412e-04
1.083710e-04
1.050000e-04
1.080201e-04
1.046598e-04
1.076703e-04
1.043208e-04
1.073217e-04
1.039829e-04
1.069742e-04
1.036461e-04
1.066279e-04
1.033104e-04
1.062827e-04
1.029758e-04
1.059387e-04
1.026423e-04
1.055958e-04
1.023099e-04
1.052540e-04
1.019786e-04
1.049133e-04
1.016484e-04
1.045738e-04
1.013193e-04
1.042353e-04
1.009912e-04
1.038980e-04
1.006643e-04
1.035618e-04
1.003384e-04
1.032267e-04
1.000136e-04
1.028927e-04
9.968981e-05
