1.965092e-03
6.299964e-04
3.847413e-04
2.945314e-04
2.349587e-04
2.071938e-04
1.856455e-04
1.646873e-04
1.524658e-04
1.406039e-04
1.289321e-04
1.213818e-04
1.128581e-04
1.065852e-04
1.001311e-04
9.891204e-05
9.648453e-05
9.405280e-05
9.188827e-05
9.165985e-05
9.008347e-05
8.877873e-05
8.776845e-05
8.570525e-05
8.500818e-05
8.271059e-05
8.212996e-05
8.023421e-05
7.916255e-05
7.756888e-05
7.620927e-05
7.480812e-05
7.328676e-05
7.203672e-05
7.043548e-05
6.929024e-05
6.767425e-05
6.656438e-05
6.497763e-05
6.389105e-05
6.237089e-05
6.128564e-05
5.984065e-05
5.873051e-05
5.738294e-05
5.624624e-05
5.499403e-05
5.382776e-05
5.266350e-05
5.147524e-05
5.040383e-05
4.918636e-05
4.820364e-05
4.696366e-05
4.606804e-05
4.480996e-05
4.401179e-05
4.278871e-05
4.201610e-05
4.090288e-05
4.009283e-05
3.908258e-05
3.823756e-05
3.732474e-05
3.645439e-05
3.563234e-05
3.473863e-05
3.400752e-05
3.309815e-05
3.244347e-05
3.154561e-05
3.094550e-05
3.012767e-05
2.951073e-05
2.876823e-05
2.813761e-05
2.746540e-05
2.682686e-05
2.621891e-05
2.557787e-05
2.502469e-05
2.454778e-05
2.440614e-05
2.432789e-05
2.424275e-05
2.409533e-05
2.406140e-05
2.389476e-05
2.386471e-05
2.374988e-05
2.366137e-05
2.358908e-05
2.344571e-05
2.341619e-05
2.327291e-05
2.323147e-05
2.312701e-05
2.303292e-05
2.296501e-05
2.282048e-05
2.278883e-05
2.265196e-05
2.259589e-05
2.248794e-05
2.238487e-05
2.230128e-05
2.215291e-05
2.209216e-05
2.193099e-05
2.185769e-05
2.171514e-05
2.159529e-05
2.146771e-05
2.130161e-05
2.118558e-05
2.097887e-05
2.087128e-05
2.066176e-05
2.051897e-05
2.031681e-05
2.013031e-05
1.993335e-05
1.970528e-05
1.951156e-05
1.924370e-05
1.905371e-05
1.876423e-05
1.856051e-05
1.827657e-05
1.803472e-05
1.775763e-05
1.747984e-05
1.720959e-05
1.689851e-05
1.663695e-05
1.629570e-05
1.604285e-05
1.571514e-05
1.543012e-05
1.511806e-05
1.480386e-05
1.450921e-05
1.416704e-05
1.389013e-05
1.354897e-05
1.326443e-05
1.294806e-05
1.263468e-05
1.234311e-05
1.200466e-05
1.173660e-05
1.142112e-05
1.113385e-05
1.084459e-05
1.060457e-05
1.039462e-05
1.016108e-05
9.904712e-06
9.627121e-06
9.331471e-06
9.020200e-06
8.695736e-06
8.359655e-06
8.014445e-06
7.658745e-06
7.282784e-06
6.885581e-06
6.717595e-06
6.637219e-06
6.571668e-06
6.483567e-06
6.414441e-06
6.324467e-06
6.247326e-06
6.156648e-06
6.072020e-06
5.981975e-06
5.889525e-06
5.801332e-06
5.701621e-06
5.616052e-06
5.511571e-06
5.426736e-06
5.326758e-06
5.233697e-06
5.139032e-06
5.038320e-06
4.949103e-06
4.844337e-06
4.756895e-06
4.658940e-06
4.562844e-06
4.471859e-06
4.367744e-06
4.283389e-06
4.186860e-06
4.094916e-06
4.005325e-06
3.913084e-06
3.866517e-06
3.812723e-06
3.748790e-06
3.675748e-06
3.594900e-06
3.507081e-06
3.413017e-06
3.313692e-06
3.209743e-06
3.101727e-06
2.990552e-06
2.876976e-06
2.761666e-06
2.659772e-06
2.639776e-06
2.615737e-06
2.592826e-06
2.566860e-06
2.541165e-06
2.514402e-06
2.485885e-06
2.458076e-06
2.427150e-06
2.398778e-06
2.366135e-06
2.336969e-06
2.302942e-06
2.273158e-06
2.238211e-06
2.208088e-06
2.172303e-06
2.141811e-06
2.105560e-06
2.074814e-06
2.038451e-06
2.007266e-06
1.971125e-06
1.939515e-06
1.903905e-06
1.871668e-06
1.836878e-06
1.803759e-06
1.770035e-06
1.736097e-06
1.703559e-06
1.668465e-06
1.637244e-06
1.601418e-06
1.571346e-06
1.537266e-06
1.505674e-06
1.473391e-06
1.440752e-06
1.409975e-06
1.387091e-06
1.369079e-06
1.351958e-06
1.344328e-06
1.335730e-06
1.326915e-06
1.316822e-06
1.307046e-06
1.295441e-06
1.284894e-06
1.271849e-06
1.260668e-06
1.246395e-06
1.234799e-06
1.219501e-06
1.207395e-06
1.191439e-06
1.178941e-06
1.162581e-06
1.149456e-06
1.132882e-06
1.119333e-06
1.102483e-06
1.088640e-06
1.071531e-06
1.057582e-06
1.040224e-06
1.026235e-06
1.008800e-06
9.946681e-07
