3.301710e-03
2.494784e-03
7.100335e-04
1.375156e-03
1.030795e-03
6.271553e-04
5.530965e-04
5.304249e-04
6.924222e-04
5.992160e-04
6.950902e-04
6.732112e-04
1.122124e-03
1.071444e-03
1.100550e-03
1.555385e-03
9.957187e-04
1.059954e-03
1.681855e-03
1.461888e-03
1.228274e-03
1.253155e-03
1.272133e-03
1.084311e-03
9.179977e-04
1.167830e-03
1.103085e-03
7.966337e-04
9.065261e-04
9.113074e-04
7.866426e-04
6.868967e-04
6.735342e-04
7.752877e-04
6.556276e-04
6.647016e-04
6.240122e-04
6.520938e-04
6.760029e-04
6.718045e-04
6.734924e-04
6.472218e-04
6.337016e-04
6.277454e-04
6.459698e-04
6.566340e-04
6.332855e-04
6.540786e-04
6.426503e-04
6.516345e-04
7.064757e-04
8.399802e-04
8.241620e-04
8.916056e-04
9.462815e-04
8.439133e-04
7.004887e-04
8.263208e-04
7.265392e-04
7.549608e-04
7.434038e-04
6.164094e-04
7.114976e-04
6.618071e-04
7.218209e-04
7.248243e-04
7.923308e-04
8.417966e-04
7.019944e-04
7.698060e-04
8.966627e-04
9.298879e-04
1.065020e-03
1.263885e-03
1.528899e-03
1.693941e-03
1.780376e-03
2.086074e-03
2.462886e-03
2.928313e-03
3.397060e-03
3.629668e-03
4.404624e-03
4.198650e-03
5.274116e-03
7.756946e-03
9.831025e-03
1.039641e-02
9.491593e-03
1.105118e-02
1.428925e-02
1.648035e-02
1.915694e-02
2.358630e-02
3.255674e-02
4.868987e-02
5.467406e-02
6.101197e-02
4.572372e-02
4.582191e-02
5.668638e-02
5.699932e-02
8.919635e-02
1.120047e-01
1.546718e-01
3.332451e-01
2.913324e-01
3.545976e-01
3.987760e-01
4.259982e-01
3.486229e-01
5.687445e-01
4.740841e-01
5.493632e-01
3.760310e-01
1.025240e+00
4.100675e-01
7.466105e-01
6.547505e-01
8.553389e-01
8.515970e-01
4.818829e-01
1.360199e+00
6.325284e-01
4.276608e-01
7.298712e-01
1.163021e+00
6.676379e-01
7.244483e-01
5.945349e-01
4.744245e-01
9.570382e-01
3.772241e-01
6.667042e-01
4.241661e-01
4.600225e-01
3.394096e-01
3.857139e-01
6.557928e-01
6.469683e-01
7.906808e-01
6.988685e-01
5.408743e-01
4.273018e-01
4.788961e-01
5.113878e-01
3.580391e-01
3.375004e-01
3.593061e-01
7.947430e-01
6.217141e-01
3.808714e-01
4.825638e-01
7.688008e-01
8.656722e-01
8.212209e-01
6.773749e-01
5.059603e-01
8.676170e-01
8.565075e-01
6.680533e-01
5.648494e-01
4.323321e-01
4.085553e-01
3.402525e-01
5.961267e-01
5.405387e-01
5.383593e-01
8.243780e-01
5.815474e-01
9.169583e-01
4.701568e-01
5.516437e-01
6.578144e-01
6.333764e-01
7.673751e-01
6.093749e-01
8.632053e-01
6.480235e-01
6.563492e-01
6.855276e-01
7.097656e-01
3.541756e-01
4.277613e-01
5.626507e-01
4.777211e-01
4.866490e-01
3.550986e-01
6.065911e-01
4.187793e-01
7.319964e-01
6.065991e-01
9.226077e-01
6.256038e-01
8.720295e-01
8.049271e-01
5.184860e-01
3.949774e-01
2.940092e-01
1.067220e+00
4.538325e-01
2.463925e-01
4.728465e-01
5.625921e-01
7.680123e-01
1.147760e+00
1.236313e+00
7.398709e-01
6.234177e-01
5.753529e-01
8.196234e-01
6.061656e-01
5.788588e-01
2.051838e-01
3.946566e-01
5.009706e-01
6.030764e-01
4.279670e-01
4.909781e-01
5.641959e-01
8.362428e-01
3.576003e-01
1.903225e-01
2.867004e-01
2.773096e-01
4.485145e-01
2.616900e-01
2.738293e-01
4.295096e-01
3.023557e-01
4.784420e-01
2.512910e-01
2.327106e-01
2.456118e-01
2.849458e-01
4.200684e-01
3.256294e-01
6.222075e-01
2.824461e-01
4.885588e-01
6.333223e-01
4.808365e-01
3.839020e-01
4.317461e-01
4.913779e-01
1.115432e+00
7.289316e-01
6.221662e-01
5.409721e-01
5.667521e-01
4.464816e-01
3.822849e-01
4.932588e-01
3.168105e-01
3.404711e-01
4.018336e-01
3.619767e-01
3.254430e-01
3.428362e-01
3.853370e-01
8.995665e-01
3.576190e-01
3.681430e-01
7.669995e-01
1.367319e+00
1.564492e+00
8.488897e-01
9.085121e-01
1.040630e+00
1.067965e+00
1.142479e+00
1.180059e+00
5.113968e-01
7.846877e-01
7.146010e-01
1.444239e+00
7.440787e-01
8.428237e-01
1.672838e+00
5.179278e-01
1.075961e+00
4.674268e-01
8.878407e-01
6.705182e-01
5.938984e-01
8.529730e-01
5.555164e-01
6.162354e-01
7.726273e-01
7.965212e-01
9.265401e-01
7.264834e-01
8.189072e-01
4.041386e-01
1.250134e+00
6.878827e-01
1.606387e+00
4.013079e-01
6.968349e-01
5.045830e-01
8.122332e-01
1.008340e+00
7.996073e-01
8.565825e-01
5.370891e-01
8.726790e-01
4.378251e-01
4.191502e-01
4.470027e-01
5.025124e-01
6.025685e-01
5.540216e-01
4.984277e-01
4.837899e-01
5.128205e-01
5.729184e-01
4.111651e-01
3.786802e-01
7.681255e-01
5.907417e-01
8.122500e-01
5.304834e-01
6.680317e-01
6.098863e-01
5.389224e-01
5.178625e-01
4.873355e-01
4.246558e-01
4.018923e-01
5.689894e-01
8.160528e-01
6.957658e-01
6.883554e-01
7.910178e-01
9.014325e-01
7.223445e-01
7.003872e-01
5.159624e-01
3.923667e-01
5.436659e-01
7.049278e-01
3.866220e-01
7.526463e-01
5.474932e-01
1.231849e+00
9.508130e-01
8.844894e-01
1.105906e+00
2.003898e+00
1.459242e+00
7.104851e-01
4.909790e-01
5.387469e-01
4.643867e-01
5.597661e-01
5.984366e-01
4.553435e-01
5.022922e-01
7.645778e-01
9.693572e-01
9.519777e-01
6.877957e-01
4.170894e-01
7.220317e-01
1.640858e+00
1.011779e+00
9.128834e-01
5.267508e-01
4.306388e-01
6.069796e-01
6.254951e-01
4.742466e-01
3.731948e-01
6.634441e-01
7.298857e-01
7.021806e-01
5.886811e-01
4.465810e-01
3.407531e-01
6.822879e-01
4.697494e-01
3.258432e-01
3.385105e-01
3.176360e-01
5.294625e-01
7.400375e-01
5.081303e-01
3.482955e-01
4.904817e-01
4.795655e-01
5.815340e-01
4.731098e-01
4.868238e-01
7.025520e-01
7.408228e-01
6.763354e-01
4.169536e-01
5.489072e-01
5.406544e-01
5.547422e-01
5.959289e-01
5.247952e-01
6.442263e-01
5.917593e-01
9.981577e-01
1.543857e+00
6.682062e-01
5.563430e-01
4.676647e-01
6.919018e-01
8.554531e-01
7.256591e-01
7.720691e-01
7.130986e-01
8.790399e-01
9.212860e-01
6.558812e-01
4.490400e-01
5.740754e-01
7.033519e-01
5.809312e-01
4.672673e-01
5.477408e-01
5.342572e-01
1.508862e+00
7.735248e-01
5.808406e-01
8.607073e-01
8.909253e-01
8.754506e-01
9.014943e-01
7.238043e-01
6.489131e-01
9.389783e-01
7.008173e-01
7.583134e-01
5.141008e-01
5.012751e-01
6.102511e-01
6.492382e-01
8.783164e-01
8.667560e-01
5.767942e-01
9.956959e-01
6.418571e-01
1.158534e+00
7.728271e-01
8.464388e-01
8.041082e-01
9.122061e-01
1.201586e+00
8.991540e-01
5.917325e-01
7.222203e-01
8.614432e-01
1.285963e+00
9.412043e-01
4.230378e-01
6.756800e-01
8.051103e-01
7.517153e-01
6.003520e-01
6.195931e-01
8.558446e-01
1.055343e+00
8.451709e-01
1.585798e+00
8.799704e-01
1.415084e+00
1.155682e+00
1.108343e+00
1.294491e+00
7.096431e-01
1.158998e+00
1.218323e+00
9.972839e-01
9.729100e-01
4.956589e-01
5.036959e-01
5.891416e-01
8.755328e-01
1.472511e+00
7.458523e-01
7.856854e-01
9.536863e-01
7.011975e-01
8.197758e-01
5.635274e-01
5.546660e-01
1.121620e+00
9.495397e-01
6.195629e-01
9.671225e-01
6.624268e-01
5.215029e-01
8.175747e-01
7.904868e-01
5.207878e-01
5.859501e-01
1.923321e+00
7.582991e-01
4.668497e-01
4.144923e-01
6.307785e-01
8.636249e-01
1.854280e+00
9.494402e-01
7.936314e-01
6.511281e-01
7.416533e-01
7.120718e-01
6.147067e-01
5.269553e-01
5.717143e-01
8.642528e-01
1.191664e+00
5.892117e-01
5.047129e-01
6.694568e-01
6.010102e-01
7.160134e-01
7.995193e-01
4.046917e-01
5.994495e-01
9.872029e-01
6.517989e-01
5.622543e-01
3.974921e-01
1.306921e+00
1.083439e+00
1.171182e+00
7.022569e-01
6.425716e-01
7.381682e-01
7.468276e-01
9.682327e-01
8.342509e-01
6.552534e-01
5.139196e-01
8.615785e-01
7.659949e-01
5.173536e-01
5.761693e-01
9.978402e-01
7.521025e-01
1.472977e+00
5.308561e-01
8.231649e-01
6.915564e-01
4.723997e-01
1.178397e+00
5.514502e-01
7.387501e-01
5.401028e-01
6.912285e-01
1.098091e+00
6.761304e-01
8.104011e-01
1.013874e+00
5.804055e-01
9.696729e-01
6.006214e-01
5.039475e-01
6.709783e-01
8.360475e-01
1.189684e+00
7.222789e-01
5.772267e-01
4.683601e-01
6.279771e-01
8.207392e-01
8.272562e-01
5.920350e-01
5.031295e-01
8.154421e-01
7.648481e-01
4.998515e-01
5.264336e-01
6.675138e-01
9.674963e-01
9.820092e-01
6.083584e-01
4.419918e-01
4.297551e-01
4.632203e-01
6.839550e-01
4.532570e-01
9.362170e-01
1.306230e+00
7.358816e-01
8.364715e-01
5.492113e-01
7.669327e-01
5.866126e-01
6.934952e-01
1.004563e+00
7.853645e-01
6.796099e-01
7.587343e-01
6.338344e-01
8.133454e-01
6.265353e-01
5.491201e-01
4.204599e-01
8.643469e-01
7.516683e-01
8.192285e-01
5.778608e-01
5.869309e-01
9.424988e-01
1.098102e+00
5.340326e-01
4.317373e-01
6.361545e-01
4.519195e-01
4.342198e-01
4.890520e-01
4.142786e-01
4.559347e-01
6.137351e-01
8.147149e-01
1.438964e+00
1.115788e+00
4.853469e-01
1.484971e+00
7.235811e-01
9.807801e-01
1.004537e+00
6.046101e-01
5.792130e-01
6.577357e-01
4.244910e-01
5.784244e-01
5.902717e-01
5.756871e-01
6.794548e-01
5.537221e-01
5.968781e-01
4.602661e-01
6.748687e-01
1.200647e+00
5.952513e-01
4.925535e-01
4.192089e-01
6.817619e-01
7.574503e-01
4.334758e-01
4.535833e-01
4.671661e-01
7.113986e-01
9.066002e-01
5.411330e-01
6.211250e-01
6.647368e-01
1.301522e+00
1.176459e+00
7.928389e-01
7.866898e-01
7.983360e-01
1.592587e+00
1.196378e+00
1.055137e+00
1.420257e+00
7.091247e-01
1.028651e+00
9.281642e-01
9.263036e-01
4.909542e-01
1.180158e+00
1.143808e+00
1.053301e+00
1.282330e+00
8.409107e-01
6.353739e-01
4.877375e-01
6.351487e-01
4.117160e-01
9.321272e-01
6.821462e-01
6.616640e-01
8.026665e-01
4.348964e-01
6.104134e-01
6.551284e-01
6.868419e-01
6.396778e-01
7.719810e-01
5.565857e-01
4.722541e-01
4.915817e-01
6.013490e-01
4.507372e-01
3.679435e-01
5.489810e-01
7.647901e-01
8.787022e-01
7.028513e-01
6.434052e-01
8.943751e-01
8.143289e-01
7.478131e-01
6.919495e-01
9.681715e-01
8.662900e-01
6.865585e-01
1.079581e+00
8.994244e-01
1.002988e+00
6.683843e-01
7.021962e-01
1.037342e+00
5.706829e-01
5.687421e-01
7.350269e-01
7.713234e-01
1.132566e+00
7.528268e-01
1.017925e+00
1.011953e+00
1.326900e+00
9.190122e-01
5.939619e-01
4.694322e-01
5.455049e-01
6.396960e-01
9.546355e-01
9.210760e-01
4.243152e-01
1.130066e+00
1.019273e+00
8.045489e-01
8.263184e-01
6.441374e-01
6.745959e-01
9.506059e-01
9.522873e-01
6.620841e-01
5.845600e-01
7.842263e-01
7.254029e-01
8.566656e-01
7.959250e-01
5.869879e-01
7.121960e-01
1.510079e+00
1.050981e+00
6.744884e-01
7.572818e-01
6.890709e-01
9.854527e-01
5.824200e-01
4.939585e-01
5.368212e-01
5.344410e-01
1.130187e+00
1.404249e+00
9.688790e-01
7.863000e-01
8.703765e-01
8.381831e-01
8.301307e-01
6.172824e-01
8.526847e-01
4.827744e-01
9.671968e-01
1.203064e+00
2.560292e+00
7.088921e-01
5.325060e-01
1.360717e+00
1.332700e+00
6.482787e-01
8.878004e-01
1.054706e+00
7.395321e-01
8.131430e-01
6.043851e-01
5.823312e-01
6.378257e-01
5.099535e-01
6.107062e-01
4.386901e-01
4.085207e-01
6.860853e-01
6.633521e-01
6.495018e-01
7.780589e-01
5.251247e-01
6.136371e-01
4.337472e-01
7.688539e-01
5.284931e-01
5.814323e-01
4.823836e-01
6.146786e-01
9.491975e-01
7.264498e-01
8.057441e-01
7.461835e-01
4.946034e-01
7.767899e-01
9.153916e-01
6.170944e-01
6.592005e-01
1.185839e+00
8.765854e-01
9.357004e-01
9.800718e-01
9.067986e-01
1.235920e+00
8.029660e-01
7.957745e-01
5.937346e-01
9.446490e-01
7.691058e-01
1.356750e+00
7.289513e-01
4.635899e-01
6.759220e-01
7.188542e-01
7.683658e-01
5.189524e-01
7.181831e-01
6.582733e-01
6.999887e-01
6.207931e-01
8.131321e-01
7.909352e-01
7.570452e-01
6.637749e-01
7.319677e-01
6.809661e-01
6.829675e-01
6.028056e-01
6.722024e-01
8.919878e-01
5.027034e-01
4.821943e-01
5.184786e-01
7.295054e-01
9.700035e-01
6.198328e-01
5.014253e-01
5.037372e-01
6.957977e-01
5.788110e-01
6.270409e-01
6.942270e-01
8.772270e-01
5.022265e-01
7.361429e-01
7.149228e-01
4.203985e-01
7.235180e-01
5.710236e-01
6.204710e-01
4.734199e-01
4.659094e-01
5.991096e-01
6.246266e-01
9.333314e-01
5.287043e-01
6.624258e-01
5.169157e-01
8.522862e-01
7.576911e-01
5.298563e-01
3.289729e-01
4.340183e-01
7.329768e-01
9.476017e-01
6.092771e-01
4.877513e-01
9.228393e-01
5.245385e-01
6.256904e-01
6.146176e-01
6.774026e-01
5.514771e-01
6.586742e-01
1.266744e+00
4.336795e-01
4.109149e-01
5.068045e-01
6.612017e-01
6.911409e-01
5.849612e-01
9.027649e-01
7.500170e-01
5.693471e-01
6.514525e-01
4.706248e-01
4.578638e-01
4.893652e-01
5.269476e-01
5.362314e-01
3.986871e-01
4.802898e-01
4.886805e-01
7.997777e-01
8.817401e-01
7.494503e-01
5.588074e-01
5.274695e-01
7.759394e-01
6.450603e-01
6.900035e-01
6.170673e-01
7.608434e-01
6.499861e-01
7.518372e-01
6.588027e-01
9.612755e-01
5.642217e-01
7.691819e-01
7.293755e-01
6.254132e-01
8.127824e-01
4.875095e-01
8.853443e-01
8.350398e-01
6.379099e-01
8.867809e-01
4.749715e-01
5.411579e-01
8.177285e-01
7.551350e-01
5.958065e-01
5.024634e-01
5.459187e-01
8.261336e-01
6.421511e-01
4.277529e-01
5.501548e-01
5.936114e-01
8.307081e-01
5.801773e-01
8.801203e-01
6.193315e-01
7.817389e-01
7.985311e-01
6.709954e-01
6.210040e-01
8.502565e-01
5.059288e-01
6.870685e-01
5.474827e-01
5.808347e-01
8.436001e-01
9.036053e-01
5.912040e-01
4.134576e-01
7.666570e-01
8.727809e-01
6.480889e-01
6.467625e-01
4.732367e-01
4.149209e-01
6.412739e-01
5.393632e-01
8.815021e-01
5.383569e-01
4.166044e-01
3.669121e-01
5.546975e-01
7.355024e-01
7.423172e-01
8.888944e-01
8.762241e-01
6.361336e-01
7.913722e-01
6.109452e-01
6.258048e-01
7.709724e-01
5.998883e-01
6.412163e-01
5.581115e-01
5.060008e-01
5.383534e-01
7.022736e-01
9.190747e-01
6.889414e-01
6.291382e-01
5.403170e-01
7.796213e-01
1.738985e+00
7.343331e-01
5.750737e-01
8.941203e-01
6.608633e-01
7.627601e-01
6.851256e-01
8.470317e-01
5.353568e-01
6.279234e-01
7.314860e-01
3.301051e-01
3.949116e-01
5.890758e-01
1.030682e+00
