3.251052e-03
1.208195e-03
4.220314e-04
4.445519e-04
2.744506e-04
2.635696e-04
9.665702e-04
1.196264e-03
1.029815e-03
9.415516e-04
8.521533e-04
6.122864e-04
5.415800e-04
5.773369e-04
6.073598e-04
6.092223e-04
4.760702e-04
4.866334e-04
5.203321e-04
5.603785e-04
5.988758e-04
5.270836e-04
5.610306e-04
6.184990e-04
6.811932e-04
7.528817e-04
7.316555e-04
7.703607e-04
8.240899e-04
8.828985e-04
9.409668e-04
8.891094e-04
8.663622e-04
9.115116e-04
1.077398e-03
1.255058e-03
1.385894e-03
1.565847e-03
1.761902e-03
1.915879e-03
2.111128e-03
2.195603e-03
1.961863e-03
1.705061e-03
1.413485e-03
1.356797e-03
1.631281e-03
1.923612e-03
2.209693e-03
2.479980e-03
2.729044e-03
2.883798e-03
2.956672e-03
2.942123e-03
2.845163e-03
2.674546e-03
2.054735e-03
1.497047e-03
1.010595e-03
1.024266e-03
1.132154e-03
1.181482e-03
1.273542e-03
1.348477e-03
1.419154e-03
1.490929e-03
1.522285e-03
1.555363e-03
1.592697e-03
1.634541e-03
1.676166e-03
1.648688e-03
1.616639e-03
1.583038e-03
1.548565e-03
1.513817e-03
1.371797e-03
1.234601e-03
1.108867e-03
9.976218e-04
9.016525e-04
7.210871e-04
6.386954e-04
5.983019e-04
5.647954e-04
5.372412e-04
4.757544e-04
4.272301e-04
3.874478e-04
3.523325e-04
3.538677e-04
3.408634e-04
3.302157e-04
3.215615e-04
3.145615e-04
3.089085e-04
2.902640e-04
2.750078e-04
2.625550e-04
2.524069e-04
2.441402e-04
2.257437e-04
2.109887e-04
1.991616e-04
1.896837e-04
1.820820e-04
1.669960e-04
1.551133e-04
1.457228e-04
1.382756e-04
1.323417e-04
1.209674e-04
1.120630e-04
1.050405e-04
9.946063e-05
9.499016e-05
8.667379e-05
8.014870e-05
7.498176e-05
7.085269e-05
6.752063e-05
6.154548e-05
5.683519e-05
5.365229e-05
5.112916e-05
4.908586e-05
4.473290e-05
4.131627e-05
3.858449e-05
3.635874e-05
3.450789e-05
3.102910e-05
2.825994e-05
2.600190e-05
2.411426e-05
2.249605e-05
1.984328e-05
1.789511e-05
1.629299e-05
1.491522e-05
1.371058e-05
1.205929e-05
1.093351e-05
1.022651e-05
9.646364e-06
9.169935e-06
8.337394e-06
7.665050e-06
7.118288e-06
6.672265e-06
6.308072e-06
5.726570e-06
5.327223e-06
5.001631e-06
4.735808e-06
4.518942e-06
4.130649e-06
3.816113e-06
3.566571e-06
3.873593e-06
4.167922e-06
4.243371e-06
4.341153e-06
4.455044e-06
4.580206e-06
4.712388e-06
4.607204e-06
4.550921e-06
4.530001e-06
4.534715e-06
4.557699e-06
4.356879e-06
4.215776e-06
4.118300e-06
4.053057e-06
4.011665e-06
3.775880e-06
3.601050e-06
3.471051e-06
3.374434e-06
3.302824e-06
3.072023e-06
2.897279e-06
2.763692e-06
2.660693e-06
2.580617e-06
2.376682e-06
2.220267e-06
2.098593e-06
2.002663e-06
1.926049e-06
1.757506e-06
1.626855e-06
1.523871e-06
1.441409e-06
1.374417e-06
1.242109e-06
1.138718e-06
1.056440e-06
9.898376e-07
