1.245012e-02
1.236801e-02
1.231282e-02
1.227112e-02
1.223848e-02
1.221264e-02
1.219220e-02
1.217623e-02
1.216404e-02
1.215509e-02
1.214897e-02
1.214534e-02
1.214390e-02
1.214440e-02
1.214663e-02
1.215039e-02
1.215552e-02
1.216186e-02
1.216928e-02
1.217766e-02
1.218689e-02
1.219689e-02
1.220756e-02
1.221883e-02
1.223063e-02
1.224291e-02
1.225560e-02
1.226866e-02
1.228205e-02
1.229572e-02
1.230963e-02
1.232375e-02
1.233805e-02
1.235251e-02
1.236709e-02
1.238178e-02
1.239655e-02
1.241138e-02
1.242627e-02
1.244120e-02
1.245615e-02
1.247111e-02
1.248608e-02
1.250103e-02
1.251598e-02
1.253089e-02
1.254578e-02
1.256063e-02
1.257544e-02
1.259020e-02
1.260491e-02
1.261955e-02
1.263414e-02
1.264865e-02
1.266310e-02
1.267747e-02
1.269177e-02
1.270598e-02
1.272011e-02
1.273416e-02
1.274811e-02
1.276198e-02
1.277576e-02
1.278944e-02
1.280303e-02
1.281652e-02
1.282992e-02
1.284321e-02
1.285641e-02
1.286951e-02
1.288250e-02
1.289540e-02
1.290819e-02
1.292088e-02
1.293346e-02
1.294594e-02
1.295832e-02
1.297059e-02
1.298276e-02
1.299482e-02
1.300677e-02
1.301863e-02
1.303037e-02
1.304201e-02
1.305355e-02
1.306498e-02
1.307631e-02
1.308753e-02
1.309864e-02
1.310965e-02
1.312055e-02
1.313135e-02
1.314205e-02
1.315264e-02
1.316313e-02
1.317351e-02
1.318379e-02
1.319397e-02
1.320404e-02
1.321401e-02
1.322388e-02
1.323365e-02
1.324331e-02
1.325288e-02
1.326234e-02
1.327170e-02
1.328096e-02
1.329013e-02
1.329919e-02
1.330815e-02
1.331702e-02
1.332579e-02
1.333446e-02
1.334303e-02
1.335151e-02
1.335989e-02
1.336817e-02
1.337636e-02
1.338445e-02
1.339245e-02
1.340036e-02
1.340817e-02
1.341589e-02
1.342352e-02
1.343105e-02
1.343850e-02
1.344585e-02
1.345311e-02
1.346029e-02
1.346737e-02
1.347436e-02
1.348127e-02
1.348809e-02
1.349482e-02
1.350146e-02
1.350802e-02
1.351449e-02
1.352087e-02
1.352717e-02
1.353339e-02
1.353952e-02
1.354557e-02
1.355154e-02
1.355742e-02
1.356322e-02
1.356894e-02
1.357457e-02
1.358013e-02
1.358561e-02
1.359100e-02
1.359632e-02
1.360156e-02
1.360672e-02
1.361180e-02
1.361680e-02
1.362173e-02
1.362658e-02
1.363135e-02
1.363605e-02
1.364067e-02
1.364522e-02
1.364969e-02
1.365409e-02
1.365842e-02
1.366267e-02
1.366685e-02
1.367095e-02
1.367499e-02
1.367895e-02
1.368284e-02
1.368666e-02
1.369041e-02
1.369409e-02
1.369770e-02
1.370125e-02
1.370472e-02
1.370812e-02
1.371146e-02
1.371472e-02
1.371793e-02
1.372106e-02
1.372413e-02
1.372713e-02
1.373006e-02
1.373293e-02
1.373573e-02
1.373847e-02
1.374115e-02
1.374376e-02
1.374631e-02
1.374879e-02
1.375121e-02
1.375357e-02
1.375586e-02
1.375809e-02
1.376027e-02
1.376238e-02
1.376443e-02
1.376641e-02
1.376834e-02
1.377021e-02
1.377202e-02
1.377377e-02
1.377546e-02
1.377709e-02
1.377866e-02
1.378017e-02
1.378163e-02
1.378303e-02
1.378437e-02
1.378566e-02
1.378689e-02
1.378806e-02
1.378917e-02
1.379023e-02
1.379124e-02
1.379219e-02
1.379308e-02
1.379392e-02
1.379471e-02
1.379544e-02
1.379612e-02
1.379675e-02
1.379732e-02
1.379784e-02
1.379830e-02
1.379872e-02
1.379908e-02
1.379939e-02
1.379965e-02
1.379986e-02
1.380001e-02
1.380012e-02
1.380018e-02
1.380018e-02
1.380014e-02
1.380004e-02
1.379990e-02
1.379971e-02
1.379947e-02
1.379918e-02
1.379884e-02
1.379846e-02
1.379802e-02
1.379754e-02
1.379701e-02
1.379644e-02
1.379582e-02
1.379515e-02
1.379443e-02
1.379367e-02
1.379286e-02
1.379201e-02
1.379111e-02
1.379017e-02
1.378918e-02
1.378815e-02
1.378707e-02
1.378595e-02
1.378478e-02
1.378357e-02
1.378232e-02
1.378102e-02
1.377969e-02
1.377830e-02
1.377688e-02
1.377541e-02
1.377390e-02
1.377235e-02
1.377076e-02
1.376912e-02
1.376745e-02
1.376573e-02
1.376397e-02
1.376217e-02
1.376034e-02
1.375846e-02
1.375654e-02
1.375458e-02
1.375258e-02
1.375054e-02
1.374846e-02
1.374635e-02
1.374419e-02
1.374200e-02
1.373977e-02
1.373749e-02
1.373519e-02
1.373284e-02
1.373046e-02
1.372803e-02
1.372558e-02
1.372308e-02
1.372055e-02
1.371798e-02
1.371537e-02
1.371273e-02
1.371005e-02
1.370734e-02
1.370459e-02
1.370180e-02
1.369898e-02
1.369613e-02
1.369324e-02
1.369031e-02
1.368735e-02
1.368436e-02
1.368133e-02
1.367826e-02
1.367517e-02
1.367204e-02
1.366888e-02
1.366567e-02
1.366245e-02
1.365918e-02
1.365589e-02
1.365255e-02
1.364920e-02
1.364580e-02
1.364238e-02
1.363891e-02
1.363543e-02
1.363190e-02
1.362836e-02
1.362476e-02
1.362116e-02
1.361750e-02
1.361383e-02
1.361011e-02
1.360639e-02
1.360260e-02
1.359882e-02
1.359497e-02
1.359113e-02
1.358723e-02
1.358332e-02
1.357936e-02
1.357540e-02
1.357137e-02
1.356736e-02
1.356327e-02
1.355921e-02
1.355506e-02
1.355094e-02
1.354673e-02
1.354256e-02
1.353829e-02
1.353407e-02
1.352974e-02
1.352546e-02
1.352108e-02
1.351675e-02
1.351231e-02
1.350793e-02
1.350343e-02
1.349901e-02
1.349445e-02
1.348998e-02
1.348536e-02
1.348085e-02
1.347617e-02
1.347161e-02
1.346687e-02
1.346227e-02
1.345747e-02
1.345284e-02
1.344797e-02
1.344330e-02
1.343838e-02
1.343366e-02
1.342868e-02
1.342393e-02
1.341889e-02
1.341411e-02
1.340900e-02
1.340419e-02
1.339902e-02
1.339418e-02
1.338894e-02
1.338407e-02
1.337877e-02
1.337388e-02
1.336851e-02
1.336360e-02
1.335816e-02
1.335323e-02
1.334772e-02
1.334277e-02
1.333720e-02
1.333223e-02
1.332658e-02
1.332161e-02
1.331589e-02
1.331090e-02
1.330511e-02
1.330012e-02
1.329425e-02
1.328926e-02
1.328331e-02
1.327832e-02
1.327229e-02
1.326730e-02
1.326120e-02
1.325622e-02
1.325003e-02
1.324506e-02
1.323879e-02
1.323383e-02
1.322748e-02
1.322254e-02
1.321610e-02
1.321117e-02
1.320466e-02
1.319975e-02
1.319315e-02
1.318827e-02
1.318159e-02
1.317672e-02
1.316997e-02
1.316512e-02
1.315830e-02
1.315346e-02
1.314659e-02
1.314176e-02
1.313483e-02
1.313000e-02
1.312303e-02
1.311820e-02
1.311121e-02
1.310635e-02
1.309936e-02
1.309446e-02
1.308749e-02
1.308253e-02
1.307562e-02
1.307057e-02
1.306374e-02
1.305857e-02
1.305187e-02
1.304654e-02
1.304002e-02
1.303447e-02
1.302821e-02
1.302238e-02
1.301644e-02
1.301027e-02
1.300473e-02
1.299812e-02
1.299310e-02
1.298596e-02
1.298157e-02
1.297376e-02
1.297016e-02
1.296154e-02
1.295888e-02
1.294929e-02
1.294778e-02
1.293700e-02
1.293686e-02
1.292468e-02
1.292618e-02
1.291231e-02
1.291575e-02
1.289989e-02
1.290562e-02
1.288740e-02
1.289583e-02
1.287482e-02
1.288643e-02
1.286215e-02
1.287747e-02
1.284935e-02
1.286900e-02
1.283640e-02
1.286109e-02
1.282327e-02
1.285381e-02
1.280991e-02
1.284723e-02
1.279628e-02
1.284143e-02
1.278232e-02
1.283651e-02
1.276796e-02
1.283257e-02
1.275313e-02
1.282972e-02
1.273774e-02
1.282810e-02
1.272168e-02
1.282787e-02
1.270482e-02
1.282918e-02
1.268704e-02
1.283228e-02
1.266821e-02
1.283741e-02
1.265766e-02
1.284485e-02
1.265003e-02
1.328791e-02
7.238137e-02
2.411561e-01
5.355277e-01
7.419587e+02
2.753225e+06
2.556744e+12
4.777050e+26
5.905092e+54
2.230075e+112
