1.079871e-02
1.160356e-02
1.197352e-02
1.216839e-02
1.230448e-02
1.240718e-02
1.248767e-02
1.255266e-02
1.260644e-02
1.265179e-02
1.269050e-02
1.272365e-02
1.275188e-02
1.277557e-02
1.279502e-02
1.281058e-02
1.282270e-02
1.283200e-02
1.283921e-02
1.284516e-02
1.285071e-02
1.285668e-02
1.286382e-02
1.287276e-02
1.288401e-02
1.289798e-02
1.291496e-02
1.293512e-02
1.295856e-02
1.298525e-02
1.301506e-02
1.304777e-02
1.308305e-02
1.312048e-02
1.315955e-02
1.319971e-02
1.324037e-02
1.328092e-02
1.332080e-02
1.335947e-02
1.339645e-02
1.343135e-02
1.346386e-02
1.349373e-02
1.352081e-02
1.354502e-02
1.356635e-02
1.358482e-02
1.360052e-02
1.361357e-02
1.362410e-02
1.363228e-02
1.363828e-02
1.364226e-02
1.364442e-02
1.364492e-02
1.364393e-02
1.364162e-02
1.363814e-02
1.363363e-02
1.362823e-02
1.362207e-02
1.361527e-02
1.360792e-02
1.360012e-02
1.359197e-02
1.358355e-02
1.357492e-02
1.356615e-02
1.355731e-02
1.354844e-02
1.353960e-02
1.353081e-02
1.352213e-02
1.351357e-02
1.350517e-02
1.349696e-02
1.348895e-02
1.348115e-02
1.347359e-02
1.346628e-02
1.345921e-02
1.345241e-02
1.344586e-02
1.343958e-02
1.343356e-02
1.342781e-02
1.342232e-02
1.341709e-02
1.341211e-02
1.340738e-02
1.340289e-02
1.339863e-02
1.339460e-02
1.339079e-02
1.338719e-02
1.338379e-02
1.338059e-02
1.337757e-02
1.337472e-02
1.337205e-02
1.336953e-02
1.336716e-02
1.336493e-02
1.336284e-02
1.336087e-02
1.335903e-02
1.335729e-02
1.335565e-02
1.335412e-02
1.335267e-02
1.335131e-02
1.335002e-02
1.334881e-02
1.334767e-02
1.334659e-02
1.334557e-02
1.334461e-02
1.334369e-02
1.334282e-02
1.334199e-02
1.334120e-02
1.334045e-02
1.333973e-02
1.333905e-02
1.333839e-02
1.333776e-02
1.333715e-02
1.333657e-02
1.333601e-02
1.333546e-02
1.333494e-02
1.333443e-02
1.333394e-02
1.333346e-02
1.333300e-02
1.333255e-02
1.333211e-02
1.333168e-02
1.333126e-02
1.333085e-02
1.333046e-02
1.333007e-02
1.332969e-02
1.332932e-02
1.332895e-02
1.332859e-02
1.332824e-02
1.332790e-02
1.332756e-02
1.332723e-02
1.332691e-02
1.332659e-02
1.332628e-02
1.332860e-02
1.333610e-02
1.334350e-02
1.335079e-02
1.335798e-02
1.336507e-02
1.337205e-02
1.337893e-02
1.338572e-02
1.339240e-02
1.339898e-02
1.340546e-02
1.341184e-02
1.341813e-02
1.342431e-02
1.343040e-02
1.343639e-02
1.344229e-02
1.344809e-02
1.345379e-02
1.345940e-02
1.346491e-02
1.347033e-02
1.347566e-02
1.348089e-02
1.348603e-02
1.349108e-02
1.349603e-02
1.350090e-02
1.350567e-02
1.351036e-02
1.351495e-02
1.351946e-02
1.352387e-02
1.352820e-02
1.353245e-02
1.353660e-02
1.354067e-02
1.354465e-02
1.354855e-02
1.355236e-02
1.355609e-02
1.355973e-02
1.356329e-02
1.356677e-02
1.357017e-02
1.357348e-02
1.357671e-02
1.357986e-02
1.358294e-02
1.358593e-02
1.358884e-02
1.359167e-02
1.359443e-02
1.359711e-02
1.359971e-02
1.360223e-02
1.360468e-02
1.360705e-02
1.360935e-02
1.361157e-02
1.361372e-02
1.361579e-02
1.361780e-02
1.361972e-02
1.362158e-02
1.362336e-02
1.362508e-02
1.362672e-02
1.362829e-02
1.362979e-02
1.363122e-02
1.363259e-02
1.363388e-02
1.363511e-02
1.363627e-02
1.363736e-02
1.363839e-02
1.363935e-02
1.364024e-02
1.364107e-02
1.364183e-02
1.364253e-02
1.364316e-02
1.364373e-02
1.364424e-02
1.364468e-02
1.364507e-02
1.364539e-02
1.364565e-02
1.364584e-02
1.364598e-02
1.364606e-02
1.364607e-02
1.364603e-02
1.364593e-02
1.364577e-02
1.364555e-02
1.364527e-02
1.364494e-02
1.364454e-02
1.364409e-02
1.364359e-02
1.364303e-02
1.364241e-02
1.364174e-02
1.364101e-02
1.364023e-02
1.363939e-02
1.363850e-02
1.363756e-02
1.363656e-02
1.363551e-02
1.363440e-02
1.363325e-02
1.363204e-02
1.363078e-02
1.362947e-02
1.362811e-02
1.362670e-02
1.362524e-02
1.362373e-02
1.362217e-02
1.362056e-02
1.361890e-02
1.361719e-02
1.361544e-02
1.361363e-02
1.361178e-02
1.360988e-02
1.360794e-02
1.360595e-02
1.360391e-02
1.360182e-02
1.359969e-02
1.359751e-02
1.359529e-02
1.359302e-02
1.359071e-02
1.358835e-02
1.358595e-02
1.358351e-02
1.358102e-02
1.357849e-02
1.357592e-02
1.357330e-02
1.357064e-02
1.356794e-02
1.356519e-02
1.356241e-02
1.355958e-02
1.355671e-02
1.355380e-02
1.355085e-02
1.354786e-02
1.354483e-02
1.354176e-02
1.353865e-02
1.353550e-02
1.353231e-02
1.352908e-02
1.352581e-02
1.352251e-02
1.351916e-02
1.351578e-02
1.351236e-02
1.350890e-02
1.350541e-02
1.350188e-02
1.349831e-02
1.349470e-02
1.349106e-02
1.348739e-02
1.348367e-02
1.347992e-02
1.347614e-02
1.347232e-02
1.346846e-02
1.346457e-02
1.346065e-02
1.345669e-02
1.345270e-02
1.344867e-02
1.344461e-02
1.344051e-02
1.343639e-02
1.343222e-02
1.342803e-02
1.342380e-02
1.341954e-02
1.341525e-02
1.341093e-02
1.340657e-02
1.340218e-02
1.339776e-02
1.339331e-02
1.338883e-02
1.338432e-02
1.337977e-02
1.337520e-02
1.337059e-02
1.336596e-02
1.336129e-02
1.335660e-02
1.335187e-02
1.334712e-02
1.334233e-02
1.333752e-02
1.333268e-02
1.332781e-02
1.332291e-02
1.331798e-02
1.331302e-02
1.330805e-02
1.330303e-02
1.329799e-02
1.329292e-02
1.328783e-02
1.328270e-02
1.327756e-02
1.327238e-02
1.326718e-02
1.326195e-02
1.325670e-02
1.325141e-02
1.324611e-02
1.324077e-02
1.323542e-02
1.323002e-02
1.322462e-02
1.321918e-02
1.321373e-02
1.320823e-02
1.320273e-02
1.319718e-02
1.319164e-02
1.318604e-02
1.318045e-02
1.317480e-02
1.316916e-02
1.316346e-02
1.315778e-02
1.315203e-02
1.314630e-02
1.314051e-02
1.313473e-02
1.312889e-02
1.312307e-02
1.311719e-02
1.311133e-02
1.310539e-02
1.309949e-02
1.309351e-02
1.308756e-02
1.308154e-02
1.307555e-02
1.306948e-02
1.306345e-02
1.305734e-02
1.305127e-02
1.304512e-02
1.303901e-02
1.303281e-02
1.302666e-02
1.302042e-02
1.301424e-02
1.300796e-02
1.300173e-02
1.299541e-02
1.298914e-02
1.298279e-02
1.297648e-02
1.297009e-02
1.296374e-02
1.295732e-02
1.295093e-02
1.294447e-02
1.293804e-02
1.293155e-02
1.292508e-02
1.291856e-02
1.291204e-02
1.290550e-02
1.289894e-02
1.289238e-02
1.288576e-02
1.287919e-02
1.287252e-02
1.286593e-02
1.285920e-02
1.285261e-02
1.284582e-02
1.283922e-02
1.283237e-02
1.282578e-02
1.281886e-02
1.281228e-02
1.280527e-02
1.279873e-02
1.279163e-02
1.278512e-02
1.277791e-02
1.277145e-02
1.276413e-02
1.275774e-02
1.275029e-02
1.274398e-02
1.273638e-02
1.273018e-02
1.272240e-02
1.271634e-02
1.270835e-02
1.270246e-02
1.269423e-02
1.268855e-02
1.268003e-02
1.267461e-02
1.266576e-02
1.266065e-02
1.265140e-02
1.264668e-02
1.263695e-02
1.263272e-02
1.262240e-02
1.261876e-02
1.260772e-02
1.260485e-02
1.259291e-02
1.259102e-02
1.257792e-02
1.257731e-02
1.256270e-02
1.256383e-02
1.254719e-02
1.255070e-02
1.253123e-02
1.253819e-02
1.251458e-02
1.252680e-02
1.249660e-02
1.251752e-02
1.247522e-02
1.251266e-02
1.245141e-02
1.251895e-02
1.268205e-02
1.286388e-02
3.980607e-02
1.372043e-01
1.841369e-01
3.058919e+02
2.783776e+05
7.158936e+11
1.001164e+26
3.131230e+54
1.719080e+112
