7.921405e-03
4.459184e-03
4.250552e-03
2.545474e-03
4.971265e-03
6.324219e-03
2.766223e-03
3.097666e-03
2.488393e-03
3.665437e-03
4.343088e-03
1.558688e-03
1.945041e-03
1.616538e-03
2.139155e-03
2.449384e-03
7.660473e-04
1.016797e-03
8.380427e-04
1.080092e-03
1.250851e-03
3.724706e-04
5.098746e-04
4.351850e-04
5.706119e-04
6.743083e-04
2.030610e-04
2.796944e-04
2.533890e-04
3.382094e-04
4.054339e-04
1.235386e-04
1.700694e-04
1.597272e-04
2.153323e-04
2.605928e-04
7.998294e-05
1.101120e-04
1.057543e-04
1.435796e-04
1.749568e-04
5.397487e-05
7.431404e-05
7.244829e-05
9.884486e-05
1.210505e-04
3.748022e-05
5.160931e-05
5.083458e-05
6.960688e-05
8.557872e-05
2.657097e-05
3.659047e-05
3.631547e-05
4.986945e-05
6.150946e-05
1.914232e-05
2.636109e-05
2.631677e-05
3.622488e-05
4.480053e-05
1.397039e-05
1.923809e-05
1.929556e-05
2.661345e-05
3.298930e-05
1.030537e-05
1.419010e-05
1.428659e-05
1.973854e-05
2.451563e-05
7.670229e-06
1.056061e-05
1.066577e-05
1.475770e-05
1.836062e-05
5.752405e-06
7.919246e-06
8.019038e-06
1.110973e-05
1.384254e-05
4.342161e-06
5.977121e-06
6.065783e-06
8.412982e-06
1.049599e-05
3.295952e-06
4.536480e-06
4.612379e-06
6.403365e-06
7.997813e-06
2.513866e-06
3.459665e-06
3.523155e-06
4.895327e-06
6.120298e-06
1.925346e-06
2.649456e-06
2.701760e-06
3.756791e-06
4.700909e-06
1.479926e-06
2.036327e-06
2.078959e-06
2.892651e-06
3.622327e-06
1.141116e-06
1.569999e-06
1.604485e-06
2.233726e-06
2.799024e-06
8.822627e-07
