8.501912e-03
4.710637e-03
4.510828e-03
2.479665e-03
4.534770e-03
5.852437e-03
2.660025e-03
2.956705e-03
2.537194e-03
3.717382e-03
4.399104e-03
1.573867e-03
1.961971e-03
1.629769e-03
2.155441e-03
2.482303e-03
7.738256e-04
1.027053e-03
8.432224e-04
1.083043e-03
1.252564e-03
3.738095e-04
5.116283e-04
4.383267e-04
5.735385e-04
6.776391e-04
2.040724e-04
2.811091e-04
2.548389e-04
3.393556e-04
4.064234e-04
1.239883e-04
1.707528e-04
1.605749e-04
2.159853e-04
2.610057e-04
8.023886e-05
1.105175e-04
1.062854e-04
1.439667e-04
1.750673e-04
5.412394e-05
7.456353e-05
7.280377e-05
9.909350e-05
1.210355e-04
3.757181e-05
5.177015e-05
5.108056e-05
6.977230e-05
8.551118e-05
2.662844e-05
3.669689e-05
3.648943e-05
4.998226e-05
6.142500e-05
1.917899e-05
2.643294e-05
2.644176e-05
3.630326e-05
4.471594e-05
1.399409e-05
1.928741e-05
1.938656e-05
2.666881e-05
3.291209e-05
1.032086e-05
1.422446e-05
1.435357e-05
1.977820e-05
2.444854e-05
7.680454e-06
1.058486e-05
1.071553e-05
1.478646e-05
1.830399e-05
5.759216e-06
7.936554e-06
8.056309e-06
1.113081e-05
1.379563e-05
4.346735e-06
5.989603e-06
6.093886e-06
8.428578e-06
1.045762e-05
3.299045e-06
4.545565e-06
4.633692e-06
6.414996e-06
7.966705e-06
2.515972e-06
3.466332e-06
3.539399e-06
4.904062e-06
6.095239e-06
1.926788e-06
2.654386e-06
2.714193e-06
3.763390e-06
4.680818e-06
1.480921e-06
2.039996e-06
2.088511e-06
2.897664e-06
3.606277e-06
1.141805e-06
1.572748e-06
1.611846e-06
2.237550e-06
2.786238e-06
8.827435e-07
