3.034014e-03
1.845665e-03
1.437223e-03
1.093654e-03
1.114410e-03
1.005389e-03
7.573333e-04
6.023335e-04
5.579458e-04
5.120111e-04
5.291496e-04
4.027190e-04
3.364771e-04
3.018291e-04
2.920970e-04
3.032569e-04
2.359658e-04
2.016928e-04
1.828920e-04
1.798537e-04
1.881279e-04
1.478605e-04
1.272092e-04
1.168927e-04
1.160836e-04
1.219597e-04
9.578459e-05
8.278384e-05
7.755396e-05
7.841273e-05
8.347798e-05
6.594910e-05
5.718274e-05
5.325122e-05
5.349701e-05
5.685638e-05
4.489760e-05
3.882642e-05
3.603761e-05
3.609523e-05
3.830951e-05
3.022829e-05
2.612116e-05
2.420373e-05
2.420939e-05
2.566701e-05
2.024605e-05
1.747853e-05
1.618359e-05
1.617690e-05
1.714207e-05
1.351992e-05
1.166894e-05
1.080074e-05
1.079211e-05
1.143279e-05
9.015913e-06
7.779333e-06
7.199333e-06
7.192159e-06
7.618423e-06
6.007589e-06
5.183412e-06
4.796569e-06
4.791317e-06
5.074895e-06
4.001724e-06
3.452412e-06
3.194607e-06
3.190956e-06
3.379755e-06
2.665006e-06
2.299191e-06
2.127462e-06
2.124969e-06
2.250649e-06
1.774670e-06
1.531017e-06
1.416648e-06
1.414974e-06
1.498654e-06
1.181705e-06
1.019471e-06
9.433084e-07
