3.801255e+00
2.885707e+00
2.063810e+00
1.589197e+00
1.299022e+00
1.112086e+00
9.936874e-01
9.023472e-01
8.232840e-01
7.671918e-01
7.160919e-01
6.719183e-01
6.345230e-01
6.023816e-01
5.739409e-01
5.482394e-01
5.248134e-01
5.034102e-01
4.838663e-01
4.664407e-01
4.502862e-01
4.352709e-01
4.212749e-01
4.081931e-01
3.959346e-01
3.844208e-01
3.735830e-01
3.633610e-01
3.537015e-01
3.445572e-01
3.358861e-01
3.276507e-01
3.198174e-01
3.123560e-01
3.052393e-01
2.984428e-01
2.919443e-01
2.859754e-01
2.803115e-01
2.748747e-01
2.696506e-01
2.646260e-01
2.597890e-01
2.551284e-01
2.506341e-01
2.462965e-01
2.421071e-01
2.380577e-01
2.341410e-01
2.303499e-01
2.266781e-01
2.231196e-01
2.196688e-01
2.163204e-01
2.130696e-01
2.099118e-01
2.068428e-01
2.038585e-01
2.009553e-01
1.981295e-01
1.953778e-01
1.926971e-01
1.900844e-01
1.875370e-01
1.850523e-01
1.826276e-01
1.802608e-01
1.779495e-01
1.756917e-01
1.734854e-01
1.713286e-01
1.692196e-01
1.671566e-01
1.651380e-01
1.631624e-01
1.612282e-01
1.593339e-01
1.574784e-01
1.556603e-01
1.538784e-01
1.521315e-01
1.504185e-01
1.487384e-01
1.470902e-01
1.454729e-01
1.439070e-01
1.423875e-01
1.408953e-01
1.394296e-01
1.379896e-01
1.365746e-01
1.351839e-01
1.338168e-01
1.324728e-01
1.311511e-01
1.298512e-01
1.285725e-01
1.273144e-01
1.260765e-01
1.248582e-01
1.236590e-01
1.224784e-01
1.213161e-01
1.201715e-01
1.190442e-01
1.179339e-01
1.168400e-01
1.157624e-01
1.147005e-01
1.136540e-01
1.126225e-01
1.116058e-01
1.106035e-01
1.096154e-01
1.086410e-01
1.076801e-01
1.067425e-01
1.058347e-01
1.049390e-01
1.040550e-01
1.031825e-01
1.023214e-01
1.014713e-01
1.006321e-01
9.980360e-02
9.898550e-02
9.817765e-02
9.737985e-02
9.659192e-02
9.581367e-02
9.504493e-02
9.428552e-02
9.353527e-02
9.279402e-02
9.206161e-02
9.133788e-02
9.062268e-02
8.991586e-02
8.921729e-02
8.852681e-02
8.784429e-02
8.716960e-02
8.650260e-02
8.584317e-02
8.519119e-02
8.454653e-02
8.390907e-02
8.327992e-02
8.267447e-02
8.207547e-02
8.148284e-02
8.089646e-02
8.031624e-02
7.974209e-02
7.917393e-02
7.861165e-02
7.805518e-02
7.750443e-02
7.695931e-02
7.641974e-02
7.588565e-02
7.535694e-02
7.483355e-02
7.431541e-02
7.380243e-02
7.329454e-02
7.279167e-02
7.229376e-02
7.180073e-02
7.131252e-02
7.082907e-02
7.035030e-02
6.987615e-02
6.940656e-02
6.894148e-02
6.848083e-02
6.802457e-02
6.757263e-02
6.712496e-02
6.668151e-02
6.624221e-02
6.580701e-02
6.537586e-02
6.494871e-02
6.452551e-02
6.410621e-02
6.369076e-02
6.327911e-02
6.287121e-02
6.246701e-02
6.206648e-02
6.166956e-02
6.127621e-02
6.088639e-02
6.050005e-02
6.011715e-02
5.973766e-02
5.936152e-02
5.898870e-02
5.861915e-02
5.825285e-02
5.788975e-02
5.752981e-02
5.717300e-02
5.681928e-02
5.646861e-02
5.612095e-02
5.577629e-02
5.543456e-02
5.509576e-02
5.475983e-02
5.442675e-02
5.409649e-02
5.376901e-02
5.344428e-02
5.312228e-02
5.280296e-02
5.248630e-02
5.217228e-02
5.186085e-02
5.155200e-02
5.124569e-02
5.094190e-02
5.064059e-02
5.034175e-02
5.004534e-02
4.975133e-02
4.945971e-02
4.917044e-02
4.888351e-02
4.859888e-02
4.831653e-02
4.803643e-02
4.775857e-02
4.748292e-02
4.720945e-02
4.693814e-02
4.666897e-02
4.640192e-02
4.613697e-02
4.587408e-02
4.561325e-02
4.535445e-02
4.509765e-02
4.484285e-02
4.459001e-02
4.433912e-02
4.409015e-02
4.384310e-02
4.359793e-02
4.335463e-02
4.311318e-02
4.287357e-02
4.263576e-02
4.239976e-02
4.216553e-02
4.193305e-02
4.170233e-02
4.147332e-02
4.124602e-02
4.102042e-02
4.079648e-02
4.057421e-02
4.035357e-02
4.013456e-02
3.991716e-02
3.970136e-02
3.948713e-02
3.927446e-02
3.906334e-02
3.885376e-02
3.864569e-02
3.843913e-02
3.823405e-02
3.803045e-02
3.782832e-02
3.762763e-02
3.742837e-02
3.723053e-02
3.703410e-02
3.683906e-02
3.664540e-02
3.645311e-02
3.626218e-02
3.607258e-02
3.588432e-02
3.569737e-02
3.551173e-02
3.532738e-02
3.514431e-02
3.496251e-02
3.478197e-02
3.460268e-02
3.442461e-02
3.424778e-02
3.407215e-02
3.389773e-02
3.372450e-02
3.355245e-02
3.338156e-02
3.321184e-02
3.304326e-02
3.287582e-02
3.270951e-02
3.254432e-02
3.238024e-02
3.221725e-02
3.205536e-02
3.189454e-02
3.173479e-02
3.157610e-02
3.141847e-02
3.126187e-02
3.110631e-02
3.095177e-02
3.079824e-02
3.064572e-02
3.049420e-02
3.034367e-02
3.019412e-02
3.004554e-02
2.989792e-02
2.975126e-02
2.960554e-02
2.946076e-02
2.931692e-02
2.917400e-02
2.903199e-02
2.889089e-02
2.875069e-02
2.861138e-02
2.847296e-02
2.833541e-02
2.819874e-02
2.806292e-02
2.792797e-02
2.779386e-02
2.766059e-02
2.752816e-02
2.739656e-02
2.726577e-02
2.713581e-02
2.700664e-02
2.687828e-02
2.675072e-02
2.662394e-02
2.649794e-02
2.637272e-02
2.624826e-02
2.612457e-02
2.600164e-02
2.587946e-02
2.575802e-02
2.563732e-02
2.551735e-02
2.539810e-02
2.527958e-02
2.516178e-02
2.504468e-02
2.492829e-02
2.481259e-02
2.469759e-02
2.458327e-02
2.446964e-02
2.435669e-02
2.424440e-02
2.413278e-02
2.402182e-02
2.391152e-02
2.380187e-02
2.369286e-02
2.358449e-02
2.347676e-02
2.336966e-02
2.326319e-02
2.315733e-02
2.305209e-02
2.294747e-02
2.284345e-02
2.274003e-02
2.263721e-02
2.253499e-02
2.243335e-02
2.233230e-02
2.223182e-02
2.213192e-02
2.203260e-02
2.193384e-02
2.183564e-02
2.173800e-02
2.164091e-02
2.154438e-02
2.144839e-02
2.135294e-02
2.125803e-02
2.116365e-02
2.106980e-02
2.097648e-02
2.088369e-02
2.079141e-02
2.069964e-02
2.060839e-02
2.051764e-02
2.042739e-02
2.033765e-02
2.024840e-02
2.015964e-02
2.007138e-02
1.998360e-02
1.989630e-02
1.980947e-02
1.972313e-02
1.963725e-02
1.955185e-02
1.946690e-02
1.938242e-02
1.929840e-02
1.921483e-02
1.913172e-02
1.904905e-02
1.896683e-02
1.888505e-02
1.880371e-02
1.872281e-02
1.864234e-02
1.856230e-02
1.848268e-02
1.840349e-02
1.832472e-02
1.824637e-02
1.816844e-02
1.809091e-02
1.801380e-02
1.793709e-02
1.786079e-02
1.778634e-02
1.771435e-02
1.764272e-02
1.757145e-02
1.750055e-02
1.743000e-02
1.735980e-02
1.728996e-02
1.722046e-02
1.715132e-02
1.708252e-02
1.701406e-02
1.694595e-02
1.687817e-02
1.681073e-02
1.674363e-02
1.667685e-02
1.661041e-02
1.654430e-02
1.647851e-02
1.641304e-02
1.634790e-02
1.628307e-02
1.621857e-02
1.615438e-02
1.609050e-02
1.602693e-02
1.596368e-02
1.590073e-02
1.583808e-02
1.577575e-02
1.571371e-02
1.565197e-02
1.559053e-02
1.552939e-02
1.546854e-02
1.540798e-02
1.534772e-02
1.528774e-02
1.522805e-02
1.516865e-02
1.510953e-02
1.505069e-02
1.499213e-02
1.493385e-02
1.487584e-02
1.481811e-02
1.476066e-02
1.470347e-02
1.464656e-02
1.458991e-02
1.453353e-02
1.447741e-02
1.442156e-02
1.436597e-02
1.431064e-02
1.425557e-02
1.420076e-02
1.414620e-02
1.409189e-02
1.403784e-02
1.398404e-02
1.393049e-02
1.387718e-02
1.382412e-02
1.377131e-02
1.371874e-02
1.366641e-02
1.361433e-02
1.356248e-02
1.351087e-02
1.345950e-02
1.340836e-02
1.335746e-02
1.330678e-02
1.325634e-02
1.320613e-02
1.315615e-02
1.310639e-02
1.305686e-02
1.300755e-02
1.295847e-02
1.290961e-02
1.286097e-02
1.281254e-02
1.276434e-02
1.271635e-02
1.266858e-02
1.262102e-02
1.257367e-02
1.252654e-02
1.247962e-02
1.243290e-02
1.238640e-02
1.234010e-02
1.229400e-02
1.224811e-02
1.220243e-02
1.215695e-02
1.211166e-02
1.206658e-02
1.202170e-02
1.197701e-02
1.193253e-02
1.188823e-02
1.184413e-02
1.180023e-02
1.175652e-02
1.171300e-02
1.166966e-02
1.162652e-02
1.158357e-02
1.154080e-02
1.149822e-02
1.145583e-02
1.141361e-02
1.137158e-02
1.132974e-02
1.128807e-02
1.124659e-02
1.120528e-02
1.116415e-02
1.112320e-02
1.108242e-02
1.104182e-02
1.100140e-02
1.096115e-02
1.092106e-02
1.088116e-02
1.084142e-02
1.080185e-02
1.076245e-02
1.072322e-02
1.068415e-02
1.064525e-02
1.060652e-02
1.056795e-02
1.052954e-02
1.049130e-02
1.045321e-02
1.041529e-02
1.037753e-02
1.033993e-02
1.030248e-02
1.026520e-02
1.022807e-02
1.019109e-02
1.015427e-02
1.011761e-02
1.008110e-02
1.004474e-02
1.000853e-02
9.972472e-03
9.936566e-03
9.900809e-03
9.865201e-03
9.829740e-03
9.794427e-03
9.759260e-03
9.724239e-03
9.689363e-03
9.654631e-03
9.620042e-03
9.585596e-03
9.551291e-03
9.517129e-03
9.483106e-03
9.449223e-03
9.415480e-03
9.381875e-03
9.348407e-03
9.315077e-03
9.281882e-03
9.248824e-03
9.215900e-03
9.183111e-03
9.150455e-03
9.117932e-03
9.085541e-03
9.053282e-03
9.021154e-03
8.989156e-03
8.957288e-03
8.925548e-03
8.893937e-03
8.862454e-03
8.831098e-03
8.799868e-03
8.768765e-03
8.737786e-03
8.706932e-03
8.676202e-03
8.645595e-03
8.615112e-03
8.584750e-03
8.554510e-03
8.524391e-03
8.494392e-03
8.464513e-03
8.434753e-03
8.405112e-03
8.375590e-03
8.346184e-03
8.316896e-03
8.287724e-03
8.258667e-03
8.229726e-03
8.200900e-03
8.172188e-03
8.143590e-03
8.115104e-03
8.086731e-03
8.058470e-03
8.030321e-03
8.002283e-03
7.974354e-03
7.946536e-03
7.918827e-03
7.891227e-03
7.863736e-03
7.836352e-03
7.809075e-03
7.781906e-03
7.754842e-03
7.727885e-03
7.701032e-03
7.674285e-03
7.647642e-03
7.621102e-03
7.594666e-03
7.568333e-03
7.542103e-03
7.515974e-03
7.489946e-03
7.464020e-03
7.438194e-03
7.412468e-03
7.386842e-03
7.361315e-03
7.335886e-03
7.310556e-03
7.285324e-03
7.260188e-03
7.235150e-03
7.210208e-03
7.185362e-03
7.160612e-03
7.135957e-03
7.111396e-03
7.086930e-03
7.062557e-03
7.038278e-03
7.014092e-03
6.989998e-03
6.965996e-03
6.942087e-03
6.918268e-03
6.894540e-03
6.870903e-03
6.847356e-03
6.823899e-03
6.800531e-03
6.777251e-03
6.754060e-03
6.730957e-03
6.707942e-03
6.685014e-03
6.662174e-03
6.639419e-03
6.616751e-03
6.594168e-03
6.571671e-03
6.549259e-03
6.526931e-03
6.504688e-03
6.482528e-03
6.460452e-03
6.438459e-03
6.416549e-03
6.394721e-03
6.372975e-03
6.351311e-03
6.329729e-03
6.308227e-03
6.286806e-03
6.265465e-03
6.244204e-03
6.223022e-03
6.201920e-03
6.180896e-03
6.159951e-03
6.139085e-03
6.118296e-03
6.097584e-03
6.076950e-03
6.056393e-03
6.035912e-03
6.015507e-03
5.995179e-03
5.974925e-03
5.954747e-03
5.934644e-03
5.914615e-03
5.894661e-03
5.874780e-03
5.854973e-03
5.835240e-03
5.815579e-03
5.795991e-03
5.776476e-03
5.757032e-03
5.737660e-03
5.718360e-03
5.699131e-03
5.679972e-03
5.660884e-03
5.641867e-03
5.622919e-03
5.604041e-03
5.585232e-03
5.566493e-03
5.547822e-03
5.529219e-03
5.510685e-03
5.492219e-03
5.473820e-03
5.455489e-03
5.437224e-03
5.419027e-03
5.400896e-03
5.382831e-03
5.364832e-03
5.346899e-03
5.329032e-03
5.311229e-03
5.293491e-03
5.275818e-03
5.258209e-03
5.240664e-03
5.223183e-03
5.205766e-03
5.188412e-03
5.171121e-03
5.153892e-03
5.136726e-03
5.119623e-03
5.102581e-03
5.085601e-03
5.068682e-03
5.051825e-03
5.035029e-03
5.018293e-03
5.001618e-03
4.985003e-03
4.968448e-03
4.951953e-03
4.935517e-03
4.919140e-03
4.902823e-03
4.886564e-03
4.870364e-03
4.854222e-03
4.838138e-03
4.822113e-03
4.806144e-03
4.790233e-03
4.774379e-03
4.758582e-03
4.742842e-03
4.727158e-03
4.711530e-03
4.695959e-03
4.680443e-03
4.664982e-03
4.649577e-03
4.634227e-03
4.618932e-03
4.603692e-03
4.588506e-03
4.573374e-03
4.558296e-03
4.543272e-03
4.528302e-03
4.513384e-03
4.498521e-03
4.483710e-03
4.468951e-03
4.454246e-03
4.439592e-03
4.424991e-03
4.410441e-03
4.395944e-03
4.381497e-03
4.367103e-03
4.352759e-03
4.338466e-03
4.324223e-03
4.310032e-03
4.295890e-03
4.281799e-03
4.267757e-03
4.253765e-03
4.239823e-03
4.225930e-03
4.212086e-03
4.198291e-03
4.184545e-03
4.170847e-03
4.157198e-03
4.143596e-03
4.130043e-03
4.116538e-03
4.103080e-03
4.089669e-03
4.076306e-03
4.062990e-03
4.049721e-03
4.036498e-03
4.023322e-03
4.010192e-03
3.997109e-03
3.984071e-03
3.971079e-03
3.958133e-03
3.945232e-03
3.932377e-03
3.919566e-03
3.906801e-03
3.894080e-03
3.881404e-03
3.868772e-03
3.856184e-03
3.843641e-03
3.831141e-03
3.818685e-03
3.806273e-03
3.793904e-03
3.781578e-03
3.769296e-03
3.757056e-03
3.744859e-03
3.732704e-03
3.720592e-03
3.708522e-03
3.696494e-03
3.684509e-03
3.672565e-03
3.660662e-03
3.648801e-03
3.636981e-03
3.625203e-03
3.613465e-03
3.601768e-03
3.590112e-03
3.578496e-03
3.566921e-03
3.555386e-03
3.543891e-03
3.532436e-03
3.521021e-03
3.509645e-03
3.498309e-03
3.487012e-03
3.475754e-03
3.464535e-03
3.453355e-03
3.442214e-03
3.431111e-03
3.420047e-03
3.409021e-03
3.398033e-03
3.387083e-03
3.376171e-03
3.365297e-03
3.354461e-03
3.343661e-03
3.332899e-03
3.322175e-03
3.311487e-03
3.300836e-03
3.290222e-03
3.279644e-03
3.269103e-03
3.258599e-03
3.248130e-03
3.237698e-03
3.227301e-03
3.216940e-03
3.206615e-03
3.196326e-03
3.186072e-03
3.175853e-03
3.165669e-03
3.155520e-03
3.145406e-03
3.135327e-03
3.125283e-03
3.115273e-03
3.105297e-03
3.095356e-03
3.085449e-03
3.075575e-03
3.065736e-03
3.055930e-03
3.046158e-03
3.036420e-03
3.026714e-03
3.017043e-03
3.007404e-03
2.997798e-03
2.988225e-03
2.978685e-03
2.969177e-03
2.959702e-03
2.950260e-03
2.940849e-03
2.931471e-03
2.922125e-03
2.912811e-03
2.903528e-03
2.894278e-03
2.885058e-03
2.875871e-03
2.866715e-03
2.857589e-03
2.848496e-03
2.839433e-03
2.830401e-03
2.821399e-03
2.812429e-03
2.803489e-03
2.794579e-03
2.785700e-03
2.776851e-03
2.768032e-03
2.759243e-03
2.750484e-03
2.741755e-03
2.733056e-03
2.724386e-03
2.715745e-03
2.707134e-03
2.698553e-03
2.690000e-03
2.681476e-03
2.672982e-03
2.664516e-03
2.656079e-03
2.647670e-03
2.639290e-03
2.630939e-03
2.622616e-03
2.614321e-03
2.606054e-03
2.597815e-03
2.589604e-03
2.581421e-03
2.573266e-03
2.565138e-03
2.557038e-03
2.548965e-03
2.540920e-03
2.532901e-03
2.524910e-03
2.516946e-03
2.509009e-03
2.501099e-03
2.493215e-03
2.485358e-03
2.477528e-03
2.469724e-03
2.461946e-03
2.454195e-03
2.446470e-03
2.438771e-03
2.431098e-03
2.423451e-03
2.415829e-03
2.408233e-03
2.400663e-03
2.393119e-03
2.385600e-03
2.378106e-03
2.370638e-03
2.363194e-03
2.355776e-03
2.348383e-03
2.341014e-03
2.333671e-03
2.326352e-03
2.319058e-03
2.311788e-03
2.304543e-03
2.297322e-03
2.290125e-03
2.282953e-03
2.275805e-03
2.268680e-03
2.261580e-03
2.254504e-03
2.247451e-03
2.240422e-03
2.233417e-03
2.226435e-03
2.219477e-03
2.212542e-03
2.205630e-03
2.198741e-03
2.191876e-03
2.185033e-03
2.178214e-03
2.171417e-03
2.164643e-03
2.157892e-03
2.151164e-03
2.144458e-03
2.137774e-03
2.131113e-03
2.124474e-03
2.117858e-03
2.111263e-03
2.104691e-03
2.098141e-03
2.091612e-03
2.085106e-03
2.078621e-03
2.072158e-03
2.065716e-03
2.059296e-03
2.052898e-03
2.046521e-03
2.040165e-03
2.033830e-03
2.027517e-03
2.021225e-03
2.014953e-03
2.008703e-03
2.002474e-03
1.996265e-03
1.990077e-03
1.983910e-03
1.977763e-03
1.971637e-03
1.965531e-03
1.959445e-03
1.953380e-03
1.947335e-03
1.941310e-03
1.935306e-03
1.929321e-03
1.923356e-03
1.917411e-03
1.911486e-03
1.905581e-03
1.899695e-03
1.893829e-03
1.887983e-03
1.882156e-03
1.876348e-03
1.870560e-03
1.864791e-03
1.859041e-03
1.853310e-03
1.847598e-03
1.841905e-03
1.836231e-03
1.830577e-03
1.824940e-03
1.819323e-03
1.813724e-03
1.808144e-03
1.802582e-03
1.797039e-03
1.791514e-03
1.786008e-03
1.780520e-03
1.775050e-03
1.769598e-03
1.764164e-03
1.758749e-03
1.753351e-03
1.747971e-03
1.742609e-03
1.737265e-03
1.731939e-03
1.726630e-03
1.721339e-03
1.716065e-03
1.710809e-03
1.705570e-03
1.700349e-03
1.695144e-03
1.689958e-03
1.684788e-03
1.679635e-03
1.674500e-03
1.669381e-03
1.664279e-03
1.659195e-03
1.654127e-03
1.649076e-03
1.644041e-03
1.639023e-03
1.634022e-03
1.629037e-03
1.624069e-03
1.619117e-03
1.614182e-03
1.609263e-03
1.604360e-03
1.599473e-03
1.594603e-03
1.589749e-03
1.584910e-03
1.580088e-03
1.575281e-03
1.570491e-03
1.565716e-03
1.560957e-03
1.556213e-03
1.551486e-03
1.546773e-03
1.542077e-03
1.537396e-03
1.532730e-03
1.528080e-03
1.523445e-03
1.518825e-03
1.514221e-03
1.509631e-03
1.505057e-03
1.500498e-03
1.495954e-03
1.491425e-03
1.486911e-03
1.482411e-03
1.477927e-03
1.473457e-03
1.469002e-03
1.464562e-03
1.460136e-03
1.455725e-03
1.451328e-03
1.446946e-03
1.442578e-03
1.438224e-03
1.433885e-03
1.429560e-03
1.425250e-03
1.420953e-03
1.416671e-03
1.412402e-03
1.408148e-03
1.403908e-03
1.399681e-03
1.395469e-03
1.391270e-03
1.387085e-03
1.382914e-03
1.378757e-03
1.374613e-03
1.370483e-03
1.366366e-03
1.362263e-03
1.358173e-03
1.354097e-03
1.350034e-03
1.345984e-03
1.341948e-03
1.337925e-03
1.333915e-03
1.329918e-03
1.325934e-03
1.321964e-03
1.318006e-03
1.314061e-03
1.310130e-03
1.306211e-03
1.302305e-03
1.298412e-03
1.294531e-03
1.290663e-03
1.286808e-03
1.282966e-03
1.279136e-03
1.275318e-03
1.271513e-03
1.267721e-03
1.263941e-03
1.260173e-03
1.256418e-03
1.252675e-03
1.248944e-03
1.245225e-03
1.241519e-03
1.237824e-03
1.234142e-03
1.230471e-03
1.226813e-03
1.223167e-03
1.219532e-03
1.215910e-03
1.212299e-03
1.208700e-03
1.205113e-03
1.201537e-03
1.197973e-03
1.194421e-03
1.190880e-03
1.187351e-03
1.183834e-03
1.180328e-03
1.176833e-03
1.173350e-03
1.169878e-03
1.166417e-03
1.162968e-03
1.159530e-03
1.156103e-03
1.152687e-03
1.149282e-03
1.145889e-03
1.142506e-03
1.139135e-03
1.135775e-03
1.132425e-03
1.129086e-03
1.125759e-03
1.122442e-03
1.119136e-03
1.115840e-03
1.112556e-03
1.109282e-03
1.106018e-03
1.102766e-03
1.099524e-03
1.096292e-03
1.093071e-03
1.089860e-03
1.086660e-03
1.083470e-03
1.080291e-03
1.077122e-03
1.073963e-03
1.070814e-03
1.067676e-03
1.064548e-03
1.061430e-03
1.058322e-03
1.055225e-03
1.052137e-03
1.049059e-03
1.045992e-03
1.042934e-03
1.039886e-03
1.036848e-03
1.033820e-03
1.030802e-03
1.027793e-03
1.024795e-03
1.021806e-03
1.018826e-03
1.015857e-03
1.012897e-03
1.009946e-03
1.007005e-03
1.004074e-03
1.001152e-03
9.982399e-04
9.953370e-04
9.924435e-04
9.895593e-04
9.866844e-04
9.838189e-04
9.809626e-04
9.781156e-04
9.752778e-04
9.724492e-04
9.696297e-04
9.668194e-04
9.640181e-04
9.612259e-04
9.584427e-04
9.556685e-04
9.529033e-04
9.501470e-04
9.473996e-04
9.446611e-04
9.419315e-04
9.392107e-04
9.364986e-04
9.337953e-04
9.311008e-04
9.284149e-04
9.257377e-04
9.230692e-04
9.204093e-04
9.177579e-04
9.151151e-04
9.124809e-04
9.098551e-04
9.072378e-04
9.046290e-04
9.020285e-04
8.994365e-04
8.968527e-04
8.942774e-04
8.917103e-04
8.891515e-04
8.866009e-04
8.840586e-04
8.815245e-04
8.789985e-04
8.764806e-04
8.739709e-04
8.714692e-04
8.689756e-04
8.664901e-04
8.640125e-04
8.615429e-04
8.590812e-04
8.566275e-04
8.541816e-04
8.517437e-04
8.493135e-04
8.468912e-04
8.444767e-04
8.420699e-04
8.396709e-04
8.372795e-04
8.348959e-04
8.325199e-04
8.301516e-04
8.277908e-04
8.254377e-04
8.230921e-04
8.207540e-04
8.184235e-04
8.161004e-04
8.137848e-04
8.114766e-04
8.091758e-04
8.068824e-04
8.045964e-04
8.023177e-04
8.000463e-04
7.977822e-04
7.955253e-04
7.932757e-04
7.910333e-04
7.887981e-04
7.865701e-04
7.843491e-04
7.821354e-04
7.799287e-04
7.777290e-04
7.755364e-04
7.733509e-04
7.711723e-04
7.690007e-04
7.668361e-04
7.646784e-04
7.625275e-04
7.603836e-04
7.582466e-04
7.561163e-04
7.539929e-04
7.518763e-04
7.497664e-04
7.476633e-04
7.455669e-04
7.434773e-04
7.413943e-04
7.393179e-04
7.372482e-04
7.351851e-04
7.331286e-04
7.310786e-04
7.290352e-04
7.269984e-04
7.249680e-04
7.229441e-04
7.209267e-04
7.189157e-04
7.169111e-04
7.149129e-04
7.129211e-04
7.109357e-04
7.089566e-04
7.069838e-04
7.050172e-04
7.030570e-04
7.011030e-04
6.991552e-04
6.972137e-04
6.952783e-04
6.933491e-04
6.914260e-04
6.895090e-04
6.875982e-04
6.856934e-04
6.837947e-04
6.819021e-04
6.800155e-04
6.781348e-04
6.762602e-04
6.743915e-04
6.725288e-04
6.706720e-04
6.688211e-04
6.669760e-04
6.651369e-04
6.633036e-04
6.614761e-04
6.596544e-04
6.578385e-04
6.560284e-04
6.542240e-04
6.524254e-04
6.506325e-04
6.488452e-04
6.470637e-04
6.452878e-04
6.435175e-04
6.417528e-04
6.399938e-04
6.382403e-04
6.364924e-04
6.347500e-04
6.330131e-04
6.312818e-04
6.295559e-04
6.278355e-04
6.261206e-04
6.244111e-04
6.227070e-04
6.210083e-04
6.193150e-04
6.176271e-04
6.159445e-04
6.142672e-04
6.125952e-04
6.109286e-04
6.092671e-04
6.076110e-04
6.059601e-04
6.043144e-04
6.026739e-04
6.010386e-04
5.994085e-04
5.977835e-04
5.961637e-04
5.945490e-04
5.929393e-04
5.913348e-04
5.897353e-04
5.881409e-04
5.865515e-04
5.849672e-04
5.833878e-04
5.818134e-04
5.802440e-04
5.786796e-04
5.771200e-04
5.755654e-04
5.740157e-04
5.724709e-04
5.709310e-04
5.693959e-04
5.678656e-04
5.663402e-04
5.648196e-04
5.633037e-04
5.617927e-04
5.602863e-04
5.587848e-04
5.572879e-04
5.557958e-04
5.543084e-04
5.528257e-04
5.513476e-04
5.498741e-04
5.484053e-04
5.469412e-04
5.454816e-04
5.440266e-04
5.425762e-04
5.411303e-04
5.396890e-04
5.382522e-04
5.368199e-04
5.353922e-04
5.339689e-04
5.325501e-04
5.311357e-04
5.297257e-04
5.283202e-04
5.269191e-04
5.255224e-04
5.241301e-04
5.227422e-04
5.213586e-04
5.199793e-04
5.186043e-04
5.172337e-04
5.158674e-04
5.145053e-04
5.131475e-04
5.117940e-04
5.104447e-04
5.090996e-04
5.077587e-04
5.064221e-04
5.050896e-04
5.037612e-04
5.024371e-04
5.011171e-04
4.998012e-04
4.984894e-04
4.971817e-04
4.958781e-04
4.945786e-04
4.932831e-04
4.919917e-04
4.907043e-04
4.894209e-04
4.881416e-04
4.868662e-04
4.855948e-04
4.843274e-04
4.830640e-04
4.818045e-04
4.805489e-04
4.792972e-04
4.780494e-04
4.768055e-04
4.755655e-04
4.743294e-04
4.730971e-04
4.718686e-04
4.706440e-04
4.694232e-04
4.682062e-04
4.669930e-04
4.657835e-04
4.645778e-04
4.633759e-04
4.621777e-04
4.609832e-04
4.597925e-04
4.586054e-04
4.574220e-04
4.562423e-04
4.550663e-04
4.538940e-04
4.527252e-04
4.515601e-04
4.503987e-04
4.492408e-04
4.480865e-04
4.469358e-04
4.457887e-04
4.446451e-04
4.435051e-04
4.423686e-04
4.412356e-04
4.401062e-04
4.389802e-04
4.378577e-04
4.367387e-04
4.356232e-04
4.345112e-04
4.334025e-04
4.322973e-04
4.311956e-04
4.300972e-04
4.290022e-04
4.279106e-04
4.268224e-04
4.257376e-04
4.246561e-04
4.235780e-04
4.225032e-04
4.214317e-04
4.203635e-04
4.192986e-04
4.182370e-04
4.171787e-04
4.161237e-04
4.150719e-04
4.140233e-04
4.129780e-04
4.119359e-04
4.108970e-04
4.098614e-04
4.088289e-04
4.077996e-04
4.067734e-04
4.057505e-04
4.047307e-04
4.037140e-04
4.027004e-04
4.016900e-04
4.006827e-04
3.996785e-04
3.986773e-04
3.976793e-04
3.966843e-04
3.956924e-04
3.947035e-04
3.937177e-04
3.927349e-04
3.917551e-04
3.907783e-04
3.898045e-04
3.888337e-04
3.878659e-04
3.869011e-04
3.859392e-04
3.849803e-04
3.840243e-04
3.830712e-04
3.821211e-04
3.811738e-04
3.802295e-04
3.792881e-04
3.783495e-04
3.774139e-04
3.764811e-04
3.755511e-04
3.746240e-04
3.736997e-04
3.727783e-04
3.718596e-04
3.709438e-04
3.700308e-04
3.691206e-04
3.682131e-04
3.673085e-04
3.664065e-04
3.655074e-04
3.646110e-04
3.637173e-04
3.628263e-04
3.619381e-04
3.610526e-04
3.601698e-04
3.592896e-04
3.584122e-04
3.575374e-04
3.566653e-04
3.557959e-04
3.549291e-04
3.540649e-04
3.532034e-04
3.523444e-04
3.514881e-04
3.506344e-04
3.497834e-04
3.489348e-04
3.480889e-04
3.472456e-04
3.464048e-04
3.455665e-04
3.447308e-04
3.438977e-04
3.430670e-04
3.422389e-04
3.414133e-04
3.405902e-04
3.397696e-04
3.389515e-04
3.381359e-04
3.373228e-04
3.365121e-04
3.357038e-04
3.348980e-04
3.340947e-04
3.332938e-04
3.324953e-04
3.316992e-04
3.309056e-04
3.301143e-04
3.293254e-04
3.285389e-04
3.277548e-04
3.269731e-04
3.261937e-04
3.254167e-04
3.246420e-04
3.238697e-04
3.230997e-04
3.223320e-04
3.215666e-04
3.208035e-04
3.200428e-04
3.192843e-04
3.185281e-04
3.177742e-04
3.170226e-04
3.162732e-04
3.155261e-04
3.147812e-04
3.140386e-04
3.132982e-04
3.125601e-04
3.118241e-04
3.110904e-04
3.103589e-04
3.096295e-04
3.089024e-04
3.081775e-04
3.074547e-04
3.067341e-04
3.060156e-04
3.052993e-04
3.045852e-04
3.038732e-04
3.031633e-04
3.024556e-04
3.017500e-04
3.010465e-04
3.003451e-04
2.996458e-04
2.989486e-04
2.982535e-04
2.975604e-04
2.968695e-04
2.961806e-04
2.954937e-04
2.948089e-04
2.941262e-04
2.934455e-04
2.927668e-04
2.920902e-04
2.914156e-04
2.907430e-04
2.900724e-04
2.894038e-04
2.887372e-04
2.880725e-04
2.874099e-04
2.867492e-04
2.860905e-04
2.854338e-04
2.847790e-04
2.841262e-04
2.834753e-04
2.828263e-04
2.821793e-04
2.815342e-04
2.808910e-04
2.802497e-04
2.796104e-04
2.789729e-04
2.783373e-04
2.777036e-04
2.770718e-04
2.764419e-04
2.758138e-04
2.751876e-04
2.745632e-04
2.739407e-04
2.733201e-04
2.727013e-04
2.720843e-04
2.714691e-04
2.708558e-04
2.702442e-04
2.696345e-04
2.690266e-04
2.684205e-04
2.678161e-04
2.672136e-04
2.666128e-04
2.660138e-04
2.654166e-04
2.648211e-04
2.642274e-04
2.636355e-04
2.630453e-04
2.624568e-04
2.618701e-04
2.612851e-04
2.607018e-04
2.601202e-04
2.595403e-04
2.589622e-04
2.583857e-04
2.578110e-04
2.572379e-04
2.566665e-04
2.560968e-04
2.555288e-04
2.549624e-04
2.543977e-04
2.538347e-04
2.532733e-04
2.527135e-04
2.521554e-04
2.515989e-04
2.510441e-04
2.504909e-04
2.499393e-04
2.493893e-04
2.488409e-04
2.482942e-04
2.477490e-04
2.472054e-04
2.466634e-04
2.461230e-04
2.455842e-04
2.450469e-04
2.445113e-04
2.439771e-04
2.434446e-04
2.429136e-04
2.423841e-04
2.418562e-04
2.413298e-04
2.408049e-04
2.402816e-04
2.397598e-04
2.392396e-04
2.387208e-04
2.382035e-04
2.376878e-04
2.371735e-04
2.366608e-04
2.361495e-04
2.356397e-04
2.351314e-04
2.346246e-04
2.341192e-04
2.336153e-04
2.331129e-04
2.326119e-04
2.321124e-04
2.316143e-04
2.311177e-04
2.306225e-04
2.301287e-04
2.296363e-04
2.291454e-04
2.286559e-04
2.281678e-04
2.276812e-04
2.271959e-04
2.267120e-04
2.262296e-04
2.257485e-04
2.252688e-04
2.247905e-04
2.243135e-04
2.238380e-04
2.233638e-04
2.228910e-04
2.224195e-04
2.219494e-04
2.214807e-04
2.210133e-04
2.205472e-04
2.200825e-04
2.196191e-04
2.191570e-04
2.186963e-04
2.182369e-04
2.177788e-04
2.173220e-04
2.168665e-04
2.164124e-04
2.159595e-04
2.155079e-04
2.150577e-04
2.146087e-04
2.141610e-04
2.137145e-04
2.132694e-04
2.128255e-04
2.123829e-04
2.119416e-04
2.115015e-04
2.110627e-04
2.106251e-04
2.101888e-04
2.097537e-04
2.093198e-04
2.088872e-04
2.084558e-04
2.080257e-04
2.075968e-04
2.071691e-04
2.067426e-04
2.063173e-04
2.058932e-04
2.054704e-04
2.050487e-04
2.046282e-04
2.042090e-04
2.037909e-04
2.033740e-04
2.029583e-04
2.025437e-04
2.021303e-04
2.017182e-04
2.013071e-04
2.008973e-04
2.004885e-04
2.000810e-04
1.996746e-04
1.992693e-04
1.988652e-04
1.984623e-04
1.980604e-04
1.976597e-04
1.972602e-04
1.968617e-04
1.964644e-04
1.960682e-04
1.956731e-04
1.952791e-04
1.948863e-04
1.944945e-04
1.941038e-04
1.937143e-04
1.933258e-04
1.929384e-04
1.925521e-04
1.921669e-04
1.917828e-04
1.913998e-04
1.910178e-04
1.906369e-04
1.902570e-04
1.898783e-04
1.895005e-04
1.891239e-04
1.887483e-04
1.883737e-04
1.880002e-04
1.876277e-04
1.872563e-04
1.868859e-04
1.865166e-04
1.861482e-04
1.857809e-04
1.854146e-04
1.850494e-04
1.846851e-04
1.843219e-04
1.839597e-04
1.835985e-04
1.832383e-04
1.828791e-04
1.825209e-04
1.821636e-04
1.818074e-04
1.814522e-04
1.810979e-04
1.807447e-04
1.803924e-04
1.800411e-04
1.796907e-04
1.793413e-04
1.789929e-04
1.786455e-04
1.782990e-04
1.779535e-04
1.776089e-04
1.772653e-04
1.769226e-04
1.765809e-04
1.762401e-04
1.759002e-04
1.755613e-04
1.752234e-04
1.748863e-04
1.745502e-04
1.742150e-04
1.738807e-04
1.735474e-04
1.732149e-04
1.728834e-04
1.725528e-04
1.722231e-04
1.718942e-04
1.715663e-04
1.712393e-04
1.709132e-04
1.705880e-04
1.702637e-04
1.699402e-04
1.696177e-04
1.692960e-04
1.689752e-04
1.686552e-04
1.683362e-04
1.680180e-04
1.677007e-04
1.673843e-04
1.670687e-04
1.667539e-04
1.664401e-04
1.661270e-04
1.658149e-04
1.655036e-04
1.651931e-04
1.648835e-04
1.645747e-04
1.642667e-04
1.639596e-04
1.636533e-04
1.633479e-04
1.630432e-04
1.627394e-04
1.624365e-04
1.621343e-04
1.618330e-04
1.615324e-04
1.612327e-04
1.609338e-04
1.606357e-04
1.603384e-04
1.600419e-04
1.597462e-04
1.594513e-04
1.591572e-04
1.588639e-04
1.585714e-04
1.582796e-04
1.579887e-04
1.576985e-04
1.574091e-04
1.571205e-04
1.568327e-04
1.565456e-04
1.562593e-04
1.559738e-04
1.556890e-04
1.554050e-04
1.551217e-04
1.548392e-04
1.545575e-04
1.542765e-04
1.539963e-04
1.537168e-04
1.534381e-04
1.531601e-04
1.528828e-04
1.526063e-04
1.523305e-04
1.520555e-04
1.517812e-04
1.515076e-04
1.512347e-04
1.509626e-04
1.506912e-04
1.504205e-04
1.501505e-04
1.498813e-04
1.496127e-04
1.493449e-04
1.490778e-04
1.488114e-04
1.485457e-04
1.482806e-04
1.480163e-04
1.477527e-04
1.474898e-04
1.472276e-04
1.469661e-04
1.467052e-04
1.464451e-04
1.461856e-04
1.459268e-04
1.456687e-04
1.454113e-04
1.451545e-04
1.448985e-04
1.446431e-04
1.443883e-04
1.441343e-04
1.438809e-04
1.436282e-04
1.433761e-04
1.431247e-04
1.428739e-04
1.426238e-04
1.423744e-04
1.421256e-04
1.418774e-04
1.416299e-04
1.413831e-04
1.411369e-04
1.408913e-04
1.406464e-04
1.404021e-04
1.401585e-04
1.399154e-04
1.396731e-04
1.394313e-04
1.391902e-04
1.389497e-04
1.387098e-04
1.384705e-04
1.382319e-04
1.379939e-04
1.377565e-04
1.375197e-04
1.372835e-04
1.370479e-04
1.368130e-04
1.365786e-04
1.363449e-04
1.361117e-04
1.358792e-04
1.356472e-04
1.354159e-04
1.351851e-04
1.349550e-04
1.347254e-04
1.344964e-04
1.342680e-04
1.340402e-04
1.338130e-04
1.335864e-04
1.333603e-04
1.331349e-04
1.329100e-04
1.326856e-04
1.324619e-04
1.322387e-04
1.320161e-04
1.317941e-04
1.315726e-04
1.313517e-04
1.311313e-04
1.309115e-04
1.306923e-04
1.304737e-04
1.302555e-04
1.300380e-04
1.298210e-04
1.296045e-04
1.293886e-04
1.291733e-04
1.289585e-04
1.287442e-04
1.285305e-04
1.283173e-04
1.281047e-04
1.278925e-04
1.276810e-04
1.274699e-04
1.272594e-04
1.270495e-04
1.268400e-04
1.266311e-04
1.264227e-04
1.262149e-04
1.260075e-04
1.258007e-04
1.255944e-04
1.253886e-04
1.251833e-04
1.249786e-04
1.247744e-04
1.245706e-04
1.243674e-04
1.241647e-04
1.239625e-04
1.237608e-04
1.235596e-04
1.233589e-04
1.231587e-04
1.229590e-04
1.227599e-04
1.225635e-04
1.223679e-04
1.221728e-04
1.219782e-04
1.217841e-04
1.215904e-04
1.213972e-04
1.212045e-04
1.210123e-04
1.208205e-04
1.206292e-04
1.204384e-04
1.202481e-04
1.200582e-04
1.198688e-04
1.196798e-04
1.194913e-04
1.193033e-04
1.191157e-04
1.189286e-04
1.187419e-04
1.185557e-04
1.183700e-04
1.181847e-04
1.179998e-04
1.178154e-04
1.176315e-04
1.174480e-04
1.172649e-04
1.170823e-04
1.169001e-04
1.167184e-04
1.165371e-04
1.163563e-04
1.161759e-04
1.159959e-04
1.158163e-04
1.156372e-04
1.154586e-04
1.152803e-04
1.151025e-04
1.149251e-04
1.147482e-04
1.145716e-04
1.143955e-04
1.142198e-04
1.140446e-04
1.138697e-04
1.136953e-04
1.135213e-04
1.133477e-04
1.131745e-04
1.130018e-04
1.128294e-04
1.126575e-04
1.124859e-04
1.123148e-04
1.121441e-04
1.119738e-04
1.118039e-04
1.116344e-04
1.114653e-04
1.112967e-04
1.111284e-04
1.109605e-04
1.107930e-04
1.106259e-04
1.104592e-04
1.102929e-04
1.101270e-04
1.099618e-04
1.097991e-04
1.096367e-04
1.094747e-04
1.093131e-04
1.091518e-04
1.089910e-04
1.088305e-04
1.086704e-04
1.085106e-04
1.083512e-04
1.081922e-04
1.080336e-04
1.078753e-04
1.077174e-04
1.075599e-04
1.074027e-04
1.072459e-04
1.070895e-04
1.069334e-04
1.067777e-04
1.066223e-04
1.064673e-04
1.063127e-04
1.061584e-04
1.060044e-04
1.058509e-04
1.056976e-04
1.055447e-04
1.053922e-04
1.052400e-04
1.050882e-04
1.049367e-04
1.047856e-04
1.046348e-04
1.044844e-04
1.043343e-04
1.041845e-04
1.040351e-04
1.038860e-04
1.037373e-04
1.035889e-04
1.034408e-04
1.032931e-04
1.031457e-04
1.029986e-04
1.028519e-04
1.027055e-04
1.025594e-04
1.024137e-04
1.022683e-04
1.021232e-04
1.019785e-04
1.018341e-04
1.016900e-04
1.015462e-04
1.014028e-04
1.012597e-04
1.011169e-04
1.009744e-04
1.008322e-04
1.006904e-04
1.005489e-04
1.004077e-04
1.002668e-04
1.001268e-04
9.998869e-05
