1.245012e-02
9.659207e-03
1.102572e-02
1.589892e-02
1.837943e-02
1.933265e-02
1.931544e-02
1.869466e-02
1.771542e-02
1.654227e-02
1.528530e-02
1.401721e-02
1.278476e-02
1.161670e-02
1.052929e-02
9.530224e-03
8.863946e-03
8.684512e-03
8.448507e-03
8.170743e-03
7.863519e-03
7.536943e-03
7.199242e-03
6.857032e-03
6.515570e-03
6.178963e-03
5.850362e-03
5.532121e-03
5.225941e-03
4.932986e-03
4.653988e-03
4.389328e-03
4.335209e-03
4.270137e-03
4.195349e-03
4.112504e-03
4.023087e-03
3.928424e-03
3.829695e-03
3.727944e-03
3.624091e-03
3.518944e-03
3.413210e-03
3.307501e-03
3.202346e-03
3.098200e-03
2.995447e-03
2.894413e-03
2.795367e-03
2.698532e-03
2.604086e-03
2.512169e-03
2.422889e-03
2.336323e-03
2.252522e-03
2.171516e-03
2.146160e-03
2.126352e-03
2.104418e-03
2.080587e-03
2.055074e-03
2.028078e-03
1.999787e-03
1.970374e-03
1.939999e-03
1.908813e-03
1.876954e-03
1.844551e-03
1.811721e-03
1.778572e-03
1.745205e-03
1.711711e-03
1.678174e-03
1.644669e-03
1.611266e-03
1.578028e-03
1.545011e-03
1.512266e-03
1.479839e-03
1.447771e-03
1.416096e-03
1.384849e-03
1.354055e-03
1.323740e-03
1.293925e-03
1.264626e-03
1.235859e-03
1.207636e-03
1.179966e-03
1.152858e-03
1.126316e-03
1.100344e-03
1.074944e-03
1.050116e-03
1.025859e-03
1.020175e-03
1.014091e-03
1.007578e-03
1.000666e-03
9.933845e-04
9.857609e-04
9.778224e-04
9.695945e-04
9.611016e-04
9.523671e-04
9.434130e-04
9.342606e-04
9.249300e-04
9.154402e-04
9.058093e-04
8.960548e-04
8.861928e-04
8.762388e-04
8.662077e-04
8.561131e-04
8.459682e-04
8.357854e-04
8.255764e-04
8.153522e-04
8.051231e-04
7.948988e-04
7.846886e-04
7.745009e-04
7.643439e-04
7.542249e-04
7.441511e-04
7.341289e-04
7.241645e-04
7.142634e-04
7.044310e-04
6.946720e-04
6.849910e-04
6.753920e-04
6.658789e-04
6.564550e-04
6.471235e-04
6.378873e-04
6.287489e-04
6.197108e-04
6.107748e-04
6.019430e-04
5.932169e-04
5.845978e-04
5.776812e-04
5.715840e-04
5.654988e-04
5.594267e-04
5.533689e-04
5.473265e-04
5.413006e-04
5.352921e-04
5.293023e-04
5.233319e-04
5.173819e-04
5.114534e-04
5.055470e-04
4.996638e-04
4.938044e-04
4.907203e-04
4.895221e-04
4.882971e-04
4.870458e-04
4.857688e-04
4.844666e-04
4.831398e-04
4.817889e-04
4.804144e-04
4.790170e-04
4.775971e-04
4.761552e-04
4.746918e-04
4.732076e-04
4.717029e-04
4.701782e-04
4.686342e-04
4.670711e-04
4.654896e-04
4.638901e-04
4.622731e-04
4.606390e-04
4.589883e-04
4.573214e-04
4.556388e-04
4.539409e-04
4.522282e-04
4.505011e-04
4.487600e-04
4.470054e-04
4.452375e-04
4.434570e-04
4.416640e-04
4.398591e-04
4.380426e-04
4.362150e-04
4.343765e-04
4.325276e-04
4.306686e-04
4.287999e-04
4.269218e-04
4.250347e-04
4.231390e-04
4.212350e-04
4.193229e-04
4.174032e-04
4.154762e-04
4.135421e-04
4.116014e-04
4.096542e-04
4.077010e-04
4.057419e-04
4.037774e-04
4.018077e-04
3.998330e-04
3.978537e-04
3.958700e-04
3.938823e-04
3.918907e-04
3.898955e-04
3.878970e-04
3.858955e-04
3.838911e-04
3.818842e-04
3.798749e-04
3.778636e-04
3.758504e-04
3.738355e-04
3.718193e-04
3.698018e-04
3.677834e-04
3.657642e-04
3.637444e-04
3.617243e-04
3.597040e-04
3.576837e-04
3.556637e-04
3.536441e-04
3.516251e-04
3.496069e-04
3.475896e-04
3.455735e-04
3.435586e-04
3.415453e-04
3.395336e-04
3.375236e-04
3.355157e-04
3.335098e-04
3.315062e-04
3.295050e-04
3.275063e-04
3.255104e-04
3.235172e-04
3.215271e-04
3.195400e-04
3.175562e-04
3.155757e-04
3.135987e-04
3.116254e-04
3.096557e-04
3.076899e-04
3.057280e-04
3.037702e-04
3.018166e-04
2.998673e-04
2.979223e-04
2.959819e-04
2.940460e-04
2.921148e-04
2.901884e-04
2.882668e-04
2.863502e-04
2.844387e-04
2.825323e-04
2.806311e-04
2.787352e-04
2.768447e-04
2.749596e-04
2.730800e-04
2.712061e-04
2.693378e-04
2.674753e-04
2.656186e-04
2.637677e-04
2.619228e-04
2.600839e-04
2.582511e-04
2.571203e-04
2.567497e-04
2.563738e-04
2.559927e-04
2.556064e-04
2.552151e-04
2.548188e-04
2.544175e-04
2.540114e-04
2.536005e-04
2.531849e-04
2.527646e-04
2.523397e-04
2.519103e-04
2.514764e-04
2.510381e-04
2.505955e-04
2.501487e-04
2.496976e-04
2.492424e-04
2.487831e-04
2.483197e-04
2.478524e-04
2.473812e-04
2.469062e-04
2.464274e-04
2.459449e-04
2.454587e-04
2.449689e-04
2.444755e-04
2.439787e-04
2.434784e-04
2.429748e-04
2.424678e-04
2.419576e-04
2.414441e-04
2.409275e-04
2.404078e-04
2.398851e-04
2.393593e-04
2.388306e-04
2.382990e-04
2.377646e-04
2.372273e-04
2.366873e-04
2.361447e-04
2.355994e-04
2.350514e-04
2.345010e-04
2.339480e-04
2.333926e-04
2.328348e-04
2.322747e-04
2.317122e-04
2.311475e-04
2.305805e-04
2.300114e-04
2.294401e-04
2.288668e-04
2.282914e-04
2.277140e-04
2.271347e-04
2.265535e-04
2.259703e-04
2.253854e-04
2.247987e-04
2.242102e-04
2.236200e-04
2.230281e-04
2.224347e-04
2.218396e-04
2.212430e-04
2.206449e-04
2.200453e-04
2.194442e-04
2.188418e-04
2.182380e-04
2.176329e-04
2.170265e-04
2.164189e-04
2.158100e-04
2.151999e-04
2.145887e-04
2.139764e-04
2.133631e-04
2.127486e-04
2.121332e-04
2.115168e-04
2.108994e-04
2.102811e-04
2.096620e-04
2.090420e-04
2.084211e-04
2.077995e-04
2.071771e-04
2.065540e-04
2.059302e-04
2.053058e-04
2.046807e-04
2.040550e-04
2.034287e-04
2.028018e-04
2.021744e-04
2.015466e-04
2.009182e-04
2.002895e-04
1.996603e-04
1.990307e-04
1.984007e-04
1.977705e-04
1.971399e-04
1.965090e-04
1.958778e-04
1.952465e-04
1.946149e-04
1.939831e-04
1.933512e-04
1.927191e-04
1.920869e-04
1.914546e-04
1.908222e-04
1.901898e-04
1.895574e-04
1.889250e-04
1.882925e-04
1.876602e-04
1.870278e-04
1.863956e-04
1.857635e-04
1.851314e-04
1.844996e-04
1.838679e-04
1.832363e-04
1.826050e-04
1.819739e-04
1.813431e-04
1.807125e-04
1.800822e-04
1.794521e-04
1.788224e-04
1.781931e-04
1.775640e-04
1.769354e-04
1.763071e-04
1.756793e-04
1.750518e-04
1.744248e-04
1.737982e-04
1.731721e-04
1.725465e-04
1.719214e-04
1.712969e-04
1.706728e-04
1.700493e-04
1.694263e-04
1.688040e-04
1.681822e-04
1.675610e-04
1.669405e-04
1.663205e-04
1.657013e-04
1.650826e-04
1.644647e-04
1.638475e-04
1.632309e-04
1.626151e-04
1.620000e-04
1.613856e-04
1.607720e-04
1.601591e-04
1.595470e-04
1.589358e-04
1.583253e-04
1.577156e-04
1.571067e-04
1.564987e-04
1.558915e-04
1.552852e-04
1.546797e-04
1.540752e-04
1.534715e-04
1.528687e-04
1.522668e-04
1.516658e-04
1.510658e-04
1.504667e-04
1.498685e-04
1.492713e-04
1.486751e-04
1.480798e-04
1.474855e-04
1.468923e-04
1.463000e-04
1.457087e-04
1.451185e-04
1.445292e-04
1.439410e-04
1.433539e-04
1.427678e-04
1.421827e-04
1.415988e-04
1.410159e-04
1.404340e-04
1.398533e-04
1.392737e-04
1.386951e-04
1.381177e-04
1.375414e-04
1.369662e-04
1.363921e-04
1.358192e-04
1.352474e-04
1.346768e-04
1.341073e-04
1.335390e-04
1.329719e-04
1.324059e-04
1.318411e-04
1.312775e-04
1.307150e-04
1.301538e-04
1.295937e-04
1.290349e-04
1.284773e-04
1.279209e-04
1.273657e-04
1.268117e-04
1.262590e-04
1.257075e-04
1.251572e-04
1.246082e-04
1.240604e-04
1.235139e-04
1.229686e-04
1.224246e-04
1.218818e-04
1.213403e-04
1.208973e-04
1.207882e-04
1.206780e-04
1.205669e-04
1.204548e-04
1.203418e-04
1.202278e-04
1.201128e-04
1.199970e-04
1.198802e-04
1.197625e-04
1.196438e-04
1.195243e-04
1.194039e-04
1.192826e-04
1.191604e-04
1.190373e-04
1.189134e-04
1.187886e-04
1.186630e-04
1.185365e-04
1.184092e-04
1.182811e-04
1.181521e-04
1.180224e-04
1.178918e-04
1.177604e-04
1.176283e-04
1.174954e-04
1.173617e-04
1.172272e-04
1.170919e-04
1.169559e-04
1.168192e-04
1.166817e-04
1.165435e-04
1.164046e-04
1.162649e-04
1.161245e-04
1.159835e-04
1.158417e-04
1.156992e-04
1.155561e-04
1.154122e-04
1.152677e-04
1.151226e-04
1.149767e-04
1.148303e-04
1.146831e-04
1.145354e-04
1.143870e-04
1.142379e-04
1.140883e-04
1.139380e-04
1.137872e-04
1.136357e-04
1.134836e-04
1.133310e-04
1.131777e-04
1.130239e-04
1.128695e-04
1.127146e-04
1.125590e-04
1.124030e-04
1.122464e-04
1.120892e-04
1.119315e-04
1.117733e-04
1.116145e-04
1.114553e-04
1.112955e-04
1.111352e-04
1.109744e-04
1.108131e-04
1.106513e-04
1.104891e-04
1.103263e-04
1.101631e-04
1.099994e-04
1.098353e-04
1.096707e-04
1.095056e-04
1.093401e-04
1.091742e-04
1.090078e-04
1.088410e-04
1.086737e-04
1.085061e-04
1.083380e-04
1.081695e-04
1.080006e-04
1.078313e-04
1.076616e-04
1.074915e-04
1.073211e-04
1.071502e-04
1.069790e-04
1.068074e-04
1.066354e-04
1.064631e-04
1.062904e-04
1.061174e-04
1.059440e-04
1.057703e-04
1.055962e-04
1.054218e-04
1.052471e-04
1.050721e-04
1.048967e-04
1.047210e-04
1.045450e-04
1.043687e-04
1.041921e-04
1.040152e-04
1.038380e-04
1.036605e-04
1.034828e-04
1.033047e-04
1.031264e-04
1.029478e-04
1.027689e-04
1.025898e-04
1.024104e-04
1.022308e-04
1.020509e-04
1.018708e-04
1.016904e-04
1.015098e-04
1.013289e-04
1.011478e-04
1.009665e-04
1.007850e-04
1.006032e-04
1.004212e-04
1.002391e-04
1.000567e-04
9.987409e-05
9.969130e-05
9.950831e-05
9.932514e-05
9.914177e-05
9.895822e-05
9.877448e-05
9.859057e-05
9.840649e-05
9.822223e-05
9.803781e-05
9.785323e-05
9.766848e-05
9.748358e-05
9.729853e-05
9.711332e-05
9.692797e-05
9.674248e-05
9.655685e-05
9.637109e-05
9.618519e-05
9.599916e-05
9.581301e-05
9.562673e-05
9.544034e-05
9.525383e-05
9.506720e-05
9.488047e-05
9.469363e-05
9.450669e-05
9.431965e-05
9.413251e-05
9.394528e-05
9.375795e-05
9.357054e-05
9.338304e-05
9.319547e-05
9.300781e-05
9.282008e-05
9.263227e-05
9.244440e-05
9.225646e-05
9.206845e-05
9.188038e-05
9.169226e-05
9.150408e-05
9.131584e-05
9.112756e-05
9.093923e-05
9.075085e-05
9.056244e-05
9.037398e-05
9.018549e-05
8.999696e-05
8.980841e-05
8.961982e-05
8.943121e-05
8.924258e-05
8.905393e-05
8.886526e-05
8.867657e-05
8.848787e-05
8.829916e-05
8.811045e-05
8.792173e-05
8.773300e-05
8.754428e-05
8.735555e-05
8.716683e-05
8.697812e-05
8.678942e-05
8.660073e-05
8.641205e-05
8.622339e-05
8.603475e-05
8.584613e-05
8.565754e-05
8.546897e-05
8.528042e-05
8.509191e-05
8.490343e-05
8.471498e-05
8.452657e-05
8.433820e-05
8.414987e-05
8.396158e-05
8.377334e-05
8.358514e-05
8.339700e-05
8.320891e-05
8.302087e-05
8.283288e-05
8.264495e-05
8.245709e-05
8.226928e-05
8.208154e-05
8.189386e-05
8.170625e-05
8.151871e-05
8.133125e-05
8.114385e-05
8.095653e-05
8.076929e-05
8.058213e-05
8.039505e-05
8.020805e-05
8.002113e-05
7.983431e-05
7.964757e-05
7.946092e-05
7.927436e-05
7.908789e-05
7.890152e-05
7.871525e-05
7.852908e-05
7.834301e-05
7.815704e-05
7.797117e-05
7.778541e-05
7.759975e-05
7.741421e-05
7.722877e-05
7.704345e-05
7.685824e-05
7.667315e-05
7.648817e-05
7.630331e-05
7.611857e-05
7.593396e-05
7.574946e-05
7.556509e-05
7.538085e-05
7.519673e-05
7.501275e-05
7.482889e-05
7.464517e-05
7.446158e-05
7.427812e-05
7.409480e-05
7.391162e-05
7.372858e-05
7.354568e-05
7.336292e-05
7.318030e-05
7.299783e-05
7.281550e-05
7.263333e-05
7.245130e-05
7.226942e-05
7.208769e-05
7.190611e-05
7.172469e-05
7.154343e-05
7.136232e-05
7.118136e-05
7.100057e-05
7.081994e-05
7.063946e-05
7.045915e-05
7.027901e-05
7.009903e-05
6.991921e-05
6.973957e-05
6.956009e-05
6.938078e-05
6.920164e-05
6.902267e-05
6.884388e-05
6.866526e-05
6.848682e-05
6.830855e-05
6.813046e-05
6.795255e-05
6.777482e-05
6.759726e-05
6.741989e-05
6.724316e-05
6.706671e-05
6.689045e-05
6.671575e-05
6.654152e-05
6.636746e-05
6.619358e-05
6.601989e-05
6.584638e-05
6.567529e-05
6.550486e-05
6.533461e-05
6.516454e-05
6.499465e-05
6.482494e-05
6.465541e-05
6.448606e-05
6.431690e-05
6.415023e-05
6.398513e-05
6.382020e-05
6.365545e-05
6.349088e-05
6.332648e-05
6.316226e-05
6.299822e-05
6.283436e-05
6.267068e-05
6.250718e-05
6.234386e-05
6.218078e-05
6.202241e-05
6.186420e-05
6.170617e-05
6.154831e-05
6.139062e-05
6.123311e-05
6.107577e-05
6.091860e-05
6.076161e-05
6.060480e-05
6.044816e-05
6.029170e-05
6.013542e-05
5.997931e-05
5.982339e-05
5.966765e-05
5.951563e-05
5.936556e-05
5.921567e-05
5.906594e-05
5.891638e-05
5.876698e-05
5.861776e-05
5.846870e-05
5.831981e-05
5.817110e-05
5.802255e-05
5.787417e-05
5.772597e-05
5.757794e-05
5.743009e-05
5.728240e-05
5.713489e-05
5.698756e-05
5.684041e-05
5.669342e-05
5.654746e-05
5.640677e-05
5.626623e-05
5.612585e-05
5.598563e-05
5.584557e-05
5.570568e-05
5.556595e-05
5.542638e-05
5.528697e-05
5.514773e-05
5.500865e-05
5.486973e-05
5.473098e-05
5.459240e-05
5.445399e-05
5.431574e-05
5.417765e-05
5.403974e-05
5.390199e-05
5.376442e-05
5.362701e-05
5.348977e-05
5.335270e-05
5.321581e-05
5.307908e-05
5.294803e-05
5.281800e-05
5.268811e-05
5.255838e-05
5.242881e-05
5.229938e-05
5.217011e-05
5.204100e-05
5.191204e-05
5.178324e-05
5.165459e-05
5.152610e-05
5.139776e-05
5.126958e-05
5.114156e-05
5.101370e-05
5.088600e-05
5.075846e-05
5.063107e-05
5.050385e-05
5.037678e-05
5.024988e-05
5.012313e-05
4.999655e-05
4.987013e-05
4.974387e-05
4.961777e-05
4.949184e-05
4.936607e-05
4.924046e-05
4.911550e-05
4.899683e-05
4.887830e-05
4.875992e-05
4.864168e-05
4.852359e-05
4.840564e-05
4.828783e-05
4.817017e-05
4.805266e-05
4.793529e-05
4.781807e-05
4.770099e-05
4.758407e-05
4.746729e-05
4.735066e-05
4.723417e-05
4.711784e-05
4.700165e-05
4.688561e-05
4.676972e-05
4.665398e-05
4.653839e-05
4.642295e-05
4.630766e-05
4.619252e-05
4.607753e-05
4.596270e-05
4.584801e-05
4.573348e-05
4.561909e-05
4.550486e-05
4.539079e-05
4.535933e-05
4.532936e-05
4.529923e-05
4.526895e-05
4.523851e-05
4.520792e-05
4.517718e-05
4.514628e-05
4.511523e-05
4.508403e-05
4.505268e-05
4.502118e-05
4.498954e-05
4.495774e-05
4.492580e-05
4.489371e-05
4.486148e-05
4.482911e-05
4.479659e-05
4.476392e-05
4.473112e-05
4.469817e-05
4.466509e-05
4.463186e-05
4.459850e-05
4.456500e-05
4.453136e-05
4.449758e-05
4.446367e-05
4.442962e-05
4.439544e-05
4.436113e-05
4.432668e-05
4.429210e-05
4.425739e-05
4.422255e-05
4.418758e-05
4.415249e-05
4.411726e-05
4.408191e-05
4.404643e-05
4.401082e-05
4.397509e-05
4.393923e-05
4.390325e-05
4.386715e-05
4.383093e-05
4.379458e-05
4.375812e-05
4.372153e-05
4.368482e-05
4.364800e-05
4.361106e-05
4.357400e-05
4.353682e-05
4.349953e-05
4.346212e-05
4.342460e-05
4.338697e-05
4.334922e-05
4.331136e-05
4.327339e-05
4.323531e-05
4.319712e-05
4.315881e-05
4.312040e-05
4.308188e-05
4.304326e-05
4.300453e-05
4.296569e-05
4.292674e-05
4.288769e-05
4.284854e-05
4.280928e-05
4.276992e-05
4.273046e-05
4.269090e-05
4.265123e-05
4.261147e-05
4.257161e-05
4.253165e-05
4.249159e-05
4.245143e-05
4.241117e-05
4.237082e-05
4.233037e-05
4.228983e-05
4.224920e-05
4.220847e-05
4.216765e-05
4.212673e-05
4.208572e-05
4.204463e-05
4.200344e-05
4.196216e-05
4.192079e-05
4.187933e-05
4.183779e-05
4.179616e-05
4.175444e-05
4.171263e-05
4.167074e-05
4.162877e-05
4.158671e-05
4.154456e-05
4.150233e-05
4.146002e-05
4.141763e-05
4.137516e-05
4.133260e-05
4.128997e-05
4.124725e-05
4.120446e-05
4.116159e-05
4.111864e-05
4.107561e-05
4.103251e-05
4.098933e-05
4.094607e-05
4.090274e-05
4.085933e-05
4.081585e-05
4.077230e-05
4.072867e-05
4.068497e-05
4.064120e-05
4.059736e-05
4.055345e-05
4.050947e-05
4.046542e-05
4.042130e-05
4.037711e-05
4.033285e-05
4.028853e-05
4.024414e-05
4.019968e-05
4.015516e-05
4.011057e-05
4.006592e-05
4.002120e-05
3.997642e-05
3.993158e-05
3.988667e-05
3.984170e-05
3.979667e-05
3.975158e-05
3.970643e-05
3.966122e-05
3.961595e-05
3.957062e-05
3.952524e-05
3.947979e-05
3.943429e-05
3.938873e-05
3.934311e-05
3.929744e-05
3.925172e-05
3.920593e-05
3.916010e-05
3.911421e-05
3.906827e-05
3.902227e-05
3.897622e-05
3.893012e-05
3.888397e-05
3.883777e-05
3.879151e-05
3.874521e-05
3.869886e-05
3.865246e-05
3.860601e-05
3.855951e-05
3.851296e-05
3.846637e-05
3.841973e-05
3.837305e-05
3.832631e-05
3.827954e-05
3.823272e-05
3.818585e-05
3.813894e-05
3.809199e-05
3.804499e-05
3.799796e-05
3.795088e-05
3.790376e-05
3.785659e-05
3.780939e-05
3.776215e-05
3.771486e-05
3.766754e-05
3.762018e-05
3.757278e-05
3.752534e-05
3.747786e-05
3.743035e-05
3.738280e-05
3.733522e-05
3.728760e-05
3.723994e-05
3.719225e-05
3.714452e-05
3.709676e-05
3.704897e-05
3.700114e-05
3.695328e-05
3.690539e-05
3.685746e-05
3.680950e-05
3.676152e-05
3.671350e-05
3.666545e-05
3.661737e-05
3.656926e-05
3.652113e-05
3.647296e-05
3.642477e-05
3.637654e-05
3.632829e-05
3.628002e-05
3.623171e-05
3.618338e-05
3.613503e-05
3.608664e-05
3.603824e-05
3.598981e-05
3.594135e-05
3.589287e-05
3.584437e-05
3.579584e-05
3.574729e-05
3.569872e-05
3.565013e-05
3.560151e-05
3.555287e-05
3.550421e-05
3.545554e-05
3.540684e-05
3.535812e-05
3.530938e-05
3.526062e-05
3.521185e-05
3.516305e-05
3.511424e-05
3.506541e-05
3.501656e-05
3.496770e-05
3.491882e-05
3.486992e-05
3.482101e-05
3.477208e-05
3.472314e-05
3.467418e-05
3.462521e-05
3.457622e-05
3.452722e-05
3.447821e-05
3.442918e-05
3.438014e-05
3.433109e-05
3.428203e-05
3.423295e-05
3.418387e-05
3.413477e-05
3.408566e-05
3.403654e-05
3.398742e-05
3.393828e-05
3.388913e-05
3.383998e-05
3.379081e-05
3.374164e-05
3.369246e-05
3.364327e-05
3.359407e-05
3.354487e-05
3.349566e-05
3.344644e-05
3.339722e-05
3.334799e-05
3.329876e-05
3.324952e-05
3.320028e-05
3.315103e-05
3.310178e-05
3.305252e-05
3.300326e-05
3.295400e-05
3.290473e-05
3.285547e-05
3.280620e-05
3.275692e-05
3.270765e-05
3.265837e-05
3.260910e-05
3.255982e-05
3.251054e-05
3.246126e-05
3.241199e-05
3.236271e-05
3.231343e-05
3.226415e-05
3.221488e-05
3.216561e-05
3.211633e-05
3.206706e-05
3.201780e-05
3.196853e-05
3.191927e-05
3.187001e-05
3.182076e-05
3.177151e-05
3.172226e-05
3.167302e-05
3.162378e-05
3.157455e-05
3.152532e-05
3.147610e-05
3.142688e-05
3.137767e-05
3.132846e-05
3.127927e-05
3.123007e-05
3.118089e-05
3.113171e-05
3.108254e-05
3.103338e-05
3.098423e-05
3.093508e-05
3.088616e-05
3.083727e-05
3.078838e-05
3.073951e-05
3.069100e-05
3.064283e-05
3.059468e-05
3.054653e-05
3.049839e-05
3.045026e-05
3.040213e-05
3.035402e-05
3.030592e-05
3.025852e-05
3.021157e-05
3.016463e-05
3.011769e-05
3.007077e-05
3.002385e-05
2.997694e-05
2.993004e-05
2.988315e-05
2.983626e-05
2.978939e-05
2.974253e-05
2.969567e-05
2.964888e-05
2.960359e-05
2.955831e-05
2.951303e-05
2.946777e-05
2.942251e-05
2.937726e-05
2.933201e-05
2.928678e-05
2.924155e-05
2.919634e-05
2.915113e-05
2.910593e-05
2.906074e-05
2.901556e-05
2.897040e-05
2.892524e-05
2.888009e-05
2.883495e-05
2.879075e-05
2.874754e-05
2.870434e-05
2.866115e-05
2.861796e-05
2.857478e-05
2.853161e-05
2.848845e-05
2.844529e-05
2.840215e-05
2.835901e-05
2.831588e-05
2.827276e-05
2.822965e-05
2.818655e-05
2.814346e-05
2.810037e-05
2.805730e-05
2.801424e-05
2.797119e-05
2.792815e-05
2.788512e-05
2.784210e-05
2.779910e-05
2.775736e-05
2.771659e-05
2.767583e-05
2.763508e-05
2.759433e-05
2.755359e-05
2.751286e-05
2.747214e-05
2.743142e-05
2.739072e-05
2.735002e-05
2.730933e-05
2.726864e-05
2.722797e-05
2.718731e-05
2.714665e-05
2.710601e-05
2.706537e-05
2.702475e-05
2.698413e-05
2.694353e-05
2.690293e-05
2.686234e-05
2.682177e-05
2.678121e-05
2.674065e-05
2.670011e-05
2.665958e-05
2.661906e-05
2.657856e-05
2.653985e-05
2.650183e-05
2.646382e-05
2.642581e-05
2.638781e-05
2.634982e-05
2.631184e-05
2.627387e-05
2.623590e-05
2.619794e-05
2.615999e-05
2.612204e-05
2.608411e-05
2.604618e-05
2.600826e-05
2.597035e-05
2.593245e-05
2.589456e-05
2.585668e-05
2.581880e-05
2.578094e-05
2.574309e-05
2.570524e-05
2.566741e-05
2.562959e-05
2.559177e-05
2.555397e-05
2.551618e-05
2.547840e-05
2.544063e-05
2.540287e-05
2.536512e-05
2.532739e-05
2.528966e-05
2.525195e-05
2.521425e-05
2.517714e-05
2.514211e-05
2.510709e-05
2.507207e-05
2.503706e-05
2.500206e-05
2.496706e-05
2.493208e-05
2.489710e-05
2.486212e-05
2.482716e-05
2.479220e-05
2.475725e-05
2.472231e-05
2.468737e-05
2.465245e-05
2.461753e-05
2.458262e-05
2.454772e-05
2.451283e-05
2.447795e-05
2.444308e-05
2.440821e-05
2.437336e-05
2.433851e-05
2.430368e-05
2.426885e-05
2.423404e-05
2.419923e-05
2.416444e-05
2.412965e-05
2.409488e-05
2.406012e-05
2.402536e-05
2.399062e-05
2.395589e-05
2.392117e-05
2.388646e-05
2.385176e-05
2.381708e-05
2.378241e-05
2.374774e-05
2.371309e-05
2.367845e-05
2.364403e-05
2.361217e-05
2.358032e-05
2.354847e-05
2.351663e-05
2.348480e-05
2.345297e-05
2.342115e-05
2.338934e-05
2.335753e-05
2.332573e-05
2.329394e-05
2.326216e-05
2.323038e-05
2.319862e-05
2.316686e-05
2.313510e-05
2.310336e-05
2.307162e-05
2.303990e-05
2.300818e-05
2.297647e-05
2.294477e-05
2.291307e-05
2.288139e-05
2.284971e-05
2.281805e-05
2.278639e-05
2.275475e-05
2.272311e-05
2.269148e-05
2.265986e-05
2.262825e-05
2.259666e-05
2.256507e-05
2.253349e-05
2.250192e-05
2.247036e-05
2.243882e-05
2.240728e-05
2.237576e-05
2.234424e-05
2.231274e-05
2.228124e-05
2.224976e-05
2.221829e-05
2.218683e-05
2.215538e-05
2.212395e-05
2.209252e-05
2.206111e-05
2.202971e-05
2.199832e-05
2.196694e-05
2.193831e-05
2.190973e-05
2.188117e-05
2.185260e-05
2.182405e-05
2.179550e-05
2.176696e-05
2.173842e-05
2.170990e-05
2.168138e-05
2.165286e-05
2.162436e-05
2.159586e-05
2.156736e-05
2.153888e-05
2.151040e-05
2.148193e-05
2.145347e-05
2.142502e-05
2.139657e-05
2.136814e-05
2.133971e-05
2.131129e-05
2.128287e-05
2.125447e-05
2.122607e-05
2.119769e-05
2.116931e-05
2.114094e-05
2.111258e-05
2.108423e-05
2.105589e-05
2.102755e-05
2.099923e-05
2.097091e-05
2.094261e-05
2.091431e-05
2.088603e-05
2.085775e-05
2.082949e-05
2.080123e-05
2.077298e-05
2.074475e-05
2.071652e-05
2.068830e-05
2.066010e-05
2.063190e-05
2.060372e-05
2.057554e-05
2.054738e-05
2.051923e-05
2.049108e-05
2.046295e-05
2.043483e-05
2.040672e-05
2.037863e-05
2.035054e-05
2.032246e-05
2.029440e-05
2.026635e-05
2.023830e-05
2.021028e-05
2.018226e-05
2.015471e-05
2.012945e-05
2.010420e-05
2.007896e-05
2.005372e-05
2.002849e-05
2.000326e-05
1.997804e-05
1.995283e-05
1.992762e-05
1.990242e-05
1.987723e-05
1.985204e-05
1.982686e-05
1.980169e-05
1.977653e-05
1.975137e-05
1.972622e-05
1.970107e-05
1.967594e-05
1.965081e-05
1.962569e-05
1.960058e-05
1.957547e-05
1.955038e-05
1.952529e-05
1.950021e-05
1.947513e-05
1.945007e-05
1.942501e-05
1.939996e-05
1.937492e-05
1.934989e-05
1.932487e-05
1.929985e-05
1.927484e-05
1.924985e-05
1.922486e-05
1.919988e-05
1.917491e-05
1.914994e-05
1.912499e-05
1.910005e-05
1.907511e-05
1.905019e-05
1.902527e-05
1.900036e-05
1.897547e-05
1.895058e-05
1.892570e-05
1.890083e-05
1.887597e-05
1.885112e-05
1.882628e-05
1.880145e-05
1.877663e-05
1.875182e-05
1.872702e-05
1.870223e-05
1.867745e-05
1.865269e-05
1.862793e-05
1.860318e-05
1.857844e-05
1.855372e-05
1.852900e-05
1.850429e-05
1.847960e-05
1.845491e-05
1.843024e-05
1.840558e-05
1.838093e-05
1.835629e-05
1.833166e-05
1.830704e-05
1.828243e-05
1.825784e-05
1.823374e-05
1.821178e-05
1.818983e-05
1.816788e-05
1.814594e-05
1.812401e-05
1.810208e-05
1.808016e-05
1.805824e-05
1.803633e-05
1.801443e-05
1.799253e-05
1.797064e-05
1.794876e-05
1.792688e-05
1.790501e-05
1.788315e-05
1.786129e-05
1.783944e-05
1.781760e-05
1.779577e-05
1.777394e-05
1.775212e-05
1.773031e-05
1.770850e-05
1.768670e-05
1.766491e-05
1.764312e-05
1.762135e-05
1.759958e-05
1.757782e-05
1.755606e-05
1.753432e-05
1.751258e-05
1.749085e-05
1.746913e-05
1.744741e-05
1.742571e-05
1.740401e-05
1.738232e-05
1.736063e-05
1.733896e-05
1.731729e-05
1.729564e-05
1.727399e-05
1.725235e-05
1.723072e-05
1.720909e-05
1.718748e-05
1.716587e-05
1.714427e-05
1.712268e-05
1.710110e-05
1.707953e-05
1.705797e-05
1.703642e-05
1.701487e-05
1.699333e-05
1.697181e-05
1.695029e-05
1.692878e-05
1.690728e-05
1.688579e-05
1.686431e-05
1.684284e-05
1.682138e-05
1.679993e-05
1.677849e-05
1.675705e-05
1.673563e-05
1.671421e-05
1.669281e-05
1.667142e-05
1.665003e-05
1.662866e-05
1.660729e-05
1.658594e-05
1.656459e-05
1.654326e-05
1.652193e-05
1.650062e-05
1.647931e-05
1.645802e-05
1.643673e-05
1.641546e-05
1.639420e-05
1.637294e-05
1.635170e-05
1.633047e-05
1.630925e-05
1.628803e-05
1.626683e-05
1.624564e-05
1.622446e-05
1.620466e-05
1.618592e-05
1.616719e-05
1.614846e-05
1.612974e-05
1.611102e-05
1.609231e-05
1.607361e-05
1.605491e-05
1.603622e-05
1.601753e-05
1.599885e-05
1.598018e-05
1.596151e-05
1.594285e-05
1.592420e-05
1.590555e-05
1.588691e-05
1.586827e-05
1.584965e-05
1.583102e-05
1.581241e-05
1.579380e-05
1.577520e-05
1.575660e-05
1.573802e-05
1.571944e-05
1.570086e-05
1.568229e-05
1.566373e-05
1.564518e-05
1.562663e-05
1.560809e-05
1.558956e-05
1.557104e-05
1.555252e-05
1.553401e-05
1.551551e-05
1.549701e-05
1.547852e-05
1.546004e-05
1.544157e-05
1.542310e-05
1.540464e-05
1.538619e-05
1.536775e-05
1.534931e-05
1.533089e-05
1.531247e-05
1.529405e-05
1.527565e-05
1.525725e-05
1.523886e-05
1.522048e-05
1.520211e-05
1.518374e-05
1.516538e-05
1.514704e-05
1.512869e-05
1.511036e-05
1.509204e-05
1.507372e-05
1.505541e-05
1.503711e-05
1.501882e-05
1.500053e-05
1.498226e-05
1.496399e-05
1.494573e-05
1.492748e-05
1.490924e-05
1.489101e-05
1.487278e-05
1.485457e-05
1.483636e-05
1.481816e-05
1.479997e-05
1.478179e-05
1.476362e-05
1.474546e-05
1.472730e-05
1.470915e-05
1.469102e-05
1.467289e-05
1.465477e-05
1.463666e-05
1.461856e-05
1.460047e-05
1.458238e-05
1.456431e-05
1.454625e-05
1.452819e-05
1.451014e-05
1.449211e-05
1.447408e-05
1.445606e-05
1.443805e-05
1.442005e-05
1.440206e-05
1.438408e-05
1.436611e-05
1.434815e-05
1.433020e-05
1.431225e-05
1.429432e-05
1.427640e-05
1.425848e-05
1.424058e-05
1.422268e-05
1.420480e-05
1.418692e-05
1.416906e-05
1.415120e-05
1.413336e-05
1.411552e-05
1.409812e-05
1.408247e-05
1.406682e-05
1.405117e-05
1.403553e-05
1.401990e-05
1.400427e-05
1.398865e-05
1.397304e-05
1.395743e-05
1.394182e-05
1.392623e-05
1.391063e-05
1.389505e-05
1.387947e-05
1.386389e-05
1.384832e-05
1.383276e-05
1.381721e-05
1.380165e-05
1.378611e-05
1.377057e-05
1.375504e-05
1.373952e-05
1.372400e-05
1.370848e-05
1.369298e-05
1.367747e-05
1.366198e-05
1.364649e-05
1.363101e-05
1.361554e-05
1.360007e-05
1.358461e-05
1.356915e-05
1.355370e-05
1.353826e-05
1.352282e-05
1.350739e-05
1.349197e-05
1.347655e-05
1.346114e-05
1.344574e-05
1.343035e-05
1.341496e-05
1.339957e-05
1.338420e-05
1.336883e-05
1.335347e-05
1.333811e-05
1.332276e-05
1.330742e-05
1.329209e-05
1.327676e-05
1.326144e-05
1.324613e-05
1.323082e-05
1.321552e-05
1.320023e-05
1.318495e-05
1.316967e-05
1.315440e-05
1.313914e-05
1.312388e-05
1.310863e-05
1.309339e-05
1.307816e-05
1.306293e-05
1.304771e-05
1.303250e-05
1.301730e-05
1.300210e-05
1.298691e-05
1.297173e-05
1.295655e-05
1.294139e-05
1.292623e-05
1.291108e-05
1.289593e-05
1.288079e-05
1.286567e-05
1.285054e-05
1.283543e-05
1.282032e-05
1.280523e-05
1.279014e-05
1.277505e-05
1.275998e-05
1.274491e-05
1.272985e-05
1.271480e-05
1.269976e-05
1.268472e-05
1.266969e-05
1.265468e-05
1.263966e-05
1.262466e-05
1.260966e-05
1.259468e-05
1.257970e-05
1.256473e-05
1.254976e-05
1.253481e-05
1.251986e-05
1.250492e-05
1.248999e-05
1.247507e-05
1.246015e-05
1.244525e-05
1.243035e-05
1.241546e-05
1.240058e-05
1.238571e-05
1.237084e-05
1.235598e-05
1.234114e-05
1.232630e-05
1.231147e-05
1.229664e-05
1.228183e-05
1.226702e-05
1.225223e-05
1.223744e-05
1.222266e-05
1.220789e-05
1.219312e-05
1.217837e-05
1.216362e-05
1.214889e-05
1.213416e-05
1.211944e-05
1.210473e-05
1.209002e-05
1.207533e-05
1.206064e-05
1.204597e-05
1.203130e-05
1.201664e-05
1.200199e-05
1.198735e-05
1.197272e-05
1.195809e-05
1.194348e-05
1.192887e-05
1.191428e-05
1.190019e-05
1.188745e-05
1.187472e-05
1.186200e-05
1.184928e-05
1.183657e-05
1.182386e-05
1.181115e-05
1.179846e-05
1.178577e-05
1.177308e-05
1.176040e-05
1.174772e-05
1.173505e-05
1.172239e-05
1.170973e-05
1.169707e-05
1.168443e-05
1.167178e-05
1.165915e-05
1.164652e-05
1.163389e-05
1.162127e-05
1.160866e-05
1.159605e-05
1.158344e-05
1.157085e-05
1.155825e-05
1.154567e-05
1.153309e-05
1.152051e-05
1.150795e-05
1.149538e-05
1.148283e-05
1.147028e-05
1.145773e-05
1.144519e-05
1.143266e-05
1.142013e-05
1.140761e-05
1.139509e-05
1.138258e-05
1.137008e-05
1.135758e-05
1.134509e-05
1.133261e-05
1.132013e-05
1.130765e-05
1.129519e-05
1.128272e-05
1.127027e-05
1.125782e-05
1.124538e-05
1.123294e-05
1.122051e-05
1.120809e-05
1.119567e-05
1.118326e-05
1.117085e-05
1.115845e-05
1.114606e-05
1.113367e-05
1.112129e-05
1.110892e-05
1.109655e-05
1.108419e-05
1.107183e-05
1.105948e-05
1.104714e-05
1.103481e-05
1.102248e-05
1.101015e-05
1.099784e-05
1.098553e-05
1.097322e-05
1.096093e-05
1.094864e-05
1.093635e-05
1.092407e-05
1.091180e-05
1.089954e-05
1.088728e-05
1.087503e-05
1.086278e-05
1.085055e-05
1.083832e-05
1.082609e-05
1.081387e-05
1.080166e-05
1.078946e-05
1.077726e-05
1.076507e-05
1.075288e-05
1.074071e-05
1.072854e-05
1.071637e-05
1.070421e-05
1.069206e-05
1.067992e-05
1.066778e-05
1.065565e-05
1.064353e-05
1.063141e-05
1.061930e-05
1.060720e-05
1.059511e-05
1.058302e-05
1.057094e-05
1.055886e-05
1.054679e-05
1.053473e-05
1.052268e-05
1.051063e-05
1.049859e-05
1.048656e-05
1.047453e-05
1.046251e-05
1.045050e-05
1.043850e-05
1.042650e-05
1.041451e-05
1.040253e-05
1.039055e-05
1.037858e-05
1.036662e-05
1.035466e-05
1.034272e-05
1.033078e-05
1.031884e-05
1.030692e-05
1.029500e-05
1.028309e-05
1.027118e-05
1.025928e-05
1.024739e-05
1.023551e-05
1.022364e-05
1.021177e-05
1.019991e-05
1.018805e-05
1.017621e-05
1.016437e-05
1.015254e-05
1.014071e-05
1.012890e-05
1.011709e-05
1.010529e-05
1.009349e-05
1.008170e-05
1.006992e-05
1.005815e-05
1.004639e-05
1.003463e-05
1.002288e-05
1.001114e-05
9.999402e-06
9.987675e-06
9.975955e-06
9.964242e-06
9.952537e-06
9.940840e-06
9.929150e-06
9.917468e-06
9.905793e-06
9.894126e-06
9.882466e-06
9.870814e-06
9.859169e-06
9.847532e-06
9.835903e-06
9.824282e-06
9.812667e-06
9.801061e-06
9.789462e-06
9.777871e-06
9.766288e-06
9.754712e-06
9.743144e-06
9.731584e-06
9.720031e-06
9.708487e-06
9.696949e-06
9.685420e-06
9.673898e-06
9.662384e-06
9.650878e-06
9.639380e-06
9.628046e-06
9.618046e-06
9.608051e-06
9.598061e-06
9.588076e-06
9.578096e-06
9.568121e-06
9.558151e-06
9.548185e-06
9.538225e-06
9.528269e-06
9.518318e-06
9.508373e-06
9.498432e-06
9.488496e-06
9.478565e-06
9.468639e-06
9.458719e-06
9.448803e-06
9.438892e-06
9.428986e-06
9.419086e-06
9.409190e-06
9.399299e-06
9.389414e-06
9.379533e-06
9.369658e-06
9.359788e-06
9.349923e-06
9.340063e-06
9.330208e-06
9.320358e-06
9.310514e-06
9.300674e-06
9.290840e-06
9.281011e-06
9.271187e-06
9.261369e-06
9.251555e-06
9.241747e-06
9.231944e-06
9.222146e-06
9.212354e-06
9.202566e-06
9.192784e-06
9.183008e-06
9.173236e-06
9.163470e-06
9.153709e-06
9.143954e-06
9.134204e-06
9.124459e-06
9.114719e-06
9.104985e-06
9.095256e-06
9.085533e-06
9.075815e-06
9.066102e-06
9.056395e-06
9.046693e-06
9.036996e-06
9.027305e-06
9.017619e-06
9.007939e-06
8.998264e-06
8.988595e-06
8.978931e-06
8.969272e-06
8.959619e-06
8.949972e-06
8.940330e-06
8.930693e-06
8.921062e-06
8.911437e-06
8.901817e-06
8.892203e-06
8.882594e-06
8.872990e-06
8.863392e-06
8.853800e-06
8.844214e-06
8.834632e-06
8.825057e-06
8.815487e-06
8.805923e-06
8.796364e-06
8.786811e-06
8.777263e-06
8.767722e-06
8.758185e-06
8.748655e-06
8.739130e-06
8.729611e-06
8.720097e-06
8.710589e-06
8.701087e-06
8.691590e-06
8.682100e-06
8.672615e-06
8.663135e-06
8.653661e-06
8.644193e-06
8.634731e-06
8.625275e-06
8.615824e-06
8.606379e-06
8.596940e-06
8.587506e-06
8.578079e-06
8.568657e-06
8.559241e-06
8.549830e-06
8.540426e-06
8.531027e-06
8.521634e-06
8.512247e-06
8.502866e-06
8.493490e-06
8.484121e-06
8.474757e-06
8.465399e-06
8.456047e-06
8.446701e-06
8.437361e-06
8.428026e-06
8.418698e-06
8.409375e-06
8.400059e-06
8.390748e-06
8.381443e-06
8.372144e-06
8.362851e-06
8.353564e-06
8.344282e-06
8.335007e-06
8.325738e-06
8.316475e-06
8.307217e-06
8.297966e-06
8.288720e-06
8.279481e-06
8.270247e-06
8.261020e-06
8.251798e-06
8.242583e-06
8.233373e-06
8.224170e-06
8.214972e-06
8.205781e-06
8.196595e-06
8.187416e-06
8.178243e-06
8.169075e-06
8.159914e-06
8.150759e-06
8.141610e-06
8.132467e-06
8.123330e-06
8.114199e-06
8.105074e-06
8.095955e-06
8.086843e-06
8.077736e-06
8.068636e-06
8.059541e-06
8.050453e-06
8.041371e-06
8.032295e-06
8.023225e-06
8.014161e-06
8.005104e-06
7.996052e-06
7.987007e-06
7.977968e-06
7.968935e-06
7.959908e-06
7.950888e-06
7.941873e-06
7.932865e-06
7.923863e-06
7.914867e-06
7.905877e-06
7.896894e-06
7.887916e-06
7.878945e-06
7.869980e-06
7.861021e-06
7.852069e-06
7.843123e-06
7.834183e-06
7.825249e-06
7.816321e-06
7.807400e-06
7.798485e-06
7.789576e-06
7.780674e-06
7.771777e-06
7.762887e-06
7.754003e-06
7.745126e-06
7.736255e-06
7.727390e-06
7.718531e-06
7.709679e-06
7.700833e-06
7.691993e-06
7.683159e-06
7.674332e-06
7.665511e-06
7.656697e-06
7.647889e-06
7.639087e-06
7.630291e-06
7.621502e-06
7.612719e-06
7.603942e-06
7.595172e-06
7.586408e-06
7.577650e-06
7.568899e-06
7.560154e-06
7.551416e-06
7.542684e-06
7.533958e-06
7.525238e-06
7.516525e-06
7.507819e-06
7.499118e-06
7.490424e-06
7.481737e-06
7.473056e-06
7.464381e-06
7.455713e-06
7.447051e-06
7.438395e-06
7.429746e-06
7.421103e-06
7.412467e-06
7.403837e-06
7.395214e-06
7.386596e-06
7.377986e-06
7.369382e-06
7.360784e-06
7.352192e-06
7.343608e-06
7.335029e-06
7.326457e-06
7.317891e-06
7.309332e-06
7.300780e-06
7.292233e-06
7.284367e-06
7.276925e-06
7.269487e-06
7.262053e-06
7.254624e-06
7.247199e-06
7.239778e-06
7.232362e-06
7.224950e-06
7.217542e-06
7.210138e-06
7.202739e-06
7.195344e-06
7.187954e-06
7.180568e-06
7.173186e-06
7.165808e-06
7.158435e-06
7.151066e-06
7.143702e-06
7.136342e-06
7.128986e-06
7.121634e-06
7.114287e-06
7.106945e-06
7.099606e-06
7.092273e-06
7.084943e-06
7.077618e-06
7.070297e-06
7.062981e-06
7.055669e-06
7.048361e-06
7.041058e-06
7.033760e-06
7.026465e-06
7.019176e-06
7.011890e-06
7.004609e-06
6.997333e-06
6.990061e-06
6.982793e-06
6.975530e-06
6.968271e-06
6.961017e-06
6.953767e-06
6.946521e-06
6.939281e-06
6.932044e-06
6.924812e-06
6.917585e-06
6.910362e-06
6.903143e-06
6.895929e-06
6.888720e-06
6.881515e-06
6.874314e-06
6.867118e-06
6.859927e-06
6.852740e-06
6.845557e-06
6.838379e-06
6.831206e-06
6.824037e-06
6.816872e-06
6.809713e-06
6.802557e-06
6.795406e-06
6.788260e-06
6.781119e-06
6.773981e-06
6.766849e-06
6.759721e-06
6.752597e-06
6.745479e-06
6.738364e-06
6.731255e-06
6.724149e-06
6.717049e-06
6.709953e-06
6.702861e-06
6.695774e-06
6.688692e-06
6.681615e-06
6.674542e-06
6.667473e-06
6.660409e-06
6.653350e-06
6.646295e-06
6.639245e-06
6.632200e-06
6.625159e-06
6.618123e-06
6.611091e-06
6.604065e-06
6.597042e-06
6.590025e-06
6.583012e-06
6.576003e-06
6.569000e-06
6.562000e-06
6.555006e-06
6.548016e-06
6.541031e-06
6.534051e-06
6.527075e-06
6.520104e-06
6.513137e-06
6.506175e-06
6.499218e-06
6.492266e-06
6.485318e-06
6.478375e-06
6.471436e-06
6.464503e-06
6.457574e-06
6.450649e-06
6.443730e-06
6.436815e-06
6.429904e-06
6.422999e-06
6.416098e-06
6.409202e-06
6.402310e-06
6.395423e-06
6.388541e-06
6.381664e-06
6.374791e-06
6.367923e-06
6.361060e-06
6.354202e-06
6.347348e-06
6.340499e-06
6.333655e-06
6.326815e-06
6.319980e-06
6.313150e-06
6.306325e-06
6.299504e-06
6.292689e-06
6.285877e-06
6.279071e-06
6.272269e-06
6.265473e-06
6.258681e-06
6.251893e-06
6.245111e-06
6.238333e-06
6.231560e-06
6.224792e-06
6.218028e-06
6.211269e-06
6.204515e-06
6.197766e-06
6.191022e-06
6.184282e-06
6.177547e-06
6.170817e-06
6.164092e-06
6.157371e-06
6.150656e-06
6.143945e-06
6.137239e-06
6.130537e-06
6.123841e-06
6.117149e-06
6.110462e-06
6.103780e-06
6.097103e-06
6.090430e-06
6.083762e-06
6.077099e-06
6.070441e-06
6.063788e-06
6.057139e-06
6.050496e-06
6.043857e-06
6.037223e-06
6.030594e-06
6.023969e-06
6.017350e-06
6.010735e-06
6.004125e-06
5.997520e-06
5.990920e-06
5.984324e-06
5.977734e-06
5.971148e-06
5.964567e-06
5.957991e-06
5.951420e-06
5.944853e-06
5.938292e-06
5.931735e-06
5.925183e-06
5.918636e-06
5.912094e-06
5.905556e-06
5.899024e-06
5.892496e-06
5.885973e-06
5.879455e-06
5.872942e-06
5.866434e-06
5.859931e-06
5.853432e-06
5.846939e-06
5.840450e-06
5.833966e-06
5.827487e-06
5.821013e-06
5.814543e-06
5.808079e-06
5.801619e-06
5.795165e-06
5.788715e-06
5.782270e-06
5.775830e-06
5.769394e-06
5.762964e-06
5.756539e-06
5.750118e-06
5.743702e-06
5.737291e-06
5.730885e-06
5.724484e-06
5.718088e-06
5.711697e-06
5.705310e-06
5.698929e-06
5.692552e-06
5.686180e-06
5.679814e-06
5.673452e-06
5.667094e-06
5.660742e-06
5.654395e-06
5.648053e-06
5.641715e-06
5.635382e-06
5.629055e-06
5.622732e-06
5.616414e-06
5.610101e-06
5.603793e-06
5.597489e-06
5.591191e-06
5.584898e-06
5.578609e-06
5.572325e-06
5.566047e-06
5.559773e-06
5.553504e-06
5.547240e-06
5.540981e-06
5.534726e-06
5.528477e-06
5.522233e-06
5.515993e-06
5.509759e-06
5.503529e-06
5.497304e-06
5.491084e-06
5.484869e-06
5.478659e-06
5.472454e-06
5.466254e-06
5.460059e-06
5.453868e-06
5.447683e-06
5.441502e-06
5.435327e-06
5.429156e-06
5.422990e-06
5.416829e-06
5.410673e-06
5.404522e-06
5.398376e-06
5.392235e-06
5.386098e-06
5.379967e-06
5.373841e-06
5.367719e-06
5.361602e-06
5.355491e-06
5.349384e-06
5.343282e-06
5.337185e-06
5.331093e-06
5.325006e-06
5.318924e-06
5.312846e-06
5.306774e-06
5.300707e-06
5.294644e-06
5.288587e-06
5.282534e-06
5.276486e-06
5.270443e-06
5.264406e-06
5.258373e-06
5.252344e-06
5.246321e-06
5.240303e-06
5.234290e-06
5.228282e-06
5.222278e-06
5.216280e-06
5.210286e-06
5.204297e-06
5.198314e-06
5.192335e-06
5.186361e-06
5.180392e-06
5.174428e-06
5.168469e-06
5.162515e-06
5.156565e-06
5.150621e-06
5.144682e-06
5.138747e-06
5.132817e-06
5.126893e-06
5.120973e-06
5.115058e-06
5.109148e-06
5.103243e-06
5.097343e-06
5.091448e-06
5.085558e-06
5.079673e-06
5.073792e-06
5.067917e-06
5.062046e-06
5.056181e-06
5.050320e-06
5.044464e-06
5.038614e-06
5.032768e-06
5.026927e-06
5.021091e-06
5.015260e-06
5.009433e-06
5.003612e-06
4.997796e-06
4.991984e-06
4.986178e-06
4.980376e-06
4.974579e-06
4.968787e-06
4.963000e-06
4.957218e-06
4.951441e-06
4.945669e-06
4.939902e-06
4.934140e-06
4.928382e-06
4.922630e-06
4.916995e-06
4.911948e-06
4.906905e-06
4.901865e-06
4.896828e-06
4.891795e-06
4.886766e-06
4.881740e-06
4.876717e-06
4.871698e-06
4.866682e-06
4.861670e-06
4.856661e-06
4.851656e-06
4.846654e-06
4.841656e-06
4.836661e-06
4.831670e-06
4.826682e-06
4.821698e-06
4.816717e-06
4.811740e-06
4.806766e-06
4.801796e-06
4.796829e-06
4.791865e-06
4.786905e-06
4.781949e-06
4.776996e-06
4.772046e-06
4.767101e-06
4.762158e-06
4.757219e-06
4.752284e-06
4.747352e-06
4.742423e-06
4.737498e-06
4.732577e-06
4.727659e-06
4.722744e-06
4.717833e-06
4.712926e-06
4.708022e-06
4.703121e-06
4.698224e-06
4.693331e-06
4.688441e-06
4.683555e-06
4.678672e-06
4.673792e-06
4.668916e-06
4.664044e-06
4.659175e-06
4.654309e-06
4.649448e-06
4.644589e-06
4.639734e-06
4.634883e-06
4.630035e-06
4.625191e-06
4.620350e-06
4.615512e-06
4.610679e-06
4.605848e-06
4.601022e-06
4.596198e-06
4.591379e-06
4.586562e-06
4.581750e-06
4.576940e-06
4.572135e-06
4.567333e-06
4.562534e-06
4.557739e-06
4.552947e-06
4.548159e-06
4.543374e-06
4.538593e-06
4.533816e-06
4.529042e-06
4.524271e-06
4.519504e-06
4.514741e-06
4.509981e-06
4.505225e-06
4.500472e-06
4.495722e-06
4.490977e-06
4.486234e-06
4.481495e-06
4.476760e-06
4.472028e-06
4.467300e-06
4.462576e-06
4.457854e-06
4.453137e-06
4.448423e-06
4.443712e-06
4.439005e-06
4.434301e-06
4.429601e-06
4.424905e-06
4.420212e-06
4.415523e-06
4.410837e-06
4.406154e-06
4.401476e-06
4.396800e-06
4.392128e-06
4.387460e-06
4.382795e-06
4.378134e-06
4.373477e-06
4.368823e-06
4.364172e-06
4.359525e-06
4.354881e-06
4.350241e-06
4.345605e-06
4.340972e-06
4.336342e-06
4.331717e-06
4.327094e-06
4.322475e-06
4.317860e-06
4.313248e-06
4.308640e-06
4.304035e-06
4.299434e-06
4.294837e-06
4.290242e-06
4.285652e-06
4.281065e-06
4.276481e-06
4.271901e-06
4.267325e-06
4.262752e-06
4.258182e-06
4.253617e-06
4.249054e-06
4.244495e-06
4.239940e-06
4.235388e-06
4.230840e-06
4.226296e-06
4.221754e-06
4.217217e-06
4.212683e-06
4.208152e-06
4.203625e-06
4.199102e-06
4.194582e-06
4.190065e-06
4.185552e-06
4.181043e-06
4.176537e-06
4.172035e-06
4.167536e-06
4.163041e-06
4.158549e-06
4.154061e-06
4.149576e-06
4.145095e-06
4.140617e-06
4.136143e-06
4.131672e-06
4.127205e-06
4.122742e-06
4.118282e-06
4.113825e-06
4.109372e-06
4.104923e-06
4.100477e-06
4.096035e-06
4.091596e-06
4.087161e-06
4.082729e-06
4.078301e-06
4.073876e-06
4.069455e-06
4.065037e-06
4.060623e-06
4.056212e-06
4.051805e-06
4.047401e-06
4.043001e-06
4.038605e-06
4.034212e-06
4.029822e-06
4.025436e-06
4.021054e-06
4.016675e-06
4.012299e-06
4.007927e-06
4.003559e-06
3.999194e-06
3.994833e-06
3.990475e-06
3.986120e-06
3.981770e-06
3.977422e-06
3.973078e-06
3.968738e-06
3.964401e-06
3.960068e-06
3.955738e-06
3.951412e-06
3.947090e-06
3.942770e-06
3.938455e-06
3.934143e-06
3.929834e-06
3.925529e-06
3.921227e-06
3.916929e-06
3.912634e-06
3.908343e-06
3.904056e-06
3.899772e-06
3.895491e-06
3.891214e-06
3.886940e-06
3.882670e-06
3.878404e-06
3.874141e-06
3.869881e-06
3.865625e-06
3.861372e-06
3.857123e-06
3.852878e-06
3.848636e-06
3.844397e-06
3.840162e-06
3.835931e-06
3.831703e-06
3.827478e-06
3.823257e-06
3.819039e-06
3.814825e-06
3.810615e-06
3.806408e-06
3.802204e-06
3.798004e-06
3.793808e-06
3.789614e-06
3.785425e-06
3.781239e-06
3.777056e-06
3.772877e-06
3.768701e-06
3.764529e-06
3.760360e-06
3.756195e-06
3.752034e-06
3.747875e-06
3.743721e-06
3.739569e-06
3.735422e-06
3.731277e-06
3.727137e-06
3.722999e-06
3.718865e-06
3.714735e-06
3.710608e-06
3.706485e-06
3.702365e-06
3.698248e-06
3.694135e-06
3.690026e-06
3.685920e-06
3.681817e-06
3.677718e-06
3.673623e-06
3.669531e-06
3.665442e-06
3.661357e-06
3.657275e-06
3.653197e-06
3.649122e-06
3.645051e-06
3.640983e-06
3.636918e-06
3.632858e-06
3.628800e-06
3.624746e-06
3.620696e-06
3.616648e-06
3.612605e-06
3.608565e-06
3.604528e-06
3.600495e-06
3.596465e-06
3.592439e-06
3.588416e-06
3.584396e-06
3.580380e-06
3.576368e-06
3.572359e-06
3.568353e-06
3.564351e-06
3.560352e-06
3.556357e-06
3.553404e-06
3.550683e-06
3.547966e-06
3.545253e-06
3.542543e-06
3.539836e-06
3.537133e-06
3.534434e-06
3.531738e-06
3.529046e-06
3.526357e-06
3.523672e-06
3.520990e-06
3.518312e-06
3.515637e-06
3.512966e-06
3.510298e-06
3.507634e-06
3.504973e-06
3.502316e-06
3.499662e-06
3.497011e-06
3.494364e-06
3.491721e-06
3.489081e-06
3.486444e-06
3.483811e-06
3.481181e-06
3.478555e-06
3.475932e-06
3.473312e-06
3.470696e-06
3.468083e-06
3.465474e-06
3.462868e-06
3.460265e-06
3.457666e-06
3.455070e-06
3.452477e-06
3.449888e-06
3.447302e-06
3.444719e-06
3.442140e-06
3.439564e-06
3.436991e-06
3.434422e-06
3.431856e-06
3.429293e-06
3.426734e-06
3.424178e-06
3.421625e-06
3.419075e-06
3.416529e-06
3.413986e-06
3.411446e-06
3.408909e-06
3.406376e-06
3.403846e-06
3.401319e-06
3.398795e-06
3.396275e-06
3.393758e-06
3.391244e-06
3.388733e-06
3.386225e-06
3.383721e-06
3.381220e-06
3.378722e-06
3.376227e-06
3.373735e-06
3.371246e-06
3.368761e-06
3.366279e-06
3.363800e-06
3.361324e-06
3.358851e-06
3.356381e-06
3.353915e-06
3.351451e-06
3.348991e-06
3.346534e-06
3.344080e-06
3.341628e-06
3.339181e-06
3.336736e-06
3.334294e-06
3.331855e-06
3.329419e-06
3.326987e-06
3.324557e-06
3.322131e-06
3.319707e-06
3.317287e-06
3.314870e-06
3.312455e-06
3.310044e-06
3.307636e-06
3.305230e-06
3.302828e-06
3.300429e-06
3.298032e-06
3.295639e-06
3.293249e-06
3.290861e-06
3.288477e-06
3.286096e-06
3.283717e-06
3.281342e-06
3.278969e-06
3.276599e-06
3.274233e-06
3.271869e-06
3.269508e-06
3.267150e-06
3.264795e-06
3.262443e-06
3.260094e-06
3.257748e-06
3.255405e-06
3.253064e-06
3.250727e-06
3.248392e-06
3.246060e-06
3.243732e-06
3.241406e-06
3.239082e-06
3.236762e-06
3.234445e-06
3.232130e-06
3.229818e-06
3.227509e-06
3.225203e-06
3.222900e-06
3.220599e-06
3.218302e-06
3.216007e-06
3.213715e-06
3.211426e-06
3.209139e-06
3.206856e-06
3.204575e-06
3.202297e-06
3.200021e-06
3.197749e-06
3.195479e-06
3.193212e-06
3.190948e-06
3.188687e-06
3.186428e-06
3.184172e-06
3.181919e-06
3.179668e-06
3.177420e-06
3.175175e-06
3.172933e-06
3.170693e-06
3.168456e-06
3.166222e-06
3.163990e-06
3.161762e-06
3.159535e-06
3.157312e-06
3.155091e-06
3.152873e-06
3.150658e-06
3.148445e-06
3.146235e-06
3.144027e-06
3.141822e-06
3.139620e-06
3.137421e-06
3.135224e-06
3.133029e-06
3.130838e-06
3.128649e-06
3.126462e-06
3.124278e-06
3.122097e-06
3.119919e-06
3.117743e-06
3.115569e-06
3.113398e-06
3.111230e-06
3.109065e-06
3.106901e-06
3.104741e-06
3.102583e-06
3.100428e-06
3.098275e-06
3.096124e-06
3.093977e-06
3.091832e-06
3.089689e-06
3.087549e-06
3.085411e-06
3.083276e-06
3.081144e-06
3.079014e-06
3.076886e-06
3.074761e-06
3.072639e-06
3.070519e-06
3.068401e-06
3.066286e-06
3.064173e-06
3.062063e-06
3.059956e-06
3.057851e-06
3.055748e-06
3.053648e-06
3.051550e-06
3.049455e-06
3.047362e-06
3.045272e-06
3.043184e-06
3.041098e-06
3.039015e-06
3.036934e-06
3.034856e-06
3.032780e-06
3.030707e-06
3.028636e-06
3.026567e-06
3.024501e-06
3.022437e-06
3.020376e-06
3.018317e-06
3.016260e-06
3.014206e-06
3.012154e-06
3.010105e-06
3.008058e-06
3.006013e-06
3.003971e-06
3.001931e-06
2.999893e-06
2.997857e-06
2.995824e-06
2.993794e-06
2.991765e-06
2.989739e-06
2.987716e-06
2.985694e-06
2.983675e-06
2.981659e-06
2.979644e-06
2.977632e-06
2.975622e-06
2.973615e-06
2.971610e-06
2.969607e-06
2.967606e-06
2.965608e-06
2.963612e-06
2.961618e-06
2.959626e-06
2.957637e-06
2.955650e-06
2.953665e-06
2.951683e-06
2.949702e-06
2.947724e-06
2.945749e-06
2.943775e-06
2.941804e-06
2.939835e-06
2.937868e-06
2.935903e-06
2.933941e-06
2.931981e-06
2.930023e-06
2.928067e-06
2.926113e-06
2.924162e-06
2.922213e-06
2.920266e-06
2.918321e-06
2.916378e-06
2.914438e-06
2.912500e-06
2.910564e-06
2.908630e-06
2.906698e-06
2.904768e-06
2.902841e-06
2.900916e-06
2.898992e-06
2.897071e-06
2.895153e-06
2.893236e-06
2.891321e-06
2.889409e-06
2.887498e-06
2.885590e-06
2.883684e-06
2.881780e-06
2.879878e-06
2.877978e-06
2.876081e-06
2.874185e-06
2.872292e-06
2.870400e-06
2.868511e-06
2.866624e-06
2.864739e-06
2.862856e-06
2.860975e-06
2.859096e-06
2.857219e-06
2.855344e-06
2.853472e-06
2.851601e-06
2.849732e-06
2.847866e-06
2.846001e-06
2.844139e-06
2.842278e-06
2.840420e-06
2.838564e-06
2.836709e-06
2.834857e-06
2.833007e-06
2.831159e-06
2.829312e-06
2.827468e-06
2.825626e-06
2.823786e-06
2.821947e-06
2.820111e-06
2.818277e-06
2.816445e-06
2.814615e-06
2.812786e-06
2.810960e-06
2.809136e-06
2.807313e-06
2.805493e-06
2.803675e-06
2.801858e-06
2.800044e-06
2.798231e-06
2.796420e-06
2.794612e-06
2.792805e-06
2.791000e-06
2.789198e-06
2.787397e-06
2.785598e-06
2.783801e-06
2.782006e-06
2.780213e-06
2.778421e-06
2.776632e-06
2.774845e-06
2.773059e-06
2.771275e-06
2.769494e-06
2.767714e-06
2.765936e-06
2.764160e-06
2.762386e-06
2.760614e-06
2.758843e-06
2.757075e-06
2.755308e-06
2.753544e-06
2.751781e-06
2.750020e-06
2.748261e-06
2.746503e-06
2.744748e-06
2.742994e-06
2.741243e-06
2.739493e-06
2.737745e-06
2.735999e-06
2.734254e-06
2.732512e-06
2.730771e-06
2.729032e-06
2.727295e-06
2.725560e-06
2.723827e-06
2.722095e-06
2.720366e-06
2.718638e-06
2.716911e-06
2.715187e-06
2.713465e-06
2.711744e-06
2.710025e-06
2.708308e-06
2.706593e-06
2.704879e-06
2.703167e-06
2.701457e-06
2.699749e-06
2.698043e-06
2.696338e-06
2.694635e-06
2.692934e-06
2.691234e-06
2.689537e-06
2.687841e-06
2.686147e-06
2.684455e-06
2.682764e-06
2.681075e-06
2.679388e-06
2.677703e-06
2.676019e-06
2.674337e-06
2.672657e-06
2.670978e-06
2.669302e-06
2.667627e-06
2.665953e-06
2.664282e-06
2.662612e-06
2.660944e-06
2.659277e-06
2.657612e-06
2.655949e-06
2.654288e-06
2.652628e-06
2.650970e-06
2.649314e-06
2.647659e-06
2.646007e-06
2.644355e-06
2.642706e-06
2.641058e-06
2.639412e-06
2.637767e-06
2.636124e-06
2.634483e-06
2.632843e-06
2.631206e-06
2.629569e-06
2.627935e-06
2.626302e-06
2.624671e-06
2.623041e-06
2.621413e-06
2.619787e-06
2.618162e-06
2.616539e-06
2.614917e-06
2.613297e-06
2.611679e-06
2.610063e-06
2.608448e-06
2.606834e-06
2.605223e-06
2.603612e-06
2.602004e-06
2.600397e-06
2.598792e-06
2.597188e-06
2.595586e-06
2.593985e-06
2.592386e-06
2.590789e-06
2.589193e-06
2.587599e-06
2.586007e-06
2.584416e-06
2.582826e-06
2.581238e-06
2.579652e-06
2.578067e-06
2.576484e-06
2.574903e-06
2.573323e-06
2.571744e-06
2.570167e-06
2.568592e-06
2.567018e-06
2.565446e-06
2.563875e-06
2.562306e-06
2.560739e-06
2.559173e-06
2.557608e-06
2.556045e-06
2.554484e-06
2.552924e-06
2.551365e-06
2.549809e-06
2.548253e-06
2.546699e-06
2.545147e-06
2.543596e-06
2.542047e-06
2.540499e-06
2.538953e-06
2.537408e-06
2.535865e-06
2.534323e-06
2.532783e-06
2.531244e-06
2.529707e-06
2.528171e-06
2.526637e-06
2.525104e-06
2.523572e-06
2.522043e-06
2.520514e-06
2.518987e-06
2.517462e-06
2.515938e-06
2.514415e-06
2.512894e-06
2.511375e-06
2.509857e-06
2.508340e-06
2.506825e-06
2.505311e-06
2.503799e-06
2.502288e-06
2.500779e-06
2.499271e-06
2.497764e-06
2.496259e-06
2.494755e-06
2.493253e-06
2.491752e-06
2.490253e-06
2.488755e-06
2.487259e-06
2.485764e-06
2.484270e-06
2.482778e-06
2.481287e-06
2.479798e-06
2.478310e-06
2.476823e-06
2.475338e-06
2.473854e-06
2.472372e-06
2.470891e-06
2.469411e-06
2.467933e-06
2.466457e-06
2.464981e-06
2.463507e-06
2.462035e-06
2.460563e-06
2.459094e-06
2.457625e-06
2.456158e-06
2.454693e-06
2.453228e-06
2.451765e-06
2.450304e-06
2.448844e-06
2.447385e-06
2.445927e-06
2.444471e-06
2.443016e-06
2.441563e-06
2.440111e-06
2.438660e-06
2.437211e-06
2.435763e-06
2.434317e-06
2.432871e-06
2.431427e-06
2.429985e-06
2.428543e-06
2.427104e-06
2.425665e-06
2.424228e-06
2.422792e-06
2.421357e-06
2.419924e-06
2.418492e-06
2.417061e-06
2.415632e-06
2.414204e-06
2.412777e-06
2.411352e-06
2.409928e-06
2.408505e-06
2.407084e-06
2.405664e-06
2.404245e-06
2.402827e-06
2.401411e-06
2.399996e-06
2.398583e-06
2.397170e-06
2.395759e-06
2.394349e-06
2.392941e-06
2.391534e-06
2.390128e-06
2.388723e-06
2.387320e-06
2.385918e-06
2.384517e-06
2.383118e-06
2.381719e-06
2.380322e-06
2.378927e-06
2.377532e-06
2.376139e-06
2.374747e-06
2.373356e-06
2.371967e-06
2.370579e-06
2.369192e-06
2.367806e-06
2.366422e-06
2.365039e-06
2.363657e-06
2.362276e-06
2.360897e-06
2.359519e-06
2.358142e-06
2.356766e-06
2.355392e-06
2.354018e-06
2.352646e-06
2.351276e-06
2.349906e-06
2.348538e-06
2.347171e-06
2.345805e-06
2.344440e-06
2.343077e-06
2.341715e-06
2.340354e-06
2.338994e-06
2.337635e-06
2.336278e-06
2.334922e-06
2.333567e-06
2.332213e-06
2.330861e-06
2.329509e-06
2.328159e-06
2.326810e-06
2.325462e-06
2.324116e-06
2.322770e-06
2.321426e-06
2.320083e-06
2.318741e-06
2.317401e-06
2.316061e-06
2.314723e-06
2.313386e-06
2.312050e-06
2.310715e-06
2.309382e-06
2.308049e-06
2.306718e-06
2.305388e-06
2.304059e-06
2.302731e-06
2.301405e-06
2.300079e-06
2.298755e-06
2.297432e-06
2.296110e-06
2.294789e-06
2.293470e-06
2.292151e-06
2.290834e-06
2.289518e-06
2.288203e-06
2.286889e-06
2.285576e-06
2.284264e-06
2.282954e-06
2.281645e-06
2.280336e-06
2.279029e-06
2.277723e-06
2.276419e-06
2.275115e-06
2.273812e-06
2.272511e-06
2.271211e-06
2.269911e-06
2.268613e-06
2.267316e-06
2.266021e-06
2.264726e-06
2.263432e-06
2.262140e-06
2.260848e-06
2.259558e-06
2.258269e-06
2.256981e-06
2.255694e-06
2.254408e-06
2.253123e-06
2.251840e-06
2.250557e-06
2.249276e-06
2.247995e-06
2.246716e-06
2.245438e-06
2.244161e-06
2.242885e-06
2.241610e-06
2.240336e-06
2.239063e-06
2.237792e-06
2.236521e-06
2.235252e-06
2.233983e-06
2.232716e-06
2.231450e-06
2.230184e-06
2.228920e-06
2.227657e-06
2.226395e-06
2.225134e-06
2.223874e-06
2.222616e-06
2.221358e-06
2.220101e-06
2.218846e-06
2.217591e-06
2.216338e-06
2.215085e-06
2.213834e-06
2.212583e-06
2.211334e-06
2.210086e-06
2.208839e-06
2.207592e-06
2.206347e-06
2.205103e-06
2.203860e-06
2.202618e-06
2.201377e-06
2.200137e-06
2.198898e-06
2.197661e-06
2.196424e-06
2.195188e-06
2.193953e-06
2.192720e-06
2.191487e-06
2.190255e-06
2.189024e-06
2.187795e-06
2.186566e-06
2.185339e-06
2.184112e-06
2.182886e-06
2.181662e-06
2.180438e-06
2.179216e-06
2.177994e-06
2.176774e-06
2.175554e-06
2.174336e-06
2.173118e-06
2.171902e-06
2.170686e-06
2.169472e-06
2.168258e-06
2.167046e-06
2.165835e-06
2.164624e-06
2.163415e-06
2.162206e-06
2.160999e-06
2.159792e-06
2.158586e-06
2.157382e-06
2.156178e-06
2.154976e-06
2.153774e-06
2.152574e-06
2.151374e-06
2.150175e-06
2.148978e-06
2.147781e-06
2.146585e-06
2.145390e-06
2.144197e-06
2.143004e-06
2.141812e-06
2.140621e-06
2.139431e-06
2.138242e-06
2.137054e-06
2.135867e-06
2.134681e-06
2.133496e-06
2.132312e-06
2.131129e-06
2.129947e-06
2.128765e-06
2.127585e-06
2.126406e-06
2.125227e-06
2.124050e-06
2.122873e-06
2.121698e-06
2.120523e-06
2.119349e-06
2.118177e-06
2.117005e-06
2.115834e-06
2.114664e-06
2.113495e-06
2.112327e-06
2.111160e-06
2.109994e-06
2.108829e-06
2.107664e-06
2.106501e-06
2.105339e-06
2.104177e-06
2.103017e-06
2.101857e-06
2.100698e-06
2.099540e-06
2.098383e-06
2.097227e-06
2.096072e-06
2.094918e-06
2.093765e-06
2.092613e-06
2.091461e-06
2.090311e-06
2.089161e-06
2.088013e-06
2.086865e-06
2.085718e-06
2.084572e-06
2.083427e-06
2.082283e-06
2.081140e-06
2.079998e-06
2.078856e-06
2.077716e-06
2.076576e-06
2.075438e-06
2.074300e-06
2.073163e-06
2.072027e-06
2.070892e-06
2.069758e-06
2.068624e-06
2.067492e-06
2.066360e-06
2.065230e-06
2.064100e-06
2.062971e-06
2.061843e-06
2.060716e-06
2.059589e-06
2.058464e-06
2.057340e-06
2.056216e-06
2.055093e-06
2.053971e-06
2.052850e-06
2.051730e-06
2.050611e-06
2.049493e-06
2.048375e-06
2.047259e-06
2.046143e-06
2.045028e-06
2.043914e-06
2.042801e-06
2.041689e-06
2.040577e-06
2.039467e-06
2.038357e-06
2.037248e-06
2.036140e-06
2.035033e-06
2.033927e-06
2.032821e-06
2.031717e-06
2.030613e-06
2.029510e-06
2.028408e-06
2.027307e-06
2.026207e-06
2.025107e-06
2.024009e-06
2.022911e-06
2.021814e-06
2.020718e-06
2.019623e-06
2.018528e-06
2.017435e-06
2.016342e-06
2.015250e-06
2.014159e-06
2.013069e-06
2.011979e-06
2.010891e-06
2.009803e-06
2.008716e-06
2.007630e-06
2.006545e-06
2.005461e-06
2.004377e-06
2.003294e-06
2.002212e-06
2.001131e-06
2.000051e-06
1.998972e-06
1.997893e-06
1.996815e-06
1.995738e-06
1.994662e-06
1.993587e-06
1.992512e-06
1.991439e-06
1.990366e-06
1.989294e-06
1.988222e-06
1.987152e-06
1.986082e-06
1.985013e-06
1.983945e-06
1.982878e-06
1.981812e-06
1.980746e-06
1.979681e-06
1.978617e-06
1.977554e-06
1.976492e-06
1.975430e-06
1.974369e-06
1.973309e-06
1.972250e-06
1.971192e-06
1.970134e-06
1.969077e-06
1.968021e-06
1.966966e-06
1.965911e-06
1.964858e-06
1.963805e-06
1.962753e-06
1.961702e-06
1.960651e-06
1.959601e-06
1.958552e-06
1.957504e-06
1.956457e-06
1.955410e-06
1.954365e-06
1.953320e-06
1.952275e-06
1.951232e-06
1.950189e-06
1.949147e-06
1.948106e-06
1.947066e-06
1.946026e-06
1.944987e-06
1.943949e-06
1.942912e-06
1.941876e-06
1.940840e-06
1.939805e-06
1.938771e-06
1.937737e-06
1.936705e-06
1.935673e-06
1.934642e-06
1.933611e-06
1.932582e-06
1.931553e-06
1.930525e-06
1.929498e-06
1.928471e-06
1.927445e-06
1.926420e-06
1.925396e-06
1.924372e-06
1.923349e-06
1.922327e-06
1.921306e-06
1.920286e-06
1.919266e-06
1.918247e-06
1.917229e-06
1.916211e-06
1.915194e-06
1.914178e-06
1.913163e-06
1.912148e-06
1.911135e-06
1.910121e-06
1.909109e-06
1.908098e-06
1.907087e-06
1.906077e-06
1.905067e-06
1.904059e-06
1.903051e-06
1.902044e-06
1.901037e-06
1.900031e-06
1.899027e-06
1.898022e-06
1.897019e-06
1.896016e-06
1.895014e-06
1.894013e-06
1.893012e-06
1.892012e-06
1.891013e-06
1.890015e-06
1.889017e-06
1.888020e-06
1.887024e-06
1.886029e-06
1.885034e-06
1.884040e-06
1.883046e-06
1.882054e-06
1.881062e-06
1.880071e-06
1.879080e-06
1.878090e-06
1.877101e-06
1.876113e-06
1.875125e-06
1.874139e-06
1.873152e-06
1.872167e-06
1.871182e-06
1.870198e-06
1.869215e-06
1.868232e-06
1.867250e-06
1.866269e-06
1.865289e-06
1.864309e-06
1.863330e-06
1.862351e-06
1.861374e-06
1.860397e-06
1.859420e-06
1.858445e-06
1.857470e-06
1.856496e-06
1.855522e-06
1.854549e-06
1.853577e-06
1.852606e-06
1.851635e-06
1.850665e-06
1.849696e-06
1.848727e-06
1.847759e-06
1.846792e-06
1.845825e-06
1.844859e-06
1.843894e-06
1.842930e-06
1.841966e-06
1.841003e-06
1.840040e-06
1.839079e-06
1.838117e-06
1.837157e-06
1.836197e-06
1.835238e-06
1.834280e-06
1.833322e-06
1.832365e-06
1.831409e-06
1.830453e-06
1.829498e-06
1.828544e-06
1.827591e-06
1.826638e-06
1.825685e-06
1.824734e-06
1.823783e-06
1.822833e-06
1.821883e-06
1.820934e-06
1.819986e-06
1.819039e-06
1.818092e-06
1.817145e-06
1.816200e-06
1.815255e-06
1.814311e-06
1.813367e-06
1.812424e-06
1.811482e-06
1.810541e-06
1.809600e-06
1.808659e-06
1.807720e-06
1.806781e-06
1.805843e-06
1.804905e-06
1.803968e-06
1.803032e-06
1.802096e-06
1.801161e-06
1.800227e-06
1.799293e-06
1.798360e-06
1.797428e-06
1.796496e-06
1.795565e-06
1.794635e-06
1.793705e-06
1.792776e-06
1.791848e-06
1.790920e-06
1.789993e-06
1.789066e-06
1.788140e-06
1.787215e-06
1.786291e-06
1.785367e-06
1.784443e-06
1.783521e-06
1.782599e-06
1.781677e-06
1.780757e-06
1.779837e-06
1.778917e-06
1.777998e-06
1.777080e-06
1.776163e-06
1.775246e-06
1.774330e-06
1.773414e-06
1.772499e-06
1.771585e-06
1.770671e-06
1.769758e-06
1.768846e-06
1.767934e-06
1.767023e-06
1.766112e-06
1.765202e-06
1.764293e-06
1.763384e-06
1.762476e-06
1.761569e-06
1.760662e-06
1.759756e-06
1.758850e-06
1.757946e-06
1.757041e-06
1.756138e-06
1.755235e-06
1.754332e-06
1.753430e-06
1.752529e-06
1.751629e-06
1.750729e-06
1.749830e-06
1.748931e-06
1.748033e-06
1.747135e-06
1.746239e-06
1.745342e-06
1.744447e-06
1.743552e-06
1.742657e-06
1.741764e-06
1.740870e-06
1.739978e-06
1.739086e-06
1.738195e-06
1.737304e-06
1.736414e-06
1.735524e-06
1.734636e-06
1.733747e-06
1.732860e-06
1.731973e-06
1.731086e-06
1.730200e-06
1.729315e-06
1.728431e-06
1.727547e-06
1.726663e-06
1.725780e-06
1.724898e-06
1.724016e-06
1.723135e-06
1.722255e-06
1.721375e-06
1.720496e-06
1.719617e-06
1.718739e-06
1.717862e-06
1.716985e-06
1.716109e-06
1.715233e-06
1.714358e-06
1.713484e-06
1.712610e-06
1.711737e-06
1.710864e-06
1.709992e-06
1.709121e-06
1.708250e-06
1.707379e-06
1.706510e-06
1.705641e-06
1.704772e-06
1.703904e-06
1.703037e-06
1.702170e-06
1.701304e-06
1.700438e-06
1.699573e-06
1.698709e-06
1.697845e-06
1.696982e-06
1.696119e-06
1.695257e-06
1.694395e-06
1.693534e-06
1.692674e-06
1.691814e-06
1.690955e-06
1.690097e-06
1.689239e-06
1.688381e-06
1.687524e-06
1.686668e-06
1.685812e-06
1.684957e-06
1.684102e-06
1.683249e-06
1.682395e-06
1.681542e-06
1.680690e-06
1.679838e-06
1.678987e-06
1.678137e-06
1.677287e-06
1.676437e-06
1.675588e-06
1.674740e-06
1.673892e-06
1.673045e-06
1.672199e-06
1.671353e-06
1.670507e-06
1.669662e-06
1.668818e-06
1.667974e-06
1.667131e-06
1.666289e-06
1.665446e-06
1.664605e-06
1.663764e-06
1.662924e-06
1.662084e-06
1.661245e-06
1.660406e-06
1.659568e-06
1.658730e-06
1.657893e-06
1.657057e-06
1.656221e-06
1.655386e-06
1.654551e-06
1.653717e-06
1.652883e-06
1.652050e-06
1.651217e-06
1.650385e-06
1.649554e-06
1.648723e-06
1.647893e-06
1.647063e-06
1.646234e-06
1.645405e-06
1.644577e-06
1.643749e-06
1.642922e-06
1.642096e-06
1.641270e-06
1.640444e-06
1.639620e-06
1.638795e-06
1.637972e-06
1.637148e-06
1.636326e-06
1.635504e-06
1.634682e-06
1.633861e-06
1.633041e-06
1.632221e-06
1.631401e-06
1.630582e-06
1.629764e-06
1.628946e-06
1.628129e-06
1.627312e-06
1.626496e-06
1.625681e-06
1.624866e-06
1.624051e-06
1.623237e-06
1.622424e-06
1.621611e-06
1.620798e-06
1.619986e-06
1.619175e-06
1.618364e-06
1.617554e-06
1.616744e-06
1.615935e-06
1.615127e-06
1.614318e-06
1.613511e-06
1.612704e-06
1.611897e-06
1.611091e-06
1.610286e-06
1.609481e-06
1.608677e-06
1.607873e-06
1.607069e-06
1.606267e-06
1.605464e-06
1.604662e-06
1.603861e-06
1.603061e-06
1.602260e-06
1.601461e-06
1.600662e-06
1.599863e-06
1.599065e-06
1.598267e-06
1.597470e-06
1.596674e-06
1.595878e-06
1.595082e-06
1.594287e-06
1.593493e-06
1.592699e-06
1.591906e-06
1.591113e-06
1.590320e-06
1.589529e-06
1.588737e-06
1.587946e-06
1.587156e-06
1.586366e-06
1.585577e-06
1.584788e-06
1.584000e-06
1.583212e-06
1.582425e-06
1.581639e-06
1.580852e-06
1.580067e-06
1.579282e-06
1.578497e-06
1.577713e-06
1.576929e-06
1.576146e-06
1.575364e-06
1.574581e-06
1.573800e-06
1.573019e-06
1.572238e-06
1.571458e-06
1.570679e-06
1.569900e-06
1.569121e-06
1.568343e-06
1.567566e-06
1.566789e-06
1.566012e-06
1.565236e-06
1.564461e-06
1.563686e-06
1.562911e-06
1.562137e-06
1.561364e-06
1.560591e-06
1.559818e-06
1.559046e-06
1.558275e-06
1.557504e-06
1.556733e-06
1.555963e-06
1.555194e-06
1.554425e-06
1.553656e-06
1.552888e-06
1.552121e-06
1.551354e-06
1.550587e-06
1.549821e-06
1.549056e-06
1.548291e-06
1.547526e-06
1.546762e-06
1.545999e-06
1.545236e-06
1.544473e-06
1.543711e-06
1.542949e-06
1.542188e-06
1.541428e-06
1.540668e-06
1.539908e-06
1.539149e-06
1.538390e-06
1.537632e-06
1.536875e-06
1.536118e-06
1.535361e-06
1.534605e-06
1.533849e-06
1.533094e-06
1.532339e-06
1.531585e-06
1.530831e-06
1.530078e-06
1.529325e-06
1.528573e-06
1.527821e-06
1.527070e-06
1.526319e-06
1.525568e-06
1.524819e-06
1.524069e-06
1.523320e-06
1.522572e-06
1.521824e-06
1.521076e-06
1.520329e-06
1.519583e-06
1.518837e-06
1.518091e-06
1.517346e-06
1.516602e-06
1.515858e-06
1.515114e-06
1.514371e-06
1.513628e-06
1.512886e-06
1.512144e-06
1.511403e-06
1.510662e-06
1.509922e-06
1.509182e-06
1.508443e-06
1.507704e-06
1.506965e-06
1.506227e-06
1.505490e-06
1.504753e-06
1.504016e-06
1.503280e-06
1.502545e-06
1.501810e-06
1.501075e-06
1.500341e-06
1.499607e-06
1.498874e-06
1.498141e-06
1.497409e-06
1.496677e-06
1.495946e-06
1.495215e-06
1.494484e-06
1.493754e-06
1.493025e-06
1.492296e-06
1.491567e-06
1.490839e-06
1.490111e-06
1.489384e-06
1.488657e-06
1.487931e-06
1.487205e-06
1.486480e-06
1.485755e-06
1.485031e-06
1.484307e-06
1.483583e-06
1.482860e-06
1.482138e-06
1.481416e-06
1.480694e-06
1.479973e-06
1.479252e-06
1.478532e-06
1.477812e-06
1.477093e-06
1.476374e-06
1.475655e-06
1.474937e-06
1.474220e-06
1.473503e-06
1.472786e-06
1.472070e-06
1.471354e-06
1.470639e-06
1.469924e-06
1.469210e-06
1.468496e-06
1.467783e-06
1.467070e-06
1.466357e-06
1.465645e-06
1.464933e-06
1.464222e-06
1.463511e-06
1.462801e-06
1.462091e-06
1.461382e-06
1.460673e-06
1.459964e-06
1.459256e-06
1.458549e-06
1.457842e-06
1.457135e-06
1.456429e-06
1.455723e-06
1.455018e-06
1.454313e-06
1.453608e-06
1.452904e-06
1.452201e-06
1.451498e-06
1.450795e-06
1.450093e-06
1.449391e-06
1.448690e-06
1.447989e-06
1.447288e-06
1.446588e-06
1.445889e-06
1.445189e-06
1.444491e-06
1.443793e-06
1.443095e-06
1.442397e-06
1.441700e-06
1.441004e-06
1.440308e-06
1.439612e-06
1.438917e-06
1.438222e-06
1.437528e-06
1.436834e-06
1.436141e-06
1.435448e-06
1.434755e-06
1.434063e-06
1.433371e-06
1.432680e-06
1.431989e-06
1.431299e-06
1.430609e-06
1.429920e-06
1.429230e-06
1.428542e-06
1.427854e-06
1.427166e-06
1.426479e-06
1.425792e-06
1.425105e-06
1.424419e-06
1.423733e-06
1.423048e-06
1.422364e-06
1.421679e-06
1.420995e-06
1.420312e-06
1.419629e-06
1.418946e-06
1.418264e-06
1.417582e-06
1.416901e-06
1.416220e-06
1.415540e-06
1.414860e-06
1.414180e-06
1.413501e-06
1.412822e-06
1.412144e-06
1.411466e-06
1.410788e-06
1.410111e-06
1.409435e-06
1.408758e-06
1.408083e-06
1.407407e-06
1.406732e-06
1.406058e-06
1.405384e-06
1.404710e-06
1.404037e-06
1.403364e-06
1.402692e-06
1.402020e-06
1.401348e-06
1.400677e-06
1.400006e-06
1.399336e-06
1.398666e-06
1.397996e-06
1.397327e-06
1.396659e-06
1.395991e-06
1.395323e-06
1.394655e-06
1.393988e-06
1.393322e-06
1.392656e-06
1.391990e-06
1.391325e-06
1.390660e-06
1.389995e-06
1.389331e-06
1.388668e-06
1.388004e-06
1.387342e-06
1.386679e-06
1.386017e-06
1.385356e-06
1.384695e-06
1.384034e-06
1.383373e-06
1.382714e-06
1.382054e-06
1.381395e-06
1.380736e-06
1.380078e-06
1.379420e-06
1.378763e-06
1.378106e-06
1.377449e-06
1.376793e-06
1.376137e-06
1.375481e-06
1.374826e-06
1.374172e-06
1.373518e-06
1.372864e-06
1.372210e-06
1.371558e-06
1.370905e-06
1.370253e-06
1.369601e-06
1.368950e-06
1.368299e-06
1.367648e-06
1.366998e-06
1.366348e-06
1.365699e-06
1.365050e-06
1.364402e-06
1.363753e-06
1.363106e-06
1.362458e-06
1.361812e-06
1.361165e-06
1.360519e-06
1.359873e-06
1.359228e-06
1.358583e-06
1.357939e-06
1.357294e-06
1.356651e-06
1.356007e-06
1.355365e-06
1.354722e-06
1.354080e-06
1.353438e-06
1.352797e-06
1.352156e-06
1.351515e-06
1.350875e-06
1.350236e-06
1.349596e-06
1.348957e-06
1.348319e-06
1.347681e-06
1.347043e-06
1.346406e-06
1.345769e-06
1.345132e-06
1.344496e-06
1.343860e-06
1.343225e-06
1.342590e-06
1.341955e-06
1.341321e-06
1.340687e-06
1.340054e-06
1.339421e-06
1.338788e-06
1.338156e-06
1.337524e-06
1.336893e-06
1.336262e-06
1.335631e-06
1.335001e-06
1.334371e-06
1.333741e-06
1.333112e-06
1.332483e-06
1.331855e-06
1.331227e-06
1.330599e-06
1.329972e-06
1.329346e-06
1.328719e-06
1.328093e-06
1.327467e-06
1.326842e-06
1.326217e-06
1.325593e-06
1.324969e-06
1.324345e-06
1.323722e-06
1.323099e-06
1.322476e-06
1.321854e-06
1.321232e-06
1.320611e-06
1.319990e-06
1.319369e-06
1.318749e-06
1.318129e-06
1.317510e-06
1.316891e-06
1.316272e-06
1.315654e-06
1.315036e-06
1.314418e-06
1.313801e-06
1.313184e-06
1.312568e-06
1.311952e-06
1.311336e-06
1.310721e-06
1.310106e-06
1.309491e-06
1.308877e-06
1.308263e-06
1.307650e-06
1.307037e-06
1.306424e-06
1.305812e-06
1.305200e-06
1.304588e-06
1.303977e-06
1.303366e-06
1.302756e-06
1.302146e-06
1.301536e-06
1.300927e-06
1.300318e-06
1.299710e-06
1.299102e-06
1.298494e-06
1.297886e-06
1.297279e-06
1.296673e-06
1.296066e-06
1.295461e-06
1.294855e-06
1.294250e-06
1.293645e-06
1.293041e-06
1.292437e-06
1.291833e-06
1.291230e-06
1.290627e-06
1.290024e-06
1.289422e-06
1.288820e-06
1.288219e-06
1.287617e-06
1.287017e-06
1.286416e-06
1.285816e-06
1.285217e-06
1.284618e-06
1.284019e-06
1.283420e-06
1.282822e-06
1.282224e-06
1.281627e-06
1.281030e-06
1.280433e-06
1.279837e-06
1.279241e-06
1.278645e-06
1.278050e-06
1.277455e-06
1.276861e-06
1.276266e-06
1.275673e-06
1.275079e-06
1.274486e-06
1.273894e-06
1.273301e-06
1.272709e-06
1.272118e-06
1.271526e-06
1.270936e-06
1.270345e-06
1.269755e-06
1.269165e-06
1.268576e-06
1.267987e-06
1.267398e-06
1.266810e-06
1.266222e-06
1.265634e-06
1.265047e-06
1.264460e-06
1.263873e-06
1.263287e-06
1.262701e-06
1.262116e-06
1.261531e-06
1.260946e-06
1.260362e-06
1.259777e-06
1.259194e-06
1.258610e-06
1.258027e-06
1.257445e-06
1.256863e-06
1.256281e-06
1.255699e-06
1.255118e-06
1.254537e-06
1.253957e-06
1.253376e-06
1.252797e-06
1.252217e-06
1.251638e-06
1.251059e-06
1.250481e-06
1.249903e-06
1.249325e-06
1.248748e-06
1.248171e-06
1.247595e-06
1.247018e-06
1.246442e-06
1.245867e-06
1.245292e-06
1.244717e-06
1.244142e-06
1.243568e-06
1.242994e-06
1.242421e-06
1.241848e-06
1.241275e-06
1.240703e-06
1.240130e-06
1.239559e-06
1.238987e-06
1.238416e-06
1.237846e-06
1.237275e-06
1.236705e-06
1.236136e-06
1.235567e-06
1.234998e-06
1.234429e-06
1.233861e-06
1.233293e-06
1.232725e-06
1.232158e-06
1.231591e-06
1.231025e-06
1.230459e-06
1.229893e-06
1.229327e-06
1.228762e-06
1.228197e-06
1.227633e-06
1.227069e-06
1.226505e-06
1.225942e-06
1.225378e-06
1.224816e-06
1.224253e-06
1.223691e-06
1.223130e-06
1.222568e-06
1.222007e-06
1.221446e-06
1.220886e-06
1.220326e-06
1.219766e-06
1.219207e-06
1.218648e-06
1.218089e-06
1.217531e-06
1.216973e-06
1.216415e-06
1.215858e-06
1.215301e-06
1.214745e-06
1.214188e-06
1.213632e-06
1.213077e-06
1.212521e-06
1.211966e-06
1.211412e-06
1.210858e-06
1.210304e-06
1.209750e-06
1.209197e-06
1.208644e-06
1.208091e-06
1.207539e-06
1.206987e-06
1.206435e-06
1.205884e-06
1.205333e-06
1.204783e-06
1.204232e-06
1.203683e-06
1.203133e-06
1.202584e-06
1.202035e-06
1.201486e-06
1.200938e-06
1.200390e-06
1.199842e-06
1.199295e-06
1.198748e-06
1.198202e-06
1.197655e-06
1.197109e-06
1.196564e-06
1.196018e-06
1.195473e-06
1.194929e-06
1.194385e-06
1.193841e-06
1.193297e-06
1.192754e-06
1.192211e-06
1.191668e-06
1.191126e-06
1.190584e-06
1.190042e-06
1.189501e-06
1.188960e-06
1.188419e-06
1.187879e-06
1.187339e-06
1.186799e-06
1.186259e-06
1.185720e-06
1.185182e-06
1.184643e-06
1.184105e-06
1.183567e-06
1.183030e-06
1.182493e-06
1.181956e-06
1.181420e-06
1.180884e-06
1.180348e-06
1.179812e-06
1.179277e-06
1.178742e-06
1.178208e-06
1.177673e-06
1.177140e-06
1.176606e-06
1.176073e-06
1.175540e-06
1.175007e-06
1.174475e-06
1.173943e-06
1.173411e-06
1.172880e-06
1.172349e-06
1.171818e-06
1.171288e-06
1.170758e-06
1.170228e-06
1.169699e-06
1.169170e-06
1.168641e-06
1.168113e-06
1.167585e-06
1.167057e-06
1.166529e-06
1.166002e-06
1.165475e-06
1.164949e-06
1.164423e-06
1.163897e-06
1.163371e-06
1.162846e-06
1.162321e-06
1.161796e-06
1.161272e-06
1.160748e-06
1.160224e-06
1.159701e-06
1.159178e-06
1.158655e-06
1.158133e-06
1.157610e-06
1.157089e-06
1.156567e-06
1.156046e-06
1.155525e-06
1.155005e-06
1.154484e-06
1.153964e-06
1.153445e-06
1.152925e-06
1.152406e-06
1.151888e-06
1.151369e-06
1.150851e-06
1.150334e-06
1.149816e-06
1.149299e-06
1.148782e-06
1.148266e-06
1.147750e-06
1.147234e-06
1.146718e-06
1.146203e-06
1.145688e-06
1.145173e-06
1.144659e-06
1.144145e-06
1.143631e-06
1.143118e-06
1.142605e-06
1.142092e-06
1.141579e-06
1.141067e-06
1.140555e-06
1.140044e-06
1.139532e-06
1.139021e-06
1.138511e-06
1.138000e-06
1.137490e-06
1.136981e-06
1.136471e-06
1.135962e-06
1.135453e-06
1.134945e-06
1.134437e-06
1.133929e-06
1.133421e-06
1.132914e-06
1.132407e-06
1.131900e-06
1.131394e-06
1.130888e-06
1.130382e-06
1.129876e-06
1.129371e-06
1.128866e-06
1.128362e-06
1.127858e-06
1.127354e-06
1.126850e-06
1.126347e-06
1.125843e-06
1.125341e-06
1.124838e-06
1.124336e-06
1.123834e-06
1.123333e-06
1.122831e-06
1.122330e-06
1.121830e-06
1.121329e-06
1.120829e-06
1.120330e-06
1.119830e-06
1.119331e-06
1.118832e-06
1.118333e-06
1.117835e-06
1.117337e-06
1.116840e-06
1.116342e-06
1.115845e-06
1.115348e-06
1.114852e-06
1.114356e-06
1.113860e-06
1.113364e-06
1.112869e-06
1.112374e-06
1.111879e-06
1.111385e-06
1.110890e-06
1.110397e-06
1.109903e-06
1.109410e-06
1.108917e-06
1.108424e-06
1.107932e-06
1.107440e-06
1.106948e-06
1.106457e-06
1.105965e-06
1.105474e-06
1.104984e-06
1.104493e-06
1.104003e-06
1.103514e-06
1.103024e-06
1.102535e-06
1.102046e-06
1.101558e-06
1.101069e-06
1.100581e-06
1.100094e-06
1.099606e-06
1.099119e-06
1.098632e-06
1.098146e-06
1.097660e-06
1.097174e-06
1.096688e-06
1.096203e-06
1.095718e-06
1.095233e-06
1.094748e-06
1.094264e-06
1.093780e-06
1.093296e-06
1.092813e-06
1.092330e-06
1.091847e-06
1.091365e-06
1.090883e-06
1.090401e-06
1.089919e-06
1.089438e-06
1.088957e-06
1.088476e-06
1.087995e-06
1.087515e-06
1.087035e-06
1.086556e-06
1.086076e-06
1.085597e-06
1.085118e-06
1.084640e-06
1.084162e-06
1.083684e-06
1.083206e-06
1.082729e-06
1.082252e-06
1.081775e-06
1.081298e-06
1.080822e-06
1.080346e-06
1.079870e-06
1.079395e-06
1.078920e-06
1.078445e-06
1.077971e-06
1.077496e-06
1.077022e-06
1.076549e-06
1.076075e-06
1.075602e-06
1.075129e-06
1.074657e-06
1.074184e-06
1.073712e-06
1.073241e-06
1.072769e-06
1.072298e-06
1.071827e-06
1.071356e-06
1.070886e-06
1.070416e-06
1.069946e-06
1.069477e-06
1.069008e-06
1.068539e-06
1.068070e-06
1.067602e-06
1.067133e-06
1.066666e-06
1.066198e-06
1.065731e-06
1.065264e-06
1.064797e-06
1.064331e-06
1.063864e-06
1.063398e-06
1.062933e-06
1.062467e-06
1.062002e-06
1.061538e-06
1.061073e-06
1.060609e-06
1.060145e-06
1.059681e-06
1.059218e-06
1.058755e-06
1.058292e-06
1.057829e-06
1.057367e-06
1.056905e-06
1.056443e-06
1.055981e-06
1.055520e-06
1.055059e-06
1.054598e-06
1.054138e-06
1.053678e-06
1.053218e-06
1.052758e-06
1.052299e-06
1.051840e-06
1.051381e-06
1.050923e-06
1.050464e-06
1.050006e-06
1.049549e-06
1.049091e-06
1.048634e-06
1.048177e-06
1.047720e-06
1.047264e-06
1.046808e-06
1.046352e-06
1.045897e-06
1.045441e-06
1.044986e-06
1.044531e-06
1.044077e-06
1.043623e-06
1.043169e-06
1.042715e-06
1.042262e-06
1.041809e-06
1.041356e-06
1.040903e-06
1.040451e-06
1.039999e-06
1.039547e-06
1.039095e-06
1.038644e-06
1.038193e-06
1.037742e-06
1.037292e-06
1.036841e-06
1.036391e-06
1.035942e-06
1.035492e-06
1.035043e-06
1.034594e-06
1.034146e-06
1.033697e-06
1.033249e-06
1.032801e-06
1.032354e-06
1.031906e-06
1.031459e-06
1.031012e-06
1.030566e-06
1.030120e-06
1.029674e-06
1.029228e-06
1.028782e-06
1.028337e-06
1.027892e-06
1.027448e-06
1.027003e-06
1.026559e-06
1.026115e-06
1.025671e-06
1.025228e-06
1.024785e-06
1.024342e-06
1.023899e-06
1.023457e-06
1.023015e-06
1.022573e-06
1.022131e-06
1.021690e-06
1.021249e-06
1.020808e-06
1.020368e-06
1.019927e-06
1.019487e-06
1.019048e-06
1.018608e-06
1.018169e-06
1.017730e-06
1.017291e-06
1.016853e-06
1.016414e-06
1.015976e-06
1.015539e-06
1.015101e-06
1.014664e-06
1.014227e-06
1.013790e-06
1.013354e-06
1.012918e-06
1.012482e-06
1.012046e-06
1.011611e-06
1.011176e-06
1.010741e-06
1.010306e-06
1.009872e-06
1.009438e-06
1.009004e-06
1.008570e-06
1.008137e-06
1.007704e-06
1.007271e-06
1.006838e-06
1.006406e-06
1.005974e-06
1.005542e-06
1.005110e-06
1.004679e-06
1.004248e-06
1.003817e-06
1.003386e-06
1.002956e-06
1.002526e-06
1.002096e-06
1.001666e-06
1.001237e-06
1.000808e-06
1.000379e-06
9.999506e-07
9.995223e-07
9.990942e-07
9.986664e-07
9.982388e-07
9.978114e-07
9.973844e-07
9.969575e-07
9.965309e-07
9.961046e-07
9.956785e-07
9.952527e-07
9.948271e-07
9.944017e-07
9.939766e-07
9.935518e-07
9.931272e-07
9.927028e-07
9.922787e-07
9.918548e-07
9.914312e-07
9.910079e-07
9.905847e-07
9.901619e-07
9.897392e-07
9.893169e-07
9.888947e-07
9.884728e-07
9.880512e-07
9.876298e-07
9.872086e-07
9.867877e-07
9.863671e-07
9.859467e-07
9.855265e-07
9.851066e-07
9.846869e-07
9.842674e-07
9.838483e-07
9.834293e-07
9.830106e-07
9.825921e-07
9.821739e-07
9.817559e-07
9.813382e-07
9.809207e-07
9.805035e-07
9.800865e-07
9.796697e-07
9.792532e-07
9.788369e-07
9.784209e-07
9.780051e-07
9.775895e-07
9.771742e-07
9.767591e-07
9.763443e-07
9.759297e-07
9.755154e-07
9.751013e-07
9.746874e-07
9.742738e-07
9.738604e-07
9.734473e-07
9.730343e-07
9.726217e-07
9.722093e-07
9.717971e-07
9.713851e-07
9.709734e-07
9.705619e-07
9.701507e-07
9.697397e-07
9.693290e-07
9.689185e-07
9.685082e-07
9.680981e-07
9.676883e-07
9.672788e-07
9.668694e-07
9.664603e-07
9.660515e-07
9.656429e-07
9.652345e-07
9.648264e-07
9.644185e-07
9.640108e-07
9.636033e-07
9.631962e-07
9.627892e-07
9.623825e-07
9.619760e-07
9.615697e-07
9.611637e-07
9.607579e-07
9.603524e-07
9.599470e-07
9.595420e-07
9.591371e-07
9.587325e-07
9.583281e-07
9.579240e-07
9.575201e-07
9.571164e-07
9.567130e-07
9.563097e-07
9.559068e-07
9.555040e-07
9.551015e-07
9.546992e-07
9.542972e-07
9.538954e-07
9.534938e-07
9.530924e-07
9.526913e-07
9.522904e-07
9.518898e-07
9.514894e-07
9.510892e-07
9.506892e-07
9.502895e-07
9.498900e-07
9.494907e-07
9.490917e-07
9.486928e-07
9.482943e-07
9.478959e-07
9.474978e-07
9.470999e-07
9.467023e-07
9.463048e-07
9.459076e-07
9.455106e-07
9.451139e-07
9.447174e-07
9.443211e-07
9.439251e-07
9.435292e-07
9.431336e-07
9.427382e-07
9.423431e-07
9.419482e-07
9.415535e-07
9.411590e-07
9.407648e-07
9.403708e-07
9.399770e-07
9.395834e-07
9.391901e-07
9.387970e-07
9.384041e-07
9.380115e-07
9.376191e-07
9.372269e-07
9.368349e-07
9.364432e-07
9.360516e-07
9.356603e-07
9.352693e-07
9.348784e-07
9.344878e-07
9.340974e-07
9.337072e-07
