1.079871e-02
8.450751e-03
1.627332e-02
2.172222e-02
2.424893e-02
2.491017e-02
2.440595e-02
2.320349e-02
2.161475e-02
1.984666e-02
1.803440e-02
1.626386e-02
1.458717e-02
1.303337e-02
1.196932e-02
1.172381e-02
1.137570e-02
1.095303e-02
1.047895e-02
9.972327e-03
9.448332e-03
8.918956e-03
8.393524e-03
7.879141e-03
7.381074e-03
6.903091e-03
6.447749e-03
6.156554e-03
6.063952e-03
5.950818e-03
5.820887e-03
5.677486e-03
5.523560e-03
5.361695e-03
5.194152e-03
5.022891e-03
4.849602e-03
4.675733e-03
4.502511e-03
4.330968e-03
4.161965e-03
3.996209e-03
3.834273e-03
3.676612e-03
3.523578e-03
3.375436e-03
3.232373e-03
3.142722e-03
3.109258e-03
3.071631e-03
3.030359e-03
2.985922e-03
2.938760e-03
2.889280e-03
2.837856e-03
2.784830e-03
2.730512e-03
2.675188e-03
2.619117e-03
2.562531e-03
2.505643e-03
2.448643e-03
2.391701e-03
2.334971e-03
2.278589e-03
2.222675e-03
2.167336e-03
2.112666e-03
2.058745e-03
2.005644e-03
1.953425e-03
1.902138e-03
1.851826e-03
1.802525e-03
1.754263e-03
1.707063e-03
1.660942e-03
1.615912e-03
1.571978e-03
1.541880e-03
1.530637e-03
1.518598e-03
1.505829e-03
1.492394e-03
1.478353e-03
1.463763e-03
1.448679e-03
1.433151e-03
1.417227e-03
1.400953e-03
1.384372e-03
1.367523e-03
1.350444e-03
1.333171e-03
1.315738e-03
1.298175e-03
1.280511e-03
1.262775e-03
1.244991e-03
1.227183e-03
1.209374e-03
1.191585e-03
1.173833e-03
1.156138e-03
1.138515e-03
1.120980e-03
1.103547e-03
1.086229e-03
1.069037e-03
1.051983e-03
1.035077e-03
1.018327e-03
1.001741e-03
9.853284e-04
9.690943e-04
9.530450e-04
9.371860e-04
9.215220e-04
9.060570e-04
8.907947e-04
8.757382e-04
8.608901e-04
8.462526e-04
8.318275e-04
8.176161e-04
8.036194e-04
7.898382e-04
7.762727e-04
7.629231e-04
7.497891e-04
7.368703e-04
7.241661e-04
7.116755e-04
7.077968e-04
7.042640e-04
7.005979e-04
6.968058e-04
6.928950e-04
6.888727e-04
6.847454e-04
6.805198e-04
6.762021e-04
6.717983e-04
6.673143e-04
6.627557e-04
6.581278e-04
6.534359e-04
6.486849e-04
6.438796e-04
6.390246e-04
6.341244e-04
6.291833e-04
6.242052e-04
6.191942e-04
6.141540e-04
6.090881e-04
6.040001e-04
5.988933e-04
5.937708e-04
5.886356e-04
5.834908e-04
5.783390e-04
5.731830e-04
5.680252e-04
5.628681e-04
5.577140e-04
5.525652e-04
5.474237e-04
5.422915e-04
5.371706e-04
5.320627e-04
5.269697e-04
5.218932e-04
5.168346e-04
5.117956e-04
5.067775e-04
5.017816e-04
4.968093e-04
4.918617e-04
4.869399e-04
4.820450e-04
4.771780e-04
4.723398e-04
4.675314e-04
4.627535e-04
4.580070e-04
4.532925e-04
4.486108e-04
4.439625e-04
4.393481e-04
4.347682e-04
4.302233e-04
4.257139e-04
4.212404e-04
4.168031e-04
4.124025e-04
4.080389e-04
4.037125e-04
3.994235e-04
3.951723e-04
3.909590e-04
3.867838e-04
3.826468e-04
3.785482e-04
3.744879e-04
3.704662e-04
3.664831e-04
3.625386e-04
3.586326e-04
3.547652e-04
3.509364e-04
3.471461e-04
3.433943e-04
3.396809e-04
3.360057e-04
3.323687e-04
3.287698e-04
3.252088e-04
3.216856e-04
3.182000e-04
3.147519e-04
3.113410e-04
3.079673e-04
3.046304e-04
3.013303e-04
2.988485e-04
2.979086e-04
2.969473e-04
2.959654e-04
2.949636e-04
2.939426e-04
2.929031e-04
2.918458e-04
2.907714e-04
2.896806e-04
2.885740e-04
2.874522e-04
2.863158e-04
2.851654e-04
2.840017e-04
2.828252e-04
2.816365e-04
2.804360e-04
2.792244e-04
2.780021e-04
2.767697e-04
2.755276e-04
2.742764e-04
2.730165e-04
2.717484e-04
2.704724e-04
2.691892e-04
2.678990e-04
2.666023e-04
2.652995e-04
2.639910e-04
2.626771e-04
2.613584e-04
2.600350e-04
2.587074e-04
2.573759e-04
2.560409e-04
2.547027e-04
2.533615e-04
2.520178e-04
2.506718e-04
2.493239e-04
2.479742e-04
2.466231e-04
2.452708e-04
2.439177e-04
2.425639e-04
2.412098e-04
2.398555e-04
2.385013e-04
2.371475e-04
2.357942e-04
2.344416e-04
2.330901e-04
2.317397e-04
2.303907e-04
2.290433e-04
2.276976e-04
2.263539e-04
2.250123e-04
2.236730e-04
2.223361e-04
2.210019e-04
2.196704e-04
2.183418e-04
2.170163e-04
2.156940e-04
2.143750e-04
2.130595e-04
2.117476e-04
2.104394e-04
2.091350e-04
2.078346e-04
2.065382e-04
2.052461e-04
2.039581e-04
2.026746e-04
2.013955e-04
2.001210e-04
1.988512e-04
1.975860e-04
1.963257e-04
1.950703e-04
1.938198e-04
1.925744e-04
1.913341e-04
1.900990e-04
1.888691e-04
1.876446e-04
1.864254e-04
1.852116e-04
1.840033e-04
1.828005e-04
1.816033e-04
1.804117e-04
1.792258e-04
1.780456e-04
1.768711e-04
1.757025e-04
1.745396e-04
1.733826e-04
1.722315e-04
1.710862e-04
1.699470e-04
1.688136e-04
1.676863e-04
1.665650e-04
1.654497e-04
1.643405e-04
1.632373e-04
1.621403e-04
1.610493e-04
1.599644e-04
1.588856e-04
1.578130e-04
1.567465e-04
1.556862e-04
1.546320e-04
1.535840e-04
1.525421e-04
1.515064e-04
1.504768e-04
1.494534e-04
1.484362e-04
1.474251e-04
1.464202e-04
1.454214e-04
1.444288e-04
1.434423e-04
1.424620e-04
1.414878e-04
1.405196e-04
1.395576e-04
1.386017e-04
1.376519e-04
1.367081e-04
1.357704e-04
1.348388e-04
1.339131e-04
1.329935e-04
1.320799e-04
1.311723e-04
1.302706e-04
1.293749e-04
1.284851e-04
1.276012e-04
1.267233e-04
1.258512e-04
1.249849e-04
1.241245e-04
1.232699e-04
1.224211e-04
1.215781e-04
1.207408e-04
1.199093e-04
1.190834e-04
1.182633e-04
1.174488e-04
1.166399e-04
1.158366e-04
1.150390e-04
1.142468e-04
1.134603e-04
1.126792e-04
1.119036e-04
1.111335e-04
1.103688e-04
1.096095e-04
1.093060e-04
1.090791e-04
1.088493e-04
1.086167e-04
1.083813e-04
1.081433e-04
1.079026e-04
1.076594e-04
1.074137e-04
1.071655e-04
1.069150e-04
1.066621e-04
1.064069e-04
1.061496e-04
1.058900e-04
1.056283e-04
1.053646e-04
1.050989e-04
1.048312e-04
1.045616e-04
1.042901e-04
1.040168e-04
1.037418e-04
1.034650e-04
1.031866e-04
1.029065e-04
1.026248e-04
1.023417e-04
1.020570e-04
1.017709e-04
1.014833e-04
1.011944e-04
1.009042e-04
1.006127e-04
1.003199e-04
1.000260e-04
9.973087e-05
9.943462e-05
9.913729e-05
9.883890e-05
9.853950e-05
9.823912e-05
9.793779e-05
9.763556e-05
9.733246e-05
9.702851e-05
9.672376e-05
9.641823e-05
9.611197e-05
9.580499e-05
9.549733e-05
9.518903e-05
9.488011e-05
9.457061e-05
9.426054e-05
9.394995e-05
9.363886e-05
9.332730e-05
9.301529e-05
9.270287e-05
9.239006e-05
9.207688e-05
9.176337e-05
9.144954e-05
9.113543e-05
9.082105e-05
9.050644e-05
9.019162e-05
8.987660e-05
8.956142e-05
8.924609e-05
8.893064e-05
8.861510e-05
8.829947e-05
8.798379e-05
8.766807e-05
8.735233e-05
8.703660e-05
8.672090e-05
8.640524e-05
8.608964e-05
8.577413e-05
8.545872e-05
8.514342e-05
8.482827e-05
8.451327e-05
8.419844e-05
8.388380e-05
8.356937e-05
8.326471e-05
8.309863e-05
8.293334e-05
8.276885e-05
8.260514e-05
8.244221e-05
8.228006e-05
8.211867e-05
8.195805e-05
8.179818e-05
8.163907e-05
8.148070e-05
8.132306e-05
8.116617e-05
8.101000e-05
8.085456e-05
8.069983e-05
8.054582e-05
8.039252e-05
8.023992e-05
8.008801e-05
7.993680e-05
7.978628e-05
7.963644e-05
7.948727e-05
7.933878e-05
7.919096e-05
7.904380e-05
7.889730e-05
7.875145e-05
7.860624e-05
7.846169e-05
7.831777e-05
7.817449e-05
7.803183e-05
7.788981e-05
7.774840e-05
7.760761e-05
7.746743e-05
7.732786e-05
7.718890e-05
7.705053e-05
7.691276e-05
7.677558e-05
7.663898e-05
7.650297e-05
7.636754e-05
7.623268e-05
7.609839e-05
7.596466e-05
7.583150e-05
7.569890e-05
7.556685e-05
7.543535e-05
7.530440e-05
7.517398e-05
7.504411e-05
7.491478e-05
7.478597e-05
7.465769e-05
7.452994e-05
7.440271e-05
7.427599e-05
7.414979e-05
7.402409e-05
7.389890e-05
7.377422e-05
7.365003e-05
7.352634e-05
7.340314e-05
7.328043e-05
7.315821e-05
7.303646e-05
7.291520e-05
7.279441e-05
7.267409e-05
7.255425e-05
7.243486e-05
7.231595e-05
7.219749e-05
7.207948e-05
7.196193e-05
7.184483e-05
7.172818e-05
7.161197e-05
7.149620e-05
7.138087e-05
7.126598e-05
7.115152e-05
7.103748e-05
7.092388e-05
7.081070e-05
7.069793e-05
7.058559e-05
7.047366e-05
7.036214e-05
7.025104e-05
7.014034e-05
7.003004e-05
6.992014e-05
6.981065e-05
6.970155e-05
6.959284e-05
6.948453e-05
6.937660e-05
6.926906e-05
6.916190e-05
6.905512e-05
6.894872e-05
6.884270e-05
6.873705e-05
6.863177e-05
6.852686e-05
6.842231e-05
6.831813e-05
6.821431e-05
6.811084e-05
6.800774e-05
6.790499e-05
6.780259e-05
6.770054e-05
6.759884e-05
6.749748e-05
6.739646e-05
6.729579e-05
6.719545e-05
6.709545e-05
6.699579e-05
6.689646e-05
6.679745e-05
6.669878e-05
6.660043e-05
6.650240e-05
6.640469e-05
6.630731e-05
6.621024e-05
6.611348e-05
6.601704e-05
6.592092e-05
6.582510e-05
6.572958e-05
6.563438e-05
6.553948e-05
6.544487e-05
6.535057e-05
6.525657e-05
6.516286e-05
6.506945e-05
6.497633e-05
6.488350e-05
6.479095e-05
6.469870e-05
6.460673e-05
6.451504e-05
6.442363e-05
6.433251e-05
6.424166e-05
6.415109e-05
6.406079e-05
6.397077e-05
6.388101e-05
6.379153e-05
6.370231e-05
6.361337e-05
6.352468e-05
6.343626e-05
6.334810e-05
6.326020e-05
6.317255e-05
6.308517e-05
6.299804e-05
6.291116e-05
6.282453e-05
6.273816e-05
6.265203e-05
6.256615e-05
6.248052e-05
6.239513e-05
6.230998e-05
6.222508e-05
6.214041e-05
6.205598e-05
6.197179e-05
6.188784e-05
6.180412e-05
6.172063e-05
6.163738e-05
6.155435e-05
6.147156e-05
6.138899e-05
6.130665e-05
6.122453e-05
6.114263e-05
6.106096e-05
6.097951e-05
6.089827e-05
6.081726e-05
6.073646e-05
6.065588e-05
6.057551e-05
6.049536e-05
6.041541e-05
6.033568e-05
6.025616e-05
6.017684e-05
6.009773e-05
6.001883e-05
5.994013e-05
5.986163e-05
5.978334e-05
5.970525e-05
5.962736e-05
5.954966e-05
5.947217e-05
5.939487e-05
5.931776e-05
5.924085e-05
5.916413e-05
5.908761e-05
5.901127e-05
5.893513e-05
5.885917e-05
5.878340e-05
5.870782e-05
5.863242e-05
5.855721e-05
5.848218e-05
5.840733e-05
5.833267e-05
5.825818e-05
5.818388e-05
5.810975e-05
5.803580e-05
5.796202e-05
5.788842e-05
5.781500e-05
5.774175e-05
5.766867e-05
5.759576e-05
5.752302e-05
5.745046e-05
5.737806e-05
5.730582e-05
5.723376e-05
5.716186e-05
5.709013e-05
5.701856e-05
5.694715e-05
5.687590e-05
5.680482e-05
5.673390e-05
5.666313e-05
5.659253e-05
5.652208e-05
5.645179e-05
5.638166e-05
5.631168e-05
5.624185e-05
5.617218e-05
5.610267e-05
5.603330e-05
5.596409e-05
5.589502e-05
5.582611e-05
5.575734e-05
5.568872e-05
5.562025e-05
5.555193e-05
5.548375e-05
5.541572e-05
5.534783e-05
5.528008e-05
5.521248e-05
5.514501e-05
5.507769e-05
5.501051e-05
5.494347e-05
5.487657e-05
5.480981e-05
5.474318e-05
5.467669e-05
5.461034e-05
5.454412e-05
5.447803e-05
5.441209e-05
5.434627e-05
5.428059e-05
5.421503e-05
5.414961e-05
5.408432e-05
5.401916e-05
5.395413e-05
5.388923e-05
5.382446e-05
5.375981e-05
5.369529e-05
5.363089e-05
5.356663e-05
5.350248e-05
5.343846e-05
5.337456e-05
5.331079e-05
5.324714e-05
5.318361e-05
5.312020e-05
5.305691e-05
5.299375e-05
5.293070e-05
5.286777e-05
5.280495e-05
5.274226e-05
5.267968e-05
5.261722e-05
5.255487e-05
5.249264e-05
5.243053e-05
5.236853e-05
5.230664e-05
5.224487e-05
5.218320e-05
5.212165e-05
5.206021e-05
5.199889e-05
5.193767e-05
5.187656e-05
5.181556e-05
5.175467e-05
5.169389e-05
5.163322e-05
5.157265e-05
5.151219e-05
5.145184e-05
5.139159e-05
5.133145e-05
5.127141e-05
5.121148e-05
5.115165e-05
5.109193e-05
5.103230e-05
5.097278e-05
5.091336e-05
5.085405e-05
5.079483e-05
5.073572e-05
5.067670e-05
5.061778e-05
5.055897e-05
5.050025e-05
5.044163e-05
5.038311e-05
5.032468e-05
5.026635e-05
5.020812e-05
5.014999e-05
5.009195e-05
5.003400e-05
4.997615e-05
4.991840e-05
4.986074e-05
4.980317e-05
4.974570e-05
4.968831e-05
4.963103e-05
4.957383e-05
4.951672e-05
4.945971e-05
4.940278e-05
4.934595e-05
4.928921e-05
4.923255e-05
4.917599e-05
4.911951e-05
4.906312e-05
4.900682e-05
4.895061e-05
4.889448e-05
4.883845e-05
4.878250e-05
4.872663e-05
4.867085e-05
4.861516e-05
4.855955e-05
4.850402e-05
4.844859e-05
4.839323e-05
4.833796e-05
4.828277e-05
4.822766e-05
4.817264e-05
4.811770e-05
4.806284e-05
4.800807e-05
4.795337e-05
4.789876e-05
4.784422e-05
4.778977e-05
4.773540e-05
4.768110e-05
4.762689e-05
4.757276e-05
4.751870e-05
4.746472e-05
4.741082e-05
4.735700e-05
4.730326e-05
4.724959e-05
4.719600e-05
4.714249e-05
4.708905e-05
4.703569e-05
4.698241e-05
4.692920e-05
4.687606e-05
4.682300e-05
4.677002e-05
4.671711e-05
4.666427e-05
4.661151e-05
4.655882e-05
4.650620e-05
4.645366e-05
4.640119e-05
4.634879e-05
4.629647e-05
4.624421e-05
4.619203e-05
4.613992e-05
4.608788e-05
4.603591e-05
4.598401e-05
4.593218e-05
4.588042e-05
4.582874e-05
4.577712e-05
4.572557e-05
4.567409e-05
4.562267e-05
4.557133e-05
4.552006e-05
4.546885e-05
4.541771e-05
4.536664e-05
4.531563e-05
4.526470e-05
4.521383e-05
4.516302e-05
4.511229e-05
4.506161e-05
4.501101e-05
4.496047e-05
4.491000e-05
4.485959e-05
4.480924e-05
4.475897e-05
4.470875e-05
4.465860e-05
4.460852e-05
4.455849e-05
4.450854e-05
4.445864e-05
4.440881e-05
4.435904e-05
4.430934e-05
4.425970e-05
4.421012e-05
4.416060e-05
4.411114e-05
4.406175e-05
4.401242e-05
4.396315e-05
4.391394e-05
4.386479e-05
4.381571e-05
4.376668e-05
4.371771e-05
4.366881e-05
4.361996e-05
4.357118e-05
4.352245e-05
4.347379e-05
4.342518e-05
4.337664e-05
4.332815e-05
4.327972e-05
4.323135e-05
4.318304e-05
4.313478e-05
4.308659e-05
4.303845e-05
4.299037e-05
4.294235e-05
4.289438e-05
4.284648e-05
4.279863e-05
4.275083e-05
4.270310e-05
4.265542e-05
4.260779e-05
4.256023e-05
4.251271e-05
4.246526e-05
4.241786e-05
4.237052e-05
4.232323e-05
4.227600e-05
4.222882e-05
4.218170e-05
4.213463e-05
4.208761e-05
4.204066e-05
4.199375e-05
4.194690e-05
4.190011e-05
4.185337e-05
4.180668e-05
4.176004e-05
4.171346e-05
4.166694e-05
4.162046e-05
4.157404e-05
4.152767e-05
4.148136e-05
4.143509e-05
4.138888e-05
4.134273e-05
4.129662e-05
4.125057e-05
4.120457e-05
4.115862e-05
4.111272e-05
4.106687e-05
4.102108e-05
4.097533e-05
4.092964e-05
4.088400e-05
4.083841e-05
4.079287e-05
4.074738e-05
4.070194e-05
4.065656e-05
4.061122e-05
4.056593e-05
4.052069e-05
4.047551e-05
4.043037e-05
4.038528e-05
4.034024e-05
4.029525e-05
4.025031e-05
4.020542e-05
4.016058e-05
4.011579e-05
4.007104e-05
4.002635e-05
3.998170e-05
3.993711e-05
3.989256e-05
3.984806e-05
3.980360e-05
3.975920e-05
3.971484e-05
3.967053e-05
3.962627e-05
3.958206e-05
3.953789e-05
3.949377e-05
3.944970e-05
3.940568e-05
3.936170e-05
3.931777e-05
3.927389e-05
3.923005e-05
3.918626e-05
3.914252e-05
3.909882e-05
3.905517e-05
3.901157e-05
3.896801e-05
3.892450e-05
3.888103e-05
3.883761e-05
3.879424e-05
3.875091e-05
3.870763e-05
3.866439e-05
3.862120e-05
3.857805e-05
3.853495e-05
3.849189e-05
3.844888e-05
3.840592e-05
3.836300e-05
3.832012e-05
3.827729e-05
3.823450e-05
3.819176e-05
3.814906e-05
3.810641e-05
3.806380e-05
3.802123e-05
3.797871e-05
3.793623e-05
3.789380e-05
3.785141e-05
3.780907e-05
3.776676e-05
3.772451e-05
3.768229e-05
3.764012e-05
3.759799e-05
3.755591e-05
3.751387e-05
3.747187e-05
3.742991e-05
3.738800e-05
3.734613e-05
3.730430e-05
3.726252e-05
3.722078e-05
3.717908e-05
3.713742e-05
3.709581e-05
3.705423e-05
3.701270e-05
3.697122e-05
3.692977e-05
3.688837e-05
3.684701e-05
3.680569e-05
3.676441e-05
3.672318e-05
3.668198e-05
3.664083e-05
3.659972e-05
3.655865e-05
3.651762e-05
3.647663e-05
3.643569e-05
3.639478e-05
3.635392e-05
3.631310e-05
3.627232e-05
3.623158e-05
3.619088e-05
3.615022e-05
3.610960e-05
3.606903e-05
3.602849e-05
3.598799e-05
3.594754e-05
3.590712e-05
3.586675e-05
3.582641e-05
3.578612e-05
3.574587e-05
3.570565e-05
3.566548e-05
3.562535e-05
3.558525e-05
3.554520e-05
3.550518e-05
3.546521e-05
3.542527e-05
3.538538e-05
3.534552e-05
3.530571e-05
3.526593e-05
3.522619e-05
3.518650e-05
3.514684e-05
3.510722e-05
3.506764e-05
3.502810e-05
3.498860e-05
3.494913e-05
3.490971e-05
3.487033e-05
3.483098e-05
3.479167e-05
3.475240e-05
3.471317e-05
3.467398e-05
3.463483e-05
3.459572e-05
3.455664e-05
3.451760e-05
3.447860e-05
3.443964e-05
3.440072e-05
3.436184e-05
3.432299e-05
3.428418e-05
3.424541e-05
3.420668e-05
3.416799e-05
3.412933e-05
3.409071e-05
3.405213e-05
3.401359e-05
3.397509e-05
3.393662e-05
3.389819e-05
3.385980e-05
3.382145e-05
3.378313e-05
3.374485e-05
3.370661e-05
3.366841e-05
3.363024e-05
3.359211e-05
3.355402e-05
3.351596e-05
3.347794e-05
3.343996e-05
3.340202e-05
3.336411e-05
3.332624e-05
3.328841e-05
3.325061e-05
3.321285e-05
3.317513e-05
3.313744e-05
3.309980e-05
3.306218e-05
3.302461e-05
3.298707e-05
3.294957e-05
3.291210e-05
3.287467e-05
3.283728e-05
3.279992e-05
3.276260e-05
3.272531e-05
3.268807e-05
3.265085e-05
3.261368e-05
3.257654e-05
3.253944e-05
3.250237e-05
3.246534e-05
3.242834e-05
3.239138e-05
3.235446e-05
3.231757e-05
3.228072e-05
3.224390e-05
3.220712e-05
3.217038e-05
3.213367e-05
3.209700e-05
3.206036e-05
3.202376e-05
3.198719e-05
3.195066e-05
3.191417e-05
3.187771e-05
3.184128e-05
3.180489e-05
3.176854e-05
3.173222e-05
3.169594e-05
3.165969e-05
3.162348e-05
3.158730e-05
3.155116e-05
3.151505e-05
3.147898e-05
3.144294e-05
3.140694e-05
3.137097e-05
3.133504e-05
3.129914e-05
3.126328e-05
3.122745e-05
3.119165e-05
3.115590e-05
3.112017e-05
3.108448e-05
3.104883e-05
3.101321e-05
3.097762e-05
3.094207e-05
3.090656e-05
3.087108e-05
3.083563e-05
3.080022e-05
3.076484e-05
3.072949e-05
3.069418e-05
3.065891e-05
3.062367e-05
3.058846e-05
3.055329e-05
3.051815e-05
3.048305e-05
3.044798e-05
3.041294e-05
3.037794e-05
3.034297e-05
3.030804e-05
3.027314e-05
3.023827e-05
3.020344e-05
3.016864e-05
3.013388e-05
3.009915e-05
3.006445e-05
3.002979e-05
2.999516e-05
2.996057e-05
2.992600e-05
2.989148e-05
2.985698e-05
2.982252e-05
2.978810e-05
2.975370e-05
2.971934e-05
2.968502e-05
2.965072e-05
2.961647e-05
2.958224e-05
2.954805e-05
2.951389e-05
2.947976e-05
2.944567e-05
2.941161e-05
2.937759e-05
2.934359e-05
2.930963e-05
2.927571e-05
2.924181e-05
2.920796e-05
2.917413e-05
2.914034e-05
2.910657e-05
2.907285e-05
2.903915e-05
2.900549e-05
2.897186e-05
2.893827e-05
2.890471e-05
2.887118e-05
2.883768e-05
2.880421e-05
2.877078e-05
2.873739e-05
2.870402e-05
2.867069e-05
2.863739e-05
2.860412e-05
2.857089e-05
2.853768e-05
2.850451e-05
2.847138e-05
2.843827e-05
2.840520e-05
2.837216e-05
2.833916e-05
2.830618e-05
2.827324e-05
2.824033e-05
2.820745e-05
2.817461e-05
2.814180e-05
2.810902e-05
2.807627e-05
2.804355e-05
2.801087e-05
2.797822e-05
2.794560e-05
2.791302e-05
2.788046e-05
2.784794e-05
2.781545e-05
2.778299e-05
2.775057e-05
2.771818e-05
2.768581e-05
2.765349e-05
2.762119e-05
2.758892e-05
2.755669e-05
2.752449e-05
2.749232e-05
2.746018e-05
2.742808e-05
2.739600e-05
2.736396e-05
2.733195e-05
2.729997e-05
2.726803e-05
2.723611e-05
2.720423e-05
2.717238e-05
2.714056e-05
2.710877e-05
2.707701e-05
2.704529e-05
2.701359e-05
2.698193e-05
2.695030e-05
2.691870e-05
2.688714e-05
2.685560e-05
2.682410e-05
2.679263e-05
2.676119e-05
2.672978e-05
2.669840e-05
2.666705e-05
2.663574e-05
2.660445e-05
2.657320e-05
2.654198e-05
2.651079e-05
2.647963e-05
2.644850e-05
2.641740e-05
2.638634e-05
2.635530e-05
2.632430e-05
2.629333e-05
2.626239e-05
2.623148e-05
2.620060e-05
2.616975e-05
2.613894e-05
2.610815e-05
2.607740e-05
2.604667e-05
2.601598e-05
2.598532e-05
2.595469e-05
2.592409e-05
2.589352e-05
2.586298e-05
2.583248e-05
2.580200e-05
2.577155e-05
2.574114e-05
2.571076e-05
2.568040e-05
2.565008e-05
2.561979e-05
2.558953e-05
2.555930e-05
2.552910e-05
2.549893e-05
2.546879e-05
2.543868e-05
2.540861e-05
2.537856e-05
2.534854e-05
2.531856e-05
2.528860e-05
2.525868e-05
2.522878e-05
2.519892e-05
2.516909e-05
2.513928e-05
2.510951e-05
2.507977e-05
2.505006e-05
2.502038e-05
2.499073e-05
2.496110e-05
2.493151e-05
2.490195e-05
2.487242e-05
2.484292e-05
2.481345e-05
2.478402e-05
2.475461e-05
2.472523e-05
2.469588e-05
2.466656e-05
2.463727e-05
2.460801e-05
2.457878e-05
2.454959e-05
2.452042e-05
2.449128e-05
2.446217e-05
2.443309e-05
2.440404e-05
2.437503e-05
2.434604e-05
2.431708e-05
2.428815e-05
2.425925e-05
2.423038e-05
2.420154e-05
2.417273e-05
2.414395e-05
2.411520e-05
2.408648e-05
2.405779e-05
2.402913e-05
2.400050e-05
2.397190e-05
2.394333e-05
2.391479e-05
2.388628e-05
2.385779e-05
2.382934e-05
2.380092e-05
2.377252e-05
2.374416e-05
2.371582e-05
2.368752e-05
2.365924e-05
2.363100e-05
2.360278e-05
2.357459e-05
2.354643e-05
2.351831e-05
2.349021e-05
2.346214e-05
2.343410e-05
2.340609e-05
2.337810e-05
2.335015e-05
2.332223e-05
2.329433e-05
2.326647e-05
2.323863e-05
2.321083e-05
2.318305e-05
2.315530e-05
2.312759e-05
2.309990e-05
2.307224e-05
2.304460e-05
2.301700e-05
2.298943e-05
2.296189e-05
2.293437e-05
2.290689e-05
2.287943e-05
2.285200e-05
2.282460e-05
2.279723e-05
2.276989e-05
2.274258e-05
2.271530e-05
2.268804e-05
2.266082e-05
2.263362e-05
2.260645e-05
2.257931e-05
2.255220e-05
2.252512e-05
2.249807e-05
2.247105e-05
2.244405e-05
2.241709e-05
2.239015e-05
2.236324e-05
2.233636e-05
2.230951e-05
2.228269e-05
2.225589e-05
2.222913e-05
2.220239e-05
2.217568e-05
2.214900e-05
2.212235e-05
2.209573e-05
2.206913e-05
2.204257e-05
2.201603e-05
2.198952e-05
2.196304e-05
2.193659e-05
2.191016e-05
2.188377e-05
2.185740e-05
2.183106e-05
2.180475e-05
2.177847e-05
2.175222e-05
2.172599e-05
2.169980e-05
2.167363e-05
2.164749e-05
2.162137e-05
2.159529e-05
2.156923e-05
2.154321e-05
2.151721e-05
2.149123e-05
2.146529e-05
2.143938e-05
2.141349e-05
2.138763e-05
2.136180e-05
2.133599e-05
2.131022e-05
2.128447e-05
2.125875e-05
2.123306e-05
2.120740e-05
2.118176e-05
2.115616e-05
2.113058e-05
2.110503e-05
2.107950e-05
2.105401e-05
2.102854e-05
2.100310e-05
2.097768e-05
2.095230e-05
2.092694e-05
2.090161e-05
2.087631e-05
2.085104e-05
2.082579e-05
2.080057e-05
2.077538e-05
2.075022e-05
2.072508e-05
2.069998e-05
2.067490e-05
2.064984e-05
2.062482e-05
2.059982e-05
2.057485e-05
2.054991e-05
2.052499e-05
2.050010e-05
2.047524e-05
2.045041e-05
2.042560e-05
2.040083e-05
2.037608e-05
2.035135e-05
2.032666e-05
2.030199e-05
2.027735e-05
2.025273e-05
2.022815e-05
2.020359e-05
2.017905e-05
2.015455e-05
2.013007e-05
2.010562e-05
2.008120e-05
2.005680e-05
2.003243e-05
2.000809e-05
1.998377e-05
1.995949e-05
1.993523e-05
1.991099e-05
1.988679e-05
1.986261e-05
1.983845e-05
1.981433e-05
1.979023e-05
1.976616e-05
1.974211e-05
1.971809e-05
1.969410e-05
1.967014e-05
1.964620e-05
1.962229e-05
1.959841e-05
1.957455e-05
1.955072e-05
1.952692e-05
1.950314e-05
1.947939e-05
1.945567e-05
1.943197e-05
1.940830e-05
1.938466e-05
1.936104e-05
1.933745e-05
1.931389e-05
1.929035e-05
1.926684e-05
1.924336e-05
1.921991e-05
1.919647e-05
1.917307e-05
1.914969e-05
1.912634e-05
1.910302e-05
1.907972e-05
1.905645e-05
1.903321e-05
1.900999e-05
1.898680e-05
1.896363e-05
1.894049e-05
1.891738e-05
1.889429e-05
1.887123e-05
1.884820e-05
1.882519e-05
1.880221e-05
1.877925e-05
1.875632e-05
1.873342e-05
1.871054e-05
1.868769e-05
1.866487e-05
1.864207e-05
1.861930e-05
1.859655e-05
1.857383e-05
1.855114e-05
1.852847e-05
1.850583e-05
1.848321e-05
1.846062e-05
1.843806e-05
1.841552e-05
1.839301e-05
1.837052e-05
1.834806e-05
1.832563e-05
1.830322e-05
1.828083e-05
1.825848e-05
1.823615e-05
1.821384e-05
1.819156e-05
1.816931e-05
1.814708e-05
1.812488e-05
1.810270e-05
1.808055e-05
1.805842e-05
1.803632e-05
1.801425e-05
1.799220e-05
1.797018e-05
1.794818e-05
1.792621e-05
1.790426e-05
1.788234e-05
1.786045e-05
1.783858e-05
1.781673e-05
1.779491e-05
1.777312e-05
1.775135e-05
1.772961e-05
1.770789e-05
1.768620e-05
1.766453e-05
1.764289e-05
1.762128e-05
1.759969e-05
1.757812e-05
1.755658e-05
1.753507e-05
1.751358e-05
1.749211e-05
1.747067e-05
1.744926e-05
1.742787e-05
1.740651e-05
1.738517e-05
1.736385e-05
1.734257e-05
1.732130e-05
1.730006e-05
1.727885e-05
1.725766e-05
1.723650e-05
1.721536e-05
1.719425e-05
1.717316e-05
1.715210e-05
1.713106e-05
1.711004e-05
1.708905e-05
1.706809e-05
1.704715e-05
1.702624e-05
1.700535e-05
1.698448e-05
1.696364e-05
1.694283e-05
1.692204e-05
1.690127e-05
1.688053e-05
1.685981e-05
1.683912e-05
1.681845e-05
1.679781e-05
1.677719e-05
1.675660e-05
1.673603e-05
1.671548e-05
1.669496e-05
1.667447e-05
1.665400e-05
1.663355e-05
1.661313e-05
1.659273e-05
1.657236e-05
1.655201e-05
1.653169e-05
1.651138e-05
1.649111e-05
1.647086e-05
1.645063e-05
1.643043e-05
1.641025e-05
1.639009e-05
1.636996e-05
1.634986e-05
1.632978e-05
1.630972e-05
1.628969e-05
1.626968e-05
1.624969e-05
1.622973e-05
1.620979e-05
1.618988e-05
1.616999e-05
1.615013e-05
1.613028e-05
1.611047e-05
1.609067e-05
1.607091e-05
1.605116e-05
1.603144e-05
1.601174e-05
1.599207e-05
1.597242e-05
1.595279e-05
1.593319e-05
1.591361e-05
1.589406e-05
1.587453e-05
1.585502e-05
1.583554e-05
1.581608e-05
1.579664e-05
1.577723e-05
1.575784e-05
1.573848e-05
1.571914e-05
1.569982e-05
1.568053e-05
1.566126e-05
1.564201e-05
1.562279e-05
1.560359e-05
1.558441e-05
1.556526e-05
1.554613e-05
1.552702e-05
1.550794e-05
1.548888e-05
1.546984e-05
1.545083e-05
1.543184e-05
1.541288e-05
1.539393e-05
1.537502e-05
1.535612e-05
1.533725e-05
1.531840e-05
1.529957e-05
1.528077e-05
1.526199e-05
1.524323e-05
1.522450e-05
1.520579e-05
1.518710e-05
1.516844e-05
1.514979e-05
1.513118e-05
1.511258e-05
1.509401e-05
1.507546e-05
1.505693e-05
1.503843e-05
1.501995e-05
1.500149e-05
1.498306e-05
1.496465e-05
1.494626e-05
1.492789e-05
1.490955e-05
1.489123e-05
1.487293e-05
1.485466e-05
1.483640e-05
1.481817e-05
1.479997e-05
1.478178e-05
1.476362e-05
1.474548e-05
1.472737e-05
1.470927e-05
1.469120e-05
1.467316e-05
1.465513e-05
1.463713e-05
1.461915e-05
1.460119e-05
1.458325e-05
1.456534e-05
1.454745e-05
1.452958e-05
1.451173e-05
1.449391e-05
1.447611e-05
1.445833e-05
1.444057e-05
1.442284e-05
1.440513e-05
1.438744e-05
1.436977e-05
1.435212e-05
1.433450e-05
1.431690e-05
1.429932e-05
1.428176e-05
1.426423e-05
1.424672e-05
1.422923e-05
1.421176e-05
1.419431e-05
1.417689e-05
1.415949e-05
1.414211e-05
1.412475e-05
1.410741e-05
1.409010e-05
1.407281e-05
1.405554e-05
1.403829e-05
1.402106e-05
1.400386e-05
1.398667e-05
1.396951e-05
1.395237e-05
1.393526e-05
1.391816e-05
1.390109e-05
1.388403e-05
1.386700e-05
1.385000e-05
1.383301e-05
1.381604e-05
1.379910e-05
1.378218e-05
1.376528e-05
1.374840e-05
1.373154e-05
1.371470e-05
1.369789e-05
1.368109e-05
1.366432e-05
1.364757e-05
1.363084e-05
1.361414e-05
1.359745e-05
1.358079e-05
1.356414e-05
1.354752e-05
1.353092e-05
1.351434e-05
1.349778e-05
1.348124e-05
1.346473e-05
1.344823e-05
1.343176e-05
1.341531e-05
1.339888e-05
1.338247e-05
1.336608e-05
1.334971e-05
1.333337e-05
1.331704e-05
1.330074e-05
1.328445e-05
1.326819e-05
1.325195e-05
1.323573e-05
1.321953e-05
1.320335e-05
1.318719e-05
1.317106e-05
1.315494e-05
1.313885e-05
1.312277e-05
1.310672e-05
1.309069e-05
1.307467e-05
1.305868e-05
1.304271e-05
1.302676e-05
1.301084e-05
1.299493e-05
1.297904e-05
1.296317e-05
1.294733e-05
1.293150e-05
1.291570e-05
1.289991e-05
1.288415e-05
1.286840e-05
1.285268e-05
1.283698e-05
1.282130e-05
1.280564e-05
1.278999e-05
1.277437e-05
1.275877e-05
1.274319e-05
1.272763e-05
1.271209e-05
1.269658e-05
1.268108e-05
1.266560e-05
1.265014e-05
1.263470e-05
1.261929e-05
1.260389e-05
1.258851e-05
1.257315e-05
1.255782e-05
1.254250e-05
1.252720e-05
1.251193e-05
1.249667e-05
1.248143e-05
1.246622e-05
1.245102e-05
1.243584e-05
1.242069e-05
1.240555e-05
1.239043e-05
1.237534e-05
1.236026e-05
1.234520e-05
1.233017e-05
1.231515e-05
1.230015e-05
1.228517e-05
1.227022e-05
1.225528e-05
1.224036e-05
1.222546e-05
1.221058e-05
1.219572e-05
1.218088e-05
1.216606e-05
1.215126e-05
1.213648e-05
1.212172e-05
1.210698e-05
1.209225e-05
1.207755e-05
1.206287e-05
1.204821e-05
1.203356e-05
1.201894e-05
1.200433e-05
1.198974e-05
1.197518e-05
1.196063e-05
1.194610e-05
1.193159e-05
1.191711e-05
1.190264e-05
1.188818e-05
1.187375e-05
1.185934e-05
1.184495e-05
1.183057e-05
1.181622e-05
1.180188e-05
1.178757e-05
1.177327e-05
1.175899e-05
1.174473e-05
1.173049e-05
1.171627e-05
1.170207e-05
1.168789e-05
1.167372e-05
1.165958e-05
1.164545e-05
1.163135e-05
1.161726e-05
1.160319e-05
1.158914e-05
1.157511e-05
1.156109e-05
1.154710e-05
1.153312e-05
1.151917e-05
1.150523e-05
1.149131e-05
1.147741e-05
1.146353e-05
1.144967e-05
1.143582e-05
1.142200e-05
1.140819e-05
1.139440e-05
1.138063e-05
1.136688e-05
1.135315e-05
1.133943e-05
1.132574e-05
1.131206e-05
1.129840e-05
1.128476e-05
1.127114e-05
1.125754e-05
1.124395e-05
1.123039e-05
1.121684e-05
1.120331e-05
1.118980e-05
1.117630e-05
1.116283e-05
1.114937e-05
1.113593e-05
1.112251e-05
1.110911e-05
1.109572e-05
1.108236e-05
1.106901e-05
1.105568e-05
1.104237e-05
1.102908e-05
1.101580e-05
1.100254e-05
1.098930e-05
1.097608e-05
1.096288e-05
1.094969e-05
1.093653e-05
1.092338e-05
1.091024e-05
1.089713e-05
1.088404e-05
1.087096e-05
1.085790e-05
1.084485e-05
1.083183e-05
1.081882e-05
1.080583e-05
1.079286e-05
1.077991e-05
1.076697e-05
1.075405e-05
1.074115e-05
1.072827e-05
1.071541e-05
1.070256e-05
1.068973e-05
1.067691e-05
1.066412e-05
1.065134e-05
1.063858e-05
1.062584e-05
1.061311e-05
1.060041e-05
1.058772e-05
1.057504e-05
1.056239e-05
1.054975e-05
1.053713e-05
1.052453e-05
1.051194e-05
1.049937e-05
1.048682e-05
1.047429e-05
1.046177e-05
1.044927e-05
1.043679e-05
1.042432e-05
1.041187e-05
1.039944e-05
1.038703e-05
1.037463e-05
1.036225e-05
1.034989e-05
1.033754e-05
1.032521e-05
1.031290e-05
1.030061e-05
1.028833e-05
1.027607e-05
1.026382e-05
1.025160e-05
1.023939e-05
1.022720e-05
1.021502e-05
1.020286e-05
1.019072e-05
1.017859e-05
1.016648e-05
1.015439e-05
1.014231e-05
1.013026e-05
1.011821e-05
1.010619e-05
1.009418e-05
1.008219e-05
1.007021e-05
1.005825e-05
1.004631e-05
1.003439e-05
1.002248e-05
1.001058e-05
9.998708e-06
9.986849e-06
9.975006e-06
9.963179e-06
9.951369e-06
9.939576e-06
9.927798e-06
9.916037e-06
9.904293e-06
9.892565e-06
9.880853e-06
9.869157e-06
9.857478e-06
9.845815e-06
9.834169e-06
9.822538e-06
9.810924e-06
9.799326e-06
9.787744e-06
9.776179e-06
9.764629e-06
9.753096e-06
9.741579e-06
9.730077e-06
9.718592e-06
9.707123e-06
9.695670e-06
9.684233e-06
9.672812e-06
9.661407e-06
9.650018e-06
9.638645e-06
9.627288e-06
9.615947e-06
9.604621e-06
9.593312e-06
9.582018e-06
9.570740e-06
9.559478e-06
9.548232e-06
9.537001e-06
9.525787e-06
9.514588e-06
9.503404e-06
9.492237e-06
9.481085e-06
9.469949e-06
9.458828e-06
9.447723e-06
9.436634e-06
9.425560e-06
9.414502e-06
9.403459e-06
9.392432e-06
9.381421e-06
9.370425e-06
9.359444e-06
9.348479e-06
9.337529e-06
9.326595e-06
9.315676e-06
9.304773e-06
9.293885e-06
9.283012e-06
9.272155e-06
9.261313e-06
9.250486e-06
9.239674e-06
9.228878e-06
9.218097e-06
9.207331e-06
9.196581e-06
9.185845e-06
9.175125e-06
9.164420e-06
9.153730e-06
9.143055e-06
9.132395e-06
9.121751e-06
9.111121e-06
9.100507e-06
9.089907e-06
9.079323e-06
9.068753e-06
9.058199e-06
9.047659e-06
9.037134e-06
9.026625e-06
9.016130e-06
9.005650e-06
8.995185e-06
8.984734e-06
8.974299e-06
8.963878e-06
8.953472e-06
8.943081e-06
8.932705e-06
8.922343e-06
8.911996e-06
8.901664e-06
8.891347e-06
8.881044e-06
8.870756e-06
8.860482e-06
8.850223e-06
8.839979e-06
8.829749e-06
8.819534e-06
8.809333e-06
8.799147e-06
8.788975e-06
8.778818e-06
8.768675e-06
8.758547e-06
8.748433e-06
8.738333e-06
8.728248e-06
8.718178e-06
8.708121e-06
8.698079e-06
8.688052e-06
8.678038e-06
8.668039e-06
8.658054e-06
8.648084e-06
8.638127e-06
8.628185e-06
8.618257e-06
8.608344e-06
8.598444e-06
8.588559e-06
8.578687e-06
8.568830e-06
8.558987e-06
8.549158e-06
8.539343e-06
8.529542e-06
8.519755e-06
8.509982e-06
8.500223e-06
8.490478e-06
8.480747e-06
8.471030e-06
8.461327e-06
8.451638e-06
8.441962e-06
8.432301e-06
8.422653e-06
8.413019e-06
8.403399e-06
8.393793e-06
8.384201e-06
8.374622e-06
8.365057e-06
8.355506e-06
8.345968e-06
8.336444e-06
8.326934e-06
8.317438e-06
8.307955e-06
8.298485e-06
8.289030e-06
8.279588e-06
8.270159e-06
8.260744e-06
8.251343e-06
8.241955e-06
8.232580e-06
8.223219e-06
8.213872e-06
8.204538e-06
8.195217e-06
8.185910e-06
8.176616e-06
8.167336e-06
8.158069e-06
8.148815e-06
8.139575e-06
8.130347e-06
8.121134e-06
8.111933e-06
8.102746e-06
8.093572e-06
8.084411e-06
8.075263e-06
8.066129e-06
8.057008e-06
8.047899e-06
8.038805e-06
8.029723e-06
8.020654e-06
8.011598e-06
8.002556e-06
7.993526e-06
7.984510e-06
7.975506e-06
7.966516e-06
7.957538e-06
7.948573e-06
7.939622e-06
7.930683e-06
7.921757e-06
7.912845e-06
7.903945e-06
7.895057e-06
7.886183e-06
7.877322e-06
7.868473e-06
7.859637e-06
7.850814e-06
7.842004e-06
7.833206e-06
7.824422e-06
7.815650e-06
7.806890e-06
7.798143e-06
7.789409e-06
7.780688e-06
7.771979e-06
7.763283e-06
7.754599e-06
7.745928e-06
7.737270e-06
7.728624e-06
7.719991e-06
7.711370e-06
7.702762e-06
7.694166e-06
7.685582e-06
7.677011e-06
7.668453e-06
7.659907e-06
7.651373e-06
7.642852e-06
7.634343e-06
7.625846e-06
7.617362e-06
7.608890e-06
7.600430e-06
7.591983e-06
7.583547e-06
7.575124e-06
7.566714e-06
7.558315e-06
7.549929e-06
7.541555e-06
7.533193e-06
7.524843e-06
7.516506e-06
7.508180e-06
7.499867e-06
7.491565e-06
7.483276e-06
7.474999e-06
7.466734e-06
7.458481e-06
7.450239e-06
7.442010e-06
7.433793e-06
7.425588e-06
7.417394e-06
7.409213e-06
7.401044e-06
7.392886e-06
7.384740e-06
7.376606e-06
7.368484e-06
7.360374e-06
7.352276e-06
7.344189e-06
7.336114e-06
7.328051e-06
7.320000e-06
7.311960e-06
7.303933e-06
7.295916e-06
7.287912e-06
7.279919e-06
7.271938e-06
7.263968e-06
7.256010e-06
7.248064e-06
7.240129e-06
7.232206e-06
7.224294e-06
7.216394e-06
7.208506e-06
7.200629e-06
7.192763e-06
7.184909e-06
7.177066e-06
7.169235e-06
7.161415e-06
7.153607e-06
7.145810e-06
7.138024e-06
7.130250e-06
7.122487e-06
7.114735e-06
7.106995e-06
7.099266e-06
7.091549e-06
7.083842e-06
7.076147e-06
7.068463e-06
7.060790e-06
7.053129e-06
7.045479e-06
7.037840e-06
7.030212e-06
7.022595e-06
7.014989e-06
7.007394e-06
6.999811e-06
6.992239e-06
6.984677e-06
6.977127e-06
6.969588e-06
6.962059e-06
6.954542e-06
6.947036e-06
6.939541e-06
6.932056e-06
6.924583e-06
6.917121e-06
6.909669e-06
6.902229e-06
6.894799e-06
6.887380e-06
6.879972e-06
6.872575e-06
6.865188e-06
6.857813e-06
6.850448e-06
6.843094e-06
6.835751e-06
6.828418e-06
6.821096e-06
6.813785e-06
6.806485e-06
6.799195e-06
6.791916e-06
6.784648e-06
6.777390e-06
6.770143e-06
6.762907e-06
6.755681e-06
6.748465e-06
6.741261e-06
6.734066e-06
6.726883e-06
6.719710e-06
6.712547e-06
6.705395e-06
6.698253e-06
6.691122e-06
6.687811e-06
6.684604e-06
6.681398e-06
6.678193e-06
6.674989e-06
6.671786e-06
6.668583e-06
6.665382e-06
6.662182e-06
6.658983e-06
6.655785e-06
6.652588e-06
6.649391e-06
6.646196e-06
6.643002e-06
6.639809e-06
6.636616e-06
6.633425e-06
6.630235e-06
6.627045e-06
6.623857e-06
6.620670e-06
6.617483e-06
6.614298e-06
6.611114e-06
6.607930e-06
6.604748e-06
6.601566e-06
6.598386e-06
6.595206e-06
6.592028e-06
6.588850e-06
6.585674e-06
6.582498e-06
6.579324e-06
6.576150e-06
6.572978e-06
6.569806e-06
6.566635e-06
6.563466e-06
6.560297e-06
6.557129e-06
6.553962e-06
6.550797e-06
6.547632e-06
6.544468e-06
6.541305e-06
6.538144e-06
6.534983e-06
6.531823e-06
6.528664e-06
6.525506e-06
6.522349e-06
6.519193e-06
6.516038e-06
6.512884e-06
6.509731e-06
6.506579e-06
6.503428e-06
6.500278e-06
6.497129e-06
6.493981e-06
6.490833e-06
6.487687e-06
6.484542e-06
6.481398e-06
6.478254e-06
6.475112e-06
6.471971e-06
6.468830e-06
6.465691e-06
6.462553e-06
6.459415e-06
6.456279e-06
6.453143e-06
6.450009e-06
6.446875e-06
6.443743e-06
6.440611e-06
6.437480e-06
6.434351e-06
6.431222e-06
6.428094e-06
6.424968e-06
6.421842e-06
6.418717e-06
6.415593e-06
6.412470e-06
6.409348e-06
6.406227e-06
6.403107e-06
6.399988e-06
6.396870e-06
6.393753e-06
6.390637e-06
6.387522e-06
6.384408e-06
6.381295e-06
6.378183e-06
6.375071e-06
6.371961e-06
6.368852e-06
6.365743e-06
6.362636e-06
6.359530e-06
6.356424e-06
6.353320e-06
6.350216e-06
6.347114e-06
6.344012e-06
6.340911e-06
6.337812e-06
6.334713e-06
6.331615e-06
6.328518e-06
6.325423e-06
6.322328e-06
6.319234e-06
6.316141e-06
6.313049e-06
6.309958e-06
6.306868e-06
6.303779e-06
6.300691e-06
6.297604e-06
6.294518e-06
6.291432e-06
6.288348e-06
6.285265e-06
6.282182e-06
6.279101e-06
6.276021e-06
6.272941e-06
6.269863e-06
6.266785e-06
6.263709e-06
6.260633e-06
6.257558e-06
6.254485e-06
6.251412e-06
6.248340e-06
6.245269e-06
6.242200e-06
6.239131e-06
6.236063e-06
6.232996e-06
6.229930e-06
6.226865e-06
6.223801e-06
6.220737e-06
6.217675e-06
6.214614e-06
6.211554e-06
6.208494e-06
6.205436e-06
6.202379e-06
6.199322e-06
6.196267e-06
6.193212e-06
6.190159e-06
6.187106e-06
6.184054e-06
6.181004e-06
6.177954e-06
6.174905e-06
6.171857e-06
6.168810e-06
6.165764e-06
6.162719e-06
6.159675e-06
6.156632e-06
6.153590e-06
6.150549e-06
6.147509e-06
6.144470e-06
6.141431e-06
6.138394e-06
6.135357e-06
6.132322e-06
6.129288e-06
6.126254e-06
6.123221e-06
6.120190e-06
6.117159e-06
6.114129e-06
6.111101e-06
6.108073e-06
6.105046e-06
6.102020e-06
6.098995e-06
6.095971e-06
6.092948e-06
6.089926e-06
6.086905e-06
6.083884e-06
6.080865e-06
6.077847e-06
6.074829e-06
6.071813e-06
6.068797e-06
6.065783e-06
6.062769e-06
6.059757e-06
6.056745e-06
6.053734e-06
6.050724e-06
6.047716e-06
6.044708e-06
6.041701e-06
6.038695e-06
6.035690e-06
6.032686e-06
6.029682e-06
6.026680e-06
6.023679e-06
6.020679e-06
6.017679e-06
6.014681e-06
6.011683e-06
6.008687e-06
6.005691e-06
6.002697e-06
5.999703e-06
5.996710e-06
5.993719e-06
5.990728e-06
5.987738e-06
5.984749e-06
5.981761e-06
5.978774e-06
5.975788e-06
5.972802e-06
5.969818e-06
5.966835e-06
5.963853e-06
5.960871e-06
5.957891e-06
5.954911e-06
5.951933e-06
5.948955e-06
5.945978e-06
5.943003e-06
5.940028e-06
5.937054e-06
5.934081e-06
5.931109e-06
5.928138e-06
5.925168e-06
5.922199e-06
5.919231e-06
5.916263e-06
5.913297e-06
5.910332e-06
5.907367e-06
5.904404e-06
5.901441e-06
5.898480e-06
5.895519e-06
5.892559e-06
5.889600e-06
5.886643e-06
5.883686e-06
5.880730e-06
5.877775e-06
5.874821e-06
5.871868e-06
5.868915e-06
5.865964e-06
5.863014e-06
5.860064e-06
5.857116e-06
5.854169e-06
5.851222e-06
5.848276e-06
5.845332e-06
5.842388e-06
5.839445e-06
5.836503e-06
5.833562e-06
5.830622e-06
5.827683e-06
5.824745e-06
5.821808e-06
5.818872e-06
5.815937e-06
5.813002e-06
5.810069e-06
5.807136e-06
5.804205e-06
5.801274e-06
5.798344e-06
5.795416e-06
5.792488e-06
5.789561e-06
5.786635e-06
5.783710e-06
5.780786e-06
5.777863e-06
5.774941e-06
5.772020e-06
5.769099e-06
5.766180e-06
5.763262e-06
5.760344e-06
5.757428e-06
5.754512e-06
5.751597e-06
5.748684e-06
5.745771e-06
5.742859e-06
5.739948e-06
5.737038e-06
5.734129e-06
5.731221e-06
5.728314e-06
5.725407e-06
5.722502e-06
5.719598e-06
5.716694e-06
5.713792e-06
5.710890e-06
5.707989e-06
5.705090e-06
5.702191e-06
5.699293e-06
5.696396e-06
5.693500e-06
5.690605e-06
5.687711e-06
5.684818e-06
5.681925e-06
5.679034e-06
5.676144e-06
5.673254e-06
5.670366e-06
5.667478e-06
5.664591e-06
5.661706e-06
5.658821e-06
5.655937e-06
5.653054e-06
5.650172e-06
5.647291e-06
5.644411e-06
5.641532e-06
5.638654e-06
5.635776e-06
5.632900e-06
5.630024e-06
5.627150e-06
5.624276e-06
5.621404e-06
5.618532e-06
5.615661e-06
5.612791e-06
5.609922e-06
5.607054e-06
5.604187e-06
5.601321e-06
5.598456e-06
5.595591e-06
5.592728e-06
5.589866e-06
5.587004e-06
5.584143e-06
5.581284e-06
5.578425e-06
5.575567e-06
5.572710e-06
5.569855e-06
5.567000e-06
5.564145e-06
5.561292e-06
5.558440e-06
5.555589e-06
5.552739e-06
5.549889e-06
5.547041e-06
5.544193e-06
5.541346e-06
5.538501e-06
5.535656e-06
5.532812e-06
5.529969e-06
5.527127e-06
5.524286e-06
5.521446e-06
5.518607e-06
5.515769e-06
5.512931e-06
5.510095e-06
5.507259e-06
5.504425e-06
5.501591e-06
5.498758e-06
5.495927e-06
5.493096e-06
5.490266e-06
5.487437e-06
5.484609e-06
5.481782e-06
5.478955e-06
5.476130e-06
5.473306e-06
5.470482e-06
5.467660e-06
5.464838e-06
5.462018e-06
5.459198e-06
5.456379e-06
5.453561e-06
5.450744e-06
5.447928e-06
5.445113e-06
5.442299e-06
5.439486e-06
5.436673e-06
5.433862e-06
5.431052e-06
5.428242e-06
5.425434e-06
5.422626e-06
5.419819e-06
5.417013e-06
5.414208e-06
5.411404e-06
5.408601e-06
5.405799e-06
5.402998e-06
5.400198e-06
5.397398e-06
5.394600e-06
5.391802e-06
5.389006e-06
5.386210e-06
5.383416e-06
5.380622e-06
5.377829e-06
5.375037e-06
5.372246e-06
5.369456e-06
5.366667e-06
5.363878e-06
5.361091e-06
5.358305e-06
5.355519e-06
5.352735e-06
5.349951e-06
5.347168e-06
5.344387e-06
5.341606e-06
5.338826e-06
5.336047e-06
5.333269e-06
5.330492e-06
5.327715e-06
5.324940e-06
5.322166e-06
5.319392e-06
5.316620e-06
5.313848e-06
5.311077e-06
5.308308e-06
5.305539e-06
5.302771e-06
5.300004e-06
5.297238e-06
5.294473e-06
5.291708e-06
5.288945e-06
5.286183e-06
5.283421e-06
5.280661e-06
5.277901e-06
5.275142e-06
5.272385e-06
5.269628e-06
5.266872e-06
5.264117e-06
5.261363e-06
5.258610e-06
5.255857e-06
5.253106e-06
5.250356e-06
5.247606e-06
5.244858e-06
5.242110e-06
5.239363e-06
5.236618e-06
5.233873e-06
5.231129e-06
5.228386e-06
5.225644e-06
5.222903e-06
5.220162e-06
5.217423e-06
5.214685e-06
5.211947e-06
5.209211e-06
5.206475e-06
5.203740e-06
5.201006e-06
5.198274e-06
5.195542e-06
5.192811e-06
5.190081e-06
5.187351e-06
5.184623e-06
5.181896e-06
5.179169e-06
5.176444e-06
5.173719e-06
5.170996e-06
5.168273e-06
5.165551e-06
5.162830e-06
5.160110e-06
5.157391e-06
5.154673e-06
5.151956e-06
5.149240e-06
5.146524e-06
5.143810e-06
5.141096e-06
5.138384e-06
5.135672e-06
5.132961e-06
5.130251e-06
5.127542e-06
5.124834e-06
5.122127e-06
5.119421e-06
5.116716e-06
5.114012e-06
5.111308e-06
5.108606e-06
5.105904e-06
5.103203e-06
5.100504e-06
5.097805e-06
5.095107e-06
5.092410e-06
5.089714e-06
5.087019e-06
5.084325e-06
5.081631e-06
5.078939e-06
5.076248e-06
5.073557e-06
5.070868e-06
5.068179e-06
5.065491e-06
5.062804e-06
5.060118e-06
5.057433e-06
5.054749e-06
5.052066e-06
5.049384e-06
5.046702e-06
5.044022e-06
5.041343e-06
5.038664e-06
5.035986e-06
5.033310e-06
5.030634e-06
5.027959e-06
5.025285e-06
5.022612e-06
5.019940e-06
5.017268e-06
5.014598e-06
5.011929e-06
5.009260e-06
5.006593e-06
5.003926e-06
5.001260e-06
4.998596e-06
4.995932e-06
4.993269e-06
4.990607e-06
4.987946e-06
4.985285e-06
4.982626e-06
4.979968e-06
4.977310e-06
4.974654e-06
4.971998e-06
4.969344e-06
4.966690e-06
4.964037e-06
4.961385e-06
4.958734e-06
4.956084e-06
4.953435e-06
4.950786e-06
4.948139e-06
4.945493e-06
4.942847e-06
4.940203e-06
4.937559e-06
4.934916e-06
4.932274e-06
4.929633e-06
4.926993e-06
4.924354e-06
4.921716e-06
4.919079e-06
4.916443e-06
4.913807e-06
4.911173e-06
4.908539e-06
4.905906e-06
4.903275e-06
4.900644e-06
4.898014e-06
4.895385e-06
4.892757e-06
4.890130e-06
4.887504e-06
4.884878e-06
4.882254e-06
4.879630e-06
4.877008e-06
4.874386e-06
4.871765e-06
4.869146e-06
4.866527e-06
4.863909e-06
4.861292e-06
4.858675e-06
4.856060e-06
4.853446e-06
4.850833e-06
4.848220e-06
4.845608e-06
4.842998e-06
4.840388e-06
4.837779e-06
4.835171e-06
4.832564e-06
4.829958e-06
4.827353e-06
4.824749e-06
4.822146e-06
4.819543e-06
4.816942e-06
4.814341e-06
4.811742e-06
4.809143e-06
4.806545e-06
4.803948e-06
4.801352e-06
4.798757e-06
4.796163e-06
4.793570e-06
4.790977e-06
4.788386e-06
4.785796e-06
4.783206e-06
4.780617e-06
4.778030e-06
4.775443e-06
4.772857e-06
4.770272e-06
4.767688e-06
4.765105e-06
4.762522e-06
4.759941e-06
4.757361e-06
4.754781e-06
4.752203e-06
4.749625e-06
4.747048e-06
4.744472e-06
4.741897e-06
4.739323e-06
4.736750e-06
4.734178e-06
4.731607e-06
4.729037e-06
4.726467e-06
4.723899e-06
4.721331e-06
4.718764e-06
4.716199e-06
4.713634e-06
4.711070e-06
4.708507e-06
4.705945e-06
4.703384e-06
4.700823e-06
4.698264e-06
4.695706e-06
4.693148e-06
4.690592e-06
4.688036e-06
4.685481e-06
4.682927e-06
4.680374e-06
4.677822e-06
4.675271e-06
4.672721e-06
4.670172e-06
4.667623e-06
4.665076e-06
4.662529e-06
4.659984e-06
4.657439e-06
4.654895e-06
4.652352e-06
4.649810e-06
4.647269e-06
4.644729e-06
4.642190e-06
4.639652e-06
4.637114e-06
4.634578e-06
4.632042e-06
4.629508e-06
4.626974e-06
4.624441e-06
4.621909e-06
4.619378e-06
4.616848e-06
4.614319e-06
4.611791e-06
4.609264e-06
4.606737e-06
4.604212e-06
4.601687e-06
4.599164e-06
4.596641e-06
4.594119e-06
4.591598e-06
4.589078e-06
4.586559e-06
4.584041e-06
4.581524e-06
4.579007e-06
4.576492e-06
4.573977e-06
4.571464e-06
4.568951e-06
4.566439e-06
4.563928e-06
4.561418e-06
4.558909e-06
4.556401e-06
4.553894e-06
4.551388e-06
4.548882e-06
4.546378e-06
4.543874e-06
4.541372e-06
4.538870e-06
4.536369e-06
4.533869e-06
4.531370e-06
4.528872e-06
4.526375e-06
4.523879e-06
4.521384e-06
4.518889e-06
4.516396e-06
4.513903e-06
4.511412e-06
4.508921e-06
4.506431e-06
4.503942e-06
4.501454e-06
4.498967e-06
4.496481e-06
4.493996e-06
4.491511e-06
4.489028e-06
4.486545e-06
4.484064e-06
4.481583e-06
4.479103e-06
4.476624e-06
4.474146e-06
4.471669e-06
4.469193e-06
4.466718e-06
4.464244e-06
4.461770e-06
4.459298e-06
4.456826e-06
4.454356e-06
4.451886e-06
4.449417e-06
4.446949e-06
4.444482e-06
4.442016e-06
4.439551e-06
4.437087e-06
4.434623e-06
4.432161e-06
4.429699e-06
4.427239e-06
4.424779e-06
4.422320e-06
4.419863e-06
4.417406e-06
4.414950e-06
4.412494e-06
4.410040e-06
4.407587e-06
4.405135e-06
4.402683e-06
4.400233e-06
4.397783e-06
4.395334e-06
4.392886e-06
4.390439e-06
4.387993e-06
4.385548e-06
4.383104e-06
4.380661e-06
4.378219e-06
4.375777e-06
4.373337e-06
4.370897e-06
4.368458e-06
4.366021e-06
4.363584e-06
4.361148e-06
4.358713e-06
4.356279e-06
4.353845e-06
4.351413e-06
4.348982e-06
4.346551e-06
4.344122e-06
4.341693e-06
4.339265e-06
4.336838e-06
4.334413e-06
4.331988e-06
4.329563e-06
4.327140e-06
4.324718e-06
4.322297e-06
4.319876e-06
4.317457e-06
4.315038e-06
4.312620e-06
4.310204e-06
4.307788e-06
4.305373e-06
4.302959e-06
4.300546e-06
4.298133e-06
4.295722e-06
4.293312e-06
4.290902e-06
4.288493e-06
4.286086e-06
4.283679e-06
4.281273e-06
4.278868e-06
4.276464e-06
4.274061e-06
4.271659e-06
4.269258e-06
4.266857e-06
4.264458e-06
4.262059e-06
4.259662e-06
4.257265e-06
4.254869e-06
4.252474e-06
4.250080e-06
4.247687e-06
4.245295e-06
4.242904e-06
4.240513e-06
4.238124e-06
4.235735e-06
4.233348e-06
4.230961e-06
4.228575e-06
4.226190e-06
4.223806e-06
4.221423e-06
4.219041e-06
4.216660e-06
4.214280e-06
4.211900e-06
4.209522e-06
4.207144e-06
4.204767e-06
4.202392e-06
4.200017e-06
4.197643e-06
4.195270e-06
4.192898e-06
4.190526e-06
4.188156e-06
4.185787e-06
4.183418e-06
4.181051e-06
4.178684e-06
4.176318e-06
4.173953e-06
4.171589e-06
4.169226e-06
4.166864e-06
4.164503e-06
4.162143e-06
4.159783e-06
4.157425e-06
4.155067e-06
4.152711e-06
4.150355e-06
4.148000e-06
4.145646e-06
4.143293e-06
4.140941e-06
4.138590e-06
4.136240e-06
4.133890e-06
4.131542e-06
4.129194e-06
4.126848e-06
4.124502e-06
4.122157e-06
4.119813e-06
4.117470e-06
4.115128e-06
4.112787e-06
4.110447e-06
4.108107e-06
4.105769e-06
4.103431e-06
4.101095e-06
4.098759e-06
4.096424e-06
4.094090e-06
4.091757e-06
4.089425e-06
4.087094e-06
4.084764e-06
4.082434e-06
4.080106e-06
4.077778e-06
4.075452e-06
4.073126e-06
4.070801e-06
4.068477e-06
4.066154e-06
4.063832e-06
4.061511e-06
4.059191e-06
4.056872e-06
4.054553e-06
4.052236e-06
4.049919e-06
4.047603e-06
4.045288e-06
4.042975e-06
4.040662e-06
4.038350e-06
4.036038e-06
4.033728e-06
4.031419e-06
4.029110e-06
4.026803e-06
4.024496e-06
4.022190e-06
4.019886e-06
4.017582e-06
4.015279e-06
4.012977e-06
4.010675e-06
4.008375e-06
4.006076e-06
4.003777e-06
4.001480e-06
3.999183e-06
3.996888e-06
3.994593e-06
3.992299e-06
3.990006e-06
3.987714e-06
3.985423e-06
3.983132e-06
3.980843e-06
3.978554e-06
3.976267e-06
3.973980e-06
3.971695e-06
3.969410e-06
3.967126e-06
3.964843e-06
3.962561e-06
3.960279e-06
3.957999e-06
3.955720e-06
3.953441e-06
3.951164e-06
3.948887e-06
3.946611e-06
3.944337e-06
3.942063e-06
3.939790e-06
3.937517e-06
3.935246e-06
3.932976e-06
3.930707e-06
3.928438e-06
3.926170e-06
3.923904e-06
3.921638e-06
3.919373e-06
3.917109e-06
3.914846e-06
3.912584e-06
3.910323e-06
3.908062e-06
3.905803e-06
3.903544e-06
3.901287e-06
3.899030e-06
3.896774e-06
3.894519e-06
3.892265e-06
3.890012e-06
3.887760e-06
3.885509e-06
3.883259e-06
3.881009e-06
3.878761e-06
3.876513e-06
3.874266e-06
3.872020e-06
3.869776e-06
3.867532e-06
3.865288e-06
3.863046e-06
3.860805e-06
3.858565e-06
3.856325e-06
3.854086e-06
3.851849e-06
3.849612e-06
3.847376e-06
3.845141e-06
3.842907e-06
3.840674e-06
3.838442e-06
3.836210e-06
3.833980e-06
3.831750e-06
3.829522e-06
3.827294e-06
3.825067e-06
3.822841e-06
3.820616e-06
3.818392e-06
3.816169e-06
3.813947e-06
3.811725e-06
3.809505e-06
3.807285e-06
3.805067e-06
3.802849e-06
3.800632e-06
3.798416e-06
3.796201e-06
3.793987e-06
3.791774e-06
3.789561e-06
3.787350e-06
3.785140e-06
3.782930e-06
3.780721e-06
3.778513e-06
3.776306e-06
3.774100e-06
3.771895e-06
3.769691e-06
3.767488e-06
3.765286e-06
3.763084e-06
3.760883e-06
3.758684e-06
3.756485e-06
3.754287e-06
3.752090e-06
3.749894e-06
3.747699e-06
3.745505e-06
3.743311e-06
3.741119e-06
3.738927e-06
3.736737e-06
3.734547e-06
3.732358e-06
3.730170e-06
3.727983e-06
3.725797e-06
3.723612e-06
3.721428e-06
3.719244e-06
3.717062e-06
3.714880e-06
3.712699e-06
3.710519e-06
3.708341e-06
3.706163e-06
3.703985e-06
3.701809e-06
3.699634e-06
3.697460e-06
3.695286e-06
3.693114e-06
3.690942e-06
3.688771e-06
3.686601e-06
3.684432e-06
3.682264e-06
3.680097e-06
3.677931e-06
3.675765e-06
3.673601e-06
3.671437e-06
3.669275e-06
3.667113e-06
3.664952e-06
3.662792e-06
3.660633e-06
3.658475e-06
3.656318e-06
3.654161e-06
3.652006e-06
3.649851e-06
3.647697e-06
3.645545e-06
3.643393e-06
3.641242e-06
3.639092e-06
3.636943e-06
3.634794e-06
3.632647e-06
3.630501e-06
3.628355e-06
3.626210e-06
3.624067e-06
3.621924e-06
3.619782e-06
3.617641e-06
3.615501e-06
3.613361e-06
3.611223e-06
3.609086e-06
3.606949e-06
3.604813e-06
3.602679e-06
3.600545e-06
3.598412e-06
3.596280e-06
3.594149e-06
3.592018e-06
3.589889e-06
3.587761e-06
3.585633e-06
3.583506e-06
3.581381e-06
3.579256e-06
3.577132e-06
3.575009e-06
3.572887e-06
3.570765e-06
3.568645e-06
3.566526e-06
3.564407e-06
3.562289e-06
3.560173e-06
3.558057e-06
3.555942e-06
3.553828e-06
3.551714e-06
3.549602e-06
3.547491e-06
3.545380e-06
3.543271e-06
3.541162e-06
3.539054e-06
3.536947e-06
3.534841e-06
3.532736e-06
3.530632e-06
3.528529e-06
3.526426e-06
3.524325e-06
3.522224e-06
3.520125e-06
3.518026e-06
3.515928e-06
3.513831e-06
3.511735e-06
3.509639e-06
3.507545e-06
3.505452e-06
3.503359e-06
3.501267e-06
3.499177e-06
3.497087e-06
3.494998e-06
3.492910e-06
3.490823e-06
3.488736e-06
3.486651e-06
3.484567e-06
3.482483e-06
3.480400e-06
3.478318e-06
3.476238e-06
3.474158e-06
3.472078e-06
3.470000e-06
3.467923e-06
3.465847e-06
3.463771e-06
3.461696e-06
3.459623e-06
3.457550e-06
3.455478e-06
3.453407e-06
3.451337e-06
3.449267e-06
3.447199e-06
3.445132e-06
3.443065e-06
3.440999e-06
3.438934e-06
3.436871e-06
3.434808e-06
3.432745e-06
3.430684e-06
3.428624e-06
3.426565e-06
3.424506e-06
3.422448e-06
3.420392e-06
3.418336e-06
3.416281e-06
3.414227e-06
3.412174e-06
3.410121e-06
3.408070e-06
3.406019e-06
3.403970e-06
3.401921e-06
3.399873e-06
3.397826e-06
3.395780e-06
3.393735e-06
3.391691e-06
3.389648e-06
3.387605e-06
3.385564e-06
3.383523e-06
3.381483e-06
3.379444e-06
3.377406e-06
3.375369e-06
3.373333e-06
3.371298e-06
3.369263e-06
3.367230e-06
3.365197e-06
3.363165e-06
3.361134e-06
3.359104e-06
3.357075e-06
3.355047e-06
3.353020e-06
3.350993e-06
3.348968e-06
3.346943e-06
3.344919e-06
3.342896e-06
3.340874e-06
3.338853e-06
3.336833e-06
3.334814e-06
3.332796e-06
3.330778e-06
3.328761e-06
3.326746e-06
3.324731e-06
3.322717e-06
3.320704e-06
3.318692e-06
3.316680e-06
3.314670e-06
3.312660e-06
3.310652e-06
3.308644e-06
3.306637e-06
3.304631e-06
3.302626e-06
3.300622e-06
3.298619e-06
3.296616e-06
3.294615e-06
3.292614e-06
3.290614e-06
3.288615e-06
3.286617e-06
3.284620e-06
3.282624e-06
3.280629e-06
3.278634e-06
3.276641e-06
3.274648e-06
3.272657e-06
3.270666e-06
3.268676e-06
3.266687e-06
3.264698e-06
3.262711e-06
3.260725e-06
3.258739e-06
3.256754e-06
3.254771e-06
3.252788e-06
3.250806e-06
3.248825e-06
3.246844e-06
3.244865e-06
3.242887e-06
3.240909e-06
3.238932e-06
3.236956e-06
3.234982e-06
3.233008e-06
3.231034e-06
3.229062e-06
3.227091e-06
3.225120e-06
3.223151e-06
3.221182e-06
3.219214e-06
3.217247e-06
3.215281e-06
3.213316e-06
3.211351e-06
3.209388e-06
3.207425e-06
3.205464e-06
3.203503e-06
3.201543e-06
3.199584e-06
3.197626e-06
3.195669e-06
3.193712e-06
3.191757e-06
3.189802e-06
3.187849e-06
3.185896e-06
3.183944e-06
3.181993e-06
3.180043e-06
3.178093e-06
3.176145e-06
3.174197e-06
3.172251e-06
3.170305e-06
3.168360e-06
3.166416e-06
3.164473e-06
3.162531e-06
3.160589e-06
3.158649e-06
3.156709e-06
3.154771e-06
3.152833e-06
3.150896e-06
3.148960e-06
3.147024e-06
3.145090e-06
3.143157e-06
3.141224e-06
3.139292e-06
3.137362e-06
3.135432e-06
3.133503e-06
3.131575e-06
3.129647e-06
3.127721e-06
3.125795e-06
3.123871e-06
3.121947e-06
3.120024e-06
3.118102e-06
3.116181e-06
3.114261e-06
3.112341e-06
3.110423e-06
3.108505e-06
3.106588e-06
3.104673e-06
3.102758e-06
3.100843e-06
3.098930e-06
3.097018e-06
3.095106e-06
3.093196e-06
3.091286e-06
3.089377e-06
3.087469e-06
3.085562e-06
3.083656e-06
3.081751e-06
3.079846e-06
3.077943e-06
3.076040e-06
3.074138e-06
3.072237e-06
3.070337e-06
3.068438e-06
3.066540e-06
3.064642e-06
3.062746e-06
3.060850e-06
3.058955e-06
3.057061e-06
3.055168e-06
3.053276e-06
3.051385e-06
3.049494e-06
3.047605e-06
3.045716e-06
3.043828e-06
3.041941e-06
3.040055e-06
3.038170e-06
3.036285e-06
3.034402e-06
3.032519e-06
3.030638e-06
3.028757e-06
3.026877e-06
3.024998e-06
3.023120e-06
3.021242e-06
3.019366e-06
3.017490e-06
3.015615e-06
3.013742e-06
3.011869e-06
3.009996e-06
3.008125e-06
3.006255e-06
3.004385e-06
3.002517e-06
3.000649e-06
2.998782e-06
2.996916e-06
2.995051e-06
2.993187e-06
2.991323e-06
2.989461e-06
2.987599e-06
2.985738e-06
2.983878e-06
2.982019e-06
2.980161e-06
2.978304e-06
2.976447e-06
2.974592e-06
2.972737e-06
2.970883e-06
2.969030e-06
2.967178e-06
2.965327e-06
2.963477e-06
2.961627e-06
2.959779e-06
2.957931e-06
2.956084e-06
2.954238e-06
2.952393e-06
2.950549e-06
2.948705e-06
2.946863e-06
2.945021e-06
2.943180e-06
2.941340e-06
2.939501e-06
2.937663e-06
2.935826e-06
2.933989e-06
2.932154e-06
2.930319e-06
2.928485e-06
2.926652e-06
2.924820e-06
2.922989e-06
2.921158e-06
2.919329e-06
2.917500e-06
2.915672e-06
2.913845e-06
2.912019e-06
2.910194e-06
2.908369e-06
2.906546e-06
2.904723e-06
2.902902e-06
2.901081e-06
2.899261e-06
2.897442e-06
2.895623e-06
2.893806e-06
2.891989e-06
2.890174e-06
2.888359e-06
2.886545e-06
2.884732e-06
2.882919e-06
2.881108e-06
2.879297e-06
2.877488e-06
2.875679e-06
2.873871e-06
2.872064e-06
2.870258e-06
2.868452e-06
2.866648e-06
2.864844e-06
2.863041e-06
2.861239e-06
2.859438e-06
2.857638e-06
2.855839e-06
2.854040e-06
2.852243e-06
2.850446e-06
2.848650e-06
2.846855e-06
2.845061e-06
2.843268e-06
2.841475e-06
2.839684e-06
2.837893e-06
2.836103e-06
2.834314e-06
2.832526e-06
2.830738e-06
2.828952e-06
2.827166e-06
2.825382e-06
2.823598e-06
2.821815e-06
2.820033e-06
2.818251e-06
2.816471e-06
2.814691e-06
2.812913e-06
2.811135e-06
2.809358e-06
2.807582e-06
2.805806e-06
2.804032e-06
2.802258e-06
2.800486e-06
2.798714e-06
2.796943e-06
2.795172e-06
2.793403e-06
2.791635e-06
2.789867e-06
2.788100e-06
2.786335e-06
2.784569e-06
2.782805e-06
2.781042e-06
2.779280e-06
2.777518e-06
2.775757e-06
2.773997e-06
2.772238e-06
2.770480e-06
2.768723e-06
2.766966e-06
2.765211e-06
2.763456e-06
2.761702e-06
2.759949e-06
2.758196e-06
2.756445e-06
2.754695e-06
2.752945e-06
2.751196e-06
2.749448e-06
2.747701e-06
2.745955e-06
2.744209e-06
2.742465e-06
2.740721e-06
2.738978e-06
2.737236e-06
2.735495e-06
2.733755e-06
2.732015e-06
2.730277e-06
2.728539e-06
2.726802e-06
2.725066e-06
2.723331e-06
2.721596e-06
2.719863e-06
2.718130e-06
2.716398e-06
2.714667e-06
2.712937e-06
2.711208e-06
2.709480e-06
2.707752e-06
2.706025e-06
2.704299e-06
2.702574e-06
2.700850e-06
2.699127e-06
2.697404e-06
2.695683e-06
2.693962e-06
2.692242e-06
2.690523e-06
2.688804e-06
2.687087e-06
2.685370e-06
2.683655e-06
2.681940e-06
2.680226e-06
2.678513e-06
2.676800e-06
2.675089e-06
2.673378e-06
2.671668e-06
2.669959e-06
2.668251e-06
2.666544e-06
2.664838e-06
2.663132e-06
2.661427e-06
2.659723e-06
2.658020e-06
2.656318e-06
2.654617e-06
2.652916e-06
2.651216e-06
2.649518e-06
2.647820e-06
2.646122e-06
2.644426e-06
2.642731e-06
2.641036e-06
2.639342e-06
2.637649e-06
2.635957e-06
2.634266e-06
2.632575e-06
2.630886e-06
2.629197e-06
2.627509e-06
2.625822e-06
2.624136e-06
2.622450e-06
2.620766e-06
2.619082e-06
2.617399e-06
2.615717e-06
2.614036e-06
2.612355e-06
2.610676e-06
2.608997e-06
2.607319e-06
2.605642e-06
2.603966e-06
2.602291e-06
2.600616e-06
2.598943e-06
2.597270e-06
2.595598e-06
2.593927e-06
2.592256e-06
2.590587e-06
2.588918e-06
2.587250e-06
2.585583e-06
2.583917e-06
2.582252e-06
2.580587e-06
2.578924e-06
2.577261e-06
2.575599e-06
2.573938e-06
2.572278e-06
2.570618e-06
2.568959e-06
2.567302e-06
2.565645e-06
2.563989e-06
2.562333e-06
2.560679e-06
2.559025e-06
2.557372e-06
2.555720e-06
2.554069e-06
2.552419e-06
2.550769e-06
2.549121e-06
2.547473e-06
2.545826e-06
2.544180e-06
2.542535e-06
2.540890e-06
2.539246e-06
2.537604e-06
2.535962e-06
2.534320e-06
2.532680e-06
2.531041e-06
2.529402e-06
2.527764e-06
2.526127e-06
2.524491e-06
2.522855e-06
2.521221e-06
2.519587e-06
2.517954e-06
2.516322e-06
2.514691e-06
2.513061e-06
2.511431e-06
2.509802e-06
2.508174e-06
2.506547e-06
2.504921e-06
2.503296e-06
2.501671e-06
2.500047e-06
2.498424e-06
2.496802e-06
2.495181e-06
2.493560e-06
2.491941e-06
2.490322e-06
2.488704e-06
2.487087e-06
2.485470e-06
2.483855e-06
2.482240e-06
2.480626e-06
2.479013e-06
2.477401e-06
2.475789e-06
2.474179e-06
2.472569e-06
2.470960e-06
2.469352e-06
2.467745e-06
2.466138e-06
2.464532e-06
2.462928e-06
2.461324e-06
2.459720e-06
2.458118e-06
2.456516e-06
2.454916e-06
2.453316e-06
2.451717e-06
2.450118e-06
2.448521e-06
2.446924e-06
2.445328e-06
2.443733e-06
2.442139e-06
2.440546e-06
2.438953e-06
2.437362e-06
2.435771e-06
2.434181e-06
2.432591e-06
2.431003e-06
2.429415e-06
2.427828e-06
2.426242e-06
2.424657e-06
2.423073e-06
2.421489e-06
2.419907e-06
2.418325e-06
2.416744e-06
2.415163e-06
2.413584e-06
2.412005e-06
2.410427e-06
2.408850e-06
2.407274e-06
2.405699e-06
2.404124e-06
2.402550e-06
2.400977e-06
2.399405e-06
2.397834e-06
2.396263e-06
2.394694e-06
2.393125e-06
2.391557e-06
2.389989e-06
2.388423e-06
2.386857e-06
2.385293e-06
2.383729e-06
2.382165e-06
2.380603e-06
2.379041e-06
2.377481e-06
2.375921e-06
2.374361e-06
2.372803e-06
2.371246e-06
2.369689e-06
2.368133e-06
2.366578e-06
2.365024e-06
2.363470e-06
2.361917e-06
2.360366e-06
2.358814e-06
2.357264e-06
2.355715e-06
2.354166e-06
2.352618e-06
2.351071e-06
2.349525e-06
2.347980e-06
2.346435e-06
2.344891e-06
2.343348e-06
2.341806e-06
2.340265e-06
2.338724e-06
2.337184e-06
2.335645e-06
2.334107e-06
2.332570e-06
2.331033e-06
2.329498e-06
2.327963e-06
2.326429e-06
2.324895e-06
2.323363e-06
2.321831e-06
2.320300e-06
2.318770e-06
2.317241e-06
2.315712e-06
2.314184e-06
2.312658e-06
2.311131e-06
2.309606e-06
2.308082e-06
2.306558e-06
2.305035e-06
2.303513e-06
2.301992e-06
2.300471e-06
2.298951e-06
2.297433e-06
2.295914e-06
2.294397e-06
2.292881e-06
2.291365e-06
2.289850e-06
2.288336e-06
2.286823e-06
2.285310e-06
2.283798e-06
2.282288e-06
2.280777e-06
2.279268e-06
2.277760e-06
2.276252e-06
2.274745e-06
2.273239e-06
2.271734e-06
2.270229e-06
2.268725e-06
2.267222e-06
2.265720e-06
2.264219e-06
2.262718e-06
2.261219e-06
2.259720e-06
2.258221e-06
2.256724e-06
2.255227e-06
2.253732e-06
2.252237e-06
2.250742e-06
2.249249e-06
2.247756e-06
2.246265e-06
2.244774e-06
2.243283e-06
2.241794e-06
2.240305e-06
2.238817e-06
2.237330e-06
2.235844e-06
2.234358e-06
2.232874e-06
2.231390e-06
2.229907e-06
2.228424e-06
2.226943e-06
2.225462e-06
2.223982e-06
2.222503e-06
2.221025e-06
2.219547e-06
2.218070e-06
2.216594e-06
2.215119e-06
2.213645e-06
2.212171e-06
2.210698e-06
2.209226e-06
2.207755e-06
2.206284e-06
2.204814e-06
2.203345e-06
2.201877e-06
2.200410e-06
2.198943e-06
2.197478e-06
2.196013e-06
2.194548e-06
2.193085e-06
2.191622e-06
2.190160e-06
2.188699e-06
2.187239e-06
2.185779e-06
2.184321e-06
2.182863e-06
2.181406e-06
2.179949e-06
2.178494e-06
2.177039e-06
2.175585e-06
2.174131e-06
2.172679e-06
2.171227e-06
2.169776e-06
2.168326e-06
2.166877e-06
2.165428e-06
2.163981e-06
2.162534e-06
2.161087e-06
2.159642e-06
2.158197e-06
2.156753e-06
2.155310e-06
2.153868e-06
2.152426e-06
2.150985e-06
2.149545e-06
2.148106e-06
2.146668e-06
2.145230e-06
2.143793e-06
2.142357e-06
2.140922e-06
2.139487e-06
2.138053e-06
2.136620e-06
2.135188e-06
2.133757e-06
2.132326e-06
2.130896e-06
2.129467e-06
2.128039e-06
2.126611e-06
2.125184e-06
2.123758e-06
2.122333e-06
2.120908e-06
2.119485e-06
2.118062e-06
2.116639e-06
2.115218e-06
2.113797e-06
2.112378e-06
2.110958e-06
2.109540e-06
2.108123e-06
2.106706e-06
2.105290e-06
2.103875e-06
2.102460e-06
2.101046e-06
2.099633e-06
2.098221e-06
2.096810e-06
2.095399e-06
2.093989e-06
2.092580e-06
2.091172e-06
2.089764e-06
2.088358e-06
2.086952e-06
2.085546e-06
2.084142e-06
2.082738e-06
2.081335e-06
2.079933e-06
2.078532e-06
2.077131e-06
2.075731e-06
2.074332e-06
2.072934e-06
2.071536e-06
2.070139e-06
2.068743e-06
2.067348e-06
2.065953e-06
2.064560e-06
2.063167e-06
2.061774e-06
2.060383e-06
2.058992e-06
2.057602e-06
2.056213e-06
2.054825e-06
2.053437e-06
2.052050e-06
2.050664e-06
2.049279e-06
2.047894e-06
2.046510e-06
2.045127e-06
2.043745e-06
2.042363e-06
2.040982e-06
2.039602e-06
2.038223e-06
2.036844e-06
2.035467e-06
2.034089e-06
2.032713e-06
2.031338e-06
2.029963e-06
2.028589e-06
2.027216e-06
2.025843e-06
2.024472e-06
2.023101e-06
2.021730e-06
2.020361e-06
2.018992e-06
2.017624e-06
2.016257e-06
2.014891e-06
2.013525e-06
2.012160e-06
2.010796e-06
2.009432e-06
2.008070e-06
2.006708e-06
2.005347e-06
2.003986e-06
2.002627e-06
2.001268e-06
1.999910e-06
1.998552e-06
1.997196e-06
1.995840e-06
1.994485e-06
1.993130e-06
1.991776e-06
1.990424e-06
1.989071e-06
1.987720e-06
1.986369e-06
1.985020e-06
1.983670e-06
1.982322e-06
1.980974e-06
1.979627e-06
1.978281e-06
1.976936e-06
1.975591e-06
1.974247e-06
1.972904e-06
1.971562e-06
1.970220e-06
1.968879e-06
1.967539e-06
1.966200e-06
1.964861e-06
1.963523e-06
1.962186e-06
1.960849e-06
1.959514e-06
1.958179e-06
1.956845e-06
1.955511e-06
1.954178e-06
1.952846e-06
1.951515e-06
1.950185e-06
1.948855e-06
1.947526e-06
1.946198e-06
1.944870e-06
1.943543e-06
1.942217e-06
1.940892e-06
1.939568e-06
1.938244e-06
1.936921e-06
1.935598e-06
1.934277e-06
1.932956e-06
1.931636e-06
1.930316e-06
1.928998e-06
1.927680e-06
1.926363e-06
1.925046e-06
1.923731e-06
1.922416e-06
1.921102e-06
1.919788e-06
1.918475e-06
1.917163e-06
1.915852e-06
1.914542e-06
1.913232e-06
1.911923e-06
1.910614e-06
1.909307e-06
1.908000e-06
1.906694e-06
1.905389e-06
1.904084e-06
1.902780e-06
1.901477e-06
1.900174e-06
1.898873e-06
1.897572e-06
1.896272e-06
1.894972e-06
1.893673e-06
1.892375e-06
1.891078e-06
1.889781e-06
1.888486e-06
1.887190e-06
1.885896e-06
1.884602e-06
1.883309e-06
1.882017e-06
1.880726e-06
1.879435e-06
1.878145e-06
1.876856e-06
1.875567e-06
1.874279e-06
1.872992e-06
1.871706e-06
1.870420e-06
1.869135e-06
1.867851e-06
1.866568e-06
1.865285e-06
1.864003e-06
1.862722e-06
1.861441e-06
1.860161e-06
1.858882e-06
1.857604e-06
1.856326e-06
1.855049e-06
1.853773e-06
1.852498e-06
1.851223e-06
1.849949e-06
1.848676e-06
1.847403e-06
1.846131e-06
1.844860e-06
1.843590e-06
1.842320e-06
1.841051e-06
1.839783e-06
1.838515e-06
1.837248e-06
1.835982e-06
1.834717e-06
1.833452e-06
1.832188e-06
1.830925e-06
1.829663e-06
1.828401e-06
1.827140e-06
1.825879e-06
1.824620e-06
1.823361e-06
1.822103e-06
1.820845e-06
1.819589e-06
1.818333e-06
1.817077e-06
1.815823e-06
1.814569e-06
1.813316e-06
1.812063e-06
1.810811e-06
1.809560e-06
1.808310e-06
1.807061e-06
1.805812e-06
1.804564e-06
1.803316e-06
1.802069e-06
1.800823e-06
1.799578e-06
1.798333e-06
1.797090e-06
1.795846e-06
1.794604e-06
1.793362e-06
1.792121e-06
1.790881e-06
1.789641e-06
1.788402e-06
1.787164e-06
1.785927e-06
1.784690e-06
1.783454e-06
1.782219e-06
1.780984e-06
1.779750e-06
1.778517e-06
1.777284e-06
1.776052e-06
1.774821e-06
1.773591e-06
1.772361e-06
1.771132e-06
1.769904e-06
1.768676e-06
1.767450e-06
1.766223e-06
1.764998e-06
1.763773e-06
1.762549e-06
1.761326e-06
1.760103e-06
1.758881e-06
1.757660e-06
1.756440e-06
1.755220e-06
1.754001e-06
1.752782e-06
1.751565e-06
1.750348e-06
1.749131e-06
1.747916e-06
1.746701e-06
1.745487e-06
1.744273e-06
1.743060e-06
1.741848e-06
1.740637e-06
1.739426e-06
1.738216e-06
1.737007e-06
1.735798e-06
1.734590e-06
1.733383e-06
1.732177e-06
1.730971e-06
1.729766e-06
1.728561e-06
1.727358e-06
1.726155e-06
1.724952e-06
1.723751e-06
1.722550e-06
1.721350e-06
1.720150e-06
1.718951e-06
1.717753e-06
1.716556e-06
1.715359e-06
1.714163e-06
1.712968e-06
1.711773e-06
1.710579e-06
1.709386e-06
1.708193e-06
1.707001e-06
1.705810e-06
1.704619e-06
1.703430e-06
1.702241e-06
1.701052e-06
1.699864e-06
1.698677e-06
1.697491e-06
1.696305e-06
1.695120e-06
1.693936e-06
1.692752e-06
1.691570e-06
1.690387e-06
1.689206e-06
1.688025e-06
1.686845e-06
1.685665e-06
1.684487e-06
1.683308e-06
1.682131e-06
1.680954e-06
1.679778e-06
1.678603e-06
1.677428e-06
1.676254e-06
1.675081e-06
1.673908e-06
1.672736e-06
1.671565e-06
1.670395e-06
1.669225e-06
1.668056e-06
1.666887e-06
1.665719e-06
1.664552e-06
1.663386e-06
1.662220e-06
1.661055e-06
1.659891e-06
1.658727e-06
1.657564e-06
1.656401e-06
1.655240e-06
1.654079e-06
1.652918e-06
1.651759e-06
1.650600e-06
1.649442e-06
1.648284e-06
1.647127e-06
1.645971e-06
1.644815e-06
1.643660e-06
1.642506e-06
1.641353e-06
1.640200e-06
1.639048e-06
1.637896e-06
1.636745e-06
1.635595e-06
1.634446e-06
1.633297e-06
1.632149e-06
1.631001e-06
1.629855e-06
1.628708e-06
1.627563e-06
1.626418e-06
1.625274e-06
1.624131e-06
1.622988e-06
1.621846e-06
1.620705e-06
1.619564e-06
1.618424e-06
1.617285e-06
1.616146e-06
1.615008e-06
1.613871e-06
1.612734e-06
1.611598e-06
1.610463e-06
1.609328e-06
1.608194e-06
1.607061e-06
1.605928e-06
1.604796e-06
1.603665e-06
1.602534e-06
1.601404e-06
1.600275e-06
1.599146e-06
1.598018e-06
1.596891e-06
1.595764e-06
1.594638e-06
1.593513e-06
1.592388e-06
1.591264e-06
1.590141e-06
1.589018e-06
1.587896e-06
1.586775e-06
1.585654e-06
1.584534e-06
1.583415e-06
1.582296e-06
1.581178e-06
1.580061e-06
1.578944e-06
1.577828e-06
1.576713e-06
1.575598e-06
1.574484e-06
1.573371e-06
1.572258e-06
1.571146e-06
1.570034e-06
1.568924e-06
1.567814e-06
1.566704e-06
1.565595e-06
1.564487e-06
1.563380e-06
1.562273e-06
1.561167e-06
1.560062e-06
1.558957e-06
1.557853e-06
1.556749e-06
1.555646e-06
1.554544e-06
1.553443e-06
1.552342e-06
1.551241e-06
1.550142e-06
1.549043e-06
1.547945e-06
1.546847e-06
1.545750e-06
1.544654e-06
1.543558e-06
1.542463e-06
1.541369e-06
1.540275e-06
1.539182e-06
1.538090e-06
1.536998e-06
1.535907e-06
1.534817e-06
1.533727e-06
1.532638e-06
1.531549e-06
1.530462e-06
1.529374e-06
1.528288e-06
1.527202e-06
1.526117e-06
1.525032e-06
1.523948e-06
1.522865e-06
1.521782e-06
1.520701e-06
1.519619e-06
1.518539e-06
1.517459e-06
1.516379e-06
1.515300e-06
1.514222e-06
1.513145e-06
1.512068e-06
1.510992e-06
1.509916e-06
1.508842e-06
1.507767e-06
1.506694e-06
1.505621e-06
1.504549e-06
1.503477e-06
1.502406e-06
1.501336e-06
1.500266e-06
1.499197e-06
1.498128e-06
1.497060e-06
1.495993e-06
1.494927e-06
1.493861e-06
1.492796e-06
1.491731e-06
1.490667e-06
1.489604e-06
1.488541e-06
1.487479e-06
1.486418e-06
1.485357e-06
1.484297e-06
1.483237e-06
1.482179e-06
1.481120e-06
1.480063e-06
1.479006e-06
1.477950e-06
1.476894e-06
1.475839e-06
1.474785e-06
1.473731e-06
1.472678e-06
1.471625e-06
1.470573e-06
1.469522e-06
1.468472e-06
1.467422e-06
1.466372e-06
1.465324e-06
1.464276e-06
1.463228e-06
1.462182e-06
1.461135e-06
1.460090e-06
1.459045e-06
1.458001e-06
1.456957e-06
1.455914e-06
1.454872e-06
1.453830e-06
1.452789e-06
1.451749e-06
1.450709e-06
1.449669e-06
1.448631e-06
1.447593e-06
1.446556e-06
1.445519e-06
1.444483e-06
1.443447e-06
1.442413e-06
1.441378e-06
1.440345e-06
1.439312e-06
1.438280e-06
1.437248e-06
1.436217e-06
1.435186e-06
1.434157e-06
1.433127e-06
1.432099e-06
1.431071e-06
1.430044e-06
1.429017e-06
1.427991e-06
1.426965e-06
1.425941e-06
1.424916e-06
1.423893e-06
1.422870e-06
1.421848e-06
1.420826e-06
1.419805e-06
1.418784e-06
1.417764e-06
1.416745e-06
1.415727e-06
1.414709e-06
1.413691e-06
1.412675e-06
1.411658e-06
1.410643e-06
1.409628e-06
1.408614e-06
1.407600e-06
1.406587e-06
1.405575e-06
1.404563e-06
1.403552e-06
1.402541e-06
1.401531e-06
1.400522e-06
1.399513e-06
1.398505e-06
1.397497e-06
1.396491e-06
1.395484e-06
1.394479e-06
1.393474e-06
1.392469e-06
1.391465e-06
1.390462e-06
1.389459e-06
1.388458e-06
1.387456e-06
1.386455e-06
1.385455e-06
1.384456e-06
1.383457e-06
1.382458e-06
1.381461e-06
1.380464e-06
1.379467e-06
1.378471e-06
1.377476e-06
1.376481e-06
1.375487e-06
1.374494e-06
1.373501e-06
1.372509e-06
1.371517e-06
1.370526e-06
1.369536e-06
1.368546e-06
1.367557e-06
1.366568e-06
1.365580e-06
1.364593e-06
1.363606e-06
1.362620e-06
1.361634e-06
1.360649e-06
1.359665e-06
1.358681e-06
1.357698e-06
1.356716e-06
1.355734e-06
1.354752e-06
1.353772e-06
1.352792e-06
1.351812e-06
1.350833e-06
1.349855e-06
1.348877e-06
1.347900e-06
1.346923e-06
1.345948e-06
1.344972e-06
1.343997e-06
1.343023e-06
1.342050e-06
1.341077e-06
1.340105e-06
1.339133e-06
1.338162e-06
1.337191e-06
1.336221e-06
1.335252e-06
1.334283e-06
1.333315e-06
1.332347e-06
1.331381e-06
1.330414e-06
1.329448e-06
1.328483e-06
1.327519e-06
1.326555e-06
1.325591e-06
1.324628e-06
1.323666e-06
1.322705e-06
1.321744e-06
1.320783e-06
1.319823e-06
1.318864e-06
1.317906e-06
1.316948e-06
1.315990e-06
1.315033e-06
1.314077e-06
1.313121e-06
1.312166e-06
1.311212e-06
1.310258e-06
1.309304e-06
1.308352e-06
1.307400e-06
1.306448e-06
1.305497e-06
1.304547e-06
1.303597e-06
1.302648e-06
1.301699e-06
1.300751e-06
1.299803e-06
1.298857e-06
1.297910e-06
1.296965e-06
1.296020e-06
1.295075e-06
1.294131e-06
1.293188e-06
1.292245e-06
1.291303e-06
1.290361e-06
1.289420e-06
1.288480e-06
1.287540e-06
1.286601e-06
1.285662e-06
1.284724e-06
1.283786e-06
1.282849e-06
1.281913e-06
1.280977e-06
1.280042e-06
1.279107e-06
1.278173e-06
1.277240e-06
1.276307e-06
1.275375e-06
1.274443e-06
1.273512e-06
1.272581e-06
1.271651e-06
1.270722e-06
1.269793e-06
1.268865e-06
1.267937e-06
1.267010e-06
1.266084e-06
1.265158e-06
1.264232e-06
1.263308e-06
1.262383e-06
1.261460e-06
1.260537e-06
1.259614e-06
1.258692e-06
1.257771e-06
1.256850e-06
1.255930e-06
1.255010e-06
1.254091e-06
1.253173e-06
1.252255e-06
1.251338e-06
1.250421e-06
1.249505e-06
1.248589e-06
1.247674e-06
1.246759e-06
1.245846e-06
1.244932e-06
1.244019e-06
1.243107e-06
1.242196e-06
1.241285e-06
1.240374e-06
1.239464e-06
1.238555e-06
1.237646e-06
1.236738e-06
1.235830e-06
1.234923e-06
1.234017e-06
1.233111e-06
1.232205e-06
1.231300e-06
1.230396e-06
1.229492e-06
1.228589e-06
1.227687e-06
1.226785e-06
1.225883e-06
1.224983e-06
1.224082e-06
1.223182e-06
1.222283e-06
1.221385e-06
1.220487e-06
1.219589e-06
1.218692e-06
1.217796e-06
1.216900e-06
1.216005e-06
1.215110e-06
1.214216e-06
1.213322e-06
1.212429e-06
1.211537e-06
1.210645e-06
1.209754e-06
1.208863e-06
1.207973e-06
1.207083e-06
1.206194e-06
1.205306e-06
1.204418e-06
1.203530e-06
1.202643e-06
1.201757e-06
1.200871e-06
1.199986e-06
1.199102e-06
1.198217e-06
1.197334e-06
1.196451e-06
1.195569e-06
1.194687e-06
1.193805e-06
1.192925e-06
1.192044e-06
1.191165e-06
1.190286e-06
1.189407e-06
1.188529e-06
1.187652e-06
1.186775e-06
1.185899e-06
1.185023e-06
1.184148e-06
1.183273e-06
1.182399e-06
1.181525e-06
1.180652e-06
1.179780e-06
1.178908e-06
1.178036e-06
1.177166e-06
1.176295e-06
1.175426e-06
1.174556e-06
1.173688e-06
1.172820e-06
1.171952e-06
1.171085e-06
1.170219e-06
1.169353e-06
1.168487e-06
1.167623e-06
1.166758e-06
1.165895e-06
1.165031e-06
1.164169e-06
1.163307e-06
1.162445e-06
1.161584e-06
1.160724e-06
1.159864e-06
1.159005e-06
1.158146e-06
1.157287e-06
1.156430e-06
1.155573e-06
1.154716e-06
1.153860e-06
1.153004e-06
1.152149e-06
1.151295e-06
1.150441e-06
1.149587e-06
1.148734e-06
1.147882e-06
1.147030e-06
1.146179e-06
1.145328e-06
1.144478e-06
1.143629e-06
1.142779e-06
1.141931e-06
1.141083e-06
1.140235e-06
1.139388e-06
1.138542e-06
1.137696e-06
1.136851e-06
1.136006e-06
1.135162e-06
1.134318e-06
1.133475e-06
1.132632e-06
1.131790e-06
1.130948e-06
1.130107e-06
1.129267e-06
1.128427e-06
1.127587e-06
1.126748e-06
1.125910e-06
1.125072e-06
1.124235e-06
1.123398e-06
1.122562e-06
1.121726e-06
1.120891e-06
1.120056e-06
1.119222e-06
1.118388e-06
1.117555e-06
1.116723e-06
1.115891e-06
1.115059e-06
1.114228e-06
1.113398e-06
1.112568e-06
1.111738e-06
1.110910e-06
1.110081e-06
1.109253e-06
1.108426e-06
1.107599e-06
1.106773e-06
1.105947e-06
1.105122e-06
1.104298e-06
1.103473e-06
1.102650e-06
1.101827e-06
1.101004e-06
1.100182e-06
1.099361e-06
1.098540e-06
1.097719e-06
1.096899e-06
1.096080e-06
1.095261e-06
1.094443e-06
1.093625e-06
1.092807e-06
1.091991e-06
1.091174e-06
1.090359e-06
1.089543e-06
1.088729e-06
1.087914e-06
1.087101e-06
1.086288e-06
1.085475e-06
1.084663e-06
1.083851e-06
1.083040e-06
1.082229e-06
1.081419e-06
1.080610e-06
1.079801e-06
1.078992e-06
1.078184e-06
1.077377e-06
1.076570e-06
1.075763e-06
1.074957e-06
1.074152e-06
1.073347e-06
1.072543e-06
1.071739e-06
1.070936e-06
1.070133e-06
1.069330e-06
1.068529e-06
1.067727e-06
1.066926e-06
1.066126e-06
1.065326e-06
1.064527e-06
1.063728e-06
1.062930e-06
1.062132e-06
1.061335e-06
1.060861e-06
1.060411e-06
1.059961e-06
1.059512e-06
1.059062e-06
1.058613e-06
1.058165e-06
1.057716e-06
1.057268e-06
1.056820e-06
1.056372e-06
1.055924e-06
1.055477e-06
1.055030e-06
1.054583e-06
1.054137e-06
1.053690e-06
1.053244e-06
1.052799e-06
1.052353e-06
1.051908e-06
1.051463e-06
1.051018e-06
1.050574e-06
1.050130e-06
1.049686e-06
1.049242e-06
1.048798e-06
1.048355e-06
1.047912e-06
1.047470e-06
1.047027e-06
1.046585e-06
1.046143e-06
1.045701e-06
1.045260e-06
1.044819e-06
1.044378e-06
1.043937e-06
1.043497e-06
1.043057e-06
1.042617e-06
1.042177e-06
1.041738e-06
1.041299e-06
1.040860e-06
1.040421e-06
1.039983e-06
1.039545e-06
1.039107e-06
1.038669e-06
1.038232e-06
1.037795e-06
1.037358e-06
1.036921e-06
1.036485e-06
1.036049e-06
1.035613e-06
1.035177e-06
1.034742e-06
1.034307e-06
1.033872e-06
1.033437e-06
1.033003e-06
1.032569e-06
1.032135e-06
1.031701e-06
1.031268e-06
1.030835e-06
1.030402e-06
1.029970e-06
1.029537e-06
1.029105e-06
1.028673e-06
1.028241e-06
1.027810e-06
1.027379e-06
1.026948e-06
1.026517e-06
1.026087e-06
1.025657e-06
1.025227e-06
1.024797e-06
1.024368e-06
1.023939e-06
1.023510e-06
1.023081e-06
1.022653e-06
1.022224e-06
1.021797e-06
1.021369e-06
1.020941e-06
1.020514e-06
1.020087e-06
1.019660e-06
1.019234e-06
1.018808e-06
1.018382e-06
1.017956e-06
1.017530e-06
1.017105e-06
1.016680e-06
1.016255e-06
1.015831e-06
1.015407e-06
1.014983e-06
1.014559e-06
1.014135e-06
1.013712e-06
1.013289e-06
1.012866e-06
1.012443e-06
1.012021e-06
1.011599e-06
1.011177e-06
1.010755e-06
1.010334e-06
1.009913e-06
1.009492e-06
1.009071e-06
1.008651e-06
1.008231e-06
1.007811e-06
1.007391e-06
1.006971e-06
1.006552e-06
1.006133e-06
1.005714e-06
1.005296e-06
1.004878e-06
1.004460e-06
1.004042e-06
1.003624e-06
1.003207e-06
1.002790e-06
1.002373e-06
1.001956e-06
1.001540e-06
1.001124e-06
1.000708e-06
1.000292e-06
9.998768e-07
