4.655033e-03
4.062834e-03
2.756279e-03
3.251636e-03
2.728927e-03
3.545454e-03
2.436923e-03
2.453885e-03
2.189376e-03
2.307491e-03
2.434111e-03
1.964048e-03
1.701139e-03
1.725400e-03
1.678730e-03
1.921098e-03
1.504331e-03
1.357277e-03
1.300133e-03
1.338254e-03
1.421388e-03
1.213133e-03
9.753110e-04
1.278304e-03
9.603565e-04
2.016503e-03
1.426055e-03
1.349407e-03
1.608568e-03
1.671029e-03
1.698710e-03
1.632616e-03
1.304677e-03
1.644280e-03
1.275664e-03
1.264826e-03
9.517860e-04
9.726724e-04
9.357993e-04
9.950581e-04
1.095963e-03
1.016630e-03
1.053068e-03
1.042922e-03
1.049686e-03
1.118587e-03
9.924917e-04
9.856536e-04
9.634105e-04
9.482547e-04
9.805226e-04
9.402203e-04
9.235519e-04
9.277692e-04
9.415931e-04
9.822264e-04
9.458765e-04
9.656313e-04
9.964208e-04
1.094546e-03
1.183045e-03
1.231223e-03
1.311056e-03
1.379229e-03
1.486260e-03
1.641016e-03
1.725466e-03
1.861428e-03
1.995823e-03
2.116452e-03
2.246088e-03
2.237669e-03
2.173230e-03
2.042007e-03
2.005277e-03
2.686749e-03
2.720854e-03
2.984737e-03
3.034591e-03
3.016967e-03
2.920239e-03
2.583200e-03
2.627444e-03
2.935614e-03
3.530846e-03
3.866046e-03
3.774301e-03
4.023053e-03
4.288990e-03
4.270695e-03
4.265918e-03
3.989123e-03
3.927155e-03
3.669265e-03
3.483070e-03
3.335129e-03
2.928018e-03
2.712875e-03
2.460165e-03
2.271647e-03
2.121349e-03
1.832877e-03
1.615372e-03
1.429688e-03
1.305725e-03
1.188814e-03
1.036376e-03
9.036775e-04
7.911832e-04
7.178324e-04
6.585941e-04
5.636398e-04
4.914767e-04
4.352040e-04
3.905205e-04
3.691371e-04
3.373311e-04
3.119214e-04
2.916499e-04
2.754031e-04
2.622322e-04
2.379016e-04
2.185044e-04
2.028832e-04
1.901755e-04
1.797149e-04
1.611775e-04
1.462978e-04
1.342335e-04
1.243821e-04
1.162726e-04
1.027218e-04
9.182640e-05
8.301173e-05
7.586701e-05
7.005757e-05
6.082698e-05
5.344190e-05
4.753160e-05
4.282058e-05
3.906257e-05
3.328522e-05
2.869213e-05
2.567476e-05
2.352834e-05
2.179900e-05
1.906733e-05
1.835850e-05
1.807733e-05
1.776442e-05
1.745724e-05
1.764974e-05
1.750570e-05
1.723825e-05
1.693960e-05
1.664592e-05
1.682459e-05
1.668569e-05
1.643220e-05
1.615034e-05
1.587362e-05
1.604078e-05
1.590755e-05
1.566588e-05
1.539670e-05
1.514587e-05
1.528793e-05
1.515954e-05
1.492969e-05
1.467437e-05
1.444516e-05
1.457031e-05
1.444830e-05
1.422988e-05
1.398614e-05
1.376856e-05
1.388314e-05
1.376505e-05
1.355642e-05
1.332448e-05
1.311699e-05
1.322519e-05
1.311181e-05
1.291266e-05
1.269127e-05
1.248951e-05
1.259450e-05
1.248562e-05
1.229584e-05
1.208516e-05
1.188694e-05
1.199192e-05
1.188761e-05
1.170659e-05
1.150561e-05
1.130773e-05
1.141506e-05
1.131506e-05
1.114251e-05
1.095108e-05
1.076153e-05
1.086368e-05
1.076792e-05
1.060334e-05
1.042073e-05
1.023980e-05
1.033596e-05
1.024422e-05
1.008730e-05
9.913280e-06
9.740762e-06
9.831361e-06
9.743545e-06
9.593895e-06
9.427912e-06
9.263274e-06
9.348560e-06
9.264503e-06
9.121833e-06
8.963627e-06
8.806627e-06
8.886974e-06
8.806582e-06
8.670566e-06
8.519716e-06
8.369942e-06
8.445618e-06
8.368758e-06
8.239137e-06
8.095384e-06
7.952593e-06
8.023921e-06
7.950498e-06
7.826994e-06
7.689997e-06
7.553854e-06
7.621095e-06
7.550996e-06
7.433372e-06
7.302880e-06
7.173144e-06
7.236588e-06
7.169720e-06
7.057730e-06
6.933453e-06
6.809839e-06
6.869729e-06
6.805987e-06
6.699409e-06
6.581109e-06
6.463388e-06
6.519971e-06
6.459257e-06
6.357868e-06
6.245286e-06
6.133204e-06
6.186694e-06
6.128906e-06
6.032495e-06
5.925401e-06
5.818737e-06
5.869347e-06
5.814385e-06
5.722741e-06
5.620900e-06
5.519421e-06
5.567338e-06
5.515098e-06
5.428021e-06
5.331212e-06
5.234706e-06
5.280109e-06
5.230488e-06
5.147779e-06
5.055781e-06
4.964031e-06
5.007079e-06
4.959973e-06
4.881440e-06
4.794045e-06
4.706846e-06
4.747690e-06
4.702997e-06
4.628451e-06
4.545450e-06
4.462600e-06
4.501375e-06
4.458990e-06
4.388250e-06
4.309444e-06
4.230749e-06
4.267582e-06
4.227404e-06
4.160292e-06
4.085486e-06
4.010754e-06
4.045760e-06
4.007689e-06
3.944033e-06
3.873040e-06
3.802088e-06
3.835374e-06
3.799312e-06
3.738944e-06
3.671582e-06
3.604232e-06
3.635894e-06
3.601744e-06
3.544505e-06
3.480598e-06
3.416678e-06
3.446809e-06
3.414477e-06
3.360212e-06
3.299590e-06
3.238934e-06
3.267617e-06
3.237012e-06
3.185571e-06
3.128073e-06
3.070522e-06
3.097833e-06
3.068868e-06
3.020108e-06
2.965577e-06
2.910975e-06
2.936988e-06
2.909577e-06
2.863361e-06
2.811647e-06
2.759849e-06
2.784630e-06
2.758693e-06
2.714889e-06
2.665849e-06
2.616713e-06
2.640324e-06
2.615782e-06
2.574266e-06
2.527762e-06
2.481153e-06
2.503652e-06
2.480431e-06
2.441082e-06
2.396984e-06
2.352773e-06
2.374215e-06
2.352242e-06
2.314947e-06
2.273130e-06
2.231194e-06
2.251630e-06
2.230838e-06
2.195488e-06
2.155833e-06
2.116054e-06
2.135532e-06
2.115856e-06
2.082348e-06
2.044742e-06
2.007009e-06
2.025574e-06
2.006953e-06
1.975189e-06
1.939525e-06
1.903731e-06
1.921426e-06
1.903802e-06
1.873689e-06
1.839864e-06
1.805908e-06
1.822774e-06
1.806092e-06
1.777434e-06
1.744302e-06
1.677920e-06
1.640173e-06
1.603716e-06
1.570004e-06
1.539001e-06
1.510412e-06
1.492154e-06
1.469419e-06
1.445830e-06
1.422593e-06
1.400145e-06
1.408036e-06
1.408596e-06
1.396504e-06
1.379082e-06
1.359539e-06
1.382106e-06
1.377158e-06
1.361323e-06
1.341306e-06
1.319952e-06
1.337454e-06
1.329531e-06
1.311921e-06
1.290850e-06
1.268907e-06
1.283014e-06
1.273477e-06
1.255161e-06
1.233885e-06
1.212027e-06
1.223753e-06
1.213411e-06
1.195022e-06
1.174036e-06
1.152659e-06
1.162666e-06
1.152025e-06
1.133949e-06
1.113552e-06
1.092886e-06
1.101625e-06
1.091009e-06
1.073482e-06
1.053849e-06
1.034029e-06
1.041812e-06
1.031426e-06
1.014589e-06
9.958180e-07
