7.811801e+00
5.422252e+00
2.961207e+00
2.212397e+00
1.771616e+00
1.420538e+00
1.238011e+00
1.036447e+00
8.844907e-01
7.839585e-01
6.642163e-01
5.960938e-01
5.199761e-01
4.644118e-01
4.103253e-01
3.678793e-01
3.275033e-01
3.023902e-01
2.836300e-01
2.802405e-01
2.753368e-01
2.608228e-01
2.409210e-01
2.286483e-01
2.254976e-01
2.170256e-01
2.049821e-01
1.908913e-01
1.839365e-01
1.792765e-01
1.745237e-01
1.701957e-01
1.659073e-01
1.618863e-01
1.581164e-01
1.546484e-01
1.512585e-01
1.477461e-01
1.448489e-01
1.416163e-01
1.387978e-01
1.359640e-01
1.334032e-01
1.306812e-01
1.283147e-01
1.258436e-01
1.234582e-01
1.213199e-01
1.191397e-01
1.169565e-01
1.149524e-01
1.130356e-01
1.110742e-01
1.092468e-01
1.074361e-01
1.056707e-01
1.039959e-01
1.023635e-01
1.007422e-01
9.916894e-02
9.765689e-02
9.617220e-02
9.471298e-02
9.331548e-02
9.195055e-02
9.061467e-02
8.931181e-02
8.803985e-02
8.679493e-02
8.557563e-02
8.438198e-02
8.321595e-02
8.207456e-02
8.096973e-02
7.988955e-02
7.883023e-02
7.779029e-02
7.677082e-02
7.577199e-02
7.479210e-02
7.383117e-02
7.289074e-02
7.197274e-02
7.107836e-02
7.020713e-02
6.935847e-02
6.853319e-02
6.772658e-02
6.693488e-02
6.615429e-02
6.538183e-02
6.461623e-02
6.385850e-02
6.311180e-02
6.238026e-02
6.166676e-02
6.097140e-02
6.029171e-02
5.962376e-02
5.896562e-02
5.832287e-02
5.768676e-02
5.705781e-02
5.643788e-02
5.582866e-02
5.523061e-02
5.464282e-02
5.406383e-02
5.349263e-02
5.292906e-02
5.237356e-02
5.182657e-02
5.128808e-02
5.075777e-02
5.023528e-02
4.972044e-02
4.921329e-02
4.871465e-02
4.822728e-02
4.774744e-02
4.727492e-02
4.680948e-02
4.635092e-02
4.589906e-02
4.545369e-02
4.501451e-02
4.458123e-02
4.415357e-02
4.373129e-02
4.331415e-02
4.290194e-02
4.249448e-02
4.209165e-02
4.169338e-02
4.129966e-02
4.091052e-02
4.052604e-02
4.014632e-02
3.977148e-02
3.940165e-02
3.903694e-02
3.867871e-02
3.832755e-02
3.798156e-02
3.764054e-02
3.730424e-02
3.697237e-02
3.664460e-02
3.632059e-02
3.600001e-02
3.568261e-02
3.536816e-02
3.505656e-02
3.474777e-02
3.444182e-02
3.413886e-02
3.383906e-02
3.354265e-02
3.324984e-02
3.296081e-02
3.267571e-02
3.239459e-02
3.211742e-02
3.184408e-02
3.157438e-02
3.130805e-02
3.104480e-02
3.078433e-02
3.052637e-02
3.027071e-02
3.001722e-02
2.976583e-02
2.951658e-02
2.926958e-02
2.902499e-02
2.878298e-02
2.854372e-02
2.830736e-02
2.807397e-02
2.784356e-02
2.761606e-02
2.739135e-02
2.716923e-02
2.694950e-02
2.673196e-02
2.651642e-02
2.630276e-02
2.609091e-02
2.588087e-02
2.567267e-02
2.546641e-02
2.526220e-02
2.506013e-02
2.486029e-02
2.466272e-02
2.446740e-02
2.427427e-02
2.408326e-02
2.389422e-02
2.370705e-02
2.352163e-02
2.333786e-02
2.315570e-02
2.297513e-02
2.279616e-02
2.261884e-02
2.244321e-02
2.226932e-02
2.209721e-02
2.192687e-02
2.175829e-02
2.159142e-02
2.142621e-02
2.126258e-02
2.110046e-02
2.093981e-02
2.078058e-02
2.062276e-02
2.046633e-02
2.031132e-02
2.015774e-02
2.000560e-02
1.985491e-02
1.970567e-02
1.955786e-02
1.941145e-02
1.926639e-02
1.912266e-02
1.898022e-02
1.883904e-02
1.869909e-02
1.856037e-02
1.842288e-02
1.828661e-02
1.815156e-02
1.801774e-02
1.788513e-02
1.775373e-02
1.762351e-02
1.749446e-02
1.736654e-02
1.723975e-02
1.711405e-02
1.698944e-02
1.686590e-02
1.674343e-02
1.662202e-02
1.650167e-02
1.638237e-02
1.626411e-02
1.614688e-02
1.603066e-02
1.591544e-02
1.580121e-02
1.568796e-02
1.557565e-02
1.546430e-02
1.535389e-02
1.524441e-02
1.513586e-02
1.502823e-02
1.492150e-02
1.481568e-02
1.471074e-02
1.460669e-02
1.450350e-02
1.440117e-02
1.429969e-02
1.419904e-02
1.409923e-02
1.400024e-02
1.390207e-02
1.380470e-02
1.370814e-02
1.361237e-02
1.351739e-02
1.342318e-02
1.332974e-02
1.323705e-02
1.314512e-02
1.305394e-02
1.296348e-02
1.287376e-02
1.278476e-02
1.269648e-02
1.260891e-02
1.252204e-02
1.243586e-02
1.235037e-02
1.226557e-02
1.218143e-02
1.209797e-02
1.201516e-02
1.193301e-02
1.185151e-02
1.177065e-02
1.169043e-02
1.161084e-02
1.153187e-02
1.145353e-02
1.137579e-02
1.129866e-02
1.122213e-02
1.114620e-02
1.107085e-02
1.099609e-02
1.092191e-02
1.084830e-02
1.077526e-02
1.070279e-02
1.063087e-02
1.055950e-02
1.048868e-02
1.041840e-02
1.034865e-02
1.027944e-02
1.021076e-02
1.014260e-02
1.007495e-02
1.000782e-02
9.941201e-03
9.875082e-03
9.809463e-03
9.744337e-03
9.679702e-03
9.615553e-03
9.551885e-03
9.488693e-03
9.425975e-03
9.363725e-03
9.301940e-03
9.240615e-03
9.179746e-03
9.119329e-03
9.059360e-03
8.999835e-03
8.940751e-03
8.882103e-03
8.823888e-03
8.766102e-03
8.708741e-03
8.651801e-03
8.595279e-03
8.539171e-03
8.483474e-03
8.428183e-03
8.373296e-03
8.318810e-03
8.264719e-03
8.211022e-03
8.157715e-03
8.104794e-03
8.052257e-03
8.000099e-03
7.948319e-03
7.896911e-03
7.845874e-03
7.795205e-03
7.744899e-03
7.694955e-03
7.645369e-03
7.596138e-03
7.547258e-03
7.498728e-03
7.450545e-03
7.402704e-03
7.355205e-03
7.308043e-03
7.261215e-03
7.214720e-03
7.168555e-03
7.122716e-03
7.077201e-03
7.032007e-03
6.987132e-03
6.942573e-03
6.898328e-03
6.854394e-03
6.810768e-03
6.767448e-03
6.724431e-03
6.681716e-03
6.639299e-03
6.597178e-03
6.555351e-03
6.513815e-03
6.472569e-03
6.431609e-03
6.390934e-03
6.350540e-03
6.310427e-03
6.270592e-03
6.231031e-03
6.191745e-03
6.152729e-03
6.113982e-03
6.075503e-03
6.037288e-03
5.999335e-03
5.961643e-03
5.924210e-03
5.887034e-03
5.850111e-03
5.813442e-03
5.777023e-03
5.740852e-03
5.704928e-03
5.669249e-03
5.633813e-03
5.598618e-03
5.563661e-03
5.528943e-03
5.494459e-03
5.460209e-03
5.426191e-03
5.392403e-03
5.358843e-03
5.325510e-03
5.292401e-03
5.259516e-03
5.226852e-03
5.194407e-03
5.162181e-03
5.130171e-03
5.098375e-03
5.066793e-03
5.035422e-03
5.004261e-03
4.973308e-03
4.942562e-03
4.912021e-03
4.881684e-03
4.851549e-03
4.821614e-03
4.791878e-03
4.762340e-03
4.732998e-03
4.703851e-03
4.674897e-03
4.646134e-03
4.617562e-03
4.589179e-03
4.560983e-03
4.532974e-03
4.505149e-03
4.477507e-03
4.450048e-03
4.422769e-03
4.395670e-03
4.368748e-03
4.342004e-03
4.315434e-03
4.289039e-03
4.262817e-03
4.236766e-03
4.210886e-03
4.185175e-03
4.159632e-03
4.134255e-03
4.109044e-03
4.083997e-03
4.059113e-03
4.034391e-03
4.009830e-03
3.985428e-03
3.961185e-03
3.937099e-03
3.913169e-03
3.889394e-03
3.865773e-03
3.842305e-03
3.818988e-03
3.795822e-03
3.772806e-03
3.749938e-03
3.727217e-03
3.704643e-03
3.682214e-03
3.659930e-03
3.637788e-03
3.615789e-03
3.593932e-03
3.572214e-03
3.550636e-03
3.529195e-03
3.507893e-03
3.486726e-03
3.465695e-03
3.444798e-03
3.424035e-03
3.403404e-03
3.382905e-03
3.362536e-03
3.342298e-03
3.322188e-03
3.302206e-03
3.282351e-03
3.262622e-03
3.243019e-03
3.223540e-03
3.204184e-03
3.184951e-03
3.165841e-03
3.146851e-03
3.127981e-03
3.109230e-03
3.090599e-03
3.072084e-03
3.053687e-03
3.035406e-03
3.017240e-03
2.999188e-03
2.981250e-03
2.963426e-03
2.945713e-03
2.928111e-03
2.910621e-03
2.893240e-03
2.875968e-03
2.858805e-03
2.841749e-03
2.824800e-03
2.807957e-03
2.791220e-03
2.774587e-03
2.758059e-03
2.741633e-03
2.725311e-03
2.709090e-03
2.692970e-03
2.676951e-03
2.661032e-03
2.645212e-03
2.629491e-03
2.613867e-03
2.598341e-03
2.582911e-03
2.567577e-03
2.552338e-03
2.537194e-03
2.522144e-03
2.507187e-03
2.492323e-03
2.477551e-03
2.462870e-03
2.448281e-03
2.433781e-03
2.419372e-03
2.405051e-03
2.390819e-03
2.376675e-03
2.362618e-03
2.348648e-03
2.334763e-03
2.320965e-03
2.307252e-03
2.293622e-03
2.280077e-03
2.266616e-03
2.253237e-03
2.239940e-03
2.226725e-03
2.213591e-03
2.200537e-03
2.187564e-03
2.174671e-03
2.161856e-03
2.149120e-03
2.136462e-03
2.123881e-03
2.111378e-03
2.098951e-03
2.086600e-03
2.074324e-03
2.062124e-03
2.049997e-03
2.037945e-03
2.025967e-03
2.014062e-03
2.002229e-03
1.990468e-03
1.978779e-03
1.967161e-03
1.955614e-03
1.944137e-03
1.932730e-03
1.921392e-03
1.910123e-03
1.898923e-03
1.887790e-03
1.876726e-03
1.865728e-03
1.854797e-03
1.843932e-03
1.833134e-03
1.822400e-03
1.811732e-03
1.801128e-03
1.790589e-03
1.780113e-03
1.769700e-03
1.759351e-03
1.749064e-03
1.738839e-03
1.728676e-03
1.718574e-03
1.708533e-03
1.698553e-03
1.688633e-03
1.678773e-03
1.668972e-03
1.659230e-03
1.649547e-03
1.639922e-03
1.630356e-03
1.620846e-03
1.611394e-03
1.601999e-03
1.592660e-03
1.583377e-03
1.574150e-03
1.564979e-03
1.555862e-03
1.546800e-03
1.537793e-03
1.528839e-03
1.519939e-03
1.511093e-03
1.502299e-03
1.493558e-03
1.484870e-03
1.476233e-03
1.467648e-03
1.459115e-03
1.450632e-03
1.442200e-03
1.433819e-03
1.425487e-03
1.417206e-03
1.408974e-03
1.400790e-03
1.392656e-03
1.384570e-03
1.376533e-03
1.368543e-03
1.360601e-03
1.352707e-03
1.344859e-03
1.337058e-03
1.329303e-03
1.321595e-03
1.313932e-03
1.306316e-03
1.298744e-03
1.291217e-03
1.283735e-03
1.276298e-03
1.268904e-03
1.261555e-03
1.254249e-03
1.246987e-03
1.239767e-03
1.232591e-03
1.225457e-03
1.218365e-03
1.211315e-03
1.204307e-03
1.197341e-03
1.190416e-03
1.183531e-03
1.176688e-03
1.169885e-03
1.163122e-03
1.156400e-03
1.149717e-03
1.143073e-03
1.136469e-03
1.129904e-03
1.123377e-03
1.116889e-03
1.110440e-03
1.104028e-03
1.097654e-03
1.091318e-03
1.085020e-03
1.078758e-03
1.072533e-03
1.066345e-03
1.060194e-03
1.054079e-03
1.047999e-03
1.041956e-03
1.035948e-03
1.029975e-03
1.024038e-03
1.018135e-03
1.012268e-03
1.006434e-03
1.000635e-03
9.948705e-04
9.891395e-04
9.834422e-04
9.777783e-04
9.721476e-04
9.665501e-04
9.609854e-04
9.554533e-04
9.499537e-04
9.444864e-04
9.390511e-04
9.336477e-04
9.282760e-04
9.229357e-04
9.176268e-04
9.123489e-04
9.071020e-04
9.018858e-04
8.967001e-04
8.915448e-04
8.864197e-04
8.813245e-04
8.762592e-04
8.712235e-04
8.662172e-04
8.612402e-04
8.562923e-04
8.513734e-04
8.464831e-04
8.416215e-04
8.367882e-04
8.319832e-04
8.272062e-04
8.224571e-04
8.177358e-04
8.130419e-04
8.083755e-04
8.037363e-04
7.991242e-04
7.945389e-04
7.899804e-04
7.854485e-04
7.809430e-04
7.764637e-04
7.720105e-04
7.675833e-04
7.631819e-04
7.588061e-04
7.544557e-04
7.501307e-04
7.458309e-04
7.415561e-04
7.373061e-04
7.330809e-04
7.288803e-04
7.247041e-04
7.205522e-04
7.164244e-04
7.123206e-04
7.082407e-04
7.041844e-04
7.001518e-04
6.961425e-04
6.921566e-04
6.881938e-04
6.842540e-04
6.803370e-04
6.764428e-04
6.725712e-04
6.687221e-04
6.648953e-04
6.610907e-04
6.573082e-04
6.535476e-04
6.498088e-04
6.460917e-04
6.423961e-04
6.387220e-04
6.350691e-04
6.314374e-04
6.278268e-04
6.242370e-04
6.206681e-04
6.171198e-04
6.135920e-04
6.100847e-04
6.065977e-04
6.031309e-04
5.996841e-04
5.962572e-04
5.928502e-04
5.894629e-04
5.860952e-04
5.827470e-04
5.794181e-04
5.761084e-04
5.728179e-04
5.695464e-04
5.662938e-04
5.630601e-04
5.598449e-04
5.566484e-04
5.534703e-04
5.503106e-04
5.471691e-04
5.440458e-04
5.409405e-04
5.378531e-04
5.347835e-04
5.317317e-04
5.286974e-04
5.256807e-04
5.226813e-04
5.196993e-04
5.167344e-04
5.137867e-04
5.108559e-04
5.079421e-04
5.050450e-04
5.021647e-04
4.993009e-04
4.964536e-04
4.936228e-04
4.908082e-04
4.880099e-04
4.852277e-04
4.824615e-04
4.797112e-04
4.769768e-04
4.742581e-04
4.715550e-04
4.688676e-04
4.661955e-04
4.635389e-04
4.608975e-04
4.582714e-04
4.556603e-04
4.530643e-04
4.504832e-04
4.479169e-04
4.453654e-04
4.428286e-04
4.403064e-04
4.377986e-04
4.353053e-04
4.328263e-04
4.303615e-04
4.279109e-04
4.254744e-04
4.230519e-04
4.206433e-04
4.182485e-04
4.158675e-04
4.135001e-04
4.111464e-04
4.088062e-04
4.064794e-04
4.041659e-04
4.018658e-04
3.995788e-04
3.973050e-04
3.950442e-04
3.927963e-04
3.905614e-04
3.883393e-04
3.861300e-04
3.839333e-04
3.817492e-04
3.795776e-04
3.774185e-04
3.752718e-04
3.731374e-04
3.710152e-04
3.689051e-04
3.668072e-04
3.647213e-04
3.626473e-04
3.605853e-04
3.585350e-04
3.564965e-04
3.544697e-04
3.524544e-04
3.504508e-04
3.484586e-04
3.464778e-04
3.445083e-04
3.425501e-04
3.406032e-04
3.386673e-04
3.367426e-04
3.348289e-04
3.329261e-04
3.310342e-04
3.291532e-04
3.272829e-04
3.254233e-04
3.235743e-04
3.217359e-04
3.199081e-04
3.180907e-04
3.162837e-04
3.144870e-04
3.127006e-04
3.109244e-04
3.091584e-04
3.074024e-04
3.056565e-04
3.039206e-04
3.021946e-04
3.004785e-04
2.987722e-04
2.970756e-04
2.953887e-04
2.937115e-04
2.920438e-04
2.903857e-04
2.887371e-04
2.870978e-04
2.854679e-04
2.838474e-04
2.822361e-04
2.806340e-04
2.790410e-04
2.774571e-04
2.758823e-04
2.743165e-04
2.727596e-04
2.712116e-04
2.696724e-04
2.681421e-04
2.666204e-04
2.651074e-04
2.636031e-04
2.621074e-04
2.606202e-04
2.591414e-04
2.576711e-04
2.562092e-04
2.547557e-04
2.533104e-04
2.518734e-04
2.504446e-04
2.490239e-04
2.476113e-04
2.462068e-04
2.448103e-04
2.434217e-04
2.420411e-04
2.406683e-04
2.393034e-04
2.379462e-04
2.365968e-04
2.352551e-04
2.339210e-04
2.325945e-04
2.312756e-04
2.299642e-04
2.286602e-04
2.273637e-04
2.260746e-04
2.247928e-04
2.235184e-04
2.222512e-04
2.209912e-04
2.197384e-04
2.184927e-04
2.172541e-04
2.160226e-04
2.147980e-04
2.135805e-04
2.123699e-04
2.111662e-04
2.099693e-04
2.087793e-04
2.075960e-04
2.064194e-04
2.052496e-04
2.040864e-04
2.029299e-04
2.017799e-04
2.006364e-04
1.994995e-04
1.983691e-04
1.972450e-04
1.961274e-04
1.950161e-04
1.939112e-04
1.928125e-04
1.917201e-04
1.906339e-04
1.895539e-04
1.884800e-04
1.874123e-04
1.863506e-04
1.852949e-04
1.842453e-04
1.832016e-04
1.821639e-04
1.811320e-04
1.801061e-04
1.790859e-04
1.780716e-04
1.770630e-04
1.760602e-04
1.750630e-04
1.740716e-04
1.730857e-04
1.721055e-04
1.711309e-04
1.701617e-04
1.691981e-04
1.682400e-04
1.672873e-04
1.663400e-04
1.653981e-04
1.644616e-04
1.635304e-04
1.626045e-04
1.616838e-04
1.607684e-04
1.598581e-04
1.589531e-04
1.580532e-04
1.571584e-04
1.562686e-04
1.553840e-04
1.545043e-04
1.536297e-04
1.527600e-04
1.518953e-04
1.510354e-04
1.501805e-04
1.493304e-04
1.484851e-04
1.476447e-04
1.468090e-04
1.459780e-04
1.451518e-04
1.443303e-04
1.435134e-04
1.427011e-04
1.418935e-04
1.410905e-04
1.402920e-04
1.394981e-04
1.387086e-04
1.379236e-04
1.371431e-04
1.363671e-04
1.355954e-04
1.348281e-04
1.340652e-04
1.333066e-04
1.325523e-04
1.318022e-04
1.310565e-04
1.303149e-04
1.295776e-04
1.288445e-04
1.281155e-04
1.273906e-04
1.266699e-04
1.259532e-04
1.252407e-04
1.245321e-04
1.238276e-04
1.231271e-04
1.224305e-04
1.217379e-04
1.210493e-04
1.203645e-04
1.196836e-04
1.190066e-04
1.183334e-04
1.176641e-04
1.169985e-04
1.163367e-04
1.156787e-04
1.150243e-04
1.143737e-04
1.137268e-04
1.130836e-04
1.124440e-04
1.118080e-04
1.111757e-04
1.105469e-04
1.099217e-04
1.093000e-04
1.086819e-04
1.080672e-04
1.074561e-04
1.068484e-04
1.062441e-04
1.056433e-04
1.050459e-04
1.044519e-04
1.038612e-04
1.032739e-04
1.026899e-04
1.021092e-04
1.015318e-04
1.009577e-04
1.003869e-04
9.981924e-05
9.925483e-05
9.869361e-05
9.813559e-05
9.758071e-05
9.702899e-05
9.648039e-05
9.593490e-05
9.539250e-05
9.485317e-05
9.431690e-05
9.378366e-05
9.325345e-05
9.272624e-05
9.220201e-05
9.168076e-05
9.116246e-05
9.064709e-05
9.013465e-05
8.962511e-05
8.911845e-05
8.861466e-05
8.811373e-05
8.761563e-05
8.712035e-05
8.662789e-05
8.613820e-05
8.565130e-05
8.516714e-05
8.468573e-05
8.420705e-05
8.373108e-05
8.325780e-05
8.278720e-05
8.231927e-05
8.185399e-05
8.139134e-05
8.093131e-05
8.047388e-05
8.001905e-05
7.956679e-05
7.911709e-05
7.866994e-05
7.822532e-05
7.778321e-05
7.734361e-05
7.690650e-05
7.647186e-05
7.603968e-05
7.560995e-05
7.518265e-05
7.475777e-05
7.433529e-05
7.391521e-05
7.349751e-05
7.308216e-05
7.266917e-05
7.225852e-05
7.185019e-05
7.144417e-05
7.104045e-05
7.063902e-05
7.023986e-05
6.984295e-05
6.944829e-05
6.905587e-05
6.866566e-05
6.827767e-05
6.789187e-05
6.750825e-05
6.712680e-05
6.674752e-05
6.637037e-05
6.599537e-05
6.562249e-05
6.525171e-05
6.488303e-05
6.451644e-05
6.415192e-05
6.378946e-05
6.342906e-05
6.307069e-05
6.271435e-05
6.236004e-05
6.200771e-05
6.165739e-05
6.130905e-05
6.096268e-05
6.061826e-05
6.027580e-05
5.993527e-05
5.959667e-05
5.925999e-05
5.892520e-05
5.859232e-05
5.826132e-05
5.793218e-05
5.760492e-05
5.727950e-05
5.695592e-05
5.663417e-05
5.631424e-05
5.599612e-05
5.567980e-05
5.536527e-05
5.505252e-05
5.474154e-05
5.443231e-05
5.412484e-05
5.381910e-05
5.351510e-05
5.321280e-05
5.291223e-05
5.261335e-05
5.231616e-05
5.202065e-05
5.172681e-05
5.143464e-05
5.114412e-05
5.085524e-05
5.056799e-05
5.028237e-05
4.999836e-05
4.971596e-05
4.943515e-05
4.915593e-05
4.887830e-05
4.860223e-05
4.832772e-05
4.805477e-05
4.778335e-05
4.751347e-05
4.724512e-05
4.697829e-05
4.671296e-05
4.644913e-05
4.618680e-05
4.592595e-05
4.566657e-05
4.540866e-05
4.515221e-05
4.489721e-05
4.464364e-05
4.439152e-05
4.414081e-05
4.389153e-05
4.364365e-05
4.339718e-05
4.315210e-05
4.290840e-05
4.266608e-05
4.242513e-05
4.218554e-05
4.194731e-05
4.171043e-05
4.147488e-05
4.124066e-05
4.100777e-05
4.077620e-05
4.054593e-05
4.031697e-05
4.008929e-05
3.986291e-05
3.963780e-05
3.941397e-05
3.919140e-05
3.897010e-05
3.875003e-05
3.853122e-05
3.831364e-05
3.809729e-05
3.788216e-05
3.766825e-05
3.745556e-05
3.724405e-05
3.703375e-05
3.682464e-05
3.661670e-05
3.640994e-05
3.620435e-05
3.599992e-05
3.579665e-05
3.559452e-05
3.539354e-05
3.519369e-05
3.499497e-05
3.479738e-05
3.460090e-05
3.440553e-05
3.421127e-05
3.401810e-05
3.382603e-05
3.363504e-05
3.344513e-05
3.325629e-05
3.306852e-05
3.288181e-05
3.269615e-05
3.251155e-05
3.232799e-05
3.214546e-05
3.196397e-05
3.178350e-05
3.160405e-05
3.142562e-05
3.124819e-05
3.107176e-05
3.089633e-05
3.072190e-05
3.054844e-05
3.037597e-05
3.020448e-05
3.003395e-05
2.986438e-05
2.969578e-05
2.952812e-05
2.936142e-05
2.919565e-05
2.903082e-05
2.886692e-05
2.870395e-05
2.854190e-05
2.838076e-05
2.822054e-05
2.806122e-05
2.790280e-05
2.774527e-05
2.758864e-05
2.743289e-05
2.727802e-05
2.712402e-05
2.697089e-05
2.681863e-05
2.666723e-05
2.651668e-05
2.636699e-05
2.621814e-05
2.607013e-05
2.592296e-05
2.577662e-05
2.563110e-05
2.548640e-05
2.534253e-05
2.519946e-05
2.505721e-05
2.491576e-05
2.477510e-05
2.463525e-05
2.449618e-05
2.435790e-05
2.422039e-05
2.408367e-05
2.394772e-05
2.381253e-05
2.367811e-05
2.354444e-05
2.341154e-05
2.327938e-05
2.314797e-05
2.301730e-05
2.288737e-05
2.275817e-05
2.262971e-05
2.250196e-05
2.237495e-05
2.224864e-05
2.212305e-05
2.199817e-05
2.187400e-05
2.175052e-05
2.162775e-05
2.150566e-05
2.138427e-05
2.126356e-05
2.114354e-05
2.102419e-05
2.090551e-05
2.078751e-05
2.067017e-05
2.055350e-05
2.043748e-05
2.032212e-05
2.020741e-05
2.009335e-05
1.997993e-05
1.986715e-05
1.975501e-05
1.964350e-05
1.953262e-05
1.942238e-05
1.931274e-05
1.920374e-05
1.909534e-05
1.898756e-05
1.888038e-05
1.877382e-05
1.866785e-05
1.856248e-05
1.845771e-05
1.835353e-05
1.824993e-05
1.814693e-05
1.804450e-05
1.794265e-05
1.784137e-05
1.774067e-05
1.764054e-05
1.754098e-05
1.744197e-05
1.734352e-05
1.724563e-05
1.714829e-05
1.705150e-05
1.695526e-05
1.685957e-05
1.676441e-05
1.666979e-05
1.657570e-05
1.648214e-05
1.638912e-05
1.629661e-05
1.620464e-05
1.611317e-05
1.602223e-05
1.593180e-05
1.584188e-05
1.575247e-05
1.566356e-05
1.557516e-05
1.548725e-05
1.539984e-05
1.531292e-05
1.522650e-05
1.514056e-05
1.505511e-05
1.497014e-05
1.488565e-05
1.480164e-05
1.471810e-05
1.463503e-05
1.455243e-05
1.447030e-05
1.438863e-05
1.430742e-05
1.422668e-05
1.414638e-05
1.406654e-05
1.398715e-05
1.390822e-05
1.382972e-05
1.375166e-05
1.367406e-05
1.359688e-05
1.352014e-05
1.344384e-05
1.336797e-05
1.329252e-05
1.321750e-05
1.314291e-05
1.306873e-05
1.299498e-05
1.292164e-05
1.284871e-05
1.277620e-05
1.270409e-05
1.263239e-05
1.256110e-05
1.249021e-05
1.241972e-05
1.234963e-05
1.227993e-05
1.221063e-05
1.214172e-05
1.207320e-05
1.200506e-05
1.193731e-05
1.186994e-05
1.180295e-05
1.173634e-05
1.167011e-05
1.160425e-05
1.153876e-05
1.147364e-05
1.140889e-05
1.134450e-05
1.128048e-05
1.121682e-05
1.115352e-05
1.109057e-05
1.102799e-05
1.096575e-05
1.090386e-05
1.084233e-05
1.078114e-05
1.072030e-05
1.065980e-05
1.059964e-05
1.053982e-05
1.048035e-05
1.042120e-05
1.036239e-05
1.030391e-05
1.024577e-05
1.018794e-05
1.013045e-05
1.007328e-05
1.001643e-05
9.959908e-06
9.903698e-06
9.847811e-06
9.792235e-06
9.736974e-06
9.682026e-06
9.627389e-06
9.573057e-06
9.519034e-06
9.465317e-06
9.411900e-06
9.358788e-06
9.305974e-06
9.253457e-06
9.201239e-06
9.149314e-06
9.097683e-06
9.046342e-06
8.995292e-06
8.944533e-06
8.894054e-06
8.843864e-06
8.793957e-06
8.744332e-06
8.694984e-06
8.645920e-06
8.597127e-06
8.548612e-06
8.500375e-06
8.452403e-06
8.404706e-06
8.357276e-06
8.310116e-06
8.263222e-06
8.216590e-06
8.170224e-06
8.124118e-06
8.078274e-06
8.032687e-06
7.987359e-06
7.942284e-06
7.897465e-06
7.852904e-06
7.808585e-06
7.764524e-06
7.720706e-06
7.677141e-06
7.633815e-06
7.590737e-06
7.547906e-06
7.505310e-06
7.462958e-06
7.420844e-06
7.378971e-06
7.337329e-06
7.295926e-06
7.254754e-06
7.213815e-06
7.173108e-06
7.132630e-06
7.092381e-06
7.052363e-06
7.012563e-06
6.972994e-06
6.933645e-06
6.894517e-06
6.855617e-06
6.816926e-06
6.778467e-06
6.740208e-06
6.702175e-06
6.664355e-06
6.626748e-06
6.589354e-06
6.552175e-06
6.515198e-06
6.478433e-06
6.441877e-06
6.405526e-06
6.369380e-06
6.333439e-06
6.297704e-06
6.262163e-06
6.226826e-06
6.191692e-06
6.156750e-06
6.122009e-06
6.087464e-06
6.053113e-06
6.018957e-06
5.984992e-06
5.951220e-06
5.917643e-06
5.884246e-06
5.851044e-06
5.818028e-06
5.785198e-06
5.752552e-06
5.720091e-06
5.687816e-06
5.655719e-06
5.623805e-06
5.592073e-06
5.560516e-06
5.529140e-06
5.497940e-06
5.466919e-06
5.436068e-06
5.405394e-06
5.374894e-06
5.344567e-06
5.314405e-06
5.284419e-06
5.254601e-06
5.224949e-06
5.195471e-06
5.166149e-06
5.136999e-06
5.108013e-06
5.079188e-06
5.050529e-06
5.022029e-06
4.993692e-06
4.965514e-06
4.937495e-06
4.909634e-06
4.881930e-06
4.854383e-06
4.826995e-06
4.799754e-06
4.772673e-06
4.745740e-06
4.718964e-06
4.692336e-06
4.665857e-06
4.639530e-06
4.613350e-06
4.587319e-06
4.561435e-06
4.535695e-06
4.510105e-06
4.484653e-06
4.459348e-06
4.434187e-06
4.409165e-06
4.384285e-06
4.359549e-06
4.334948e-06
4.310487e-06
4.286169e-06
4.261979e-06
4.237931e-06
4.214019e-06
4.190240e-06
4.166599e-06
4.143085e-06
4.119708e-06
4.096462e-06
4.073347e-06
4.050367e-06
4.027508e-06
4.004785e-06
3.982186e-06
3.959718e-06
3.937375e-06
3.915156e-06
3.893069e-06
3.871098e-06
3.849257e-06
3.827535e-06
3.805938e-06
3.784470e-06
3.763109e-06
3.741878e-06
3.720762e-06
3.699770e-06
3.678891e-06
3.658135e-06
3.637491e-06
3.616971e-06
3.596558e-06
3.576265e-06
3.556085e-06
3.536024e-06
3.516069e-06
3.496228e-06
3.476501e-06
3.456890e-06
3.437379e-06
3.417985e-06
3.398698e-06
3.379525e-06
3.360452e-06
3.341495e-06
3.322636e-06
3.303889e-06
3.285248e-06
3.266709e-06
3.248280e-06
3.229948e-06
3.211724e-06
3.193603e-06
3.175581e-06
3.157665e-06
3.139846e-06
3.122130e-06
3.104513e-06
3.086996e-06
3.069581e-06
3.052258e-06
3.035036e-06
3.017916e-06
3.000882e-06
2.983953e-06
2.967113e-06
2.950371e-06
2.933725e-06
2.917171e-06
2.900712e-06
2.884343e-06
2.868069e-06
2.851889e-06
2.835795e-06
2.819793e-06
2.803886e-06
2.788062e-06
2.772332e-06
2.756688e-06
2.741135e-06
2.725667e-06
2.710288e-06
2.694995e-06
2.679790e-06
2.664668e-06
2.649633e-06
2.634683e-06
2.619820e-06
2.605035e-06
2.590336e-06
2.575722e-06
2.561187e-06
2.546736e-06
2.532366e-06
2.518078e-06
2.503871e-06
2.489742e-06
2.475696e-06
2.461726e-06
2.447835e-06
2.434023e-06
2.420290e-06
2.406634e-06
2.393056e-06
2.379554e-06
2.366126e-06
2.352775e-06
2.339501e-06
2.326299e-06
2.313175e-06
2.300122e-06
2.287147e-06
2.274240e-06
2.261407e-06
2.248647e-06
2.235960e-06
2.223345e-06
2.210799e-06
2.198324e-06
2.185921e-06
2.173588e-06
2.161323e-06
2.149128e-06
2.137001e-06
2.124944e-06
2.112955e-06
2.101033e-06
2.089179e-06
2.077389e-06
2.065675e-06
2.054013e-06
2.042428e-06
2.030900e-06
2.019440e-06
2.008047e-06
1.996721e-06
1.985450e-06
1.974249e-06
1.963111e-06
1.952032e-06
1.941018e-06
1.930066e-06
1.919177e-06
1.908347e-06
1.897582e-06
1.886873e-06
1.876228e-06
1.865640e-06
1.855114e-06
1.844648e-06
1.834240e-06
1.823889e-06
1.813598e-06
1.803369e-06
1.793190e-06
1.783072e-06
1.773012e-06
1.763008e-06
1.753063e-06
1.743170e-06
1.733334e-06
1.723554e-06
1.713829e-06
1.704159e-06
1.694548e-06
1.684983e-06
1.675475e-06
1.666024e-06
1.656623e-06
1.647275e-06
1.637985e-06
1.628738e-06
1.619549e-06
1.610413e-06
1.601324e-06
1.592290e-06
1.583306e-06
1.574371e-06
1.565488e-06
1.556658e-06
1.547872e-06
1.539140e-06
1.530455e-06
1.521819e-06
1.513233e-06
1.504699e-06
1.496205e-06
1.487763e-06
1.479368e-06
1.471022e-06
1.462722e-06
1.454470e-06
1.446262e-06
1.438104e-06
1.429989e-06
1.421919e-06
1.413896e-06
1.405920e-06
1.397986e-06
1.390100e-06
1.382255e-06
1.374459e-06
1.366701e-06
1.358992e-06
1.351322e-06
1.343701e-06
1.336120e-06
1.328578e-06
1.321086e-06
1.313627e-06
1.306217e-06
1.298846e-06
1.291518e-06
1.284230e-06
1.276988e-06
1.269779e-06
1.262616e-06
1.255491e-06
1.248407e-06
1.241367e-06
1.234359e-06
1.227398e-06
1.220469e-06
1.213583e-06
1.206736e-06
1.199927e-06
1.193158e-06
1.186425e-06
1.179735e-06
1.173074e-06
1.166456e-06
1.159874e-06
1.153331e-06
1.146823e-06
1.140354e-06
1.133918e-06
1.127521e-06
1.121158e-06
1.114833e-06
1.108545e-06
1.102288e-06
1.096068e-06
1.089884e-06
1.083738e-06
1.077620e-06
1.071540e-06
1.065496e-06
1.059482e-06
1.053507e-06
1.047560e-06
1.041651e-06
1.035774e-06
1.029929e-06
1.024118e-06
1.018344e-06
1.012594e-06
1.006880e-06
1.001202e-06
9.955503e-07
