3.245521e-03
2.388223e-03
9.339670e-04
7.990723e-04
3.211832e-04
1.210661e-03
7.776878e-04
8.533719e-04
7.057341e-04
7.235429e-04
6.223708e-04
6.192338e-04
5.702251e-04
5.578142e-04
5.311189e-04
5.313351e-04
5.275836e-04
5.314786e-04
5.479897e-04
5.817302e-04
6.240180e-04
6.736805e-04
7.311714e-04
7.932218e-04
8.537840e-04
9.089471e-04
1.039485e-03
1.192499e-03
1.291367e-03
1.419549e-03
1.562578e-03
1.705403e-03
1.802468e-03
1.875069e-03
1.898991e-03
1.831119e-03
1.668752e-03
1.727234e-03
2.122622e-03
2.564238e-03
3.029853e-03
3.399315e-03
3.443517e-03
3.232685e-03
2.845056e-03
2.246092e-03
2.091947e-03
2.580000e-03
3.066244e-03
3.508660e-03
3.871375e-03
4.109275e-03
4.163892e-03
3.474484e-03
2.907526e-03
2.253951e-03
1.758877e-03
2.082907e-03
2.196746e-03
2.160898e-03
2.032189e-03
1.850478e-03
1.645015e-03
1.581292e-03
1.577058e-03
1.569060e-03
1.558183e-03
1.544336e-03
1.526517e-03
1.499772e-03
1.465608e-03
1.422973e-03
1.370804e-03
1.308412e-03
1.234857e-03
1.151681e-03
1.059965e-03
9.612640e-04
8.598170e-04
7.740447e-04
6.866684e-04
5.990844e-04
5.126118e-04
4.287319e-04
4.094265e-04
4.073859e-04
3.984032e-04
3.830071e-04
3.618444e-04
3.356684e-04
3.053388e-04
2.757814e-04
2.544190e-04
2.278732e-04
1.969902e-04
1.774248e-04
1.687072e-04
1.596033e-04
1.501976e-04
1.405671e-04
1.307839e-04
1.274569e-04
1.235036e-04
1.177887e-04
1.105567e-04
1.020613e-04
9.307661e-05
9.417173e-05
9.321121e-05
8.997052e-05
8.437266e-05
7.651108e-05
6.665820e-05
6.159882e-05
5.602083e-05
4.926269e-05
4.253030e-05
4.033191e-05
3.949573e-05
4.566940e-05
5.207301e-05
5.523327e-05
5.494956e-05
6.195717e-05
6.674342e-05
6.708664e-05
6.346159e-05
5.629020e-05
4.610538e-05
4.519933e-05
4.602356e-05
4.812484e-05
4.780237e-05
4.507991e-05
4.731067e-05
4.848982e-05
5.637950e-05
6.106456e-05
6.214378e-05
5.983037e-05
5.432199e-05
4.598665e-05
4.444769e-05
4.162002e-05
3.673936e-05
3.341141e-05
3.480469e-05
3.840887e-05
3.976517e-05
4.498767e-05
4.904429e-05
5.012309e-05
4.848595e-05
4.456412e-05
3.872791e-05
3.310872e-05
3.231505e-05
3.007673e-05
2.656789e-05
2.222035e-05
2.378534e-05
2.579772e-05
2.645934e-05
2.936340e-05
3.180911e-05
3.252828e-05
3.171640e-05
2.953466e-05
2.618873e-05
2.191377e-05
2.010014e-05
1.931064e-05
1.774758e-05
1.553601e-05
1.282492e-05
1.178678e-05
1.230747e-05
1.405595e-05
1.556726e-05
1.605017e-05
1.561511e-05
1.441738e-05
1.258957e-05
1.076922e-05
8.939993e-06
8.953793e-06
8.650005e-06
7.965539e-06
6.960985e-06
6.721471e-06
6.909460e-06
8.049601e-06
8.652622e-06
8.710997e-06
8.294744e-06
7.466730e-06
6.302266e-06
4.888898e-06
4.440624e-06
4.028977e-06
3.601972e-06
3.108857e-06
3.243325e-06
3.581854e-06
4.257812e-06
4.587940e-06
4.592029e-06
4.316039e-06
3.800689e-06
3.093922e-06
2.689154e-06
2.751487e-06
2.649888e-06
2.398917e-06
2.020446e-06
2.052770e-06
2.486081e-06
2.787530e-06
2.874136e-06
2.762394e-06
2.483441e-06
2.065194e-06
1.722663e-06
1.857395e-06
1.879589e-06
1.795739e-06
1.616250e-06
1.710990e-06
1.789678e-06
2.070363e-06
2.217752e-06
2.225650e-06
2.109487e-06
1.883704e-06
1.566612e-06
1.454853e-06
1.360094e-06
1.201355e-06
1.003790e-06
9.361209e-07
