1.079871e-02
6.370069e-03
5.052217e-03
4.168985e-03
3.667506e-03
3.282109e-03
2.968581e-03
2.709540e-03
2.492232e-03
2.307370e-03
2.148149e-03
2.009509e-03
1.888918e-03
1.789448e-03
1.699447e-03
1.617634e-03
1.542945e-03
1.474491e-03
1.411523e-03
1.353407e-03
1.299604e-03
1.249649e-03
1.203146e-03
1.159747e-03
1.119152e-03
1.081100e-03
1.045357e-03
1.011722e-03
9.800135e-04
9.500714e-04
9.217528e-04
8.949299e-04
8.694881e-04
8.453241e-04
8.223447e-04
8.004656e-04
7.796103e-04
7.597092e-04
7.406991e-04
7.225219e-04
7.051248e-04
6.884590e-04
6.724800e-04
6.571467e-04
6.424212e-04
6.282685e-04
6.146564e-04
6.015547e-04
5.889357e-04
5.767737e-04
5.650445e-04
5.537258e-04
5.427968e-04
5.322380e-04
5.220311e-04
5.121591e-04
5.026060e-04
4.933570e-04
4.843979e-04
4.757156e-04
4.672975e-04
4.591321e-04
4.512083e-04
4.435158e-04
4.360446e-04
4.287857e-04
4.217301e-04
4.148697e-04
4.081965e-04
4.017033e-04
3.953828e-04
3.892285e-04
3.832339e-04
3.773931e-04
3.717004e-04
3.661502e-04
3.607374e-04
3.554571e-04
3.503045e-04
3.452752e-04
3.403648e-04
3.355693e-04
3.308848e-04
3.263076e-04
3.218340e-04
3.174608e-04
3.131845e-04
3.090021e-04
3.049107e-04
3.009072e-04
2.969891e-04
2.931536e-04
2.893983e-04
2.857206e-04
2.821184e-04
2.785892e-04
2.751311e-04
2.717418e-04
2.684195e-04
2.651623e-04
2.619682e-04
2.588355e-04
2.557625e-04
2.527475e-04
2.497891e-04
2.468856e-04
2.440356e-04
2.412376e-04
2.384903e-04
2.357924e-04
2.331425e-04
2.305395e-04
2.279822e-04
2.254694e-04
2.230000e-04
2.205729e-04
2.181871e-04
2.158415e-04
2.135353e-04
2.112674e-04
2.090370e-04
2.068431e-04
2.046849e-04
2.025616e-04
2.004723e-04
1.984163e-04
1.963929e-04
1.944013e-04
1.924407e-04
1.905105e-04
1.886101e-04
1.867388e-04
1.848958e-04
1.830807e-04
1.812929e-04
1.795317e-04
1.777966e-04
1.760870e-04
1.744025e-04
1.727425e-04
1.711064e-04
1.694939e-04
1.679044e-04
1.663374e-04
1.647926e-04
1.632695e-04
1.617676e-04
1.602866e-04
1.588259e-04
1.573854e-04
1.559644e-04
1.545628e-04
1.531801e-04
1.518159e-04
1.504700e-04
1.491419e-04
1.478313e-04
1.465380e-04
1.452616e-04
1.440018e-04
1.427583e-04
1.415308e-04
1.403191e-04
1.391227e-04
1.379416e-04
1.367754e-04
1.356238e-04
1.344866e-04
1.333636e-04
1.322545e-04
1.311590e-04
1.300770e-04
1.290083e-04
1.279525e-04
1.269095e-04
1.258790e-04
1.248610e-04
1.238550e-04
1.228611e-04
1.218789e-04
1.209083e-04
1.199491e-04
1.190011e-04
1.180642e-04
1.171381e-04
1.162227e-04
1.153178e-04
1.144233e-04
1.135390e-04
1.126648e-04
1.118004e-04
1.109458e-04
1.101008e-04
1.092652e-04
1.084389e-04
1.076218e-04
1.068138e-04
1.060146e-04
1.052242e-04
1.044425e-04
1.036693e-04
1.029044e-04
1.021479e-04
1.013994e-04
1.006591e-04
9.992662e-05
9.920198e-05
9.848504e-05
9.777568e-05
9.707382e-05
9.637933e-05
9.569212e-05
9.501209e-05
9.433914e-05
9.367317e-05
9.301409e-05
9.236180e-05
9.171622e-05
9.107724e-05
9.044479e-05
8.981877e-05
8.919910e-05
8.858570e-05
8.797847e-05
8.737735e-05
8.678225e-05
8.619310e-05
8.560981e-05
8.503231e-05
8.446052e-05
8.389437e-05
8.333379e-05
8.277871e-05
8.222906e-05
8.168477e-05
8.114576e-05
8.061198e-05
8.008336e-05
7.955984e-05
7.904135e-05
7.852782e-05
7.801920e-05
7.751543e-05
7.701644e-05
7.652219e-05
7.603260e-05
7.554763e-05
7.506721e-05
7.459130e-05
7.411984e-05
7.365277e-05
7.319004e-05
7.273161e-05
7.227741e-05
7.182741e-05
7.138154e-05
7.093977e-05
7.050203e-05
7.006830e-05
6.963851e-05
6.921262e-05
6.879060e-05
6.837238e-05
6.795794e-05
6.754721e-05
6.714018e-05
6.673678e-05
6.633698e-05
6.594074e-05
6.554802e-05
6.515878e-05
6.477297e-05
6.439057e-05
6.401152e-05
6.363580e-05
6.326337e-05
6.289419e-05
6.252822e-05
6.216543e-05
6.180579e-05
6.144925e-05
6.109579e-05
6.074537e-05
6.039796e-05
6.005352e-05
5.971203e-05
5.937344e-05
5.903774e-05
5.870488e-05
5.837484e-05
5.804759e-05
5.772310e-05
5.740133e-05
5.708227e-05
5.676587e-05
5.645211e-05
5.614097e-05
5.583242e-05
5.552642e-05
5.522296e-05
5.492200e-05
5.462352e-05
5.432749e-05
5.403389e-05
5.374269e-05
5.345387e-05
5.316741e-05
5.288327e-05
5.260144e-05
5.232188e-05
5.204459e-05
5.176953e-05
5.149668e-05
5.122602e-05
5.095752e-05
5.069117e-05
5.042695e-05
5.016482e-05
4.990478e-05
4.964679e-05
4.939084e-05
4.913692e-05
4.888498e-05
4.863503e-05
4.838704e-05
4.814098e-05
4.789684e-05
4.765461e-05
4.741425e-05
4.717576e-05
4.693911e-05
4.670429e-05
4.647128e-05
4.624006e-05
4.601061e-05
4.578292e-05
4.555697e-05
4.533273e-05
4.511021e-05
4.488937e-05
4.467021e-05
4.445270e-05
4.423683e-05
4.402259e-05
4.380995e-05
4.359891e-05
4.338945e-05
4.318155e-05
4.297520e-05
4.277039e-05
4.256709e-05
4.236529e-05
4.216499e-05
4.196616e-05
4.176880e-05
4.157289e-05
4.137841e-05
4.118535e-05
4.099370e-05
4.080344e-05
4.061457e-05
4.042706e-05
4.024092e-05
4.005611e-05
3.987264e-05
3.969049e-05
3.950964e-05
3.933009e-05
3.915182e-05
3.897482e-05
3.879909e-05
3.862460e-05
3.845134e-05
3.827931e-05
3.810850e-05
3.793889e-05
3.777047e-05
3.760323e-05
3.743717e-05
3.727226e-05
3.710850e-05
3.694588e-05
3.678439e-05
3.662402e-05
3.646476e-05
3.630660e-05
3.614953e-05
3.599353e-05
3.583861e-05
3.568474e-05
3.553193e-05
3.538015e-05
3.522941e-05
3.507970e-05
3.493099e-05
3.478329e-05
3.463659e-05
3.449088e-05
3.434614e-05
3.420238e-05
3.405957e-05
3.391772e-05
3.377682e-05
3.363685e-05
3.349781e-05
3.335969e-05
3.322248e-05
3.308618e-05
3.295077e-05
3.281626e-05
3.268262e-05
3.254986e-05
3.241797e-05
3.228693e-05
3.215675e-05
3.202741e-05
3.189891e-05
3.177124e-05
3.164439e-05
3.151835e-05
3.139313e-05
3.126871e-05
3.114508e-05
3.102225e-05
3.090019e-05
3.077891e-05
3.065840e-05
3.053865e-05
3.041966e-05
3.030141e-05
3.018392e-05
3.006715e-05
2.995112e-05
2.983582e-05
2.972123e-05
2.960736e-05
2.949419e-05
2.938172e-05
2.926995e-05
2.915887e-05
2.904848e-05
2.893876e-05
2.882972e-05
2.872134e-05
2.861363e-05
2.850657e-05
2.840016e-05
2.829440e-05
2.818928e-05
2.808479e-05
2.798094e-05
2.787771e-05
2.777510e-05
2.767310e-05
2.757172e-05
2.747094e-05
2.737076e-05
2.727118e-05
2.717218e-05
2.707378e-05
2.697595e-05
2.687870e-05
2.678202e-05
2.668592e-05
2.659037e-05
2.649538e-05
2.640095e-05
2.630706e-05
2.621373e-05
2.612093e-05
2.602867e-05
2.593694e-05
2.584574e-05
2.575507e-05
2.566491e-05
2.557527e-05
2.548615e-05
2.539753e-05
2.530941e-05
2.522180e-05
2.513468e-05
2.504805e-05
2.496192e-05
2.487627e-05
2.479110e-05
2.470640e-05
2.462218e-05
2.453843e-05
2.445515e-05
2.437233e-05
2.428997e-05
2.420807e-05
2.412661e-05
2.404561e-05
2.396505e-05
2.388494e-05
2.380526e-05
2.372602e-05
2.364721e-05
2.356883e-05
2.349088e-05
2.341335e-05
2.333624e-05
2.325954e-05
2.318326e-05
2.310738e-05
2.303192e-05
2.295686e-05
2.288220e-05
2.280793e-05
2.273407e-05
2.266059e-05
2.258750e-05
2.251480e-05
2.244249e-05
2.237055e-05
2.229899e-05
2.222781e-05
2.215700e-05
2.208655e-05
2.201648e-05
2.194677e-05
2.187742e-05
2.180843e-05
2.173979e-05
2.167151e-05
2.160359e-05
2.153600e-05
2.146877e-05
2.140188e-05
2.133533e-05
2.126912e-05
2.120324e-05
2.113770e-05
2.107249e-05
2.100761e-05
2.094306e-05
2.087883e-05
2.081492e-05
2.075133e-05
2.068806e-05
2.062511e-05
2.056247e-05
2.050013e-05
2.043811e-05
2.037640e-05
2.031498e-05
2.025388e-05
2.019307e-05
2.013255e-05
2.007234e-05
2.001242e-05
1.995279e-05
1.989345e-05
1.983440e-05
1.977563e-05
1.971715e-05
1.965894e-05
1.960102e-05
1.954338e-05
1.948601e-05
1.942892e-05
1.937210e-05
1.931555e-05
1.925927e-05
1.920325e-05
1.914750e-05
1.909202e-05
1.903679e-05
1.898182e-05
1.892712e-05
1.887266e-05
1.881846e-05
1.876452e-05
1.871082e-05
1.865738e-05
1.860418e-05
1.855123e-05
1.849852e-05
1.844606e-05
1.839383e-05
1.834185e-05
1.829010e-05
1.823859e-05
1.818732e-05
1.813627e-05
1.808546e-05
1.803488e-05
1.798453e-05
1.793440e-05
1.788451e-05
1.783483e-05
1.778538e-05
1.773614e-05
1.768713e-05
1.763834e-05
1.758976e-05
1.754140e-05
1.749325e-05
1.744532e-05
1.739760e-05
1.735008e-05
1.730278e-05
1.725568e-05
1.720879e-05
1.716210e-05
1.711562e-05
1.706934e-05
1.702326e-05
1.697738e-05
1.693169e-05
1.688621e-05
1.684092e-05
1.679582e-05
1.675092e-05
1.670621e-05
1.666169e-05
1.661736e-05
1.657322e-05
1.652927e-05
1.648550e-05
1.644191e-05
1.639852e-05
1.635530e-05
1.631226e-05
1.626941e-05
1.622673e-05
1.618424e-05
1.614192e-05
1.609977e-05
1.605780e-05
1.601601e-05
1.597439e-05
1.593293e-05
1.589165e-05
1.585054e-05
1.580960e-05
1.576883e-05
1.572822e-05
1.568778e-05
1.564750e-05
1.560739e-05
1.556743e-05
1.552764e-05
1.548802e-05
1.544855e-05
1.540924e-05
1.537008e-05
1.533109e-05
1.529225e-05
1.525356e-05
1.521503e-05
1.517665e-05
1.513843e-05
1.510035e-05
1.506243e-05
1.502465e-05
1.498703e-05
1.494955e-05
1.491222e-05
1.487503e-05
1.483799e-05
1.480110e-05
1.476435e-05
1.472774e-05
1.469127e-05
1.465495e-05
1.461876e-05
1.458272e-05
1.454681e-05
1.451104e-05
1.447541e-05
1.443991e-05
1.440455e-05
1.436932e-05
1.433423e-05
1.429927e-05
1.426445e-05
1.422975e-05
1.419519e-05
1.416076e-05
1.412645e-05
1.409228e-05
1.405823e-05
1.402431e-05
1.399052e-05
1.395686e-05
1.392331e-05
1.388990e-05
1.385660e-05
1.382343e-05
1.379039e-05
1.375746e-05
1.372466e-05
1.369197e-05
1.365941e-05
1.362696e-05
1.359464e-05
1.356243e-05
1.353034e-05
1.349836e-05
1.346650e-05
1.343476e-05
1.340313e-05
1.337161e-05
1.334021e-05
1.330892e-05
1.327775e-05
1.324668e-05
1.321573e-05
1.318488e-05
1.315415e-05
1.312353e-05
1.309301e-05
1.306260e-05
1.303230e-05
1.300211e-05
1.297202e-05
1.294204e-05
1.291217e-05
1.288239e-05
1.285273e-05
1.282316e-05
1.279370e-05
1.276435e-05
1.273509e-05
1.270594e-05
1.267688e-05
1.264793e-05
1.261908e-05
1.259032e-05
1.256167e-05
1.253311e-05
1.250465e-05
1.247629e-05
1.244803e-05
1.241986e-05
1.239179e-05
1.236381e-05
1.233593e-05
1.230814e-05
1.228045e-05
1.225285e-05
1.222534e-05
1.219792e-05
1.217060e-05
1.214337e-05
1.211623e-05
1.208918e-05
1.206222e-05
1.203535e-05
1.200857e-05
1.198188e-05
1.195528e-05
1.192876e-05
1.190234e-05
1.187600e-05
1.184974e-05
1.182358e-05
1.179750e-05
1.177150e-05
1.174559e-05
1.171976e-05
1.169402e-05
1.166836e-05
1.164279e-05
1.161729e-05
1.159188e-05
1.156656e-05
1.154131e-05
1.151615e-05
1.149106e-05
1.146606e-05
1.144114e-05
1.141630e-05
1.139153e-05
1.136685e-05
1.134224e-05
1.131772e-05
1.129327e-05
1.126889e-05
1.124460e-05
1.122038e-05
1.119624e-05
1.117217e-05
1.114819e-05
1.112427e-05
1.110043e-05
1.107667e-05
1.105298e-05
1.102936e-05
1.100582e-05
1.098235e-05
1.095895e-05
1.093563e-05
1.091238e-05
1.088920e-05
1.086609e-05
1.084305e-05
1.082009e-05
1.079719e-05
1.077437e-05
1.075161e-05
1.072893e-05
1.070631e-05
1.068377e-05
1.066129e-05
1.063888e-05
1.061654e-05
1.059427e-05
1.057206e-05
1.054992e-05
1.052785e-05
1.050584e-05
1.048390e-05
1.046203e-05
1.044022e-05
1.041848e-05
1.039681e-05
1.037519e-05
1.035365e-05
1.033216e-05
1.031074e-05
1.028939e-05
1.026810e-05
1.024687e-05
1.022570e-05
1.020460e-05
1.018356e-05
1.016258e-05
1.014166e-05
1.012081e-05
1.010001e-05
1.007928e-05
1.005861e-05
1.003799e-05
1.001744e-05
9.996949e-06
9.976516e-06
9.956143e-06
9.935829e-06
9.915574e-06
9.895377e-06
9.875239e-06
9.855159e-06
9.835137e-06
9.815173e-06
9.795266e-06
9.775416e-06
9.755624e-06
9.735888e-06
9.716208e-06
9.696585e-06
9.677017e-06
9.657506e-06
9.638049e-06
9.618649e-06
9.599303e-06
9.580012e-06
9.560776e-06
9.541594e-06
9.522466e-06
9.503392e-06
9.484372e-06
9.465405e-06
9.446492e-06
9.427631e-06
9.408824e-06
9.390069e-06
9.371366e-06
9.352716e-06
9.334118e-06
9.315571e-06
9.297076e-06
9.278632e-06
9.260240e-06
9.241898e-06
9.223607e-06
9.205367e-06
9.187177e-06
9.169037e-06
9.150947e-06
9.132906e-06
9.114915e-06
9.096974e-06
9.079082e-06
9.061238e-06
9.043443e-06
9.025697e-06
9.007999e-06
8.990350e-06
8.972748e-06
8.955194e-06
8.937688e-06
8.920229e-06
8.902817e-06
8.885453e-06
8.868135e-06
8.850864e-06
8.833639e-06
8.816461e-06
8.799329e-06
8.782242e-06
8.765202e-06
8.748207e-06
8.731258e-06
8.714353e-06
8.697494e-06
8.680680e-06
8.663910e-06
8.647186e-06
8.630505e-06
8.613869e-06
8.597276e-06
8.580728e-06
8.564223e-06
8.547762e-06
8.531344e-06
8.514970e-06
8.498638e-06
8.482350e-06
8.466104e-06
8.449900e-06
8.433740e-06
8.417621e-06
8.401544e-06
8.385510e-06
8.369517e-06
8.353566e-06
8.337656e-06
8.321788e-06
8.305961e-06
8.290174e-06
8.274429e-06
8.258724e-06
8.243060e-06
8.227437e-06
8.211853e-06
8.196310e-06
8.180807e-06
8.165343e-06
8.149919e-06
8.134535e-06
8.119190e-06
8.103885e-06
8.088618e-06
8.073390e-06
8.058202e-06
8.043052e-06
8.027940e-06
8.012867e-06
7.997832e-06
7.982835e-06
7.967877e-06
7.952956e-06
7.938073e-06
7.923227e-06
7.908419e-06
7.893648e-06
7.878915e-06
7.864218e-06
7.849558e-06
7.834936e-06
7.820349e-06
7.805800e-06
7.791286e-06
7.776809e-06
7.762369e-06
7.747964e-06
7.733595e-06
7.719262e-06
7.704964e-06
7.690702e-06
7.676476e-06
7.662284e-06
7.648128e-06
7.634007e-06
7.619921e-06
7.605869e-06
7.591853e-06
7.577870e-06
7.563923e-06
7.550009e-06
7.536130e-06
7.522284e-06
7.508473e-06
7.494696e-06
7.480952e-06
7.467242e-06
7.453565e-06
7.439922e-06
7.426312e-06
7.412735e-06
7.399192e-06
7.385681e-06
7.372203e-06
7.358757e-06
7.345345e-06
7.331964e-06
7.318617e-06
7.305301e-06
7.292018e-06
7.278766e-06
7.265547e-06
7.252359e-06
7.239203e-06
7.226079e-06
7.212986e-06
7.199925e-06
7.186895e-06
7.173896e-06
7.160929e-06
7.147992e-06
7.135086e-06
7.122211e-06
7.109367e-06
7.096553e-06
7.083770e-06
7.071018e-06
7.058295e-06
7.045603e-06
7.032941e-06
7.020309e-06
7.007706e-06
6.995134e-06
6.982591e-06
6.970078e-06
6.957594e-06
6.945140e-06
6.932715e-06
6.920320e-06
6.907953e-06
6.895616e-06
6.883307e-06
6.871027e-06
6.858777e-06
6.846554e-06
6.834361e-06
6.822196e-06
6.810059e-06
6.797950e-06
6.785870e-06
6.773818e-06
6.761794e-06
6.749798e-06
6.737830e-06
6.725889e-06
6.713976e-06
6.702091e-06
6.690234e-06
6.678403e-06
6.666600e-06
6.654825e-06
6.643076e-06
6.631355e-06
6.619660e-06
6.607993e-06
6.596352e-06
6.584738e-06
6.573151e-06
6.561590e-06
6.550056e-06
6.538548e-06
6.527067e-06
6.515611e-06
6.504182e-06
6.492779e-06
6.481402e-06
6.470051e-06
6.458726e-06
6.447427e-06
6.436153e-06
6.424905e-06
6.413682e-06
6.402485e-06
6.391313e-06
6.380167e-06
6.369045e-06
6.357949e-06
6.346878e-06
6.335832e-06
6.324811e-06
6.313815e-06
6.302843e-06
6.291896e-06
6.280974e-06
6.270076e-06
6.259203e-06
6.248354e-06
6.237530e-06
6.226729e-06
6.215953e-06
6.205201e-06
6.194473e-06
6.183769e-06
6.173089e-06
6.162433e-06
6.151800e-06
6.141191e-06
6.130606e-06
6.120044e-06
6.109506e-06
6.098991e-06
6.088499e-06
6.078031e-06
6.067586e-06
6.057163e-06
6.046764e-06
6.036388e-06
6.026035e-06
6.015705e-06
6.005397e-06
5.995113e-06
5.984850e-06
5.974611e-06
5.964394e-06
5.954199e-06
5.944027e-06
5.933877e-06
5.923749e-06
5.913644e-06
5.903560e-06
5.893499e-06
5.883460e-06
5.873442e-06
5.863447e-06
5.853473e-06
5.843521e-06
5.833590e-06
5.823682e-06
5.813795e-06
5.803929e-06
5.794085e-06
5.784262e-06
5.774460e-06
5.764680e-06
5.754921e-06
5.745183e-06
5.735466e-06
5.725770e-06
5.716095e-06
5.706441e-06
5.696807e-06
5.687195e-06
5.677603e-06
5.668032e-06
5.658481e-06
5.648951e-06
5.639441e-06
5.629952e-06
5.620483e-06
5.611035e-06
5.601606e-06
5.592198e-06
5.582810e-06
5.573442e-06
5.564094e-06
5.554766e-06
5.545458e-06
5.536170e-06
5.526902e-06
5.517653e-06
5.508424e-06
5.499215e-06
5.490025e-06
5.480855e-06
5.471704e-06
5.462572e-06
5.453460e-06
5.444368e-06
5.435294e-06
5.426240e-06
5.417205e-06
5.408188e-06
5.399191e-06
5.390213e-06
5.381254e-06
5.372314e-06
5.363393e-06
5.354490e-06
5.345606e-06
5.336741e-06
5.327894e-06
5.319066e-06
5.310257e-06
5.301466e-06
5.292693e-06
5.283939e-06
5.275203e-06
5.266485e-06
5.257786e-06
5.249104e-06
5.240441e-06
5.231796e-06
5.223169e-06
5.214560e-06
5.205969e-06
5.197395e-06
5.188840e-06
5.180302e-06
5.171782e-06
5.163280e-06
5.154795e-06
5.146328e-06
5.137879e-06
5.129447e-06
5.121032e-06
5.112635e-06
5.104256e-06
5.095893e-06
5.087548e-06
5.079220e-06
5.070909e-06
5.062615e-06
5.054339e-06
5.046079e-06
5.037837e-06
5.029611e-06
5.021402e-06
5.013210e-06
5.005035e-06
4.996877e-06
4.988736e-06
4.980611e-06
4.972502e-06
4.964411e-06
4.956336e-06
4.948277e-06
4.940235e-06
4.932209e-06
4.924200e-06
4.916207e-06
4.908230e-06
4.900269e-06
4.892325e-06
4.884397e-06
4.876485e-06
4.868589e-06
4.860709e-06
4.852845e-06
4.844997e-06
4.837165e-06
4.829349e-06
4.821549e-06
4.813764e-06
4.805995e-06
4.798242e-06
4.790505e-06
4.782783e-06
4.775077e-06
4.767386e-06
4.759711e-06
4.752051e-06
4.744407e-06
4.736778e-06
4.729164e-06
4.721566e-06
4.713983e-06
4.706415e-06
4.698862e-06
4.691325e-06
4.683803e-06
4.676295e-06
4.668803e-06
4.661326e-06
4.653864e-06
4.646416e-06
4.638984e-06
4.631566e-06
4.624163e-06
4.616775e-06
4.609402e-06
4.602043e-06
4.594699e-06
4.587370e-06
4.580055e-06
4.572755e-06
4.565469e-06
4.558197e-06
4.550941e-06
4.543698e-06
4.536470e-06
4.529256e-06
4.522057e-06
4.514872e-06
4.507700e-06
4.500544e-06
4.493401e-06
4.486272e-06
4.479158e-06
4.472057e-06
4.464971e-06
4.457898e-06
4.450840e-06
4.443795e-06
4.436764e-06
4.429747e-06
4.422744e-06
4.415755e-06
4.408779e-06
4.401817e-06
4.394869e-06
4.387934e-06
4.381013e-06
4.374105e-06
4.367211e-06
4.360331e-06
4.353464e-06
4.346610e-06
4.339770e-06
4.332943e-06
4.326129e-06
4.319329e-06
4.312542e-06
4.305768e-06
4.299008e-06
4.292260e-06
4.285526e-06
4.278805e-06
4.272096e-06
4.265401e-06
4.258719e-06
4.252050e-06
4.245394e-06
4.238751e-06
4.232120e-06
4.225503e-06
4.218898e-06
4.212306e-06
4.205727e-06
4.199160e-06
4.192606e-06
4.186065e-06
4.179536e-06
4.173021e-06
4.166517e-06
4.160026e-06
4.153548e-06
4.147082e-06
4.140629e-06
4.134188e-06
4.127759e-06
4.121343e-06
4.114939e-06
4.108547e-06
4.102168e-06
4.095801e-06
4.089446e-06
4.083103e-06
4.076772e-06
4.070454e-06
4.064147e-06
4.057853e-06
4.051571e-06
4.045300e-06
4.039042e-06
4.032796e-06
4.026561e-06
4.020338e-06
4.014128e-06
4.007929e-06
4.001742e-06
3.995566e-06
3.989403e-06
3.983251e-06
3.977111e-06
3.970982e-06
3.964866e-06
3.958760e-06
3.952667e-06
3.946584e-06
3.940514e-06
3.934455e-06
3.928407e-06
3.922371e-06
3.916346e-06
3.910333e-06
3.904331e-06
3.898340e-06
3.892361e-06
3.886393e-06
3.880436e-06
3.874490e-06
3.868556e-06
3.862633e-06
3.856721e-06
3.850820e-06
3.844930e-06
3.839051e-06
3.833184e-06
3.827327e-06
3.821481e-06
3.815647e-06
3.809823e-06
3.804010e-06
3.798208e-06
3.792417e-06
3.786637e-06
3.780867e-06
3.775109e-06
3.769361e-06
3.763624e-06
3.757897e-06
3.752182e-06
3.746477e-06
3.740782e-06
3.735098e-06
3.729425e-06
3.723763e-06
3.718110e-06
3.712469e-06
3.706838e-06
3.701217e-06
3.695607e-06
3.690007e-06
3.684418e-06
3.678839e-06
3.673271e-06
3.667712e-06
3.662164e-06
3.656627e-06
3.651099e-06
3.645582e-06
3.640075e-06
3.634578e-06
3.629092e-06
3.623615e-06
3.618149e-06
3.612693e-06
3.607247e-06
3.601810e-06
3.596384e-06
3.590968e-06
3.585562e-06
3.580166e-06
3.574780e-06
3.569403e-06
3.564037e-06
3.558680e-06
3.553334e-06
3.547997e-06
3.542669e-06
3.537352e-06
3.532045e-06
3.526747e-06
3.521459e-06
3.516180e-06
3.510911e-06
3.505652e-06
3.500403e-06
3.495163e-06
3.489932e-06
3.484712e-06
3.479500e-06
3.474299e-06
3.469106e-06
3.463924e-06
3.458750e-06
3.453586e-06
3.448432e-06
3.443287e-06
3.438151e-06
3.433025e-06
3.427908e-06
3.422800e-06
3.417701e-06
3.412612e-06
3.407532e-06
3.402461e-06
3.397400e-06
3.392347e-06
3.387304e-06
3.382270e-06
3.377245e-06
3.372229e-06
3.367223e-06
3.362225e-06
3.357236e-06
3.352256e-06
3.347286e-06
3.342324e-06
3.337371e-06
3.332427e-06
3.327493e-06
3.322567e-06
3.317649e-06
3.312741e-06
3.307842e-06
3.302951e-06
3.298069e-06
3.293196e-06
3.288332e-06
3.283476e-06
3.278630e-06
3.273792e-06
3.268962e-06
3.264141e-06
3.259329e-06
3.254526e-06
3.249731e-06
3.244945e-06
3.240167e-06
3.235398e-06
3.230637e-06
3.225885e-06
3.221141e-06
3.216406e-06
3.211679e-06
3.206961e-06
3.202251e-06
3.197550e-06
3.192857e-06
3.188172e-06
3.183496e-06
3.178828e-06
3.174168e-06
3.169516e-06
3.164873e-06
3.160238e-06
3.155612e-06
3.150993e-06
3.146383e-06
3.141781e-06
3.137187e-06
3.132601e-06
3.128024e-06
3.123454e-06
3.118893e-06
3.114339e-06
3.109794e-06
3.105257e-06
3.100728e-06
3.096206e-06
3.091693e-06
3.087188e-06
3.082691e-06
3.078201e-06
3.073720e-06
3.069246e-06
3.064781e-06
3.060323e-06
3.055873e-06
3.051431e-06
3.046997e-06
3.042570e-06
3.038152e-06
3.033741e-06
3.029338e-06
3.024942e-06
3.020555e-06
3.016175e-06
3.011802e-06
3.007438e-06
3.003081e-06
2.998731e-06
2.994390e-06
2.990056e-06
2.985729e-06
2.981410e-06
2.977099e-06
2.972795e-06
2.968499e-06
2.964210e-06
2.959929e-06
2.955655e-06
2.951388e-06
2.947129e-06
2.942878e-06
2.938634e-06
2.934397e-06
2.930168e-06
2.925946e-06
2.921731e-06
2.917524e-06
2.913324e-06
2.909131e-06
2.904946e-06
2.900768e-06
2.896597e-06
2.892433e-06
2.888277e-06
2.884128e-06
2.879986e-06
2.875851e-06
2.871723e-06
2.867603e-06
2.863490e-06
2.859383e-06
2.855284e-06
2.851192e-06
2.847107e-06
2.843029e-06
2.838958e-06
2.834895e-06
2.830838e-06
2.826788e-06
2.822745e-06
2.818709e-06
2.814680e-06
2.810658e-06
2.806643e-06
2.802635e-06
2.798634e-06
2.794640e-06
2.790652e-06
2.786672e-06
2.782698e-06
2.778731e-06
2.774771e-06
2.770818e-06
2.766871e-06
2.762931e-06
2.758998e-06
2.755072e-06
2.751152e-06
2.747240e-06
2.743333e-06
2.739434e-06
2.735541e-06
2.731655e-06
2.727776e-06
2.723903e-06
2.720036e-06
2.716177e-06
2.712324e-06
2.708477e-06
2.704637e-06
2.700804e-06
2.696977e-06
2.693157e-06
2.689343e-06
2.685536e-06
2.681735e-06
2.677941e-06
2.674153e-06
2.670371e-06
2.666596e-06
2.662828e-06
2.659065e-06
2.655310e-06
2.651560e-06
2.647817e-06
2.644080e-06
2.640350e-06
2.636626e-06
2.632908e-06
2.629197e-06
2.625491e-06
2.621792e-06
2.618100e-06
2.614413e-06
2.610733e-06
2.607059e-06
2.603391e-06
2.599730e-06
2.596074e-06
2.592425e-06
2.588782e-06
2.585145e-06
2.581514e-06
2.577890e-06
2.574271e-06
2.570659e-06
2.567052e-06
2.563452e-06
2.559858e-06
2.556269e-06
2.552687e-06
2.549111e-06
2.545541e-06
2.541977e-06
2.538418e-06
2.534866e-06
2.531320e-06
2.527780e-06
2.524245e-06
2.520717e-06
2.517194e-06
2.513678e-06
2.510167e-06
2.506662e-06
2.503163e-06
2.499670e-06
2.496182e-06
2.492701e-06
2.489225e-06
2.485755e-06
2.482291e-06
2.478833e-06
2.475380e-06
2.471933e-06
2.468492e-06
2.465057e-06
2.461627e-06
2.458203e-06
2.454785e-06
2.451373e-06
2.447966e-06
2.444565e-06
2.441169e-06
2.437779e-06
2.434395e-06
2.431016e-06
2.427643e-06
2.424276e-06
2.420914e-06
2.417558e-06
2.414207e-06
2.410862e-06
2.407522e-06
2.404188e-06
2.400860e-06
2.397536e-06
2.394219e-06
2.390907e-06
2.387600e-06
2.384299e-06
2.381003e-06
2.377713e-06
2.374428e-06
2.371149e-06
2.367875e-06
2.364606e-06
2.361343e-06
2.358085e-06
2.354833e-06
2.351586e-06
2.348344e-06
2.345108e-06
2.341876e-06
2.338651e-06
2.335430e-06
2.332215e-06
2.329005e-06
2.325800e-06
2.322601e-06
2.319407e-06
2.316218e-06
2.313034e-06
2.309856e-06
2.306683e-06
2.303515e-06
2.300352e-06
2.297194e-06
2.294042e-06
2.290894e-06
2.287752e-06
2.284615e-06
2.281483e-06
2.278356e-06
2.275235e-06
2.272118e-06
2.269007e-06
2.265900e-06
2.262799e-06
2.259702e-06
2.256611e-06
2.253525e-06
2.250444e-06
2.247368e-06
2.244296e-06
2.241230e-06
2.238169e-06
2.235113e-06
2.232061e-06
2.229015e-06
2.225974e-06
2.222937e-06
2.219906e-06
2.216879e-06
2.213858e-06
2.210841e-06
2.207829e-06
2.204822e-06
2.201820e-06
2.198823e-06
2.195831e-06
2.192843e-06
2.189860e-06
2.186882e-06
2.183909e-06
2.180941e-06
2.177978e-06
2.175019e-06
2.172065e-06
2.169116e-06
2.166172e-06
2.163232e-06
2.160297e-06
2.157367e-06
2.154442e-06
2.151521e-06
2.148605e-06
2.145694e-06
2.142787e-06
2.139885e-06
2.136988e-06
2.134095e-06
2.131207e-06
2.128324e-06
2.125445e-06
2.122571e-06
2.119702e-06
2.116837e-06
2.113977e-06
2.111121e-06
2.108270e-06
2.105423e-06
2.102581e-06
2.099744e-06
2.096911e-06
2.094083e-06
2.091259e-06
2.088440e-06
2.085625e-06
2.082815e-06
2.080009e-06
2.077208e-06
2.074411e-06
2.071619e-06
2.068831e-06
2.066047e-06
2.063268e-06
2.060494e-06
2.057723e-06
2.054958e-06
2.052196e-06
2.049439e-06
2.046687e-06
2.043939e-06
2.041195e-06
2.038456e-06
2.035721e-06
2.032990e-06
2.030263e-06
2.027541e-06
2.024824e-06
2.022110e-06
2.019401e-06
2.016696e-06
2.013996e-06
2.011300e-06
2.008608e-06
2.005920e-06
2.003236e-06
2.000557e-06
1.997882e-06
1.995212e-06
1.992545e-06
1.989883e-06
1.987225e-06
1.984571e-06
1.981921e-06
1.979276e-06
1.976634e-06
1.973997e-06
1.971364e-06
1.968736e-06
1.966111e-06
1.963490e-06
1.960874e-06
1.958262e-06
1.955653e-06
1.953049e-06
1.950449e-06
1.947854e-06
1.945262e-06
1.942674e-06
1.940090e-06
1.937511e-06
1.934935e-06
1.932364e-06
1.929796e-06
1.927233e-06
1.924674e-06
1.922118e-06
1.919567e-06
1.917019e-06
1.914476e-06
1.911937e-06
1.909401e-06
1.906870e-06
1.904342e-06
1.901819e-06
1.899299e-06
1.896784e-06
1.894272e-06
1.891764e-06
1.889260e-06
1.886760e-06
1.884264e-06
1.881772e-06
1.879284e-06
1.876799e-06
1.874319e-06
1.871842e-06
1.869370e-06
1.866901e-06
1.864435e-06
1.861974e-06
1.859517e-06
1.857063e-06
1.854613e-06
1.852168e-06
1.849725e-06
1.847287e-06
1.844852e-06
1.842422e-06
1.839995e-06
1.837571e-06
1.835152e-06
1.832736e-06
1.830324e-06
1.827916e-06
1.825511e-06
1.823111e-06
1.820714e-06
1.818320e-06
1.815930e-06
1.813545e-06
1.811162e-06
1.808784e-06
1.806409e-06
1.804038e-06
1.801670e-06
1.799306e-06
1.796946e-06
1.794589e-06
1.792236e-06
1.789887e-06
1.787541e-06
1.785199e-06
1.782861e-06
1.780526e-06
1.778194e-06
1.775867e-06
1.773543e-06
1.771222e-06
1.768905e-06
1.766592e-06
1.764282e-06
1.761976e-06
1.759673e-06
1.757374e-06
1.755078e-06
1.752786e-06
1.750497e-06
1.748212e-06
1.745930e-06
1.743652e-06
1.741378e-06
1.739106e-06
1.736839e-06
1.734575e-06
1.732314e-06
1.730057e-06
1.727803e-06
1.725552e-06
1.723306e-06
1.721062e-06
1.718822e-06
1.716585e-06
1.714352e-06
1.712122e-06
1.709896e-06
1.707673e-06
1.705453e-06
1.703237e-06
1.701024e-06
1.698815e-06
1.696609e-06
1.694406e-06
1.692207e-06
1.690011e-06
1.687818e-06
1.685629e-06
1.683443e-06
1.681260e-06
1.679081e-06
1.676905e-06
1.674732e-06
1.672562e-06
1.670396e-06
1.668233e-06
1.666074e-06
1.663918e-06
1.661765e-06
1.659615e-06
1.657468e-06
1.655325e-06
1.653185e-06
1.651048e-06
1.648915e-06
1.646784e-06
1.644657e-06
1.642534e-06
1.640413e-06
1.638295e-06
1.636181e-06
1.634070e-06
1.631962e-06
1.629858e-06
1.627756e-06
1.625658e-06
1.623563e-06
1.621471e-06
1.619382e-06
1.617296e-06
1.615214e-06
1.613134e-06
1.611058e-06
1.608985e-06
1.606915e-06
1.604848e-06
1.602784e-06
1.600724e-06
1.598666e-06
1.596612e-06
1.594560e-06
1.592512e-06
1.590467e-06
1.588424e-06
1.586385e-06
1.584349e-06
1.582316e-06
1.580286e-06
1.578259e-06
1.576236e-06
1.574215e-06
1.572197e-06
1.570182e-06
1.568170e-06
1.566162e-06
1.564156e-06
1.562153e-06
1.560154e-06
1.558157e-06
1.556163e-06
1.554172e-06
1.552184e-06
1.550200e-06
1.548218e-06
1.546239e-06
1.544263e-06
1.542290e-06
1.540320e-06
1.538353e-06
1.536388e-06
1.534427e-06
1.532469e-06
1.530513e-06
1.528561e-06
1.526611e-06
1.524665e-06
1.522721e-06
1.520780e-06
1.518842e-06
1.516907e-06
1.514974e-06
1.513045e-06
1.511118e-06
1.509195e-06
1.507274e-06
1.505356e-06
1.503441e-06
1.501528e-06
1.499619e-06
1.497712e-06
1.495809e-06
1.493908e-06
1.492009e-06
1.490114e-06
1.488222e-06
1.486332e-06
1.484445e-06
1.482561e-06
1.480679e-06
1.478801e-06
1.476925e-06
1.475052e-06
1.473182e-06
1.471314e-06
1.469449e-06
1.467587e-06
1.465728e-06
1.463872e-06
1.462018e-06
1.460167e-06
1.458318e-06
1.456473e-06
1.454630e-06
1.452790e-06
1.450952e-06
1.449118e-06
1.447286e-06
1.445456e-06
1.443630e-06
1.441806e-06
1.439984e-06
1.438166e-06
1.436350e-06
1.434536e-06
1.432726e-06
1.430918e-06
1.429113e-06
1.427310e-06
1.425510e-06
1.423712e-06
1.421918e-06
1.420126e-06
1.418336e-06
1.416549e-06
1.414765e-06
1.412983e-06
1.411204e-06
1.409428e-06
1.407654e-06
1.405883e-06
1.404114e-06
1.402348e-06
1.400585e-06
1.398824e-06
1.397065e-06
1.395310e-06
1.393556e-06
1.391806e-06
1.390058e-06
1.388312e-06
1.386569e-06
1.384829e-06
1.383091e-06
1.381355e-06
1.379622e-06
1.377892e-06
1.376164e-06
1.374439e-06
1.372716e-06
1.370996e-06
1.369278e-06
1.367563e-06
1.365850e-06
1.364140e-06
1.362432e-06
1.360726e-06
1.359024e-06
1.357323e-06
1.355625e-06
1.353930e-06
1.352237e-06
1.350546e-06
1.348858e-06
1.347172e-06
1.345489e-06
1.343808e-06
1.342130e-06
1.340454e-06
1.338780e-06
1.337109e-06
1.335441e-06
1.333774e-06
1.332111e-06
1.330449e-06
1.328790e-06
1.327133e-06
1.325479e-06
1.323827e-06
1.322178e-06
1.320531e-06
1.318886e-06
1.317244e-06
1.315604e-06
1.313966e-06
1.312331e-06
1.310698e-06
1.309067e-06
1.307439e-06
1.305813e-06
1.304190e-06
1.302568e-06
1.300950e-06
1.299333e-06
1.297719e-06
1.296107e-06
1.294497e-06
1.292890e-06
1.291285e-06
1.289682e-06
1.288082e-06
1.286484e-06
1.284888e-06
1.283295e-06
1.281704e-06
1.280115e-06
1.278528e-06
1.276944e-06
1.275362e-06
1.273782e-06
1.272204e-06
1.270629e-06
1.269056e-06
1.267485e-06
1.265916e-06
1.264350e-06
1.262786e-06
1.261224e-06
1.259665e-06
1.258107e-06
1.256552e-06
1.254999e-06
1.253448e-06
1.251900e-06
1.250353e-06
1.248809e-06
1.247267e-06
1.245728e-06
1.244190e-06
1.242655e-06
1.241122e-06
1.239591e-06
1.238062e-06
1.236535e-06
1.235011e-06
1.233489e-06
1.231969e-06
1.230451e-06
1.228935e-06
1.227421e-06
1.225910e-06
1.224400e-06
1.222893e-06
1.221388e-06
1.219885e-06
1.218385e-06
1.216886e-06
1.215389e-06
1.213895e-06
1.212403e-06
1.210912e-06
1.209424e-06
1.207938e-06
1.206455e-06
1.204973e-06
1.203493e-06
1.202016e-06
1.200540e-06
1.199067e-06
1.197595e-06
1.196126e-06
1.194659e-06
1.193194e-06
1.191731e-06
1.190270e-06
1.188811e-06
1.187354e-06
1.185899e-06
1.184447e-06
1.182996e-06
1.181547e-06
1.180101e-06
1.178656e-06
1.177214e-06
1.175773e-06
1.174335e-06
1.172898e-06
1.171464e-06
1.170032e-06
1.168601e-06
1.167173e-06
1.165746e-06
1.164322e-06
1.162900e-06
1.161479e-06
1.160061e-06
1.158645e-06
1.157230e-06
1.155818e-06
1.154407e-06
1.152999e-06
1.151593e-06
1.150188e-06
1.148786e-06
1.147385e-06
1.145986e-06
1.144590e-06
1.143195e-06
1.141802e-06
1.140412e-06
1.139023e-06
1.137636e-06
1.136251e-06
1.134868e-06
1.133487e-06
1.132108e-06
1.130730e-06
1.129355e-06
1.127982e-06
1.126610e-06
1.125241e-06
1.123873e-06
1.122507e-06
1.121143e-06
1.119781e-06
1.118421e-06
1.117063e-06
1.115707e-06
1.114353e-06
1.113000e-06
1.111650e-06
1.110301e-06
1.108954e-06
1.107609e-06
1.106266e-06
1.104925e-06
1.103585e-06
1.102248e-06
1.100912e-06
1.099578e-06
1.098246e-06
1.096916e-06
1.095588e-06
1.094262e-06
1.092937e-06
1.091614e-06
1.090294e-06
1.088974e-06
1.087657e-06
1.086342e-06
1.085028e-06
1.083716e-06
1.082407e-06
1.081098e-06
1.079792e-06
1.078488e-06
1.077185e-06
1.075884e-06
1.074585e-06
1.073288e-06
1.071992e-06
1.070698e-06
1.069406e-06
1.068116e-06
1.066828e-06
1.065541e-06
1.064256e-06
1.062973e-06
1.061692e-06
1.060412e-06
1.059135e-06
1.057859e-06
1.056584e-06
1.055312e-06
1.054041e-06
1.052772e-06
1.051505e-06
1.050240e-06
1.048976e-06
1.047714e-06
1.046454e-06
1.045195e-06
1.043938e-06
1.042683e-06
1.041430e-06
1.040178e-06
1.038928e-06
1.037680e-06
1.036434e-06
1.035189e-06
1.033946e-06
1.032704e-06
1.031465e-06
1.030227e-06
1.028990e-06
1.027756e-06
1.026523e-06
1.025292e-06
1.024062e-06
1.022834e-06
1.021608e-06
1.020384e-06
1.019161e-06
1.017940e-06
1.016720e-06
1.015503e-06
1.014287e-06
1.013072e-06
1.011859e-06
1.010648e-06
1.009439e-06
1.008231e-06
1.007025e-06
1.005820e-06
1.004617e-06
1.003416e-06
1.002216e-06
1.001018e-06
9.998220e-07
