1.245012e-02
7.134237e-03
5.475698e-03
4.415410e-03
3.713289e-03
3.261671e-03
2.900868e-03
2.607965e-03
2.366417e-03
2.164315e-03
1.993011e-03
1.846129e-03
1.718894e-03
1.607677e-03
1.509673e-03
1.422688e-03
1.344981e-03
1.275154e-03
1.212075e-03
1.155053e-03
1.104731e-03
1.058443e-03
1.015727e-03
9.761909e-04
9.394952e-04
9.053469e-04
8.734914e-04
8.437063e-04
8.157970e-04
7.895920e-04
7.649402e-04
7.417075e-04
7.197746e-04
6.990354e-04
6.793946e-04
6.607671e-04
6.430761e-04
6.262523e-04
6.102333e-04
5.949622e-04
5.803876e-04
5.664625e-04
5.531442e-04
5.403936e-04
5.281748e-04
5.164549e-04
5.052038e-04
4.943937e-04
4.839988e-04
4.739956e-04
4.643620e-04
4.550777e-04
4.461240e-04
4.374832e-04
4.291392e-04
4.210767e-04
4.132816e-04
4.057408e-04
3.984417e-04
3.913730e-04
3.845237e-04
3.778837e-04
3.714434e-04
3.651940e-04
3.591270e-04
3.532345e-04
3.475089e-04
3.419433e-04
3.365310e-04
3.312656e-04
3.261413e-04
3.211524e-04
3.162937e-04
3.115599e-04
3.069465e-04
3.024488e-04
2.980624e-04
2.937834e-04
2.896078e-04
2.855319e-04
2.815522e-04
2.776653e-04
2.738679e-04
2.701571e-04
2.665300e-04
2.629836e-04
2.595154e-04
2.561229e-04
2.528035e-04
2.495550e-04
2.463751e-04
2.432617e-04
2.402127e-04
2.372262e-04
2.343003e-04
2.314331e-04
2.286231e-04
2.258684e-04
2.231675e-04
2.205188e-04
2.179209e-04
2.153724e-04
2.128718e-04
2.104179e-04
2.080094e-04
2.056451e-04
2.033237e-04
2.010442e-04
1.988054e-04
1.966063e-04
1.944459e-04
1.923232e-04
1.902373e-04
1.881871e-04
1.861719e-04
1.841907e-04
1.822428e-04
1.803274e-04
1.784436e-04
1.765907e-04
1.747680e-04
1.729747e-04
1.712103e-04
1.694740e-04
1.677652e-04
1.660833e-04
1.644276e-04
1.627976e-04
1.611928e-04
1.596125e-04
1.580562e-04
1.565235e-04
1.550138e-04
1.535266e-04
1.520614e-04
1.506179e-04
1.491955e-04
1.477938e-04
1.464124e-04
1.450508e-04
1.437087e-04
1.423857e-04
1.410814e-04
1.397955e-04
1.385275e-04
1.372771e-04
1.360440e-04
1.348279e-04
1.336283e-04
1.324451e-04
1.312779e-04
1.301264e-04
1.289903e-04
1.278693e-04
1.267632e-04
1.256717e-04
1.245944e-04
1.235312e-04
1.224819e-04
1.214460e-04
1.204235e-04
1.194141e-04
1.184175e-04
1.174335e-04
1.164620e-04
1.155027e-04
1.145553e-04
1.136197e-04
1.126957e-04
1.117832e-04
1.108818e-04
1.099914e-04
1.091118e-04
1.082429e-04
1.073845e-04
1.065364e-04
1.056984e-04
1.048704e-04
1.040523e-04
1.032437e-04
1.024447e-04
1.016551e-04
1.008747e-04
1.001033e-04
9.934085e-05
9.858719e-05
9.784219e-05
9.710571e-05
9.637762e-05
9.565779e-05
9.494610e-05
9.424242e-05
9.354664e-05
9.285863e-05
9.217829e-05
9.150550e-05
9.084014e-05
9.018211e-05
8.953131e-05
8.888762e-05
8.825094e-05
8.762118e-05
8.699823e-05
8.638200e-05
8.577239e-05
8.516931e-05
8.457266e-05
8.398236e-05
8.339831e-05
8.282044e-05
8.224865e-05
8.168285e-05
8.112297e-05
8.056893e-05
8.002065e-05
7.947804e-05
7.894103e-05
7.840955e-05
7.788352e-05
7.736287e-05
7.684752e-05
7.633741e-05
7.583246e-05
7.533261e-05
7.483779e-05
7.434794e-05
7.386298e-05
7.338286e-05
7.290751e-05
7.243687e-05
7.197089e-05
7.150949e-05
7.105263e-05
7.060023e-05
7.015226e-05
6.970865e-05
6.926934e-05
6.883428e-05
6.840342e-05
6.797671e-05
6.755409e-05
6.713551e-05
6.672092e-05
6.631028e-05
6.590353e-05
6.550063e-05
6.510153e-05
6.470618e-05
6.431454e-05
6.392656e-05
6.354220e-05
6.316141e-05
6.278416e-05
6.241039e-05
6.204007e-05
6.167316e-05
6.130961e-05
6.094939e-05
6.059245e-05
6.023876e-05
5.988828e-05
5.954097e-05
5.919679e-05
5.885572e-05
5.851770e-05
5.818271e-05
5.785071e-05
5.752167e-05
5.719555e-05
5.687232e-05
5.655194e-05
5.623439e-05
5.591963e-05
5.560763e-05
5.529835e-05
5.499178e-05
5.468787e-05
5.438659e-05
5.408793e-05
5.379184e-05
5.349830e-05
5.320728e-05
5.291875e-05
5.263269e-05
5.234906e-05
5.206785e-05
5.178902e-05
5.151255e-05
5.123841e-05
5.096658e-05
5.069702e-05
5.042973e-05
5.016467e-05
4.990181e-05
4.964114e-05
4.938263e-05
4.912626e-05
4.887200e-05
4.861983e-05
4.836974e-05
4.812169e-05
4.787566e-05
4.763164e-05
4.738960e-05
4.714953e-05
4.691139e-05
4.667518e-05
4.644087e-05
4.620843e-05
4.597786e-05
4.574913e-05
4.552222e-05
4.529712e-05
4.507380e-05
4.485225e-05
4.463244e-05
4.441436e-05
4.419800e-05
4.398333e-05
4.377034e-05
4.355901e-05
4.334932e-05
4.314126e-05
4.293481e-05
4.272996e-05
4.252668e-05
4.232496e-05
4.212479e-05
4.192615e-05
4.172902e-05
4.153339e-05
4.133925e-05
4.114658e-05
4.095537e-05
4.076559e-05
4.057724e-05
4.039031e-05
4.020477e-05
4.002062e-05
3.983784e-05
3.965642e-05
3.947634e-05
3.929760e-05
3.912017e-05
3.894404e-05
3.876921e-05
3.859567e-05
3.842338e-05
3.825236e-05
3.808258e-05
3.791402e-05
3.774669e-05
3.758057e-05
3.741564e-05
3.725190e-05
3.708933e-05
3.692793e-05
3.676767e-05
3.660856e-05
3.645058e-05
3.629371e-05
3.613796e-05
3.598330e-05
3.582973e-05
3.567723e-05
3.552581e-05
3.537544e-05
3.522612e-05
3.507784e-05
3.493058e-05
3.478435e-05
3.463912e-05
3.449489e-05
3.435166e-05
3.420940e-05
3.406812e-05
3.392780e-05
3.378844e-05
3.365002e-05
3.351254e-05
3.337598e-05
3.324035e-05
3.310563e-05
3.297181e-05
3.283889e-05
3.270686e-05
3.257571e-05
3.244542e-05
3.231600e-05
3.218744e-05
3.205973e-05
3.193285e-05
3.180681e-05
3.168159e-05
3.155720e-05
3.143361e-05
3.131083e-05
3.118884e-05
3.106765e-05
3.094723e-05
3.082760e-05
3.070873e-05
3.059062e-05
3.047327e-05
3.035667e-05
3.024081e-05
3.012569e-05
3.001130e-05
2.989763e-05
2.978468e-05
2.967243e-05
2.956090e-05
2.945006e-05
2.933991e-05
2.923045e-05
2.912168e-05
2.901357e-05
2.890614e-05
2.879937e-05
2.869325e-05
2.858779e-05
2.848298e-05
2.837881e-05
2.827527e-05
2.817236e-05
2.807008e-05
2.796842e-05
2.786737e-05
2.776693e-05
2.766710e-05
2.756786e-05
2.746922e-05
2.737117e-05
2.727371e-05
2.717682e-05
2.708051e-05
2.698477e-05
2.688959e-05
2.679497e-05
2.670091e-05
2.660741e-05
2.651444e-05
2.642202e-05
2.633014e-05
2.623880e-05
2.614798e-05
2.605769e-05
2.596791e-05
2.587866e-05
2.578991e-05
2.570168e-05
2.561395e-05
2.552672e-05
2.543998e-05
2.535374e-05
2.526798e-05
2.518271e-05
2.509792e-05
2.501361e-05
2.492976e-05
2.484639e-05
2.476348e-05
2.468104e-05
2.459905e-05
2.451752e-05
2.443644e-05
2.435580e-05
2.427561e-05
2.419586e-05
2.411654e-05
2.403766e-05
2.395921e-05
2.388118e-05
2.380358e-05
2.372640e-05
2.364963e-05
2.357328e-05
2.349734e-05
2.342181e-05
2.334668e-05
2.327195e-05
2.319762e-05
2.312368e-05
2.305014e-05
2.297698e-05
2.290421e-05
2.283183e-05
2.275982e-05
2.268819e-05
2.261694e-05
2.254605e-05
2.247554e-05
2.240539e-05
2.233560e-05
2.226618e-05
2.219711e-05
2.212840e-05
2.206004e-05
2.199203e-05
2.192437e-05
2.185705e-05
2.179008e-05
2.172344e-05
2.165714e-05
2.159118e-05
2.152555e-05
2.146024e-05
2.139527e-05
2.133062e-05
2.126629e-05
2.120228e-05
2.113859e-05
2.107522e-05
2.101216e-05
2.094941e-05
2.088697e-05
2.082484e-05
2.076301e-05
2.070148e-05
2.064025e-05
2.057932e-05
2.051869e-05
2.045835e-05
2.039830e-05
2.033854e-05
2.027907e-05
2.021988e-05
2.016098e-05
2.010235e-05
2.004401e-05
1.998595e-05
1.992816e-05
1.987064e-05
1.981340e-05
1.975642e-05
1.969971e-05
1.964327e-05
1.958710e-05
1.953118e-05
1.947553e-05
1.942013e-05
1.936500e-05
1.931011e-05
1.925548e-05
1.920110e-05
1.914698e-05
1.909310e-05
1.903946e-05
1.898607e-05
1.893293e-05
1.888003e-05
1.882736e-05
1.877494e-05
1.872275e-05
1.867079e-05
1.861907e-05
1.856758e-05
1.851633e-05
1.846530e-05
1.841450e-05
1.836392e-05
1.831357e-05
1.826344e-05
1.821353e-05
1.816385e-05
1.811438e-05
1.806512e-05
1.801609e-05
1.796727e-05
1.791866e-05
1.787026e-05
1.782207e-05
1.777409e-05
1.772632e-05
1.767875e-05
1.763139e-05
1.758423e-05
1.753728e-05
1.749052e-05
1.744396e-05
1.739760e-05
1.735144e-05
1.730548e-05
1.725970e-05
1.721413e-05
1.716874e-05
1.712354e-05
1.707854e-05
1.703372e-05
1.698909e-05
1.694464e-05
1.690038e-05
1.685630e-05
1.681241e-05
1.676869e-05
1.672516e-05
1.668180e-05
1.663863e-05
1.659563e-05
1.655280e-05
1.651015e-05
1.646768e-05
1.642537e-05
1.638324e-05
1.634128e-05
1.629948e-05
1.625786e-05
1.621640e-05
1.617511e-05
1.613398e-05
1.609302e-05
1.605222e-05
1.601159e-05
1.597111e-05
1.593080e-05
1.589064e-05
1.585064e-05
1.581080e-05
1.577112e-05
1.573159e-05
1.569222e-05
1.565300e-05
1.561393e-05
1.557502e-05
1.553625e-05
1.549764e-05
1.545917e-05
1.542086e-05
1.538269e-05
1.534466e-05
1.530679e-05
1.526905e-05
1.523147e-05
1.519402e-05
1.515672e-05
1.511956e-05
1.508254e-05
1.504566e-05
1.500892e-05
1.497231e-05
1.493585e-05
1.489952e-05
1.486332e-05
1.482727e-05
1.479134e-05
1.475555e-05
1.471990e-05
1.468437e-05
1.464898e-05
1.461372e-05
1.457858e-05
1.454358e-05
1.450870e-05
1.447396e-05
1.443934e-05
1.440484e-05
1.437047e-05
1.433623e-05
1.430211e-05
1.426812e-05
1.423424e-05
1.420049e-05
1.416686e-05
1.413335e-05
1.409997e-05
1.406670e-05
1.403355e-05
1.400051e-05
1.396760e-05
1.393480e-05
1.390212e-05
1.386956e-05
1.383711e-05
1.380477e-05
1.377255e-05
1.374044e-05
1.370844e-05
1.367656e-05
1.364479e-05
1.361313e-05
1.358157e-05
1.355013e-05
1.351880e-05
1.348757e-05
1.345646e-05
1.342545e-05
1.339455e-05
1.336375e-05
1.333306e-05
1.330247e-05
1.327199e-05
1.324162e-05
1.321134e-05
1.318117e-05
1.315110e-05
1.312114e-05
1.309127e-05
1.306151e-05
1.303184e-05
1.300228e-05
1.297282e-05
1.294345e-05
1.291418e-05
1.288501e-05
1.285594e-05
1.282696e-05
1.279809e-05
1.276930e-05
1.274061e-05
1.271202e-05
1.268352e-05
1.265512e-05
1.262681e-05
1.259859e-05
1.257046e-05
1.254243e-05
1.251448e-05
1.248663e-05
1.245887e-05
1.243120e-05
1.240362e-05
1.237613e-05
1.234873e-05
1.232141e-05
1.229419e-05
1.226705e-05
1.224000e-05
1.221304e-05
1.218616e-05
1.215937e-05
1.213266e-05
1.210604e-05
1.207950e-05
1.205305e-05
1.202668e-05
1.200040e-05
1.197420e-05
1.194808e-05
1.192204e-05
1.189609e-05
1.187021e-05
1.184442e-05
1.181871e-05
1.179308e-05
1.176753e-05
1.174206e-05
1.171667e-05
1.169135e-05
1.166612e-05
1.164096e-05
1.161589e-05
1.159088e-05
1.156596e-05
1.154111e-05
1.151634e-05
1.149165e-05
1.146703e-05
1.144248e-05
1.141802e-05
1.139362e-05
1.136930e-05
1.134505e-05
1.132088e-05
1.129678e-05
1.127276e-05
1.124880e-05
1.122492e-05
1.120111e-05
1.117737e-05
1.115371e-05
1.113011e-05
1.110659e-05
1.108313e-05
1.105975e-05
1.103643e-05
1.101319e-05
1.099001e-05
1.096691e-05
1.094387e-05
1.092090e-05
1.089799e-05
1.087516e-05
1.085239e-05
1.082969e-05
1.080706e-05
1.078449e-05
1.076199e-05
1.073955e-05
1.071718e-05
1.069488e-05
1.067264e-05
1.065047e-05
1.062836e-05
1.060631e-05
1.058433e-05
1.056241e-05
1.054055e-05
1.051876e-05
1.049703e-05
1.047537e-05
1.045376e-05
1.043222e-05
1.041074e-05
1.038932e-05
1.036796e-05
1.034666e-05
1.032543e-05
1.030425e-05
1.028314e-05
1.026208e-05
1.024109e-05
1.022015e-05
1.019927e-05
1.017845e-05
1.015769e-05
1.013699e-05
1.011635e-05
1.009577e-05
1.007524e-05
1.005477e-05
1.003436e-05
1.001400e-05
9.993706e-06
9.973464e-06
9.953279e-06
9.933150e-06
9.913078e-06
9.893060e-06
9.873098e-06
9.853192e-06
9.833340e-06
9.813544e-06
9.793802e-06
9.774114e-06
9.754480e-06
9.734901e-06
9.715375e-06
9.695902e-06
9.676483e-06
9.657117e-06
9.637804e-06
9.618544e-06
9.599335e-06
9.580180e-06
9.561076e-06
9.542024e-06
9.523024e-06
9.504075e-06
9.485177e-06
9.466331e-06
9.447535e-06
9.428790e-06
9.410095e-06
9.391451e-06
9.372857e-06
9.354312e-06
9.335818e-06
9.317372e-06
9.298976e-06
9.280629e-06
9.262331e-06
9.244082e-06
9.225882e-06
9.207729e-06
9.189625e-06
9.171569e-06
9.153560e-06
9.135600e-06
9.117686e-06
9.099820e-06
9.082002e-06
9.064230e-06
9.046504e-06
9.028826e-06
9.011193e-06
8.993607e-06
8.976067e-06
8.958573e-06
8.941125e-06
8.923722e-06
8.906364e-06
8.889052e-06
8.871785e-06
8.854562e-06
8.837384e-06
8.820251e-06
8.803163e-06
8.786118e-06
8.769117e-06
8.752161e-06
8.735248e-06
8.718378e-06
8.701553e-06
8.684770e-06
8.668030e-06
8.651334e-06
8.634680e-06
8.618069e-06
8.601500e-06
8.584974e-06
8.568489e-06
8.552047e-06
8.535647e-06
8.519288e-06
8.502971e-06
8.486696e-06
8.470462e-06
8.454268e-06
8.438116e-06
8.422005e-06
8.405934e-06
8.389904e-06
8.373915e-06
8.357965e-06
8.342056e-06
8.326187e-06
8.310358e-06
8.294568e-06
8.278818e-06
8.263107e-06
8.247436e-06
8.231804e-06
8.216211e-06
8.200656e-06
8.185141e-06
8.169664e-06
8.154226e-06
8.138826e-06
8.123464e-06
8.108140e-06
8.092854e-06
8.077606e-06
8.062396e-06
8.047224e-06
8.032088e-06
8.016990e-06
8.001930e-06
7.986906e-06
7.971920e-06
7.956970e-06
7.942057e-06
7.927180e-06
7.912340e-06
7.897536e-06
7.882768e-06
7.868037e-06
7.853341e-06
7.838682e-06
7.824058e-06
7.809469e-06
7.794916e-06
7.780399e-06
7.765916e-06
7.751469e-06
7.737057e-06
7.722680e-06
7.708337e-06
7.694029e-06
7.679756e-06
7.665517e-06
7.651312e-06
7.637142e-06
7.623006e-06
7.608904e-06
7.594835e-06
7.580801e-06
7.566800e-06
7.552832e-06
7.538898e-06
7.524998e-06
7.511130e-06
7.497296e-06
7.483495e-06
7.469726e-06
7.455991e-06
7.442288e-06
7.428617e-06
7.414980e-06
7.401374e-06
7.387801e-06
7.374260e-06
7.360751e-06
7.347274e-06
7.333829e-06
7.320415e-06
7.307033e-06
7.293683e-06
7.280365e-06
7.267077e-06
7.253821e-06
7.240596e-06
7.227402e-06
7.214239e-06
7.201107e-06
7.188006e-06
7.174935e-06
7.161895e-06
7.148885e-06
7.135906e-06
7.122957e-06
7.110039e-06
7.097150e-06
7.084291e-06
7.071463e-06
7.058664e-06
7.045894e-06
7.033155e-06
7.020445e-06
7.007764e-06
6.995113e-06
6.982491e-06
6.969898e-06
6.957335e-06
6.944800e-06
6.932294e-06
6.919818e-06
6.907369e-06
6.894950e-06
6.882559e-06
6.870196e-06
6.857862e-06
6.845556e-06
6.833279e-06
6.821029e-06
6.808808e-06
6.796614e-06
6.784449e-06
6.772311e-06
6.760201e-06
6.748118e-06
6.736064e-06
6.724036e-06
6.712036e-06
6.700063e-06
6.688117e-06
6.676199e-06
6.664307e-06
6.652443e-06
6.640605e-06
6.628795e-06
6.617011e-06
6.605253e-06
6.593522e-06
6.581818e-06
6.570140e-06
6.558488e-06
6.546863e-06
6.535264e-06
6.523691e-06
6.512143e-06
6.500622e-06
6.489127e-06
6.477658e-06
6.466214e-06
6.454796e-06
6.443403e-06
6.432036e-06
6.420694e-06
6.409378e-06
6.398087e-06
6.386821e-06
6.375580e-06
6.364365e-06
6.353174e-06
6.342008e-06
6.330867e-06
6.319751e-06
6.308659e-06
6.297592e-06
6.286550e-06
6.275532e-06
6.264539e-06
6.253569e-06
6.242624e-06
6.231704e-06
6.220807e-06
6.209935e-06
6.199086e-06
6.188261e-06
6.177461e-06
6.166684e-06
6.155930e-06
6.145201e-06
6.134495e-06
6.123812e-06
6.113153e-06
6.102517e-06
6.091905e-06
6.081316e-06
6.070750e-06
6.060207e-06
6.049687e-06
6.039190e-06
6.028716e-06
6.018265e-06
6.007837e-06
5.997431e-06
5.987048e-06
5.976688e-06
5.966350e-06
5.956035e-06
5.945742e-06
5.935471e-06
5.925223e-06
5.914997e-06
5.904793e-06
5.894611e-06
5.884452e-06
5.874314e-06
5.864198e-06
5.854104e-06
5.844032e-06
5.833981e-06
5.823953e-06
5.813945e-06
5.803960e-06
5.793996e-06
5.784053e-06
5.774132e-06
5.764232e-06
5.754353e-06
5.744495e-06
5.734659e-06
5.724844e-06
5.715049e-06
5.705276e-06
5.695524e-06
5.685792e-06
5.676081e-06
5.666391e-06
5.656722e-06
5.647073e-06
5.637445e-06
5.627837e-06
5.618250e-06
5.608684e-06
5.599137e-06
5.589611e-06
5.580105e-06
5.570620e-06
5.561154e-06
5.551708e-06
5.542283e-06
5.532878e-06
5.523492e-06
5.514126e-06
5.504780e-06
5.495454e-06
5.486148e-06
5.476861e-06
5.467594e-06
5.458346e-06
5.449118e-06
5.439909e-06
5.430720e-06
5.421550e-06
5.412399e-06
5.403268e-06
5.394156e-06
5.385062e-06
5.375988e-06
5.366933e-06
5.357897e-06
5.348880e-06
5.339882e-06
5.330902e-06
5.321942e-06
5.313000e-06
5.304077e-06
5.295172e-06
5.286286e-06
5.277419e-06
5.268570e-06
5.259739e-06
5.250927e-06
5.242133e-06
5.233357e-06
5.224600e-06
5.215861e-06
5.207140e-06
5.198437e-06
5.189753e-06
5.181086e-06
5.172437e-06
5.163806e-06
5.155193e-06
5.146598e-06
5.138020e-06
5.129461e-06
5.120919e-06
5.112394e-06
5.103887e-06
5.095398e-06
5.086926e-06
5.078472e-06
5.070035e-06
5.061615e-06
5.053213e-06
5.044828e-06
5.036461e-06
5.028110e-06
5.019777e-06
5.011460e-06
5.003161e-06
4.994879e-06
4.986614e-06
4.978365e-06
4.970134e-06
4.961919e-06
4.953721e-06
4.945540e-06
4.937376e-06
4.929228e-06
4.921097e-06
4.912983e-06
4.904885e-06
4.896803e-06
4.888738e-06
4.880690e-06
4.872658e-06
4.864642e-06
4.856642e-06
4.848659e-06
4.840692e-06
4.832741e-06
4.824806e-06
4.816887e-06
4.808984e-06
4.801098e-06
4.793227e-06
4.785372e-06
4.777533e-06
4.769710e-06
4.761903e-06
4.754111e-06
4.746335e-06
4.738575e-06
4.730830e-06
4.723102e-06
4.715388e-06
4.707690e-06
4.700008e-06
4.692341e-06
4.684690e-06
4.677054e-06
4.669433e-06
4.661828e-06
4.654237e-06
4.646662e-06
4.639103e-06
4.631558e-06
4.624028e-06
4.616514e-06
4.609015e-06
4.601530e-06
4.594061e-06
4.586606e-06
4.579166e-06
4.571742e-06
4.564332e-06
4.556936e-06
4.549556e-06
4.542190e-06
4.534839e-06
4.527502e-06
4.520181e-06
4.512873e-06
4.505580e-06
4.498302e-06
4.491038e-06
4.483789e-06
4.476554e-06
4.469333e-06
4.462126e-06
4.454934e-06
4.447756e-06
4.440593e-06
4.433443e-06
4.426308e-06
4.419186e-06
4.412079e-06
4.404986e-06
4.397907e-06
4.390841e-06
4.383790e-06
4.376753e-06
4.369729e-06
4.362719e-06
4.355723e-06
4.348741e-06
4.341773e-06
4.334818e-06
4.327877e-06
4.320949e-06
4.314035e-06
4.307135e-06
4.300248e-06
4.293375e-06
4.286515e-06
4.279669e-06
4.272836e-06
4.266016e-06
4.259210e-06
4.252417e-06
4.245638e-06
4.238871e-06
4.232118e-06
4.225378e-06
4.218651e-06
4.211937e-06
4.205236e-06
4.198549e-06
4.191874e-06
4.185212e-06
4.178564e-06
4.171928e-06
4.165305e-06
4.158695e-06
4.152098e-06
4.145514e-06
4.138942e-06
4.132383e-06
4.125837e-06
4.119304e-06
4.112783e-06
4.106275e-06
4.099779e-06
4.093296e-06
4.086826e-06
4.080368e-06
4.073922e-06
4.067489e-06
4.061068e-06
4.054660e-06
4.048264e-06
4.041881e-06
4.035509e-06
4.029150e-06
4.022804e-06
4.016469e-06
4.010147e-06
4.003837e-06
3.997539e-06
3.991253e-06
3.984979e-06
3.978717e-06
3.972467e-06
3.966229e-06
3.960003e-06
3.953789e-06
3.947587e-06
3.941397e-06
3.935219e-06
3.929052e-06
3.922897e-06
3.916754e-06
3.910623e-06
3.904504e-06
3.898396e-06
3.892300e-06
3.886215e-06
3.880142e-06
3.874081e-06
3.868031e-06
3.861992e-06
3.855965e-06
3.849950e-06
3.843946e-06
3.837954e-06
3.831972e-06
3.826003e-06
3.820044e-06
3.814097e-06
3.808161e-06
3.802237e-06
3.796323e-06
3.790421e-06
3.784530e-06
3.778650e-06
3.772781e-06
3.766924e-06
3.761077e-06
3.755242e-06
3.749417e-06
3.743604e-06
3.737801e-06
3.732010e-06
3.726229e-06
3.720459e-06
3.714700e-06
3.708952e-06
3.703215e-06
3.697489e-06
3.691773e-06
3.686068e-06
3.680374e-06
3.674691e-06
3.669018e-06
3.663356e-06
3.657704e-06
3.652063e-06
3.646433e-06
3.640813e-06
3.635204e-06
3.629605e-06
3.624017e-06
3.618439e-06
3.612872e-06
3.607315e-06
3.601768e-06
3.596232e-06
3.590706e-06
3.585191e-06
3.579686e-06
3.574191e-06
3.568706e-06
3.563231e-06
3.557767e-06
3.552313e-06
3.546869e-06
3.541435e-06
3.536011e-06
3.530598e-06
3.525194e-06
3.519801e-06
3.514417e-06
3.509044e-06
3.503680e-06
3.498326e-06
3.492983e-06
3.487649e-06
3.482325e-06
3.477011e-06
3.471707e-06
3.466413e-06
3.461128e-06
3.455853e-06
3.450588e-06
3.445333e-06
3.440087e-06
3.434851e-06
3.429625e-06
3.424408e-06
3.419201e-06
3.414004e-06
3.408816e-06
3.403638e-06
3.398469e-06
3.393310e-06
3.388160e-06
3.383020e-06
3.377889e-06
3.372768e-06
3.367656e-06
3.362553e-06
3.357460e-06
3.352376e-06
3.347302e-06
3.342237e-06
3.337181e-06
3.332134e-06
3.327097e-06
3.322068e-06
3.317049e-06
3.312039e-06
3.307039e-06
3.302047e-06
3.297065e-06
3.292092e-06
3.287127e-06
3.282172e-06
3.277226e-06
3.272289e-06
3.267361e-06
3.262442e-06
3.257532e-06
3.252630e-06
3.247738e-06
3.242855e-06
3.237980e-06
3.233115e-06
3.228258e-06
3.223410e-06
3.218571e-06
3.213740e-06
3.208919e-06
3.204106e-06
3.199302e-06
3.194506e-06
3.189720e-06
3.184942e-06
3.180172e-06
3.175411e-06
3.170659e-06
3.165916e-06
3.161181e-06
3.156454e-06
3.151736e-06
3.147027e-06
3.142326e-06
3.137634e-06
3.132950e-06
3.128274e-06
3.123607e-06
3.118949e-06
3.114299e-06
3.109657e-06
3.105023e-06
3.100398e-06
3.095781e-06
3.091173e-06
3.086572e-06
3.081980e-06
3.077397e-06
3.072821e-06
3.068254e-06
3.063695e-06
3.059144e-06
3.054601e-06
3.050066e-06
3.045540e-06
3.041022e-06
3.036511e-06
3.032009e-06
3.027515e-06
3.023029e-06
3.018550e-06
3.014080e-06
3.009618e-06
3.005164e-06
3.000718e-06
2.996280e-06
2.991849e-06
2.987427e-06
2.983012e-06
2.978605e-06
2.974206e-06
2.969815e-06
2.965432e-06
2.961057e-06
2.956689e-06
2.952329e-06
2.947977e-06
2.943633e-06
2.939296e-06
2.934967e-06
2.930646e-06
2.926332e-06
2.922026e-06
2.917728e-06
2.913437e-06
2.909154e-06
2.904878e-06
2.900610e-06
2.896350e-06
2.892097e-06
2.887851e-06
2.883614e-06
2.879383e-06
2.875160e-06
2.870945e-06
2.866737e-06
2.862536e-06
2.858343e-06
2.854157e-06
2.849979e-06
2.845808e-06
2.841644e-06
2.837488e-06
2.833339e-06
2.829197e-06
2.825062e-06
2.820935e-06
2.816815e-06
2.812702e-06
2.808597e-06
2.804499e-06
2.800408e-06
2.796324e-06
2.792247e-06
2.788177e-06
2.784115e-06
2.780059e-06
2.776011e-06
2.771970e-06
2.767936e-06
2.763909e-06
2.759889e-06
2.755876e-06
2.751870e-06
2.747871e-06
2.743879e-06
2.739894e-06
2.735916e-06
2.731945e-06
2.727981e-06
2.724023e-06
2.720073e-06
2.716130e-06
2.712193e-06
2.708263e-06
2.704340e-06
2.700424e-06
2.696515e-06
2.692612e-06
2.688717e-06
2.684828e-06
2.680945e-06
2.677070e-06
2.673201e-06
2.669339e-06
2.665484e-06
2.661635e-06
2.657793e-06
2.653958e-06
2.650129e-06
2.646307e-06
2.642492e-06
2.638683e-06
2.634881e-06
2.631085e-06
2.627296e-06
2.623514e-06
2.619737e-06
2.615968e-06
2.612205e-06
2.608448e-06
2.604698e-06
2.600955e-06
2.597218e-06
2.593487e-06
2.589763e-06
2.586045e-06
2.582334e-06
2.578629e-06
2.574930e-06
2.571238e-06
2.567552e-06
2.563872e-06
2.560199e-06
2.556532e-06
2.552871e-06
2.549216e-06
2.545568e-06
2.541926e-06
2.538291e-06
2.534661e-06
2.531038e-06
2.527421e-06
2.523810e-06
2.520205e-06
2.516607e-06
2.513015e-06
2.509428e-06
2.505848e-06
2.502274e-06
2.498707e-06
2.495145e-06
2.491589e-06
2.488040e-06
2.484496e-06
2.480959e-06
2.477427e-06
2.473902e-06
2.470382e-06
2.466869e-06
2.463361e-06
2.459860e-06
2.456364e-06
2.452874e-06
2.449391e-06
2.445913e-06
2.442441e-06
2.438975e-06
2.435515e-06
2.432061e-06
2.428612e-06
2.425170e-06
2.421733e-06
2.418302e-06
2.414877e-06
2.411458e-06
2.408045e-06
2.404637e-06
2.401235e-06
2.397839e-06
2.394449e-06
2.391064e-06
2.387685e-06
2.384312e-06
2.380944e-06
2.377582e-06
2.374226e-06
2.370875e-06
2.367530e-06
2.364191e-06
2.360858e-06
2.357530e-06
2.354207e-06
2.350890e-06
2.347579e-06
2.344273e-06
2.340973e-06
2.337679e-06
2.334390e-06
2.331106e-06
2.327828e-06
2.324556e-06
2.321289e-06
2.318027e-06
2.314771e-06
2.311521e-06
2.308275e-06
2.305036e-06
2.301801e-06
2.298573e-06
2.295349e-06
2.292131e-06
2.288918e-06
2.285711e-06
2.282509e-06
2.279312e-06
2.276121e-06
2.272935e-06
2.269755e-06
2.266579e-06
2.263409e-06
2.260245e-06
2.257085e-06
2.253931e-06
2.250782e-06
2.247638e-06
2.244500e-06
2.241367e-06
2.238239e-06
2.235116e-06
2.231998e-06
2.228886e-06
2.225779e-06
2.222677e-06
2.219580e-06
2.216488e-06
2.213401e-06
2.210320e-06
2.207243e-06
2.204172e-06
2.201106e-06
2.198045e-06
2.194989e-06
2.191938e-06
2.188892e-06
2.185851e-06
2.182815e-06
2.179784e-06
2.176758e-06
2.173737e-06
2.170721e-06
2.167710e-06
2.164704e-06
2.161703e-06
2.158707e-06
2.155716e-06
2.152730e-06
2.149749e-06
2.146773e-06
2.143801e-06
2.140835e-06
2.137873e-06
2.134916e-06
2.131965e-06
2.129018e-06
2.126075e-06
2.123138e-06
2.120205e-06
2.117278e-06
2.114355e-06
2.111437e-06
2.108523e-06
2.105615e-06
2.102711e-06
2.099812e-06
2.096918e-06
2.094028e-06
2.091144e-06
2.088264e-06
2.085388e-06
2.082518e-06
2.079652e-06
2.076791e-06
2.073934e-06
2.071082e-06
2.068235e-06
2.065392e-06
2.062554e-06
2.059721e-06
2.056892e-06
2.054068e-06
2.051249e-06
2.048434e-06
2.045624e-06
2.042818e-06
2.040017e-06
2.037220e-06
2.034428e-06
2.031641e-06
2.028858e-06
2.026079e-06
2.023305e-06
2.020536e-06
2.017771e-06
2.015011e-06
2.012255e-06
2.009503e-06
2.006756e-06
2.004014e-06
2.001276e-06
1.998542e-06
1.995813e-06
1.993088e-06
1.990368e-06
1.987652e-06
1.984940e-06
1.982233e-06
1.979530e-06
1.976832e-06
1.974138e-06
1.971448e-06
1.968762e-06
1.966081e-06
1.963405e-06
1.960732e-06
1.958064e-06
1.955400e-06
1.952741e-06
1.950086e-06
1.947435e-06
1.944788e-06
1.942146e-06
1.939507e-06
1.936874e-06
1.934244e-06
1.931619e-06
1.928997e-06
1.926380e-06
1.923768e-06
1.921159e-06
1.918555e-06
1.915954e-06
1.913358e-06
1.910766e-06
1.908179e-06
1.905595e-06
1.903016e-06
1.900440e-06
1.897869e-06
1.895302e-06
1.892739e-06
1.890180e-06
1.887626e-06
1.885075e-06
1.882528e-06
1.879986e-06
1.877447e-06
1.874913e-06
1.872383e-06
1.869856e-06
1.867334e-06
1.864816e-06
1.862302e-06
1.859791e-06
1.857285e-06
1.854783e-06
1.852285e-06
1.849790e-06
1.847300e-06
1.844814e-06
1.842331e-06
1.839853e-06
1.837378e-06
1.834908e-06
1.832441e-06
1.829979e-06
1.827520e-06
1.825065e-06
1.822614e-06
1.820167e-06
1.817724e-06
1.815284e-06
1.812849e-06
1.810417e-06
1.807989e-06
1.805565e-06
1.803145e-06
1.800729e-06
1.798317e-06
1.795908e-06
1.793503e-06
1.791102e-06
1.788705e-06
1.786312e-06
1.783922e-06
1.781536e-06
1.779154e-06
1.776776e-06
1.774401e-06
1.772030e-06
1.769663e-06
1.767300e-06
1.764940e-06
1.762584e-06
1.760232e-06
1.757883e-06
1.755539e-06
1.753197e-06
1.750860e-06
1.748526e-06
1.746196e-06
1.743870e-06
1.741547e-06
1.739228e-06
1.736912e-06
1.734600e-06
1.732292e-06
1.729988e-06
1.727687e-06
1.725389e-06
1.723095e-06
1.720805e-06
1.718519e-06
1.716236e-06
1.713956e-06
1.711680e-06
1.709408e-06
1.707139e-06
1.704874e-06
1.702612e-06
1.700354e-06
1.698100e-06
1.695848e-06
1.693601e-06
1.691357e-06
1.689116e-06
1.686879e-06
1.684646e-06
1.682415e-06
1.680189e-06
1.677966e-06
1.675746e-06
1.673530e-06
1.671317e-06
1.669108e-06
1.666902e-06
1.664699e-06
1.662500e-06
1.660304e-06
1.658112e-06
1.655923e-06
1.653738e-06
1.651556e-06
1.649377e-06
1.647202e-06
1.645030e-06
1.642862e-06
1.640696e-06
1.638535e-06
1.636376e-06
1.634221e-06
1.632069e-06
1.629921e-06
1.627776e-06
1.625634e-06
1.623496e-06
1.621360e-06
1.619228e-06
1.617100e-06
1.614975e-06
1.612853e-06
1.610734e-06
1.608618e-06
1.606506e-06
1.604397e-06
1.602292e-06
1.600189e-06
1.598090e-06
1.595994e-06
1.593901e-06
1.591812e-06
1.589725e-06
1.587642e-06
1.585562e-06
1.583486e-06
1.581412e-06
1.579342e-06
1.577275e-06
1.575211e-06
1.573150e-06
1.571093e-06
1.569038e-06
1.566987e-06
1.564939e-06
1.562894e-06
1.560852e-06
1.558813e-06
1.556777e-06
1.554745e-06
1.552715e-06
1.550689e-06
1.548666e-06
1.546646e-06
1.544629e-06
1.542615e-06
1.540604e-06
1.538596e-06
1.536592e-06
1.534590e-06
1.532592e-06
1.530596e-06
1.528604e-06
1.526614e-06
1.524628e-06
1.522644e-06
1.520664e-06
1.518687e-06
1.516712e-06
1.514741e-06
1.512773e-06
1.510807e-06
1.508845e-06
1.506886e-06
1.504929e-06
1.502976e-06
1.501026e-06
1.499078e-06
1.497134e-06
1.495192e-06
1.493254e-06
1.491318e-06
1.489385e-06
1.487455e-06
1.485529e-06
1.483605e-06
1.481684e-06
1.479766e-06
1.477850e-06
1.475938e-06
1.474029e-06
1.472122e-06
1.470219e-06
1.468318e-06
1.466420e-06
1.464525e-06
1.462633e-06
1.460744e-06
1.458857e-06
1.456974e-06
1.455093e-06
1.453215e-06
1.451340e-06
1.449468e-06
1.447598e-06
1.445732e-06
1.443868e-06
1.442007e-06
1.440149e-06
1.438294e-06
1.436441e-06
1.434591e-06
1.432744e-06
1.430900e-06
1.429059e-06
1.427220e-06
1.425384e-06
1.423551e-06
1.421720e-06
1.419893e-06
1.418068e-06
1.416246e-06
1.414426e-06
1.412610e-06
1.410796e-06
1.408984e-06
1.407176e-06
1.405370e-06
1.403567e-06
1.401766e-06
1.399969e-06
1.398174e-06
1.396381e-06
1.394592e-06
1.392805e-06
1.391020e-06
1.389239e-06
1.387460e-06
1.385683e-06
1.383910e-06
1.382139e-06
1.380370e-06
1.378605e-06
1.376841e-06
1.375081e-06
1.373323e-06
1.371568e-06
1.369815e-06
1.368065e-06
1.366318e-06
1.364573e-06
1.362831e-06
1.361091e-06
1.359354e-06
1.357620e-06
1.355888e-06
1.354159e-06
1.352432e-06
1.350708e-06
1.348986e-06
1.347267e-06
1.345551e-06
1.343837e-06
1.342125e-06
1.340416e-06
1.338710e-06
1.337006e-06
1.335305e-06
1.333606e-06
1.331910e-06
1.330216e-06
1.328525e-06
1.326836e-06
1.325150e-06
1.323467e-06
1.321785e-06
1.320107e-06
1.318430e-06
1.316757e-06
1.315085e-06
1.313416e-06
1.311750e-06
1.310086e-06
1.308425e-06
1.306766e-06
1.305109e-06
1.303455e-06
1.301803e-06
1.300154e-06
1.298507e-06
1.296863e-06
1.295221e-06
1.293581e-06
1.291944e-06
1.290309e-06
1.288677e-06
1.287047e-06
1.285420e-06
1.283794e-06
1.282172e-06
1.280551e-06
1.278933e-06
1.277318e-06
1.275705e-06
1.274094e-06
1.272485e-06
1.270879e-06
1.269275e-06
1.267674e-06
1.266075e-06
1.264478e-06
1.262883e-06
1.261291e-06
1.259702e-06
1.258114e-06
1.256529e-06
1.254946e-06
1.253366e-06
1.251788e-06
1.250212e-06
1.248638e-06
1.247067e-06
1.245498e-06
1.243931e-06
1.242367e-06
1.240805e-06
1.239245e-06
1.237688e-06
1.236132e-06
1.234579e-06
1.233028e-06
1.231480e-06
1.229934e-06
1.228390e-06
1.226848e-06
1.225309e-06
1.223771e-06
1.222236e-06
1.220704e-06
1.219173e-06
1.217645e-06
1.216119e-06
1.214595e-06
1.213073e-06
1.211553e-06
1.210036e-06
1.208521e-06
1.207008e-06
1.205498e-06
1.203989e-06
1.202483e-06
1.200979e-06
1.199477e-06
1.197977e-06
1.196479e-06
1.194984e-06
1.193491e-06
1.192000e-06
1.190511e-06
1.189024e-06
1.187539e-06
1.186057e-06
1.184577e-06
1.183098e-06
1.181622e-06
1.180148e-06
1.178676e-06
1.177207e-06
1.175739e-06
1.174274e-06
1.172810e-06
1.171349e-06
1.169890e-06
1.168433e-06
1.166978e-06
1.165525e-06
1.164075e-06
1.162626e-06
1.161179e-06
1.159735e-06
1.158292e-06
1.156852e-06
1.155414e-06
1.153978e-06
1.152544e-06
1.151111e-06
1.149681e-06
1.148253e-06
1.146828e-06
1.145404e-06
1.143982e-06
1.142562e-06
1.141144e-06
1.139729e-06
1.138315e-06
1.136903e-06
1.135494e-06
1.134086e-06
1.132680e-06
1.131277e-06
1.129875e-06
1.128476e-06
1.127078e-06
1.125683e-06
1.124289e-06
1.122897e-06
1.121508e-06
1.120120e-06
1.118734e-06
1.117351e-06
1.115969e-06
1.114589e-06
1.113212e-06
1.111836e-06
1.110462e-06
1.109090e-06
1.107720e-06
1.106352e-06
1.104986e-06
1.103622e-06
1.102260e-06
1.100900e-06
1.099542e-06
1.098185e-06
1.096831e-06
1.095478e-06
1.094128e-06
1.092779e-06
1.091433e-06
1.090088e-06
1.088745e-06
1.087404e-06
1.086065e-06
1.084728e-06
1.083392e-06
1.082059e-06
1.080728e-06
1.079398e-06
1.078070e-06
1.076744e-06
1.075420e-06
1.074098e-06
1.072778e-06
1.071460e-06
1.070143e-06
1.068829e-06
1.067516e-06
1.066205e-06
1.064896e-06
1.063589e-06
1.062283e-06
1.060980e-06
1.059678e-06
1.058378e-06
1.057080e-06
1.055784e-06
1.054490e-06
1.053197e-06
1.051907e-06
1.050618e-06
1.049331e-06
1.048045e-06
1.046762e-06
1.045480e-06
1.044201e-06
1.042923e-06
1.041646e-06
1.040372e-06
1.039099e-06
1.037828e-06
1.036559e-06
1.035292e-06
1.034027e-06
1.032763e-06
1.031501e-06
1.030241e-06
1.028982e-06
1.027726e-06
1.026471e-06
1.025218e-06
1.023966e-06
1.022717e-06
1.021469e-06
1.020223e-06
1.018979e-06
1.017736e-06
1.016495e-06
1.015256e-06
1.014019e-06
1.012783e-06
1.011549e-06
1.010317e-06
1.009086e-06
1.007857e-06
1.006630e-06
1.005405e-06
1.004181e-06
1.002959e-06
1.001739e-06
1.000521e-06
9.993040e-07
9.980888e-07
9.968754e-07
9.956637e-07
9.944537e-07
9.932453e-07
9.920387e-07
9.908337e-07
9.896304e-07
9.884287e-07
9.872288e-07
9.860305e-07
9.848339e-07
9.836389e-07
9.824456e-07
9.812540e-07
9.800640e-07
9.788757e-07
9.776890e-07
9.765040e-07
9.753206e-07
9.741388e-07
9.729587e-07
9.717803e-07
9.706035e-07
9.694283e-07
9.682547e-07
9.670828e-07
9.659125e-07
9.647438e-07
9.635767e-07
9.624112e-07
9.612474e-07
9.600852e-07
9.589245e-07
9.577655e-07
9.566081e-07
9.554523e-07
9.542981e-07
9.531455e-07
9.519944e-07
