3.801255e+00
3.026027e+00
2.117214e+00
1.492564e+00
1.089465e+00
8.439635e-01
7.329880e-01
6.405693e-01
5.554480e-01
4.969015e-01
4.426513e-01
4.050993e-01
3.810568e-01
3.601870e-01
3.393739e-01
3.223781e-01
3.076277e-01
2.954944e-01
2.835971e-01
2.720371e-01
2.615874e-01
2.523308e-01
2.437585e-01
2.355593e-01
2.278221e-01
2.206715e-01
2.140366e-01
2.077696e-01
2.018120e-01
1.961841e-01
1.908869e-01
1.858749e-01
1.811023e-01
1.765531e-01
1.722243e-01
1.681024e-01
1.641655e-01
1.603961e-01
1.567855e-01
1.533264e-01
1.500092e-01
1.468796e-01
1.438707e-01
1.409754e-01
1.381859e-01
1.354956e-01
1.328992e-01
1.303919e-01
1.279690e-01
1.256259e-01
1.233583e-01
1.211624e-01
1.190347e-01
1.169721e-01
1.149715e-01
1.130298e-01
1.111443e-01
1.093126e-01
1.075322e-01
1.058009e-01
1.041168e-01
1.024777e-01
1.008818e-01
9.934032e-02
9.786066e-02
9.641772e-02
9.501008e-02
9.363639e-02
9.229542e-02
9.098595e-02
8.970686e-02
8.845705e-02
8.723550e-02
8.604122e-02
8.487328e-02
8.373079e-02
8.261290e-02
8.151881e-02
8.044775e-02
7.939897e-02
7.837178e-02
7.736549e-02
7.637948e-02
7.541313e-02
7.446584e-02
7.353707e-02
7.262626e-02
7.173291e-02
7.086464e-02
7.002292e-02
6.919651e-02
6.838499e-02
6.758797e-02
6.680505e-02
6.603586e-02
6.528004e-02
6.453725e-02
6.380715e-02
6.308941e-02
6.238372e-02
6.168977e-02
6.100728e-02
6.033597e-02
5.967556e-02
5.902580e-02
5.838644e-02
5.775723e-02
5.713794e-02
5.652836e-02
5.592825e-02
5.533742e-02
5.475565e-02
5.418275e-02
5.361852e-02
5.306276e-02
5.251531e-02
5.197597e-02
5.144457e-02
5.092094e-02
5.040491e-02
4.989632e-02
4.939623e-02
4.891022e-02
4.843092e-02
4.795821e-02
4.749195e-02
4.703202e-02
4.657831e-02
4.613069e-02
4.568905e-02
4.525328e-02
4.482327e-02
4.439891e-02
4.398009e-02
4.356671e-02
4.315868e-02
4.275588e-02
4.235823e-02
4.196563e-02
4.157800e-02
4.119524e-02
4.081728e-02
4.044402e-02
4.007539e-02
3.971132e-02
3.935171e-02
3.899650e-02
3.864561e-02
3.829897e-02
3.795651e-02
3.761816e-02
3.728384e-02
3.695350e-02
3.662706e-02
3.630446e-02
3.598565e-02
3.567056e-02
3.535912e-02
3.505129e-02
3.474701e-02
3.444621e-02
3.414886e-02
3.385488e-02
3.356424e-02
3.327687e-02
3.299273e-02
3.271178e-02
3.243395e-02
3.215920e-02
3.188749e-02
3.161878e-02
3.135301e-02
3.109014e-02
3.083014e-02
3.057295e-02
3.031854e-02
3.006687e-02
2.981789e-02
2.957158e-02
2.932788e-02
2.908677e-02
2.884821e-02
2.861216e-02
2.837858e-02
2.814744e-02
2.791871e-02
2.769236e-02
2.746834e-02
2.724663e-02
2.702720e-02
2.681002e-02
2.659505e-02
2.638227e-02
2.617164e-02
2.596314e-02
2.575674e-02
2.555241e-02
2.535012e-02
2.514985e-02
2.495157e-02
2.475525e-02
2.456088e-02
2.436841e-02
2.417784e-02
2.398913e-02
2.380225e-02
2.361720e-02
2.343394e-02
2.325245e-02
2.307271e-02
2.289470e-02
2.271839e-02
2.254377e-02
2.237081e-02
2.219949e-02
2.202980e-02
2.186171e-02
2.169520e-02
2.153025e-02
2.136685e-02
2.120497e-02
2.104460e-02
2.088572e-02
2.072831e-02
2.057236e-02
2.041784e-02
2.026474e-02
2.011305e-02
1.996274e-02
1.981380e-02
1.966622e-02
1.951997e-02
1.937504e-02
1.923143e-02
1.908910e-02
1.894806e-02
1.880827e-02
1.866974e-02
1.853244e-02
1.839636e-02
1.826148e-02
1.812780e-02
1.799530e-02
1.786396e-02
1.773378e-02
1.760474e-02
1.747682e-02
1.735003e-02
1.722433e-02
1.709973e-02
1.697620e-02
1.685374e-02
1.673234e-02
1.661198e-02
1.649265e-02
1.637435e-02
1.625706e-02
1.614076e-02
1.602546e-02
1.591113e-02
1.579778e-02
1.568538e-02
1.557393e-02
1.546341e-02
1.535383e-02
1.524516e-02
1.513740e-02
1.503054e-02
1.492457e-02
1.481949e-02
1.471527e-02
1.461192e-02
1.450942e-02
1.440776e-02
1.430694e-02
1.420695e-02
1.410778e-02
1.400942e-02
1.391186e-02
1.381510e-02
1.371913e-02
1.362393e-02
1.352950e-02
1.343584e-02
1.334294e-02
1.325078e-02
1.315936e-02
1.306868e-02
1.297873e-02
1.288949e-02
1.280097e-02
1.271315e-02
1.262603e-02
1.253960e-02
1.245386e-02
1.236879e-02
1.228440e-02
1.220067e-02
1.211760e-02
1.203519e-02
1.195342e-02
1.187229e-02
1.179179e-02
1.171193e-02
1.163268e-02
1.155405e-02
1.147603e-02
1.139862e-02
1.132181e-02
1.124559e-02
1.116995e-02
1.109490e-02
1.102043e-02
1.094653e-02
1.087320e-02
1.080042e-02
1.072820e-02
1.065654e-02
1.058542e-02
1.051484e-02
1.044479e-02
1.037528e-02
1.030630e-02
1.023783e-02
1.016988e-02
1.010245e-02
1.003552e-02
9.969092e-03
9.903165e-03
9.837732e-03
9.772788e-03
9.708329e-03
9.644352e-03
9.580850e-03
9.517822e-03
9.455261e-03
9.393165e-03
9.331528e-03
9.270347e-03
9.209619e-03
9.149338e-03
9.089501e-03
9.030104e-03
8.971144e-03
8.912617e-03
8.854518e-03
8.796844e-03
8.739592e-03
8.682757e-03
8.626337e-03
8.570327e-03
8.514724e-03
8.459525e-03
8.404726e-03
8.350324e-03
8.296316e-03
8.242697e-03
8.189466e-03
8.136617e-03
8.084149e-03
8.032058e-03
7.980341e-03
7.928995e-03
7.878016e-03
7.827402e-03
7.777149e-03
7.727255e-03
7.677716e-03
7.628530e-03
7.579694e-03
7.531204e-03
7.483058e-03
7.435253e-03
7.387786e-03
7.340655e-03
7.293857e-03
7.247388e-03
7.201247e-03
7.155430e-03
7.109935e-03
7.064760e-03
7.019901e-03
6.975357e-03
6.931124e-03
6.887200e-03
6.843583e-03
6.800270e-03
6.757258e-03
6.714546e-03
6.672131e-03
6.630010e-03
6.588181e-03
6.546642e-03
6.505391e-03
6.464425e-03
6.423741e-03
6.383339e-03
6.343215e-03
6.303367e-03
6.263793e-03
6.224491e-03
6.185459e-03
6.146694e-03
6.108195e-03
6.069960e-03
6.031986e-03
5.994271e-03
5.956814e-03
5.919612e-03
5.882663e-03
5.845966e-03
5.809518e-03
5.773318e-03
5.737363e-03
5.701652e-03
5.666183e-03
5.630954e-03
5.595963e-03
5.561208e-03
5.526688e-03
5.492400e-03
5.458343e-03
5.424516e-03
5.390915e-03
5.357541e-03
5.324390e-03
5.291461e-03
5.258754e-03
5.226265e-03
5.193993e-03
5.161936e-03
5.130094e-03
5.098464e-03
5.067045e-03
5.035835e-03
5.004833e-03
4.974036e-03
4.943444e-03
4.913055e-03
4.882868e-03
4.852880e-03
4.823091e-03
4.793499e-03
4.764103e-03
4.734900e-03
4.705890e-03
4.677072e-03
4.648443e-03
4.620003e-03
4.591749e-03
4.563681e-03
4.535798e-03
4.508097e-03
4.480578e-03
4.453239e-03
4.426080e-03
4.399097e-03
4.372291e-03
4.345660e-03
4.319203e-03
4.292919e-03
4.266805e-03
4.240862e-03
4.215087e-03
4.189480e-03
4.164039e-03
4.138764e-03
4.113652e-03
4.088703e-03
4.063916e-03
4.039289e-03
4.014821e-03
3.990512e-03
3.966359e-03
3.942362e-03
3.918520e-03
3.894832e-03
3.871297e-03
3.847912e-03
3.824678e-03
3.801594e-03
3.778658e-03
3.755869e-03
3.733226e-03
3.710728e-03
3.688375e-03
3.666164e-03
3.644096e-03
3.622168e-03
3.600381e-03
3.578733e-03
3.557223e-03
3.535850e-03
3.514613e-03
3.493511e-03
3.472544e-03
3.451710e-03
3.431009e-03
3.410439e-03
3.389999e-03
3.369689e-03
3.349508e-03
3.329455e-03
3.309529e-03
3.289729e-03
3.270054e-03
3.250504e-03
3.231077e-03
3.211773e-03
3.192590e-03
3.173528e-03
3.154587e-03
3.135765e-03
3.117061e-03
3.098475e-03
3.080006e-03
3.061653e-03
3.043415e-03
3.025292e-03
3.007282e-03
2.989385e-03
2.971600e-03
2.953927e-03
2.936364e-03
2.918912e-03
2.901568e-03
2.884333e-03
2.867205e-03
2.850184e-03
2.833270e-03
2.816460e-03
2.799756e-03
2.783156e-03
2.766659e-03
2.750264e-03
2.733972e-03
2.717781e-03
2.701690e-03
2.685699e-03
2.669808e-03
2.654015e-03
2.638320e-03
2.622722e-03
2.607221e-03
2.591816e-03
2.576506e-03
2.561291e-03
2.546169e-03
2.531142e-03
2.516207e-03
2.501364e-03
2.486613e-03
2.471952e-03
2.457382e-03
2.442902e-03
2.428511e-03
2.414209e-03
2.399994e-03
2.385867e-03
2.371827e-03
2.357872e-03
2.344004e-03
2.330221e-03
2.316522e-03
2.302907e-03
2.289376e-03
2.275927e-03
2.262561e-03
2.249277e-03
2.236074e-03
2.222951e-03
2.209909e-03
2.196947e-03
2.184063e-03
2.171259e-03
2.158532e-03
2.145883e-03
2.133311e-03
2.120816e-03
2.108397e-03
2.096053e-03
2.083785e-03
2.071591e-03
2.059472e-03
2.047426e-03
2.035453e-03
2.023553e-03
2.011725e-03
1.999969e-03
1.988284e-03
1.976670e-03
1.965127e-03
1.953653e-03
1.942249e-03
1.930914e-03
1.919648e-03
1.908449e-03
1.897319e-03
1.886255e-03
1.875259e-03
1.864329e-03
1.853464e-03
1.842666e-03
1.831933e-03
1.821264e-03
1.810659e-03
1.800119e-03
1.789642e-03
1.779228e-03
1.768877e-03
1.758588e-03
1.748361e-03
1.738195e-03
1.728091e-03
1.718047e-03
1.708064e-03
1.698140e-03
1.688276e-03
1.678472e-03
1.668726e-03
1.659038e-03
1.649409e-03
1.639837e-03
1.630323e-03
1.620865e-03
1.611464e-03
1.602120e-03
1.592831e-03
1.583598e-03
1.574420e-03
1.565297e-03
1.556228e-03
1.547214e-03
1.538253e-03
1.529346e-03
1.520492e-03
1.511690e-03
1.502942e-03
1.494245e-03
1.485600e-03
1.477007e-03
1.468465e-03
1.459973e-03
1.451532e-03
1.443142e-03
1.434801e-03
1.426510e-03
1.418268e-03
1.410075e-03
1.401931e-03
1.393835e-03
1.385787e-03
1.377787e-03
1.369835e-03
1.361929e-03
1.354071e-03
1.346259e-03
1.338493e-03
1.330773e-03
1.323100e-03
1.315471e-03
1.307888e-03
1.300349e-03
1.292855e-03
1.285406e-03
1.278000e-03
1.270638e-03
1.263320e-03
1.256045e-03
1.248813e-03
1.241624e-03
1.234477e-03
1.227372e-03
1.220309e-03
1.213288e-03
1.206308e-03
1.199369e-03
1.192472e-03
1.185614e-03
1.178798e-03
1.172021e-03
1.165284e-03
1.158587e-03
1.151930e-03
1.145311e-03
1.138731e-03
1.132191e-03
1.125688e-03
1.119224e-03
1.112798e-03
1.106409e-03
1.100058e-03
1.093744e-03
1.087468e-03
1.081228e-03
1.075025e-03
1.068858e-03
1.062727e-03
1.056632e-03
1.050573e-03
1.044550e-03
1.038562e-03
1.032608e-03
1.026690e-03
1.020806e-03
1.014957e-03
1.009142e-03
1.003361e-03
9.976140e-04
9.919005e-04
9.862203e-04
9.805734e-04
9.749594e-04
9.693782e-04
9.638297e-04
9.583135e-04
9.528295e-04
9.473776e-04
9.419574e-04
9.365689e-04
9.312119e-04
9.258860e-04
9.205913e-04
9.153273e-04
9.100941e-04
9.048914e-04
8.997190e-04
8.945767e-04
8.894643e-04
8.843817e-04
8.793288e-04
8.743052e-04
8.693108e-04
8.643455e-04
8.594091e-04
8.545014e-04
8.496222e-04
8.447714e-04
8.399488e-04
8.351542e-04
8.303875e-04
8.256485e-04
8.209370e-04
8.162528e-04
8.115958e-04
8.069659e-04
8.023628e-04
7.977865e-04
7.932367e-04
7.887132e-04
7.842161e-04
7.797449e-04
7.752997e-04
7.708803e-04
7.664865e-04
7.621181e-04
7.577751e-04
7.534572e-04
7.491643e-04
7.448962e-04
7.406529e-04
7.364341e-04
7.322397e-04
7.280696e-04
7.239237e-04
7.198017e-04
7.157035e-04
7.116291e-04
7.075781e-04
7.035506e-04
6.995464e-04
6.955653e-04
6.916073e-04
6.876720e-04
6.837595e-04
6.798696e-04
6.760022e-04
6.721571e-04
6.683341e-04
6.645333e-04
6.607543e-04
6.569972e-04
6.532617e-04
6.495478e-04
6.458553e-04
6.421841e-04
6.385340e-04
6.349050e-04
6.312969e-04
6.277095e-04
6.241429e-04
6.205968e-04
6.170711e-04
6.135657e-04
6.100805e-04
6.066154e-04
6.031702e-04
5.997448e-04
5.963391e-04
5.929531e-04
5.895865e-04
5.862392e-04
5.829113e-04
5.796024e-04
5.763126e-04
5.730417e-04
5.697896e-04
5.665562e-04
5.633414e-04
5.601450e-04
5.569670e-04
5.538072e-04
5.506656e-04
5.475421e-04
5.444365e-04
5.413487e-04
5.382786e-04
5.352261e-04
5.321912e-04
5.291737e-04
5.261735e-04
5.231904e-04
5.202246e-04
5.172757e-04
5.143437e-04
5.114285e-04
5.085301e-04
5.056482e-04
5.027829e-04
4.999340e-04
4.971014e-04
4.942851e-04
4.914849e-04
4.887007e-04
4.859324e-04
4.831801e-04
4.804434e-04
4.777225e-04
4.750171e-04
4.723272e-04
4.696527e-04
4.669935e-04
4.643496e-04
4.617207e-04
4.591069e-04
4.565080e-04
4.539240e-04
4.513548e-04
4.488003e-04
4.462603e-04
4.437349e-04
4.412240e-04
4.387273e-04
4.362450e-04
4.337768e-04
4.313227e-04
4.288827e-04
4.264566e-04
4.240443e-04
4.216459e-04
4.192611e-04
4.168899e-04
4.145323e-04
4.121881e-04
4.098574e-04
4.075399e-04
4.052356e-04
4.029445e-04
4.006665e-04
3.984015e-04
3.961493e-04
3.939101e-04
3.916836e-04
3.894698e-04
3.872686e-04
3.850800e-04
3.829038e-04
3.807401e-04
3.785887e-04
3.764496e-04
3.743226e-04
3.722078e-04
3.701050e-04
3.680142e-04
3.659353e-04
3.638683e-04
3.618130e-04
3.597694e-04
3.577375e-04
3.557172e-04
3.537083e-04
3.517109e-04
3.497248e-04
3.477501e-04
3.457866e-04
3.438343e-04
3.418931e-04
3.399629e-04
3.380437e-04
3.361355e-04
3.342381e-04
3.323515e-04
3.304756e-04
3.286104e-04
3.267558e-04
3.249117e-04
3.230781e-04
3.212550e-04
3.194422e-04
3.176397e-04
3.158475e-04
3.140655e-04
3.122935e-04
3.105317e-04
3.087799e-04
3.070380e-04
3.053060e-04
3.035839e-04
3.018715e-04
3.001689e-04
2.984759e-04
2.967925e-04
2.951188e-04
2.934545e-04
2.917996e-04
2.901542e-04
2.885181e-04
2.868913e-04
2.852737e-04
2.836653e-04
2.820661e-04
2.804759e-04
2.788947e-04
2.773225e-04
2.757593e-04
2.742049e-04
2.726593e-04
2.711225e-04
2.695944e-04
2.680749e-04
2.665641e-04
2.650619e-04
2.635682e-04
2.620829e-04
2.606061e-04
2.591376e-04
2.576775e-04
2.562256e-04
2.547820e-04
2.533466e-04
2.519193e-04
2.505000e-04
2.490889e-04
2.476857e-04
2.462905e-04
2.449031e-04
2.435237e-04
2.421520e-04
2.407881e-04
2.394320e-04
2.380835e-04
2.367427e-04
2.354094e-04
2.340838e-04
2.327656e-04
2.314549e-04
2.301516e-04
2.288556e-04
2.275671e-04
2.262858e-04
2.250118e-04
2.237449e-04
2.224853e-04
2.212328e-04
2.199873e-04
2.187489e-04
2.175176e-04
2.162932e-04
2.150757e-04
2.138651e-04
2.126613e-04
2.114644e-04
2.102742e-04
2.090908e-04
2.079141e-04
2.067440e-04
2.055805e-04
2.044237e-04
2.032733e-04
2.021295e-04
2.009921e-04
1.998612e-04
1.987366e-04
1.976184e-04
1.965066e-04
1.954010e-04
1.943017e-04
1.932086e-04
1.921216e-04
1.910408e-04
1.899661e-04
1.888975e-04
1.878350e-04
1.867784e-04
1.857278e-04
1.846831e-04
1.836444e-04
1.826115e-04
1.815844e-04
1.805632e-04
1.795477e-04
1.785379e-04
1.775339e-04
1.765355e-04
1.755428e-04
1.745556e-04
1.735741e-04
1.725981e-04
1.716275e-04
1.706625e-04
1.697029e-04
1.687488e-04
1.678000e-04
1.668566e-04
1.659185e-04
1.649857e-04
1.640582e-04
1.631359e-04
1.622188e-04
1.613069e-04
1.604001e-04
1.594985e-04
1.586019e-04
1.577104e-04
1.568240e-04
1.559425e-04
1.550660e-04
1.541945e-04
1.533278e-04
1.524661e-04
1.516092e-04
1.507572e-04
1.499099e-04
1.490674e-04
1.482297e-04
1.473967e-04
1.465685e-04
1.457448e-04
1.449259e-04
1.441115e-04
1.433018e-04
1.424966e-04
1.416959e-04
1.408998e-04
1.401081e-04
1.393209e-04
1.385382e-04
1.377598e-04
1.369859e-04
1.362163e-04
1.354510e-04
1.346901e-04
1.339335e-04
1.331811e-04
1.324329e-04
1.316890e-04
1.309493e-04
1.302137e-04
1.294823e-04
1.287550e-04
1.280318e-04
1.273127e-04
1.265976e-04
1.258866e-04
1.251795e-04
1.244765e-04
1.237774e-04
1.230822e-04
1.223910e-04
1.217036e-04
1.210202e-04
1.203405e-04
1.196647e-04
1.189928e-04
1.183245e-04
1.176601e-04
1.169994e-04
1.163424e-04
1.156891e-04
1.150396e-04
1.143936e-04
1.137513e-04
1.131126e-04
1.124775e-04
1.118460e-04
1.112181e-04
1.105936e-04
1.099727e-04
1.093553e-04
1.087414e-04
1.081309e-04
1.075238e-04
1.069202e-04
1.063200e-04
1.057231e-04
1.051296e-04
1.045395e-04
1.039527e-04
1.033691e-04
1.027889e-04
1.022119e-04
1.016382e-04
1.010677e-04
1.005004e-04
9.993628e-05
