7.200894e-01
5.756126e-01
3.947184e-01
3.418281e-01
2.733981e-01
2.450641e-01
2.072555e-01
1.908512e-01
1.663109e-01
1.556789e-01
1.381746e-01
1.306077e-01
1.173342e-01
1.115967e-01
1.011088e-01
9.658912e-02
8.806091e-02
8.442254e-02
7.733973e-02
7.437495e-02
6.839458e-02
6.596192e-02
6.084322e-02
5.883928e-02
5.440680e-02
5.275252e-02
4.887488e-02
4.750828e-02
4.408502e-02
4.295674e-02
3.990982e-02
3.898022e-02
3.624811e-02
3.548514e-02
3.301876e-02
3.239634e-02
3.015612e-02
2.965295e-02
2.760664e-02
2.720522e-02
2.532632e-02
2.501219e-02
2.327870e-02
2.303986e-02
2.143344e-02
2.125985e-02
1.976503e-02
1.964827e-02
1.825197e-02
1.818491e-02
1.687599e-02
1.685256e-02
1.562147e-02
1.563650e-02
1.447503e-02
1.452407e-02
1.342510e-02
1.350429e-02
1.246167e-02
1.256766e-02
1.157601e-02
1.170587e-02
1.076048e-02
1.091164e-02
1.000839e-02
1.017859e-02
9.313836e-03
9.501067e-03
8.671586e-03
8.874063e-03
8.077006e-03
8.293136e-03
7.525965e-03
7.754319e-03
7.014772e-03
7.254066e-03
6.540118e-03
6.789195e-03
6.099029e-03
6.356841e-03
5.688826e-03
5.954422e-03
5.307084e-03
5.579601e-03
4.951609e-03
5.230260e-03
4.620406e-03
4.904473e-03
4.311661e-03
4.600486e-03
4.023717e-03
4.316699e-03
3.755061e-03
4.051646e-03
3.504306e-03
3.803988e-03
3.270180e-03
3.572492e-03
3.051512e-03
3.356025e-03
2.847228e-03
3.153545e-03
2.656333e-03
2.964091e-03
2.520514e-03
2.786774e-03
2.393137e-03
2.620773e-03
2.273574e-03
2.465329e-03
2.161308e-03
2.319737e-03
2.055860e-03
2.183344e-03
1.956784e-03
2.055544e-03
1.863667e-03
1.935772e-03
1.776121e-03
1.823505e-03
1.693790e-03
1.719198e-03
1.616338e-03
1.658607e-03
1.543455e-03
1.601282e-03
1.474849e-03
1.547025e-03
1.410250e-03
1.495647e-03
1.349405e-03
1.446971e-03
1.292076e-03
1.400834e-03
1.238045e-03
1.357081e-03
1.191731e-03
1.315568e-03
1.163841e-03
1.276160e-03
1.137149e-03
1.238729e-03
1.111588e-03
1.203157e-03
1.087095e-03
1.169333e-03
1.063610e-03
1.137153e-03
1.041078e-03
1.106518e-03
1.019447e-03
1.077338e-03
9.986659e-04
1.049526e-03
9.786888e-04
1.023001e-03
9.594716e-04
9.976889e-04
9.409730e-04
9.735181e-04
9.231540e-04
9.504222e-04
9.059780e-04
9.283390e-04
8.894106e-04
9.072099e-04
8.734194e-04
8.869802e-04
8.579738e-04
8.675985e-04
8.430451e-04
8.490163e-04
8.286064e-04
8.311885e-04
8.146323e-04
8.140725e-04
8.010989e-04
7.976284e-04
7.879836e-04
7.818187e-04
7.752655e-04
7.666083e-04
7.629245e-04
7.519642e-04
7.509420e-04
7.378553e-04
7.393003e-04
7.242525e-04
7.279829e-04
7.111286e-04
7.169741e-04
6.984577e-04
7.062593e-04
6.862159e-04
6.958247e-04
6.743804e-04
6.856571e-04
6.629300e-04
6.757445e-04
6.518446e-04
6.660751e-04
6.411054e-04
6.566381e-04
6.306948e-04
6.474233e-04
6.205962e-04
6.384210e-04
6.107939e-04
6.296221e-04
6.012733e-04
6.210179e-04
5.920204e-04
6.126004e-04
5.830224e-04
6.043620e-04
5.742670e-04
5.962954e-04
5.657428e-04
5.883938e-04
5.574388e-04
5.806507e-04
5.493448e-04
5.730602e-04
5.414514e-04
5.656164e-04
5.337494e-04
5.583140e-04
5.262304e-04
5.511478e-04
5.193295e-04
5.441129e-04
5.141238e-04
5.372048e-04
5.089325e-04
5.304191e-04
5.037583e-04
5.237517e-04
4.986035e-04
5.171987e-04
4.934705e-04
5.107564e-04
4.883612e-04
5.044213e-04
4.832777e-04
4.981901e-04
4.782216e-04
4.920596e-04
4.731945e-04
4.860268e-04
4.681979e-04
4.800889e-04
4.632331e-04
4.742432e-04
4.583014e-04
4.684870e-04
4.534038e-04
4.628180e-04
4.485413e-04
4.572339e-04
4.437148e-04
4.517323e-04
4.389252e-04
4.463112e-04
4.341730e-04
4.409685e-04
4.294591e-04
4.357023e-04
4.247839e-04
4.305109e-04
4.201480e-04
4.253923e-04
4.155517e-04
4.203450e-04
4.109955e-04
4.153672e-04
4.064797e-04
4.104576e-04
4.020045e-04
4.056145e-04
3.975701e-04
4.008366e-04
3.931768e-04
3.961226e-04
3.888246e-04
3.914710e-04
3.845136e-04
3.868807e-04
3.802440e-04
3.823504e-04
3.760157e-04
3.778790e-04
3.718286e-04
3.734653e-04
3.676829e-04
3.691083e-04
3.635784e-04
3.648070e-04
3.595149e-04
3.605603e-04
3.554925e-04
3.563672e-04
3.515110e-04
3.522269e-04
3.475702e-04
3.481384e-04
3.436699e-04
3.441009e-04
3.398100e-04
3.401134e-04
3.359903e-04
3.361752e-04
3.322105e-04
3.322855e-04
3.284704e-04
3.284435e-04
3.247698e-04
3.246485e-04
3.211085e-04
3.208996e-04
3.174861e-04
3.171963e-04
3.139024e-04
3.135378e-04
3.103571e-04
3.099235e-04
3.068500e-04
3.063526e-04
3.033807e-04
3.028247e-04
2.999490e-04
2.993389e-04
2.965545e-04
2.958948e-04
2.931970e-04
2.924917e-04
2.898761e-04
2.891291e-04
2.865915e-04
2.858064e-04
2.833429e-04
2.825231e-04
2.801301e-04
2.792786e-04
2.769526e-04
2.760723e-04
2.738101e-04
2.729039e-04
2.707023e-04
2.697727e-04
2.676290e-04
2.666782e-04
2.645897e-04
2.636201e-04
2.615842e-04
2.605978e-04
2.586121e-04
2.576108e-04
2.556730e-04
2.546587e-04
2.527668e-04
2.517411e-04
2.498930e-04
2.488574e-04
2.470513e-04
2.460074e-04
2.442413e-04
2.431905e-04
2.414629e-04
2.404063e-04
2.387156e-04
2.376544e-04
2.359991e-04
2.349344e-04
2.333132e-04
2.322460e-04
2.306574e-04
2.295887e-04
2.280315e-04
2.269622e-04
2.254352e-04
2.243660e-04
2.228681e-04
2.217998e-04
2.203299e-04
2.192632e-04
2.178204e-04
2.167560e-04
2.153392e-04
2.142776e-04
2.128861e-04
2.118278e-04
2.104606e-04
2.094063e-04
2.080626e-04
2.070126e-04
2.056917e-04
2.046465e-04
2.033476e-04
2.023076e-04
2.010301e-04
1.999956e-04
1.987388e-04
1.977102e-04
1.964735e-04
1.954511e-04
1.942338e-04
1.932179e-04
1.920196e-04
1.910103e-04
1.898304e-04
1.888281e-04
1.876662e-04
1.866710e-04
1.855264e-04
1.845386e-04
1.834110e-04
1.824306e-04
1.813196e-04
1.803468e-04
1.792519e-04
1.782870e-04
1.772077e-04
1.762507e-04
1.751868e-04
1.742378e-04
1.731888e-04
1.722479e-04
1.712136e-04
1.702808e-04
1.692608e-04
1.683363e-04
1.673302e-04
1.664140e-04
1.654216e-04
1.645137e-04
1.635347e-04
1.626352e-04
1.616693e-04
1.607782e-04
1.598251e-04
1.589424e-04
1.580019e-04
1.571276e-04
1.561994e-04
1.553336e-04
1.544175e-04
1.535601e-04
1.526558e-04
1.518069e-04
1.509143e-04
1.500738e-04
1.491925e-04
1.483604e-04
1.474904e-04
1.466667e-04
1.458077e-04
1.449923e-04
1.441441e-04
1.433371e-04
1.424995e-04
1.417008e-04
1.408736e-04
1.400832e-04
1.392663e-04
1.384840e-04
1.376773e-04
1.369032e-04
1.361063e-04
1.353404e-04
1.345533e-04
1.337955e-04
1.330180e-04
1.322682e-04
1.315002e-04
1.307584e-04
1.299997e-04
1.292658e-04
1.285164e-04
1.277903e-04
1.270499e-04
1.263316e-04
1.256001e-04
1.248896e-04
1.241669e-04
1.234641e-04
1.227500e-04
1.220548e-04
1.213493e-04
1.206616e-04
1.199645e-04
1.192844e-04
1.185956e-04
1.179229e-04
1.172423e-04
1.165769e-04
1.159043e-04
1.152463e-04
1.145817e-04
1.139309e-04
1.132741e-04
1.126305e-04
1.119815e-04
1.113450e-04
1.107036e-04
1.100741e-04
1.094403e-04
1.088178e-04
1.081914e-04
1.075758e-04
1.069567e-04
1.063480e-04
1.057361e-04
1.051342e-04
1.045295e-04
1.039342e-04
1.033366e-04
1.027480e-04
1.021573e-04
1.015753e-04
1.009915e-04
1.004159e-04
9.983895e-05
