3.245521e-03
1.951830e-03
1.234179e-03
7.274142e-04
4.805428e-04
3.299508e-04
2.881993e-04
3.120211e-04
2.962336e-04
3.128368e-04
4.558269e-04
6.632286e-04
4.293176e-04
5.213117e-04
4.869665e-04
4.146375e-04
4.375123e-04
4.913362e-04
5.074694e-04
6.106053e-04
6.470516e-04
7.887670e-04
8.535869e-04
1.047453e-03
1.157159e-03
1.416452e-03
1.587746e-03
1.937476e-03
2.194942e-03
2.669102e-03
3.075184e-03
3.693320e-03
4.298343e-03
5.124817e-03
5.999455e-03
7.123127e-03
8.364885e-03
9.909079e-03
1.165029e-02
1.378582e-02
1.620233e-02
1.916378e-02
2.248128e-02
2.658281e-02
3.107286e-02
3.672402e-02
4.267345e-02
5.037345e-02
5.799562e-02
6.829083e-02
7.795365e-02
9.090955e-02
1.025407e-01
1.189602e-01
1.325211e-01
1.519712e-01
1.675790e-01
1.901553e-01
2.075889e-01
2.326229e-01
2.494148e-01
2.745310e-01
2.867491e-01
3.065873e-01
3.137457e-01
3.282613e-01
3.284075e-01
3.382178e-01
3.343675e-01
3.418754e-01
3.369689e-01
3.426945e-01
3.385000e-01
3.424467e-01
3.385939e-01
3.419019e-01
3.381737e-01
3.413341e-01
3.376279e-01
3.408160e-01
3.370894e-01
3.403588e-01
3.365952e-01
3.399640e-01
3.361561e-01
3.396343e-01
3.357787e-01
3.393715e-01
3.354679e-01
3.391745e-01
3.352256e-01
3.390390e-01
3.350494e-01
3.389581e-01
3.349340e-01
3.389241e-01
3.348722e-01
3.389296e-01
3.348565e-01
3.389685e-01
3.348803e-01
3.390366e-01
3.349386e-01
3.391338e-01
3.350305e-01
3.392679e-01
3.351623e-01
3.394596e-01
3.353530e-01
3.397522e-01
3.356434e-01
3.402338e-01
3.361176e-01
3.410790e-01
3.369402e-01
3.426000e-01
3.384018e-01
3.452439e-01
3.409126e-01
3.493935e-01
3.457162e-01
3.548238e-01
3.512371e-01
3.601559e-01
3.556780e-01
3.634630e-01
3.599017e-01
3.639124e-01
3.617188e-01
3.625869e-01
3.610593e-01
3.604029e-01
3.587688e-01
3.572983e-01
3.557741e-01
3.540312e-01
3.526941e-01
3.513353e-01
3.498658e-01
3.493418e-01
3.474704e-01
3.478662e-01
3.456102e-01
3.469498e-01
3.443420e-01
3.466111e-01
3.436916e-01
3.468522e-01
3.436645e-01
3.476612e-01
3.442523e-01
3.489874e-01
3.454185e-01
3.506878e-01
3.470535e-01
3.525004e-01
3.489365e-01
3.540971e-01
3.507533e-01
3.551962e-01
3.521814e-01
3.556581e-01
3.529983e-01
3.555109e-01
3.531488e-01
3.549056e-01
3.527341e-01
3.540417e-01
3.519443e-01
3.531012e-01
3.509800e-01
3.522061e-01
3.499952e-01
3.514054e-01
3.490724e-01
3.506930e-01
3.482328e-01
3.500435e-01
3.474665e-01
3.494457e-01
3.467657e-01
3.489152e-01
3.461417e-01
3.484876e-01
3.456251e-01
3.482000e-01
3.452505e-01
3.480687e-01
3.450378e-01
3.480775e-01
3.449782e-01
3.481864e-01
3.450395e-01
3.483594e-01
3.451879e-01
3.485882e-01
3.454094e-01
3.488841e-01
3.457063e-01
3.492383e-01
3.460674e-01
3.495893e-01
3.464382e-01
3.498315e-01
3.467236e-01
3.498654e-01
3.468246e-01
3.496506e-01
3.466863e-01
3.492221e-01
3.463203e-01
3.486665e-01
3.457940e-01
3.480851e-01
3.452017e-01
3.475645e-01
3.446347e-01
3.471601e-01
3.441598e-01
3.468873e-01
3.438069e-01
3.467252e-01
3.435690e-01
3.466377e-01
3.434194e-01
3.466010e-01
3.433366e-01
3.466191e-01
3.433198e-01
3.467164e-01
3.433877e-01
3.469177e-01
3.435630e-01
3.472280e-01
3.438541e-01
3.476215e-01
3.442432e-01
3.480478e-01
3.446879e-01
3.484590e-01
3.451427e-01
3.488455e-01
3.455894e-01
3.492460e-01
3.460507e-01
3.497290e-01
3.465814e-01
3.503769e-01
3.472577e-01
3.512904e-01
3.481780e-01
3.525948e-01
3.494649e-01
3.544127e-01
3.512441e-01
3.567632e-01
3.535681e-01
3.594054e-01
3.562881e-01
3.617962e-01
3.589758e-01
3.633323e-01
3.610447e-01
3.637154e-01
3.620449e-01
3.920045e-01
3.618936e-01
3.620546e-01
3.608581e-01
3.605264e-01
3.593662e-01
3.589400e-01
3.578334e-01
3.579547e-01
3.565958e-01
3.575865e-01
3.559462e-01
3.582059e-01
3.562850e-01
3.605547e-01
3.583178e-01
3.654578e-01
3.627931e-01
3.723147e-01
3.693481e-01
3.781012e-01
3.757629e-01
3.807477e-01
3.796194e-01
3.823588e-01
3.806841e-01
3.820858e-01
3.805118e-01
3.816006e-01
3.801897e-01
3.809818e-01
3.794351e-01
3.794006e-01
3.775635e-01
3.765206e-01
3.745314e-01
3.728320e-01
3.709217e-01
3.690700e-01
3.673769e-01
3.657025e-01
3.642408e-01
3.628374e-01
3.615520e-01
3.603718e-01
3.592001e-01
3.581658e-01
3.570725e-01
3.564151e-01
3.551223e-01
3.549214e-01
3.533645e-01
3.536433e-01
3.518372e-01
3.526025e-01
3.505635e-01
3.517871e-01
3.495389e-01
3.511683e-01
3.487400e-01
3.507219e-01
3.481433e-01
3.504394e-01
3.477368e-01
3.503196e-01
3.475164e-01
3.503509e-01
3.474710e-01
3.504978e-01
3.475693e-01
3.507057e-01
3.477601e-01
3.509206e-01
3.479877e-01
3.511324e-01
3.482349e-01
3.514923e-01
3.486353e-01
3.525275e-01
3.496626e-01
3.551915e-01
3.521654e-01
3.603111e-01
3.573914e-01
3.673350e-01
3.642474e-01
3.735395e-01
3.702080e-01
3.761829e-01
3.744832e-01
3.771407e-01
3.753326e-01
3.755917e-01
3.735133e-01
3.723586e-01
3.704340e-01
3.689241e-01
3.674873e-01
3.668992e-01
3.665069e-01
3.720188e-01
3.712117e-01
3.858632e-01
3.885797e-01
4.049938e-01
4.066474e-01
4.201907e-01
4.216425e-01
4.362143e-01
4.347555e-01
4.476255e-01
4.455059e-01
4.584717e-01
4.562295e-01
4.688051e-01
4.657095e-01
4.774623e-01
4.735192e-01
4.845890e-01
4.791684e-01
4.884864e-01
4.807574e-01
4.881831e-01
4.801519e-01
4.847034e-01
4.768659e-01
4.780344e-01
4.706146e-01
4.686890e-01
4.617456e-01
4.575785e-01
4.510518e-01
4.453180e-01
4.394511e-01
4.332531e-01
4.282047e-01
4.228716e-01
4.187461e-01
4.151087e-01
4.116648e-01
4.091464e-01
4.058165e-01
4.029440e-01
3.995214e-01
3.956890e-01
3.924528e-01
3.884541e-01
3.858847e-01
3.832836e-01
3.818810e-01
3.826627e-01
3.828971e-01
3.917731e-01
3.915333e-01
4.043617e-01
4.026622e-01
4.146755e-01
4.126429e-01
4.195926e-01
4.163338e-01
4.197456e-01
4.166023e-01
4.196813e-01
4.171049e-01
4.224829e-01
4.206722e-01
4.289036e-01
4.260495e-01
4.304759e-01
4.256827e-01
4.235563e-01
4.187992e-01
4.161932e-01
4.128802e-01
4.122616e-01
4.093696e-01
4.098297e-01
4.071172e-01
4.075875e-01
4.047313e-01
4.048323e-01
4.023748e-01
4.044228e-01
4.030830e-01
4.084570e-01
4.073673e-01
4.162497e-01
4.160582e-01
4.306085e-01
4.317033e-01
4.458832e-01
4.461850e-01
4.599816e-01
4.575460e-01
4.675366e-01
4.652111e-01
4.747985e-01
4.701729e-01
4.784970e-01
4.756759e-01
4.832765e-01
4.774794e-01
4.866068e-01
4.835560e-01
4.907075e-01
4.862924e-01
4.944764e-01
4.908593e-01
4.997208e-01
4.958561e-01
5.040309e-01
4.991308e-01
5.065158e-01
5.006510e-01
5.071328e-01
5.003644e-01
5.061344e-01
4.986499e-01
5.030267e-01
4.933244e-01
4.954030e-01
4.866643e-01
4.887276e-01
4.811193e-01
4.880770e-01
4.807701e-01
4.897608e-01
4.836547e-01
4.901397e-01
4.817811e-01
4.717666e-01
4.578936e-01
4.511037e-01
4.380745e-01
4.293098e-01
4.184243e-01
4.205447e-01
4.149485e-01
4.141418e-01
4.044140e-01
4.087550e-01
4.101378e-01
4.308217e-01
4.246564e-01
4.458803e-01
4.447082e-01
4.609449e-01
4.510026e-01
4.744666e-01
4.662393e-01
4.849597e-01
4.712523e-01
4.917105e-01
4.727935e-01
4.942596e-01
4.770437e-01
4.977101e-01
4.760993e-01
4.966214e-01
4.678600e-01
4.875562e-01
4.554330e-01
4.755945e-01
4.541679e-01
4.757318e-01
4.672751e-01
4.867129e-01
4.834809e-01
5.023964e-01
4.881606e-01
5.076634e-01
4.927113e-01
5.113639e-01
4.907831e-01
5.101623e-01
4.848580e-01
5.038359e-01
4.736637e-01
4.941013e-01
4.691011e-01
4.896797e-01
4.727971e-01
5.657174e-01
4.813252e-01
5.012250e-01
4.865565e-01
5.052514e-01
4.876298e-01
5.051330e-01
4.849053e-01
5.012588e-01
4.794239e-01
4.944285e-01
4.747337e-01
4.879953e-01
4.723395e-01
4.839774e-01
4.730604e-01
4.827139e-01
4.760105e-01
4.833059e-01
4.799569e-01
4.849166e-01
4.836994e-01
4.862023e-01
4.846611e-01
4.847116e-01
4.813725e-01
4.797408e-01
4.770317e-01
4.745910e-01
4.777231e-01
4.742768e-01
4.859641e-01
4.796452e-01
4.941418e-01
4.844968e-01
4.936493e-01
4.829125e-01
4.864160e-01
4.786227e-01
4.793492e-01
4.726646e-01
4.867276e-01
4.782090e-01
4.989350e-01
4.881040e-01
5.191995e-01
5.028566e-01
5.296432e-01
5.148969e-01
5.365003e-01
5.274919e-01
5.454138e-01
5.398772e-01
5.494325e-01
5.479984e-01
5.511870e-01
5.532570e-01
5.450742e-01
5.492970e-01
5.234236e-01
5.262932e-01
5.052857e-01
5.003442e-01
5.046282e-01
4.927637e-01
5.039367e-01
4.908503e-01
4.961998e-01
4.838961e-01
4.809241e-01
4.702802e-01
4.654252e-01
4.564036e-01
4.525446e-01
4.439829e-01
4.459701e-01
4.398966e-01
4.453249e-01
4.425007e-01
4.566447e-01
4.646766e-01
4.728224e-01
4.805329e-01
4.851479e-01
4.870705e-01
5.003112e-01
4.957843e-01
5.153592e-01
5.104514e-01
4.984920e-01
4.766278e-01
4.927257e-01
4.706337e-01
4.861488e-01
4.697982e-01
4.723940e-01
4.678309e-01
4.690100e-01
4.776527e-01
4.916912e-01
4.991312e-01
5.170276e-01
5.109615e-01
5.337139e-01
5.208692e-01
5.384917e-01
5.267983e-01
5.418000e-01
5.306490e-01
5.440938e-01
5.405327e-01
5.497027e-01
5.354852e-01
5.489952e-01
5.309957e-01
5.460904e-01
5.222897e-01
5.351423e-01
5.032858e-01
5.140901e-01
4.963104e-01
5.061765e-01
5.016717e-01
5.101478e-01
5.062512e-01
5.154112e-01
5.046915e-01
5.147958e-01
4.953203e-01
5.075436e-01
4.775800e-01
4.908932e-01
4.571064e-01
4.701452e-01
4.382357e-01
4.508275e-01
4.230659e-01
4.365097e-01
4.167969e-01
4.325007e-01
4.223659e-01
4.399511e-01
4.356213e-01
4.531371e-01
4.449522e-01
4.609942e-01
4.403998e-01
4.556659e-01
4.263735e-01
4.328254e-01
3.826948e-01
3.928553e-01
3.807002e-01
4.183844e-01
4.109339e-01
4.432926e-01
4.326407e-01
4.675931e-01
4.591530e-01
4.814665e-01
4.981012e-01
5.113237e-01
5.144154e-01
5.162412e-01
5.203367e-01
5.166596e-01
5.197068e-01
5.167369e-01
5.183419e-01
5.143489e-01
5.083255e-01
5.066794e-01
4.952333e-01
4.885483e-01
4.787603e-01
4.731942e-01
4.645854e-01
4.600921e-01
4.531305e-01
4.496287e-01
4.445552e-01
4.436131e-01
4.393036e-01
4.414471e-01
4.376242e-01
4.413838e-01
4.374397e-01
4.400239e-01
4.354158e-01
4.356678e-01
4.321238e-01
4.321411e-01
4.309801e-01
4.257473e-01
4.263934e-01
4.234421e-01
4.280894e-01
4.259797e-01
4.342761e-01
4.331334e-01
4.451763e-01
4.443137e-01
4.616728e-01
4.560821e-01
4.795025e-01
4.681752e-01
4.954535e-01
4.741819e-01
5.056232e-01
4.726789e-01
5.098407e-01
4.836953e-01
5.126541e-01
4.850363e-01
5.082809e-01
4.954416e-01
5.063179e-01
4.937773e-01
5.013672e-01
4.937968e-01
4.913453e-01
5.126283e-01
5.161235e-01
5.238268e-01
5.134509e-01
5.208597e-01
5.167167e-01
5.161511e-01
5.155818e-01
5.049775e-01
5.077243e-01
4.982561e-01
5.008966e-01
4.973510e-01
4.979248e-01
4.890363e-01
4.880740e-01
4.735407e-01
4.738814e-01
4.622379e-01
4.607182e-01
4.565770e-01
4.563989e-01
4.532483e-01
4.550285e-01
4.471612e-01
4.503170e-01
4.385831e-01
4.411657e-01
4.515908e-01
4.486932e-01
4.542150e-01
4.594369e-01
4.585623e-01
4.581737e-01
4.769163e-01
4.751233e-01
4.934780e-01
4.940767e-01
5.096082e-01
5.056192e-01
5.192186e-01
5.138223e-01
5.255704e-01
5.177996e-01
5.275953e-01
5.103442e-01
5.193625e-01
4.957490e-01
5.040798e-01
4.789100e-01
4.965878e-01
4.570555e-01
4.778882e-01
4.510769e-01
4.742807e-01
4.621065e-01
4.847370e-01
4.759532e-01
4.976422e-01
4.902772e-01
5.088377e-01
4.991432e-01
5.175144e-01
5.053843e-01
5.211595e-01
4.969089e-01
5.164837e-01
4.924159e-01
5.136382e-01
4.806135e-01
4.975427e-01
4.661420e-01
4.836024e-01
4.598334e-01
4.785122e-01
4.591798e-01
4.775461e-01
4.567295e-01
4.740268e-01
4.500285e-01
4.685664e-01
4.525565e-01
4.713869e-01
4.570702e-01
4.780889e-01
4.724549e-01
4.931005e-01
4.893858e-01
5.081085e-01
4.990279e-01
5.171860e-01
5.034925e-01
5.212511e-01
5.136866e-01
5.296326e-01
5.165400e-01
5.337142e-01
5.035886e-01
5.251416e-01
4.869795e-01
5.080735e-01
4.713295e-01
4.931235e-01
4.717080e-01
4.929066e-01
4.795675e-01
4.991823e-01
4.780517e-01
4.973570e-01
4.718102e-01
4.922167e-01
4.671572e-01
4.896196e-01
4.627612e-01
4.847292e-01
4.499149e-01
4.741813e-01
4.538884e-01
4.741625e-01
4.525266e-01
4.694577e-01
4.477000e-01
4.627347e-01
4.455471e-01
4.593282e-01
4.496352e-01
4.625296e-01
4.619229e-01
4.732857e-01
4.796176e-01
4.881545e-01
4.951537e-01
5.014617e-01
5.063758e-01
5.119336e-01
5.142786e-01
5.199671e-01
5.214873e-01
5.270332e-01
5.277708e-01
5.356491e-01
5.307687e-01
5.403737e-01
5.259826e-01
5.386698e-01
5.255770e-01
5.430315e-01
5.114539e-01
5.302536e-01
4.946185e-01
5.149315e-01
4.906644e-01
5.106911e-01
4.871308e-01
5.064859e-01
4.848897e-01
5.050530e-01
4.810024e-01
5.006086e-01
4.759401e-01
4.954415e-01
4.733026e-01
4.929579e-01
4.697688e-01
4.905634e-01
4.676406e-01
4.865241e-01
4.601487e-01
4.777946e-01
4.517391e-01
4.678503e-01
4.466449e-01
4.614133e-01
4.468221e-01
4.603365e-01
4.527975e-01
4.639422e-01
4.597817e-01
4.674987e-01
4.627524e-01
4.677644e-01
4.636635e-01
4.672906e-01
4.675286e-01
4.700829e-01
4.749841e-01
4.774043e-01
4.860317e-01
4.872929e-01
4.955003e-01
4.928330e-01
5.036023e-01
4.992666e-01
5.100365e-01
5.106627e-01
5.155538e-01
5.105161e-01
5.175361e-01
5.243507e-01
5.288045e-01
5.320983e-01
5.358812e-01
5.279546e-01
5.316695e-01
5.162022e-01
5.212787e-01
5.067112e-01
5.086990e-01
4.907452e-01
4.937211e-01
4.690862e-01
4.742653e-01
4.569757e-01
4.658957e-01
4.708248e-01
4.804644e-01
4.813864e-01
4.917281e-01
4.967509e-01
5.186662e-01
4.922175e-01
5.028260e-01
4.939267e-01
5.040387e-01
4.972073e-01
5.050245e-01
4.957254e-01
4.969809e-01
4.850669e-01
4.788133e-01
4.747851e-01
4.659276e-01
