5.532364e-04
4.622630e-04
3.579773e-04
2.135878e-04
2.030154e-04
2.543466e-04
2.000161e-04
1.396092e-04
7.948768e-05
1.005459e-04
1.505667e-04
1.096315e-04
7.398213e-05
4.129173e-05
5.846274e-05
9.414393e-05
6.733956e-05
4.511492e-05
2.640363e-05
3.882449e-05
6.750522e-05
4.815373e-05
3.230562e-05
1.944076e-05
2.924631e-05
5.284086e-05
3.756645e-05
2.509924e-05
1.538947e-05
2.340569e-05
4.312442e-05
3.055250e-05
2.031446e-05
1.263868e-05
1.936645e-05
3.614076e-05
2.552920e-05
1.690008e-05
1.063868e-05
1.639265e-05
3.086736e-05
2.174884e-05
1.434082e-05
9.115765e-06
1.410671e-05
2.674164e-05
1.880058e-05
1.235340e-05
7.917214e-06
1.229502e-05
2.343078e-05
1.644156e-05
1.076988e-05
6.951209e-06
1.082690e-05
2.072305e-05
1.451743e-05
9.483430e-06
6.158561e-06
9.617026e-06
1.847594e-05
1.292444e-05
8.422286e-06
5.499025e-06
8.606740e-06
1.658909e-05
1.158970e-05
7.536142e-06
4.944033e-06
7.754027e-06
1.498924e-05
1.046012e-05
6.788463e-06
4.472593e-06
7.027781e-06
1.362134e-05
9.495935e-06
6.151974e-06
4.068852e-06
6.404364e-06
1.244306e-05
8.666637e-06
5.605849e-06
3.720576e-06
5.865444e-06
1.142129e-05
7.948435e-06
5.133903e-06
3.418160e-06
5.396566e-06
1.052974e-05
7.322490e-06
4.723375e-06
3.153959e-06
4.986185e-06
9.747279e-06
6.773712e-06
4.364081e-06
2.921823e-06
4.624985e-06
9.056807e-06
6.289897e-06
4.048296e-06
2.716755e-06
4.305380e-06
8.444334e-06
5.861096e-06
3.769590e-06
2.534668e-06
4.021148e-06
7.898356e-06
5.479141e-06
3.521550e-06
2.372194e-06
3.767155e-06
7.409352e-06
5.137281e-06
3.299729e-06
2.226543e-06
3.539138e-06
6.969400e-06
4.829911e-06
3.100437e-06
2.095390e-06
3.333540e-06
6.571874e-06
4.552348e-06
2.920598e-06
1.976790e-06
3.147380e-06
6.211211e-06
4.300664e-06
2.757634e-06
1.869106e-06
2.978145e-06
5.882715e-06
4.071548e-06
2.609375e-06
1.770956e-06
2.823713e-06
5.582406e-06
3.862196e-06
2.473987e-06
1.681168e-06
2.682291e-06
5.306900e-06
3.670226e-06
2.349910e-06
1.598755e-06
2.552347e-06
5.053340e-06
3.493637e-06
2.235830e-06
1.522858e-06
2.432543e-06
4.819227e-06
3.330656e-06
2.130605e-06
1.452736e-06
2.321749e-06
4.602407e-06
3.179777e-06
2.033244e-06
1.387760e-06
2.218992e-06
4.401040e-06
3.039709e-06
1.942904e-06
1.327385e-06
2.123428e-06
4.213529e-06
2.909332e-06
1.858856e-06
1.271138e-06
2.034324e-06
4.038486e-06
2.787670e-06
1.780464e-06
1.218608e-06
1.951043e-06
3.874699e-06
2.673875e-06
1.707176e-06
1.169435e-06
1.873027e-06
3.721106e-06
2.567202e-06
1.638506e-06
1.123306e-06
1.799787e-06
3.576775e-06
2.466998e-06
1.574030e-06
1.079942e-06
1.730892e-06
3.440884e-06
2.372687e-06
1.513372e-06
1.039100e-06
1.665962e-06
3.312706e-06
2.283759e-06
1.456202e-06
1.000563e-06
1.604659e-06
3.191595e-06
2.199763e-06
1.402225e-06
9.641396e-07
