5.157713e-04
4.316846e-04
3.366580e-04
2.068783e-04
1.942273e-04
2.671979e-04
2.101603e-04
1.465778e-04
8.253928e-05
1.030060e-04
1.543146e-04
1.118946e-04
7.515184e-05
4.173395e-05
5.898686e-05
9.581374e-05
6.844175e-05
4.577306e-05
2.667700e-05
3.927046e-05
6.924121e-05
4.931480e-05
3.299434e-05
1.975690e-05
2.969269e-05
5.427260e-05
3.851026e-05
2.564822e-05
1.565323e-05
2.377963e-05
4.429421e-05
3.131860e-05
2.075484e-05
1.285634e-05
1.967863e-05
3.711333e-05
2.616272e-05
1.726068e-05
1.082094e-05
1.665707e-05
3.168825e-05
2.228147e-05
1.464171e-05
9.270743e-06
1.433415e-05
2.744395e-05
1.925503e-05
1.260862e-05
8.050830e-06
1.249307e-05
2.403756e-05
1.683351e-05
1.098898e-05
7.067549e-06
1.100084e-05
2.125092e-05
1.485808e-05
9.673159e-06
6.260570e-06
9.770688e-06
1.893745e-05
1.322219e-05
8.587668e-06
5.588929e-06
8.743072e-06
1.699415e-05
1.185113e-05
7.681069e-06
5.023602e-06
7.875420e-06
1.534595e-05
1.069058e-05
6.916072e-06
4.543289e-06
7.136249e-06
1.393649e-05
9.699866e-06
6.264853e-06
4.131914e-06
6.501644e-06
1.272245e-05
8.847820e-06
5.706173e-06
3.777067e-06
5.953046e-06
1.166988e-05
8.110094e-06
5.223514e-06
3.468999e-06
5.475810e-06
1.075181e-05
7.467387e-06
4.803837e-06
3.199942e-06
5.058224e-06
9.946542e-06
6.904217e-06
4.436726e-06
2.963634e-06
4.690817e-06
9.236436e-06
6.408043e-06
4.115131e-06
2.754985e-06
4.365870e-06
8.607061e-06
5.968619e-06
3.830646e-06
2.569821e-06
4.077039e-06
8.046524e-06
5.577522e-06
3.577645e-06
2.404701e-06
3.819082e-06
7.544964e-06
5.227783e-06
3.351555e-06
2.256769e-06
3.587641e-06
7.094163e-06
4.913604e-06
3.148579e-06
2.123646e-06
3.379078e-06
6.687245e-06
4.630142e-06
2.965549e-06
2.003337e-06
3.190340e-06
6.318426e-06
4.373327e-06
2.799810e-06
1.894164e-06
3.018853e-06
5.982824e-06
4.139730e-06
2.649125e-06
1.794710e-06
2.862441e-06
5.676300e-06
3.926448e-06
2.511604e-06
1.703773e-06
2.719258e-06
5.395335e-06
3.731012e-06
2.385641e-06
1.620330e-06
2.587727e-06
5.136923e-06
3.551317e-06
2.269869e-06
1.543505e-06
2.466501e-06
4.898488e-06
3.385561e-06
2.163118e-06
1.472551e-06
2.354423e-06
4.677815e-06
3.232193e-06
2.064381e-06
1.406820e-06
2.250497e-06
4.472992e-06
3.089879e-06
1.972792e-06
1.345756e-06
2.153861e-06
4.282364e-06
2.957461e-06
1.887602e-06
1.288877e-06
2.063767e-06
4.104494e-06
2.833935e-06
1.808160e-06
1.235761e-06
1.979565e-06
3.938128e-06
2.718425e-06
1.733900e-06
1.186043e-06
1.900687e-06
3.782169e-06
2.610168e-06
1.664326e-06
1.139402e-06
1.826635e-06
3.635656e-06
2.508491e-06
1.599003e-06
1.095556e-06
1.756971e-06
3.497741e-06
2.412804e-06
1.537549e-06
1.054257e-06
1.691309e-06
3.367678e-06
2.322586e-06
1.479627e-06
1.015286e-06
1.629308e-06
3.244803e-06
2.237373e-06
1.424938e-06
9.784489e-07
