3.245521e-03
1.057984e-03
6.113919e-04
4.867386e-04
3.963549e-04
3.506660e-04
3.180931e-04
2.850133e-04
2.683430e-04
2.463068e-04
2.336528e-04
2.191321e-04
2.083674e-04
2.015931e-04
1.975045e-04
1.944003e-04
1.922606e-04
3.665859e-04
5.218382e-04
4.720467e-04
5.388819e-04
5.269401e-04
5.077265e-04
4.890918e-04
4.457935e-04
4.252266e-04
4.278742e-04
3.736745e-04
3.460608e-04
3.506072e-04
3.839429e-04
4.442269e-04
4.014580e-04
3.859185e-04
3.465194e-04
3.381674e-04
3.898006e-04
3.627012e-04
3.515647e-04
3.420784e-04
3.246291e-04
3.265715e-04
4.054611e-04
3.763386e-04
3.671415e-04
3.609612e-04
3.402014e-04
3.230015e-04
3.079935e-04
2.955329e-04
3.007075e-04
3.635761e-04
4.140941e-04
3.913398e-04
3.787461e-04
3.680929e-04
3.589681e-04
3.507887e-04
3.307079e-04
3.120459e-04
2.950392e-04
2.789438e-04
2.632026e-04
2.485869e-04
2.350760e-04
2.224909e-04
2.101392e-04
1.986715e-04
1.888739e-04
1.804416e-04
1.721547e-04
1.652227e-04
1.592143e-04
1.534656e-04
1.486726e-04
1.444333e-04
1.404220e-04
1.370823e-04
1.342919e-04
1.317530e-04
1.297300e-04
1.281778e-04
1.270814e-04
1.268939e-04
1.266653e-04
1.267575e-04
1.272348e-04
1.281258e-04
1.298424e-04
1.318483e-04
1.346090e-04
1.376985e-04
1.415421e-04
1.459076e-04
1.509958e-04
1.567587e-04
1.631597e-04
1.700663e-04
1.775429e-04
1.855068e-04
1.938403e-04
2.024763e-04
2.112565e-04
2.200160e-04
2.285746e-04
2.343255e-04
2.382013e-04
2.401779e-04
2.408711e-04
2.412026e-04
2.404759e-04
2.387738e-04
2.361372e-04
2.325903e-04
2.281560e-04
2.233672e-04
2.145150e-04
1.982796e-04
1.802226e-04
1.623387e-04
1.059379e-04
7.534791e-05
7.222525e-05
6.930502e-05
6.658248e-05
6.400467e-05
6.160249e-05
5.934729e-05
5.721377e-05
5.517261e-05
5.319775e-05
5.125030e-05
4.932990e-05
4.741990e-05
4.552283e-05
4.358447e-05
4.160516e-05
3.958009e-05
3.750458e-05
3.694323e-05
3.660163e-05
3.623000e-05
3.581675e-05
3.859486e-05
4.237189e-05
4.765594e-05
5.311167e-05
5.976723e-05
6.678964e-05
7.361898e-05
7.985610e-05
8.511876e-05
8.889069e-05
9.100682e-05
9.263082e-05
1.033245e-04
1.205220e-04
1.321149e-04
1.396972e-04
1.443347e-04
1.189341e-04
9.966025e-05
9.806395e-05
1.042910e-04
1.104826e-04
1.163559e-04
1.215650e-04
1.259872e-04
1.295972e-04
1.324122e-04
1.344666e-04
1.358002e-04
1.364536e-04
1.362456e-04
1.353073e-04
1.337249e-04
1.315659e-04
1.288880e-04
1.257431e-04
1.221793e-04
1.178313e-04
1.132864e-04
1.064065e-04
1.012460e-04
9.704661e-05
9.333138e-05
8.980060e-05
8.627407e-05
8.265250e-05
7.889064e-05
7.497863e-05
7.088125e-05
6.684462e-05
6.296005e-05
5.922775e-05
5.562170e-05
5.218811e-05
4.893339e-05
4.586687e-05
4.307889e-05
4.045584e-05
3.802420e-05
3.580871e-05
3.382273e-05
3.203120e-05
3.050904e-05
2.924016e-05
2.821368e-05
2.742037e-05
2.683275e-05
2.645967e-05
2.629219e-05
2.632098e-05
2.653610e-05
2.692702e-05
2.748271e-05
2.819164e-05
2.904191e-05
3.002127e-05
3.111719e-05
3.231694e-05
3.360761e-05
3.497619e-05
3.640962e-05
3.789480e-05
3.940790e-05
4.094609e-05
4.249689e-05
4.404813e-05
4.558785e-05
4.710437e-05
4.858629e-05
5.002260e-05
5.140274e-05
5.267271e-05
5.386930e-05
5.498392e-05
5.599364e-05
5.690516e-05
5.771280e-05
5.841169e-05
5.899771e-05
5.944765e-05
5.980883e-05
6.006385e-05
6.020384e-05
6.021239e-05
6.010094e-05
5.987008e-05
5.952231e-05
5.906144e-05
5.849223e-05
5.782023e-05
5.705159e-05
5.619294e-05
5.525130e-05
5.423396e-05
5.314841e-05
5.200226e-05
5.080311e-05
4.955856e-05
4.827606e-05
4.696289e-05
4.562609e-05
4.427239e-05
4.290821e-05
4.153958e-05
4.017215e-05
3.881116e-05
3.746141e-05
3.612728e-05
3.481270e-05
3.352123e-05
3.225597e-05
3.101965e-05
2.981463e-05
2.859266e-05
2.741586e-05
2.628413e-05
2.519752e-05
2.415578e-05
2.315846e-05
2.220492e-05
2.129442e-05
2.042615e-05
1.959926e-05
1.881285e-05
1.806603e-05
1.735791e-05
1.668757e-05
1.605409e-05
1.545654e-05
1.489395e-05
1.436533e-05
1.386964e-05
1.340584e-05
1.297281e-05
1.256945e-05
1.219458e-05
1.184703e-05
1.152561e-05
1.122909e-05
1.095625e-05
1.070586e-05
1.047668e-05
1.026748e-05
1.007703e-05
9.904098e-06
9.747481e-06
9.605980e-06
9.478412e-06
9.173893e-06
8.989766e-06
8.885990e-06
8.834438e-06
8.814999e-06
8.813665e-06
8.821007e-06
8.830903e-06
8.839534e-06
8.844635e-06
8.844954e-06
8.839880e-06
8.829196e-06
8.812910e-06
8.791150e-06
8.764099e-06
8.731956e-06
8.694907e-06
8.653121e-06
8.606738e-06
8.555873e-06
8.500621e-06
8.441055e-06
8.377238e-06
8.309225e-06
8.237070e-06
8.160829e-06
8.080566e-06
7.996355e-06
7.908284e-06
7.816457e-06
7.720991e-06
7.622026e-06
7.519713e-06
7.414225e-06
7.305747e-06
7.194482e-06
7.080609e-06
6.927331e-06
6.784851e-06
6.652571e-06
6.528633e-06
6.415723e-06
6.314270e-06
6.212492e-06
6.109670e-06
6.005425e-06
5.899606e-06
5.792222e-06
5.683388e-06
5.573301e-06
5.462211e-06
5.350407e-06
5.238197e-06
5.125901e-06
5.013834e-06
4.902306e-06
4.791612e-06
4.682025e-06
4.573802e-06
4.467174e-06
4.362349e-06
4.259514e-06
4.158831e-06
4.060441e-06
3.964464e-06
3.871001e-06
3.780132e-06
3.691921e-06
3.606417e-06
3.523651e-06
3.443642e-06
3.366395e-06
3.291901e-06
3.220144e-06
3.151094e-06
3.084714e-06
3.020956e-06
2.959765e-06
2.901081e-06
2.844835e-06
2.790952e-06
2.739354e-06
2.689958e-06
2.642676e-06
2.597419e-06
2.554092e-06
2.512601e-06
2.472851e-06
2.434743e-06
2.398180e-06
2.363065e-06
2.329301e-06
2.296793e-06
2.265445e-06
2.235166e-06
2.205865e-06
2.177455e-06
2.149852e-06
2.122974e-06
2.096743e-06
2.071085e-06
2.045929e-06
2.021209e-06
1.996863e-06
1.972831e-06
1.949061e-06
1.925503e-06
1.902111e-06
1.878844e-06
1.855665e-06
1.832542e-06
1.809446e-06
1.786353e-06
1.763241e-06
1.740093e-06
1.716896e-06
1.693639e-06
1.670316e-06
1.646923e-06
1.623458e-06
1.599923e-06
1.576321e-06
1.552661e-06
1.528948e-06
1.505195e-06
1.481413e-06
1.457615e-06
1.433816e-06
1.410033e-06
1.386282e-06
1.362581e-06
1.338948e-06
1.315403e-06
1.291965e-06
1.268653e-06
1.245487e-06
1.222486e-06
1.199669e-06
1.177055e-06
1.154663e-06
1.132511e-06
1.110616e-06
1.088995e-06
1.067664e-06
1.046637e-06
1.025928e-06
1.005552e-06
9.855195e-07
