2.071629e-04
1.784840e-04
1.419394e-04
8.893319e-05
5.597753e-05
8.015241e-05
6.344291e-05
4.742543e-05
2.921290e-05
2.331272e-05
4.071717e-05
3.182846e-05
2.335334e-05
1.408305e-05
1.283567e-05
2.459678e-05
1.917035e-05
1.401882e-05
8.518034e-06
8.371702e-06
1.691989e-05
1.319327e-05
9.665819e-06
5.896591e-06
6.070704e-06
1.255299e-05
9.775835e-06
7.138776e-06
4.343342e-06
4.608551e-06
9.653901e-06
7.509200e-06
5.466402e-06
3.320206e-06
3.601797e-06
7.621259e-06
5.922829e-06
4.301490e-06
2.611573e-06
2.880668e-06
6.149125e-06
4.775467e-06
3.462245e-06
2.102019e-06
2.350157e-06
5.057671e-06
3.925736e-06
2.842704e-06
1.726476e-06
1.952128e-06
4.233270e-06
3.284428e-06
2.376225e-06
1.443968e-06
1.648335e-06
3.599902e-06
2.792003e-06
2.018616e-06
1.227445e-06
1.412663e-06
3.105261e-06
2.407583e-06
1.739729e-06
1.058535e-06
1.226899e-06
2.712705e-06
2.102585e-06
1.518598e-06
9.245113e-07
