3.199475e-03
1.891890e-03
1.477225e-03
1.095010e-03
1.065489e-03
9.381002e-04
6.775424e-04
5.261209e-04
4.766202e-04
1.082111e-03
4.345567e-04
6.172188e-04
2.699517e-04
4.739409e-04
2.544131e-04
4.426724e-04
1.899343e-04
2.799904e-04
1.494874e-04
2.618461e-04
1.602962e-04
2.056145e-04
1.160668e-04
1.864201e-04
1.161547e-04
1.915232e-04
1.093991e-04
1.477302e-04
9.478855e-05
1.486124e-04
9.903041e-05
1.318887e-04
8.683537e-05
1.310764e-04
9.557884e-05
1.395835e-04
1.025146e-04
1.329912e-04
1.143358e-04
1.410112e-04
1.233595e-04
1.423412e-04
1.317769e-04
1.482180e-04
1.404163e-04
1.562119e-04
1.460311e-04
1.562795e-04
1.512097e-04
1.595213e-04
1.542538e-04
1.592051e-04
1.548241e-04
1.581025e-04
1.542385e-04
1.572402e-04
1.518012e-04
1.517431e-04
1.469484e-04
1.464266e-04
1.420080e-04
1.398265e-04
1.341591e-04
1.308415e-04
1.257192e-04
1.230373e-04
1.169394e-04
1.119182e-04
1.058468e-04
1.015059e-04
9.649726e-05
9.114889e-05
8.453491e-05
7.918154e-05
7.382995e-05
6.979252e-05
6.383008e-05
5.832978e-05
5.312200e-05
4.893624e-05
4.501602e-05
4.028757e-05
3.547781e-05
3.154537e-05
2.800743e-05
2.519836e-05
2.130052e-05
1.789144e-05
1.582826e-05
1.511523e-05
1.447013e-05
1.346899e-05
1.250974e-05
1.169711e-05
1.098230e-05
1.038215e-05
9.327448e-06
8.444862e-06
7.704467e-06
7.087613e-06
6.563557e-06
5.908718e-06
5.618841e-06
5.320998e-06
5.254070e-06
5.304855e-06
5.487185e-06
5.454728e-06
5.331054e-06
5.164596e-06
4.989262e-06
4.816641e-06
4.548084e-06
4.246003e-06
3.966054e-06
3.700732e-06
3.390336e-06
3.052399e-06
2.734652e-06
2.455559e-06
2.214860e-06
1.895858e-06
1.607532e-06
1.354588e-06
1.240339e-06
1.245938e-06
1.215442e-06
1.180026e-06
1.142606e-06
1.107029e-06
1.073458e-06
1.005167e-06
9.784552e-07
