6.507082e-03
4.072180e-03
2.408886e-03
1.620850e-03
1.709842e-03
3.630826e-03
1.278662e-03
2.116338e-03
1.089046e-03
1.735187e-03
1.104482e-03
1.478250e-03
1.055543e-03
1.475594e-03
1.147544e-03
1.553800e-03
1.255940e-03
1.602153e-03
1.456963e-03
1.829619e-03
1.856309e-03
2.109415e-03
2.171553e-03
2.406712e-03
2.465495e-03
2.640875e-03
2.615477e-03
2.661843e-03
2.556287e-03
2.479934e-03
2.146190e-03
1.768731e-03
1.402391e-03
1.105205e-03
8.748238e-04
1.005127e-03
1.052352e-03
1.127958e-03
1.169724e-03
1.223415e-03
1.251523e-03
1.219258e-03
1.187793e-03
1.167079e-03
1.146604e-03
1.136176e-03
1.041443e-03
9.765995e-04
9.197792e-04
8.820960e-04
8.485885e-04
7.535042e-04
6.839130e-04
6.315483e-04
5.924942e-04
5.631394e-04
4.864364e-04
4.347728e-04
3.948601e-04
3.672437e-04
3.449325e-04
2.940488e-04
2.590260e-04
2.330032e-04
2.141402e-04
1.994801e-04
1.668796e-04
1.426533e-04
1.249167e-04
1.129849e-04
1.036658e-04
8.387801e-05
7.059918e-05
6.091417e-05
5.435572e-05
4.941276e-05
4.232746e-05
3.730381e-05
3.346071e-05
3.050222e-05
2.822947e-05
2.387295e-05
2.065290e-05
1.824360e-05
1.659823e-05
1.670604e-05
1.718466e-05
1.723343e-05
1.715238e-05
1.710798e-05
1.702194e-05
1.718213e-05
1.696057e-05
1.668908e-05
1.646564e-05
1.625221e-05
1.618255e-05
1.579615e-05
1.540740e-05
1.508068e-05
1.479129e-05
1.457198e-05
1.409659e-05
1.365176e-05
1.327464e-05
1.295148e-05
1.264544e-05
1.213800e-05
1.168127e-05
1.129239e-05
1.096521e-05
1.062112e-05
1.012173e-05
9.683493e-06
9.309246e-06
8.998303e-06
8.650854e-06
8.186245e-06
7.785270e-06
7.442627e-06
7.160150e-06
6.832653e-06
6.418121e-06
6.064846e-06
5.762892e-06
5.515437e-06
5.221774e-06
4.864178e-06
4.562819e-06
4.304944e-06
4.094838e-06
3.841819e-06
3.542165e-06
3.292541e-06
3.078283e-06
2.904917e-06
2.694265e-06
2.449852e-06
2.248801e-06
2.075350e-06
1.936169e-06
1.766260e-06
1.572147e-06
1.529772e-06
1.496653e-06
1.463465e-06
1.441710e-06
1.408986e-06
1.368889e-06
1.330338e-06
1.292918e-06
1.269473e-06
1.232612e-06
1.189702e-06
1.149297e-06
1.110756e-06
1.087361e-06
1.049491e-06
1.006716e-06
9.670035e-07
