3.245521e-03
3.245105e-03
3.241261e-03
3.205945e-03
2.896740e-03
1.080843e-03
1.080703e-03
1.079414e-03
1.067572e-03
9.642925e-04
7.241349e-04
7.241124e-04
7.239042e-04
7.219773e-04
7.040071e-04
5.484702e-04
5.484434e-04
5.481951e-04
5.459447e-04
5.259911e-04
4.479398e-04
4.479363e-04
4.479038e-04
4.475953e-04
4.440961e-04
3.881068e-04
3.880992e-04
3.880287e-04
3.873741e-04
3.810838e-04
3.511510e-04
3.511494e-04
3.511346e-04
3.509940e-04
3.493997e-04
3.209694e-04
3.209656e-04
3.209311e-04
3.206101e-04
3.174676e-04
2.971828e-04
2.971823e-04
2.971772e-04
2.971277e-04
2.964783e-04
2.800577e-04
2.800559e-04
2.800395e-04
2.798858e-04
2.783237e-04
2.604522e-04
2.604519e-04
2.604490e-04
2.604203e-04
2.600169e-04
2.501190e-04
2.501180e-04
2.501080e-04
2.500142e-04
2.490342e-04
2.366501e-04
2.366486e-04
2.366347e-04
2.365058e-04
2.357109e-04
2.255525e-04
2.255524e-04
2.255511e-04
2.255376e-04
2.253113e-04
2.176300e-04
2.176296e-04
2.176264e-04
2.175952e-04
2.172147e-04
2.097122e-04
2.097118e-04
2.097081e-04
2.096726e-04
2.092616e-04
2.028968e-04
2.028965e-04
2.028934e-04
2.028636e-04
2.025105e-04
1.977253e-04
1.977251e-04
1.977231e-04
1.977039e-04
1.974530e-04
1.943313e-04
1.943310e-04
1.943282e-04
1.943016e-04
1.942383e-04
1.916869e-04
1.916870e-04
1.916880e-04
1.916962e-04
1.916987e-04
1.898678e-04
1.898681e-04
1.898704e-04
1.898913e-04
1.900074e-04
1.882535e-04
1.882539e-04
1.882571e-04
1.882864e-04
1.884779e-04
2.924960e-04
2.925011e-04
2.925632e-04
2.932786e-04
3.064988e-04
4.896609e-04
4.896733e-04
4.897882e-04
4.908668e-04
5.021294e-04
6.520439e-04
6.520197e-04
6.517969e-04
6.497667e-04
6.333202e-04
6.548806e-04
6.548579e-04
6.546447e-04
6.526629e-04
6.363031e-04
6.404276e-04
6.404030e-04
6.401718e-04
6.380291e-04
6.202115e-04
5.690466e-04
5.690242e-04
5.688145e-04
5.668719e-04
5.506179e-04
5.022857e-04
5.022679e-04
5.021005e-04
5.005427e-04
4.874595e-04
4.472818e-04
4.472648e-04
4.471049e-04
4.456204e-04
4.332654e-04
3.960839e-04
3.960958e-04
3.962058e-04
3.972001e-04
4.048167e-04
4.404357e-04
4.404222e-04
4.402976e-04
4.391552e-04
4.294270e-04
3.975959e-04
3.975850e-04
3.974846e-04
3.965706e-04
3.892677e-04
3.818624e-04
3.818524e-04
3.817605e-04
3.809235e-04
3.742462e-04
3.689081e-04
3.688955e-04
3.687786e-04
3.677159e-04
3.592529e-04
3.689565e-04
3.689468e-04
3.688574e-04
3.680378e-04
3.603880e-04
3.411196e-04
3.411117e-04
3.410384e-04
3.403669e-04
3.347210e-04
3.253955e-04
3.253890e-04
3.253286e-04
3.247757e-04
3.201318e-04
3.163517e-04
3.163456e-04
3.162898e-04
3.157850e-04
3.119943e-04
3.239243e-04
3.239140e-04
3.238195e-04
3.229618e-04
3.162661e-04
3.200752e-04
3.200875e-04
3.202013e-04
3.212279e-04
3.290638e-04
3.702197e-04
3.702110e-04
3.701408e-04
3.695858e-04
3.657463e-04
3.770401e-04
3.770357e-04
3.769952e-04
3.766279e-04
3.738362e-04
3.902324e-04
3.902265e-04
3.901719e-04
3.896736e-04
3.856943e-04
3.932750e-04
3.932649e-04
3.931724e-04
3.923343e-04
3.859445e-04
3.932020e-04
3.931921e-04
3.931004e-04
3.922692e-04
3.858860e-04
4.435901e-04
4.436067e-04
4.437597e-04
4.451488e-04
4.562997e-04
4.444544e-04
4.444457e-04
4.443633e-04
4.435937e-04
4.371033e-04
4.295126e-04
4.295031e-04
4.294137e-04
4.285774e-04
4.214627e-04
4.093976e-04
4.093887e-04
4.093044e-04
4.085137e-04
4.017042e-04
3.889083e-04
3.888971e-04
3.887912e-04
3.878066e-04
3.794948e-04
3.596653e-04
3.596540e-04
3.595488e-04
3.585776e-04
3.508323e-04
3.425815e-04
3.425712e-04
3.424757e-04
3.416088e-04
3.347917e-04
3.307708e-04
3.307613e-04
3.306741e-04
3.298823e-04
3.236968e-04
3.225628e-04
3.225535e-04
3.224681e-04
3.216918e-04
3.164757e-04
3.442456e-04
3.442367e-04
3.441542e-04
3.433968e-04
3.369366e-04
3.223228e-04
3.223145e-04
3.222378e-04
3.215348e-04
3.155788e-04
3.041288e-04
3.041220e-04
3.040596e-04
3.034866e-04
2.986370e-04
2.941041e-04
2.940983e-04
2.940453e-04
2.935581e-04
2.894184e-04
2.880724e-04
2.880674e-04
2.880213e-04
2.875967e-04
2.839578e-04
2.847977e-04
2.847897e-04
2.847155e-04
2.840374e-04
2.784635e-04
2.723588e-04
2.723514e-04
2.722828e-04
2.716557e-04
2.664801e-04
2.617177e-04
2.617110e-04
2.616493e-04
2.610847e-04
2.564027e-04
2.535417e-04
2.535354e-04
2.534768e-04
2.529408e-04
2.484709e-04
2.460761e-04
2.460704e-04
2.460181e-04
2.455386e-04
2.414684e-04
2.402295e-04
2.402244e-04
2.401775e-04
2.397463e-04
2.360595e-04
2.355315e-04
2.355256e-04
2.354713e-04
2.349795e-04
2.312744e-04
2.545088e-04
2.545228e-04
2.546513e-04
2.558084e-04
2.644072e-04
3.037198e-04
3.037342e-04
3.038911e-04
3.055159e-04
3.196036e-04
3.953002e-04
3.953191e-04
3.954936e-04
3.970660e-04
4.089346e-04
4.684040e-04
4.683948e-04
4.683093e-04
4.675248e-04
4.608311e-04
4.444664e-04
4.444578e-04
4.443773e-04
4.436263e-04
4.370946e-04
4.206771e-04
4.206688e-04
4.205910e-04
4.198643e-04
4.135307e-04
3.985000e-04
3.984920e-04
3.984163e-04
3.977081e-04
3.915309e-04
3.779377e-04
3.779298e-04
3.778550e-04
3.771537e-04
3.710178e-04
3.576630e-04
3.576551e-04
3.575813e-04
3.568878e-04
3.505942e-04
3.328740e-04
3.328639e-04
3.327715e-04
3.319270e-04
3.249433e-04
3.111392e-04
3.111301e-04
3.110459e-04
3.102762e-04
3.039216e-04
2.929325e-04
2.929241e-04
2.928464e-04
2.921362e-04
2.862843e-04
2.778830e-04
2.778751e-04
2.778024e-04
2.771376e-04
2.716571e-04
2.647131e-04
2.647056e-04
2.646372e-04
2.640114e-04
2.588442e-04
2.529748e-04
2.529678e-04
2.529032e-04
2.523120e-04
2.474139e-04
2.420651e-04
2.420586e-04
2.419979e-04
2.414424e-04
2.368336e-04
2.326332e-04
2.326270e-04
2.325697e-04
2.320451e-04
2.276801e-04
2.241271e-04
2.241212e-04
2.240665e-04
2.235656e-04
2.193832e-04
2.162312e-04
2.162256e-04
2.161736e-04
2.156973e-04
2.117084e-04
2.090813e-04
2.090759e-04
2.090264e-04
2.085716e-04
2.047436e-04
2.021274e-04
2.021224e-04
2.020756e-04
2.016466e-04
1.980250e-04
1.960606e-04
1.960558e-04
1.960112e-04
1.956024e-04
1.921395e-04
1.905704e-04
1.905657e-04
1.905227e-04
1.901276e-04
1.867732e-04
1.854032e-04
1.853987e-04
1.853574e-04
1.849778e-04
1.817412e-04
1.803551e-04
1.803508e-04
1.803114e-04
1.799487e-04
1.768483e-04
1.756537e-04
1.756496e-04
1.756118e-04
1.752638e-04
1.722840e-04
1.714318e-04
1.714278e-04
1.713913e-04
1.710549e-04
1.681723e-04
1.675667e-04
1.675629e-04
1.675273e-04
1.671999e-04
1.643875e-04
1.636346e-04
1.636309e-04
1.635965e-04
1.632800e-04
1.605629e-04
1.601265e-04
1.601229e-04
1.600893e-04
1.597810e-04
1.571377e-04
1.569350e-04
1.569314e-04
1.568985e-04
1.565959e-04
1.540073e-04
1.539621e-04
1.539586e-04
1.539260e-04
1.536266e-04
1.510689e-04
1.508254e-04
1.508219e-04
1.507898e-04
1.504949e-04
1.479866e-04
1.479569e-04
1.479535e-04
1.479217e-04
1.476298e-04
1.451586e-04
1.453049e-04
1.453015e-04
1.452698e-04
1.449795e-04
1.425359e-04
1.428366e-04
1.428332e-04
1.428016e-04
1.425118e-04
1.400882e-04
1.405315e-04
1.405281e-04
1.404964e-04
1.402057e-04
1.377890e-04
1.382034e-04
1.381999e-04
1.381681e-04
1.378772e-04
1.354756e-04
1.360577e-04
1.360542e-04
1.360223e-04
1.357303e-04
1.333393e-04
1.340829e-04
1.340794e-04
1.340473e-04
1.337539e-04
1.313702e-04
1.322756e-04
1.322721e-04
1.322397e-04
1.319446e-04
1.295660e-04
1.306373e-04
1.306337e-04
1.306011e-04
1.303041e-04
1.279293e-04
1.291730e-04
1.291694e-04
1.291363e-04
1.288346e-04
1.264497e-04
1.281408e-04
1.281372e-04
1.281033e-04
1.277957e-04
1.253796e-04
1.270270e-04
1.270233e-04
1.269890e-04
1.266776e-04
1.242519e-04
1.260820e-04
1.260783e-04
1.260437e-04
1.257300e-04
1.233033e-04
1.252354e-04
1.252317e-04
1.251970e-04
1.248825e-04
1.224710e-04
1.247080e-04
1.247042e-04
1.246693e-04
1.243537e-04
1.219468e-04
1.241885e-04
1.241847e-04
1.241500e-04
1.238358e-04
1.214608e-04
1.240345e-04
1.240307e-04
1.239960e-04
1.236823e-04
1.213255e-04
1.239547e-04
1.239509e-04
1.239164e-04
1.236050e-04
1.212853e-04
1.242649e-04
1.242611e-04
1.242268e-04
1.239167e-04
1.216266e-04
1.249118e-04
1.249080e-04
1.248737e-04
1.245644e-04
1.222947e-04
1.256474e-04
1.256437e-04
1.256097e-04
1.253029e-04
1.230715e-04
1.267641e-04
1.267604e-04
1.267266e-04
1.264223e-04
1.242267e-04
1.281123e-04
1.281086e-04
1.280751e-04
1.277735e-04
1.256144e-04
1.298291e-04
1.298255e-04
1.297922e-04
1.294936e-04
1.273741e-04
1.319004e-04
1.318968e-04
1.318639e-04
1.315684e-04
1.294881e-04
1.343148e-04
1.343113e-04
1.342787e-04
1.339864e-04
1.319455e-04
1.370637e-04
1.370601e-04
1.370279e-04
1.367386e-04
1.347343e-04
1.400688e-04
1.400653e-04
1.400334e-04
1.397476e-04
1.377843e-04
1.434018e-04
1.433984e-04
1.433668e-04
1.430846e-04
1.411605e-04
1.470435e-04
1.470402e-04
1.470089e-04
1.467299e-04
1.448430e-04
1.509730e-04
1.509696e-04
1.509387e-04
1.506627e-04
1.488099e-04
1.551658e-04
1.551625e-04
1.551318e-04
1.548584e-04
1.530358e-04
1.595929e-04
1.595896e-04
1.595592e-04
1.592878e-04
1.574905e-04
1.642199e-04
1.642166e-04
1.641863e-04
1.639163e-04
1.621373e-04
1.689895e-04
1.689862e-04
1.689560e-04
1.686866e-04
1.669197e-04
1.738756e-04
1.738723e-04
1.738420e-04
1.735720e-04
1.718074e-04
1.788159e-04
1.788126e-04
1.787821e-04
1.785101e-04
1.767360e-04
1.837153e-04
1.837119e-04
1.836810e-04
1.834059e-04
1.816127e-04
1.885433e-04
1.885398e-04
1.885084e-04
1.882286e-04
1.864031e-04
1.927227e-04
1.927187e-04
1.926823e-04
1.923577e-04
1.902086e-04
1.956223e-04
1.956179e-04
1.955773e-04
1.952151e-04
1.927817e-04
1.973354e-04
1.973306e-04
1.972867e-04
1.968943e-04
1.942317e-04
1.980078e-04
1.980028e-04
1.979561e-04
1.975395e-04
1.946914e-04
1.977779e-04
1.977727e-04
1.977239e-04
1.972874e-04
1.942877e-04
1.967648e-04
1.967593e-04
1.967087e-04
1.962558e-04
1.931301e-04
1.950656e-04
1.950599e-04
1.950078e-04
1.945410e-04
1.913089e-04
1.927580e-04
1.927522e-04
1.926987e-04
1.922198e-04
1.888962e-04
1.899031e-04
1.898972e-04
1.898425e-04
1.893531e-04
1.859494e-04
1.865499e-04
1.865439e-04
1.864882e-04
1.859894e-04
1.825152e-04
1.827388e-04
1.827327e-04
1.826760e-04
1.821691e-04
1.786325e-04
1.785050e-04
1.784987e-04
1.784413e-04
1.779271e-04
1.743360e-04
1.763019e-04
1.762855e-04
1.761338e-04
1.747930e-04
1.696584e-04
1.737381e-04
1.737217e-04
1.735704e-04
1.722333e-04
1.646323e-04
1.714771e-04
1.714606e-04
1.713089e-04
1.699674e-04
1.616176e-04
1.683026e-04
1.682862e-04
1.681346e-04
1.667934e-04
1.584085e-04
1.644224e-04
1.644058e-04
1.642532e-04
1.628977e-04
1.541047e-04
1.560977e-04
1.560817e-04
1.559345e-04
1.546244e-04
1.459692e-04
1.459161e-04
1.459011e-04
1.457625e-04
1.445278e-04
1.362915e-04
1.353169e-04
1.353029e-04
1.351742e-04
1.340272e-04
1.263445e-04
1.252233e-04
1.252104e-04
1.250913e-04
1.240297e-04
1.169005e-04
1.156977e-04
1.156858e-04
1.155760e-04
1.145972e-04
1.080197e-04
8.609028e-05
8.607496e-05
8.593378e-05
8.466483e-05
7.547511e-05
6.399657e-05
6.399503e-05
6.398090e-05
6.385356e-05
6.291785e-05
6.204929e-05
6.204781e-05
6.203422e-05
6.191172e-05
6.101144e-05
6.019439e-05
6.019297e-05
6.017991e-05
6.006226e-05
5.919704e-05
5.840417e-05
5.840281e-05
5.839033e-05
5.827780e-05
5.745032e-05
5.671021e-05
5.670891e-05
5.669698e-05
5.658950e-05
5.579895e-05
5.510356e-05
5.510232e-05
5.509095e-05
5.498841e-05
5.423390e-05
5.357468e-05
5.357350e-05
5.356266e-05
5.346500e-05
5.274586e-05
5.211441e-05
5.211329e-05
5.210300e-05
5.201018e-05
5.132572e-05
5.071219e-05
5.071113e-05
5.070136e-05
5.061327e-05
4.996240e-05
4.935801e-05
4.935701e-05
4.934775e-05
4.926424e-05
4.864539e-05
4.803130e-05
4.803036e-05
4.802161e-05
4.794272e-05
4.735616e-05
4.673696e-05
4.673606e-05
4.672783e-05
4.665351e-05
4.609873e-05
4.546793e-05
4.546709e-05
4.545936e-05
4.538959e-05
4.486617e-05
4.421776e-05
4.421698e-05
4.420976e-05
4.414450e-05
4.365208e-05
4.298052e-05
4.297980e-05
4.297308e-05
4.291230e-05
4.245023e-05
4.175831e-05
4.175764e-05
4.175141e-05
4.169507e-05
4.126322e-05
4.052972e-05
4.052910e-05
4.052337e-05
4.047144e-05
4.006906e-05
3.929196e-05
3.929139e-05
3.928615e-05
3.923863e-05
3.886563e-05
3.804296e-05
3.804245e-05
3.803771e-05
3.799459e-05
3.765091e-05
3.678072e-05
3.678026e-05
3.677602e-05
3.673730e-05
3.642286e-05
3.550328e-05
3.550287e-05
3.549911e-05
3.546480e-05
3.517947e-05
3.420873e-05
3.420838e-05
3.420512e-05
3.417518e-05
3.391883e-05
3.327324e-05
3.327319e-05
3.327271e-05
3.326808e-05
3.321674e-05
3.313540e-05
3.313539e-05
3.313530e-05
3.313420e-05
3.310556e-05
3.299401e-05
3.299405e-05
3.299435e-05
3.299669e-05
3.299003e-05
3.284459e-05
3.284466e-05
3.284534e-05
3.285103e-05
3.286567e-05
3.268289e-05
3.268300e-05
3.268405e-05
3.269301e-05
3.272826e-05
3.250498e-05
3.250514e-05
3.250654e-05
3.251868e-05
3.257390e-05
3.315121e-05
3.315165e-05
3.315578e-05
3.319276e-05
3.345543e-05
3.411221e-05
3.411267e-05
3.411690e-05
3.415483e-05
3.442195e-05
3.633573e-05
3.633567e-05
3.633517e-05
3.633151e-05
3.638110e-05
3.991121e-05
3.991103e-05
3.990937e-05
3.989525e-05
3.986752e-05
4.337105e-05
4.337074e-05
4.336793e-05
4.334341e-05
4.323866e-05
4.672905e-05
4.672862e-05
4.672465e-05
4.668964e-05
4.650736e-05
4.997672e-05
4.997616e-05
4.997102e-05
4.992546e-05
4.966502e-05
5.310428e-05
5.310359e-05
5.309728e-05
5.304111e-05
5.270198e-05
5.610152e-05
5.610070e-05
5.609321e-05
5.602638e-05
5.560762e-05
5.893264e-05
5.893170e-05
5.892304e-05
5.884571e-05
5.834879e-05
6.161714e-05
6.161608e-05
6.160626e-05
6.151845e-05
6.094344e-05
6.414623e-05
6.414504e-05
6.413407e-05
6.403585e-05
6.338312e-05
6.651159e-05
6.651026e-05
6.649796e-05
6.638761e-05
6.563328e-05
6.838723e-05
6.838580e-05
6.837258e-05
6.825398e-05
6.744065e-05
7.016731e-05
7.016577e-05
7.015157e-05
7.002380e-05
6.913030e-05
7.835395e-05
7.835827e-05
7.840456e-05
7.887475e-05
8.257914e-05
9.541911e-05
9.542537e-05
9.548300e-05
9.599737e-05
9.955011e-05
1.096142e-04
1.096194e-04
1.096673e-04
1.100931e-04
1.128985e-04
1.198107e-04
1.198151e-04
1.198557e-04
1.202138e-04
1.224583e-04
1.271528e-04
1.271566e-04
1.271913e-04
1.274968e-04
1.293112e-04
1.323971e-04
1.324004e-04
1.324306e-04
1.326941e-04
1.341723e-04
1.360593e-04
1.360561e-04
1.360264e-04
1.357512e-04
1.331815e-04
1.190534e-04
1.190508e-04
1.190262e-04
1.187931e-04
1.165411e-04
1.042989e-04
1.042966e-04
1.042753e-04
1.040721e-04
1.020636e-04
9.133554e-05
9.133359e-05
9.131517e-05
9.113909e-05
8.934883e-05
7.994121e-05
7.993953e-05
7.992370e-05
7.977129e-05
7.816754e-05
8.003746e-05
8.003004e-05
7.996135e-05
7.935464e-05
7.569551e-05
8.226244e-05
8.225481e-05
8.218470e-05
8.156741e-05
7.787969e-05
8.528690e-05
8.527902e-05
8.520656e-05
8.456869e-05
8.076865e-05
8.862253e-05
8.861433e-05
8.853899e-05
8.787572e-05
8.392083e-05
9.198787e-05
9.197934e-05
9.190095e-05
9.121061e-05
8.708330e-05
9.521979e-05
9.521094e-05
9.512953e-05
9.441237e-05
9.011011e-05
9.822441e-05
9.821524e-05
9.813098e-05
9.738841e-05
9.291751e-05
1.009491e-04
1.009397e-04
1.008528e-04
1.000868e-04
9.545872e-05
1.033662e-04
1.033565e-04
1.032672e-04
1.024803e-04
9.770918e-05
1.054631e-04
1.054531e-04
1.053618e-04
1.045565e-04
9.965790e-05
1.072366e-04
1.072265e-04
1.071334e-04
1.063122e-04
1.013022e-04
1.086892e-04
1.086790e-04
1.085844e-04
1.077500e-04
1.026446e-04
1.098272e-04
1.098168e-04
1.097211e-04
1.088759e-04
1.036910e-04
1.106590e-04
1.106485e-04
1.105518e-04
1.096983e-04
1.044491e-04
1.111944e-04
1.111838e-04
1.110865e-04
1.102270e-04
1.049283e-04
1.114444e-04
1.114338e-04
1.113361e-04
1.104728e-04
1.051388e-04
1.114206e-04
1.114099e-04
1.113121e-04
1.104471e-04
1.050913e-04
1.111348e-04
1.111242e-04
1.110264e-04
1.101619e-04
1.047973e-04
1.105996e-04
1.105890e-04
1.104915e-04
1.096293e-04
1.042682e-04
1.098275e-04
1.098170e-04
1.097199e-04
1.088619e-04
1.035161e-04
1.088315e-04
1.088211e-04
1.087247e-04
1.078725e-04
1.025532e-04
1.076247e-04
1.076143e-04
1.075188e-04
1.066741e-04
1.013920e-04
1.062204e-04
1.062100e-04
1.061149e-04
1.052727e-04
9.996941e-05
1.041766e-04
1.041665e-04
1.040732e-04
1.032475e-04
9.804644e-05
1.021105e-04
1.021003e-04
1.020068e-04
1.011768e-04
9.584975e-05
9.831155e-05
9.830193e-05
9.821340e-05
9.742953e-05
9.247032e-05
9.570014e-05
9.569090e-05
9.560584e-05
9.485358e-05
9.014438e-05
9.384478e-05
9.383579e-05
9.375310e-05
9.302235e-05
8.848014e-05
9.241515e-05
9.240634e-05
9.232531e-05
9.160963e-05
8.718074e-05
9.119455e-05
9.118588e-05
9.110609e-05
9.040164e-05
8.605267e-05
9.001618e-05
9.000762e-05
8.992890e-05
8.923391e-05
8.494817e-05
8.882430e-05
8.881585e-05
8.873809e-05
8.805164e-05
8.381928e-05
8.756310e-05
8.755475e-05
8.747795e-05
8.679994e-05
8.261752e-05
8.620090e-05
8.619266e-05
8.611686e-05
8.544766e-05
8.131588e-05
8.472209e-05
8.471397e-05
8.463925e-05
8.397954e-05
7.990167e-05
8.312179e-05
8.311379e-05
8.304025e-05
8.239087e-05
7.837167e-05
8.140223e-05
8.139437e-05
8.132211e-05
8.068398e-05
7.672896e-05
7.957036e-05
7.956265e-05
7.949174e-05
7.886536e-05
7.497830e-05
7.770264e-05
7.769508e-05
7.762557e-05
7.701149e-05
7.319443e-05
7.571618e-05
7.570879e-05
7.564079e-05
7.503999e-05
7.129886e-05
7.361212e-05
7.360490e-05
7.353856e-05
7.295233e-05
6.929674e-05
7.143620e-05
7.142918e-05
7.136458e-05
7.079369e-05
6.722918e-05
6.920792e-05
6.920109e-05
6.913831e-05
6.858338e-05
6.511414e-05
6.691293e-05
6.690632e-05
6.684545e-05
6.630739e-05
6.294078e-05
6.461848e-05
6.461207e-05
6.455313e-05
6.403207e-05
6.076903e-05
6.233125e-05
6.232506e-05
6.226805e-05
6.176406e-05
5.860532e-05
6.005942e-05
6.005343e-05
5.999836e-05
5.951146e-05
5.645745e-05
5.781178e-05
5.780600e-05
5.775287e-05
5.728302e-05
5.433379e-05
5.559732e-05
5.559175e-05
5.554054e-05
5.508763e-05
5.224284e-05
5.342485e-05
5.341949e-05
5.337017e-05
5.293402e-05
5.019290e-05
5.130279e-05
5.129763e-05
5.125018e-05
5.083054e-05
4.819189e-05
4.923903e-05
4.923407e-05
4.918845e-05
4.878500e-05
4.624719e-05
4.724081e-05
4.723605e-05
4.719222e-05
4.680458e-05
4.436556e-05
4.531468e-05
4.531010e-05
4.526801e-05
4.489575e-05
4.255309e-05
4.346640e-05
4.346201e-05
4.342160e-05
4.306422e-05
4.081514e-05
4.170101e-05
4.169679e-05
4.165800e-05
4.131497e-05
3.915635e-05
4.002274e-05
4.001870e-05
3.998146e-05
3.965219e-05
3.758063e-05
3.843512e-05
3.843123e-05
3.839548e-05
3.807934e-05
3.609117e-05
3.694090e-05
3.693716e-05
3.690282e-05
3.659916e-05
3.469051e-05
3.554216e-05
3.553857e-05
3.550556e-05
3.521370e-05
3.338048e-05
3.424031e-05
3.423686e-05
3.420510e-05
3.392434e-05
3.216235e-05
3.303615e-05
3.303283e-05
3.300224e-05
3.273186e-05
3.103675e-05
3.192989e-05
3.192668e-05
3.189719e-05
3.163646e-05
3.000361e-05
3.091439e-05
3.091129e-05
3.088280e-05
3.063104e-05
2.905651e-05
2.999556e-05
2.999257e-05
2.996501e-05
2.972149e-05
2.820078e-05
2.917221e-05
2.916930e-05
2.914259e-05
2.890658e-05
2.743518e-05
2.844270e-05
2.843988e-05
2.841393e-05
2.818469e-05
2.675813e-05
2.780504e-05
2.780230e-05
2.777703e-05
2.755385e-05
2.616768e-05
2.725690e-05
2.725422e-05
2.722955e-05
2.701173e-05
2.566154e-05
2.679561e-05
2.679298e-05
2.676884e-05
2.655567e-05
2.523717e-05
2.641823e-05
2.641565e-05
2.639195e-05
2.618277e-05
2.489174e-05
2.612156e-05
2.611902e-05
2.609570e-05
2.588984e-05
2.462217e-05
2.590218e-05
2.589968e-05
2.587663e-05
2.567329e-05
2.442297e-05
2.573509e-05
2.573261e-05
2.570982e-05
2.550874e-05
2.427510e-05
2.563933e-05
2.563688e-05
2.561427e-05
2.541486e-05
2.419417e-05
2.561080e-05
2.560835e-05
2.558587e-05
2.538756e-05
2.417623e-05
2.564534e-05
2.564290e-05
2.562047e-05
2.542272e-05
2.421733e-05
2.573874e-05
2.573630e-05
2.571387e-05
2.551617e-05
2.431348e-05
2.588677e-05
2.588433e-05
2.586184e-05
2.566371e-05
2.446065e-05
2.608515e-05
2.608270e-05
2.606011e-05
2.586110e-05
2.465479e-05
2.632959e-05
2.632712e-05
2.630438e-05
2.610403e-05
2.489128e-05
2.660769e-05
2.660520e-05
2.658227e-05
2.638031e-05
2.515945e-05
2.692282e-05
2.692030e-05
2.689714e-05
2.669321e-05
2.546198e-05
2.727080e-05
2.726825e-05
2.724484e-05
2.703861e-05
2.579494e-05
2.764751e-05
2.764494e-05
2.762122e-05
2.741243e-05
2.615441e-05
2.804887e-05
2.804626e-05
2.802222e-05
2.781059e-05
2.653653e-05
2.847084e-05
2.846819e-05
2.844380e-05
2.822911e-05
2.693748e-05
2.890944e-05
2.890675e-05
2.888199e-05
2.866405e-05
2.735350e-05
2.936077e-05
2.935804e-05
2.933289e-05
2.911152e-05
2.778091e-05
2.982102e-05
2.981824e-05
2.979269e-05
2.956776e-05
2.821612e-05
3.028646e-05
3.028364e-05
3.025767e-05
3.002907e-05
2.865560e-05
3.075348e-05
3.075061e-05
3.072421e-05
3.049187e-05
2.909596e-05
3.121857e-05
3.121566e-05
3.118883e-05
3.095270e-05
2.953391e-05
3.167839e-05
3.167542e-05
3.164817e-05
3.140821e-05
2.996630e-05
3.211549e-05
3.211248e-05
3.208482e-05
3.184131e-05
3.037846e-05
3.255673e-05
3.255368e-05
3.252559e-05
3.227836e-05
3.079317e-05
3.299237e-05
3.298927e-05
3.296076e-05
3.270976e-05
3.120153e-05
3.341550e-05
3.341235e-05
3.338341e-05
3.312862e-05
3.159699e-05
3.381324e-05
3.381004e-05
3.378069e-05
3.352227e-05
3.196808e-05
3.418989e-05
3.418666e-05
3.415690e-05
3.389495e-05
3.231866e-05
3.454216e-05
3.453888e-05
3.450874e-05
3.424339e-05
3.264569e-05
3.486741e-05
3.486409e-05
3.483359e-05
3.456499e-05
3.294675e-05
3.516350e-05
3.516015e-05
3.512930e-05
3.485763e-05
3.321988e-05
3.542867e-05
3.542528e-05
3.539410e-05
3.511957e-05
3.346347e-05
3.566145e-05
3.565802e-05
3.562655e-05
3.534937e-05
3.367617e-05
3.586064e-05
3.585718e-05
3.582544e-05
3.554584e-05
3.385690e-05
3.602527e-05
3.602179e-05
3.598980e-05
3.570803e-05
3.400478e-05
3.615460e-05
3.615109e-05
3.611889e-05
3.583519e-05
3.411913e-05
3.624807e-05
3.624454e-05
3.621215e-05
3.592679e-05
3.419950e-05
3.630533e-05
3.630179e-05
3.626923e-05
3.598248e-05
3.424556e-05
3.632621e-05
3.632266e-05
3.628998e-05
3.600210e-05
3.425721e-05
3.631073e-05
3.630716e-05
3.627439e-05
3.598566e-05
3.423449e-05
3.625907e-05
3.625550e-05
3.622266e-05
3.593337e-05
3.417761e-05
3.617159e-05
3.616801e-05
3.613515e-05
3.584557e-05
3.408695e-05
3.604880e-05
3.604522e-05
3.601236e-05
3.572277e-05
3.396303e-05
3.589136e-05
3.588779e-05
3.585496e-05
3.556565e-05
3.380650e-05
3.570008e-05
3.569652e-05
3.566375e-05
3.537500e-05
3.361816e-05
3.547590e-05
3.547235e-05
3.543968e-05
3.515175e-05
3.339893e-05
3.521988e-05
3.521634e-05
3.518380e-05
3.489697e-05
3.314983e-05
3.493318e-05
3.492966e-05
3.489727e-05
3.461181e-05
3.287199e-05
3.461708e-05
3.461358e-05
3.458138e-05
3.429753e-05
3.256664e-05
3.427293e-05
3.426945e-05
3.423746e-05
3.395548e-05
3.223508e-05
3.390215e-05
3.389869e-05
3.386694e-05
3.358708e-05
3.187868e-05
3.350623e-05
3.350281e-05
3.347133e-05
3.319380e-05
3.149886e-05
3.308673e-05
3.308334e-05
3.305215e-05
3.277719e-05
3.109709e-05
3.264522e-05
3.264186e-05
3.261099e-05
3.233880e-05
3.067488e-05
3.218331e-05
3.217999e-05
3.214945e-05
3.188024e-05
3.023377e-05
3.170262e-05
3.169934e-05
3.166916e-05
3.140312e-05
2.977528e-05
3.120479e-05
3.120155e-05
3.117176e-05
3.090905e-05
2.930098e-05
3.069145e-05
3.068825e-05
3.065886e-05
3.039966e-05
2.881239e-05
3.016422e-05
3.016106e-05
3.013208e-05
2.987654e-05
2.831106e-05
2.962468e-05
2.962157e-05
2.959302e-05
2.934128e-05
2.779848e-05
2.907441e-05
2.907135e-05
2.904325e-05
2.879543e-05
2.727614e-05
2.851494e-05
2.851194e-05
2.848429e-05
2.824051e-05
2.674547e-05
2.794777e-05
2.794481e-05
2.791764e-05
2.767800e-05
2.620788e-05
2.737433e-05
2.737143e-05
2.734474e-05
2.710933e-05
2.566472e-05
2.679603e-05
2.679318e-05
2.676698e-05
2.653588e-05
2.511731e-05
2.621420e-05
2.621140e-05
2.618570e-05
2.595899e-05
2.456690e-05
2.563012e-05
2.562738e-05
2.560218e-05
2.537991e-05
2.401468e-05
2.504503e-05
2.504234e-05
2.501761e-05
2.479950e-05
2.345782e-05
2.442690e-05
2.442427e-05
2.440010e-05
2.418688e-05
2.287519e-05
2.381658e-05
2.381401e-05
2.379039e-05
2.358203e-05
2.230010e-05
2.321390e-05
2.321139e-05
2.318831e-05
2.298477e-05
2.173232e-05
2.261888e-05
2.261643e-05
2.259390e-05
2.239512e-05
2.117189e-05
2.203171e-05
2.202932e-05
2.200732e-05
2.181327e-05
2.061898e-05
2.145265e-05
2.145031e-05
2.142884e-05
2.123947e-05
2.007384e-05
2.088199e-05
2.087971e-05
2.085876e-05
2.067402e-05
1.953676e-05
2.032006e-05
2.031784e-05
2.029741e-05
2.011725e-05
1.900805e-05
1.976719e-05
1.976502e-05
1.974511e-05
1.956947e-05
1.850463e-05
1.922369e-05
1.922158e-05
1.920218e-05
1.903101e-05
1.804676e-05
1.868988e-05
1.868782e-05
1.866892e-05
1.850216e-05
1.759323e-05
1.816603e-05
1.816403e-05
1.814562e-05
1.798321e-05
1.714459e-05
1.765244e-05
1.765049e-05
1.763256e-05
1.747443e-05
1.670134e-05
1.714934e-05
1.714744e-05
1.712999e-05
1.697607e-05
1.626396e-05
1.665699e-05
1.665514e-05
1.663816e-05
1.648838e-05
1.583294e-05
1.617560e-05
1.617381e-05
1.615729e-05
1.601157e-05
1.540872e-05
1.570539e-05
1.570365e-05
1.568758e-05
1.554584e-05
1.499172e-05
1.524654e-05
1.524484e-05
1.522922e-05
1.509139e-05
1.458235e-05
1.479923e-05
1.479757e-05
1.478238e-05
1.464837e-05
1.418097e-05
1.436358e-05
1.436198e-05
1.434721e-05
1.421694e-05
1.378794e-05
1.393975e-05
1.393819e-05
1.392384e-05
1.379721e-05
1.340357e-05
1.352783e-05
1.352631e-05
1.351236e-05
1.338929e-05
1.302816e-05
1.312790e-05
1.312642e-05
1.311287e-05
1.299327e-05
1.266198e-05
1.274002e-05
1.273859e-05
1.272542e-05
1.260920e-05
1.230525e-05
1.236424e-05
1.236285e-05
1.235005e-05
1.223711e-05
1.195818e-05
1.200057e-05
1.199922e-05
1.198678e-05
1.187703e-05
1.162096e-05
1.164900e-05
1.164769e-05
1.163560e-05
1.152895e-05
1.129372e-05
1.130951e-05
1.130823e-05
1.129648e-05
1.119283e-05
1.097660e-05
1.098205e-05
1.098080e-05
1.096938e-05
1.087245e-05
1.066968e-05
1.066655e-05
1.066534e-05
1.065424e-05
1.056986e-05
1.037304e-05
1.036292e-05
1.036175e-05
1.035095e-05
1.027773e-05
1.008671e-05
1.007107e-05
1.006993e-05
1.005943e-05
9.996093e-06
9.810720e-06
9.790871e-06
9.789760e-06
9.779547e-06
9.724947e-06
9.545064e-06
9.522189e-06
9.521108e-06
9.511169e-06
9.464270e-06
9.289714e-06
9.264872e-06
9.263820e-06
9.254144e-06
9.214018e-06
9.044623e-06
9.018755e-06
9.017730e-06
9.008308e-06
8.974126e-06
8.809723e-06
8.783659e-06
8.782660e-06
8.773480e-06
8.744511e-06
8.584927e-06
8.559391e-06
8.558418e-06
8.549470e-06
8.525067e-06
8.370130e-06
8.345750e-06
8.344782e-06
8.335877e-06
8.307568e-06
8.105260e-06
8.001899e-06
8.000984e-06
7.992567e-06
7.918255e-06
7.706025e-06
7.741352e-06
7.740477e-06
7.732425e-06
7.661413e-06
7.430110e-06
7.537860e-06
7.537015e-06
7.529241e-06
7.460733e-06
7.231591e-06
7.373416e-06
7.372594e-06
7.365036e-06
7.298472e-06
7.081564e-06
7.235742e-06
7.234939e-06
7.227554e-06
7.162544e-06
6.961869e-06
7.116523e-06
7.115736e-06
7.108494e-06
7.050044e-06
6.861161e-06
7.010174e-06
7.009400e-06
7.002281e-06
6.961239e-06
6.772419e-06
6.912984e-06
6.912415e-06
6.909120e-06
6.879847e-06
6.691362e-06
6.836182e-06
6.835825e-06
6.832535e-06
6.803318e-06
6.615437e-06
6.762962e-06
6.762606e-06
6.759328e-06
6.730215e-06
6.543177e-06
6.692372e-06
6.692017e-06
6.688755e-06
6.659785e-06
6.473786e-06
6.624081e-06
6.623728e-06
6.620485e-06
6.591684e-06
6.406877e-06
6.557997e-06
6.557647e-06
6.554424e-06
6.525813e-06
6.342309e-06
6.494160e-06
6.493812e-06
6.490612e-06
6.462202e-06
6.280074e-06
6.432675e-06
6.432330e-06
6.429153e-06
6.400951e-06
6.220241e-06
6.373670e-06
6.373328e-06
6.370175e-06
6.342184e-06
6.162905e-06
6.317277e-06
6.316937e-06
6.313807e-06
6.286025e-06
6.108171e-06
6.263608e-06
6.263270e-06
6.260164e-06
6.232587e-06
6.056131e-06
6.212757e-06
6.212422e-06
6.209338e-06
6.181959e-06
6.006861e-06
6.164789e-06
6.164456e-06
6.161393e-06
6.134205e-06
5.960413e-06
6.119741e-06
6.119411e-06
6.116368e-06
6.089360e-06
5.916811e-06
6.077621e-06
6.077292e-06
6.074269e-06
6.047431e-06
5.876056e-06
6.038408e-06
6.038081e-06
6.035075e-06
6.008396e-06
5.838121e-06
6.002055e-06
6.001730e-06
5.998740e-06
5.972208e-06
5.802955e-06
5.968490e-06
5.968166e-06
5.965191e-06
5.938793e-06
5.770481e-06
5.937616e-06
5.937294e-06
5.934333e-06
5.908057e-06
5.740604e-06
5.909317e-06
5.908997e-06
5.906048e-06
5.879882e-06
5.713206e-06
5.883459e-06
5.883140e-06
5.880202e-06
5.854134e-06
5.688154e-06
5.859890e-06
5.859571e-06
5.856643e-06
5.830662e-06
5.665299e-06
5.838445e-06
5.838127e-06
5.835207e-06
5.809301e-06
5.644479e-06
5.818948e-06
5.818631e-06
5.815719e-06
5.789878e-06
5.625522e-06
5.801214e-06
5.800898e-06
5.797992e-06
5.772206e-06
5.608248e-06
5.785052e-06
5.784736e-06
5.781835e-06
5.756095e-06
5.592470e-06
5.770264e-06
5.769949e-06
5.767052e-06
5.741349e-06
5.577997e-06
5.756652e-06
5.756337e-06
5.753443e-06
5.727771e-06
5.564637e-06
5.744016e-06
5.743701e-06
5.740810e-06
5.715160e-06
5.552196e-06
5.732156e-06
5.731842e-06
5.728953e-06
5.703321e-06
5.540482e-06
5.720877e-06
5.720563e-06
5.717675e-06
5.692055e-06
5.529304e-06
5.709984e-06
5.709670e-06
5.706783e-06
5.681172e-06
5.518478e-06
5.699291e-06
5.698977e-06
5.696091e-06
5.670485e-06
5.507822e-06
5.688615e-06
5.688301e-06
5.685415e-06
5.659812e-06
5.497161e-06
5.677781e-06
5.677467e-06
5.674581e-06
5.648980e-06
5.486327e-06
5.666621e-06
5.666308e-06
5.663422e-06
5.637823e-06
5.475160e-06
5.654978e-06
5.654665e-06
5.651779e-06
5.626182e-06
5.463507e-06
5.642701e-06
5.642387e-06
5.639502e-06
5.613909e-06
5.451226e-06
5.629649e-06
5.629336e-06
5.626451e-06
5.600863e-06
5.438182e-06
5.615692e-06
5.615379e-06
5.612496e-06
5.586915e-06
5.424249e-06
5.600709e-06
5.600396e-06
5.597514e-06
5.571946e-06
5.409314e-06
5.584589e-06
5.584276e-06
5.581396e-06
5.555844e-06
5.393271e-06
5.567232e-06
5.566919e-06
5.564042e-06
5.538510e-06
5.376024e-06
5.548547e-06
5.548235e-06
5.545360e-06
5.519855e-06
5.357488e-06
5.528454e-06
5.528142e-06
5.525271e-06
5.499798e-06
5.337587e-06
5.506884e-06
5.506572e-06
5.503706e-06
5.478272e-06
5.316255e-06
5.483775e-06
5.483464e-06
5.480603e-06
5.455215e-06
5.293436e-06
5.459078e-06
5.458767e-06
5.455912e-06
5.430577e-06
5.269082e-06
5.432751e-06
5.432439e-06
5.429574e-06
5.404113e-06
5.239650e-06
5.364762e-06
5.364455e-06
5.361630e-06
5.336544e-06
5.175485e-06
5.311635e-06
5.311331e-06
5.308530e-06
5.283677e-06
5.124802e-06
5.268146e-06
5.267844e-06
5.265058e-06
5.240345e-06
5.082865e-06
5.231432e-06
5.231130e-06
5.228356e-06
5.203753e-06
5.047345e-06
5.199313e-06
5.199012e-06
5.196246e-06
5.171714e-06
5.016005e-06
5.169405e-06
5.169105e-06
5.166345e-06
5.141868e-06
4.986659e-06
5.140180e-06
5.139881e-06
5.137126e-06
5.112698e-06
4.957894e-06
5.110635e-06
5.110336e-06
5.107587e-06
5.083212e-06
4.928784e-06
5.080107e-06
5.079809e-06
5.077066e-06
5.052750e-06
4.898711e-06
5.048157e-06
5.047860e-06
5.045125e-06
5.020878e-06
4.867268e-06
5.014503e-06
5.014207e-06
5.011481e-06
4.987315e-06
4.834191e-06
4.978968e-06
4.978673e-06
4.975958e-06
4.951885e-06
4.799316e-06
4.941454e-06
4.941160e-06
4.938457e-06
4.914490e-06
4.762550e-06
4.901918e-06
4.901626e-06
4.898936e-06
4.875089e-06
4.723854e-06
4.860360e-06
4.860069e-06
4.857394e-06
4.833679e-06
4.683231e-06
4.816811e-06
4.816522e-06
4.813864e-06
4.790294e-06
4.640711e-06
4.771329e-06
4.771042e-06
4.768402e-06
4.744990e-06
4.596350e-06
4.723990e-06
4.723705e-06
4.721084e-06
4.697842e-06
4.550223e-06
4.674885e-06
4.674603e-06
4.672002e-06
4.648941e-06
4.502417e-06
4.624117e-06
4.623837e-06
4.621258e-06
4.598389e-06
4.453033e-06
4.571796e-06
4.571519e-06
4.568963e-06
4.546297e-06
4.406766e-06
4.518040e-06
4.517765e-06
4.515233e-06
4.492780e-06
4.361047e-06
4.462969e-06
4.462696e-06
4.460190e-06
4.437959e-06
4.313734e-06
4.406704e-06
4.406435e-06
4.403954e-06
4.381955e-06
4.264960e-06
4.349369e-06
4.349103e-06
4.346649e-06
4.324889e-06
4.214853e-06
4.291085e-06
4.290822e-06
4.288396e-06
4.266883e-06
4.163539e-06
4.231972e-06
4.231712e-06
4.229315e-06
4.208055e-06
4.111141e-06
4.172147e-06
4.171890e-06
4.169522e-06
4.148523e-06
4.057779e-06
4.111723e-06
4.111469e-06
4.109132e-06
4.088398e-06
4.003569e-06
4.050812e-06
4.050561e-06
4.048254e-06
4.027791e-06
3.948622e-06
3.989519e-06
3.989271e-06
3.986995e-06
3.966808e-06
3.893047e-06
3.927946e-06
3.927702e-06
3.925458e-06
3.905549e-06
3.836947e-06
3.866192e-06
3.865951e-06
3.863739e-06
3.844113e-06
3.780425e-06
3.804350e-06
3.804113e-06
3.801933e-06
3.782592e-06
3.723576e-06
3.742510e-06
3.742277e-06
3.740129e-06
3.721077e-06
3.666495e-06
3.680758e-06
3.680528e-06
3.678413e-06
3.659650e-06
3.609270e-06
3.619175e-06
3.618949e-06
3.616867e-06
3.598927e-06
3.551989e-06
3.557839e-06
3.557616e-06
3.555567e-06
3.541052e-06
3.494732e-06
3.496822e-06
3.496603e-06
3.494587e-06
3.483268e-06
3.437580e-06
3.436196e-06
3.435980e-06
3.433997e-06
3.425653e-06
3.380608e-06
3.376025e-06
3.375813e-06
3.374007e-06
3.368280e-06
3.323887e-06
3.317548e-06
3.317481e-06
3.316861e-06
3.311220e-06
3.267487e-06
3.260770e-06
3.260704e-06
3.260094e-06
3.254539e-06
3.211473e-06
3.204434e-06
3.204368e-06
3.203768e-06
3.198299e-06
3.155906e-06
3.148599e-06
3.148535e-06
3.147944e-06
3.142562e-06
3.100845e-06
3.093322e-06
3.093259e-06
3.092678e-06
3.087384e-06
3.046346e-06
3.038658e-06
3.038596e-06
3.038024e-06
3.032817e-06
2.992460e-06
2.984655e-06
2.984594e-06
2.984032e-06
2.978913e-06
2.939237e-06
2.931361e-06
2.931301e-06
2.930748e-06
2.925717e-06
2.886721e-06
2.878819e-06
2.878760e-06
2.878217e-06
2.873273e-06
2.834956e-06
2.827070e-06
2.827012e-06
2.826479e-06
2.821621e-06
2.783981e-06
2.776152e-06
2.776095e-06
2.775571e-06
2.770800e-06
2.733832e-06
2.726098e-06
2.726042e-06
2.725527e-06
2.720842e-06
2.684542e-06
2.676939e-06
2.676885e-06
2.676379e-06
2.671778e-06
2.636142e-06
2.628704e-06
2.628651e-06
2.628155e-06
2.623637e-06
2.588657e-06
2.581418e-06
2.581365e-06
2.580878e-06
2.576444e-06
2.542113e-06
2.535102e-06
2.535051e-06
2.534573e-06
2.530220e-06
2.496531e-06
2.489776e-06
2.489725e-06
2.489256e-06
2.484985e-06
2.451928e-06
2.445456e-06
2.445406e-06
2.444946e-06
2.440754e-06
2.408321e-06
2.402156e-06
2.402107e-06
2.401655e-06
2.397542e-06
2.365722e-06
2.359886e-06
2.359838e-06
2.359394e-06
2.355358e-06
2.324142e-06
2.318654e-06
2.318607e-06
2.318172e-06
2.314211e-06
2.283588e-06
2.278466e-06
2.278420e-06
2.277993e-06
2.274106e-06
2.244064e-06
2.239325e-06
2.239279e-06
2.238860e-06
2.235046e-06
2.205574e-06
2.201231e-06
2.201186e-06
2.200775e-06
2.197032e-06
2.168118e-06
2.164183e-06
2.164139e-06
2.163735e-06
2.160062e-06
2.131692e-06
2.128176e-06
2.128133e-06
2.127737e-06
2.124131e-06
2.096294e-06
2.093204e-06
2.093162e-06
2.092773e-06
2.089233e-06
2.061916e-06
2.059260e-06
2.059218e-06
2.058836e-06
2.055361e-06
2.028550e-06
2.026332e-06
2.026291e-06
2.025916e-06
2.022503e-06
1.996186e-06
1.994408e-06
1.994369e-06
1.994000e-06
1.990648e-06
1.964810e-06
1.963476e-06
1.963436e-06
1.963075e-06
1.959782e-06
1.934410e-06
1.933518e-06
1.933480e-06
1.933124e-06
1.929889e-06
1.904970e-06
1.904518e-06
1.904480e-06
1.904131e-06
1.900951e-06
1.876472e-06
1.876458e-06
1.876421e-06
1.876077e-06
1.872952e-06
1.848898e-06
1.849317e-06
1.849280e-06
1.848943e-06
1.845869e-06
1.822228e-06
1.823074e-06
1.823038e-06
1.822706e-06
1.819683e-06
1.796441e-06
1.797708e-06
1.797672e-06
1.797345e-06
1.794371e-06
1.771515e-06
1.773194e-06
1.773159e-06
1.772837e-06
1.769910e-06
1.747426e-06
1.749508e-06
1.749474e-06
1.749157e-06
1.746276e-06
1.724152e-06
1.726627e-06
1.726593e-06
1.726281e-06
1.723444e-06
1.701666e-06
1.704523e-06
1.704489e-06
1.704182e-06
1.701387e-06
1.679944e-06
1.683170e-06
1.683137e-06
1.682834e-06
1.680080e-06
1.658959e-06
1.662542e-06
1.662510e-06
1.662211e-06
1.659496e-06
1.638686e-06
1.642611e-06
1.642580e-06
1.642285e-06
1.639608e-06
1.619096e-06
1.623351e-06
1.623319e-06
1.623029e-06
1.620388e-06
1.600163e-06
1.604732e-06
1.604701e-06
1.604415e-06
1.601809e-06
1.581860e-06
1.586728e-06
1.586698e-06
1.586415e-06
1.583843e-06
1.564159e-06
1.569310e-06
1.569280e-06
1.569001e-06
1.566461e-06
1.547032e-06
1.552451e-06
1.552421e-06
1.552145e-06
1.549636e-06
1.530453e-06
1.536122e-06
1.536092e-06
1.535820e-06
1.533341e-06
1.514392e-06
1.520296e-06
1.520267e-06
1.519997e-06
1.517547e-06
1.498824e-06
1.504946e-06
1.504917e-06
1.504650e-06
1.502227e-06
1.483722e-06
1.490044e-06
1.490015e-06
1.489752e-06
1.487355e-06
1.469058e-06
1.475564e-06
1.475536e-06
1.475275e-06
1.472904e-06
1.454806e-06
1.461480e-06
1.461452e-06
1.461194e-06
1.458847e-06
1.440942e-06
1.447765e-06
1.447737e-06
1.447482e-06
1.445159e-06
1.427438e-06
1.434395e-06
1.434368e-06
1.434115e-06
1.431815e-06
1.414272e-06
1.421345e-06
1.421318e-06
1.421068e-06
1.418789e-06
1.401417e-06
1.408591e-06
1.408564e-06
1.408316e-06
1.406059e-06
1.388852e-06
1.396110e-06
1.396083e-06
1.395837e-06
1.393600e-06
1.376552e-06
1.383879e-06
1.383852e-06
1.383608e-06
1.381391e-06
1.364496e-06
1.371875e-06
1.371849e-06
1.371607e-06
1.369409e-06
1.352662e-06
1.360079e-06
1.360053e-06
1.359813e-06
1.357633e-06
1.341030e-06
1.348469e-06
1.348443e-06
1.348205e-06
1.346043e-06
1.329579e-06
1.337025e-06
1.337000e-06
1.336764e-06
1.334619e-06
1.318290e-06
1.325730e-06
1.325705e-06
1.325471e-06
1.323343e-06
1.307145e-06
1.314566e-06
1.314540e-06
1.314308e-06
1.312197e-06
1.296127e-06
1.303514e-06
1.303489e-06
1.303259e-06
1.301164e-06
1.285218e-06
1.292559e-06
1.292535e-06
1.292306e-06
1.290227e-06
1.274403e-06
1.281686e-06
1.281662e-06
1.281435e-06
1.279371e-06
1.263667e-06
1.270881e-06
1.270856e-06
1.270631e-06
1.268583e-06
1.252995e-06
1.260129e-06
1.260104e-06
1.259881e-06
1.257848e-06
1.242375e-06
1.249417e-06
1.249393e-06
1.249171e-06
1.247153e-06
1.231794e-06
1.238735e-06
1.238711e-06
1.238491e-06
1.236488e-06
1.221241e-06
1.228071e-06
1.228048e-06
1.227829e-06
1.225840e-06
1.210705e-06
1.217415e-06
1.217392e-06
1.217175e-06
1.215201e-06
1.200175e-06
1.206758e-06
1.206735e-06
1.206519e-06
1.204560e-06
1.189644e-06
1.196092e-06
1.196069e-06
1.195855e-06
1.193909e-06
1.179103e-06
1.185408e-06
1.185385e-06
1.185173e-06
1.183242e-06
1.168544e-06
1.174700e-06
1.174677e-06
1.174467e-06
1.172550e-06
1.157961e-06
1.163963e-06
1.163940e-06
1.163731e-06
1.161829e-06
1.147349e-06
1.153190e-06
1.153168e-06
1.152960e-06
1.151072e-06
1.136702e-06
1.142378e-06
1.142356e-06
1.142150e-06
1.140277e-06
1.126015e-06
1.131523e-06
1.131501e-06
1.131296e-06
1.129438e-06
1.115287e-06
1.120622e-06
1.120600e-06
1.120397e-06
1.118553e-06
1.104513e-06
1.109672e-06
1.109650e-06
1.109449e-06
1.107621e-06
1.093691e-06
1.098673e-06
1.098651e-06
1.098451e-06
1.096638e-06
1.082821e-06
1.087622e-06
1.087601e-06
1.087403e-06
1.085605e-06
1.071901e-06
1.076521e-06
1.076500e-06
1.076304e-06
1.074520e-06
1.060931e-06
1.065369e-06
1.065348e-06
1.065153e-06
1.063386e-06
1.049912e-06
1.054167e-06
1.054146e-06
1.053953e-06
1.052201e-06
1.038844e-06
1.042916e-06
1.042895e-06
1.042704e-06
1.040968e-06
1.027729e-06
1.031619e-06
1.031598e-06
1.031409e-06
1.029688e-06
1.016568e-06
1.020277e-06
1.020257e-06
1.020070e-06
1.018365e-06
1.005365e-06
1.008895e-06
1.008874e-06
1.008689e-06
1.007000e-06
9.941222e-07
