1.245012e-02
8.848192e-03
7.568360e-03
6.586626e-03
5.843190e-03
5.377781e-03
5.031629e-03
4.721996e-03
4.445628e-03
4.198477e-03
3.976656e-03
3.776725e-03
3.595735e-03
3.431192e-03
3.280990e-03
3.143355e-03
3.016782e-03
2.899993e-03
2.791898e-03
2.691560e-03
2.598173e-03
2.511037e-03
2.429542e-03
2.353158e-03
2.281417e-03
2.220536e-03
2.162919e-03
2.108089e-03
2.055858e-03
2.006051e-03
1.958510e-03
1.913088e-03
1.869651e-03
1.828075e-03
1.788246e-03
1.750059e-03
1.713416e-03
1.678229e-03
1.644414e-03
1.611893e-03
1.580595e-03
1.550454e-03
1.521407e-03
1.493398e-03
1.466372e-03
1.440280e-03
1.415074e-03
1.390710e-03
1.367148e-03
1.344350e-03
1.322278e-03
1.300900e-03
1.280183e-03
1.260098e-03
1.240616e-03
1.221711e-03
1.203358e-03
1.185533e-03
1.168213e-03
1.151379e-03
1.135010e-03
1.119086e-03
1.103591e-03
1.088507e-03
1.073818e-03
1.059509e-03
1.045565e-03
1.031973e-03
1.018719e-03
1.005792e-03
9.931786e-04
9.808683e-04
9.688502e-04
9.571140e-04
9.456499e-04
9.344486e-04
9.235011e-04
9.127990e-04
9.023340e-04
8.920983e-04
8.820846e-04
8.722856e-04
8.626946e-04
8.533048e-04
8.441101e-04
8.351045e-04
8.262821e-04
8.176374e-04
8.091651e-04
8.008600e-04
7.927171e-04
7.847319e-04
7.768997e-04
7.692162e-04
7.616771e-04
7.542785e-04
7.470162e-04
7.398867e-04
7.328863e-04
7.260115e-04
7.192588e-04
7.126252e-04
7.061073e-04
6.997024e-04
6.934072e-04
6.872193e-04
6.811353e-04
6.751535e-04
6.692702e-04
6.634843e-04
6.577919e-04
6.521924e-04
6.466816e-04
6.412596e-04
6.359216e-04
6.306689e-04
6.254956e-04
6.204044e-04
6.153880e-04
6.104510e-04
6.055842e-04
6.007949e-04
5.960706e-04
5.914227e-04
5.868343e-04
5.823221e-04
5.778630e-04
5.734815e-04
5.691454e-04
5.648899e-04
5.606704e-04
5.565371e-04
5.524276e-04
5.484135e-04
5.444071e-04
5.405101e-04
5.365994e-04
5.328187e-04
5.289952e-04
5.253317e-04
5.215855e-04
5.180422e-04
5.143611e-04
5.109444e-04
5.073131e-04
5.040332e-04
5.004319e-04
4.973049e-04
4.937072e-04
5.450053e-04
5.834145e-04
6.750657e-04
7.284896e-04
8.438661e-04
9.164878e-04
1.063251e-03
1.160483e-03
1.348801e-03
1.477655e-03
1.721045e-03
1.890621e-03
2.207069e-03
2.429191e-03
2.842673e-03
3.132724e-03
3.675236e-03
4.053254e-03
4.767562e-03
5.290737e-03
6.203019e-03
6.940044e-03
8.092426e-03
9.112591e-03
1.058331e-02
1.197931e-02
1.387230e-02
1.576847e-02
1.822189e-02
2.091223e-02
2.448216e-02
2.834625e-02
3.298883e-02
3.846755e-02
4.450886e-02
5.228016e-02
6.011237e-02
7.118333e-02
8.124396e-02
9.714312e-02
1.106827e-01
1.329531e-01
1.513540e-01
1.826472e-01
2.079559e-01
2.521865e-01
2.875953e-01
3.506880e-01
4.014801e-01
4.928154e-01
5.684672e-01
7.039634e-01
8.233908e-01
1.032972e+00
1.239631e+00
1.587955e+00
2.001152e+00
2.650909e+00
3.666211e+00
5.282802e+00
8.339897e+00
1.621420e+01
2.277809e+01
3.431574e+01
3.215855e+01
4.494161e+01
4.008197e+01
1.090846e+02
5.087868e+01
1.225078e+02
6.471390e+02
4.869474e+03
6.289486e+07
2.901593e+15
6.663241e+30
1.992491e+48
3.718372e+91
4.303859e+170
