1.079871e-02
7.840390e-03
6.801215e-03
5.984794e-03
5.365585e-03
5.057609e-03
4.775785e-03
4.520799e-03
4.291769e-03
4.085227e-03
3.898901e-03
3.729732e-03
3.575847e-03
3.434988e-03
3.305789e-03
3.186621e-03
3.076503e-03
2.974246e-03
2.879145e-03
2.790314e-03
2.714879e-03
2.647824e-03
2.583969e-03
2.523090e-03
2.464998e-03
2.409503e-03
2.356442e-03
2.305653e-03
2.256999e-03
2.210343e-03
2.165567e-03
2.122555e-03
2.081206e-03
2.041421e-03
2.003115e-03
1.966201e-03
1.930608e-03
1.896259e-03
1.863094e-03
1.831048e-03
1.800066e-03
1.770092e-03
1.741080e-03
1.712979e-03
1.685751e-03
1.659349e-03
1.633741e-03
1.608886e-03
1.584755e-03
1.561311e-03
1.538530e-03
1.516378e-03
1.494834e-03
1.473868e-03
1.453461e-03
1.433586e-03
1.414228e-03
1.395359e-03
1.376968e-03
1.359030e-03
1.341534e-03
1.324458e-03
1.307793e-03
1.291517e-03
1.275624e-03
1.260093e-03
1.244919e-03
1.230082e-03
1.215578e-03
1.201388e-03
1.187512e-03
1.173927e-03
1.160637e-03
1.147619e-03
1.134879e-03
1.122393e-03
1.110168e-03
1.098182e-03
1.086443e-03
1.074926e-03
1.063643e-03
1.052569e-03
1.041717e-03
1.031059e-03
1.020614e-03
1.010350e-03
1.000288e-03
9.903955e-04
9.806978e-04
9.711563e-04
9.618031e-04
9.525941e-04
9.435678e-04
9.346736e-04
9.259578e-04
9.173621e-04
9.089416e-04
9.006287e-04
8.924896e-04
8.844450e-04
8.765742e-04
8.687842e-04
8.611699e-04
8.536212e-04
8.462524e-04
8.389326e-04
8.317993e-04
8.246963e-04
8.177894e-04
8.108915e-04
8.042030e-04
7.974987e-04
7.910216e-04
7.844994e-04
7.782277e-04
7.718762e-04
7.658050e-04
7.596125e-04
7.537384e-04
7.476925e-04
7.420136e-04
7.361012e-04
7.306173e-04
7.248242e-04
7.195372e-04
7.138475e-04
7.087620e-04
7.031577e-04
6.982813e-04
6.927415e-04
6.880858e-04
6.825858e-04
6.781673e-04
6.726775e-04
6.685189e-04
6.630030e-04
6.591350e-04
6.535486e-04
6.500117e-04
6.442993e-04
6.411470e-04
6.352391e-04
6.325414e-04
6.267505e-04
6.241982e-04
6.185436e-04
6.206670e-04
6.251472e-04
6.609080e-04
7.058093e-04
7.844157e-04
8.380019e-04
9.465751e-04
1.011087e-03
1.159527e-03
1.237790e-03
1.439340e-03
1.534918e-03
1.807313e-03
1.938126e-03
2.291718e-03
2.476790e-03
2.930131e-03
3.189450e-03
3.772562e-03
4.133456e-03
4.885654e-03
5.385477e-03
6.358317e-03
7.048119e-03
8.309300e-03
9.258822e-03
1.089736e-02
1.220183e-02
1.433490e-02
1.614213e-02
1.890632e-02
2.147715e-02
2.499251e-02
2.860651e-02
3.310366e-02
3.815418e-02
4.392303e-02
5.097058e-02
5.872475e-02
6.822071e-02
7.896195e-02
9.151118e-02
1.064489e-01
1.230777e-01
1.439617e-01
1.660713e-01
1.954815e-01
2.250144e-01
2.668579e-01
3.065748e-01
3.669945e-01
4.209799e-01
5.101662e-01
5.848602e-01
7.210477e-01
8.276079e-01
1.047051e+00
1.207371e+00
1.592989e+00
1.919701e+00
2.630978e+00
3.500079e+00
5.063441e+00
7.776478e+00
1.537304e+01
2.117925e+01
3.224018e+01
3.058413e+01
4.086354e+01
3.667953e+01
1.004655e+02
3.905141e+01
1.287015e+02
1.003130e+03
4.934442e+03
5.893199e+07
2.875192e+15
6.359018e+30
7.626123e+48
4.794591e+91
5.557531e+170
