3.294241e-03
1.869124e-03
1.470136e-03
1.102006e-03
1.616609e-03
2.506217e-03
7.553730e-04
1.103516e-03
6.629488e-04
1.451830e-03
7.644535e-04
1.012694e-03
6.448735e-04
1.285712e-03
9.749047e-04
1.439529e-03
8.016169e-04
1.457851e-03
1.753662e-03
2.039375e-03
1.618850e-03
2.023944e-03
2.704797e-03
2.441088e-03
1.981874e-03
3.331532e-03
3.975340e-03
2.606454e-03
3.560358e-03
4.683156e-03
3.117273e-03
4.137450e-03
4.480201e-03
3.537926e-03
4.324716e-03
4.536425e-03
4.215439e-03
4.522127e-03
3.556793e-03
4.271848e-03
3.389510e-03
3.682890e-03
3.818734e-03
4.488088e-03
4.433866e-03
4.479510e-03
4.554818e-03
4.924645e-03
4.576321e-03
4.747829e-03
4.519579e-03
4.189534e-03
4.232360e-03
4.015106e-03
4.149768e-03
4.307200e-03
3.994602e-03
3.629720e-03
3.467449e-03
3.591301e-03
3.396620e-03
3.038369e-03
3.031597e-03
3.082730e-03
3.238314e-03
3.293417e-03
3.250520e-03
3.149092e-03
3.153176e-03
3.099052e-03
3.132619e-03
2.993564e-03
2.806449e-03
2.767143e-03
2.712503e-03
2.645622e-03
2.490960e-03
2.351340e-03
2.212645e-03
2.107577e-03
2.144093e-03
2.062034e-03
1.967010e-03
1.943425e-03
1.918593e-03
1.880903e-03
1.732459e-03
1.630458e-03
1.575362e-03
1.519697e-03
1.461394e-03
1.324189e-03
1.206878e-03
1.149459e-03
1.094595e-03
1.042196e-03
9.370893e-04
8.478483e-04
7.719311e-04
7.091855e-04
6.714687e-04
6.017696e-04
5.439597e-04
4.950923e-04
4.529832e-04
4.161200e-04
3.582596e-04
3.117885e-04
2.832577e-04
2.594239e-04
2.384239e-04
2.059032e-04
1.794376e-04
1.573931e-04
1.386717e-04
1.225813e-04
9.984657e-05
8.290979e-05
7.189726e-05
6.241167e-05
5.419518e-05
4.892026e-05
4.878161e-05
4.876754e-05
4.882413e-05
4.885588e-05
4.619531e-05
4.555605e-05
4.523958e-05
4.492132e-05
4.453313e-05
4.204266e-05
4.003215e-05
3.836038e-05
3.719799e-05
3.663258e-05
3.459568e-05
3.289369e-05
3.142017e-05
3.008314e-05
2.881535e-05
2.638482e-05
2.449378e-05
2.331405e-05
2.221894e-05
2.117263e-05
1.937917e-05
1.786912e-05
1.655294e-05
1.536517e-05
1.427752e-05
1.303614e-05
1.196854e-05
1.102198e-05
1.016026e-05
9.364485e-06
8.280485e-06
7.546503e-06
6.892240e-06
6.296941e-06
5.751309e-06
5.162113e-06
4.659786e-06
4.266549e-06
3.928920e-06
3.630525e-06
3.268181e-06
2.968036e-06
2.741581e-06
2.861829e-06
2.984799e-06
2.912277e-06
2.860790e-06
2.838752e-06
2.840172e-06
2.911201e-06
2.819698e-06
2.750487e-06
2.705275e-06
2.678796e-06
2.660098e-06
2.495625e-06
2.364703e-06
2.280408e-06
2.240600e-06
2.207114e-06
2.062667e-06
1.945680e-06
1.851432e-06
1.774749e-06
1.707681e-06
1.551634e-06
1.423838e-06
1.319817e-06
1.256052e-06
1.199391e-06
1.082072e-06
9.837804e-07
