1.777778e+00
1.257831e+00
7.147637e-01
4.746876e-01
3.871399e-01
3.263330e-01
2.558387e-01
2.319566e-01
1.897844e-01
1.650962e-01
1.496797e-01
1.298891e-01
1.165478e-01
1.050084e-01
9.441647e-02
8.481618e-02
7.694108e-02
6.890775e-02
6.196695e-02
5.553450e-02
4.920602e-02
4.395683e-02
3.876089e-02
3.368159e-02
2.966347e-02
2.565676e-02
2.162446e-02
1.838697e-02
1.646512e-02
1.479962e-02
1.196909e-02
1.060077e-02
1.153516e-02
1.163679e-02
1.073103e-02
8.980737e-03
6.718149e-03
6.312721e-03
5.949787e-03
5.206851e-03
4.193744e-03
3.360150e-03
3.879769e-03
4.132160e-03
4.047762e-03
3.681517e-03
3.075925e-03
2.710850e-03
3.424115e-03
3.889024e-03
4.108002e-03
4.051087e-03
3.734473e-03
3.224282e-03
2.556493e-03
1.845214e-03
1.119236e-03
7.926067e-04
6.879000e-04
7.128820e-04
1.113975e-03
1.371459e-03
1.505471e-03
1.643491e-03
1.649311e-03
1.528899e-03
1.320474e-03
1.081398e-03
8.252288e-04
8.760040e-04
9.091800e-04
8.477316e-04
7.580754e-04
6.831090e-04
5.769577e-04
4.611193e-04
4.278052e-04
4.193095e-04
3.963480e-04
3.598179e-04
3.163831e-04
3.521491e-04
3.699814e-04
3.580325e-04
3.405987e-04
3.255700e-04
3.402546e-04
3.476215e-04
3.482310e-04
3.413678e-04
3.280791e-04
3.070288e-04
2.790124e-04
2.442234e-04
2.039885e-04
1.569979e-04
1.261056e-04
1.142761e-04
1.032027e-04
9.611655e-05
1.140673e-04
1.567519e-04
1.900983e-04
2.126028e-04
2.231406e-04
2.218230e-04
2.091475e-04
1.870513e-04
1.577112e-04
1.243373e-04
9.417335e-05
6.643916e-05
4.480281e-05
4.609329e-05
4.489766e-05
5.770636e-05
7.135915e-05
7.932097e-05
8.195726e-05
8.002028e-05
7.446751e-05
6.624918e-05
5.616284e-05
4.525290e-05
3.568276e-05
2.739747e-05
2.029576e-05
1.436034e-05
1.201861e-05
1.101322e-05
1.356787e-05
1.581749e-05
1.683276e-05
1.680953e-05
1.596213e-05
1.454972e-05
1.296170e-05
1.119418e-05
9.652340e-06
