3.537008e+00
2.026343e+00
1.083477e+00
9.738457e-01
6.341130e-01
6.726627e-01
6.197494e-01
4.828951e-01
3.353285e-01
3.236787e-01
3.124502e-01
2.717588e-01
2.215756e-01
1.796476e-01
1.498881e-01
1.071024e-01
1.505031e-01
9.480430e-02
9.560778e-02
7.165683e-02
8.545252e-02
6.571781e-02
5.907667e-02
5.266294e-02
4.075742e-02
3.400068e-02
3.518386e-02
3.128989e-02
3.834362e-02
3.582126e-02
2.503702e-02
1.509755e-02
1.394737e-02
1.789664e-02
2.319061e-02
2.169032e-02
1.500587e-02
1.411954e-02
1.648132e-02
1.394670e-02
1.152499e-02
1.249640e-02
9.948939e-03
9.010583e-03
8.819664e-03
6.805796e-03
9.182831e-03
8.395740e-03
7.411407e-03
7.067285e-03
6.842515e-03
6.063918e-03
5.802328e-03
5.021669e-03
4.330865e-03
4.311631e-03
4.292429e-03
4.296077e-03
3.830306e-03
3.269432e-03
3.178095e-03
3.183980e-03
3.686383e-03
4.066309e-03
3.821682e-03
3.532244e-03
3.037967e-03
2.672388e-03
2.520519e-03
2.488910e-03
2.614598e-03
2.496224e-03
2.205812e-03
1.641970e-03
1.568634e-03
1.603688e-03
1.926178e-03
2.011527e-03
1.711627e-03
1.228629e-03
1.049637e-03
1.276503e-03
1.391533e-03
1.283041e-03
1.224430e-03
1.089111e-03
8.092915e-04
7.614725e-04
8.626154e-04
9.264759e-04
8.938329e-04
7.715950e-04
6.137939e-04
6.395491e-04
7.120416e-04
7.003943e-04
6.220058e-04
5.718606e-04
5.577501e-04
5.526606e-04
5.443126e-04
5.271343e-04
5.105499e-04
5.017613e-04
4.997469e-04
4.936800e-04
4.748457e-04
4.589649e-04
4.407167e-04
4.269219e-04
4.206854e-04
4.163778e-04
4.074256e-04
3.945255e-04
3.845461e-04
3.794058e-04
3.732703e-04
3.704962e-04
3.682377e-04
3.658285e-04
3.615255e-04
3.547556e-04
3.459799e-04
3.363976e-04
3.274678e-04
3.221802e-04
3.177550e-04
3.122196e-04
3.051997e-04
2.967362e-04
2.879866e-04
2.813660e-04
2.802400e-04
2.778762e-04
2.743782e-04
2.695311e-04
2.633605e-04
2.572878e-04
2.519358e-04
2.482460e-04
2.448882e-04
2.405511e-04
2.352693e-04
2.293672e-04
2.238270e-04
2.203893e-04
2.177605e-04
2.144975e-04
2.104914e-04
2.060765e-04
2.015926e-04
1.975200e-04
1.940970e-04
1.907795e-04
1.874043e-04
1.836793e-04
1.797383e-04
1.761362e-04
1.733783e-04
1.709068e-04
1.682454e-04
1.653221e-04
1.621525e-04
1.589737e-04
1.558978e-04
1.529497e-04
1.500777e-04
1.471909e-04
1.443448e-04
1.416978e-04
1.392136e-04
1.367765e-04
1.343493e-04
1.319150e-04
1.294786e-04
1.270629e-04
1.246974e-04
1.224075e-04
1.202058e-04
1.180885e-04
1.160376e-04
1.140272e-04
1.120319e-04
1.100340e-04
1.080279e-04
1.060201e-04
1.040264e-04
1.020657e-04
1.001549e-04
9.830412e-05
9.651505e-05
9.478200e-05
9.309461e-05
9.144135e-05
8.981273e-05
8.820309e-05
8.661104e-05
8.503846e-05
8.348899e-05
8.196630e-05
8.047296e-05
7.900986e-05
7.757636e-05
7.617088e-05
7.479156e-05
7.343684e-05
7.210573e-05
7.079783e-05
6.951306e-05
6.825146e-05
6.701291e-05
6.579709e-05
6.460346e-05
6.343142e-05
6.228046e-05
6.115019e-05
6.004042e-05
5.895105e-05
5.788202e-05
5.683313e-05
5.580406e-05
5.479428e-05
5.380310e-05
5.282977e-05
5.187357e-05
5.093389e-05
5.001028e-05
4.910249e-05
4.821045e-05
4.733420e-05
4.647381e-05
4.562936e-05
4.480080e-05
4.398797e-05
4.319058e-05
4.240822e-05
4.164039e-05
4.088660e-05
4.014635e-05
3.941925e-05
3.870495e-05
3.800323e-05
3.731394e-05
3.663698e-05
3.597226e-05
3.531965e-05
3.467900e-05
3.405010e-05
3.343267e-05
3.282646e-05
3.223119e-05
3.164664e-05
3.107262e-05
3.050899e-05
2.995564e-05
2.941242e-05
2.887919e-05
2.835576e-05
2.784191e-05
2.733738e-05
2.684193e-05
2.635535e-05
2.587746e-05
2.540810e-05
2.494719e-05
2.449461e-05
2.405029e-05
2.361411e-05
2.318594e-05
2.276560e-05
2.235293e-05
2.194774e-05
2.154986e-05
2.115914e-05
2.077544e-05
2.039865e-05
2.002868e-05
1.966544e-05
1.930881e-05
1.895868e-05
1.861495e-05
1.827748e-05
1.794613e-05
1.762079e-05
1.730133e-05
1.698763e-05
1.667960e-05
1.637714e-05
1.608015e-05
1.578855e-05
1.550224e-05
1.522113e-05
1.494512e-05
1.467412e-05
1.440804e-05
1.414679e-05
1.389028e-05
1.363842e-05
1.339114e-05
1.314833e-05
1.290994e-05
1.267586e-05
1.244602e-05
1.222035e-05
1.199877e-05
1.178120e-05
1.156757e-05
1.135782e-05
1.115187e-05
1.094965e-05
1.075110e-05
1.055616e-05
1.036475e-05
1.017681e-05
9.992287e-06
9.811106e-06
9.633210e-06
9.458539e-06
9.287035e-06
9.118639e-06
8.953296e-06
8.790952e-06
8.631551e-06
8.475040e-06
8.321368e-06
8.170482e-06
8.022332e-06
7.876868e-06
7.734042e-06
7.593805e-06
7.456111e-06
7.320913e-06
7.188167e-06
7.057828e-06
6.929853e-06
6.804199e-06
6.680823e-06
6.559684e-06
6.440742e-06
6.323956e-06
6.209288e-06
6.096698e-06
5.986151e-06
5.877607e-06
5.771033e-06
5.666390e-06
5.563646e-06
5.462764e-06
5.363712e-06
5.266455e-06
5.170962e-06
5.077200e-06
4.985138e-06
4.894745e-06
4.805991e-06
4.718847e-06
4.633283e-06
4.549270e-06
4.466782e-06
4.385788e-06
4.306264e-06
4.228182e-06
4.151515e-06
4.076239e-06
4.002327e-06
3.929755e-06
3.858499e-06
3.788535e-06
3.719840e-06
3.652390e-06
3.586164e-06
3.521138e-06
3.457292e-06
3.394603e-06
3.333051e-06
3.272615e-06
3.213274e-06
3.155010e-06
3.097802e-06
3.041632e-06
2.986480e-06
2.932328e-06
2.879158e-06
2.826952e-06
2.775693e-06
2.725363e-06
2.675945e-06
2.627424e-06
2.579783e-06
2.533005e-06
2.487076e-06
2.441979e-06
2.397701e-06
2.354224e-06
2.311537e-06
2.269623e-06
2.228469e-06
2.188062e-06
2.148387e-06
2.109432e-06
2.071183e-06
2.033628e-06
1.996753e-06
1.960547e-06
1.924998e-06
1.890093e-06
1.855821e-06
1.822171e-06
1.789131e-06
1.756690e-06
1.724837e-06
1.693561e-06
1.662853e-06
1.632702e-06
1.603097e-06
1.574029e-06
1.545488e-06
1.517465e-06
1.489949e-06
1.462933e-06
1.436407e-06
1.410361e-06
1.384788e-06
1.359678e-06
1.335024e-06
1.310817e-06
1.287049e-06
1.263712e-06
1.240798e-06
1.218299e-06
1.196208e-06
1.174518e-06
1.153222e-06
1.132311e-06
1.111779e-06
1.091620e-06
1.071827e-06
1.052392e-06
1.033310e-06
1.014573e-06
9.961765e-07
