3.670791e-04
2.671021e-04
2.983470e-04
3.235291e-04
9.285874e-04
4.069066e-04
5.274001e-04
4.386459e-04
5.294047e-04
3.735873e-04
5.615010e-04
4.351430e-04
4.727866e-04
3.805173e-04
3.491755e-04
2.913519e-04
2.530821e-04
1.958106e-04
2.171674e-04
1.496712e-04
1.870792e-04
1.399314e-04
1.723751e-04
1.349119e-04
1.571131e-04
1.299368e-04
1.433411e-04
1.249308e-04
1.312694e-04
1.192727e-04
1.210499e-04
1.132136e-04
1.122584e-04
1.069818e-04
1.046299e-04
1.007986e-04
9.786606e-05
9.482959e-05
9.177397e-05
8.916081e-05
8.621093e-05
8.383567e-05
8.108397e-05
7.886039e-05
7.633044e-05
7.422444e-05
7.190668e-05
6.990734e-05
6.778069e-05
6.588562e-05
6.392692e-05
6.213551e-05
6.032386e-05
5.863463e-05
5.695246e-05
5.536251e-05
5.379549e-05
5.230069e-05
5.083716e-05
4.943258e-05
4.806294e-05
4.674328e-05
4.545948e-05
4.421935e-05
4.301448e-05
4.184866e-05
4.071668e-05
3.962016e-05
3.855572e-05
3.752381e-05
3.652210e-05
3.555043e-05
3.460710e-05
3.369162e-05
3.280269e-05
3.193968e-05
3.110151e-05
3.028751e-05
2.949677e-05
2.872860e-05
2.798220e-05
2.725692e-05
2.655204e-05
2.586693e-05
2.520094e-05
2.455348e-05
2.392396e-05
2.331182e-05
2.271652e-05
2.213754e-05
2.157438e-05
2.102656e-05
2.076996e-05
2.056149e-05
2.034899e-05
2.013287e-05
1.991355e-05
1.969139e-05
1.946675e-05
1.923996e-05
1.901135e-05
1.878121e-05
1.854982e-05
1.831744e-05
1.808432e-05
1.785070e-05
1.761680e-05
1.738281e-05
1.714895e-05
1.691537e-05
1.668227e-05
1.644978e-05
1.621808e-05
1.598728e-05
1.575753e-05
1.552894e-05
1.530163e-05
1.507570e-05
1.485124e-05
1.462835e-05
1.440712e-05
1.418761e-05
1.396990e-05
1.375405e-05
1.354013e-05
1.332819e-05
1.311827e-05
1.291043e-05
1.270470e-05
1.250112e-05
1.229972e-05
1.210054e-05
1.190359e-05
1.170890e-05
1.151649e-05
1.132637e-05
1.113856e-05
1.095307e-05
1.076991e-05
1.058907e-05
1.041058e-05
1.023442e-05
1.006060e-05
9.889120e-06
9.719969e-06
9.553144e-06
9.388639e-06
9.226446e-06
9.066555e-06
8.908955e-06
8.753635e-06
8.600581e-06
8.449779e-06
8.301214e-06
8.154871e-06
8.010733e-06
7.868783e-06
7.729002e-06
7.591373e-06
7.455876e-06
7.322490e-06
7.191197e-06
7.061976e-06
6.934805e-06
6.809663e-06
6.686528e-06
6.565380e-06
6.446194e-06
6.328950e-06
6.213623e-06
6.100193e-06
5.988635e-06
5.878928e-06
5.771047e-06
5.664969e-06
5.560673e-06
5.458133e-06
5.357328e-06
5.258234e-06
5.160828e-06
5.065086e-06
4.970987e-06
4.878507e-06
4.787623e-06
4.698312e-06
4.610552e-06
4.524321e-06
4.439595e-06
4.356354e-06
4.274574e-06
4.194235e-06
4.115314e-06
4.037789e-06
3.961640e-06
3.886845e-06
3.813383e-06
3.741233e-06
3.670376e-06
3.600790e-06
3.532455e-06
3.465352e-06
3.399461e-06
3.334761e-06
3.271235e-06
3.208862e-06
3.147624e-06
3.087503e-06
3.028479e-06
2.970535e-06
2.913653e-06
2.857815e-06
2.803003e-06
2.749201e-06
2.696391e-06
2.644556e-06
2.593680e-06
2.543747e-06
2.494740e-06
2.446643e-06
2.399441e-06
2.353119e-06
2.307660e-06
2.263051e-06
2.219276e-06
2.176320e-06
2.134170e-06
2.092811e-06
2.052229e-06
2.012410e-06
1.973342e-06
1.935010e-06
1.897401e-06
1.860504e-06
1.824304e-06
1.788789e-06
1.753948e-06
1.719768e-06
1.686237e-06
1.653343e-06
1.621075e-06
1.589421e-06
1.558371e-06
1.527914e-06
1.498037e-06
1.468732e-06
1.439988e-06
1.411793e-06
1.384139e-06
1.357015e-06
1.330411e-06
1.304318e-06
1.278727e-06
1.253628e-06
1.229012e-06
1.204869e-06
1.181193e-06
1.157972e-06
1.135200e-06
1.112868e-06
1.090967e-06
1.069490e-06
1.048428e-06
1.027774e-06
1.007521e-06
9.876593e-07
9.681833e-07
9.490853e-07
9.303581e-07
9.119948e-07
8.939884e-07
8.763323e-07
8.590198e-07
8.420444e-07
8.253996e-07
8.090793e-07
7.930772e-07
7.773874e-07
7.620038e-07
7.469206e-07
7.321321e-07
7.176327e-07
7.034169e-07
6.894792e-07
6.758143e-07
6.624170e-07
6.492821e-07
6.364046e-07
6.237797e-07
6.114024e-07
5.992679e-07
5.873717e-07
5.757090e-07
5.642755e-07
5.530667e-07
5.420782e-07
5.313059e-07
5.207454e-07
5.103929e-07
5.002441e-07
4.902952e-07
4.805424e-07
4.709817e-07
4.616095e-07
4.524222e-07
4.434160e-07
4.345876e-07
4.259335e-07
4.174502e-07
4.091345e-07
4.009831e-07
3.929928e-07
3.851604e-07
3.774829e-07
3.699573e-07
3.625805e-07
3.553497e-07
3.482621e-07
3.413148e-07
3.345051e-07
3.278303e-07
3.212877e-07
3.148749e-07
3.085891e-07
3.024280e-07
2.963891e-07
2.904700e-07
2.846684e-07
2.789819e-07
2.734083e-07
2.679454e-07
2.625910e-07
2.573429e-07
2.521991e-07
2.471576e-07
2.422162e-07
2.373731e-07
2.326263e-07
2.279739e-07
2.234140e-07
2.189449e-07
2.145647e-07
2.102717e-07
2.060642e-07
2.019404e-07
1.978987e-07
1.939376e-07
1.900553e-07
1.862505e-07
1.825214e-07
1.788666e-07
1.752848e-07
1.717743e-07
1.683338e-07
1.649619e-07
1.616573e-07
1.584187e-07
1.552446e-07
1.521339e-07
1.490852e-07
1.460975e-07
1.431693e-07
1.402996e-07
1.374873e-07
1.347311e-07
1.320299e-07
1.293827e-07
1.267884e-07
1.242460e-07
1.217543e-07
1.193125e-07
1.169194e-07
1.145742e-07
1.122759e-07
1.100235e-07
1.078162e-07
1.056531e-07
1.035332e-07
1.014557e-07
9.941974e-08
9.742455e-08
9.546929e-08
9.355316e-08
9.167538e-08
8.983519e-08
8.803183e-08
8.626458e-08
8.453272e-08
8.283554e-08
8.117234e-08
7.954246e-08
7.794522e-08
7.637998e-08
7.484609e-08
7.334294e-08
7.186991e-08
7.042639e-08
6.901181e-08
6.762557e-08
6.626712e-08
6.493590e-08
6.363136e-08
6.235298e-08
6.110023e-08
5.987260e-08
5.866959e-08
5.749070e-08
5.633545e-08
5.520338e-08
5.409401e-08
5.300689e-08
5.194159e-08
5.089765e-08
4.987467e-08
4.887220e-08
4.788986e-08
4.692722e-08
4.598390e-08
4.505952e-08
4.415369e-08
4.326604e-08
4.239621e-08
4.154384e-08
4.070858e-08
3.989009e-08
3.908803e-08
3.830208e-08
