4.958837e-02
3.767459e-02
2.095060e-01
8.531662e-02
3.141254e-02
3.666973e-02
1.882836e-02
5.049880e-02
3.028674e-02
5.242795e-02
2.283870e-02
3.713126e-02
1.690858e-02
3.078540e-02
1.405296e-02
2.248080e-02
1.397947e-02
1.754552e-02
1.406603e-02
1.410866e-02
1.432979e-02
1.238470e-02
1.352450e-02
1.120222e-02
1.244431e-02
1.026269e-02
1.118308e-02
9.461510e-03
9.952930e-03
8.755055e-03
8.827197e-03
8.115136e-03
7.978518e-03
7.525649e-03
7.341321e-03
6.979889e-03
6.769262e-03
6.473561e-03
6.253998e-03
6.004600e-03
5.787869e-03
5.571016e-03
5.364255e-03
5.170900e-03
4.977660e-03
4.802122e-03
4.623633e-03
4.462448e-03
4.298542e-03
4.149604e-03
3.999400e-03
3.861372e-03
3.723694e-03
3.595647e-03
3.469272e-03
3.350476e-03
3.234253e-03
3.124068e-03
3.016971e-03
2.914799e-03
2.815932e-03
2.724112e-03
2.639932e-03
2.557788e-03
2.477895e-03
2.400405e-03
2.324829e-03
2.251719e-03
2.180387e-03
2.111435e-03
2.044212e-03
1.979224e-03
1.915941e-03
1.854735e-03
1.795208e-03
1.737607e-03
1.681649e-03
1.627479e-03
1.574903e-03
1.523992e-03
1.474614e-03
1.426794e-03
1.380438e-03
1.335543e-03
1.292040e-03
1.249908e-03
1.209096e-03
1.169572e-03
1.132184e-03
1.097770e-03
1.064513e-03
1.032370e-03
1.001299e-03
9.712619e-04
9.422200e-04
9.141372e-04
8.869785e-04
8.607105e-04
8.353010e-04
8.107192e-04
7.869353e-04
7.639208e-04
7.416484e-04
7.200918e-04
6.992256e-04
6.790255e-04
6.594681e-04
6.405310e-04
6.221925e-04
6.044318e-04
5.872289e-04
5.705646e-04
5.544203e-04
5.387781e-04
5.236210e-04
5.089324e-04
4.946964e-04
4.808977e-04
4.675215e-04
4.545537e-04
4.419804e-04
4.297887e-04
4.179656e-04
4.064991e-04
3.953773e-04
3.845889e-04
3.741228e-04
3.639686e-04
3.541160e-04
3.445552e-04
3.352767e-04
3.262714e-04
3.175305e-04
3.090454e-04
3.008080e-04
2.928104e-04
2.850448e-04
2.775040e-04
2.701808e-04
2.630683e-04
2.561599e-04
2.494491e-04
2.429299e-04
2.365961e-04
2.304421e-04
2.244623e-04
2.186512e-04
2.130037e-04
2.075147e-04
2.021794e-04
1.969930e-04
1.919511e-04
1.870492e-04
1.822831e-04
1.776486e-04
1.731419e-04
1.687591e-04
1.644964e-04
1.603503e-04
1.563172e-04
1.523939e-04
1.485771e-04
1.448636e-04
1.412504e-04
1.377345e-04
1.343131e-04
1.309833e-04
1.277427e-04
1.245885e-04
1.215182e-04
1.185294e-04
1.156198e-04
1.127871e-04
1.100291e-04
1.073435e-04
1.047285e-04
1.021819e-04
9.970187e-05
9.728644e-05
9.493382e-05
9.264223e-05
9.040996e-05
8.890079e-05
8.770537e-05
8.651389e-05
8.532695e-05
8.414515e-05
8.296903e-05
8.179910e-05
8.063584e-05
7.947970e-05
7.833109e-05
7.719042e-05
7.605803e-05
7.493428e-05
7.381947e-05
7.271389e-05
7.161781e-05
7.053149e-05
6.945513e-05
6.838895e-05
6.733315e-05
6.628788e-05
6.525330e-05
6.422956e-05
6.321677e-05
6.221504e-05
6.122448e-05
6.024515e-05
5.927713e-05
5.832048e-05
5.737525e-05
5.644147e-05
5.551917e-05
5.460836e-05
5.370906e-05
5.282126e-05
5.194496e-05
5.108014e-05
5.022677e-05
4.938483e-05
4.855428e-05
4.773508e-05
4.692719e-05
4.613054e-05
4.534508e-05
4.457076e-05
4.380749e-05
4.305522e-05
4.231386e-05
4.158335e-05
4.086359e-05
4.015450e-05
3.945600e-05
3.876800e-05
3.809040e-05
3.742312e-05
3.676604e-05
3.611908e-05
3.548214e-05
3.485511e-05
3.423789e-05
3.363038e-05
3.303247e-05
3.244406e-05
3.186504e-05
3.129529e-05
3.073473e-05
3.018322e-05
2.964067e-05
2.910697e-05
2.858201e-05
2.806567e-05
2.755785e-05
2.705843e-05
2.656732e-05
2.608439e-05
2.560955e-05
2.514267e-05
2.468366e-05
2.423241e-05
2.378880e-05
2.335273e-05
2.292410e-05
2.250279e-05
2.208871e-05
2.168174e-05
2.128180e-05
2.088876e-05
2.050254e-05
2.012302e-05
1.975011e-05
1.938372e-05
1.902373e-05
1.867005e-05
1.832259e-05
1.798126e-05
1.764594e-05
1.731656e-05
1.699301e-05
1.667521e-05
1.636307e-05
1.605649e-05
1.575539e-05
1.545967e-05
1.516926e-05
1.488406e-05
1.460399e-05
1.432897e-05
1.405891e-05
1.379373e-05
1.353336e-05
1.327771e-05
1.302670e-05
1.278026e-05
1.253831e-05
1.230077e-05
1.206757e-05
1.183864e-05
1.161390e-05
1.139328e-05
1.117672e-05
1.096414e-05
1.075547e-05
1.055065e-05
1.034961e-05
1.015229e-05
9.958612e-06
9.768525e-06
9.581964e-06
9.398866e-06
9.219170e-06
9.042817e-06
8.869749e-06
8.699906e-06
8.533233e-06
8.369672e-06
8.209170e-06
8.051671e-06
7.897122e-06
7.745470e-06
7.596664e-06
7.450653e-06
7.307386e-06
7.166814e-06
7.028889e-06
6.893563e-06
6.760789e-06
6.630521e-06
6.502713e-06
6.377321e-06
6.254301e-06
6.133609e-06
6.015204e-06
5.899043e-06
5.785085e-06
5.673291e-06
5.563620e-06
5.456034e-06
5.350494e-06
5.246962e-06
5.145402e-06
5.045777e-06
4.948052e-06
4.852190e-06
4.758159e-06
4.665923e-06
4.575450e-06
4.486707e-06
4.399661e-06
4.314282e-06
4.230537e-06
4.148397e-06
4.067832e-06
3.988811e-06
3.911307e-06
3.835291e-06
3.760734e-06
3.687610e-06
3.615892e-06
3.545553e-06
3.476567e-06
3.408910e-06
3.342554e-06
3.277478e-06
3.213655e-06
3.151063e-06
3.089678e-06
3.029477e-06
2.970438e-06
2.912539e-06
2.855759e-06
2.800076e-06
2.745469e-06
2.691917e-06
2.639402e-06
2.587903e-06
2.537400e-06
2.487876e-06
2.439310e-06
2.391685e-06
2.344983e-06
2.299187e-06
2.254278e-06
2.210241e-06
2.167058e-06
2.124712e-06
2.083189e-06
2.042472e-06
2.002546e-06
1.963396e-06
1.925006e-06
1.887363e-06
1.850451e-06
1.814257e-06
1.778768e-06
1.743968e-06
1.709846e-06
1.676388e-06
1.643581e-06
1.611413e-06
1.579872e-06
1.548945e-06
1.518621e-06
1.488887e-06
1.459734e-06
1.431148e-06
1.403120e-06
1.375639e-06
1.348693e-06
1.322274e-06
1.296369e-06
1.270971e-06
1.246068e-06
1.221651e-06
1.197712e-06
1.174239e-06
1.151225e-06
1.128661e-06
1.106537e-06
1.084846e-06
1.063579e-06
1.042728e-06
1.022284e-06
1.002239e-06
9.825871e-07
