1.963924e-03
8.422661e-04
3.948143e-04
2.761934e-04
2.229117e-04
1.897736e-04
1.696699e-04
1.531335e-04
1.386839e-04
1.259735e-04
1.149132e-04
1.072118e-04
1.031980e-04
1.014933e-04
9.791243e-05
9.602171e-05
9.472351e-05
9.196963e-05
9.123130e-05
8.864949e-05
8.729696e-05
8.542864e-05
8.289653e-05
8.181021e-05
7.956489e-05
7.768698e-05
7.620162e-05
7.389695e-05
7.236879e-05
7.074743e-05
6.852161e-05
6.713049e-05
6.552574e-05
6.344127e-05
6.206556e-05
6.052777e-05
5.861854e-05
5.717957e-05
5.573523e-05
5.401557e-05
5.249448e-05
5.118617e-05
4.962201e-05
4.804349e-05
4.686647e-05
4.547327e-05
4.392299e-05
4.280014e-05
4.157157e-05
4.019921e-05
3.901636e-05
3.793956e-05
3.673297e-05
3.552199e-05
3.457948e-05
3.352429e-05
3.237763e-05
3.150020e-05
3.057268e-05
2.956111e-05
2.869331e-05
2.787568e-05
2.706381e-05
2.681846e-05
2.672789e-05
2.653667e-05
2.640235e-05
2.626644e-05
2.609140e-05
2.600540e-05
2.580001e-05
2.575529e-05
2.555900e-05
2.551167e-05
2.535930e-05
2.527547e-05
2.515751e-05
2.503880e-05
2.495654e-05
2.479962e-05
2.474013e-05
2.455062e-05
2.449951e-05
2.433556e-05
2.422798e-05
2.407585e-05
2.390038e-05
2.376464e-05
2.351385e-05
2.338114e-05
2.312732e-05
2.292124e-05
2.266735e-05
2.237428e-05
2.212241e-05
2.175046e-05
2.148556e-05
2.111600e-05
2.076392e-05
2.039656e-05
1.996772e-05
1.960033e-05
1.912728e-05
1.874411e-05
1.827593e-05
1.783812e-05
1.738077e-05
1.689728e-05
1.645405e-05
1.593918e-05
1.551002e-05
1.498141e-05
1.456200e-05
1.404974e-05
1.362152e-05
1.312817e-05
1.269921e-05
1.223478e-05
1.187791e-05
1.151556e-05
1.111015e-05
1.066516e-05
1.018922e-05
9.686191e-06
9.161310e-06
8.596659e-06
7.982273e-06
7.695971e-06
7.598542e-06
7.477303e-06
7.363418e-06
7.240924e-06
7.105193e-06
6.984105e-06
6.838254e-06
6.712032e-06
6.568171e-06
6.429616e-06
6.288380e-06
6.141090e-06
6.002593e-06
5.849289e-06
5.713255e-06
5.556896e-06
5.422948e-06
5.265843e-06
5.133052e-06
4.977432e-06
4.846428e-06
4.701831e-06
4.632076e-06
4.544765e-06
4.437619e-06
4.313096e-06
4.173301e-06
4.022396e-06
3.860499e-06
3.691449e-06
3.516383e-06
3.337641e-06
3.156510e-06
2.978206e-06
2.952462e-06
2.922043e-06
2.886550e-06
2.852795e-06
2.816791e-06
2.776041e-06
2.735348e-06
2.695375e-06
2.650897e-06
2.605598e-06
2.562259e-06
2.514766e-06
2.467368e-06
2.421545e-06
2.371428e-06
2.323790e-06
2.275675e-06
2.223015e-06
2.177118e-06
2.126479e-06
2.076750e-06
2.028335e-06
1.975517e-06
1.929252e-06
1.877296e-06
1.830193e-06
1.780026e-06
1.731684e-06
1.683493e-06
1.640056e-06
1.613451e-06
1.580688e-06
1.542331e-06
1.525683e-06
1.512810e-06
1.497183e-06
1.478727e-06
1.463495e-06
1.445570e-06
1.424962e-06
1.407275e-06
1.387703e-06
1.365573e-06
1.346592e-06
1.325711e-06
1.302616e-06
1.283009e-06
1.261049e-06
1.238185e-06
1.217555e-06
1.194380e-06
1.172439e-06
1.150620e-06
1.126064e-06
1.105460e-06
1.082212e-06
1.059352e-06
1.037206e-06
1.012477e-06
9.913220e-07
