1.777778e+00
1.314946e+00
8.982392e-01
1.248664e+00
1.452822e+00
1.302389e+00
1.245602e+00
1.250008e+00
1.279940e+00
1.391267e+00
1.167863e+00
1.317944e+00
1.323794e+00
1.870841e+00
1.572484e+00
2.207787e+00
2.102418e+00
2.034367e+00
2.569321e+00
2.329897e+00
2.719850e+00
2.709436e+00
3.079966e+00
3.735064e+00
3.050510e+00
3.394473e+00
3.747420e+00
5.027000e+00
5.577870e+00
3.903805e+00
5.043911e+00
6.608153e+00
7.447235e+00
5.825558e+00
3.283040e+00
4.158599e+00
9.798978e+00
1.331199e+01
1.312933e+01
9.315787e+00
8.212492e+00
1.392770e+01
1.668822e+01
2.084397e+01
1.932870e+01
1.616031e+01
2.187653e+01
2.709997e+01
2.385248e+01
2.922878e+01
2.889185e+01
2.590996e+01
4.095286e+01
4.654246e+01
4.013315e+01
5.055674e+01
5.436024e+01
5.301571e+01
6.108157e+01
6.656401e+01
7.179722e+01
8.678005e+01
9.383439e+01
9.348816e+01
1.064631e+02
1.213807e+02
1.497287e+02
1.749224e+02
1.711201e+02
1.503412e+02
1.683354e+02
1.805604e+02
2.329906e+02
2.639417e+02
2.709470e+02
2.527952e+02
2.169702e+02
2.232102e+02
2.995466e+02
3.335250e+02
3.529206e+02
3.400163e+02
3.023186e+02
3.151006e+02
3.476788e+02
4.105471e+02
4.185444e+02
4.121875e+02
3.722507e+02
4.160005e+02
4.692612e+02
6.311346e+02
8.823830e+02
1.012248e+03
9.595725e+02
6.897893e+02
5.821684e+02
7.488260e+02
1.075862e+03
1.624936e+03
1.908147e+03
1.803527e+03
1.259199e+03
7.626170e+02
8.922433e+02
2.026764e+03
2.906993e+03
3.228451e+03
2.817523e+03
1.654823e+03
1.108940e+03
2.970914e+03
4.461435e+03
5.021943e+03
5.004516e+03
3.861567e+03
3.734468e+03
4.102157e+03
6.950640e+03
8.412190e+03
7.854324e+03
6.803125e+03
7.447467e+03
6.516684e+03
9.982589e+03
1.318549e+04
1.345014e+04
1.308197e+04
1.293998e+04
1.452322e+04
1.439543e+04
1.832213e+04
2.058618e+04
2.062560e+04
2.225542e+04
2.571787e+04
2.621788e+04
2.959397e+04
3.052943e+04
3.064543e+04
3.334540e+04
3.819846e+04
4.408459e+04
4.947204e+04
5.009643e+04
5.231807e+04
5.452954e+04
5.878724e+04
6.603602e+04
6.901136e+04
7.472907e+04
7.951832e+04
8.577410e+04
9.641971e+04
1.097698e+05
1.148128e+05
1.116850e+05
1.022137e+05
1.191929e+05
1.444317e+05
1.691003e+05
1.902326e+05
1.795424e+05
1.560522e+05
1.915277e+05
2.102980e+05
2.584594e+05
2.918243e+05
2.694970e+05
2.235610e+05
2.855750e+05
3.187703e+05
3.918264e+05
4.415146e+05
4.183309e+05
3.423747e+05
4.079498e+05
4.741181e+05
5.806655e+05
6.626051e+05
6.798770e+05
5.694339e+05
5.165830e+05
7.153884e+05
7.823100e+05
9.358623e+05
1.007164e+06
9.203007e+05
7.378789e+05
8.662018e+05
1.218704e+06
1.388666e+06
1.323785e+06
1.393209e+06
1.578881e+06
1.699941e+06
1.344987e+06
1.670127e+06
2.667120e+06
3.272583e+06
3.200904e+06
3.228076e+06
2.237540e+06
1.851084e+06
4.267205e+06
6.168004e+06
6.952727e+06
6.185249e+06
3.742237e+06
2.444355e+06
4.641459e+06
8.914050e+06
1.183648e+07
1.249733e+07
1.040394e+07
7.851579e+06
8.266035e+06
1.378315e+07
1.616510e+07
1.824212e+07
1.850531e+07
1.571670e+07
1.774430e+07
2.424404e+07
2.882958e+07
2.625669e+07
2.465814e+07
2.471060e+07
3.008596e+07
3.595876e+07
4.986972e+07
5.481343e+07
5.640502e+07
5.681979e+07
5.307333e+07
5.985381e+07
7.026707e+07
8.988245e+07
1.000723e+08
1.127835e+08
1.057146e+08
1.262334e+08
1.261462e+08
1.134703e+08
1.385879e+08
1.760886e+08
1.769477e+08
2.199583e+08
2.327235e+08
2.279905e+08
1.996416e+08
2.196377e+08
2.435288e+08
3.169232e+08
3.703462e+08
3.743556e+08
3.376764e+08
2.700176e+08
3.209046e+08
3.812601e+08
5.352629e+08
6.178318e+08
5.763668e+08
3.950891e+08
4.726142e+08
5.466003e+08
7.486698e+08
1.077211e+09
1.220466e+09
1.104528e+09
7.033887e+08
7.208368e+08
8.126936e+08
1.488436e+09
2.029320e+09
2.177162e+09
1.821303e+09
1.094551e+09
9.282557e+08
1.800488e+09
2.903291e+09
3.588106e+09
3.489385e+09
2.640501e+09
2.138736e+09
2.295062e+09
4.643593e+09
6.251706e+09
6.538328e+09
5.165345e+09
5.219408e+09
4.401200e+09
6.286271e+09
9.770443e+09
1.131305e+10
1.017452e+10
9.717618e+09
1.002934e+10
9.256573e+09
1.359901e+10
1.743208e+10
1.729192e+10
1.586964e+10
1.825680e+10
1.802621e+10
1.824441e+10
2.479267e+10
2.870484e+10
2.670821e+10
2.960756e+10
3.224995e+10
3.306234e+10
3.366077e+10
4.456727e+10
4.833684e+10
5.001682e+10
5.204374e+10
5.229332e+10
5.674278e+10
5.828291e+10
7.454958e+10
7.689720e+10
8.913836e+10
8.241014e+10
9.110476e+10
9.545689e+10
1.017633e+11
1.163417e+11
1.327359e+11
1.403479e+11
1.343780e+11
1.529721e+11
1.702674e+11
1.997002e+11
2.288556e+11
2.534300e+11
2.436763e+11
2.386628e+11
2.794524e+11
3.183846e+11
3.782871e+11
4.272706e+11
4.548246e+11
4.180802e+11
4.300350e+11
4.853593e+11
5.684269e+11
6.796210e+11
7.593428e+11
7.144874e+11
6.430069e+11
7.312477e+11
8.067770e+11
9.462006e+11
1.085042e+12
1.173280e+12
1.089433e+12
9.427141e+11
1.166750e+12
1.250319e+12
1.425708e+12
1.594848e+12
1.620872e+12
1.498923e+12
1.339108e+12
1.641894e+12
1.693144e+12
1.911545e+12
2.082007e+12
2.079831e+12
1.968891e+12
1.897329e+12
2.046124e+12
3.237255e+12
3.964800e+12
3.945725e+12
3.018851e+12
2.539207e+12
2.772758e+12
3.832191e+12
6.041775e+12
7.270676e+12
7.081071e+12
5.307321e+12
3.538935e+12
5.983106e+12
8.427743e+12
9.205161e+12
1.079620e+13
1.027179e+13
7.612145e+12
1.089816e+13
1.581046e+13
1.727206e+13
1.417574e+13
1.181509e+13
1.246557e+13
1.609691e+13
2.601362e+13
3.329487e+13
3.387526e+13
3.089449e+13
2.721387e+13
2.914732e+13
3.573203e+13
5.248123e+13
6.187017e+13
5.955563e+13
5.768599e+13
6.664683e+13
6.841799e+13
6.210314e+13
8.764202e+13
9.615686e+13
9.713538e+13
1.218111e+14
1.368911e+14
1.268821e+14
1.032714e+14
1.236963e+14
1.393834e+14
1.893373e+14
2.235694e+14
2.290071e+14
2.007706e+14
1.510135e+14
2.040722e+14
2.622424e+14
3.750445e+14
4.224426e+14
3.776990e+14
2.389420e+14
3.073177e+14
3.905859e+14
5.610404e+14
7.533499e+14
7.993765e+14
6.567585e+14
5.246821e+14
5.293922e+14
7.009055e+14
1.172303e+15
1.441535e+15
1.398494e+15
1.210990e+15
1.114981e+15
7.819146e+14
1.673502e+15
2.399374e+15
2.649063e+15
2.395238e+15
2.466594e+15
2.045077e+15
2.200892e+15
3.812046e+15
4.757138e+15
4.856621e+15
4.533860e+15
4.530213e+15
3.515383e+15
5.683215e+15
8.151597e+15
9.014469e+15
8.007133e+15
8.324181e+15
7.828377e+15
7.367650e+15
1.289985e+16
1.626619e+16
1.617994e+16
1.347136e+16
1.472402e+16
1.323110e+16
1.770430e+16
2.644765e+16
3.031216e+16
2.743444e+16
2.520656e+16
2.507425e+16
2.419132e+16
3.691042e+16
4.979358e+16
5.298195e+16
4.754623e+16
4.521802e+16
4.387665e+16
4.424356e+16
6.928956e+16
8.703132e+16
8.729867e+16
8.618898e+16
7.529110e+16
7.923882e+16
8.889307e+16
1.191730e+17
1.420248e+17
1.397886e+17
1.438204e+17
1.335573e+17
1.417301e+17
1.610275e+17
1.887957e+17
2.158858e+17
2.291823e+17
2.195065e+17
2.319699e+17
2.694496e+17
2.814056e+17
3.409894e+17
3.661091e+17
4.042769e+17
3.954022e+17
4.206405e+17
4.737712e+17
5.378264e+17
6.073541e+17
6.984076e+17
6.972033e+17
6.821242e+17
7.184078e+17
7.774036e+17
9.170480e+17
1.039240e+18
1.193763e+18
1.175578e+18
1.110592e+18
1.133867e+18
1.293884e+18
1.510526e+18
1.736164e+18
1.847901e+18
1.823755e+18
1.756623e+18
1.747649e+18
2.013773e+18
2.302324e+18
2.616765e+18
2.606197e+18
2.602779e+18
2.601359e+18
2.649068e+18
2.847489e+18
3.151519e+18
3.552933e+18
3.492328e+18
3.486025e+18
3.660986e+18
4.027542e+18
4.475210e+18
4.887251e+18
5.119851e+18
5.057801e+18
4.670623e+18
5.240042e+18
6.082188e+18
6.947798e+18
7.688403e+18
7.848316e+18
7.293876e+18
7.022877e+18
8.364591e+18
9.275666e+18
1.088055e+19
1.145392e+19
1.080933e+19
9.683875e+18
1.193184e+19
1.554071e+19
1.998853e+19
2.020949e+19
1.817646e+19
1.924359e+19
1.697586e+19
2.258631e+19
3.379237e+19
3.862507e+19
3.486297e+19
4.030471e+19
3.906275e+19
3.239422e+19
4.530509e+19
5.953981e+19
6.129718e+19
7.415447e+19
7.851125e+19
7.257763e+19
5.728560e+19
7.595971e+19
1.026734e+20
1.296574e+20
1.383709e+20
1.368852e+20
1.141567e+20
1.011016e+20
1.488306e+20
2.240458e+20
2.723527e+20
2.639966e+20
2.017352e+20
1.638390e+20
2.143993e+20
3.292216e+20
4.801670e+20
5.426836e+20
4.805278e+20
4.127137e+20
3.619420e+20
4.131818e+20
7.696992e+20
1.007343e+21
1.037535e+21
9.063906e+20
9.507988e+20
7.717814e+20
1.122521e+21
1.747177e+21
2.060381e+21
1.915459e+21
1.939263e+21
1.905591e+21
1.388176e+21
2.784490e+21
3.806742e+21
4.081709e+21
3.477335e+21
3.784920e+21
3.422927e+21
3.809913e+21
6.380727e+21
7.906073e+21
7.768603e+21
6.481499e+21
6.855284e+21
5.621988e+21
9.199824e+21
1.361309e+22
1.557779e+22
1.409209e+22
1.209029e+22
1.170733e+22
1.009925e+22
2.008571e+22
2.716369e+22
2.902214e+22
2.418767e+22
2.175446e+22
2.013611e+22
2.340962e+22
4.039582e+22
5.082336e+22
5.098293e+22
4.326602e+22
3.784777e+22
3.631310e+22
4.853934e+22
7.554955e+22
8.923986e+22
8.414544e+22
7.637313e+22
6.797510e+22
6.371366e+22
9.525320e+22
1.320209e+23
1.468393e+23
1.362988e+23
1.271823e+23
1.245478e+23
1.337407e+23
1.812424e+23
2.157806e+23
2.250988e+23
2.273566e+23
2.154823e+23
2.182221e+23
2.655097e+23
3.195532e+23
3.493690e+23
3.711905e+23
3.991394e+23
3.883154e+23
3.721120e+23
4.838994e+23
5.535363e+23
6.215021e+23
6.692672e+23
6.587292e+23
6.618858e+23
6.594607e+23
8.205974e+23
9.841847e+23
1.019857e+24
1.125436e+24
1.137014e+24
1.150588e+24
1.150285e+24
1.334934e+24
1.609457e+24
1.685528e+24
1.790589e+24
1.871921e+24
1.915304e+24
1.926439e+24
2.181898e+24
2.424518e+24
2.744246e+24
2.825229e+24
2.870280e+24
2.968563e+24
3.077768e+24
3.293818e+24
3.649040e+24
4.091201e+24
4.264711e+24
4.443509e+24
4.629904e+24
4.807105e+24
4.988791e+24
5.699298e+24
5.835325e+24
6.323053e+24
6.480357e+24
7.120377e+24
7.745085e+24
8.198819e+24
8.790098e+24
9.759955e+24
9.456293e+24
1.132879e+25
1.231689e+25
1.342030e+25
1.332558e+25
1.527924e+25
1.588962e+25
1.569216e+25
1.930844e+25
2.162387e+25
2.474510e+25
2.423005e+25
2.780481e+25
2.803879e+25
2.515512e+25
3.232672e+25
4.061837e+25
4.334540e+25
4.776204e+25
4.993686e+25
4.826197e+25
4.179759e+25
5.723495e+25
7.268428e+25
7.595469e+25
8.843516e+25
9.146658e+25
8.084726e+25
7.462836e+25
1.046817e+26
1.281821e+26
1.441604e+26
1.574577e+26
1.569768e+26
1.299314e+26
1.459742e+26
1.996498e+26
2.305826e+26
2.619870e+26
2.781620e+26
2.581891e+26
2.038295e+26
3.091634e+26
4.114080e+26
4.356145e+26
4.700689e+26
4.880539e+26
4.172978e+26
4.083198e+26
6.892689e+26
8.643146e+26
8.647815e+26
8.512330e+26
8.765756e+26
7.075616e+26
9.963236e+26
1.528982e+27
1.805919e+27
1.698170e+27
1.568070e+27
1.592449e+27
1.253618e+27
2.326768e+27
3.304627e+27
3.691068e+27
3.255445e+27
3.017299e+27
2.890054e+27
2.732885e+27
5.171799e+27
6.887655e+27
7.299735e+27
6.116290e+27
5.650326e+27
5.182125e+27
6.420366e+27
1.094134e+28
1.376768e+28
1.385645e+28
1.135545e+28
1.020128e+28
9.128722e+27
1.408944e+28
2.204700e+28
2.629086e+28
2.506261e+28
2.047829e+28
1.865732e+28
1.576826e+28
2.918123e+28
4.231730e+28
4.778339e+28
4.284799e+28
3.572981e+28
3.391952e+28
2.871314e+28
5.735770e+28
7.731613e+28
8.228204e+28
7.137656e+28
6.421328e+28
6.068403e+28
6.854556e+28
1.073398e+29
1.342525e+29
1.333591e+29
1.233282e+29
1.164626e+29
1.059229e+29
1.474841e+29
1.916473e+29
2.209083e+29
2.115575e+29
2.236207e+29
2.103645e+29
1.925004e+29
2.910004e+29
3.343935e+29
3.425824e+29
3.948667e+29
3.858264e+29
3.660441e+29
4.019197e+29
5.345733e+29
5.577259e+29
6.156375e+29
6.992826e+29
6.437445e+29
6.254991e+29
7.725555e+29
9.211109e+29
9.997301e+29
1.116831e+30
1.170099e+30
1.096209e+30
1.125209e+30
1.389209e+30
1.490284e+30
1.676268e+30
1.918853e+30
1.840496e+30
1.799085e+30
1.929628e+30
2.352349e+30
2.523135e+30
2.833632e+30
3.127146e+30
2.947902e+30
3.089006e+30
3.473355e+30
3.842695e+30
4.107222e+30
4.848798e+30
4.836918e+30
4.745361e+30
5.013807e+30
6.317823e+30
6.504039e+30
7.037933e+30
7.985625e+30
7.801886e+30
7.578409e+30
9.424836e+30
1.118823e+31
1.076311e+31
1.252339e+31
1.271821e+31
1.300811e+31
1.230173e+31
1.721978e+31
1.890965e+31
1.957548e+31
2.165437e+31
2.232321e+31
2.089321e+31
2.323206e+31
3.007882e+31
3.122874e+31
3.488672e+31
3.655794e+31
3.903567e+31
3.625630e+31
4.238922e+31
5.127231e+31
5.716465e+31
6.259229e+31
6.809362e+31
6.575618e+31
6.110204e+31
7.629065e+31
8.710568e+31
1.012226e+32
1.088758e+32
1.215404e+32
1.138434e+32
1.005929e+32
1.385152e+32
1.606501e+32
1.754998e+32
2.022054e+32
2.091682e+32
1.935102e+32
1.976115e+32
2.573661e+32
2.939335e+32
3.057630e+32
3.617672e+32
3.499048e+32
3.141355e+32
3.938584e+32
4.908449e+32
5.363764e+32
5.528617e+32
6.316411e+32
5.941589e+32
5.052788e+32
7.935903e+32
9.540764e+32
9.853655e+32
1.003517e+33
1.089683e+33
9.934525e+32
1.070808e+33
1.602189e+33
1.866890e+33
1.825412e+33
1.808469e+33
1.875469e+33
1.640017e+33
2.235713e+33
3.210314e+33
3.631152e+33
3.391464e+33
3.263722e+33
3.235733e+33
2.701577e+33
4.585965e+33
6.333754e+33
6.945297e+33
6.262282e+33
5.912867e+33
5.593066e+33
4.896200e+33
9.219551e+33
1.223000e+34
1.294963e+34
1.138928e+34
1.072807e+34
9.644329e+33
1.044020e+34
1.812729e+34
2.300070e+34
2.335656e+34
2.025604e+34
1.940081e+34
1.649140e+34
2.174477e+34
3.478270e+34
4.194733e+34
4.043339e+34
3.502111e+34
3.479024e+34
2.844606e+34
4.419860e+34
6.497818e+34
7.384922e+34
6.672569e+34
6.423179e+34
6.154704e+34
4.989967e+34
8.750714e+34
1.178688e+35
1.248393e+35
1.183993e+35
1.145238e+35
1.067809e+35
1.083433e+35
1.683911e+35
2.069994e+35
2.011987e+35
2.181221e+35
2.045863e+35
1.802275e+35
2.310378e+35
3.142825e+35
3.506901e+35
3.640336e+35
3.873147e+35
3.572022e+35
3.209118e+35
4.621083e+35
5.677075e+35
5.703389e+35
6.661704e+35
6.586504e+35
6.037621e+35
6.260153e+35
8.737575e+35
9.899896e+35
1.020401e+36
1.172128e+36
1.072332e+36
1.005365e+36
1.264335e+36
1.622048e+36
1.660619e+36
1.873856e+36
1.975875e+36
1.817923e+36
1.811925e+36
2.488417e+36
2.903826e+36
2.729431e+36
3.313890e+36
3.175785e+36
2.962956e+36
3.483316e+36
4.706662e+36
4.973930e+36
5.134081e+36
5.643325e+36
5.275235e+36
5.098280e+36
6.965785e+36
8.465950e+36
8.133755e+36
9.305811e+36
9.246865e+36
8.824779e+36
9.260014e+36
1.312460e+37
1.455123e+37
1.432523e+37
1.629543e+37
1.563501e+37
1.419829e+37
1.833916e+37
2.360989e+37
2.398117e+37
2.667770e+37
2.759992e+37
2.708001e+37
2.450978e+37
3.489603e+37
4.095858e+37
4.143155e+37
4.786728e+37
4.749599e+37
4.523750e+37
4.640632e+37
6.411184e+37
6.915917e+37
7.565148e+37
8.299420e+37
8.420666e+37
7.438230e+37
9.168475e+37
1.152049e+38
1.197910e+38
1.370729e+38
1.422665e+38
1.439725e+38
1.283526e+38
1.759444e+38
2.046304e+38
2.175319e+38
2.402007e+38
2.551073e+38
2.372818e+38
2.388799e+38
3.318610e+38
3.622247e+38
3.868512e+38
4.095314e+38
4.429021e+38
4.018704e+38
4.767832e+38
6.197546e+38
6.421572e+38
6.777906e+38
7.404973e+38
7.478472e+38
6.757750e+38
9.296009e+38
1.150123e+39
1.180588e+39
1.175885e+39
1.313421e+39
1.233870e+39
1.147302e+39
1.783067e+39
2.122299e+39
2.143863e+39
2.070535e+39
2.289842e+39
2.122750e+39
2.284954e+39
3.376940e+39
3.888087e+39
3.854968e+39
3.790353e+39
3.945195e+39
3.591697e+39
4.470222e+39
6.324244e+39
7.051029e+39
6.864211e+39
6.857083e+39
6.738599e+39
5.979753e+39
8.641978e+39
1.171206e+40
1.260929e+40
1.207691e+40
1.229120e+40
1.141561e+40
9.824381e+39
1.655629e+40
2.142526e+40
2.213419e+40
2.091781e+40
2.183132e+40
1.938769e+40
1.903248e+40
3.144604e+40
3.863507e+40
3.792885e+40
3.677379e+40
3.835553e+40
3.299657e+40
3.916463e+40
5.912400e+40
6.846256e+40
6.591819e+40
6.629845e+40
6.645918e+40
5.553112e+40
7.945942e+40
1.097109e+41
1.187156e+41
1.171397e+41
1.187661e+41
1.131292e+41
9.750089e+40
1.582664e+41
2.001067e+41
2.003163e+41
2.139964e+41
2.096249e+41
1.882129e+41
2.022241e+41
3.081262e+41
3.570441e+41
3.437764e+41
3.816626e+41
3.632537e+41
3.037673e+41
4.311103e+41
5.840316e+41
6.198045e+41
6.376031e+41
6.616945e+41
6.157937e+41
5.488682e+41
8.767731e+41
1.073853e+42
1.039960e+42
1.153884e+42
1.108871e+42
1.015597e+42
1.179432e+42
1.707709e+42
1.908551e+42
1.819265e+42
2.031718e+42
1.891212e+42
1.668173e+42
2.461510e+42
3.192739e+42
3.265349e+42
3.379959e+42
3.467370e+42
3.206316e+42
3.100501e+42
4.861374e+42
5.735950e+42
5.348264e+42
6.100324e+42
5.712568e+42
5.269646e+42
6.624738e+42
9.170851e+42
9.901998e+42
9.857080e+42
1.067358e+43
1.000090e+43
9.061443e+42
1.331351e+43
1.662278e+43
1.640435e+43
1.821600e+43
1.805393e+43
1.699160e+43
1.718530e+43
2.555044e+43
2.906502e+43
2.839852e+43
3.253911e+43
3.107657e+43
2.785091e+43
3.571977e+43
4.727171e+43
4.916732e+43
5.327633e+43
5.617072e+43
5.415722e+43
4.737908e+43
7.068217e+43
8.488214e+43
8.359059e+43
9.638911e+43
9.479395e+43
9.118657e+43
9.500678e+43
1.348442e+44
1.487013e+44
1.499679e+44
1.686376e+44
1.682041e+44
1.476686e+44
1.940367e+44
2.500733e+44
2.552383e+44
2.737583e+44
2.857855e+44
2.890879e+44
2.517047e+44
3.799481e+44
4.534699e+44
4.531485e+44
4.866336e+44
5.064084e+44
4.809546e+44
5.017084e+44
7.210416e+44
8.073799e+44
8.150685e+44
8.431799e+44
8.894065e+44
7.958025e+44
9.993224e+44
1.335658e+45
1.415273e+45
1.434976e+45
1.482690e+45
1.522540e+45
1.369147e+45
1.924859e+45
2.426953e+45
2.445827e+45
2.477951e+45
2.669587e+45
2.544698e+45
2.285631e+45
3.619828e+45
4.340091e+45
4.379371e+45
4.308806e+45
4.706190e+45
4.315497e+45
4.533937e+45
6.689484e+45
7.653930e+45
7.733464e+45
7.767607e+45
8.142750e+45
7.400260e+45
8.804688e+45
1.220150e+46
1.332227e+46
1.343521e+46
1.404989e+46
1.384288e+46
1.238967e+46
1.686515e+46
2.202384e+46
2.287711e+46
2.303672e+46
2.496625e+46
2.311148e+46
2.025501e+46
3.199201e+46
3.937890e+46
3.993914e+46
4.109602e+46
4.362574e+46
3.874862e+46
3.985066e+46
6.017550e+46
6.970132e+46
7.001569e+46
7.237208e+46
7.493961e+46
6.500468e+46
8.096039e+46
1.121333e+47
1.218463e+47
1.228981e+47
1.290245e+47
1.263635e+47
1.069335e+47
1.614682e+47
2.064796e+47
2.095152e+47
2.217894e+47
2.269352e+47
2.085820e+47
2.012253e+47
3.157217e+47
3.743001e+47
3.638749e+47
3.939835e+47
3.926891e+47
3.355035e+47
4.278277e+47
6.039542e+47
6.648924e+47
6.461384e+47
6.871883e+47
6.675621e+47
5.469791e+47
8.743433e+47
1.127495e+48
1.151062e+48
1.182604e+48
1.172561e+48
1.111683e+48
1.094053e+48
1.724877e+48
2.048681e+48
1.933970e+48
2.124638e+48
2.054557e+48
1.804446e+48
2.337999e+48
3.292378e+48
3.612292e+48
3.479657e+48
3.734935e+48
3.544957e+48
2.994824e+48
4.759651e+48
6.087692e+48
6.158173e+48
6.443776e+48
6.397174e+48
5.979252e+48
6.016543e+48
9.312503e+48
1.090789e+49
1.034797e+49
1.163340e+49
1.108597e+49
9.797985e+48
1.279426e+49
1.760418e+49
1.893169e+49
1.913343e+49
2.042089e+49
1.929777e+49
1.673272e+49
2.590090e+49
3.225946e+49
3.178465e+49
3.523414e+49
3.473399e+49
3.266279e+49
3.394475e+49
5.042124e+49
5.742133e+49
5.552302e+49
6.293997e+49
6.058273e+49
5.344021e+49
7.140541e+49
9.496563e+49
9.938829e+49
1.028717e+50
1.089827e+50
1.051037e+50
8.852643e+49
1.430679e+50
1.737360e+50
1.673885e+50
1.867795e+50
1.847290e+50
1.768282e+50
1.904021e+50
2.758748e+50
3.095408e+50
3.025748e+50
3.293382e+50
3.277965e+50
2.872619e+50
3.902735e+50
5.153349e+50
5.379702e+50
5.374539e+50
5.644329e+50
5.658641e+50
4.868521e+50
7.654975e+50
9.367208e+50
9.137853e+50
9.695760e+50
9.962498e+50
9.490643e+50
9.769845e+50
1.451349e+51
1.662009e+51
1.644409e+51
1.706184e+51
1.763547e+51
1.555408e+51
1.957990e+51
2.677831e+51
2.884632e+51
2.888801e+51
2.946081e+51
3.044644e+51
2.700803e+51
3.788983e+51
4.831293e+51
4.903735e+51
5.053418e+51
5.334748e+51
5.125044e+51
4.552924e+51
7.145043e+51
8.553041e+51
8.631023e+51
8.943777e+51
9.434885e+51
8.474381e+51
9.095256e+51
1.321051e+52
1.489319e+52
1.513831e+52
1.552739e+52
1.631333e+52
1.459038e+52
1.788331e+52
2.404583e+52
2.554040e+52
2.625415e+52
2.794291e+52
2.757593e+52
2.445220e+52
3.444145e+52
4.319431e+52
4.393320e+52
4.677110e+52
4.938562e+52
4.551548e+52
4.226627e+52
6.524513e+52
7.664721e+52
7.772176e+52
8.194524e+52
8.554223e+52
7.549451e+52
8.638307e+52
1.218168e+53
1.342861e+53
1.352958e+53
1.422430e+53
1.452092e+53
1.262218e+53
1.719772e+53
2.242282e+53
2.318240e+53
2.420169e+53
2.527128e+53
2.412766e+53
2.067807e+53
3.348139e+53
4.064959e+53
4.022911e+53
4.299516e+53
4.412149e+53
3.913502e+53
4.351906e+53
6.384741e+53
7.242429e+53
7.103738e+53
7.522798e+53
7.567931e+53
6.407774e+53
8.876900e+53
1.192867e+54
1.264190e+54
1.269887e+54
1.298757e+54
1.273424e+54
1.077922e+54
1.757260e+54
2.181853e+54
2.152741e+54
2.297320e+54
2.302049e+54
2.095697e+54
2.253948e+54
3.387475e+54
3.901086e+54
3.767248e+54
4.082572e+54
4.008981e+54
3.355372e+54
4.683448e+54
6.369165e+54
6.802814e+54
6.847416e+54
7.106817e+54
6.843981e+54
5.786378e+54
9.388108e+54
1.168587e+55
1.153311e+55
1.251230e+55
1.229624e+55
1.141031e+55
1.219883e+55
1.824704e+55
2.091450e+55
2.014631e+55
2.234325e+55
2.164356e+55
1.846832e+55
2.563381e+55
3.448515e+55
3.647017e+55
3.709932e+55
3.889800e+55
3.723786e+55
3.122884e+55
5.164437e+55
6.346321e+55
6.183457e+55
6.771767e+55
6.644097e+55
6.239367e+55
6.837286e+55
1.004584e+56
1.137807e+56
1.095392e+56
1.204459e+56
1.174612e+56
1.012516e+56
1.424879e+56
1.894634e+56
1.986659e+56
1.986718e+56
2.085180e+56
2.026178e+56
1.719745e+56
2.840535e+56
3.473403e+56
3.374115e+56
3.614843e+56
3.604247e+56
3.400425e+56
3.715628e+56
5.462699e+56
6.199000e+56
6.002204e+56
6.409575e+56
6.386029e+56
5.527421e+56
7.597739e+56
1.018873e+57
1.077702e+57
1.058404e+57
1.107315e+57
1.103547e+57
9.424127e+56
1.491398e+57
1.849647e+57
1.824710e+57
1.922594e+57
1.957028e+57
1.856069e+57
1.879041e+57
2.834633e+57
3.276103e+57
3.227308e+57
3.406200e+57
3.466900e+57
3.027969e+57
3.811586e+57
5.246218e+57
5.669889e+57
5.655264e+57
5.888435e+57
5.990455e+57
5.230481e+57
7.459255e+57
9.491106e+57
9.594221e+57
1.014387e+58
1.048518e+58
1.008282e+58
9.054933e+57
1.419788e+58
1.682807e+58
1.685506e+58
1.794936e+58
1.851875e+58
1.648912e+58
1.857499e+58
2.642011e+58
2.928645e+58
2.954590e+58
3.105948e+58
3.193937e+58
2.810619e+58
3.679896e+58
4.822327e+58
5.005295e+58
5.247868e+58
5.475102e+58
5.375555e+58
4.710378e+58
7.096685e+58
8.649953e+58
8.681140e+58
9.307756e+58
9.661395e+58
8.811830e+58
9.061559e+58
1.338653e+59
1.525875e+59
1.532746e+59
1.619793e+59
1.668800e+59
1.461898e+59
1.827001e+59
2.476788e+59
2.646021e+59
2.688553e+59
2.811497e+59
2.820276e+59
2.447657e+59
3.578730e+59
4.501050e+59
4.503242e+59
4.820257e+59
4.989773e+59
4.655579e+59
4.437679e+59
6.846454e+59
8.035945e+59
7.981001e+59
8.498426e+59
8.686083e+59
7.501570e+59
9.139683e+59
1.283028e+60
1.408287e+60
1.395355e+60
1.472645e+60
1.482181e+60
1.263681e+60
1.823887e+60
2.358527e+60
2.417849e+60
2.537877e+60
2.596544e+60
2.474727e+60
2.219728e+60
3.547287e+60
4.253614e+60
4.181042e+60
4.536182e+60
4.568135e+60
4.029160e+60
4.698501e+60
6.744775e+60
7.520017e+60
7.377594e+60
7.956516e+60
7.879685e+60
6.587663e+60
9.578359e+60
1.255452e+61
1.300818e+61
1.353509e+61
1.367389e+61
1.329982e+61
1.169242e+61
1.893624e+61
2.288043e+61
2.222524e+61
2.439464e+61
2.429009e+61
2.188876e+61
2.523121e+61
3.643997e+61
4.079657e+61
3.961078e+61
4.304457e+61
4.228157e+61
3.500114e+61
5.200792e+61
6.838514e+61
7.105056e+61
7.237932e+61
7.421273e+61
7.197916e+61
6.355377e+61
1.033556e+62
1.252440e+62
1.205470e+62
1.310710e+62
1.304311e+62
1.194360e+62
1.371609e+62
1.990890e+62
2.238221e+62
2.160056e+62
2.320175e+62
2.288247e+62
1.921288e+62
2.816787e+62
3.728943e+62
3.899438e+62
3.882625e+62
4.008817e+62
3.923442e+62
3.374078e+62
5.566044e+62
6.803686e+62
6.611086e+62
7.052031e+62
7.070327e+62
6.554645e+62
7.234078e+62
1.065305e+63
1.210331e+63
1.174935e+63
1.250576e+63
1.246802e+63
1.061852e+63
1.476623e+63
1.983054e+63
2.099371e+63
2.084080e+63
2.163279e+63
2.146644e+63
1.823076e+63
2.903440e+63
3.599731e+63
3.547647e+63
3.782988e+63
3.829811e+63
3.599282e+63
3.683633e+63
5.538161e+63
6.381992e+63
6.275456e+63
6.700354e+63
6.757343e+63
5.853211e+63
7.528169e+63
1.029336e+64
1.105797e+64
1.104212e+64
1.157752e+64
1.163468e+64
1.003037e+64
1.483019e+64
1.869455e+64
1.872009e+64
1.998544e+64
2.042854e+64
1.951196e+64
1.841232e+64
2.836726e+64
3.323243e+64
3.296019e+64
3.533276e+64
3.599259e+64
3.176863e+64
3.787558e+64
5.292736e+64
5.786253e+64
5.777388e+64
6.104525e+64
6.193473e+64
5.382439e+64
7.504395e+64
9.659927e+64
9.865008e+64
1.038935e+65
1.070571e+65
1.039550e+65
9.069267e+64
1.443660e+65
1.727468e+65
1.716837e+65
1.841895e+65
1.888489e+65
1.697487e+65
1.884154e+65
2.709989e+65
3.028755e+65
3.022942e+65
3.199140e+65
3.258596e+65
2.831955e+65
3.767557e+65
4.979300e+65
5.204584e+65
5.385110e+65
5.567557e+65
5.494346e+65
4.745473e+65
7.316113e+65
8.970857e+65
8.911585e+65
9.623305e+65
9.868347e+65
9.031454e+65
9.339532e+65
1.387086e+66
1.585835e+66
1.578758e+66
1.687055e+66
1.712801e+66
1.476123e+66
1.899286e+66
2.575749e+66
2.749686e+66
2.807993e+66
2.899700e+66
2.908321e+66
2.482519e+66
3.747067e+66
4.692380e+66
4.669355e+66
5.064040e+66
5.168538e+66
4.820715e+66
4.729837e+66
7.210915e+66
8.389980e+66
8.292506e+66
8.959285e+66
9.034312e+66
7.770069e+66
9.819848e+66
1.357616e+67
1.471393e+67
1.471786e+67
1.553859e+67
1.546063e+67
1.302477e+67
1.969461e+67
2.504046e+67
2.526638e+67
2.677652e+67
2.720502e+67
2.585307e+67
2.469065e+67
3.839053e+67
4.525552e+67
4.420359e+67
4.776835e+67
4.794770e+67
4.209177e+67
5.196398e+67
7.297922e+67
8.008177e+67
7.819908e+67
8.349892e+67
8.278329e+67
6.930835e+67
1.051192e+68
1.355253e+68
1.385148e+68
1.425387e+68
1.445768e+68
1.397511e+68
1.297375e+68
2.059401e+68
2.460089e+68
2.383814e+68
2.562522e+68
2.570910e+68
2.298965e+68
2.745894e+68
3.924422e+68
4.363894e+68
4.241791e+68
4.509237e+68
4.477392e+68
3.760265e+68
5.569539e+68
7.292640e+68
7.556361e+68
7.644814e+68
7.758558e+68
7.622464e+68
6.719903e+68
1.092152e+69
1.323249e+69
1.283300e+69
1.380831e+69
1.388688e+69
1.264439e+69
1.429461e+69
2.081282e+69
2.345409e+69
2.288365e+69
2.437745e+69
2.431791e+69
2.059667e+69
2.907807e+69
3.866568e+69
4.058985e+69
4.092895e+69
4.201129e+69
4.159382e+69
3.520380e+69
5.712232e+69
7.015374e+69
6.848964e+69
7.397534e+69
7.473675e+69
6.929256e+69
7.351149e+69
1.089986e+70
1.244100e+70
1.221001e+70
1.305975e+70
1.311335e+70
1.121320e+70
1.501243e+70
2.027492e+70
2.156253e+70
2.165661e+70
2.250631e+70
2.246736e+70
1.921175e+70
2.956648e+70
3.684204e+70
3.648621e+70
3.913315e+70
3.977658e+70
3.750284e+70
3.732963e+70
5.652904e+70
6.546948e+70
6.452594e+70
6.911376e+70
6.988150e+70
6.075548e+70
7.654815e+70
1.053534e+71
1.137926e+71
1.133307e+71
1.192892e+71
1.199438e+71
1.032893e+71
1.512558e+71
1.918808e+71
1.932992e+71
2.052136e+71
2.097225e+71
2.007625e+71
1.865816e+71
2.901599e+71
3.420055e+71
3.383135e+71
3.635807e+71
3.693973e+71
3.266208e+71
3.856380e+71
5.429128e+71
5.968359e+71
5.937674e+71
6.303532e+71
6.361029e+71
5.485408e+71
7.677845e+71
9.936783e+71
1.019262e+72
1.073356e+72
1.100340e+72
1.069253e+72
9.272987e+71
1.484549e+72
1.781946e+72
1.766149e+72
1.911393e+72
1.945239e+72
1.749384e+72
1.944766e+72
2.801474e+72
3.132808e+72
3.116202e+72
3.333757e+72
3.364178e+72
2.888657e+72
3.922276e+72
5.174764e+72
5.397341e+72
5.609848e+72
5.759555e+72
5.684668e+72
4.846646e+72
7.674864e+72
9.370737e+72
9.255003e+72
1.005260e+73
1.023147e+73
9.361684e+72
9.944606e+72
1.464508e+73
1.664244e+73
1.645687e+73
1.765562e+73
1.779498e+73
1.518261e+73
2.032913e+73
2.733196e+73
2.897028e+73
2.937459e+73
3.037223e+73
3.027253e+73
2.562762e+73
4.021814e+73
4.996192e+73
4.934439e+73
5.305699e+73
5.399486e+73
5.026224e+73
5.134688e+73
7.743833e+73
8.948409e+73
8.777040e+73
9.395436e+73
9.461358e+73
8.112830e+73
1.060882e+74
1.455886e+74
1.569362e+74
1.549109e+74
1.629988e+74
1.622965e+74
1.369149e+74
2.115625e+74
2.677165e+74
2.690780e+74
2.821623e+74
2.870485e+74
2.719760e+74
2.647988e+74
4.098455e+74
4.817914e+74
4.703394e+74
5.035429e+74
5.069027e+74
4.436414e+74
5.523576e+74
7.741659e+74
8.482835e+74
8.304796e+74
8.797840e+74
8.763256e+74
7.398538e+74
1.109163e+75
1.428848e+75
1.459444e+75
1.507755e+75
1.533494e+75
1.480208e+75
1.360740e+75
2.159749e+75
2.579188e+75
2.515607e+75
2.704096e+75
2.724071e+75
2.434523e+75
2.865511e+75
4.095433e+75
4.553340e+75
4.459682e+75
4.743573e+75
4.735144e+75
4.013664e+75
5.790448e+75
7.581603e+75
7.854973e+75
8.033617e+75
8.178827e+75
8.040193e+75
6.965356e+75
1.132312e+76
1.371942e+76
1.338902e+76
1.444557e+76
1.458689e+76
1.329522e+76
1.478404e+76
2.153436e+76
2.427508e+76
2.381141e+76
2.539674e+76
2.544938e+76
2.169551e+76
3.001707e+76
3.994955e+76
4.197472e+76
4.252504e+76
4.361351e+76
4.337233e+76
3.691177e+76
5.887719e+76
7.241684e+76
7.081716e+76
7.663934e+76
7.765074e+76
7.201555e+76
7.546908e+76
1.122214e+77
1.283566e+77
1.262482e+77
1.350632e+77
1.359114e+77
1.164779e+77
1.539902e+77
2.086024e+77
2.224152e+77
2.238729e+77
2.326168e+77
2.324230e+77
1.988166e+77
3.032587e+77
3.789784e+77
3.763380e+77
4.045709e+77
4.112342e+77
3.874621e+77
3.817179e+77
5.802530e+77
6.736487e+77
6.648644e+77
7.151579e+77
7.220621e+77
6.272127e+77
7.851569e+77
1.083132e+78
1.171778e+78
1.172998e+78
1.236220e+78
1.239084e+78
1.061652e+78
1.557269e+78
1.977331e+78
1.992962e+78
2.126695e+78
2.168266e+78
2.074114e+78
1.929922e+78
3.000150e+78
3.534883e+78
3.492995e+78
3.773503e+78
3.820231e+78
3.375078e+78
4.012708e+78
5.639204e+78
6.190160e+78
6.141971e+78
6.552499e+78
6.581669e+78
5.632158e+78
8.031713e+78
1.036885e+79
1.061115e+79
1.114871e+79
1.140300e+79
1.107069e+79
9.791594e+78
1.560100e+79
1.867552e+79
1.840930e+79
1.988690e+79
2.018251e+79
1.812710e+79
2.059128e+79
2.954937e+79
3.295973e+79
3.257845e+79
3.474540e+79
3.495646e+79
2.984692e+79
4.159707e+79
5.472862e+79
5.696075e+79
5.854032e+79
6.003988e+79
5.917373e+79
5.021121e+79
8.144397e+79
9.926173e+79
9.746634e+79
1.051495e+80
1.068948e+80
9.764958e+79
1.056731e+80
1.553573e+80
1.763688e+80
1.735795e+80
1.850628e+80
1.863512e+80
1.588154e+80
2.155451e+80
2.895998e+80
3.068231e+80
3.088479e+80
3.188872e+80
3.177563e+80
2.691310e+80
4.254305e+80
5.283892e+80
5.217800e+80
5.586449e+80
5.682865e+80
5.287353e+80
5.418282e+80
8.171369e+80
9.441157e+80
9.262833e+80
9.898604e+80
9.971017e+80
8.550850e+80
1.116857e+81
1.532383e+81
1.651315e+81
1.634149e+81
1.716851e+81
1.711733e+81
1.449681e+81
2.222328e+81
2.810727e+81
2.823338e+81
2.972933e+81
3.025131e+81
2.869035e+81
2.778141e+81
4.295839e+81
5.045973e+81
4.939440e+81
5.295344e+81
5.337661e+81
4.677756e+81
5.783467e+81
8.097148e+81
8.864199e+81
8.706493e+81
9.229379e+81
9.215255e+81
7.819524e+81
1.158799e+82
1.491321e+82
1.521923e+82
1.579502e+82
1.608253e+82
1.553769e+82
1.419917e+82
2.251205e+82
2.686471e+82
2.626984e+82
2.825247e+82
2.851593e+82
2.550008e+82
2.981526e+82
4.259021e+82
4.733478e+82
4.648811e+82
4.943775e+82
4.947054e+82
4.211240e+82
6.008929e+82
7.867076e+82
8.150608e+82
8.369510e+82
8.530267e+82
8.383131e+82
7.208563e+82
1.172367e+83
1.420748e+83
1.390531e+83
1.502467e+83
1.519018e+83
1.383472e+83
1.527282e+83
2.225658e+83
2.509546e+83
2.468814e+83
2.638224e+83
2.646254e+83
2.259496e+83
3.098024e+83
4.124046e+83
4.333426e+83
4.419344e+83
4.526981e+83
4.503561e+83
3.834289e+83
6.075843e+83
7.471675e+83
7.325959e+83
7.958269e+83
8.062823e+83
7.467779e+83
7.799256e+83
1.158801e+84
1.324518e+84
1.305411e+84
1.401853e+84
1.409777e+84
1.206177e+84
1.594302e+84
2.156871e+84
2.296986e+84
2.323078e+84
2.414025e+84
2.408658e+84
2.054239e+84
3.146640e+84
3.925958e+84
3.892284e+84
4.197304e+84
4.264873e+84
4.012159e+84
3.981263e+84
6.035514e+84
6.995042e+84
6.895990e+84
7.420946e+84
7.485833e+84
6.490289e+84
8.205636e+84
1.129502e+85
1.220009e+85
1.217213e+85
1.283490e+85
1.284523e+85
1.096195e+85
1.630560e+85
2.067170e+85
2.080859e+85
2.209073e+85
2.252393e+85
2.150735e+85
2.027815e+85
3.146603e+85
3.704106e+85
3.647648e+85
3.925046e+85
3.971643e+85
3.501861e+85
4.217191e+85
5.922701e+85
6.499572e+85
6.424337e+85
6.826818e+85
6.850359e+85
5.845807e+85
8.443351e+85
1.090152e+86
1.115923e+86
1.163717e+86
1.190148e+86
1.153942e+86
1.028808e+86
1.640403e+86
1.964785e+86
1.931693e+86
2.079736e+86
2.109435e+86
1.892737e+86
2.163134e+86
3.107232e+86
3.468449e+86
3.420883e+86
3.639769e+86
3.658963e+86
3.121098e+86
4.369613e+86
5.754147e+86
5.993229e+86
6.140516e+86
6.293116e+86
6.202889e+86
5.261722e+86
8.554461e+86
1.043256e+87
1.023455e+87
1.103853e+87
1.121325e+87
1.025013e+87
1.108951e+87
1.631328e+87
1.852558e+87
1.822557e+87
1.943381e+87
1.956017e+87
1.668040e+87
2.261800e+87
3.039325e+87
3.220174e+87
3.242146e+87
3.347955e+87
3.336498e+87
2.830352e+87
4.461921e+87
5.540911e+87
5.470494e+87
5.861026e+87
5.959645e+87
5.552148e+87
5.679344e+87
8.562121e+87
9.889565e+87
9.706083e+87
1.037541e+88
1.045328e+88
8.976629e+87
1.169204e+88
1.603554e+88
1.727376e+88
1.711799e+88
1.797326e+88
1.793520e+88
1.523008e+88
2.322688e+88
2.936508e+88
2.948575e+88
3.110859e+88
3.165151e+88
3.003701e+88
2.899521e+88
4.481528e+88
5.262051e+88
5.158010e+88
5.534352e+88
5.580722e+88
4.892156e+88
6.024686e+88
8.430921e+88
9.225416e+88
9.079185e+88
9.633630e+88
9.626156e+88
8.187202e+88
1.205053e+89
1.549907e+89
1.580701e+89
1.649078e+89
1.678755e+89
1.621268e+89
1.476113e+89
2.337697e+89
2.787310e+89
2.732142e+89
2.946131e+89
2.973779e+89
2.657331e+89
3.097085e+89
4.417884e+89
4.904233e+89
4.828654e+89
5.149132e+89
5.153325e+89
4.390083e+89
6.239340e+89
8.155072e+89
8.435683e+89
8.717661e+89
8.884564e+89
8.721847e+89
7.507668e+89
1.217295e+90
1.472420e+90
1.443605e+90
1.563148e+90
1.580489e+90
1.437408e+90
1.590757e+90
2.311720e+90
2.601369e+90
2.562161e+90
2.742108e+90
2.750546e+90
2.346922e+90
3.227763e+90
4.286300e+90
4.494856e+90
4.593648e+90
4.701781e+90
4.676569e+90
3.976277e+90
6.333477e+90
7.772794e+90
7.620536e+90
8.268361e+90
8.381933e+90
7.747962e+90
8.155498e+90
1.208739e+91
1.379465e+91
1.358564e+91
1.456353e+91
1.465085e+91
1.252097e+91
1.666786e+91
2.251585e+91
2.395364e+91
2.415767e+91
2.508594e+91
2.502907e+91
2.131158e+91
3.290010e+91
4.101883e+91
4.064587e+91
4.367427e+91
4.441080e+91
4.169808e+91
4.165786e+91
6.312437e+91
7.315021e+91
7.201984e+91
7.728572e+91
7.798337e+91
6.748216e+91
8.584047e+91
1.181857e+92
1.276941e+92
1.269477e+92
1.338154e+92
1.338974e+92
1.141187e+92
1.706069e+92
2.164131e+92
2.179765e+92
2.306182e+92
2.351987e+92
2.243716e+92
2.120386e+92
3.293649e+92
3.879973e+92
3.816897e+92
4.101604e+92
4.149556e+92
3.656837e+92
4.412215e+92
6.202488e+92
6.811631e+92
6.725229e+92
7.140342e+92
7.161720e+92
6.106939e+92
8.839137e+92
1.142168e+93
1.169989e+93
1.217451e+93
1.244677e+93
1.207197e+93
1.076387e+93
1.718118e+93
2.059211e+93
2.022461e+93
2.176706e+93
2.206736e+93
1.981425e+93
2.264473e+93
3.255251e+93
3.635604e+93
3.582372e+93
3.810427e+93
3.828871e+93
3.266128e+93
4.575070e+93
6.027980e+93
6.281218e+93
6.426205e+93
6.581332e+93
6.492572e+93
5.510532e+93
8.954630e+93
1.092492e+94
1.070973e+94
1.155221e+94
1.172813e+94
1.073064e+94
1.159603e+94
1.706635e+94
1.938592e+94
1.906660e+94
2.033460e+94
2.045914e+94
1.745860e+94
2.363579e+94
3.176780e+94
3.366166e+94
3.392225e+94
3.501814e+94
3.489547e+94
2.963611e+94
4.658604e+94
5.784888e+94
5.710649e+94
6.130340e+94
6.228708e+94
5.805349e+94
5.925560e+94
8.930495e+94
1.031140e+95
1.012934e+95
1.084627e+95
1.092221e+95
9.381523e+94
1.219107e+95
1.670775e+95
1.798485e+95
1.789623e+95
1.877480e+95
1.873069e+95
1.591953e+95
2.420246e+95
3.056453e+95
3.065440e+95
3.249641e+95
3.304002e+95
3.134671e+95
3.025688e+95
4.666984e+95
5.471843e+95
5.370942e+95
5.775660e+95
5.821765e+95
5.100453e+95
6.284495e+95
8.775483e+95
9.585579e+95
9.446978e+95
1.004295e+96
1.003374e+96
8.535986e+95
1.256592e+96
1.612671e+96
1.641399e+96
1.719168e+96
1.749953e+96
1.688284e+96
1.544066e+96
2.437019e+96
2.899592e+96
2.844278e+96
3.068427e+96
3.097778e+96
2.764122e+96
3.236897e+96
4.604785e+96
5.101600e+96
5.025591e+96
5.358419e+96
5.364477e+96
4.569702e+96
6.516807e+96
8.499566e+96
8.776346e+96
9.077579e+96
9.257822e+96
9.073125e+96
7.860655e+96
1.270863e+97
1.534720e+97
1.504930e+97
1.627076e+97
1.646321e+97
1.494367e+97
1.663321e+97
2.412848e+97
2.711977e+97
2.670993e+97
2.853832e+97
2.864392e+97
2.443810e+97
3.372355e+97
4.473562e+97
4.687539e+97
4.786369e+97
4.893732e+97
4.869435e+97
4.138419e+97
6.614739e+97
8.113448e+97
7.955225e+97
8.616535e+97
8.741636e+97
8.067317e+97
8.520832e+97
1.262357e+98
1.440360e+98
1.418309e+98
1.518142e+98
1.527990e+98
1.305597e+98
1.741112e+98
2.351933e+98
2.502247e+98
2.520387e+98
2.616154e+98
2.610692e+98
2.221807e+98
3.437234e+98
4.286327e+98
4.248414e+98
4.557783e+98
4.636712e+98
4.350367e+98
4.351727e+98
6.597173e+98
7.647711e+98
7.525682e+98
8.068170e+98
8.142300e+98
7.042804e+98
8.970129e+98
1.235685e+99
1.335731e+99
1.325500e+99
1.397484e+99
1.398243e+99
1.191245e+99
1.783423e+99
2.263605e+99
2.281281e+99
2.408622e+99
2.456460e+99
2.343595e+99
2.215031e+99
3.443914e+99
4.059542e+99
3.990207e+99
4.285097e+99
4.334325e+99
3.820835e+99
4.610227e+99
6.486276e+99
7.127863e+99
7.031601e+99
7.461933e+99
7.481919e+99
6.379246e+99
9.236376e+99
1.194353e+100
