1.245012e-02
9.393537e-03
8.025117e-03
9.268487e-03
8.878065e-03
8.229950e-03
6.958923e-03
5.838261e-03
4.910446e-03
4.185099e-03
3.774458e-03
3.216792e-03
2.794224e-03
2.653829e-03
2.514490e-03
2.364985e-03
2.219220e-03
2.072982e-03
1.928333e-03
1.850800e-03
1.802752e-03
1.754580e-03
1.704139e-03
1.651905e-03
1.598218e-03
1.542501e-03
1.487800e-03
1.432965e-03
1.378307e-03
1.324054e-03
1.270105e-03
1.217658e-03
1.166286e-03
1.116134e-03
1.088911e-03
1.071126e-03
1.053380e-03
1.035203e-03
1.016660e-03
9.977880e-04
9.783760e-04
9.591679e-04
9.398427e-04
9.204497e-04
9.010170e-04
8.814233e-04
8.621283e-04
8.429347e-04
8.238743e-04
8.049667e-04
7.861540e-04
7.676825e-04
7.494468e-04
7.314653e-04
7.137499e-04
6.962857e-04
6.791696e-04
6.623607e-04
6.458673e-04
6.296963e-04
6.138596e-04
6.016848e-04
5.958541e-04
5.899365e-04
5.839340e-04
5.777878e-04
5.716707e-04
5.655021e-04
5.592892e-04
5.530338e-04
5.466912e-04
5.403944e-04
5.340814e-04
5.277576e-04
5.214247e-04
5.150498e-04
5.087318e-04
5.024245e-04
4.961322e-04
4.898559e-04
4.835726e-04
4.773531e-04
4.711643e-04
4.650091e-04
4.588885e-04
4.527870e-04
4.467531e-04
4.407638e-04
4.348214e-04
4.289265e-04
4.230699e-04
4.172818e-04
4.115478e-04
4.058694e-04
4.002471e-04
3.946763e-04
3.891733e-04
3.837303e-04
3.783481e-04
3.730271e-04
3.677663e-04
3.625712e-04
3.574393e-04
3.523706e-04
3.473657e-04
3.424262e-04
3.375496e-04
3.327370e-04
3.279883e-04
3.233039e-04
3.186874e-04
3.141305e-04
3.096369e-04
3.072686e-04
3.054933e-04
3.036904e-04
3.018916e-04
3.000813e-04
2.982603e-04
2.964284e-04
2.945754e-04
2.927285e-04
2.908744e-04
2.890138e-04
2.871465e-04
2.852638e-04
2.833889e-04
2.815104e-04
2.796290e-04
2.777443e-04
2.758493e-04
2.739633e-04
2.720769e-04
2.701904e-04
2.683037e-04
2.664109e-04
2.645281e-04
2.626474e-04
2.607692e-04
2.588933e-04
2.570147e-04
2.551470e-04
2.532834e-04
2.514244e-04
2.495697e-04
2.477155e-04
2.458725e-04
2.440354e-04
2.422046e-04
2.403798e-04
2.385579e-04
2.367476e-04
2.349445e-04
2.331491e-04
2.313610e-04
2.295779e-04
2.278066e-04
2.260437e-04
2.242893e-04
2.225434e-04
2.208042e-04
2.190768e-04
2.173587e-04
2.156499e-04
2.139504e-04
2.122589e-04
2.105792e-04
2.089094e-04
2.072495e-04
2.055996e-04
2.039587e-04
2.023294e-04
2.007105e-04
1.991020e-04
1.975038e-04
1.959155e-04
1.943387e-04
1.927724e-04
1.912168e-04
1.896719e-04
1.881375e-04
1.866142e-04
1.851017e-04
1.836000e-04
1.821092e-04
1.806293e-04
1.791602e-04
1.777020e-04
1.762547e-04
1.748182e-04
1.733930e-04
1.719783e-04
1.705744e-04
1.691813e-04
1.677991e-04
1.664283e-04
1.650676e-04
1.637177e-04
1.623785e-04
1.610501e-04
1.597330e-04
1.584258e-04
1.571292e-04
1.558431e-04
1.545676e-04
1.533036e-04
1.520489e-04
1.508047e-04
1.495707e-04
1.483472e-04
1.471350e-04
1.459318e-04
1.453213e-04
1.448324e-04
1.443409e-04
1.438447e-04
1.433491e-04
1.428515e-04
1.423518e-04
1.418501e-04
1.413443e-04
1.408394e-04
1.403328e-04
1.398247e-04
1.393149e-04
1.388017e-04
1.382895e-04
1.377761e-04
1.372615e-04
1.367456e-04
1.362269e-04
1.357094e-04
1.351909e-04
1.346717e-04
1.341516e-04
1.336291e-04
1.331080e-04
1.325862e-04
1.320640e-04
1.315412e-04
1.310166e-04
1.304934e-04
1.299699e-04
1.294462e-04
1.289222e-04
1.283968e-04
1.278729e-04
1.273490e-04
1.268252e-04
1.263014e-04
1.257765e-04
1.252532e-04
1.247301e-04
1.242074e-04
1.236849e-04
1.231616e-04
1.226401e-04
1.221190e-04
1.215984e-04
1.210782e-04
1.205577e-04
1.200389e-04
1.195207e-04
1.190032e-04
1.184864e-04
1.179694e-04
1.174542e-04
1.169399e-04
1.164264e-04
1.159137e-04
1.154011e-04
1.148904e-04
1.143806e-04
1.138718e-04
1.133640e-04
1.128565e-04
1.123509e-04
1.118464e-04
1.113431e-04
1.108408e-04
1.103391e-04
1.098392e-04
1.093406e-04
1.088432e-04
1.083470e-04
1.078516e-04
1.073581e-04
1.068658e-04
1.063749e-04
1.058853e-04
1.053967e-04
1.049099e-04
1.044245e-04
1.039405e-04
1.034580e-04
1.029765e-04
1.024969e-04
1.020187e-04
1.015421e-04
1.010669e-04
1.005929e-04
1.001208e-04
9.965024e-05
9.918122e-05
9.871373e-05
9.824756e-05
9.778326e-05
9.732055e-05
9.685943e-05
9.639990e-05
9.594178e-05
9.548552e-05
9.503089e-05
9.457790e-05
9.412653e-05
9.367667e-05
9.322865e-05
9.278229e-05
9.233760e-05
9.189458e-05
9.145312e-05
9.101349e-05
9.057555e-05
9.013931e-05
8.970476e-05
8.927184e-05
8.884072e-05
8.841131e-05
8.798362e-05
8.755764e-05
8.713335e-05
8.671082e-05
8.629003e-05
8.587096e-05
8.545362e-05
8.503801e-05
8.462414e-05
8.421201e-05
8.380161e-05
8.339295e-05
8.298605e-05
8.258087e-05
8.217743e-05
8.177572e-05
8.137576e-05
8.097758e-05
8.058110e-05
8.018634e-05
7.979333e-05
7.940206e-05
7.901259e-05
7.862478e-05
7.823870e-05
7.785435e-05
7.747174e-05
7.709095e-05
7.671179e-05
7.633434e-05
7.595862e-05
7.558463e-05
7.521247e-05
7.484190e-05
7.447304e-05
7.410589e-05
7.374045e-05
7.337685e-05
7.301481e-05
7.265447e-05
7.229581e-05
7.193887e-05
7.158375e-05
7.123016e-05
7.087825e-05
7.052801e-05
7.017946e-05
6.983274e-05
6.948751e-05
6.914394e-05
6.880203e-05
6.846178e-05
6.812335e-05
6.778638e-05
6.745105e-05
6.711735e-05
6.678531e-05
6.645506e-05
6.612624e-05
6.579904e-05
6.547345e-05
6.514948e-05
6.482731e-05
6.450652e-05
6.418733e-05
6.386973e-05
6.355372e-05
6.323949e-05
6.292662e-05
6.261531e-05
6.230556e-05
6.199740e-05
6.169098e-05
6.138589e-05
6.108233e-05
6.086311e-05
6.073677e-05
6.060965e-05
6.048259e-05
6.035517e-05
6.022738e-05
6.009921e-05
5.997030e-05
5.984150e-05
5.971236e-05
5.958291e-05
5.945311e-05
5.932265e-05
5.919230e-05
5.906167e-05
5.893077e-05
5.879956e-05
5.866775e-05
5.853607e-05
5.840414e-05
5.827198e-05
5.813956e-05
5.800659e-05
5.787377e-05
5.774075e-05
5.760752e-05
5.747407e-05
5.734014e-05
5.720636e-05
5.707241e-05
5.693830e-05
5.680400e-05
5.666927e-05
5.653471e-05
5.640001e-05
5.626518e-05
5.613020e-05
5.599483e-05
5.585965e-05
5.572436e-05
5.558897e-05
5.545346e-05
5.531761e-05
5.518196e-05
5.504623e-05
5.491043e-05
5.477454e-05
5.463836e-05
5.450238e-05
5.436636e-05
5.423029e-05
5.409416e-05
5.395777e-05
5.382161e-05
5.368542e-05
5.354921e-05
5.341297e-05
5.327652e-05
5.314029e-05
5.300406e-05
5.286784e-05
5.273161e-05
5.259521e-05
5.245904e-05
5.232289e-05
5.218677e-05
5.205067e-05
5.191442e-05
5.177842e-05
5.164247e-05
5.150656e-05
5.137069e-05
5.123471e-05
5.109899e-05
5.096333e-05
5.082773e-05
5.069220e-05
5.055659e-05
5.042123e-05
5.028596e-05
5.015077e-05
5.001567e-05
4.988051e-05
4.974562e-05
4.961083e-05
4.947615e-05
4.934156e-05
4.920695e-05
4.907260e-05
4.893838e-05
4.880427e-05
4.867028e-05
4.853630e-05
4.840258e-05
4.826900e-05
4.813556e-05
4.800224e-05
4.786896e-05
4.773595e-05
4.760308e-05
4.747037e-05
4.733780e-05
4.720528e-05
4.707304e-05
4.694096e-05
4.680905e-05
4.667729e-05
4.654561e-05
4.641421e-05
4.628297e-05
4.615192e-05
4.602104e-05
4.589025e-05
4.575974e-05
4.562942e-05
4.549928e-05
4.536932e-05
4.523949e-05
4.510993e-05
4.498057e-05
4.485140e-05
4.472243e-05
4.459359e-05
4.446503e-05
4.433668e-05
4.420854e-05
4.408059e-05
4.395280e-05
4.382529e-05
4.369800e-05
4.357092e-05
4.344405e-05
4.331735e-05
4.319093e-05
4.306474e-05
4.293876e-05
4.281301e-05
4.268744e-05
4.256215e-05
4.243709e-05
4.231227e-05
4.218767e-05
4.206326e-05
4.193914e-05
4.181525e-05
4.169161e-05
4.156819e-05
4.144499e-05
4.132206e-05
4.119938e-05
4.107694e-05
4.095475e-05
4.083277e-05
4.071107e-05
4.058963e-05
4.046843e-05
4.034748e-05
4.022676e-05
4.010631e-05
3.998613e-05
3.986619e-05
3.974651e-05
3.962707e-05
3.950791e-05
3.938900e-05
3.927036e-05
3.915197e-05
3.903383e-05
3.891596e-05
3.879836e-05
3.868103e-05
3.856395e-05
3.844713e-05
3.833058e-05
3.821431e-05
3.809829e-05
3.798255e-05
3.786706e-05
3.775185e-05
3.763691e-05
3.752224e-05
3.740799e-05
3.729405e-05
3.718038e-05
3.706742e-05
3.695487e-05
3.684257e-05
3.673054e-05
3.661878e-05
3.650729e-05
3.639664e-05
3.628661e-05
3.617683e-05
3.606731e-05
3.595805e-05
3.584906e-05
3.574033e-05
3.563186e-05
3.552365e-05
3.541585e-05
3.530940e-05
3.520320e-05
3.509726e-05
3.499157e-05
3.488613e-05
3.478094e-05
3.467601e-05
3.457134e-05
3.446692e-05
3.436275e-05
3.425884e-05
3.415518e-05
3.405179e-05
3.394992e-05
3.384851e-05
3.374734e-05
3.364641e-05
3.354573e-05
3.344529e-05
3.334509e-05
3.324514e-05
3.314543e-05
3.304598e-05
3.294676e-05
3.284779e-05
3.274906e-05
3.265058e-05
3.255236e-05
3.245437e-05
3.235663e-05
3.225960e-05
3.216401e-05
3.206865e-05
3.197352e-05
3.187863e-05
3.178396e-05
3.168953e-05
3.159534e-05
3.150138e-05
3.140764e-05
3.131414e-05
3.122088e-05
3.112786e-05
3.103506e-05
3.094249e-05
3.085016e-05
3.075806e-05
3.066621e-05
3.057458e-05
3.048318e-05
3.039202e-05
3.030109e-05
3.021041e-05
3.012087e-05
3.003238e-05
2.994412e-05
2.985607e-05
2.976825e-05
2.968064e-05
2.959325e-05
2.950608e-05
2.941913e-05
2.933241e-05
2.924590e-05
2.915961e-05
2.907353e-05
2.898767e-05
2.890205e-05
2.881664e-05
2.873144e-05
2.864646e-05
2.856170e-05
2.859681e-05
2.839285e-05
2.830875e-05
2.822487e-05
2.814120e-05
2.833137e-05
2.797455e-05
2.789154e-05
2.780875e-05
2.772618e-05
2.806998e-05
2.756411e-05
2.748392e-05
2.740393e-05
2.732414e-05
2.781255e-05
2.718307e-05
2.708602e-05
2.700705e-05
2.692828e-05
2.755900e-05
2.693575e-05
2.669320e-05
2.661524e-05
2.653748e-05
2.730922e-05
2.669211e-05
2.631430e-05
2.622849e-05
2.615175e-05
2.706313e-05
2.645207e-05
2.607802e-05
2.585298e-05
2.581891e-05
2.682065e-05
2.621554e-05
2.584519e-05
2.562245e-05
2.558893e-05
2.658170e-05
2.598243e-05
2.561574e-05
2.539526e-05
2.536226e-05
2.634619e-05
2.575269e-05
2.538957e-05
2.517133e-05
2.513884e-05
2.611405e-05
2.552622e-05
2.516663e-05
2.495058e-05
2.491860e-05
2.588520e-05
2.530296e-05
2.494684e-05
2.473294e-05
2.470145e-05
2.565957e-05
2.508283e-05
2.473013e-05
2.451835e-05
2.448734e-05
2.543709e-05
2.486577e-05
2.451644e-05
2.430675e-05
2.427620e-05
2.521770e-05
2.465171e-05
2.430570e-05
2.409805e-05
2.406797e-05
2.500132e-05
2.444059e-05
2.409784e-05
2.389222e-05
2.386257e-05
2.478789e-05
2.423235e-05
2.389281e-05
2.368917e-05
2.365996e-05
2.457736e-05
2.402691e-05
2.369054e-05
2.348886e-05
2.346008e-05
2.436965e-05
2.382424e-05
2.349098e-05
2.329122e-05
2.326286e-05
2.416471e-05
2.362425e-05
2.329407e-05
2.309621e-05
2.306825e-05
2.396248e-05
2.342691e-05
2.309975e-05
2.290376e-05
2.287620e-05
2.376291e-05
2.323216e-05
2.290798e-05
2.271383e-05
2.268666e-05
2.356594e-05
2.303994e-05
2.271871e-05
2.252636e-05
2.249958e-05
2.337152e-05
2.285021e-05
2.253187e-05
2.234131e-05
2.231490e-05
2.317960e-05
2.266291e-05
2.234743e-05
2.215863e-05
2.213257e-05
2.299013e-05
2.247799e-05
2.216533e-05
2.197826e-05
2.195256e-05
2.280306e-05
2.229542e-05
2.198553e-05
2.180017e-05
2.177482e-05
2.261834e-05
2.211514e-05
2.180798e-05
2.162430e-05
2.159930e-05
2.243593e-05
2.193710e-05
2.163265e-05
2.145062e-05
2.142595e-05
2.225579e-05
2.176127e-05
2.145948e-05
2.127909e-05
2.125475e-05
2.207786e-05
2.158760e-05
2.128844e-05
2.110966e-05
2.108564e-05
2.190212e-05
2.141606e-05
2.111949e-05
2.094230e-05
2.091859e-05
2.172851e-05
2.124659e-05
2.095258e-05
2.077696e-05
2.075356e-05
2.155700e-05
2.107917e-05
2.078769e-05
2.061360e-05
2.059051e-05
2.138754e-05
2.091376e-05
2.062476e-05
2.045220e-05
2.042940e-05
2.122011e-05
2.075031e-05
2.046377e-05
2.029271e-05
2.027020e-05
2.105466e-05
2.058880e-05
2.030468e-05
2.013511e-05
2.011288e-05
2.089115e-05
2.042918e-05
2.014746e-05
1.997935e-05
1.995740e-05
2.072956e-05
2.027143e-05
1.999207e-05
1.982540e-05
1.980372e-05
2.056985e-05
2.011550e-05
1.983848e-05
1.967323e-05
1.965182e-05
2.041198e-05
1.996138e-05
1.968665e-05
1.952281e-05
1.950167e-05
2.025592e-05
1.980902e-05
1.953657e-05
1.937411e-05
1.935323e-05
2.010164e-05
1.965839e-05
1.938819e-05
1.922710e-05
1.920647e-05
1.994912e-05
1.950947e-05
1.924149e-05
1.908174e-05
1.906136e-05
1.979831e-05
1.936222e-05
1.909643e-05
1.893802e-05
1.891788e-05
1.964919e-05
1.921663e-05
1.895300e-05
1.879590e-05
1.877601e-05
1.950173e-05
1.907265e-05
1.881115e-05
1.865536e-05
1.863570e-05
1.935591e-05
1.893026e-05
1.867088e-05
1.851637e-05
1.849693e-05
1.921169e-05
1.878944e-05
1.853214e-05
1.837890e-05
1.835969e-05
1.906905e-05
1.865015e-05
1.839492e-05
1.824293e-05
1.822394e-05
1.892796e-05
1.851238e-05
1.825918e-05
1.810843e-05
1.808966e-05
1.878841e-05
1.837610e-05
1.812491e-05
1.797538e-05
1.795683e-05
1.865035e-05
1.824128e-05
1.799208e-05
1.784376e-05
1.782542e-05
1.851377e-05
1.810791e-05
1.786067e-05
1.771354e-05
1.769541e-05
1.837865e-05
1.797595e-05
1.773066e-05
1.758470e-05
1.756678e-05
1.824496e-05
1.784539e-05
1.760202e-05
1.745722e-05
1.743950e-05
1.811267e-05
1.771620e-05
1.747473e-05
1.733108e-05
1.731355e-05
1.798178e-05
1.758836e-05
1.734876e-05
1.720626e-05
1.718892e-05
1.785225e-05
1.746186e-05
1.722411e-05
1.708273e-05
1.706558e-05
1.772406e-05
1.733666e-05
1.710075e-05
1.696047e-05
1.694352e-05
1.759719e-05
1.721275e-05
1.697866e-05
1.683948e-05
1.682270e-05
1.747163e-05
1.709012e-05
1.685781e-05
1.671972e-05
1.670313e-05
1.734735e-05
1.696873e-05
1.673820e-05
1.660118e-05
1.658476e-05
1.722434e-05
1.684858e-05
1.661980e-05
1.648384e-05
1.646760e-05
1.710257e-05
1.672964e-05
1.650260e-05
1.636768e-05
1.635161e-05
1.698202e-05
1.661190e-05
1.638657e-05
1.625268e-05
1.623679e-05
1.686269e-05
1.649533e-05
1.627170e-05
1.613884e-05
1.612311e-05
1.674454e-05
1.637993e-05
1.615797e-05
1.602612e-05
1.601056e-05
1.662757e-05
1.626566e-05
1.604537e-05
1.591452e-05
1.589912e-05
1.651175e-05
1.615253e-05
1.593388e-05
1.580402e-05
1.578878e-05
1.639707e-05
1.604051e-05
1.582348e-05
1.569460e-05
1.567952e-05
1.628352e-05
1.592958e-05
1.571416e-05
1.558625e-05
1.557132e-05
1.617107e-05
1.581973e-05
1.560590e-05
1.547895e-05
1.546417e-05
1.605971e-05
1.571094e-05
1.549868e-05
1.537268e-05
1.535806e-05
1.594943e-05
1.560321e-05
1.539251e-05
1.526744e-05
1.525297e-05
1.584021e-05
1.549650e-05
1.528734e-05
1.516321e-05
1.514888e-05
1.573204e-05
1.539082e-05
1.518319e-05
1.505997e-05
1.504579e-05
1.562489e-05
1.528615e-05
1.508002e-05
1.495771e-05
1.494367e-05
1.551877e-05
1.518247e-05
1.497783e-05
1.485642e-05
1.484252e-05
1.541365e-05
1.507976e-05
1.487661e-05
1.475609e-05
1.474232e-05
1.530952e-05
1.497802e-05
1.477633e-05
1.465669e-05
1.464306e-05
1.520636e-05
1.487724e-05
1.467700e-05
1.455822e-05
1.454473e-05
1.510417e-05
1.477739e-05
1.457858e-05
1.446067e-05
1.444731e-05
1.500293e-05
1.467847e-05
1.448108e-05
1.436403e-05
1.435079e-05
1.490262e-05
1.458047e-05
1.438449e-05
1.426827e-05
1.425517e-05
1.480325e-05
1.448337e-05
1.428878e-05
1.417340e-05
1.416042e-05
1.470478e-05
1.438716e-05
1.419394e-05
1.407940e-05
1.406654e-05
1.460722e-05
1.429183e-05
1.409998e-05
1.398625e-05
1.397352e-05
1.451055e-05
1.419737e-05
1.400687e-05
1.389395e-05
1.388134e-05
1.441476e-05
1.410377e-05
1.391460e-05
1.380249e-05
1.378999e-05
1.431983e-05
1.401101e-05
1.382317e-05
1.371185e-05
1.369947e-05
1.422576e-05
1.391909e-05
1.373256e-05
1.362202e-05
1.360976e-05
1.413254e-05
1.382799e-05
1.364276e-05
1.353300e-05
1.352086e-05
1.404015e-05
1.373771e-05
1.355376e-05
1.344478e-05
1.343275e-05
1.394859e-05
1.364823e-05
1.346556e-05
1.335734e-05
1.334542e-05
1.385784e-05
1.355955e-05
1.337814e-05
1.327067e-05
1.325886e-05
1.376789e-05
1.347165e-05
1.329149e-05
1.318477e-05
1.317307e-05
1.367874e-05
1.338452e-05
1.320560e-05
1.309962e-05
1.308803e-05
1.359037e-05
1.329816e-05
1.312047e-05
1.301523e-05
1.300374e-05
1.350278e-05
1.321256e-05
1.303608e-05
1.293157e-05
1.292019e-05
1.341595e-05
1.312770e-05
1.295242e-05
1.284863e-05
1.283736e-05
1.332988e-05
1.304359e-05
1.286950e-05
1.276642e-05
1.275525e-05
1.324456e-05
1.296020e-05
1.278729e-05
1.268492e-05
1.267385e-05
1.315997e-05
1.287753e-05
1.270579e-05
1.260412e-05
1.259315e-05
1.307612e-05
1.279557e-05
1.262499e-05
1.252402e-05
1.251314e-05
1.299298e-05
1.271432e-05
1.254489e-05
1.244460e-05
1.243382e-05
1.291056e-05
1.263376e-05
1.246547e-05
1.236586e-05
1.235518e-05
1.282884e-05
1.255389e-05
1.238672e-05
1.228779e-05
1.227720e-05
1.274782e-05
1.247470e-05
1.230865e-05
1.221038e-05
1.219989e-05
1.266749e-05
1.239618e-05
1.223123e-05
1.213363e-05
1.212323e-05
1.258783e-05
1.231832e-05
1.215447e-05
1.205753e-05
1.204722e-05
1.250885e-05
1.224112e-05
1.207836e-05
1.198206e-05
1.197184e-05
1.243053e-05
1.216457e-05
1.200288e-05
1.190723e-05
1.189710e-05
1.235287e-05
1.208865e-05
1.192804e-05
1.183302e-05
1.182298e-05
1.227585e-05
1.201338e-05
1.185382e-05
1.175944e-05
1.174948e-05
1.219948e-05
1.193872e-05
1.178021e-05
1.168646e-05
1.167659e-05
1.212375e-05
1.186469e-05
1.170722e-05
1.161409e-05
1.160431e-05
1.204864e-05
1.179127e-05
1.163483e-05
1.154231e-05
1.153262e-05
1.197415e-05
1.171846e-05
1.156304e-05
1.147113e-05
1.146152e-05
1.190028e-05
1.164624e-05
1.149184e-05
1.140053e-05
1.139100e-05
1.182701e-05
1.157462e-05
1.142122e-05
1.133051e-05
1.132106e-05
1.175434e-05
1.150359e-05
1.135118e-05
1.126107e-05
1.125170e-05
1.168227e-05
1.143313e-05
1.128171e-05
1.119218e-05
1.118289e-05
1.161079e-05
1.136325e-05
1.121280e-05
1.112386e-05
1.111465e-05
1.153988e-05
1.129393e-05
1.114445e-05
1.105609e-05
1.104696e-05
1.146955e-05
1.122518e-05
1.107666e-05
1.098887e-05
1.097982e-05
1.139979e-05
1.115698e-05
1.100941e-05
1.092219e-05
1.091321e-05
1.133059e-05
1.108933e-05
1.094270e-05
1.085605e-05
1.084714e-05
1.126195e-05
1.102222e-05
1.087653e-05
1.079043e-05
1.078160e-05
1.119386e-05
1.095565e-05
1.081089e-05
1.072535e-05
1.071659e-05
1.112631e-05
1.088961e-05
1.074577e-05
1.066078e-05
1.065209e-05
1.105930e-05
1.082410e-05
1.068117e-05
1.059672e-05
1.058811e-05
1.099283e-05
1.075911e-05
1.061708e-05
1.053317e-05
1.052463e-05
1.092688e-05
1.069463e-05
1.055350e-05
1.047013e-05
1.046166e-05
1.086146e-05
1.063066e-05
1.049043e-05
1.040758e-05
1.039918e-05
1.079655e-05
1.056720e-05
1.042785e-05
1.034553e-05
1.033720e-05
1.073215e-05
1.050424e-05
1.036576e-05
1.028396e-05
1.027570e-05
1.066826e-05
1.044177e-05
1.030416e-05
1.022287e-05
1.021468e-05
1.060487e-05
1.037979e-05
1.024304e-05
1.016227e-05
1.015414e-05
1.054198e-05
1.031830e-05
1.018239e-05
1.010213e-05
1.009407e-05
1.047957e-05
1.025728e-05
1.012222e-05
1.004247e-05
1.003447e-05
1.041766e-05
1.019674e-05
1.006252e-05
9.983264e-06
9.975332e-06
1.035622e-05
1.013667e-05
1.000328e-05
9.924519e-06
9.916651e-06
1.029526e-05
1.007706e-05
9.944496e-06
9.866228e-06
9.858424e-06
1.023477e-05
1.001791e-05
9.886166e-06
9.808386e-06
9.800645e-06
1.017474e-05
9.959220e-06
9.828286e-06
9.750989e-06
9.743310e-06
1.011518e-05
9.900979e-06
9.770849e-06
9.694032e-06
9.686415e-06
1.005608e-05
9.843185e-06
9.713853e-06
9.637512e-06
9.629955e-06
9.997428e-06
9.785832e-06
9.657293e-06
9.581423e-06
9.573926e-06
9.939224e-06
9.728918e-06
9.601163e-06
9.525761e-06
9.518325e-06
9.881465e-06
9.672437e-06
9.545461e-06
9.470523e-06
9.463146e-06
9.824145e-06
9.616384e-06
9.490181e-06
9.415704e-06
9.408385e-06
9.767260e-06
9.560757e-06
9.435321e-06
9.361300e-06
9.354039e-06
9.710805e-06
9.505551e-06
9.380875e-06
9.307307e-06
9.300103e-06
9.654778e-06
9.450761e-06
9.326839e-06
9.253720e-06
9.246573e-06
9.599173e-06
9.396384e-06
9.273210e-06
9.200537e-06
9.193447e-06
9.543986e-06
9.342416e-06
9.219984e-06
9.147753e-06
9.140718e-06
9.489214e-06
9.288853e-06
9.167157e-06
9.095365e-06
9.088385e-06
9.434852e-06
9.235690e-06
9.114725e-06
9.043367e-06
9.036442e-06
9.380897e-06
9.182924e-06
9.062684e-06
8.991758e-06
8.984887e-06
9.327344e-06
9.130552e-06
9.011031e-06
8.940533e-06
8.933715e-06
9.274191e-06
9.078569e-06
8.959761e-06
8.889688e-06
8.882923e-06
9.221432e-06
9.026972e-06
8.908872e-06
8.839220e-06
8.832508e-06
9.169064e-06
8.975757e-06
8.858359e-06
8.789125e-06
8.782465e-06
9.117084e-06
8.924921e-06
8.808220e-06
8.739400e-06
8.732791e-06
9.065488e-06
8.874459e-06
8.758449e-06
8.690042e-06
8.683484e-06
9.014272e-06
8.824369e-06
8.709045e-06
8.641046e-06
8.634539e-06
8.963432e-06
8.774647e-06
8.660004e-06
8.592410e-06
8.585952e-06
8.912966e-06
8.725290e-06
8.611322e-06
8.544129e-06
8.537722e-06
8.862870e-06
8.676294e-06
8.562996e-06
8.496202e-06
8.489843e-06
8.813140e-06
8.627655e-06
8.515023e-06
8.448624e-06
8.442314e-06
8.763773e-06
8.579372e-06
8.467399e-06
8.401393e-06
8.395131e-06
8.714765e-06
8.531439e-06
8.420121e-06
8.354505e-06
8.348290e-06
8.666114e-06
8.483854e-06
8.373186e-06
8.307956e-06
8.301789e-06
8.617816e-06
8.436614e-06
8.326591e-06
8.261745e-06
8.255625e-06
8.569867e-06
8.389716e-06
8.280332e-06
8.215867e-06
8.209793e-06
8.522265e-06
8.343157e-06
8.234408e-06
8.170320e-06
8.164292e-06
8.475006e-06
8.296933e-06
8.188814e-06
8.125101e-06
8.119119e-06
8.428087e-06
8.251041e-06
8.143548e-06
8.080207e-06
8.074269e-06
8.381506e-06
8.205478e-06
8.098606e-06
8.035634e-06
8.029742e-06
8.335259e-06
8.160242e-06
8.053986e-06
7.991380e-06
7.985532e-06
8.289342e-06
8.115330e-06
8.009685e-06
7.947443e-06
7.941638e-06
8.243754e-06
8.070738e-06
7.965700e-06
7.903818e-06
7.898057e-06
8.198491e-06
8.026464e-06
7.922027e-06
7.860504e-06
7.854787e-06
8.153550e-06
7.982504e-06
7.878666e-06
7.817498e-06
7.811823e-06
8.108929e-06
7.938857e-06
7.835612e-06
7.774797e-06
7.769164e-06
8.064624e-06
7.895519e-06
7.792862e-06
7.732397e-06
7.726806e-06
8.020633e-06
7.852487e-06
7.750415e-06
7.690297e-06
7.684748e-06
7.976953e-06
7.809760e-06
7.708267e-06
7.648494e-06
7.642986e-06
7.933580e-06
7.767333e-06
7.666416e-06
7.606986e-06
7.601518e-06
7.890514e-06
7.725205e-06
7.624860e-06
7.565769e-06
7.560342e-06
7.847750e-06
7.683372e-06
7.583594e-06
7.524841e-06
7.519454e-06
7.805286e-06
7.641833e-06
7.542618e-06
7.484199e-06
7.478852e-06
7.763119e-06
7.600584e-06
7.501929e-06
7.443841e-06
7.438534e-06
7.721247e-06
7.559624e-06
7.461523e-06
7.403766e-06
7.398497e-06
7.679668e-06
7.518949e-06
7.421399e-06
7.363969e-06
7.358738e-06
7.638378e-06
7.478557e-06
7.381554e-06
7.324448e-06
7.319256e-06
7.597375e-06
7.438446e-06
7.341985e-06
7.285202e-06
7.280048e-06
7.556658e-06
7.398613e-06
7.302691e-06
7.246228e-06
7.241112e-06
7.516222e-06
7.359055e-06
7.263669e-06
7.207524e-06
7.202445e-06
7.476066e-06
7.319771e-06
7.224916e-06
7.169086e-06
7.164044e-06
7.436187e-06
7.280759e-06
7.186430e-06
7.130914e-06
7.125908e-06
7.396584e-06
7.242015e-06
7.148209e-06
7.093004e-06
7.088035e-06
7.357253e-06
7.203537e-06
7.110251e-06
7.055355e-06
7.050422e-06
7.318192e-06
7.165324e-06
7.072554e-06
7.017963e-06
7.013066e-06
7.279399e-06
7.127372e-06
7.035114e-06
6.980828e-06
6.975966e-06
7.240872e-06
7.089680e-06
6.997931e-06
6.943946e-06
6.939119e-06
7.202609e-06
7.052245e-06
6.961001e-06
6.907316e-06
6.902524e-06
7.164606e-06
7.015066e-06
6.924323e-06
6.870936e-06
6.866178e-06
7.126863e-06
6.978140e-06
6.887894e-06
6.834803e-06
6.830079e-06
7.089376e-06
6.941465e-06
6.851713e-06
6.798915e-06
6.794225e-06
7.052144e-06
6.905038e-06
6.815777e-06
6.763270e-06
6.758614e-06
7.015164e-06
6.868859e-06
6.780085e-06
6.727867e-06
6.723244e-06
6.978435e-06
6.832924e-06
6.744633e-06
6.692703e-06
6.688113e-06
6.941953e-06
6.797231e-06
6.709421e-06
6.657775e-06
6.653219e-06
6.905718e-06
6.761779e-06
6.674446e-06
6.623083e-06
6.618559e-06
6.869727e-06
6.726566e-06
6.639706e-06
6.588625e-06
6.584132e-06
6.833978e-06
6.691589e-06
6.605200e-06
6.554397e-06
6.549937e-06
6.798469e-06
6.656847e-06
6.570924e-06
6.520399e-06
6.515970e-06
6.763198e-06
6.622338e-06
6.536878e-06
6.486628e-06
6.482231e-06
6.728164e-06
6.588059e-06
6.503060e-06
6.453083e-06
6.448716e-06
6.693363e-06
6.554009e-06
6.469467e-06
6.419761e-06
6.415426e-06
6.658794e-06
6.520186e-06
6.436098e-06
6.386661e-06
6.382356e-06
6.624456e-06
6.486588e-06
6.402950e-06
6.353781e-06
6.349507e-06
6.590345e-06
6.453213e-06
6.370023e-06
6.321120e-06
6.316875e-06
6.556462e-06
6.420059e-06
6.337314e-06
6.288674e-06
6.284460e-06
6.522803e-06
6.387125e-06
6.304822e-06
6.256444e-06
6.252259e-06
6.489366e-06
6.354409e-06
6.272544e-06
6.224426e-06
6.220270e-06
6.456151e-06
6.321909e-06
6.240479e-06
6.192619e-06
6.188492e-06
6.423154e-06
6.289623e-06
6.208625e-06
6.161022e-06
6.156924e-06
6.390375e-06
6.257549e-06
6.176981e-06
6.129632e-06
6.125563e-06
6.357812e-06
6.225686e-06
6.145544e-06
6.098449e-06
6.094408e-06
6.325462e-06
6.194032e-06
6.114314e-06
6.067469e-06
6.063457e-06
6.293324e-06
6.162586e-06
6.083288e-06
6.036693e-06
6.032708e-06
6.261397e-06
6.131345e-06
6.052464e-06
6.006117e-06
6.002160e-06
6.229679e-06
6.100308e-06
6.021842e-06
5.975741e-06
5.971811e-06
6.198167e-06
6.069473e-06
5.991420e-06
5.945563e-06
5.941660e-06
6.166860e-06
6.038839e-06
5.961195e-06
5.915581e-06
5.911705e-06
6.135758e-06
6.008404e-06
5.931166e-06
5.885793e-06
5.881944e-06
6.104857e-06
5.978167e-06
5.901333e-06
5.856199e-06
5.852377e-06
6.074157e-06
5.948125e-06
5.871692e-06
5.826796e-06
5.823000e-06
6.043655e-06
5.918278e-06
5.842243e-06
5.797583e-06
5.793813e-06
6.013351e-06
5.888624e-06
5.812984e-06
5.768559e-06
5.764815e-06
5.983242e-06
5.859160e-06
5.783914e-06
5.739722e-06
5.736003e-06
5.953327e-06
5.829887e-06
5.755031e-06
5.711070e-06
5.707377e-06
5.923605e-06
5.800802e-06
5.726334e-06
5.682602e-06
5.678935e-06
5.894074e-06
5.771903e-06
5.697820e-06
5.654317e-06
5.650674e-06
5.864732e-06
5.743190e-06
5.669489e-06
5.626213e-06
5.622595e-06
5.835578e-06
5.714661e-06
5.641340e-06
5.598288e-06
5.594696e-06
5.806611e-06
5.686314e-06
5.613370e-06
5.570542e-06
5.566974e-06
5.777829e-06
5.658147e-06
5.585579e-06
5.542973e-06
5.539429e-06
5.749230e-06
5.630161e-06
5.557965e-06
5.515580e-06
5.512059e-06
5.720813e-06
5.602352e-06
5.530526e-06
5.488360e-06
5.484864e-06
5.692578e-06
5.574720e-06
5.503261e-06
5.461313e-06
5.457841e-06
5.664521e-06
5.547263e-06
5.476170e-06
5.434438e-06
5.430989e-06
5.636642e-06
5.519981e-06
5.449250e-06
5.407733e-06
5.404307e-06
5.608940e-06
5.492870e-06
5.422500e-06
5.381196e-06
5.377793e-06
5.581413e-06
5.465931e-06
5.395918e-06
5.354827e-06
5.351447e-06
5.554059e-06
5.439162e-06
5.369505e-06
5.328624e-06
5.325267e-06
5.526878e-06
5.412562e-06
5.343257e-06
5.302586e-06
5.299251e-06
5.499868e-06
5.386128e-06
5.317175e-06
5.276711e-06
5.273399e-06
5.473028e-06
5.359861e-06
5.291256e-06
5.250999e-06
5.247709e-06
5.446356e-06
5.333758e-06
5.265500e-06
5.225447e-06
5.222180e-06
5.419851e-06
5.307819e-06
5.239905e-06
5.200056e-06
5.196810e-06
5.393512e-06
5.282042e-06
5.214469e-06
5.174823e-06
5.171599e-06
5.367338e-06
5.256426e-06
5.189193e-06
5.149747e-06
5.146545e-06
5.341327e-06
5.230969e-06
5.164073e-06
5.124828e-06
5.121647e-06
5.315478e-06
5.205671e-06
5.139110e-06
5.100063e-06
5.096903e-06
5.289789e-06
5.180530e-06
5.114302e-06
5.075453e-06
5.072313e-06
5.264260e-06
5.155545e-06
5.089648e-06
5.050995e-06
5.047876e-06
5.238890e-06
5.130715e-06
5.065147e-06
5.026688e-06
5.023590e-06
5.213677e-06
5.106039e-06
5.040797e-06
5.002531e-06
4.999454e-06
5.188619e-06
5.081515e-06
5.016598e-06
4.978524e-06
4.975467e-06
5.163717e-06
5.057142e-06
4.992548e-06
4.954665e-06
4.951628e-06
5.138967e-06
5.032919e-06
4.968646e-06
4.930952e-06
4.927936e-06
5.114371e-06
5.008846e-06
4.944890e-06
4.907386e-06
4.904389e-06
5.089925e-06
4.984920e-06
4.921281e-06
4.883964e-06
4.880987e-06
5.065630e-06
4.961142e-06
4.897817e-06
4.860685e-06
4.857728e-06
5.041483e-06
4.937509e-06
4.874496e-06
4.837549e-06
4.834611e-06
5.017485e-06
4.914020e-06
4.851318e-06
4.814554e-06
4.811636e-06
4.993633e-06
4.890675e-06
4.828281e-06
4.791700e-06
4.788801e-06
4.969927e-06
4.867473e-06
4.805385e-06
4.768985e-06
4.766105e-06
4.946365e-06
4.844411e-06
4.782628e-06
4.746409e-06
4.743547e-06
4.922946e-06
4.821490e-06
4.760009e-06
4.723969e-06
4.721126e-06
4.899671e-06
4.798709e-06
4.737528e-06
4.701666e-06
4.698841e-06
4.876536e-06
4.776065e-06
4.715183e-06
4.679498e-06
4.676691e-06
4.853542e-06
4.753559e-06
4.692974e-06
4.657464e-06
4.654676e-06
4.830686e-06
4.731188e-06
4.670899e-06
4.635563e-06
4.632793e-06
4.807969e-06
4.708953e-06
4.648957e-06
4.613794e-06
4.611042e-06
4.785389e-06
4.686852e-06
4.627147e-06
4.592157e-06
4.589423e-06
4.762946e-06
4.664885e-06
4.605468e-06
4.570649e-06
4.567933e-06
4.740637e-06
4.643049e-06
4.583920e-06
4.549271e-06
4.546573e-06
4.718463e-06
4.621344e-06
4.562502e-06
4.528022e-06
4.525340e-06
4.696421e-06
4.599770e-06
4.541211e-06
4.506900e-06
4.504235e-06
4.674512e-06
4.578325e-06
4.520049e-06
4.485904e-06
4.483257e-06
4.652734e-06
4.557008e-06
4.499012e-06
4.465033e-06
4.462403e-06
4.631086e-06
4.535819e-06
4.478102e-06
4.444287e-06
4.441674e-06
4.609567e-06
4.514756e-06
4.457316e-06
4.423665e-06
4.421069e-06
4.588177e-06
4.493818e-06
4.436653e-06
4.403166e-06
4.400586e-06
4.566914e-06
4.473005e-06
4.416114e-06
4.382788e-06
4.380225e-06
4.545777e-06
4.452316e-06
4.395697e-06
4.362532e-06
4.359985e-06
4.524766e-06
4.431749e-06
4.375400e-06
4.342395e-06
4.339865e-06
4.503880e-06
4.411304e-06
4.355224e-06
4.322378e-06
4.319864e-06
4.483117e-06
4.390981e-06
4.335168e-06
4.302479e-06
4.299981e-06
4.462477e-06
4.370777e-06
4.315229e-06
4.282697e-06
4.280215e-06
4.441958e-06
4.350693e-06
4.295408e-06
4.263033e-06
4.260566e-06
4.421561e-06
4.330726e-06
4.275704e-06
4.243483e-06
4.241033e-06
4.401284e-06
4.310878e-06
4.256116e-06
4.224049e-06
4.221614e-06
4.381126e-06
4.291146e-06
4.236643e-06
4.204729e-06
4.202309e-06
4.361087e-06
4.271530e-06
4.217284e-06
4.185523e-06
4.183118e-06
4.341165e-06
4.252029e-06
4.198039e-06
4.166428e-06
4.164039e-06
4.321360e-06
4.232642e-06
4.178906e-06
4.147446e-06
4.145071e-06
4.301670e-06
4.213368e-06
4.159885e-06
4.128574e-06
4.126215e-06
4.282096e-06
4.194207e-06
4.140975e-06
4.109812e-06
4.107468e-06
4.262636e-06
4.175157e-06
4.122175e-06
4.091160e-06
4.088830e-06
4.243289e-06
4.156218e-06
4.103485e-06
4.072616e-06
4.070301e-06
4.224055e-06
4.137390e-06
4.084903e-06
4.054180e-06
4.051879e-06
4.204932e-06
4.118671e-06
4.066429e-06
4.035851e-06
4.033564e-06
4.185921e-06
4.100060e-06
4.048062e-06
4.017627e-06
4.015356e-06
4.167020e-06
4.081557e-06
4.029801e-06
3.999510e-06
3.997252e-06
4.148228e-06
4.063161e-06
4.011646e-06
3.981497e-06
3.979254e-06
4.129544e-06
4.044872e-06
3.993596e-06
3.963588e-06
3.961359e-06
4.110969e-06
4.026688e-06
3.975650e-06
3.945782e-06
3.943567e-06
4.092500e-06
4.008608e-06
3.957807e-06
3.928079e-06
3.925877e-06
4.074138e-06
3.990633e-06
3.940066e-06
3.910477e-06
3.908289e-06
4.055881e-06
3.972761e-06
3.922428e-06
3.892977e-06
3.890803e-06
4.037730e-06
3.954991e-06
3.904890e-06
3.875577e-06
3.873416e-06
4.019682e-06
3.937323e-06
3.887454e-06
3.858276e-06
3.856129e-06
4.001738e-06
3.919757e-06
3.870116e-06
3.841075e-06
3.838940e-06
3.983896e-06
3.902290e-06
3.852878e-06
3.823971e-06
3.821850e-06
3.966156e-06
3.884924e-06
3.835739e-06
3.806965e-06
3.804858e-06
3.948517e-06
3.867656e-06
3.818696e-06
3.790056e-06
3.787962e-06
3.930979e-06
3.850487e-06
3.801751e-06
3.773243e-06
3.771162e-06
3.913541e-06
3.833415e-06
3.784902e-06
3.756526e-06
3.754457e-06
3.896202e-06
3.816440e-06
3.768149e-06
3.739904e-06
3.737847e-06
3.878961e-06
3.799562e-06
3.751491e-06
3.723375e-06
3.721332e-06
3.861817e-06
3.782779e-06
3.734927e-06
3.706941e-06
3.704909e-06
3.844771e-06
3.766091e-06
3.718456e-06
3.690599e-06
3.688580e-06
3.827821e-06
3.749497e-06
3.702079e-06
3.674349e-06
3.672343e-06
3.810967e-06
3.732997e-06
3.685794e-06
3.658191e-06
3.656197e-06
3.794208e-06
3.716589e-06
3.669601e-06
3.642124e-06
3.640142e-06
3.777543e-06
3.700275e-06
3.653498e-06
3.626147e-06
3.624177e-06
3.760972e-06
3.684051e-06
3.637486e-06
3.610260e-06
3.608302e-06
3.744494e-06
3.667919e-06
3.621564e-06
3.594462e-06
3.592516e-06
3.728108e-06
3.651877e-06
3.605732e-06
3.578752e-06
3.576818e-06
3.711814e-06
3.635925e-06
3.589987e-06
3.563130e-06
3.561208e-06
3.695611e-06
3.620062e-06
3.574331e-06
3.547596e-06
3.545685e-06
3.679499e-06
3.604288e-06
3.558762e-06
3.532148e-06
3.530249e-06
3.663477e-06
3.588602e-06
3.543280e-06
3.516786e-06
3.514899e-06
3.647544e-06
3.573003e-06
3.527884e-06
3.501510e-06
3.499634e-06
3.631700e-06
3.557491e-06
3.512574e-06
3.486319e-06
3.484454e-06
3.615943e-06
3.542065e-06
3.497348e-06
3.471212e-06
3.469359e-06
3.600274e-06
3.526724e-06
3.482207e-06
3.456189e-06
3.454347e-06
3.584693e-06
3.511469e-06
3.467150e-06
3.441249e-06
3.439418e-06
3.569197e-06
3.496298e-06
3.452177e-06
3.426391e-06
3.424571e-06
3.553787e-06
3.481211e-06
3.437286e-06
3.411616e-06
3.409807e-06
3.538462e-06
3.466207e-06
3.422477e-06
3.396922e-06
3.395124e-06
3.523222e-06
3.451286e-06
3.407749e-06
3.382309e-06
3.380521e-06
3.508065e-06
3.436447e-06
3.393103e-06
3.367776e-06
3.366000e-06
3.492992e-06
3.421689e-06
3.378537e-06
3.353324e-06
3.351558e-06
3.478002e-06
3.407013e-06
3.364052e-06
3.338950e-06
3.337195e-06
3.463095e-06
3.392417e-06
3.349645e-06
3.324656e-06
3.322911e-06
3.448268e-06
3.377901e-06
3.335318e-06
3.310439e-06
3.308705e-06
3.433524e-06
3.363465e-06
3.321069e-06
3.296301e-06
3.294576e-06
3.418859e-06
3.349107e-06
3.306898e-06
3.282239e-06
3.280525e-06
3.404275e-06
3.334828e-06
3.292804e-06
3.268255e-06
3.266551e-06
3.389770e-06
3.320627e-06
3.278787e-06
3.254346e-06
3.252652e-06
3.375345e-06
3.306503e-06
3.264846e-06
3.240513e-06
3.238830e-06
3.360998e-06
3.292456e-06
3.250981e-06
3.226755e-06
3.225082e-06
3.346728e-06
3.278485e-06
3.237191e-06
3.213072e-06
3.211409e-06
3.332537e-06
3.264590e-06
3.223476e-06
3.199464e-06
3.197810e-06
3.318422e-06
3.250770e-06
3.209835e-06
3.185928e-06
3.184284e-06
3.304384e-06
3.237025e-06
3.196268e-06
3.172466e-06
3.170832e-06
3.290421e-06
3.223354e-06
3.182775e-06
3.159077e-06
3.157452e-06
3.276534e-06
3.209757e-06
3.169354e-06
3.145760e-06
3.144145e-06
3.262722e-06
3.196233e-06
3.156005e-06
3.132515e-06
3.130909e-06
3.248984e-06
3.182782e-06
3.142729e-06
3.119341e-06
3.117744e-06
3.235321e-06
3.169404e-06
3.129523e-06
3.106237e-06
3.104651e-06
3.221730e-06
3.156097e-06
3.116389e-06
3.093204e-06
3.091627e-06
3.208213e-06
3.142862e-06
3.103325e-06
3.080241e-06
3.078673e-06
3.194768e-06
3.129697e-06
3.090331e-06
3.067348e-06
3.065789e-06
3.181395e-06
3.116604e-06
3.077406e-06
3.054523e-06
3.052973e-06
3.168094e-06
3.103580e-06
3.064551e-06
3.041767e-06
3.040226e-06
3.154863e-06
3.090625e-06
3.051764e-06
3.029079e-06
3.027547e-06
3.141704e-06
3.077740e-06
3.039045e-06
3.016458e-06
3.014935e-06
3.128614e-06
3.064923e-06
3.026395e-06
3.003905e-06
3.002391e-06
3.115594e-06
3.052175e-06
3.013811e-06
2.991418e-06
2.989913e-06
3.102643e-06
3.039494e-06
3.001294e-06
2.978998e-06
2.977501e-06
3.089762e-06
3.026881e-06
2.988844e-06
2.966643e-06
2.965156e-06
3.076948e-06
3.014334e-06
2.976459e-06
2.954354e-06
2.952875e-06
3.064202e-06
3.001854e-06
2.964140e-06
2.942130e-06
2.940660e-06
3.051524e-06
2.989440e-06
2.951886e-06
2.929971e-06
2.928509e-06
3.038913e-06
2.977091e-06
2.939697e-06
2.917876e-06
2.916422e-06
3.026368e-06
2.964808e-06
2.927572e-06
2.905844e-06
2.904399e-06
3.013889e-06
2.952589e-06
2.915511e-06
2.893876e-06
2.892440e-06
3.001477e-06
2.940435e-06
2.903514e-06
2.881971e-06
2.880543e-06
2.989129e-06
2.928344e-06
2.891579e-06
2.870128e-06
2.868708e-06
2.976846e-06
2.916317e-06
2.879708e-06
2.858348e-06
2.856936e-06
2.964628e-06
2.904353e-06
2.867898e-06
2.846629e-06
2.845225e-06
2.952474e-06
2.892452e-06
2.856150e-06
2.834972e-06
2.833576e-06
2.940383e-06
2.880613e-06
2.844464e-06
2.823375e-06
2.821987e-06
2.928356e-06
2.868836e-06
2.832839e-06
2.811839e-06
2.810460e-06
2.916391e-06
2.857120e-06
2.821274e-06
2.800364e-06
2.798992e-06
2.904489e-06
2.845465e-06
2.809770e-06
2.788948e-06
2.787584e-06
2.892649e-06
2.833871e-06
2.798325e-06
2.777591e-06
2.776235e-06
2.880870e-06
2.822338e-06
2.786940e-06
2.766294e-06
2.764945e-06
2.869153e-06
2.810864e-06
2.775614e-06
2.755055e-06
2.753714e-06
2.857497e-06
2.799450e-06
2.764347e-06
2.743874e-06
2.742541e-06
2.845901e-06
2.788095e-06
2.753138e-06
2.732751e-06
2.731426e-06
2.834365e-06
2.776798e-06
2.741988e-06
2.721686e-06
2.720368e-06
2.822888e-06
2.765561e-06
2.730894e-06
2.710678e-06
2.709368e-06
2.811471e-06
2.754381e-06
2.719859e-06
2.699727e-06
2.698424e-06
2.800113e-06
2.743259e-06
2.708880e-06
2.688832e-06
2.687537e-06
2.788814e-06
2.732194e-06
2.697957e-06
2.677994e-06
2.676705e-06
2.777573e-06
2.721186e-06
2.687091e-06
2.667211e-06
2.665930e-06
2.766389e-06
2.710235e-06
2.676281e-06
2.656484e-06
2.655210e-06
2.755263e-06
2.699340e-06
2.665526e-06
2.645811e-06
2.644545e-06
2.744194e-06
2.688501e-06
2.654826e-06
2.635193e-06
2.633934e-06
2.733182e-06
2.677717e-06
2.644181e-06
2.624630e-06
2.623378e-06
2.722226e-06
2.666989e-06
2.633591e-06
2.614121e-06
2.612876e-06
2.711326e-06
2.656315e-06
2.623055e-06
2.603665e-06
2.602427e-06
2.700482e-06
2.645696e-06
2.612572e-06
2.593263e-06
2.592032e-06
2.689694e-06
2.635131e-06
2.602143e-06
2.582914e-06
2.581689e-06
2.678960e-06
2.624620e-06
2.591767e-06
2.572617e-06
2.571400e-06
2.668281e-06
2.614162e-06
2.581444e-06
2.562373e-06
2.561162e-06
2.657656e-06
2.603758e-06
2.571173e-06
2.552181e-06
2.550977e-06
2.647085e-06
2.593406e-06
2.560954e-06
2.542040e-06
2.540843e-06
2.636568e-06
2.583107e-06
2.550787e-06
2.531951e-06
2.530761e-06
2.626104e-06
2.572860e-06
2.540672e-06
2.521913e-06
2.520729e-06
2.615693e-06
2.562665e-06
2.530608e-06
2.511926e-06
2.510749e-06
2.605335e-06
2.552521e-06
2.520594e-06
2.501989e-06
2.500818e-06
2.595029e-06
2.542429e-06
2.510631e-06
2.492102e-06
2.490938e-06
2.584775e-06
2.532387e-06
2.500719e-06
2.482265e-06
2.481108e-06
2.574573e-06
2.522396e-06
2.490856e-06
2.472478e-06
2.471327e-06
2.564422e-06
2.512456e-06
2.481043e-06
2.462740e-06
2.461595e-06
2.554322e-06
2.502565e-06
2.471279e-06
2.453051e-06
2.451912e-06
2.544273e-06
2.492724e-06
2.461564e-06
2.443410e-06
2.442278e-06
2.534274e-06
2.482932e-06
2.451898e-06
2.433818e-06
2.432692e-06
2.524325e-06
2.473189e-06
2.442280e-06
2.424273e-06
2.423154e-06
2.514427e-06
2.463496e-06
2.432711e-06
2.414777e-06
2.413663e-06
2.504577e-06
2.453850e-06
2.423189e-06
2.405328e-06
2.404220e-06
2.494777e-06
2.444253e-06
2.413715e-06
2.395926e-06
2.394825e-06
2.485026e-06
2.434703e-06
2.404288e-06
2.386570e-06
2.385475e-06
2.475323e-06
2.425201e-06
2.394908e-06
2.377262e-06
2.376173e-06
2.465669e-06
2.415747e-06
2.385574e-06
2.368000e-06
2.366917e-06
2.456063e-06
2.406339e-06
2.376287e-06
2.358783e-06
2.357706e-06
2.446504e-06
2.396978e-06
2.367046e-06
2.349613e-06
2.348542e-06
2.436993e-06
2.387664e-06
2.357851e-06
2.340488e-06
2.339422e-06
2.427529e-06
2.378395e-06
2.348701e-06
2.331408e-06
2.330348e-06
2.418111e-06
2.369173e-06
2.339597e-06
2.322373e-06
2.321319e-06
2.408741e-06
2.359996e-06
2.330537e-06
2.313382e-06
2.312334e-06
2.399416e-06
2.350864e-06
2.321522e-06
2.304436e-06
2.303394e-06
2.390138e-06
2.341778e-06
2.312552e-06
2.295534e-06
2.294498e-06
2.380905e-06
2.332736e-06
2.303626e-06
2.286676e-06
2.285645e-06
2.371718e-06
2.323738e-06
2.294744e-06
2.277861e-06
2.276836e-06
2.362576e-06
2.314785e-06
2.285905e-06
2.269090e-06
2.268071e-06
2.353479e-06
2.305876e-06
2.277110e-06
2.260362e-06
2.259348e-06
2.344427e-06
2.297011e-06
2.268358e-06
2.251676e-06
2.250668e-06
2.335419e-06
2.288189e-06
2.259649e-06
2.243034e-06
2.242031e-06
2.326455e-06
2.279410e-06
2.250982e-06
2.234433e-06
2.233435e-06
2.317535e-06
2.270674e-06
2.242358e-06
2.225874e-06
2.224882e-06
2.308658e-06
2.261981e-06
2.233776e-06
2.217357e-06
2.216371e-06
2.299825e-06
2.253330e-06
2.225236e-06
2.208882e-06
2.207901e-06
2.291035e-06
2.244721e-06
2.216737e-06
2.200448e-06
2.199472e-06
2.282288e-06
2.236155e-06
2.208280e-06
2.192055e-06
2.191084e-06
2.273583e-06
2.227630e-06
2.199864e-06
2.183703e-06
2.182737e-06
2.264921e-06
2.219146e-06
2.191489e-06
2.175391e-06
2.174431e-06
2.256301e-06
2.210703e-06
2.183154e-06
2.167120e-06
2.166165e-06
2.247722e-06
2.202302e-06
2.174860e-06
2.158889e-06
2.157939e-06
2.239185e-06
2.193941e-06
2.166606e-06
2.150697e-06
2.149752e-06
2.230689e-06
2.185621e-06
2.158392e-06
2.142545e-06
2.141606e-06
2.222235e-06
2.177340e-06
2.150217e-06
2.134433e-06
2.133498e-06
2.213821e-06
2.169100e-06
2.142082e-06
2.126360e-06
2.125430e-06
2.205448e-06
2.160900e-06
2.133986e-06
2.118325e-06
2.117401e-06
2.197115e-06
2.152739e-06
2.125929e-06
2.110329e-06
2.109410e-06
2.188822e-06
2.144617e-06
2.117911e-06
2.102372e-06
2.101457e-06
2.180570e-06
2.136534e-06
2.109931e-06
2.094453e-06
2.093543e-06
2.172356e-06
2.128490e-06
2.101990e-06
2.086572e-06
2.085667e-06
2.164183e-06
2.120485e-06
2.094087e-06
2.078729e-06
2.077828e-06
2.156048e-06
2.112518e-06
2.086222e-06
2.070923e-06
2.070028e-06
2.147952e-06
2.104589e-06
2.078394e-06
2.063155e-06
2.062264e-06
2.139895e-06
2.096698e-06
2.070604e-06
2.055423e-06
2.054537e-06
2.131877e-06
2.088845e-06
2.062850e-06
2.047729e-06
2.046848e-06
2.123897e-06
2.081029e-06
2.055134e-06
2.040071e-06
2.039195e-06
2.115955e-06
2.073250e-06
2.047455e-06
2.032450e-06
2.031578e-06
2.108051e-06
2.065509e-06
2.039812e-06
2.024865e-06
2.023998e-06
2.100184e-06
2.057804e-06
2.032206e-06
2.017316e-06
2.016454e-06
2.092355e-06
2.050136e-06
2.024635e-06
2.009803e-06
2.008945e-06
2.084563e-06
2.042505e-06
2.017101e-06
2.002326e-06
2.001472e-06
2.076808e-06
2.034909e-06
2.009602e-06
1.994884e-06
1.994035e-06
2.069089e-06
2.027350e-06
2.002139e-06
1.987477e-06
1.986633e-06
2.061407e-06
2.019826e-06
1.994711e-06
1.980105e-06
1.979265e-06
2.053762e-06
2.012338e-06
1.987318e-06
1.972768e-06
1.971933e-06
2.046153e-06
2.004885e-06
1.979960e-06
1.965466e-06
1.964635e-06
2.038579e-06
1.997467e-06
1.972637e-06
1.958198e-06
1.957372e-06
2.031041e-06
1.990085e-06
1.965348e-06
1.950965e-06
1.950142e-06
2.023539e-06
1.982737e-06
1.958094e-06
1.943765e-06
1.942947e-06
2.016072e-06
1.975423e-06
1.950874e-06
1.936599e-06
1.935786e-06
2.008640e-06
1.968144e-06
1.943687e-06
1.929467e-06
1.928658e-06
2.001243e-06
1.960899e-06
1.936534e-06
1.922369e-06
1.921563e-06
1.993881e-06
1.953688e-06
1.929415e-06
1.915303e-06
1.914502e-06
1.986553e-06
1.946511e-06
1.922329e-06
1.908271e-06
1.907474e-06
1.979260e-06
1.939368e-06
1.915277e-06
1.901271e-06
1.900479e-06
1.972001e-06
1.932258e-06
1.908257e-06
1.894305e-06
1.893516e-06
1.964775e-06
1.925181e-06
1.901270e-06
1.887370e-06
1.886586e-06
1.957583e-06
1.918137e-06
1.894316e-06
1.880469e-06
1.879688e-06
1.950425e-06
1.911125e-06
1.887394e-06
1.873599e-06
1.872823e-06
1.943300e-06
1.904147e-06
1.880504e-06
1.866761e-06
1.865989e-06
1.936209e-06
1.897201e-06
1.873646e-06
1.859955e-06
1.859187e-06
1.929150e-06
1.890287e-06
1.866820e-06
1.853181e-06
1.852417e-06
1.922124e-06
1.883405e-06
1.860026e-06
1.846438e-06
1.845677e-06
1.915131e-06
1.876556e-06
1.853263e-06
1.839726e-06
1.838970e-06
1.908170e-06
1.869738e-06
1.846532e-06
1.833045e-06
1.832293e-06
1.901241e-06
1.862951e-06
1.839831e-06
1.826395e-06
1.825647e-06
1.894344e-06
1.856196e-06
1.833162e-06
1.819776e-06
1.819032e-06
1.887479e-06
1.849472e-06
1.826524e-06
1.813188e-06
1.812447e-06
1.880646e-06
1.842779e-06
1.819916e-06
1.806630e-06
1.805893e-06
1.873844e-06
1.836117e-06
1.813338e-06
1.800102e-06
1.799369e-06
1.867074e-06
1.829486e-06
1.806791e-06
1.793604e-06
1.792875e-06
1.860335e-06
1.822885e-06
1.800274e-06
1.787136e-06
1.786410e-06
1.853627e-06
1.816314e-06
1.793787e-06
1.780697e-06
1.779976e-06
1.846949e-06
1.809774e-06
1.787329e-06
1.774289e-06
1.773571e-06
1.840302e-06
1.803263e-06
1.780901e-06
1.767909e-06
1.767195e-06
1.833686e-06
1.796783e-06
1.774503e-06
1.761559e-06
1.760849e-06
1.827100e-06
1.790332e-06
1.768134e-06
1.755238e-06
1.754531e-06
1.820544e-06
1.783910e-06
1.761794e-06
1.748946e-06
1.748242e-06
1.814018e-06
1.777518e-06
1.755483e-06
1.742682e-06
1.741982e-06
1.807522e-06
1.771155e-06
1.749201e-06
1.736447e-06
1.735751e-06
1.801056e-06
1.764821e-06
1.742947e-06
1.730240e-06
1.729548e-06
1.794618e-06
1.758516e-06
1.736722e-06
1.724062e-06
1.723373e-06
1.788211e-06
1.752240e-06
1.730525e-06
1.717912e-06
1.717227e-06
1.781832e-06
1.745992e-06
1.724356e-06
1.711790e-06
1.711108e-06
1.775482e-06
1.739772e-06
1.718216e-06
1.705695e-06
1.705017e-06
1.769162e-06
1.733581e-06
1.712103e-06
1.699628e-06
1.698953e-06
1.762869e-06
1.727418e-06
1.706018e-06
1.693589e-06
1.692917e-06
1.756606e-06
1.721282e-06
1.699960e-06
1.687577e-06
1.686909e-06
1.750370e-06
1.715175e-06
1.693930e-06
1.681592e-06
1.680927e-06
1.744163e-06
1.709095e-06
1.687927e-06
1.675634e-06
1.674973e-06
1.737984e-06
1.703042e-06
1.681951e-06
1.669703e-06
1.669045e-06
1.731833e-06
1.697017e-06
1.676002e-06
1.663799e-06
1.663144e-06
1.725709e-06
1.691019e-06
1.670080e-06
1.657921e-06
1.657270e-06
1.719613e-06
1.685048e-06
1.664184e-06
1.652070e-06
1.651422e-06
1.713545e-06
1.679103e-06
1.658315e-06
1.646245e-06
1.645600e-06
1.707504e-06
1.673186e-06
1.652473e-06
1.640446e-06
1.639805e-06
1.701490e-06
1.667295e-06
1.646656e-06
1.634673e-06
1.634035e-06
1.695502e-06
1.661430e-06
1.640866e-06
1.628926e-06
1.628292e-06
1.689542e-06
1.655592e-06
1.635101e-06
1.623205e-06
1.622574e-06
1.683608e-06
1.649780e-06
1.629363e-06
1.617509e-06
1.616881e-06
1.677701e-06
1.643994e-06
1.623650e-06
1.611839e-06
1.611214e-06
1.671821e-06
1.638233e-06
1.617962e-06
1.606195e-06
1.605573e-06
1.665966e-06
1.632499e-06
1.612300e-06
1.600575e-06
1.599956e-06
1.660138e-06
1.626790e-06
1.606663e-06
1.594980e-06
1.594365e-06
1.654336e-06
1.621106e-06
1.601052e-06
1.589411e-06
1.588798e-06
1.648559e-06
1.615447e-06
1.595465e-06
1.583866e-06
1.583256e-06
1.642808e-06
1.609814e-06
1.589903e-06
1.578345e-06
1.577739e-06
1.637083e-06
1.604206e-06
1.584366e-06
1.572850e-06
1.572246e-06
1.631383e-06
1.598623e-06
1.578853e-06
1.567378e-06
1.566778e-06
1.625708e-06
1.593064e-06
1.573364e-06
1.561931e-06
1.561334e-06
1.620059e-06
1.587530e-06
1.567900e-06
1.556508e-06
1.555913e-06
1.614434e-06
1.582021e-06
1.562461e-06
1.551109e-06
1.550517e-06
1.608835e-06
1.576536e-06
1.557045e-06
1.545733e-06
1.545145e-06
1.603260e-06
1.571075e-06
1.551653e-06
1.540382e-06
1.539796e-06
1.597710e-06
1.565638e-06
1.546285e-06
1.535054e-06
1.534472e-06
1.592184e-06
1.560225e-06
1.540940e-06
1.529750e-06
1.529170e-06
1.586683e-06
1.554836e-06
1.535619e-06
1.524468e-06
1.523892e-06
1.581205e-06
1.549471e-06
1.530322e-06
1.519211e-06
1.518637e-06
1.575752e-06
1.544129e-06
1.525048e-06
1.513976e-06
1.513405e-06
1.570323e-06
1.538811e-06
1.519797e-06
1.508764e-06
1.508196e-06
1.564918e-06
1.533516e-06
1.514568e-06
1.503575e-06
1.503010e-06
1.559536e-06
1.528244e-06
1.509363e-06
1.498409e-06
1.497846e-06
1.554178e-06
1.522995e-06
1.504181e-06
1.493265e-06
1.492705e-06
1.548843e-06
1.517770e-06
1.499021e-06
1.488144e-06
1.487587e-06
1.543532e-06
1.512567e-06
1.493884e-06
1.483045e-06
1.482491e-06
1.538244e-06
1.507387e-06
1.488769e-06
1.477969e-06
1.477417e-06
1.532979e-06
1.502229e-06
1.483677e-06
1.472914e-06
1.472366e-06
1.527737e-06
1.497094e-06
1.478607e-06
1.467882e-06
1.467336e-06
1.522518e-06
1.491981e-06
1.473558e-06
1.462872e-06
1.462328e-06
1.517321e-06
1.486891e-06
1.468532e-06
1.457883e-06
1.457342e-06
1.512147e-06
1.481823e-06
1.463528e-06
1.452916e-06
1.452378e-06
1.506996e-06
1.476776e-06
1.458545e-06
1.447970e-06
1.447435e-06
1.501867e-06
1.471752e-06
1.453584e-06
1.443046e-06
1.442514e-06
1.496760e-06
1.466749e-06
1.448644e-06
1.438144e-06
1.437614e-06
1.491675e-06
1.461768e-06
1.443726e-06
1.433262e-06
1.432735e-06
1.486612e-06
1.456809e-06
1.438829e-06
1.428402e-06
1.427877e-06
1.481571e-06
1.451871e-06
1.433954e-06
1.423563e-06
1.423040e-06
1.476552e-06
1.446954e-06
1.429099e-06
1.418744e-06
1.418225e-06
1.471555e-06
1.442059e-06
1.424265e-06
1.413946e-06
1.413429e-06
1.466579e-06
1.437184e-06
1.419452e-06
1.409169e-06
1.408655e-06
1.461625e-06
1.432331e-06
1.414660e-06
1.404413e-06
1.403901e-06
1.456692e-06
1.427498e-06
1.409888e-06
1.399677e-06
1.399168e-06
1.451780e-06
1.422687e-06
1.405137e-06
1.394961e-06
1.394454e-06
1.446889e-06
1.417896e-06
1.400407e-06
1.390266e-06
1.389762e-06
1.442019e-06
1.413125e-06
1.395696e-06
1.385591e-06
1.385089e-06
1.437170e-06
1.408375e-06
1.391006e-06
1.380935e-06
1.380436e-06
1.432342e-06
1.403645e-06
1.386336e-06
1.376300e-06
1.375803e-06
1.427535e-06
1.398936e-06
1.381686e-06
1.371685e-06
1.371190e-06
1.422748e-06
1.394247e-06
1.377056e-06
1.367089e-06
1.366597e-06
1.417981e-06
1.389577e-06
1.372445e-06
1.362513e-06
1.362023e-06
1.413235e-06
1.384928e-06
1.367854e-06
1.357956e-06
1.357469e-06
1.408509e-06
1.380298e-06
1.363283e-06
1.353419e-06
1.352934e-06
1.403804e-06
1.375689e-06
1.358731e-06
1.348901e-06
1.348418e-06
1.399118e-06
1.371098e-06
1.354199e-06
1.344402e-06
1.343922e-06
1.394452e-06
1.366528e-06
1.349686e-06
1.339923e-06
1.339445e-06
1.389806e-06
1.361976e-06
1.345192e-06
1.335462e-06
1.334987e-06
1.385180e-06
1.357444e-06
1.340717e-06
1.331021e-06
1.330547e-06
1.380574e-06
1.352932e-06
1.336261e-06
1.326598e-06
1.326127e-06
1.375987e-06
1.348438e-06
1.331824e-06
1.322194e-06
1.321725e-06
1.371419e-06
1.343963e-06
1.327405e-06
1.317808e-06
1.317342e-06
1.366871e-06
1.339508e-06
1.323006e-06
1.313442e-06
1.312977e-06
1.362342e-06
1.335071e-06
1.318625e-06
1.309093e-06
1.308631e-06
1.357832e-06
1.330653e-06
1.314262e-06
1.304763e-06
1.304303e-06
1.353341e-06
1.326253e-06
1.309918e-06
1.300451e-06
1.299994e-06
1.348869e-06
1.321872e-06
1.305592e-06
1.296157e-06
1.295702e-06
1.344416e-06
1.317510e-06
1.301284e-06
1.291882e-06
1.291429e-06
1.339981e-06
1.313166e-06
1.296995e-06
1.287624e-06
1.287173e-06
1.335566e-06
1.308840e-06
1.292723e-06
1.283385e-06
1.282936e-06
1.331168e-06
1.304532e-06
1.288470e-06
1.279163e-06
1.278716e-06
1.326790e-06
1.300243e-06
1.284234e-06
1.274958e-06
1.274514e-06
1.322429e-06
1.295971e-06
1.280016e-06
1.270772e-06
1.270330e-06
1.318087e-06
1.291717e-06
1.275816e-06
1.266603e-06
1.266163e-06
1.313763e-06
1.287481e-06
1.271633e-06
1.262451e-06
1.262013e-06
1.309457e-06
1.283263e-06
1.267468e-06
1.258317e-06
1.257881e-06
1.305169e-06
1.279062e-06
1.263320e-06
1.254200e-06
1.253766e-06
1.300900e-06
1.274879e-06
1.259189e-06
1.250100e-06
1.249668e-06
1.296647e-06
1.270713e-06
1.255076e-06
1.246017e-06
1.245587e-06
1.292413e-06
1.266565e-06
1.250980e-06
1.241951e-06
1.241524e-06
1.288196e-06
1.262434e-06
1.246901e-06
1.237902e-06
1.237477e-06
1.283997e-06
1.258320e-06
1.242838e-06
1.233870e-06
1.233447e-06
1.279815e-06
1.254223e-06
1.238793e-06
1.229855e-06
1.229434e-06
1.275651e-06
1.250144e-06
1.234765e-06
1.225856e-06
1.225437e-06
1.271504e-06
1.246081e-06
1.230753e-06
1.221874e-06
1.221457e-06
1.267374e-06
1.242035e-06
1.226758e-06
1.217909e-06
1.217493e-06
1.263261e-06
1.238006e-06
1.222779e-06
1.213960e-06
1.213546e-06
1.259165e-06
1.233993e-06
1.218817e-06
1.210027e-06
1.209615e-06
1.255086e-06
1.229997e-06
1.214871e-06
1.206110e-06
1.205701e-06
1.251024e-06
1.226017e-06
1.210941e-06
1.202210e-06
1.201802e-06
1.246979e-06
1.222054e-06
1.207028e-06
1.198325e-06
1.197920e-06
1.242950e-06
1.218108e-06
1.203131e-06
1.194457e-06
1.194053e-06
1.238938e-06
1.214177e-06
1.199249e-06
1.190605e-06
1.190203e-06
1.234943e-06
1.210263e-06
1.195384e-06
1.186768e-06
1.186368e-06
1.230964e-06
1.206365e-06
1.191535e-06
1.182947e-06
1.182549e-06
1.227001e-06
1.202482e-06
1.187701e-06
1.179142e-06
1.178746e-06
1.223054e-06
1.198616e-06
1.183884e-06
1.175353e-06
1.174959e-06
1.219124e-06
1.194766e-06
1.180082e-06
1.171579e-06
1.171187e-06
1.215210e-06
1.190931e-06
1.176295e-06
1.167820e-06
1.167430e-06
1.211312e-06
1.187112e-06
1.172524e-06
1.164077e-06
1.163689e-06
1.207430e-06
1.183309e-06
1.168768e-06
1.160349e-06
1.159963e-06
1.203564e-06
1.179521e-06
1.165028e-06
1.156637e-06
1.156252e-06
1.199713e-06
1.175749e-06
1.161303e-06
1.152940e-06
1.152556e-06
1.195878e-06
1.171992e-06
1.157593e-06
1.149257e-06
1.148876e-06
1.192059e-06
1.168250e-06
1.153899e-06
1.145590e-06
1.145210e-06
1.188256e-06
1.164524e-06
1.150219e-06
1.141937e-06
1.141560e-06
1.184468e-06
1.160813e-06
1.146554e-06
1.138300e-06
1.137924e-06
1.180695e-06
1.157117e-06
1.142904e-06
1.134677e-06
1.134303e-06
1.176938e-06
1.153436e-06
1.139270e-06
1.131069e-06
1.130697e-06
1.173196e-06
1.149770e-06
1.135649e-06
1.127476e-06
1.127105e-06
1.169469e-06
1.146118e-06
1.132044e-06
1.123897e-06
1.123528e-06
1.165757e-06
1.142482e-06
1.128453e-06
1.120333e-06
1.119965e-06
1.162060e-06
1.138860e-06
1.124876e-06
1.116783e-06
1.116417e-06
1.158379e-06
1.135253e-06
1.121315e-06
1.113247e-06
1.112883e-06
1.154712e-06
1.131660e-06
1.117767e-06
1.109726e-06
1.109364e-06
1.151060e-06
1.128082e-06
1.114234e-06
1.106219e-06
1.105858e-06
1.147422e-06
1.124519e-06
1.110715e-06
1.102726e-06
1.102367e-06
1.143800e-06
1.120970e-06
1.107210e-06
1.099247e-06
1.098890e-06
1.140192e-06
1.117435e-06
1.103720e-06
1.095782e-06
1.095427e-06
1.136598e-06
1.113914e-06
1.100243e-06
1.092331e-06
1.091978e-06
1.133019e-06
1.110408e-06
1.096780e-06
1.088894e-06
1.088542e-06
1.129454e-06
1.106915e-06
1.093332e-06
1.085471e-06
1.085121e-06
1.125904e-06
1.103437e-06
1.089897e-06
1.082062e-06
1.081713e-06
1.122368e-06
1.099972e-06
1.086476e-06
1.078666e-06
1.078319e-06
1.118846e-06
1.096522e-06
1.083068e-06
1.075283e-06
1.074938e-06
1.115338e-06
1.093085e-06
1.079675e-06
1.071915e-06
1.071571e-06
1.111844e-06
1.089662e-06
1.076294e-06
1.068560e-06
1.068217e-06
1.108364e-06
1.086253e-06
1.072928e-06
1.065218e-06
1.064877e-06
1.104898e-06
1.082857e-06
1.069574e-06
1.061889e-06
1.061550e-06
1.101446e-06
1.079475e-06
1.066235e-06
1.058574e-06
1.058237e-06
1.098008e-06
1.076106e-06
1.062908e-06
1.055272e-06
1.054936e-06
1.094583e-06
1.072751e-06
1.059595e-06
1.051984e-06
1.051649e-06
1.091172e-06
1.069409e-06
1.056295e-06
1.048708e-06
1.048375e-06
1.087775e-06
1.066081e-06
1.053008e-06
1.045445e-06
1.045114e-06
1.084391e-06
1.062765e-06
1.049734e-06
1.042195e-06
1.041866e-06
1.081021e-06
1.059463e-06
1.046473e-06
1.038959e-06
1.038630e-06
1.077664e-06
1.056174e-06
1.043225e-06
1.035735e-06
1.035408e-06
1.074320e-06
1.052898e-06
1.039990e-06
1.032523e-06
1.032198e-06
1.070989e-06
1.049635e-06
1.036768e-06
1.029325e-06
1.029001e-06
1.067672e-06
1.046385e-06
1.033558e-06
1.026139e-06
1.025817e-06
1.064368e-06
1.043148e-06
1.030361e-06
1.022966e-06
1.022645e-06
1.061077e-06
1.039923e-06
1.027177e-06
1.019805e-06
1.019486e-06
1.057799e-06
1.036711e-06
1.024006e-06
1.016657e-06
1.016339e-06
1.054533e-06
1.033512e-06
1.020847e-06
1.013521e-06
1.013205e-06
1.051281e-06
1.030326e-06
1.017700e-06
1.010398e-06
1.010083e-06
1.048042e-06
1.027152e-06
1.014566e-06
1.007286e-06
1.006973e-06
1.044815e-06
1.023990e-06
1.011444e-06
1.004188e-06
1.003876e-06
1.041601e-06
1.020841e-06
1.008334e-06
1.001101e-06
1.000790e-06
1.038399e-06
1.017705e-06
1.005237e-06
9.980262e-07
9.977173e-07
1.035211e-06
1.014581e-06
1.002151e-06
9.949636e-07
9.946561e-07
1.032034e-06
1.011469e-06
9.990781e-07
9.919131e-07
9.916070e-07
1.028870e-06
1.008369e-06
9.960170e-07
9.888745e-07
9.885698e-07
1.025719e-06
1.005281e-06
9.929678e-07
9.858478e-07
9.855445e-07
1.022580e-06
1.002205e-06
9.899305e-07
9.828329e-07
9.825311e-07
1.019453e-06
9.991417e-07
9.869052e-07
9.798298e-07
9.795294e-07
1.016338e-06
9.960900e-07
9.838916e-07
9.768385e-07
9.765394e-07
1.013236e-06
9.930503e-07
9.808898e-07
9.738588e-07
9.735611e-07
1.010145e-06
9.900224e-07
9.778997e-07
9.708907e-07
9.705944e-07
1.007067e-06
9.870064e-07
9.749213e-07
9.679342e-07
9.676392e-07
1.004001e-06
9.840020e-07
9.719545e-07
9.649892e-07
9.646956e-07
1.000946e-06
9.810094e-07
9.689992e-07
9.620557e-07
9.617634e-07
9.979037e-07
9.780284e-07
9.660554e-07
9.591335e-07
9.588426e-07
9.948730e-07
9.750589e-07
9.631230e-07
9.562227e-07
9.559331e-07
9.918540e-07
9.721010e-07
9.602020e-07
9.533232e-07
9.530349e-07
9.888468e-07
9.691546e-07
9.572923e-07
9.504349e-07
9.501479e-07
9.858512e-07
9.662196e-07
9.543939e-07
9.475578e-07
