1.079871e-02
8.254191e-03
8.331780e-03
9.577336e-03
9.189273e-03
8.609241e-03
7.339563e-03
6.233409e-03
5.295414e-03
4.565701e-03
4.157855e-03
3.575304e-03
3.130064e-03
2.789533e-03
2.567425e-03
2.425766e-03
2.185780e-03
2.001985e-03
1.856619e-03
1.766598e-03
1.728175e-03
1.673826e-03
1.625677e-03
1.576085e-03
1.525271e-03
1.472674e-03
1.420865e-03
1.368849e-03
1.316881e-03
1.265149e-03
1.213537e-03
1.163160e-03
1.113629e-03
1.065083e-03
1.046473e-03
1.028317e-03
1.010264e-03
9.919562e-04
9.734346e-04
9.547157e-04
9.356252e-04
9.167318e-04
8.977833e-04
8.788137e-04
8.598411e-04
8.407629e-04
8.219482e-04
8.032370e-04
7.846543e-04
7.662154e-04
7.478714e-04
7.298271e-04
7.119961e-04
6.943945e-04
6.770335e-04
6.599018e-04
6.430814e-04
6.265398e-04
6.102858e-04
5.943267e-04
5.786763e-04
5.709177e-04
5.646386e-04
5.583346e-04
5.520052e-04
5.456100e-04
5.392606e-04
5.329034e-04
5.265419e-04
5.201763e-04
5.137752e-04
5.074273e-04
5.010901e-04
4.947668e-04
4.884579e-04
4.821401e-04
4.758807e-04
4.696478e-04
4.634438e-04
4.572693e-04
4.511080e-04
4.450086e-04
4.389480e-04
4.329282e-04
4.269497e-04
4.210020e-04
4.151179e-04
4.092819e-04
4.034955e-04
3.977592e-04
3.920670e-04
3.864387e-04
3.808651e-04
3.753470e-04
3.698851e-04
3.644770e-04
3.591320e-04
3.538457e-04
3.486188e-04
3.434517e-04
3.383451e-04
3.332998e-04
3.283154e-04
3.233922e-04
3.185307e-04
3.137337e-04
3.089955e-04
3.043189e-04
2.997040e-04
2.951510e-04
2.906644e-04
2.862339e-04
2.818643e-04
2.784242e-04
2.765404e-04
2.746507e-04
2.727709e-04
2.708930e-04
2.690173e-04
2.671435e-04
2.652661e-04
2.633990e-04
2.615352e-04
2.596750e-04
2.578182e-04
2.559600e-04
2.541125e-04
2.522696e-04
2.504315e-04
2.485981e-04
2.467654e-04
2.449436e-04
2.431275e-04
2.413174e-04
2.395132e-04
2.377115e-04
2.359208e-04
2.341370e-04
2.323600e-04
2.305899e-04
2.288240e-04
2.270692e-04
2.253221e-04
2.235827e-04
2.218510e-04
2.201249e-04
2.184099e-04
2.167033e-04
2.150052e-04
2.133154e-04
2.116325e-04
2.099606e-04
2.082977e-04
2.066438e-04
2.049989e-04
2.033618e-04
2.017357e-04
2.001190e-04
1.985117e-04
1.969139e-04
1.953247e-04
1.937463e-04
1.921777e-04
1.906189e-04
1.890698e-04
1.875300e-04
1.860009e-04
1.844818e-04
1.829727e-04
1.814735e-04
1.799842e-04
1.785053e-04
1.770366e-04
1.755780e-04
1.741295e-04
1.726912e-04
1.712632e-04
1.698453e-04
1.684376e-04
1.670401e-04
1.656531e-04
1.642761e-04
1.629092e-04
1.615525e-04
1.602060e-04
1.588701e-04
1.575439e-04
1.562278e-04
1.549218e-04
1.536260e-04
1.523409e-04
1.510651e-04
1.497994e-04
1.485436e-04
1.472979e-04
1.460629e-04
1.448369e-04
1.436208e-04
1.424145e-04
1.412181e-04
1.400324e-04
1.388554e-04
1.376880e-04
1.365303e-04
1.353823e-04
1.347982e-04
1.331158e-04
1.319962e-04
1.308860e-04
1.297853e-04
1.308382e-04
1.276128e-04
1.265398e-04
1.254759e-04
1.244213e-04
1.270735e-04
1.234973e-04
1.213126e-04
1.202938e-04
1.192840e-04
1.234909e-04
1.200338e-04
1.177910e-04
1.162972e-04
1.157300e-04
1.200780e-04
1.167337e-04
1.145673e-04
1.131738e-04
1.127301e-04
1.168239e-04
1.135864e-04
1.114921e-04
1.109636e-04
1.105243e-04
1.137182e-04
1.105820e-04
1.092113e-04
1.087756e-04
1.083409e-04
1.107515e-04
1.077115e-04
1.070420e-04
1.066111e-04
1.061812e-04
1.079154e-04
1.053240e-04
1.048972e-04
1.044714e-04
1.040465e-04
1.052018e-04
1.031997e-04
1.027781e-04
1.023576e-04
1.019381e-04
1.026035e-04
1.011020e-04
1.006859e-04
1.002708e-04
9.985688e-05
1.001136e-04
9.903205e-05
9.862154e-05
9.821218e-05
9.780394e-05
9.772598e-05
9.699070e-05
9.658601e-05
9.618250e-05
9.578015e-05
9.543483e-05
9.497882e-05
9.458011e-05
9.418261e-05
9.378630e-05
9.339099e-05
9.299717e-05
9.260458e-05
9.221322e-05
9.182309e-05
9.143401e-05
9.104640e-05
9.066005e-05
9.027496e-05
8.989112e-05
8.950838e-05
8.912710e-05
8.874709e-05
8.836836e-05
8.799090e-05
8.761459e-05
8.723973e-05
8.686616e-05
8.649388e-05
8.612288e-05
8.575308e-05
8.538470e-05
8.501763e-05
8.465187e-05
8.428740e-05
8.392416e-05
8.356233e-05
8.320182e-05
8.284262e-05
8.248473e-05
8.212810e-05
8.177287e-05
8.141895e-05
8.106636e-05
8.071508e-05
8.036509e-05
8.001647e-05
7.966918e-05
7.932322e-05
7.897857e-05
7.863524e-05
7.829326e-05
7.795261e-05
7.761328e-05
7.727528e-05
7.693861e-05
7.660327e-05
7.626926e-05
7.593657e-05
7.560521e-05
7.529900e-05
7.494648e-05
7.461910e-05
7.429304e-05
7.396831e-05
7.383590e-05
7.332284e-05
7.300206e-05
7.268261e-05
7.236448e-05
7.242176e-05
7.173220e-05
7.141801e-05
7.110513e-05
7.079357e-05
7.105431e-05
7.017442e-05
6.986677e-05
6.956042e-05
6.925539e-05
6.973143e-05
6.864927e-05
6.834812e-05
6.804826e-05
6.774970e-05
6.845112e-05
6.715652e-05
6.686181e-05
6.656839e-05
6.627625e-05
6.721150e-05
6.569588e-05
6.540756e-05
6.512050e-05
6.483472e-05
6.601078e-05
6.434677e-05
6.398502e-05
6.370427e-05
6.342478e-05
6.484728e-05
6.321703e-05
6.259387e-05
6.231935e-05
6.204607e-05
6.371940e-05
6.212178e-05
6.123372e-05
6.096535e-05
6.069821e-05
6.262565e-05
6.105956e-05
6.007550e-05
5.964188e-05
5.938080e-05
6.156458e-05
6.002899e-05
5.906477e-05
5.845568e-05
5.829365e-05
6.053486e-05
5.902876e-05
5.808371e-05
5.748744e-05
5.733041e-05
5.953520e-05
5.805765e-05
5.713113e-05
5.654724e-05
5.639500e-05
5.856438e-05
5.711447e-05
5.620588e-05
5.563395e-05
5.548630e-05
5.762125e-05
5.619811e-05
5.530687e-05
5.474649e-05
5.460325e-05
5.670471e-05
5.530750e-05
5.443306e-05
5.388385e-05
5.374484e-05
5.581372e-05
5.444165e-05
5.358347e-05
5.304506e-05
5.291012e-05
5.494728e-05
5.359959e-05
5.275717e-05
5.222921e-05
5.209817e-05
5.410446e-05
5.278041e-05
5.195326e-05
5.143542e-05
5.130813e-05
5.328436e-05
5.198325e-05
5.117090e-05
5.066285e-05
5.053916e-05
5.248611e-05
5.120727e-05
5.040928e-05
4.991072e-05
4.979049e-05
5.170891e-05
5.045169e-05
4.966763e-05
4.917826e-05
4.906137e-05
5.095198e-05
4.971575e-05
4.894521e-05
4.846475e-05
4.835107e-05
5.021457e-05
4.899874e-05
4.824133e-05
4.776950e-05
4.765891e-05
4.949598e-05
4.829998e-05
4.755531e-05
4.709186e-05
4.698424e-05
4.879553e-05
4.761881e-05
4.688651e-05
4.643120e-05
4.632644e-05
4.811257e-05
4.695460e-05
4.623434e-05
4.578691e-05
4.568492e-05
4.744650e-05
4.630676e-05
4.559819e-05
4.515843e-05
4.505909e-05
4.679671e-05
4.567472e-05
4.497752e-05
4.454519e-05
4.444842e-05
4.616265e-05
4.505792e-05
4.437179e-05
4.394669e-05
4.385239e-05
4.554377e-05
4.445586e-05
4.378048e-05
4.336241e-05
4.327050e-05
4.493956e-05
4.386803e-05
4.320312e-05
4.279187e-05
4.270227e-05
4.434953e-05
4.329394e-05
4.263923e-05
4.223462e-05
4.214724e-05
4.377319e-05
4.273315e-05
4.208836e-05
4.169021e-05
4.160498e-05
4.321009e-05
4.218521e-05
4.155008e-05
4.115821e-05
4.107506e-05
4.265981e-05
4.164969e-05
4.102399e-05
4.063823e-05
4.055708e-05
4.212191e-05
4.112620e-05
4.050967e-05
4.012987e-05
4.005066e-05
4.159601e-05
4.061434e-05
4.000677e-05
3.963275e-05
3.955542e-05
4.108170e-05
4.011375e-05
3.951490e-05
3.914653e-05
3.907100e-05
4.057864e-05
3.962406e-05
3.903372e-05
3.867085e-05
3.859707e-05
4.008645e-05
3.914494e-05
3.856289e-05
3.820538e-05
3.813330e-05
3.960481e-05
3.867604e-05
3.810210e-05
3.774981e-05
3.767937e-05
3.913338e-05
3.821706e-05
3.765102e-05
3.730382e-05
3.723498e-05
3.867184e-05
3.776770e-05
3.720937e-05
3.686714e-05
3.679983e-05
3.821991e-05
3.732764e-05
3.677685e-05
3.643946e-05
3.637364e-05
3.777727e-05
3.689663e-05
3.635319e-05
3.602053e-05
3.595615e-05
3.734367e-05
3.647437e-05
3.593813e-05
3.561008e-05
3.554710e-05
3.691881e-05
3.606062e-05
3.553140e-05
3.520786e-05
3.514623e-05
3.650246e-05
3.565512e-05
3.513277e-05
3.481362e-05
3.475331e-05
3.609435e-05
3.525763e-05
3.474199e-05
3.442713e-05
3.436809e-05
3.569424e-05
3.486792e-05
3.435884e-05
3.404817e-05
3.399037e-05
3.530191e-05
3.448575e-05
3.398309e-05
3.367653e-05
3.361992e-05
3.491714e-05
3.411092e-05
3.361454e-05
3.331198e-05
3.325654e-05
3.453969e-05
3.374322e-05
3.325298e-05
3.295433e-05
3.290002e-05
3.416938e-05
3.338245e-05
3.289822e-05
3.260340e-05
3.255018e-05
3.380599e-05
3.302840e-05
3.255006e-05
3.225898e-05
3.220682e-05
3.344934e-05
3.268090e-05
3.220832e-05
3.192090e-05
3.186978e-05
3.309924e-05
3.233976e-05
3.187282e-05
3.158898e-05
3.153886e-05
3.275550e-05
3.200481e-05
3.154340e-05
3.126306e-05
3.121392e-05
3.241797e-05
3.167588e-05
3.121988e-05
3.094297e-05
3.089478e-05
3.208646e-05
3.135281e-05
3.090211e-05
3.062856e-05
3.058129e-05
3.176081e-05
3.103544e-05
3.058994e-05
3.031968e-05
3.027330e-05
3.144088e-05
3.072363e-05
3.028322e-05
3.001617e-05
2.997066e-05
3.112651e-05
3.041721e-05
2.998179e-05
2.971790e-05
2.967324e-05
3.081755e-05
3.011606e-05
2.968554e-05
2.942473e-05
2.938089e-05
3.051387e-05
2.982004e-05
2.939431e-05
2.913653e-05
2.909350e-05
3.021532e-05
2.952900e-05
2.910799e-05
2.885318e-05
2.881092e-05
2.992177e-05
2.924284e-05
2.882644e-05
2.857454e-05
2.853304e-05
2.963310e-05
2.896141e-05
2.854955e-05
2.830049e-05
2.825973e-05
2.934919e-05
2.868461e-05
2.827719e-05
2.803093e-05
2.799089e-05
2.906991e-05
2.841231e-05
2.800926e-05
2.776574e-05
2.772640e-05
2.879515e-05
2.814441e-05
2.774565e-05
2.750481e-05
2.746615e-05
2.852480e-05
2.788079e-05
2.748624e-05
2.724804e-05
2.721005e-05
2.825875e-05
2.762136e-05
2.723094e-05
2.699533e-05
2.695798e-05
2.799689e-05
2.736600e-05
2.697964e-05
2.674657e-05
2.670985e-05
2.773912e-05
2.711463e-05
2.673225e-05
2.650168e-05
2.646557e-05
2.748535e-05
2.686714e-05
2.648868e-05
2.626055e-05
2.622505e-05
2.723548e-05
2.662344e-05
2.624883e-05
2.602311e-05
2.598819e-05
2.698942e-05
2.638345e-05
2.601262e-05
2.578926e-05
2.575491e-05
2.674707e-05
2.614707e-05
2.577996e-05
2.555892e-05
2.552512e-05
2.650836e-05
2.591423e-05
2.555078e-05
2.533201e-05
2.529876e-05
2.627319e-05
2.568484e-05
2.532498e-05
2.510844e-05
2.507572e-05
2.604149e-05
2.545882e-05
2.510249e-05
2.488816e-05
2.485595e-05
2.581318e-05
2.523609e-05
2.488324e-05
2.467107e-05
2.463937e-05
2.558817e-05
2.501659e-05
2.466716e-05
2.445710e-05
2.442590e-05
2.536640e-05
2.480023e-05
2.445416e-05
2.424620e-05
2.421547e-05
2.514780e-05
2.458695e-05
2.424419e-05
2.403828e-05
2.400803e-05
2.493229e-05
2.437669e-05
2.403718e-05
2.383329e-05
2.380350e-05
2.471980e-05
2.416936e-05
2.383307e-05
2.363116e-05
2.360181e-05
2.451028e-05
2.396492e-05
2.363178e-05
2.343182e-05
2.340291e-05
2.430365e-05
2.376330e-05
2.343326e-05
2.323523e-05
2.320674e-05
2.409985e-05
2.356443e-05
2.323745e-05
2.304131e-05
2.301324e-05
2.389883e-05
2.336826e-05
2.304429e-05
2.285001e-05
2.282235e-05
2.370051e-05
2.317474e-05
2.285373e-05
2.266128e-05
2.263402e-05
2.350486e-05
2.298380e-05
2.266571e-05
2.247506e-05
2.244820e-05
2.331181e-05
2.279539e-05
2.248018e-05
2.229130e-05
2.226482e-05
2.312130e-05
2.260946e-05
2.229708e-05
2.210995e-05
2.208385e-05
2.293329e-05
2.242596e-05
2.211638e-05
2.193097e-05
2.190523e-05
2.274773e-05
2.224484e-05
2.193801e-05
2.175429e-05
2.172891e-05
2.256455e-05
2.206605e-05
2.176193e-05
2.157988e-05
2.155485e-05
2.238373e-05
2.188955e-05
2.158810e-05
2.140770e-05
2.138301e-05
2.220520e-05
2.171529e-05
2.141647e-05
2.123768e-05
2.121333e-05
2.202893e-05
2.154322e-05
2.124699e-05
2.106981e-05
2.104578e-05
2.185487e-05
2.137330e-05
2.107964e-05
2.090402e-05
2.088032e-05
2.168297e-05
2.120549e-05
2.091435e-05
2.074028e-05
2.071690e-05
2.151320e-05
2.103975e-05
2.075110e-05
2.057856e-05
2.055548e-05
2.134551e-05
2.087604e-05
2.058984e-05
2.041881e-05
2.039604e-05
2.117986e-05
2.071431e-05
2.043054e-05
2.026099e-05
2.023852e-05
2.101622e-05
2.055455e-05
2.027316e-05
2.010508e-05
2.008289e-05
2.085454e-05
2.039669e-05
2.011767e-05
1.995102e-05
1.992912e-05
2.069480e-05
2.024072e-05
1.996402e-05
1.979880e-05
1.977718e-05
2.053695e-05
2.008659e-05
1.981219e-05
1.964837e-05
1.962702e-05
2.038095e-05
1.993427e-05
1.966213e-05
1.949970e-05
1.947862e-05
2.022679e-05
1.978373e-05
1.951383e-05
1.935276e-05
1.933194e-05
2.007441e-05
1.963494e-05
1.936724e-05
1.920752e-05
1.918696e-05
1.992379e-05
1.948786e-05
1.922234e-05
1.906394e-05
1.904364e-05
1.977491e-05
1.934246e-05
1.907909e-05
1.892201e-05
1.890195e-05
1.962771e-05
1.919872e-05
1.893747e-05
1.878168e-05
1.876187e-05
1.948219e-05
1.905660e-05
1.879745e-05
1.864294e-05
1.862337e-05
1.933830e-05
1.891608e-05
1.865899e-05
1.850574e-05
1.848641e-05
1.919603e-05
1.877713e-05
1.852208e-05
1.837008e-05
1.835098e-05
1.905533e-05
1.863971e-05
1.838669e-05
1.823591e-05
1.821704e-05
1.891619e-05
1.850382e-05
1.825278e-05
1.810322e-05
1.808457e-05
1.877858e-05
1.836941e-05
1.812034e-05
1.797198e-05
1.795354e-05
1.864247e-05
1.823646e-05
1.798935e-05
1.784216e-05
1.782394e-05
1.850783e-05
1.810496e-05
1.785976e-05
1.771375e-05
1.769574e-05
1.837465e-05
1.797487e-05
1.773157e-05
1.758671e-05
1.756891e-05
1.824290e-05
1.784617e-05
1.760475e-05
1.746103e-05
1.744343e-05
1.811255e-05
1.771884e-05
1.747927e-05
1.733668e-05
1.731928e-05
1.798358e-05
1.759286e-05
1.735512e-05
1.721364e-05
1.719644e-05
1.785597e-05
1.746820e-05
1.723228e-05
1.709189e-05
1.707489e-05
1.772970e-05
1.734484e-05
1.711071e-05
1.697142e-05
1.695460e-05
1.760474e-05
1.722277e-05
1.699041e-05
1.685219e-05
1.683556e-05
1.748108e-05
1.710196e-05
1.687135e-05
1.673419e-05
1.671774e-05
1.735869e-05
1.698240e-05
1.675351e-05
1.661740e-05
1.660113e-05
1.723756e-05
1.686405e-05
1.663688e-05
1.650180e-05
1.648571e-05
1.711766e-05
1.674691e-05
1.652143e-05
1.638738e-05
1.637146e-05
1.699898e-05
1.663096e-05
1.640715e-05
1.627411e-05
1.625836e-05
1.688150e-05
1.651617e-05
1.629402e-05
1.616198e-05
1.614640e-05
1.676519e-05
1.640254e-05
1.618201e-05
1.605096e-05
1.603555e-05
1.665005e-05
1.629003e-05
1.607113e-05
1.594105e-05
1.592581e-05
1.653605e-05
1.617864e-05
1.596134e-05
1.583223e-05
1.581715e-05
1.642317e-05
1.606835e-05
1.585263e-05
1.572448e-05
1.570955e-05
1.631141e-05
1.595914e-05
1.574498e-05
1.561778e-05
1.560301e-05
1.620074e-05
1.585100e-05
1.563839e-05
1.551212e-05
1.549751e-05
1.609114e-05
1.574391e-05
1.553283e-05
1.540749e-05
1.539302e-05
1.598261e-05
1.563785e-05
1.542829e-05
1.530386e-05
1.528955e-05
1.587512e-05
1.553282e-05
1.532475e-05
1.520123e-05
1.518706e-05
1.576867e-05
1.542879e-05
1.522221e-05
1.509958e-05
1.508555e-05
1.566323e-05
1.532575e-05
1.512064e-05
1.499889e-05
1.498501e-05
1.555879e-05
1.522369e-05
1.502003e-05
1.489916e-05
1.488542e-05
1.545535e-05
1.512259e-05
1.492037e-05
1.480037e-05
1.478677e-05
1.535287e-05
1.502244e-05
1.482164e-05
1.470250e-05
1.468904e-05
1.525136e-05
1.492323e-05
1.472384e-05
1.460555e-05
1.459222e-05
1.515079e-05
1.482495e-05
1.462695e-05
1.450950e-05
1.449630e-05
1.505116e-05
1.472757e-05
1.453096e-05
1.441434e-05
1.440127e-05
1.495245e-05
1.463110e-05
1.443585e-05
1.432005e-05
1.430711e-05
1.485464e-05
1.453551e-05
1.434161e-05
1.422663e-05
1.421382e-05
1.475774e-05
1.444080e-05
1.424824e-05
1.413406e-05
1.412137e-05
1.466172e-05
1.434694e-05
1.415571e-05
1.404234e-05
1.402977e-05
1.456657e-05
1.425395e-05
1.406403e-05
1.395144e-05
1.393900e-05
1.447229e-05
1.416179e-05
1.397317e-05
1.386136e-05
1.384904e-05
1.437885e-05
1.407046e-05
1.388313e-05
1.377210e-05
1.375989e-05
1.428625e-05
1.397995e-05
1.379389e-05
1.368363e-05
1.367154e-05
1.419448e-05
1.389025e-05
1.370545e-05
1.359595e-05
1.358397e-05
1.410353e-05
1.380134e-05
1.361780e-05
1.350904e-05
1.349718e-05
1.401339e-05
1.371323e-05
1.353092e-05
1.342291e-05
1.341116e-05
1.392404e-05
1.362589e-05
1.344480e-05
1.333753e-05
1.332589e-05
1.383547e-05
1.353931e-05
1.335945e-05
1.325291e-05
1.324138e-05
1.374769e-05
1.345350e-05
1.327483e-05
1.316902e-05
1.315759e-05
1.366067e-05
1.336843e-05
1.319096e-05
1.308586e-05
1.307454e-05
1.357441e-05
1.328410e-05
1.310781e-05
1.300342e-05
1.299221e-05
1.348889e-05
1.320051e-05
1.302539e-05
1.292170e-05
1.291059e-05
1.340412e-05
1.311763e-05
1.294367e-05
1.284067e-05
1.282967e-05
1.332007e-05
1.303547e-05
1.286265e-05
1.276035e-05
1.274944e-05
1.323674e-05
1.295400e-05
1.278233e-05
1.268070e-05
1.266990e-05
1.315413e-05
1.287324e-05
1.270269e-05
1.260174e-05
1.259103e-05
1.307222e-05
1.279316e-05
1.262372e-05
1.252345e-05
1.251284e-05
1.299100e-05
1.271376e-05
1.254543e-05
1.244582e-05
1.243530e-05
1.291047e-05
1.263502e-05
1.246779e-05
1.236884e-05
1.235842e-05
1.283062e-05
1.255696e-05
1.239081e-05
1.229251e-05
1.228218e-05
1.275144e-05
1.247954e-05
1.231447e-05
1.221681e-05
1.220658e-05
1.267292e-05
1.240277e-05
1.223877e-05
1.214175e-05
1.213161e-05
1.259506e-05
1.232664e-05
1.216370e-05
1.206731e-05
1.205726e-05
1.251784e-05
1.225115e-05
1.208925e-05
1.199349e-05
1.198353e-05
1.244127e-05
1.217627e-05
1.201541e-05
1.192028e-05
1.191040e-05
1.236532e-05
1.210202e-05
1.194219e-05
1.184767e-05
1.183788e-05
1.229000e-05
1.202837e-05
1.186956e-05
1.177566e-05
1.176595e-05
1.221530e-05
1.195533e-05
1.179753e-05
1.170423e-05
1.169461e-05
1.214121e-05
1.188288e-05
1.172609e-05
1.163339e-05
1.162385e-05
1.206772e-05
1.181103e-05
1.165523e-05
1.156313e-05
1.155367e-05
1.199483e-05
1.173975e-05
1.158494e-05
1.149343e-05
1.148405e-05
1.192253e-05
1.166906e-05
1.151522e-05
1.142429e-05
1.141500e-05
1.185081e-05
1.159893e-05
1.144606e-05
1.135572e-05
1.134650e-05
1.177968e-05
1.152937e-05
1.137746e-05
1.128769e-05
1.127856e-05
1.170911e-05
1.146037e-05
1.130941e-05
1.122021e-05
1.121115e-05
1.163911e-05
1.139191e-05
1.124190e-05
1.115326e-05
1.114428e-05
1.156966e-05
1.132401e-05
1.117493e-05
1.108685e-05
1.107795e-05
1.150077e-05
1.125664e-05
1.110849e-05
1.102097e-05
1.101214e-05
1.143243e-05
1.118981e-05
1.104258e-05
1.095561e-05
1.094685e-05
1.136463e-05
1.112350e-05
1.097719e-05
1.089076e-05
1.088208e-05
1.129736e-05
1.105772e-05
1.091231e-05
1.082642e-05
1.081782e-05
1.123062e-05
1.099246e-05
1.084794e-05
1.076259e-05
1.075406e-05
1.116441e-05
1.092770e-05
1.078408e-05
1.069926e-05
1.069080e-05
1.109871e-05
1.086345e-05
1.072071e-05
1.063642e-05
1.062803e-05
1.103353e-05
1.079971e-05
1.065784e-05
1.057407e-05
1.056575e-05
1.096885e-05
1.073646e-05
1.059545e-05
1.051221e-05
1.050395e-05
1.090467e-05
1.067369e-05
1.053355e-05
1.045082e-05
1.044264e-05
1.084100e-05
1.061142e-05
1.047213e-05
1.038991e-05
1.038179e-05
1.077781e-05
1.054962e-05
1.041118e-05
1.032947e-05
1.032141e-05
1.071511e-05
1.048830e-05
1.035070e-05
1.026949e-05
1.026150e-05
1.065289e-05
1.042745e-05
1.029069e-05
1.020997e-05
1.020205e-05
1.059115e-05
1.036707e-05
1.023113e-05
1.015090e-05
1.014305e-05
1.052988e-05
1.030715e-05
1.017202e-05
1.009229e-05
1.008450e-05
1.046908e-05
1.024768e-05
1.011337e-05
1.003412e-05
1.002639e-05
1.040874e-05
1.018867e-05
1.005516e-05
9.976394e-06
9.968729e-06
1.034886e-05
1.013010e-05
9.997393e-06
9.919104e-06
9.911501e-06
1.028943e-05
1.007197e-05
9.940062e-06
9.862246e-06
9.854705e-06
1.023045e-05
1.001429e-05
9.883162e-06
9.805817e-06
9.798336e-06
1.017192e-05
9.957033e-06
9.826690e-06
9.749811e-06
9.742390e-06
1.011382e-05
9.900210e-06
9.770642e-06
9.694225e-06
9.686864e-06
1.005616e-05
9.843812e-06
9.715013e-06
9.639055e-06
9.631752e-06
9.998929e-06
9.787836e-06
9.659799e-06
9.584296e-06
9.577052e-06
9.942126e-06
9.732277e-06
9.604996e-06
9.529944e-06
9.522758e-06
9.885746e-06
9.677130e-06
9.550600e-06
9.475997e-06
9.468868e-06
9.829785e-06
9.622393e-06
9.496608e-06
9.422449e-06
9.415376e-06
9.774239e-06
9.568061e-06
9.443014e-06
9.369296e-06
9.362280e-06
9.719103e-06
9.514130e-06
9.389817e-06
9.316536e-06
9.309575e-06
9.664373e-06
9.460597e-06
9.337011e-06
9.264164e-06
9.257258e-06
9.610047e-06
9.407457e-06
9.284592e-06
9.212177e-06
9.205324e-06
9.556119e-06
9.354707e-06
9.232558e-06
9.160570e-06
9.153772e-06
9.502587e-06
9.302343e-06
9.180905e-06
9.109341e-06
9.102595e-06
9.449446e-06
9.250361e-06
9.129629e-06
9.058485e-06
9.051792e-06
9.396692e-06
9.198758e-06
9.078726e-06
9.007999e-06
9.001359e-06
9.344323e-06
9.147530e-06
9.028193e-06
8.957880e-06
8.951292e-06
9.292334e-06
9.096675e-06
8.978026e-06
8.908125e-06
8.901588e-06
9.240722e-06
9.046187e-06
8.928222e-06
8.858729e-06
8.852243e-06
9.189483e-06
8.996064e-06
8.878778e-06
8.809690e-06
8.803254e-06
9.138614e-06
8.946303e-06
8.829691e-06
8.761004e-06
8.754617e-06
9.088112e-06
8.896900e-06
8.780956e-06
8.712668e-06
8.706330e-06
9.037972e-06
8.847851e-06
8.732571e-06
8.664678e-06
8.658390e-06
8.988192e-06
8.799154e-06
8.684533e-06
8.617032e-06
8.610792e-06
8.938769e-06
8.750806e-06
8.636838e-06
8.569727e-06
8.563535e-06
8.889699e-06
8.702802e-06
8.589483e-06
8.522759e-06
8.516614e-06
8.840978e-06
8.655141e-06
8.542465e-06
8.476125e-06
8.470027e-06
8.792605e-06
8.607818e-06
8.495782e-06
8.429822e-06
8.423771e-06
8.744575e-06
8.560831e-06
8.449429e-06
8.383848e-06
8.377842e-06
8.696885e-06
8.514177e-06
8.403405e-06
8.338198e-06
8.332238e-06
8.649533e-06
8.467852e-06
8.357705e-06
8.292871e-06
8.286957e-06
8.602515e-06
8.421855e-06
8.312328e-06
8.247863e-06
8.241994e-06
8.555828e-06
8.376181e-06
8.267270e-06
8.203172e-06
8.197347e-06
8.509470e-06
8.330828e-06
8.222528e-06
8.158795e-06
8.153013e-06
8.463437e-06
8.285793e-06
8.178100e-06
8.114728e-06
8.108990e-06
8.417727e-06
8.241074e-06
8.133983e-06
8.070970e-06
8.065275e-06
8.372337e-06
8.196667e-06
8.090174e-06
8.027517e-06
8.021865e-06
8.327263e-06
8.152569e-06
8.046670e-06
7.984366e-06
7.978757e-06
8.282504e-06
8.108779e-06
8.003469e-06
7.941516e-06
7.935949e-06
8.238055e-06
8.065293e-06
7.960568e-06
7.898963e-06
7.893438e-06
8.193916e-06
8.022108e-06
7.917965e-06
7.856706e-06
7.851221e-06
8.150082e-06
7.979223e-06
7.875656e-06
7.814740e-06
7.809296e-06
8.106551e-06
7.936634e-06
7.833639e-06
7.773064e-06
7.767661e-06
8.063321e-06
7.894338e-06
7.791912e-06
7.731675e-06
7.726312e-06
8.020389e-06
7.852334e-06
7.750472e-06
7.690571e-06
7.685248e-06
7.977752e-06
7.810619e-06
7.709317e-06
7.649749e-06
7.644465e-06
7.935408e-06
7.769190e-06
7.668444e-06
7.609207e-06
7.603962e-06
7.893354e-06
7.728044e-06
7.627850e-06
7.568942e-06
7.563736e-06
7.851588e-06
7.687180e-06
7.587535e-06
7.528953e-06
7.523785e-06
7.810108e-06
7.646595e-06
7.547494e-06
7.489236e-06
7.484106e-06
7.768910e-06
7.606286e-06
7.507725e-06
7.449789e-06
7.444697e-06
7.727992e-06
7.566251e-06
7.468228e-06
7.410611e-06
7.405556e-06
7.687353e-06
7.526489e-06
7.428998e-06
7.371698e-06
7.366680e-06
7.646989e-06
7.486995e-06
7.390033e-06
7.333048e-06
7.328067e-06
7.606899e-06
7.447769e-06
7.351333e-06
7.294660e-06
7.289716e-06
7.567080e-06
7.408808e-06
7.312893e-06
7.256531e-06
7.251623e-06
7.527529e-06
7.370110e-06
7.274713e-06
7.218659e-06
7.213786e-06
7.488245e-06
7.331672e-06
7.236790e-06
7.181041e-06
7.176204e-06
7.449225e-06
7.293492e-06
7.199121e-06
7.143676e-06
7.138874e-06
7.410467e-06
7.255569e-06
7.161705e-06
7.106562e-06
7.101795e-06
7.371969e-06
7.217900e-06
7.124539e-06
7.069696e-06
7.064963e-06
7.333729e-06
7.180482e-06
7.087622e-06
7.033076e-06
7.028377e-06
7.295744e-06
7.143314e-06
7.050951e-06
6.996700e-06
6.992036e-06
7.258012e-06
7.106395e-06
7.014524e-06
6.960567e-06
6.955936e-06
7.220532e-06
7.069720e-06
6.978340e-06
6.924674e-06
6.920076e-06
7.183301e-06
7.033290e-06
6.942396e-06
6.889019e-06
6.884454e-06
7.146317e-06
6.997101e-06
6.906690e-06
6.853600e-06
6.849068e-06
7.109578e-06
6.961151e-06
6.871221e-06
6.818416e-06
6.813916e-06
7.073082e-06
6.925439e-06
6.835985e-06
6.783464e-06
6.778997e-06
7.036828e-06
6.889963e-06
6.800983e-06
6.748742e-06
6.744307e-06
7.000812e-06
6.854721e-06
6.766211e-06
6.714249e-06
6.709846e-06
6.965034e-06
6.819711e-06
6.731667e-06
6.679983e-06
6.675611e-06
6.929491e-06
6.784931e-06
6.697350e-06
6.645942e-06
6.641601e-06
6.894181e-06
6.750378e-06
6.663259e-06
6.612124e-06
6.607814e-06
6.859102e-06
6.716052e-06
6.629390e-06
6.578527e-06
6.574247e-06
6.824253e-06
6.681951e-06
6.595743e-06
6.545149e-06
6.540900e-06
6.789632e-06
6.648072e-06
6.562315e-06
6.511989e-06
6.507771e-06
6.755236e-06
6.614414e-06
6.529105e-06
6.479046e-06
6.474857e-06
6.721065e-06
6.580974e-06
6.496111e-06
6.446316e-06
6.442157e-06
6.687115e-06
6.547753e-06
6.463331e-06
6.413799e-06
6.409669e-06
6.653387e-06
6.514746e-06
6.430764e-06
6.381492e-06
6.377391e-06
6.619876e-06
6.481954e-06
6.398408e-06
6.349395e-06
6.345323e-06
6.586583e-06
6.449373e-06
6.366260e-06
6.317505e-06
6.313462e-06
6.553505e-06
6.417003e-06
6.334321e-06
6.285821e-06
6.281806e-06
6.520640e-06
6.384842e-06
6.302587e-06
6.254341e-06
6.250354e-06
6.487987e-06
6.352887e-06
6.271057e-06
6.223063e-06
6.219104e-06
6.455544e-06
6.321138e-06
6.239730e-06
6.191986e-06
6.188055e-06
6.423309e-06
6.289593e-06
6.208604e-06
6.161109e-06
6.157205e-06
6.391281e-06
6.258250e-06
6.177677e-06
6.130429e-06
6.126553e-06
6.359458e-06
6.227108e-06
6.146948e-06
6.099946e-06
6.096096e-06
6.327839e-06
6.196164e-06
6.116415e-06
6.069657e-06
6.065834e-06
6.296421e-06
6.165418e-06
6.086077e-06
6.039561e-06
6.035765e-06
6.265204e-06
6.134868e-06
6.055933e-06
6.009656e-06
6.005887e-06
6.234186e-06
6.104512e-06
6.025979e-06
5.979942e-06
5.976199e-06
6.203365e-06
6.074349e-06
5.996216e-06
5.950416e-06
5.946699e-06
6.172739e-06
6.044377e-06
5.966642e-06
5.921078e-06
5.917386e-06
6.142307e-06
6.014596e-06
5.937255e-06
5.891925e-06
5.888259e-06
6.112068e-06
5.985002e-06
5.908054e-06
5.862956e-06
5.859315e-06
6.082020e-06
5.955595e-06
5.879036e-06
5.834170e-06
5.830554e-06
6.052162e-06
5.926374e-06
5.850202e-06
5.805566e-06
5.801975e-06
6.022492e-06
5.897336e-06
5.821549e-06
5.777141e-06
5.773575e-06
5.993008e-06
5.868482e-06
5.793077e-06
5.748895e-06
5.745353e-06
5.963710e-06
5.839808e-06
5.764783e-06
5.720826e-06
5.717308e-06
5.934595e-06
5.811314e-06
5.736666e-06
5.692933e-06
5.689439e-06
5.905663e-06
5.782998e-06
5.708725e-06
5.665214e-06
5.661744e-06
5.876911e-06
5.754860e-06
5.680959e-06
5.637668e-06
5.634223e-06
5.848340e-06
5.726897e-06
5.653366e-06
5.610294e-06
5.606872e-06
5.819946e-06
5.699108e-06
5.625944e-06
5.583091e-06
5.579692e-06
5.791729e-06
5.671492e-06
5.598694e-06
5.556057e-06
5.552681e-06
5.763688e-06
5.644048e-06
5.571612e-06
5.529191e-06
5.525838e-06
5.735821e-06
5.616774e-06
5.544699e-06
5.502491e-06
5.499161e-06
5.708127e-06
5.589669e-06
5.517952e-06
5.475956e-06
5.472649e-06
5.680604e-06
5.562732e-06
5.491371e-06
5.449586e-06
5.446301e-06
5.653252e-06
5.535962e-06
5.464954e-06
5.423379e-06
5.420116e-06
5.626068e-06
5.509356e-06
5.438700e-06
5.397333e-06
5.394092e-06
5.599052e-06
5.482915e-06
5.412608e-06
5.371447e-06
5.368229e-06
5.572202e-06
5.456636e-06
5.386676e-06
5.345721e-06
5.342524e-06
5.545517e-06
5.430519e-06
5.360903e-06
5.320152e-06
5.316977e-06
5.518997e-06
5.404562e-06
5.335289e-06
5.294741e-06
5.291587e-06
5.492638e-06
5.378764e-06
5.309831e-06
5.269485e-06
5.266352e-06
5.466442e-06
5.353123e-06
5.284529e-06
5.244383e-06
5.241271e-06
5.440405e-06
5.327640e-06
5.259382e-06
5.219435e-06
5.216344e-06
5.414527e-06
5.302312e-06
5.234388e-06
5.194638e-06
5.191568e-06
5.388808e-06
5.277138e-06
5.209546e-06
5.169993e-06
5.166944e-06
5.363244e-06
5.252118e-06
5.184855e-06
5.145498e-06
5.142469e-06
5.337837e-06
5.227249e-06
5.160314e-06
5.121151e-06
5.118142e-06
5.312583e-06
5.202532e-06
5.135922e-06
5.096952e-06
5.093963e-06
5.287483e-06
5.177964e-06
5.111678e-06
5.072899e-06
5.069931e-06
5.262534e-06
5.153545e-06
5.087581e-06
5.048992e-06
5.046043e-06
5.237737e-06
5.129274e-06
5.063629e-06
5.025230e-06
5.022300e-06
5.213089e-06
5.105149e-06
5.039822e-06
5.001610e-06
4.998700e-06
5.188590e-06
5.081169e-06
5.016158e-06
4.978133e-06
4.975243e-06
5.164239e-06
5.057334e-06
4.992636e-06
4.954797e-06
4.951926e-06
5.140033e-06
5.033642e-06
4.969256e-06
4.931601e-06
4.928749e-06
5.115974e-06
5.010092e-06
4.946016e-06
4.908545e-06
4.905711e-06
5.092058e-06
4.986683e-06
4.922915e-06
4.885626e-06
4.882811e-06
5.068286e-06
4.963415e-06
4.899952e-06
4.862845e-06
4.860048e-06
5.044656e-06
4.940285e-06
4.877127e-06
4.840199e-06
4.837421e-06
5.021167e-06
4.917294e-06
4.854438e-06
4.817689e-06
4.814929e-06
4.997819e-06
4.894440e-06
4.831884e-06
4.795313e-06
4.792571e-06
4.974609e-06
4.871722e-06
4.809464e-06
4.773070e-06
4.770346e-06
4.951538e-06
4.849138e-06
4.787178e-06
4.750959e-06
4.748253e-06
4.928603e-06
4.826689e-06
4.765024e-06
4.728979e-06
4.726291e-06
4.905805e-06
4.804373e-06
4.743001e-06
4.707129e-06
4.704459e-06
4.883141e-06
4.782190e-06
4.721108e-06
4.685409e-06
4.682757e-06
4.860612e-06
4.760137e-06
4.699345e-06
4.663817e-06
4.661182e-06
4.838216e-06
4.738215e-06
4.677711e-06
4.642353e-06
4.639735e-06
4.815953e-06
4.716422e-06
4.656204e-06
4.621015e-06
4.618414e-06
4.793820e-06
4.694757e-06
4.634823e-06
4.599803e-06
4.597219e-06
4.771818e-06
4.673220e-06
4.613569e-06
4.578715e-06
4.576148e-06
4.749945e-06
4.651809e-06
4.592439e-06
4.557751e-06
4.555201e-06
4.728200e-06
4.630524e-06
4.571433e-06
4.536910e-06
4.534377e-06
4.706583e-06
4.609364e-06
4.550550e-06
4.516191e-06
4.513674e-06
4.685092e-06
4.588327e-06
4.529789e-06
4.495594e-06
4.493093e-06
4.663728e-06
4.567414e-06
4.509150e-06
4.475116e-06
4.472632e-06
4.642488e-06
4.546622e-06
4.488631e-06
4.454758e-06
4.452290e-06
4.621371e-06
4.525952e-06
4.468231e-06
4.434519e-06
4.432066e-06
4.600378e-06
4.505402e-06
4.447950e-06
4.414397e-06
4.411960e-06
4.579507e-06
4.484971e-06
4.427787e-06
4.394392e-06
4.391971e-06
4.558757e-06
4.464660e-06
4.407742e-06
4.374504e-06
4.372098e-06
4.538128e-06
4.444465e-06
4.387812e-06
4.354730e-06
4.352340e-06
4.517618e-06
4.424388e-06
4.367997e-06
4.335071e-06
4.332696e-06
4.497227e-06
4.404427e-06
4.348298e-06
4.315525e-06
4.313166e-06
4.476953e-06
4.384581e-06
4.328711e-06
4.296093e-06
4.293749e-06
4.456797e-06
4.364850e-06
4.309238e-06
4.276772e-06
4.274443e-06
4.436756e-06
4.345232e-06
4.289877e-06
4.257563e-06
4.255248e-06
4.416832e-06
4.325727e-06
4.270628e-06
4.238464e-06
4.236164e-06
4.397021e-06
4.306335e-06
4.251488e-06
4.219474e-06
4.217190e-06
4.377325e-06
4.287053e-06
4.232459e-06
4.200594e-06
4.198324e-06
4.357741e-06
4.267882e-06
4.213539e-06
4.181822e-06
4.179566e-06
4.338270e-06
4.248821e-06
4.194727e-06
4.163157e-06
4.160915e-06
4.318910e-06
4.229869e-06
4.176022e-06
4.144598e-06
4.142371e-06
4.299660e-06
4.211025e-06
4.157424e-06
4.126146e-06
4.123933e-06
4.280520e-06
4.192288e-06
4.138932e-06
4.107798e-06
4.105600e-06
4.261490e-06
4.173658e-06
4.120546e-06
4.089556e-06
4.087371e-06
4.242567e-06
4.155134e-06
4.102264e-06
4.071416e-06
4.069245e-06
4.223753e-06
4.136715e-06
4.084086e-06
4.053380e-06
4.051223e-06
4.205045e-06
4.118401e-06
4.066010e-06
4.035446e-06
4.033303e-06
4.186443e-06
4.100191e-06
4.048038e-06
4.017614e-06
4.015484e-06
4.167946e-06
4.082083e-06
4.030166e-06
3.999882e-06
3.997765e-06
4.149554e-06
4.064078e-06
4.012396e-06
3.982250e-06
3.980147e-06
4.131266e-06
4.046174e-06
3.994726e-06
3.964718e-06
3.962628e-06
4.113081e-06
4.028372e-06
3.977156e-06
3.947285e-06
3.945208e-06
4.094998e-06
4.010669e-06
3.959684e-06
3.929950e-06
3.927886e-06
4.077017e-06
3.993067e-06
3.942311e-06
3.912712e-06
3.910661e-06
4.059137e-06
3.975563e-06
3.925035e-06
3.895571e-06
3.893533e-06
4.041358e-06
3.958157e-06
3.907856e-06
3.878526e-06
3.876501e-06
4.023678e-06
3.940848e-06
3.890774e-06
3.861576e-06
3.859564e-06
4.006097e-06
3.923637e-06
3.873787e-06
3.844721e-06
3.842721e-06
3.988614e-06
3.906522e-06
3.856894e-06
3.827960e-06
3.825973e-06
3.971229e-06
3.889502e-06
3.840096e-06
3.811293e-06
3.809318e-06
3.953941e-06
3.872577e-06
3.823392e-06
3.794719e-06
3.792756e-06
3.936749e-06
3.855746e-06
3.806780e-06
3.778236e-06
3.776286e-06
3.919653e-06
3.839009e-06
3.790261e-06
3.761846e-06
3.759908e-06
3.902652e-06
3.822364e-06
3.773833e-06
3.745546e-06
3.743620e-06
3.885745e-06
3.805812e-06
3.757497e-06
3.729336e-06
3.727423e-06
3.868932e-06
3.789352e-06
3.741251e-06
3.713217e-06
3.711315e-06
3.852211e-06
3.772983e-06
3.725095e-06
3.697186e-06
3.695296e-06
3.835584e-06
3.756704e-06
3.709028e-06
3.681244e-06
3.679366e-06
3.819048e-06
3.740515e-06
3.693049e-06
3.665390e-06
3.663523e-06
3.802603e-06
3.724415e-06
3.677159e-06
3.649623e-06
3.647768e-06
3.786249e-06
3.708404e-06
3.661356e-06
3.633943e-06
3.632099e-06
3.769985e-06
3.692481e-06
3.645640e-06
3.618349e-06
3.616517e-06
3.753810e-06
3.676646e-06
3.630010e-06
3.602841e-06
3.601020e-06
3.737724e-06
3.660897e-06
3.614466e-06
3.587417e-06
3.585607e-06
3.721726e-06
3.645234e-06
3.599007e-06
3.572078e-06
3.570280e-06
3.705816e-06
3.629657e-06
3.583633e-06
3.556823e-06
3.555036e-06
3.689992e-06
3.614166e-06
3.568343e-06
3.541651e-06
3.539875e-06
3.674255e-06
3.598759e-06
3.553136e-06
3.526562e-06
3.524797e-06
3.658604e-06
3.583435e-06
3.538011e-06
3.511556e-06
3.509801e-06
3.643038e-06
3.568196e-06
3.522970e-06
3.496630e-06
3.494886e-06
3.627557e-06
3.553039e-06
3.508010e-06
3.481786e-06
3.480053e-06
3.612160e-06
3.537964e-06
3.493131e-06
3.467023e-06
3.465300e-06
3.596847e-06
3.522971e-06
3.478332e-06
3.452339e-06
3.450627e-06
3.581616e-06
3.508060e-06
3.463614e-06
3.437735e-06
3.436033e-06
3.566468e-06
3.493229e-06
3.448976e-06
3.423210e-06
3.421519e-06
3.551402e-06
3.478478e-06
3.434417e-06
3.408764e-06
3.407082e-06
3.536417e-06
3.463807e-06
3.419936e-06
3.394395e-06
3.392724e-06
3.521513e-06
3.449215e-06
3.405533e-06
3.380104e-06
3.378443e-06
3.506690e-06
3.434701e-06
3.391208e-06
3.365889e-06
3.364239e-06
3.491946e-06
3.420266e-06
3.376960e-06
3.351752e-06
3.350111e-06
3.477281e-06
3.405908e-06
3.362788e-06
3.337690e-06
3.336059e-06
3.462695e-06
3.391627e-06
3.348693e-06
3.323703e-06
3.322082e-06
3.448188e-06
3.377423e-06
3.334673e-06
3.309791e-06
3.308180e-06
3.433758e-06
3.363295e-06
3.320728e-06
3.295954e-06
3.294353e-06
3.419405e-06
3.349242e-06
3.306857e-06
3.282191e-06
3.280599e-06
3.405129e-06
3.335265e-06
3.293061e-06
3.268501e-06
3.266919e-06
3.390929e-06
3.321361e-06
3.279338e-06
3.254884e-06
3.253312e-06
3.376805e-06
3.307532e-06
3.265688e-06
3.241339e-06
3.239777e-06
3.362756e-06
3.293777e-06
3.252110e-06
3.227867e-06
3.226314e-06
3.348781e-06
3.280095e-06
3.238605e-06
3.214466e-06
3.212922e-06
3.334881e-06
3.266485e-06
3.225172e-06
3.201137e-06
3.199602e-06
3.321055e-06
3.252947e-06
3.211810e-06
3.187877e-06
3.186352e-06
3.307302e-06
3.239482e-06
3.198518e-06
3.174689e-06
3.173172e-06
3.293621e-06
3.226087e-06
3.185297e-06
3.161569e-06
3.160062e-06
3.280013e-06
3.212763e-06
3.172146e-06
3.148867e-06
3.147021e-06
3.266477e-06
3.199510e-06
3.159064e-06
3.137315e-06
3.135009e-06
3.253012e-06
3.186326e-06
3.146051e-06
3.125803e-06
3.123505e-06
3.239619e-06
3.173212e-06
3.133106e-06
3.114332e-06
3.112042e-06
3.226295e-06
3.160166e-06
3.120229e-06
3.102901e-06
3.100620e-06
3.213042e-06
3.147190e-06
3.107420e-06
3.091511e-06
3.089237e-06
3.199858e-06
3.134281e-06
3.094679e-06
3.080161e-06
3.077895e-06
3.186743e-06
3.121440e-06
3.082004e-06
3.068851e-06
3.066594e-06
3.173697e-06
3.108666e-06
3.069395e-06
3.057581e-06
3.055332e-06
3.160719e-06
3.095959e-06
3.056852e-06
3.046351e-06
3.044110e-06
3.147809e-06
3.083318e-06
3.044375e-06
3.035162e-06
3.032928e-06
3.134967e-06
3.070744e-06
3.031963e-06
3.024011e-06
3.021786e-06
3.122191e-06
3.058234e-06
3.019615e-06
3.012901e-06
3.010683e-06
3.109482e-06
3.045790e-06
3.007332e-06
3.001830e-06
2.999620e-06
3.096839e-06
3.033411e-06
2.995112e-06
2.990798e-06
2.988597e-06
3.084261e-06
3.021095e-06
2.982956e-06
2.979806e-06
2.977612e-06
3.071749e-06
3.008844e-06
2.971040e-06
2.968853e-06
2.966667e-06
3.059302e-06
2.996656e-06
2.960119e-06
2.957939e-06
2.955761e-06
3.046919e-06
2.984531e-06
2.949236e-06
2.947064e-06
2.944893e-06
3.034600e-06
2.972469e-06
2.938392e-06
2.936227e-06
2.934065e-06
3.022345e-06
2.960469e-06
2.927586e-06
2.925430e-06
2.923275e-06
3.010153e-06
2.948531e-06
2.916820e-06
2.914671e-06
2.912524e-06
2.998024e-06
2.936655e-06
2.906092e-06
2.903950e-06
2.901811e-06
2.985957e-06
2.924839e-06
2.895402e-06
2.893268e-06
2.891137e-06
2.973952e-06
2.913084e-06
2.884750e-06
2.882625e-06
2.880500e-06
2.962009e-06
2.901390e-06
2.874137e-06
2.872019e-06
2.869902e-06
2.950127e-06
2.889755e-06
2.863562e-06
2.861452e-06
2.859342e-06
2.938306e-06
2.878181e-06
2.853025e-06
2.850922e-06
2.848820e-06
2.926546e-06
2.866665e-06
2.842526e-06
2.840430e-06
2.838336e-06
2.914845e-06
2.855208e-06
2.832064e-06
2.829976e-06
2.827890e-06
2.903205e-06
2.843810e-06
2.821640e-06
2.819560e-06
2.817481e-06
2.891623e-06
2.832469e-06
2.811253e-06
2.809181e-06
2.807109e-06
2.880101e-06
2.821187e-06
2.800904e-06
2.798839e-06
2.796775e-06
2.868637e-06
2.809961e-06
2.790593e-06
2.788535e-06
2.786478e-06
2.857232e-06
2.798793e-06
2.780318e-06
2.778267e-06
2.776218e-06
2.845884e-06
2.787682e-06
2.770081e-06
2.768037e-06
2.765996e-06
2.834594e-06
2.776627e-06
2.759880e-06
2.757844e-06
2.755810e-06
2.823362e-06
2.765628e-06
2.749716e-06
2.747688e-06
2.745661e-06
2.812186e-06
2.754684e-06
2.739589e-06
2.737568e-06
2.735548e-06
2.801066e-06
2.743796e-06
2.729499e-06
2.727485e-06
2.725473e-06
2.790003e-06
2.732962e-06
2.719445e-06
2.717438e-06
2.715433e-06
2.778995e-06
2.722184e-06
2.709427e-06
2.707428e-06
2.705430e-06
2.768043e-06
2.711459e-06
2.699446e-06
2.697454e-06
2.695464e-06
2.757146e-06
2.700789e-06
2.689501e-06
2.687516e-06
2.685533e-06
2.746304e-06
2.690172e-06
2.679592e-06
2.677615e-06
2.675639e-06
2.735516e-06
2.679608e-06
2.669719e-06
2.667749e-06
2.665780e-06
2.724783e-06
2.669097e-06
2.659882e-06
2.657919e-06
2.655957e-06
2.714103e-06
2.658639e-06
2.650081e-06
2.648125e-06
2.646170e-06
2.703476e-06
2.648233e-06
2.640315e-06
2.638366e-06
2.636418e-06
2.692903e-06
2.637880e-06
2.630585e-06
2.628643e-06
2.626702e-06
2.682382e-06
2.627577e-06
2.620890e-06
2.618955e-06
2.617021e-06
2.671914e-06
2.617327e-06
2.611230e-06
2.609302e-06
2.607376e-06
2.661498e-06
2.607127e-06
2.601606e-06
2.599685e-06
2.597765e-06
2.651134e-06
2.596978e-06
2.592016e-06
2.590102e-06
2.588190e-06
2.640821e-06
2.586879e-06
2.582462e-06
2.580555e-06
2.578650e-06
2.630560e-06
2.576831e-06
2.572942e-06
2.571042e-06
2.569144e-06
2.620349e-06
2.566832e-06
2.563457e-06
2.561565e-06
2.559673e-06
2.610189e-06
2.556883e-06
2.554007e-06
2.552121e-06
2.550237e-06
2.600079e-06
2.546983e-06
2.544592e-06
2.542713e-06
2.540835e-06
2.590020e-06
2.537132e-06
2.535210e-06
2.533338e-06
2.531467e-06
2.580010e-06
2.527730e-06
2.525863e-06
2.523998e-06
2.522134e-06
2.570049e-06
2.518411e-06
2.516551e-06
2.514692e-06
2.512835e-06
2.560137e-06
2.509125e-06
2.507272e-06
2.505420e-06
2.503570e-06
2.550274e-06
2.499874e-06
2.498027e-06
2.496182e-06
2.494339e-06
2.540460e-06
2.490656e-06
2.488817e-06
2.486978e-06
2.485142e-06
2.530694e-06
2.481472e-06
2.479639e-06
2.477808e-06
2.475978e-06
2.520976e-06
2.472322e-06
2.470496e-06
2.468671e-06
2.466848e-06
2.511305e-06
2.463206e-06
2.461386e-06
2.459568e-06
2.457752e-06
2.501682e-06
2.454123e-06
2.452310e-06
2.450498e-06
2.448688e-06
2.492106e-06
2.445073e-06
2.443267e-06
2.441462e-06
2.439659e-06
2.482576e-06
2.436056e-06
2.434257e-06
2.432459e-06
2.430662e-06
2.473093e-06
2.427073e-06
2.425280e-06
2.423489e-06
2.421699e-06
2.463657e-06
2.418123e-06
2.416336e-06
2.414551e-06
2.412768e-06
2.454266e-06
2.409205e-06
2.407426e-06
2.405647e-06
2.403870e-06
2.444921e-06
2.400321e-06
2.398547e-06
2.396776e-06
2.395005e-06
2.435621e-06
2.391469e-06
2.389702e-06
2.387937e-06
2.386173e-06
2.426366e-06
2.382649e-06
2.380889e-06
2.379131e-06
2.377373e-06
2.417157e-06
2.373863e-06
2.372109e-06
2.370357e-06
2.368606e-06
2.407992e-06
2.365108e-06
2.363361e-06
2.361615e-06
2.359871e-06
2.398871e-06
2.356386e-06
2.354645e-06
2.352906e-06
2.351168e-06
2.389794e-06
2.347696e-06
2.345962e-06
2.344229e-06
2.342497e-06
2.380761e-06
2.339038e-06
2.337310e-06
2.335584e-06
2.333859e-06
2.371772e-06
2.330412e-06
2.328691e-06
2.326971e-06
2.325252e-06
2.362826e-06
2.321818e-06
2.320103e-06
2.318389e-06
2.316677e-06
2.353923e-06
2.313256e-06
2.311547e-06
2.309840e-06
2.308134e-06
2.345063e-06
2.304725e-06
2.303023e-06
2.301322e-06
2.299622e-06
2.336245e-06
2.296226e-06
2.294530e-06
2.292835e-06
2.291142e-06
2.327470e-06
2.287759e-06
2.286069e-06
2.284380e-06
2.282693e-06
2.318737e-06
2.279322e-06
2.277639e-06
2.275956e-06
2.274275e-06
2.310045e-06
2.270917e-06
2.269240e-06
2.267564e-06
2.265889e-06
2.301395e-06
2.262543e-06
2.260872e-06
2.259202e-06
2.257534e-06
2.292787e-06
2.254200e-06
2.252535e-06
2.250872e-06
2.249209e-06
2.284219e-06
2.245888e-06
2.244230e-06
2.242572e-06
2.240916e-06
2.275693e-06
2.237607e-06
2.235955e-06
2.234303e-06
2.232653e-06
2.267207e-06
2.229357e-06
2.227710e-06
2.226065e-06
2.224421e-06
2.258761e-06
2.221137e-06
2.219496e-06
2.217857e-06
2.216219e-06
2.250355e-06
2.212948e-06
2.211313e-06
2.209680e-06
2.208048e-06
2.241990e-06
2.204789e-06
2.203160e-06
2.201533e-06
2.199908e-06
2.233664e-06
2.196660e-06
2.195038e-06
2.193417e-06
2.191797e-06
2.225377e-06
2.188561e-06
2.186945e-06
2.185330e-06
2.183717e-06
2.217130e-06
2.180493e-06
2.178883e-06
2.177274e-06
2.175666e-06
2.208921e-06
2.172455e-06
2.170851e-06
2.169248e-06
2.167646e-06
2.200752e-06
2.164446e-06
2.162848e-06
2.161251e-06
2.159655e-06
2.192621e-06
2.156468e-06
2.154875e-06
2.153284e-06
2.151695e-06
2.184528e-06
2.148519e-06
2.146932e-06
2.145347e-06
2.143763e-06
2.176473e-06
2.140599e-06
2.139019e-06
2.137440e-06
2.135862e-06
2.168457e-06
2.132709e-06
2.131135e-06
2.129562e-06
2.127989e-06
2.160478e-06
2.124849e-06
2.123280e-06
2.121713e-06
2.120147e-06
2.152536e-06
2.117018e-06
2.115455e-06
2.113893e-06
2.112333e-06
2.144631e-06
2.109216e-06
2.107659e-06
2.106103e-06
2.104548e-06
2.136764e-06
2.101443e-06
2.099892e-06
2.098342e-06
2.096793e-06
2.128934e-06
2.093699e-06
2.092154e-06
2.090609e-06
2.089066e-06
2.121140e-06
2.085984e-06
2.084444e-06
2.082906e-06
2.081369e-06
2.113382e-06
2.078298e-06
2.076764e-06
2.075231e-06
2.073700e-06
2.105661e-06
2.070640e-06
2.069112e-06
2.067585e-06
2.066059e-06
2.097975e-06
2.063011e-06
2.061489e-06
2.059967e-06
2.058447e-06
2.090326e-06
2.055411e-06
2.053894e-06
2.052378e-06
2.050864e-06
2.082712e-06
2.047839e-06
2.046328e-06
2.044818e-06
2.043309e-06
2.075133e-06
2.040295e-06
2.038790e-06
2.037285e-06
2.035782e-06
2.067589e-06
2.032779e-06
2.031280e-06
2.029781e-06
2.028283e-06
2.060081e-06
2.025292e-06
2.023798e-06
2.022305e-06
2.020813e-06
2.052607e-06
2.017833e-06
2.016344e-06
2.014856e-06
2.013370e-06
2.045168e-06
2.010401e-06
2.008918e-06
2.007436e-06
2.005955e-06
2.037763e-06
2.002997e-06
2.001520e-06
2.000043e-06
1.998568e-06
2.030392e-06
1.995621e-06
1.994149e-06
1.992678e-06
1.991209e-06
2.023056e-06
1.988273e-06
1.986806e-06
1.985341e-06
1.983877e-06
2.015753e-06
1.980952e-06
1.979491e-06
1.978031e-06
1.976573e-06
2.008484e-06
1.973659e-06
1.972203e-06
1.970749e-06
1.969295e-06
2.001248e-06
1.966393e-06
1.964942e-06
1.963494e-06
1.962046e-06
1.994046e-06
1.959154e-06
1.957709e-06
1.956266e-06
1.954823e-06
1.986876e-06
1.951942e-06
1.950503e-06
1.949065e-06
1.947628e-06
1.979740e-06
1.944757e-06
1.943323e-06
1.941891e-06
1.940459e-06
1.972636e-06
1.937599e-06
1.936171e-06
1.934744e-06
1.933318e-06
1.965565e-06
1.930469e-06
1.929046e-06
1.927624e-06
1.926203e-06
1.958526e-06
1.923364e-06
1.921947e-06
1.920530e-06
1.919115e-06
1.951519e-06
1.916287e-06
1.914875e-06
1.913463e-06
1.912053e-06
1.944544e-06
1.909236e-06
1.907829e-06
1.906423e-06
1.905018e-06
1.937601e-06
1.902212e-06
1.900810e-06
1.899409e-06
1.898010e-06
1.930689e-06
1.895214e-06
1.893817e-06
1.892422e-06
1.891027e-06
1.923809e-06
1.888242e-06
1.886851e-06
1.885460e-06
1.884071e-06
1.916960e-06
1.881296e-06
1.879910e-06
1.878525e-06
1.877141e-06
1.910143e-06
1.874377e-06
1.872996e-06
1.871616e-06
1.870238e-06
1.903356e-06
1.867484e-06
1.866108e-06
1.864733e-06
1.863360e-06
1.896600e-06
1.860616e-06
1.859246e-06
1.857876e-06
1.856508e-06
1.889875e-06
1.853774e-06
1.852409e-06
1.851045e-06
1.849682e-06
1.883180e-06
1.846959e-06
1.845598e-06
1.844239e-06
1.842881e-06
1.876515e-06
1.840168e-06
1.838813e-06
1.837459e-06
1.836106e-06
1.869880e-06
1.833404e-06
1.832054e-06
1.830705e-06
1.829357e-06
1.863275e-06
1.826664e-06
1.825319e-06
1.823975e-06
1.822633e-06
1.856700e-06
1.819950e-06
1.818611e-06
1.817272e-06
1.815934e-06
1.850155e-06
1.813262e-06
1.811927e-06
1.810593e-06
1.809260e-06
1.843639e-06
1.806598e-06
1.805269e-06
1.803940e-06
1.802612e-06
1.837152e-06
1.799960e-06
1.798635e-06
1.797312e-06
1.795989e-06
1.830695e-06
1.793500e-06
1.792027e-06
1.790708e-06
1.789390e-06
1.824266e-06
1.787204e-06
1.785443e-06
1.784130e-06
1.782817e-06
1.817866e-06
1.780935e-06
1.778885e-06
1.777576e-06
1.776268e-06
1.811495e-06
1.774695e-06
1.772351e-06
1.771047e-06
1.769744e-06
1.805152e-06
1.768483e-06
1.765842e-06
1.764543e-06
1.763245e-06
1.798838e-06
1.762299e-06
1.759357e-06
1.758063e-06
1.756770e-06
1.792552e-06
1.756142e-06
1.752897e-06
1.751608e-06
1.750319e-06
1.786294e-06
1.750012e-06
1.746461e-06
1.745177e-06
1.743893e-06
1.780063e-06
1.743910e-06
1.740049e-06
1.738770e-06
1.737491e-06
1.773861e-06
1.737835e-06
1.733662e-06
1.732387e-06
1.731114e-06
1.767686e-06
1.731787e-06
1.727299e-06
1.726029e-06
1.724760e-06
1.761538e-06
1.725766e-06
1.720959e-06
1.719694e-06
1.718430e-06
1.755418e-06
1.719771e-06
1.714644e-06
1.713384e-06
1.712124e-06
1.749324e-06
1.713803e-06
1.708353e-06
1.707097e-06
1.705842e-06
1.743258e-06
1.707862e-06
1.702085e-06
1.700834e-06
1.699584e-06
1.737219e-06
1.701947e-06
1.695841e-06
1.694595e-06
1.693350e-06
1.731206e-06
1.696057e-06
1.689620e-06
1.688379e-06
1.687139e-06
1.725220e-06
1.690194e-06
1.683423e-06
1.682187e-06
1.680951e-06
1.719260e-06
1.684357e-06
1.677250e-06
1.676018e-06
1.674787e-06
1.713326e-06
1.678546e-06
1.671100e-06
1.669872e-06
1.668646e-06
1.707419e-06
1.672760e-06
1.664973e-06
1.663750e-06
1.662528e-06
1.701538e-06
1.666999e-06
1.658869e-06
1.657651e-06
1.656434e-06
1.695682e-06
1.661264e-06
1.652788e-06
1.651575e-06
1.650362e-06
1.689852e-06
1.655554e-06
1.646730e-06
1.645521e-06
1.644313e-06
1.684048e-06
1.649869e-06
1.640695e-06
1.639491e-06
1.638288e-06
1.678269e-06
1.644209e-06
1.634683e-06
1.633484e-06
1.632285e-06
1.672515e-06
1.638573e-06
1.628694e-06
1.627499e-06
1.626305e-06
1.666787e-06
1.632962e-06
1.622727e-06
1.621537e-06
1.620347e-06
1.661084e-06
1.627376e-06
1.616783e-06
1.615597e-06
1.614412e-06
1.655405e-06
1.621814e-06
1.610862e-06
1.609680e-06
1.608499e-06
1.649752e-06
1.616277e-06
1.604963e-06
1.603786e-06
1.602609e-06
1.644122e-06
1.610763e-06
1.599086e-06
1.597913e-06
1.596741e-06
1.638518e-06
1.605274e-06
1.593231e-06
1.592063e-06
1.590896e-06
1.632938e-06
1.599808e-06
1.587399e-06
1.586235e-06
1.585072e-06
1.627382e-06
1.594366e-06
1.581589e-06
1.580429e-06
1.579271e-06
1.621850e-06
1.588948e-06
1.575800e-06
1.574645e-06
1.573491e-06
1.616342e-06
1.583553e-06
1.570034e-06
1.568883e-06
1.567733e-06
1.610858e-06
1.578182e-06
1.564289e-06
1.563143e-06
1.561997e-06
1.605398e-06
1.572834e-06
1.558567e-06
1.557424e-06
1.556283e-06
1.599961e-06
1.567509e-06
1.552865e-06
1.551728e-06
1.550591e-06
1.594548e-06
1.562207e-06
1.547186e-06
1.546052e-06
1.544920e-06
1.589158e-06
1.556928e-06
1.541528e-06
1.540399e-06
1.539271e-06
1.583792e-06
1.551671e-06
1.535891e-06
1.534766e-06
1.533643e-06
1.578448e-06
1.546438e-06
1.530276e-06
1.529156e-06
1.528036e-06
1.573128e-06
1.541226e-06
1.524682e-06
1.523566e-06
1.522450e-06
1.567831e-06
1.536038e-06
1.519109e-06
1.517997e-06
1.516886e-06
1.562556e-06
1.530871e-06
1.513558e-06
1.512450e-06
1.511343e-06
1.557304e-06
1.525727e-06
1.508027e-06
1.506924e-06
1.505821e-06
1.552074e-06
1.520604e-06
1.502518e-06
1.501418e-06
1.500320e-06
1.546867e-06
1.515504e-06
1.497029e-06
1.495934e-06
1.494839e-06
1.541682e-06
1.510426e-06
1.491623e-06
1.490470e-06
1.489380e-06
1.536519e-06
1.505369e-06
1.486630e-06
1.485027e-06
1.483941e-06
1.531379e-06
1.500334e-06
1.481658e-06
1.479604e-06
1.478522e-06
1.526260e-06
1.495320e-06
1.476708e-06
1.474203e-06
1.473125e-06
1.521163e-06
1.490328e-06
1.471779e-06
1.468821e-06
1.467747e-06
1.516088e-06
1.485356e-06
1.466871e-06
1.463460e-06
1.462391e-06
1.511035e-06
1.480407e-06
1.461984e-06
1.458120e-06
1.457054e-06
1.506003e-06
1.475478e-06
1.457117e-06
1.452799e-06
1.451738e-06
1.500992e-06
1.470570e-06
1.452272e-06
1.447499e-06
1.446442e-06
1.496003e-06
1.465683e-06
1.447447e-06
1.442219e-06
1.441166e-06
1.491035e-06
1.460817e-06
1.442642e-06
1.436959e-06
1.435910e-06
1.486087e-06
1.455971e-06
1.437857e-06
1.431719e-06
1.430673e-06
1.481161e-06
1.451146e-06
1.433093e-06
1.426499e-06
1.425457e-06
1.476256e-06
1.446341e-06
1.428349e-06
1.421299e-06
1.420261e-06
1.471371e-06
1.441556e-06
1.423625e-06
1.416118e-06
1.415084e-06
1.466507e-06
1.436792e-06
1.418921e-06
1.410957e-06
1.409927e-06
1.461664e-06
1.432048e-06
1.414237e-06
1.405816e-06
1.404790e-06
1.456841e-06
1.427324e-06
1.409573e-06
1.400694e-06
1.399672e-06
1.452038e-06
1.422619e-06
1.404928e-06
1.395591e-06
1.394573e-06
1.447256e-06
1.417935e-06
1.400303e-06
1.390508e-06
1.389700e-06
1.442493e-06
1.413270e-06
1.395697e-06
1.385566e-06
1.385131e-06
1.437751e-06
1.408625e-06
1.391111e-06
1.381014e-06
1.380581e-06
1.433029e-06
1.403999e-06
1.386543e-06
1.376481e-06
1.376050e-06
1.428326e-06
1.399393e-06
1.381995e-06
1.371967e-06
1.371538e-06
1.423643e-06
1.394806e-06
1.377466e-06
1.367472e-06
1.367045e-06
1.418980e-06
1.390238e-06
1.372956e-06
1.362995e-06
1.362571e-06
1.414336e-06
1.385689e-06
1.368465e-06
1.358537e-06
1.358115e-06
1.409711e-06
1.381160e-06
1.363993e-06
1.354098e-06
1.353678e-06
1.405106e-06
1.376649e-06
1.359539e-06
1.349678e-06
1.349260e-06
1.400520e-06
1.372157e-06
1.355104e-06
1.345275e-06
1.344860e-06
1.395953e-06
1.367683e-06
1.350687e-06
1.340892e-06
1.340478e-06
1.391406e-06
1.363229e-06
1.346288e-06
1.336526e-06
1.336114e-06
1.386877e-06
1.358793e-06
1.341908e-06
1.332178e-06
1.331769e-06
1.382367e-06
1.354375e-06
1.337546e-06
1.327849e-06
1.327442e-06
1.377875e-06
1.349975e-06
1.333203e-06
1.323538e-06
1.323132e-06
1.373403e-06
1.345594e-06
1.328877e-06
1.319244e-06
1.318841e-06
1.368949e-06
1.341231e-06
1.324569e-06
1.314968e-06
1.314567e-06
1.364513e-06
1.336886e-06
1.320279e-06
1.310710e-06
1.310311e-06
1.360096e-06
1.332560e-06
1.316007e-06
1.306470e-06
1.306073e-06
1.355696e-06
1.328250e-06
1.311752e-06
1.302247e-06
1.301852e-06
1.351316e-06
1.323959e-06
1.307515e-06
1.298041e-06
1.297648e-06
1.346953e-06
1.319686e-06
1.303295e-06
1.293853e-06
1.293462e-06
1.342608e-06
1.315430e-06
1.299093e-06
1.289682e-06
1.289293e-06
1.338281e-06
1.311191e-06
1.294908e-06
1.285528e-06
1.285141e-06
1.333972e-06
1.306970e-06
1.290741e-06
1.281392e-06
1.281007e-06
1.329680e-06
1.302767e-06
1.286590e-06
1.277272e-06
1.276889e-06
1.325407e-06
1.298580e-06
1.282457e-06
1.273169e-06
1.272788e-06
1.321150e-06
1.294411e-06
1.278340e-06
1.269083e-06
1.268704e-06
1.316912e-06
1.290259e-06
1.274240e-06
1.265014e-06
1.264637e-06
1.312690e-06
1.286124e-06
1.270158e-06
1.260962e-06
1.260587e-06
1.308486e-06
1.282006e-06
1.266091e-06
1.256926e-06
1.256553e-06
1.304299e-06
1.277905e-06
1.262042e-06
1.252906e-06
1.252535e-06
1.300130e-06
1.273820e-06
1.258009e-06
1.248904e-06
1.248534e-06
1.295977e-06
1.269752e-06
1.253993e-06
1.244917e-06
1.244549e-06
1.291841e-06
1.265701e-06
1.249992e-06
1.240946e-06
1.240581e-06
1.287722e-06
1.261667e-06
1.246009e-06
1.236992e-06
1.236628e-06
1.283620e-06
1.257648e-06
1.242041e-06
1.233054e-06
1.232692e-06
1.279534e-06
1.253646e-06
1.238090e-06
1.229132e-06
1.228772e-06
1.275466e-06
1.249661e-06
1.234154e-06
1.225226e-06
1.224867e-06
1.271413e-06
1.245691e-06
1.230235e-06
1.221336e-06
1.220979e-06
1.267377e-06
1.241738e-06
1.226331e-06
1.217461e-06
1.217106e-06
1.263358e-06
1.237801e-06
1.222444e-06
1.213602e-06
1.213249e-06
1.259355e-06
1.233879e-06
1.218572e-06
1.209759e-06
1.209408e-06
1.255368e-06
1.229974e-06
1.214715e-06
1.205932e-06
1.205582e-06
1.251397e-06
1.226084e-06
1.210875e-06
1.202119e-06
1.201772e-06
1.247442e-06
1.222210e-06
1.207050e-06
1.198323e-06
1.197977e-06
1.243503e-06
1.218352e-06
1.203240e-06
1.194541e-06
1.194197e-06
1.239580e-06
1.214509e-06
1.199446e-06
1.190775e-06
1.190433e-06
1.235673e-06
1.210682e-06
1.195667e-06
1.187024e-06
1.186683e-06
1.231782e-06
1.206870e-06
1.191903e-06
1.183288e-06
1.182949e-06
1.227906e-06
1.203073e-06
1.188154e-06
1.179567e-06
1.179230e-06
1.224046e-06
1.199292e-06
1.184421e-06
1.175861e-06
1.175526e-06
1.220202e-06
1.195526e-06
1.180702e-06
1.172170e-06
1.171837e-06
1.216372e-06
1.191775e-06
1.176998e-06
1.168494e-06
1.168162e-06
1.212559e-06
1.188039e-06
1.173309e-06
1.164833e-06
1.164502e-06
1.208760e-06
1.184318e-06
1.169635e-06
1.161186e-06
1.160857e-06
1.204977e-06
1.180612e-06
1.165976e-06
1.157554e-06
1.157227e-06
1.201209e-06
1.176921e-06
1.162331e-06
1.153936e-06
1.153611e-06
1.197455e-06
1.173245e-06
1.158701e-06
1.150333e-06
1.150009e-06
1.193717e-06
1.169583e-06
1.155086e-06
1.146744e-06
1.146422e-06
1.189994e-06
1.165936e-06
1.151484e-06
1.143169e-06
1.142849e-06
1.186286e-06
1.162303e-06
1.147898e-06
1.139609e-06
1.139290e-06
1.182592e-06
1.158685e-06
1.144325e-06
1.136063e-06
1.135746e-06
1.178913e-06
1.155081e-06
1.140767e-06
1.132531e-06
1.132215e-06
1.175249e-06
1.151492e-06
1.137222e-06
1.129013e-06
1.128699e-06
1.171600e-06
1.147917e-06
1.133692e-06
1.125509e-06
1.125197e-06
1.167964e-06
1.144356e-06
1.130176e-06
1.122019e-06
1.121708e-06
1.164344e-06
1.140809e-06
1.126674e-06
1.118543e-06
1.118233e-06
1.160737e-06
1.137276e-06
1.123186e-06
1.115080e-06
1.114772e-06
1.157145e-06
1.133757e-06
1.119711e-06
1.111632e-06
1.111325e-06
1.153567e-06
1.130252e-06
1.116250e-06
1.108197e-06
1.107892e-06
1.150004e-06
1.126762e-06
1.112803e-06
1.104775e-06
1.104472e-06
1.146454e-06
1.123284e-06
1.109370e-06
1.101367e-06
1.101065e-06
1.142918e-06
1.119821e-06
1.105950e-06
1.097972e-06
1.097672e-06
1.139397e-06
1.116371e-06
1.102544e-06
1.094591e-06
1.094292e-06
1.135889e-06
1.112935e-06
1.099151e-06
1.091223e-06
1.090926e-06
1.132395e-06
1.109512e-06
1.095771e-06
1.087869e-06
1.087573e-06
1.128915e-06
1.106103e-06
1.092405e-06
1.084527e-06
1.084233e-06
1.125448e-06
1.102707e-06
1.089052e-06
1.081199e-06
1.080906e-06
1.121995e-06
1.099325e-06
1.085712e-06
1.077884e-06
1.077592e-06
1.118556e-06
1.095955e-06
1.082385e-06
1.074582e-06
1.074292e-06
1.115130e-06
1.092599e-06
1.079071e-06
1.071292e-06
1.071004e-06
1.111718e-06
1.089257e-06
1.075770e-06
1.068016e-06
1.067729e-06
1.108319e-06
1.085927e-06
1.072483e-06
1.064752e-06
1.064467e-06
1.104933e-06
1.082610e-06
1.069208e-06
1.061502e-06
1.061217e-06
1.101560e-06
1.079306e-06
1.065945e-06
1.058263e-06
1.057981e-06
1.098201e-06
1.076016e-06
1.062696e-06
1.055038e-06
1.054757e-06
1.094855e-06
1.072738e-06
1.059459e-06
1.051825e-06
1.051545e-06
1.091521e-06
1.069472e-06
1.056235e-06
1.048625e-06
1.048346e-06
1.088201e-06
1.066220e-06
1.053023e-06
1.045437e-06
1.045160e-06
1.084894e-06
1.062980e-06
1.049824e-06
1.042261e-06
1.041986e-06
1.081599e-06
1.059753e-06
1.046637e-06
1.039098e-06
1.038824e-06
1.078318e-06
1.056538e-06
1.043463e-06
1.035947e-06
1.035674e-06
1.075049e-06
1.053336e-06
1.040301e-06
1.032809e-06
1.032537e-06
1.071793e-06
1.050146e-06
1.037151e-06
1.029682e-06
1.029412e-06
1.068549e-06
1.046968e-06
1.034014e-06
1.026568e-06
1.026299e-06
1.065318e-06
1.043803e-06
1.030888e-06
1.023466e-06
1.023198e-06
1.062100e-06
1.040650e-06
1.027775e-06
1.020375e-06
1.020109e-06
1.058894e-06
1.037510e-06
1.024674e-06
1.017297e-06
1.017032e-06
1.055700e-06
1.034381e-06
1.021585e-06
1.014231e-06
1.013967e-06
1.052519e-06
1.031265e-06
1.018507e-06
1.011176e-06
1.010914e-06
1.049350e-06
1.028160e-06
1.015442e-06
1.008133e-06
1.007872e-06
1.046193e-06
1.025068e-06
1.012388e-06
1.005102e-06
1.004842e-06
1.043048e-06
1.021987e-06
1.009346e-06
1.002082e-06
1.001824e-06
1.039915e-06
1.018918e-06
1.006316e-06
9.990747e-07
