7.811801e+00
6.245097e+00
4.482057e+00
3.171150e+00
2.340049e+00
1.913848e+00
1.695429e+00
1.499102e+00
1.352422e+00
1.226667e+00
1.130556e+00
1.050864e+00
9.842245e-01
9.274071e-01
8.791767e-01
8.359808e-01
8.012471e-01
7.732589e-01
7.461045e-01
7.210745e-01
6.979400e-01
6.759053e-01
6.556053e-01
6.370440e-01
6.197326e-01
6.032850e-01
5.876597e-01
5.729460e-01
5.591229e-01
5.460571e-01
5.336308e-01
5.219624e-01
5.108825e-01
5.003040e-01
4.902087e-01
4.805642e-01
4.713312e-01
4.624783e-01
4.539841e-01
4.458292e-01
4.379923e-01
4.304524e-01
4.231915e-01
4.161945e-01
4.094470e-01
4.029350e-01
3.966453e-01
3.905662e-01
3.846870e-01
3.789974e-01
3.734880e-01
3.681497e-01
3.629745e-01
3.579545e-01
3.530825e-01
3.483517e-01
3.437558e-01
3.392887e-01
3.349449e-01
3.307191e-01
3.266062e-01
3.226016e-01
3.187008e-01
3.148996e-01
3.111941e-01
3.075805e-01
3.040552e-01
3.006149e-01
2.972564e-01
2.939788e-01
2.907804e-01
2.876542e-01
2.845977e-01
2.816083e-01
2.786838e-01
2.758220e-01
2.730208e-01
2.702782e-01
2.675923e-01
2.649612e-01
2.623832e-01
2.598566e-01
2.573798e-01
2.549512e-01
2.525695e-01
2.502331e-01
2.479408e-01
2.456912e-01
2.434856e-01
2.413221e-01
2.391979e-01
2.371119e-01
2.350631e-01
2.330504e-01
2.310727e-01
2.291292e-01
2.272189e-01
2.253408e-01
2.234943e-01
2.216783e-01
2.198921e-01
2.181350e-01
2.164062e-01
2.147049e-01
2.130306e-01
2.113824e-01
2.097598e-01
2.081621e-01
2.065888e-01
2.050391e-01
2.035127e-01
2.020089e-01
2.005271e-01
1.990670e-01
1.976279e-01
1.962094e-01
1.948111e-01
1.934324e-01
1.920730e-01
1.907323e-01
1.894101e-01
1.881059e-01
1.868193e-01
1.855499e-01
1.842974e-01
1.830614e-01
1.818415e-01
1.806375e-01
1.794490e-01
1.782757e-01
1.771172e-01
1.759733e-01
1.748437e-01
1.737281e-01
1.726263e-01
1.715379e-01
1.704626e-01
1.694004e-01
1.683508e-01
1.673137e-01
1.662888e-01
1.652758e-01
1.642747e-01
1.632851e-01
1.623068e-01
1.613397e-01
1.603834e-01
1.594380e-01
1.585030e-01
1.575784e-01
1.566640e-01
1.557596e-01
1.548650e-01
1.539800e-01
1.531045e-01
1.522384e-01
1.513833e-01
1.505434e-01
1.497122e-01
1.488897e-01
1.480756e-01
1.472698e-01
1.464723e-01
1.456828e-01
1.449013e-01
1.441275e-01
1.433615e-01
1.426030e-01
1.418519e-01
1.411082e-01
1.403717e-01
1.396423e-01
1.389199e-01
1.382043e-01
1.374956e-01
1.367935e-01
1.360980e-01
1.354090e-01
1.347264e-01
1.340500e-01
1.333799e-01
1.327158e-01
1.320578e-01
1.314057e-01
1.307595e-01
1.301190e-01
1.294842e-01
1.288550e-01
1.282314e-01
1.276131e-01
1.270003e-01
1.263927e-01
1.257904e-01
1.251932e-01
1.246011e-01
1.240141e-01
1.234319e-01
1.228547e-01
1.222822e-01
1.217146e-01
1.211516e-01
1.205959e-01
1.200485e-01
1.195055e-01
1.189669e-01
1.184326e-01
1.179026e-01
1.173768e-01
1.168552e-01
1.163376e-01
1.158241e-01
1.153147e-01
1.148091e-01
1.143075e-01
1.138097e-01
1.133158e-01
1.128256e-01
1.123391e-01
1.118563e-01
1.113772e-01
1.109016e-01
1.104296e-01
1.099611e-01
1.094960e-01
1.090344e-01
1.085761e-01
1.081212e-01
1.076696e-01
1.072212e-01
1.067761e-01
1.063342e-01
1.058955e-01
1.054598e-01
1.050273e-01
1.045978e-01
1.041713e-01
1.037478e-01
1.033273e-01
1.029097e-01
1.024950e-01
1.020831e-01
1.016741e-01
1.012678e-01
1.008644e-01
1.004667e-01
1.000735e-01
9.968300e-02
9.929507e-02
9.890971e-02
9.852690e-02
9.814659e-02
9.776878e-02
9.739343e-02
9.702052e-02
9.665003e-02
9.628192e-02
9.591618e-02
9.555279e-02
9.519171e-02
9.483293e-02
9.447642e-02
9.412216e-02
9.377013e-02
9.342030e-02
9.307266e-02
9.272719e-02
9.238385e-02
9.204264e-02
9.170353e-02
9.136650e-02
9.103154e-02
9.069861e-02
9.036771e-02
9.003881e-02
8.971190e-02
8.938695e-02
8.906395e-02
8.874288e-02
8.842373e-02
8.810646e-02
8.779108e-02
8.747755e-02
8.716587e-02
8.685602e-02
8.654797e-02
8.624172e-02
8.593724e-02
8.563453e-02
8.533484e-02
8.503926e-02
8.474537e-02
8.445313e-02
8.416254e-02
8.387358e-02
8.358624e-02
8.330050e-02
8.301635e-02
8.273377e-02
8.245276e-02
8.217330e-02
8.189537e-02
8.161897e-02
8.134407e-02
8.107068e-02
8.079876e-02
8.052832e-02
8.025934e-02
7.999181e-02
7.972572e-02
7.946104e-02
7.919779e-02
7.893593e-02
7.867546e-02
7.841637e-02
7.815865e-02
7.790228e-02
7.764726e-02
7.739357e-02
7.714121e-02
7.689016e-02
7.664041e-02
7.639196e-02
7.614478e-02
7.589888e-02
7.565424e-02
7.541086e-02
7.516872e-02
7.492781e-02
7.468812e-02
7.444965e-02
7.421238e-02
7.397630e-02
7.374142e-02
7.350771e-02
7.327517e-02
7.304379e-02
7.281439e-02
7.258798e-02
7.236268e-02
7.213847e-02
7.191536e-02
7.169332e-02
7.147236e-02
7.125246e-02
7.103362e-02
7.081584e-02
7.059909e-02
7.038338e-02
7.016869e-02
6.995503e-02
6.974238e-02
6.953073e-02
6.932009e-02
6.911043e-02
6.890176e-02
6.869406e-02
6.848734e-02
6.828157e-02
6.807677e-02
6.787291e-02
6.767000e-02
6.746803e-02
6.726698e-02
6.706686e-02
6.686766e-02
6.666936e-02
6.647197e-02
6.627548e-02
6.607989e-02
6.588518e-02
6.569134e-02
6.549839e-02
6.530630e-02
6.511508e-02
6.492471e-02
6.473519e-02
6.454652e-02
6.435869e-02
6.417169e-02
6.398552e-02
6.380017e-02
6.361564e-02
6.343193e-02
6.324902e-02
6.306691e-02
6.288560e-02
6.270508e-02
6.252535e-02
6.234639e-02
6.216822e-02
6.199113e-02
6.181639e-02
6.164239e-02
6.146913e-02
6.129661e-02
6.112481e-02
6.095374e-02
6.078338e-02
6.061374e-02
6.044482e-02
6.027660e-02
6.010908e-02
5.994226e-02
5.977613e-02
5.961069e-02
5.944593e-02
5.928186e-02
5.911846e-02
5.895574e-02
5.879368e-02
5.863229e-02
5.847155e-02
5.831147e-02
5.815205e-02
5.799327e-02
5.783514e-02
5.767765e-02
5.752079e-02
5.736457e-02
5.720898e-02
5.705401e-02
5.689966e-02
5.674594e-02
5.659282e-02
5.644032e-02
5.628842e-02
5.613713e-02
5.598644e-02
5.583634e-02
5.568684e-02
5.553792e-02
5.538960e-02
5.524185e-02
5.509469e-02
5.494810e-02
5.480208e-02
5.465664e-02
5.451176e-02
5.436744e-02
5.422369e-02
5.408049e-02
5.393784e-02
5.379574e-02
5.365420e-02
5.351319e-02
5.337273e-02
5.323280e-02
5.309341e-02
5.295456e-02
5.281623e-02
5.267843e-02
5.254115e-02
5.240439e-02
5.226815e-02
5.213351e-02
5.199957e-02
5.186614e-02
5.173320e-02
5.160075e-02
5.146879e-02
5.133732e-02
5.120633e-02
5.107583e-02
5.094580e-02
5.081625e-02
5.068718e-02
5.055857e-02
5.043044e-02
5.030277e-02
5.017557e-02
5.004883e-02
4.992254e-02
4.979672e-02
4.967135e-02
4.954643e-02
4.942196e-02
4.929794e-02
4.917436e-02
4.905123e-02
4.892853e-02
4.880628e-02
4.868446e-02
4.856307e-02
4.844212e-02
4.832160e-02
4.820150e-02
4.808183e-02
4.796258e-02
4.784375e-02
4.772534e-02
4.760734e-02
4.748976e-02
4.737260e-02
4.725584e-02
4.713949e-02
4.702355e-02
4.690801e-02
4.679287e-02
4.667813e-02
4.656380e-02
4.644985e-02
4.633630e-02
4.622315e-02
4.611038e-02
4.599800e-02
4.588601e-02
4.577440e-02
4.566317e-02
4.555233e-02
4.544186e-02
4.533177e-02
4.522206e-02
4.511272e-02
4.500375e-02
4.489515e-02
4.478692e-02
4.467905e-02
4.457155e-02
4.446441e-02
4.435764e-02
4.425122e-02
4.414516e-02
4.403945e-02
4.393410e-02
4.382910e-02
4.372445e-02
4.362015e-02
4.351620e-02
4.341260e-02
4.330933e-02
4.320641e-02
4.310450e-02
4.300308e-02
4.290200e-02
4.280124e-02
4.270081e-02
4.260071e-02
4.250093e-02
4.240147e-02
4.230234e-02
4.220352e-02
4.210503e-02
4.200685e-02
4.190899e-02
4.181144e-02
4.171421e-02
4.161729e-02
4.152068e-02
4.142438e-02
4.132838e-02
4.123269e-02
4.113731e-02
4.104223e-02
4.094745e-02
4.085297e-02
4.075879e-02
4.066491e-02
4.057133e-02
4.047804e-02
4.038505e-02
4.029234e-02
4.019993e-02
4.010781e-02
4.001598e-02
3.992444e-02
3.983318e-02
3.974221e-02
3.965152e-02
3.956112e-02
3.947100e-02
3.938115e-02
3.929159e-02
3.920230e-02
3.911329e-02
3.902455e-02
3.893609e-02
3.884791e-02
3.875999e-02
3.867234e-02
3.858497e-02
3.849786e-02
3.841102e-02
3.832445e-02
3.823814e-02
3.815209e-02
3.806631e-02
3.798078e-02
3.789552e-02
3.781052e-02
3.772578e-02
3.764129e-02
3.755706e-02
3.747309e-02
3.738936e-02
3.730589e-02
3.722268e-02
3.713971e-02
3.705699e-02
3.697453e-02
3.689230e-02
3.681033e-02
3.672860e-02
3.664712e-02
3.656588e-02
3.648488e-02
3.640412e-02
3.632361e-02
3.624333e-02
3.616329e-02
3.608349e-02
3.600393e-02
3.592460e-02
3.584550e-02
3.576664e-02
3.568802e-02
3.560962e-02
3.553145e-02
3.545352e-02
3.537581e-02
3.529834e-02
3.522108e-02
3.514406e-02
3.506726e-02
3.499068e-02
3.491433e-02
3.483820e-02
3.476229e-02
3.468661e-02
3.461114e-02
3.453634e-02
3.446180e-02
3.438747e-02
3.431336e-02
3.423946e-02
3.416576e-02
3.409228e-02
3.401901e-02
3.394594e-02
3.387309e-02
3.380044e-02
3.372800e-02
3.365576e-02
3.358373e-02
3.351190e-02
3.344027e-02
3.336885e-02
3.329762e-02
3.322660e-02
3.315578e-02
3.308516e-02
3.301473e-02
3.294451e-02
3.287448e-02
3.280464e-02
3.273500e-02
3.266556e-02
3.259631e-02
3.252725e-02
3.245839e-02
3.238971e-02
3.232123e-02
3.225294e-02
3.218484e-02
3.211693e-02
3.204920e-02
3.198166e-02
3.191431e-02
3.184715e-02
3.178017e-02
3.171337e-02
3.164676e-02
3.158033e-02
3.151408e-02
3.144802e-02
3.138214e-02
3.131643e-02
3.125091e-02
3.118557e-02
3.112040e-02
3.105542e-02
3.099061e-02
3.092597e-02
3.086151e-02
3.079723e-02
3.073312e-02
3.066919e-02
3.060543e-02
3.054184e-02
3.047842e-02
3.041518e-02
3.035211e-02
3.028920e-02
3.022647e-02
3.016390e-02
3.010150e-02
3.003927e-02
2.997721e-02
2.991532e-02
2.985359e-02
2.979202e-02
2.973062e-02
2.966939e-02
2.960831e-02
2.954740e-02
2.948666e-02
2.942607e-02
2.936565e-02
2.930538e-02
2.924528e-02
2.918533e-02
2.912555e-02
2.906592e-02
2.900645e-02
2.894714e-02
2.888798e-02
2.882898e-02
2.877014e-02
2.871145e-02
2.865291e-02
2.859453e-02
2.853630e-02
2.847823e-02
2.842031e-02
2.836254e-02
2.830492e-02
2.824745e-02
2.819013e-02
2.813296e-02
2.807594e-02
2.801906e-02
2.796234e-02
2.790576e-02
2.784933e-02
2.779305e-02
2.773691e-02
2.768092e-02
2.762508e-02
2.756937e-02
2.751382e-02
2.745840e-02
2.740313e-02
2.734800e-02
2.729301e-02
2.723817e-02
2.718346e-02
2.712890e-02
2.707448e-02
2.702019e-02
2.696605e-02
2.691204e-02
2.685817e-02
2.680444e-02
2.675085e-02
2.669739e-02
2.664407e-02
2.659088e-02
2.653783e-02
2.648492e-02
2.643214e-02
2.637949e-02
2.632698e-02
2.627460e-02
2.622236e-02
2.617024e-02
2.611826e-02
2.606641e-02
2.601469e-02
2.596310e-02
2.591163e-02
2.586030e-02
2.580910e-02
2.575803e-02
2.570709e-02
2.565627e-02
2.560558e-02
2.555502e-02
2.550458e-02
2.545427e-02
2.540409e-02
2.535403e-02
2.530410e-02
2.525429e-02
2.520460e-02
2.515504e-02
2.510560e-02
2.505629e-02
2.500709e-02
2.495802e-02
2.490907e-02
2.486025e-02
2.481154e-02
2.476295e-02
2.471449e-02
2.466614e-02
2.461791e-02
2.456980e-02
2.452181e-02
2.447394e-02
2.442619e-02
2.437855e-02
2.433103e-02
2.428363e-02
2.423634e-02
2.418917e-02
2.414211e-02
2.409517e-02
2.404835e-02
2.400164e-02
2.395504e-02
2.390855e-02
2.386218e-02
2.381593e-02
2.376978e-02
2.372375e-02
2.367783e-02
2.363202e-02
2.358632e-02
2.354073e-02
2.349526e-02
2.344989e-02
2.340463e-02
2.335948e-02
2.331444e-02
2.326951e-02
2.322469e-02
2.317998e-02
2.313537e-02
2.309087e-02
2.304648e-02
2.300220e-02
2.295802e-02
2.291394e-02
2.286998e-02
2.282611e-02
2.278236e-02
2.273870e-02
2.269516e-02
2.265171e-02
2.260837e-02
2.256513e-02
2.252200e-02
2.247897e-02
2.243604e-02
2.239321e-02
2.235049e-02
2.230786e-02
2.226534e-02
2.222292e-02
2.218060e-02
2.213837e-02
2.209625e-02
2.205423e-02
2.201231e-02
2.197049e-02
2.192876e-02
2.188713e-02
2.184561e-02
2.180417e-02
2.176284e-02
2.172161e-02
2.168047e-02
2.163942e-02
2.159848e-02
2.155763e-02
2.151687e-02
2.147621e-02
2.143565e-02
2.139518e-02
2.135480e-02
2.131452e-02
2.127434e-02
2.123424e-02
2.119424e-02
2.115434e-02
2.111452e-02
2.107480e-02
2.103517e-02
2.099563e-02
2.095619e-02
2.091683e-02
2.087757e-02
2.083840e-02
2.079932e-02
2.076033e-02
2.072143e-02
2.068262e-02
2.064389e-02
2.060526e-02
2.056672e-02
2.052826e-02
2.048990e-02
2.045162e-02
2.041343e-02
2.037533e-02
2.033731e-02
2.029938e-02
2.026154e-02
2.022379e-02
2.018612e-02
2.014854e-02
2.011104e-02
2.007363e-02
2.003631e-02
1.999907e-02
1.996192e-02
1.992485e-02
1.988786e-02
1.985096e-02
1.981414e-02
1.977741e-02
1.974076e-02
1.970419e-02
1.966770e-02
1.963130e-02
1.959498e-02
1.955874e-02
1.952259e-02
1.948652e-02
1.945052e-02
1.941461e-02
1.937878e-02
1.934303e-02
1.930736e-02
1.927178e-02
1.923627e-02
1.920084e-02
1.916549e-02
1.913022e-02
1.909503e-02
1.905992e-02
1.902489e-02
1.898993e-02
1.895506e-02
1.892026e-02
1.888554e-02
1.885090e-02
1.881633e-02
1.878184e-02
1.874743e-02
1.871310e-02
1.867884e-02
1.864466e-02
1.861055e-02
1.857652e-02
1.854257e-02
1.850869e-02
1.847488e-02
1.844116e-02
1.840750e-02
1.837392e-02
1.834042e-02
1.830699e-02
1.827363e-02
1.824034e-02
1.820714e-02
1.817400e-02
1.814093e-02
1.810794e-02
1.807503e-02
1.804218e-02
1.800941e-02
1.797671e-02
1.794408e-02
1.791152e-02
1.787903e-02
1.784662e-02
1.781427e-02
1.778200e-02
1.774980e-02
1.771767e-02
1.768560e-02
1.765361e-02
1.762169e-02
1.758984e-02
1.755806e-02
1.752634e-02
1.749470e-02
1.746312e-02
1.743162e-02
1.740018e-02
1.736881e-02
1.733751e-02
1.730627e-02
1.727511e-02
1.724401e-02
1.721298e-02
1.718202e-02
1.715112e-02
1.712029e-02
1.708953e-02
1.705883e-02
1.702820e-02
1.699764e-02
1.696714e-02
1.693671e-02
1.690634e-02
1.687604e-02
1.684580e-02
1.681563e-02
1.678552e-02
1.675548e-02
1.672551e-02
1.669559e-02
1.666574e-02
1.663596e-02
1.660624e-02
1.657658e-02
1.654699e-02
1.651746e-02
1.648799e-02
1.645859e-02
1.642925e-02
1.639997e-02
1.637075e-02
1.634160e-02
1.631251e-02
1.628348e-02
1.625451e-02
1.622560e-02
1.619676e-02
1.616797e-02
1.613925e-02
1.611059e-02
1.608199e-02
1.605345e-02
1.602497e-02
1.599655e-02
1.596819e-02
1.593989e-02
1.591165e-02
1.588347e-02
1.585535e-02
1.582729e-02
1.579929e-02
1.577135e-02
1.574346e-02
1.571564e-02
1.568787e-02
1.566016e-02
1.563252e-02
1.560492e-02
1.557739e-02
1.554991e-02
1.552250e-02
1.549514e-02
1.546783e-02
1.544059e-02
1.541340e-02
1.538627e-02
1.535919e-02
1.533217e-02
1.530521e-02
1.527830e-02
1.525146e-02
1.522466e-02
1.519792e-02
1.517124e-02
1.514462e-02
1.511804e-02
1.509153e-02
1.506507e-02
1.503866e-02
1.501231e-02
1.498602e-02
1.495977e-02
1.493359e-02
1.490745e-02
1.488138e-02
1.485535e-02
1.482938e-02
1.480346e-02
1.477760e-02
1.475179e-02
1.472603e-02
1.470033e-02
1.467468e-02
1.464908e-02
1.462354e-02
1.459805e-02
1.457261e-02
1.454722e-02
1.452189e-02
1.449660e-02
1.447137e-02
1.444619e-02
1.442107e-02
1.439599e-02
1.437097e-02
1.434599e-02
1.432107e-02
1.429620e-02
1.427138e-02
1.424661e-02
1.422189e-02
1.419723e-02
1.417261e-02
1.414804e-02
1.412352e-02
1.409906e-02
1.407464e-02
1.405027e-02
1.402596e-02
1.400169e-02
1.397747e-02
1.395330e-02
1.392918e-02
1.390511e-02
1.388109e-02
1.385711e-02
1.383319e-02
1.380931e-02
1.378548e-02
1.376170e-02
1.373797e-02
1.371429e-02
1.369065e-02
1.366706e-02
1.364352e-02
1.362003e-02
1.359659e-02
1.357319e-02
1.354984e-02
1.352653e-02
1.350328e-02
1.348007e-02
1.345690e-02
1.343379e-02
1.341072e-02
1.338769e-02
1.336472e-02
1.334179e-02
1.331890e-02
1.329606e-02
1.327327e-02
1.325052e-02
1.322782e-02
1.320516e-02
1.318255e-02
1.315998e-02
1.313746e-02
1.311499e-02
1.309256e-02
1.307017e-02
1.304783e-02
1.302553e-02
1.300328e-02
1.298107e-02
1.295891e-02
1.293679e-02
1.291471e-02
1.289268e-02
1.287070e-02
1.284875e-02
1.282685e-02
1.280499e-02
1.278318e-02
1.276141e-02
1.273968e-02
1.271800e-02
1.269636e-02
1.267476e-02
1.265321e-02
1.263169e-02
1.261022e-02
1.258880e-02
1.256741e-02
1.254607e-02
1.252477e-02
1.250351e-02
1.248229e-02
1.246112e-02
1.243998e-02
1.241889e-02
1.239784e-02
1.237683e-02
1.235587e-02
1.233494e-02
1.231406e-02
1.229321e-02
1.227241e-02
1.225165e-02
1.223093e-02
1.221024e-02
1.218960e-02
1.216901e-02
1.214845e-02
1.212793e-02
1.210745e-02
1.208701e-02
1.206661e-02
1.204625e-02
1.202593e-02
1.200565e-02
1.198541e-02
1.196521e-02
1.194505e-02
1.192493e-02
1.190485e-02
1.188481e-02
1.186480e-02
1.184484e-02
1.182491e-02
1.180502e-02
1.178517e-02
1.176536e-02
1.174559e-02
1.172586e-02
1.170616e-02
1.168650e-02
1.166689e-02
1.164730e-02
1.162776e-02
1.160826e-02
1.158879e-02
1.156936e-02
1.154997e-02
1.153061e-02
1.151130e-02
1.149202e-02
1.147277e-02
1.145357e-02
1.143440e-02
1.141527e-02
1.139617e-02
1.137712e-02
1.135809e-02
1.133911e-02
1.132016e-02
1.130125e-02
1.128238e-02
1.126354e-02
1.124473e-02
1.122597e-02
1.120724e-02
1.118854e-02
1.116988e-02
1.115126e-02
1.113267e-02
1.111412e-02
1.109561e-02
1.107713e-02
1.105868e-02
1.104027e-02
1.102190e-02
1.100356e-02
1.098525e-02
1.096698e-02
1.094875e-02
1.093055e-02
1.091238e-02
1.089425e-02
1.087616e-02
1.085809e-02
1.084007e-02
1.082207e-02
1.080412e-02
1.078619e-02
1.076830e-02
1.075044e-02
1.073262e-02
1.071483e-02
1.069708e-02
1.067936e-02
1.066167e-02
1.064402e-02
1.062640e-02
1.060881e-02
1.059125e-02
1.057373e-02
1.055625e-02
1.053879e-02
1.052137e-02
1.050398e-02
1.048663e-02
1.046930e-02
1.045201e-02
1.043476e-02
1.041753e-02
1.040034e-02
1.038318e-02
1.036605e-02
1.034896e-02
1.033189e-02
1.031486e-02
1.029786e-02
1.028090e-02
1.026396e-02
1.024706e-02
1.023019e-02
1.021335e-02
1.019654e-02
1.017976e-02
1.016302e-02
1.014630e-02
1.012962e-02
1.011297e-02
1.009635e-02
1.007976e-02
1.006320e-02
1.004667e-02
1.003018e-02
1.001371e-02
9.997278e-03
9.980874e-03
9.964501e-03
9.948158e-03
9.931846e-03
9.915564e-03
9.899313e-03
9.883092e-03
9.866901e-03
9.850741e-03
9.834610e-03
9.818510e-03
9.802439e-03
9.786399e-03
9.770388e-03
9.754407e-03
9.738455e-03
9.722534e-03
9.706641e-03
9.690779e-03
9.674945e-03
9.659141e-03
9.643367e-03
9.627621e-03
9.611905e-03
9.596218e-03
9.580560e-03
9.564931e-03
9.549330e-03
9.533759e-03
9.518216e-03
9.502703e-03
9.487217e-03
9.471761e-03
9.456333e-03
9.440933e-03
9.425562e-03
9.410219e-03
9.394904e-03
9.379618e-03
9.364360e-03
9.349129e-03
9.333927e-03
9.318753e-03
9.303607e-03
9.288489e-03
9.273398e-03
9.258335e-03
9.243300e-03
9.228292e-03
9.213312e-03
9.198359e-03
9.183434e-03
9.168537e-03
9.153666e-03
9.138823e-03
9.124007e-03
9.109218e-03
9.094456e-03
9.079721e-03
9.065013e-03
9.050332e-03
9.035678e-03
9.021050e-03
9.006450e-03
8.991876e-03
8.977328e-03
8.962807e-03
8.948313e-03
8.933845e-03
8.919403e-03
8.904988e-03
8.890599e-03
8.876236e-03
8.861899e-03
8.847588e-03
8.833304e-03
8.819045e-03
8.804813e-03
8.790606e-03
8.776425e-03
8.762269e-03
8.748140e-03
8.734036e-03
8.719957e-03
8.705905e-03
8.691877e-03
8.677875e-03
8.663899e-03
8.649947e-03
8.636021e-03
8.622121e-03
8.608245e-03
8.594394e-03
8.580569e-03
8.566768e-03
8.552993e-03
8.539242e-03
8.525516e-03
8.511815e-03
8.498139e-03
8.484487e-03
8.470860e-03
8.457257e-03
8.443679e-03
8.430126e-03
8.416597e-03
8.403092e-03
8.389611e-03
8.376155e-03
8.362723e-03
8.349315e-03
8.335931e-03
8.322572e-03
8.309236e-03
8.295924e-03
8.282636e-03
8.269372e-03
8.256132e-03
8.242916e-03
8.229723e-03
8.216554e-03
8.203408e-03
8.190286e-03
8.177187e-03
8.164112e-03
8.151061e-03
8.138032e-03
8.125027e-03
8.112046e-03
8.099087e-03
8.086152e-03
8.073239e-03
8.060350e-03
8.047484e-03
8.034640e-03
8.021820e-03
8.009022e-03
7.996248e-03
7.983496e-03
7.970766e-03
7.958060e-03
7.945376e-03
7.932715e-03
7.920076e-03
7.907459e-03
7.894865e-03
7.882294e-03
7.869745e-03
7.857218e-03
7.844713e-03
7.832231e-03
7.819770e-03
7.807332e-03
7.794916e-03
7.782522e-03
7.770150e-03
7.757800e-03
7.745471e-03
7.733165e-03
7.720880e-03
7.708617e-03
7.696376e-03
7.684156e-03
7.671958e-03
7.659782e-03
7.647627e-03
7.635493e-03
7.623381e-03
7.611291e-03
7.599222e-03
7.587174e-03
7.575147e-03
7.563141e-03
7.551157e-03
7.539194e-03
7.527252e-03
7.515331e-03
7.503431e-03
7.491551e-03
7.479693e-03
7.467856e-03
7.456039e-03
7.444243e-03
7.432468e-03
7.420714e-03
7.408980e-03
7.397267e-03
7.385575e-03
7.373903e-03
7.362251e-03
7.350620e-03
7.339010e-03
7.327419e-03
7.315849e-03
7.304300e-03
7.292770e-03
7.281261e-03
7.269772e-03
7.258303e-03
7.246854e-03
7.235425e-03
7.224016e-03
7.212627e-03
7.201258e-03
7.189908e-03
7.178579e-03
7.167269e-03
7.155979e-03
7.144709e-03
7.133459e-03
7.122228e-03
7.111017e-03
7.099825e-03
7.088653e-03
7.077500e-03
7.066366e-03
7.055252e-03
7.044158e-03
7.033082e-03
7.022026e-03
7.010990e-03
6.999972e-03
6.988973e-03
6.977994e-03
6.967034e-03
6.956093e-03
6.945170e-03
6.934267e-03
6.923383e-03
6.912517e-03
6.901670e-03
6.890843e-03
6.880034e-03
6.869243e-03
6.858472e-03
6.847719e-03
6.836984e-03
6.826268e-03
6.815571e-03
6.804892e-03
6.794232e-03
6.783590e-03
6.772967e-03
6.762362e-03
6.751775e-03
6.741207e-03
6.730656e-03
6.720124e-03
6.709611e-03
6.699115e-03
6.688637e-03
6.678178e-03
6.667736e-03
6.657313e-03
6.646907e-03
6.636520e-03
6.626150e-03
6.615798e-03
6.605464e-03
6.595148e-03
6.584850e-03
6.574569e-03
6.564306e-03
6.554060e-03
6.543832e-03
6.533622e-03
6.523429e-03
6.513254e-03
6.503096e-03
6.492956e-03
6.482833e-03
6.472728e-03
6.462639e-03
6.452568e-03
6.442515e-03
6.432478e-03
6.422459e-03
6.412457e-03
6.402472e-03
6.392504e-03
6.382553e-03
6.372619e-03
6.362702e-03
6.352803e-03
6.342920e-03
6.333054e-03
6.323204e-03
6.313372e-03
6.303556e-03
6.293758e-03
6.283976e-03
6.274210e-03
6.264461e-03
6.254729e-03
6.245014e-03
6.235315e-03
6.225632e-03
6.215966e-03
6.206317e-03
6.196684e-03
6.187067e-03
6.177467e-03
6.167883e-03
6.158315e-03
6.148764e-03
6.139229e-03
6.129710e-03
6.120207e-03
6.110721e-03
6.101250e-03
6.091796e-03
6.082358e-03
6.072935e-03
6.063529e-03
6.054139e-03
6.044764e-03
6.035406e-03
6.026063e-03
6.016736e-03
6.007425e-03
5.998130e-03
5.988850e-03
5.979586e-03
5.970338e-03
5.961106e-03
5.951889e-03
5.942688e-03
5.933502e-03
5.924332e-03
5.915177e-03
5.906038e-03
5.896914e-03
5.887806e-03
5.878713e-03
5.869635e-03
5.860573e-03
5.851526e-03
5.842494e-03
5.833477e-03
5.824476e-03
5.815490e-03
5.806519e-03
5.797563e-03
5.788622e-03
5.779696e-03
5.770786e-03
5.761890e-03
5.753009e-03
5.744143e-03
5.735292e-03
5.726456e-03
5.717635e-03
5.708829e-03
5.700037e-03
5.691260e-03
5.682498e-03
5.673751e-03
5.665018e-03
5.656300e-03
5.647597e-03
5.638908e-03
5.630234e-03
5.621574e-03
5.612929e-03
5.604299e-03
5.595683e-03
5.587081e-03
5.578494e-03
5.569921e-03
5.561362e-03
5.552818e-03
5.544288e-03
5.535772e-03
5.527271e-03
5.518783e-03
5.510310e-03
5.501851e-03
5.493407e-03
5.484976e-03
5.476559e-03
5.468157e-03
5.459768e-03
5.451394e-03
5.443033e-03
5.434687e-03
5.426354e-03
5.418035e-03
5.409730e-03
5.401439e-03
5.393162e-03
5.384899e-03
5.376649e-03
5.368413e-03
5.360191e-03
5.351982e-03
5.343787e-03
5.335606e-03
5.327438e-03
5.319284e-03
5.311144e-03
5.303017e-03
5.294903e-03
5.286803e-03
5.278717e-03
5.270644e-03
5.262584e-03
5.254538e-03
5.246505e-03
5.238485e-03
5.230479e-03
5.222486e-03
5.214506e-03
5.206539e-03
5.198586e-03
5.190646e-03
5.182719e-03
5.174805e-03
5.166904e-03
5.159016e-03
5.151142e-03
5.143280e-03
5.135431e-03
5.127596e-03
5.119773e-03
5.111963e-03
5.104166e-03
5.096382e-03
5.088611e-03
5.080853e-03
5.073107e-03
5.065375e-03
5.057655e-03
5.049948e-03
5.042253e-03
5.034571e-03
5.026902e-03
5.019246e-03
5.011602e-03
5.003971e-03
4.996352e-03
4.988746e-03
4.981153e-03
4.973572e-03
4.966003e-03
4.958447e-03
4.950903e-03
4.943372e-03
4.935853e-03
4.928347e-03
4.920852e-03
4.913371e-03
4.905901e-03
4.898444e-03
4.890999e-03
4.883566e-03
4.876145e-03
4.868737e-03
4.861341e-03
4.853957e-03
4.846585e-03
4.839225e-03
4.831877e-03
4.824541e-03
4.817218e-03
4.809906e-03
4.802606e-03
4.795318e-03
4.788043e-03
4.780779e-03
4.773527e-03
4.766286e-03
4.759058e-03
4.751842e-03
4.744637e-03
4.737444e-03
4.730263e-03
4.723094e-03
4.715936e-03
4.708790e-03
4.701656e-03
4.694533e-03
4.687422e-03
4.680323e-03
4.673235e-03
4.666159e-03
4.659094e-03
4.652041e-03
4.644999e-03
4.637969e-03
4.630951e-03
4.623943e-03
4.616948e-03
4.609963e-03
4.602990e-03
4.596029e-03
4.589078e-03
4.582139e-03
4.575212e-03
4.568295e-03
4.561390e-03
4.554496e-03
4.547613e-03
4.540742e-03
4.533882e-03
4.527032e-03
4.520194e-03
4.513367e-03
4.506552e-03
4.499747e-03
4.492953e-03
4.486170e-03
4.479399e-03
4.472638e-03
4.465888e-03
4.459150e-03
4.452422e-03
4.445705e-03
4.438999e-03
4.432304e-03
4.425619e-03
4.418946e-03
4.412283e-03
4.405632e-03
4.398991e-03
4.392360e-03
4.385741e-03
4.379132e-03
4.372534e-03
4.365946e-03
4.359369e-03
4.352803e-03
4.346248e-03
4.339703e-03
4.333168e-03
4.326644e-03
4.320131e-03
4.313628e-03
4.307136e-03
4.300654e-03
4.294183e-03
4.287722e-03
4.281272e-03
4.274832e-03
4.268402e-03
4.261983e-03
4.255574e-03
4.249176e-03
4.242788e-03
4.236410e-03
4.230042e-03
4.223685e-03
4.217337e-03
4.211001e-03
4.204674e-03
4.198357e-03
4.192051e-03
4.185755e-03
4.179469e-03
4.173193e-03
4.166927e-03
4.160671e-03
4.154426e-03
4.148190e-03
4.141964e-03
4.135749e-03
4.129543e-03
4.123347e-03
4.117162e-03
4.110986e-03
4.104820e-03
4.098664e-03
4.092518e-03
4.086382e-03
4.080255e-03
4.074139e-03
4.068032e-03
4.061935e-03
4.055848e-03
4.049771e-03
4.043703e-03
4.037645e-03
4.031597e-03
4.025558e-03
4.019529e-03
4.013510e-03
4.007501e-03
4.001501e-03
3.995510e-03
3.989530e-03
3.983558e-03
3.977597e-03
3.971645e-03
3.965702e-03
3.959769e-03
3.953845e-03
3.947931e-03
3.942027e-03
3.936131e-03
3.930245e-03
3.924369e-03
3.918502e-03
3.912644e-03
3.906796e-03
3.900957e-03
3.895127e-03
3.889307e-03
3.883496e-03
3.877694e-03
3.871902e-03
3.866118e-03
3.860344e-03
3.854579e-03
3.848824e-03
3.843077e-03
3.837340e-03
3.831611e-03
3.825892e-03
3.820182e-03
3.814481e-03
3.808789e-03
3.803107e-03
3.797433e-03
3.791768e-03
3.786112e-03
3.780466e-03
3.774828e-03
3.769199e-03
3.763579e-03
3.757968e-03
3.752366e-03
3.746773e-03
3.741189e-03
3.735614e-03
3.730047e-03
3.724490e-03
3.718941e-03
3.713401e-03
3.707869e-03
3.702347e-03
3.696833e-03
3.691328e-03
3.685832e-03
3.680345e-03
3.674866e-03
3.669396e-03
3.663934e-03
3.658481e-03
3.653037e-03
3.647602e-03
3.642175e-03
3.636756e-03
3.631347e-03
3.625945e-03
3.620553e-03
3.615169e-03
3.609793e-03
3.604426e-03
3.599067e-03
3.593717e-03
3.588375e-03
3.583042e-03
3.577717e-03
3.572401e-03
3.567093e-03
3.561793e-03
3.556502e-03
3.551219e-03
3.545945e-03
3.540678e-03
3.535420e-03
3.530171e-03
3.524929e-03
3.519696e-03
3.514472e-03
3.509255e-03
3.504047e-03
3.498846e-03
3.493655e-03
3.488471e-03
3.483295e-03
3.478128e-03
3.472968e-03
3.467817e-03
3.462674e-03
3.457539e-03
3.452412e-03
3.447294e-03
3.442183e-03
3.437080e-03
3.431985e-03
3.426899e-03
3.421820e-03
3.416749e-03
3.411687e-03
3.406632e-03
3.401585e-03
3.396546e-03
3.391515e-03
3.386492e-03
3.381477e-03
3.376470e-03
3.371470e-03
3.366479e-03
3.361495e-03
3.356519e-03
3.351551e-03
3.346591e-03
3.341638e-03
3.336693e-03
3.331756e-03
3.326827e-03
3.321905e-03
3.316992e-03
3.312085e-03
3.307187e-03
3.302296e-03
3.297413e-03
3.292538e-03
3.287670e-03
3.282810e-03
3.277957e-03
3.273112e-03
3.268275e-03
3.263445e-03
3.258623e-03
3.253808e-03
3.249001e-03
3.244201e-03
3.239409e-03
3.234624e-03
3.229847e-03
3.225077e-03
3.220315e-03
3.215560e-03
3.210813e-03
3.206073e-03
3.201340e-03
3.196615e-03
3.191897e-03
3.187186e-03
3.182483e-03
3.177788e-03
3.173099e-03
3.168418e-03
3.163744e-03
3.159078e-03
3.154418e-03
3.149766e-03
3.145122e-03
3.140484e-03
3.135854e-03
3.131231e-03
3.126615e-03
3.122006e-03
3.117405e-03
3.112810e-03
3.108223e-03
3.103643e-03
3.099070e-03
3.094504e-03
3.089946e-03
3.085394e-03
3.080850e-03
3.076312e-03
3.071782e-03
3.067259e-03
3.062742e-03
3.058233e-03
3.053731e-03
3.049235e-03
3.044747e-03
3.040266e-03
3.035792e-03
3.031324e-03
3.026864e-03
3.022410e-03
3.017964e-03
3.013524e-03
3.009091e-03
3.004665e-03
3.000246e-03
2.995834e-03
2.991428e-03
2.987030e-03
2.982638e-03
2.978253e-03
2.973875e-03
2.969504e-03
2.965139e-03
2.960781e-03
2.956430e-03
2.952086e-03
2.947749e-03
2.943418e-03
2.939094e-03
2.934776e-03
2.930465e-03
2.926161e-03
2.921864e-03
2.917573e-03
2.913289e-03
2.909012e-03
2.904741e-03
2.900476e-03
2.896219e-03
2.891968e-03
2.887723e-03
2.883485e-03
2.879254e-03
2.875029e-03
2.870810e-03
2.866599e-03
2.862393e-03
2.858194e-03
2.854002e-03
2.849816e-03
2.845637e-03
2.841464e-03
2.837297e-03
2.833137e-03
2.828984e-03
2.824836e-03
2.820696e-03
2.816561e-03
2.812433e-03
2.808311e-03
2.804196e-03
2.800087e-03
2.795984e-03
2.791888e-03
2.787798e-03
2.783714e-03
2.779636e-03
2.775565e-03
2.771500e-03
2.767442e-03
2.763389e-03
2.759343e-03
2.755303e-03
2.751270e-03
2.747242e-03
2.743221e-03
2.739206e-03
2.735197e-03
2.731194e-03
2.727197e-03
2.723207e-03
2.719222e-03
2.715244e-03
2.711272e-03
2.707306e-03
2.703346e-03
2.699392e-03
2.695445e-03
2.691503e-03
2.687567e-03
2.683638e-03
2.679714e-03
2.675797e-03
2.671885e-03
2.667980e-03
2.664080e-03
2.660187e-03
2.656299e-03
2.652417e-03
2.648542e-03
2.644672e-03
2.640808e-03
2.636950e-03
2.633099e-03
2.629252e-03
2.625412e-03
2.621578e-03
2.617750e-03
2.613927e-03
2.610111e-03
2.606300e-03
2.602495e-03
2.598696e-03
2.594902e-03
2.591115e-03
2.587333e-03
2.583557e-03
2.579787e-03
2.576023e-03
2.572264e-03
2.568511e-03
2.564764e-03
2.561023e-03
2.557287e-03
2.553557e-03
2.549833e-03
2.546114e-03
2.542401e-03
2.538694e-03
2.534993e-03
2.531297e-03
2.527607e-03
2.523922e-03
2.520243e-03
2.516570e-03
2.512902e-03
2.509240e-03
2.505583e-03
2.501932e-03
2.498287e-03
2.494647e-03
2.491013e-03
2.487384e-03
2.483761e-03
2.480143e-03
2.476531e-03
2.472924e-03
2.469323e-03
2.465727e-03
2.462137e-03
2.458553e-03
2.454973e-03
2.451399e-03
2.447831e-03
2.444268e-03
2.440711e-03
2.437159e-03
2.433612e-03
2.430071e-03
2.426535e-03
2.423004e-03
2.419479e-03
2.415960e-03
2.412445e-03
2.408936e-03
2.405432e-03
2.401934e-03
2.398441e-03
2.394953e-03
2.391471e-03
2.387994e-03
2.384522e-03
2.381055e-03
2.377594e-03
2.374138e-03
2.370687e-03
2.367241e-03
2.363801e-03
2.360366e-03
2.356936e-03
2.353512e-03
2.350092e-03
2.346678e-03
2.343269e-03
2.339865e-03
2.336466e-03
2.333072e-03
2.329684e-03
2.326301e-03
2.322922e-03
2.319549e-03
2.316182e-03
2.312819e-03
2.309461e-03
2.306108e-03
2.302761e-03
2.299418e-03
2.296081e-03
2.292749e-03
2.289421e-03
2.286099e-03
2.282782e-03
2.279470e-03
2.276162e-03
2.272860e-03
2.269563e-03
2.266271e-03
2.262984e-03
2.259701e-03
2.256424e-03
2.253152e-03
2.249885e-03
2.246622e-03
2.243365e-03
2.240112e-03
2.236864e-03
2.233622e-03
2.230384e-03
2.227151e-03
2.223923e-03
2.220700e-03
2.217482e-03
2.214268e-03
2.211060e-03
2.207856e-03
2.204657e-03
2.201463e-03
2.198274e-03
2.195090e-03
2.191910e-03
2.188735e-03
2.185565e-03
2.182400e-03
2.179240e-03
2.176084e-03
2.172933e-03
2.169787e-03
2.166646e-03
2.163509e-03
2.160377e-03
2.157250e-03
2.154127e-03
2.151010e-03
2.147897e-03
2.144788e-03
2.141684e-03
2.138586e-03
2.135491e-03
2.132402e-03
2.129316e-03
2.126236e-03
2.123160e-03
2.120089e-03
2.117023e-03
2.113961e-03
2.110904e-03
2.107851e-03
2.104803e-03
2.101760e-03
2.098721e-03
2.095687e-03
2.092657e-03
2.089632e-03
2.086611e-03
2.083595e-03
2.080583e-03
2.077576e-03
2.074574e-03
2.071576e-03
2.068583e-03
2.065594e-03
2.062609e-03
2.059629e-03
2.056654e-03
2.053683e-03
2.050716e-03
2.047754e-03
2.044796e-03
2.041843e-03
2.038894e-03
2.035950e-03
2.033010e-03
2.030075e-03
2.027143e-03
2.024217e-03
2.021294e-03
2.018377e-03
2.015463e-03
2.012554e-03
2.009649e-03
2.006749e-03
2.003852e-03
2.000961e-03
1.998073e-03
1.995190e-03
1.992311e-03
1.989437e-03
1.986567e-03
1.983701e-03
1.980840e-03
1.977982e-03
1.975129e-03
1.972281e-03
1.969436e-03
1.966596e-03
1.963760e-03
1.960929e-03
1.958101e-03
1.955278e-03
1.952459e-03
1.949644e-03
1.946834e-03
1.944027e-03
1.941225e-03
1.938427e-03
1.935634e-03
1.932844e-03
1.930059e-03
1.927278e-03
1.924501e-03
1.921728e-03
1.918959e-03
1.916194e-03
1.913434e-03
1.910678e-03
1.907925e-03
1.905177e-03
1.902433e-03
1.899693e-03
1.896958e-03
1.894226e-03
1.891498e-03
1.888775e-03
1.886055e-03
1.883340e-03
1.880628e-03
1.877921e-03
1.875218e-03
1.872519e-03
1.869823e-03
1.867132e-03
1.864445e-03
1.861762e-03
1.859083e-03
1.856408e-03
1.853736e-03
1.851069e-03
1.848406e-03
1.845747e-03
1.843092e-03
1.840440e-03
1.837793e-03
1.835149e-03
1.832510e-03
1.829875e-03
1.827243e-03
1.824615e-03
1.821992e-03
1.819372e-03
1.816756e-03
1.814144e-03
1.811536e-03
1.808931e-03
1.806331e-03
1.803734e-03
1.801142e-03
1.798553e-03
1.795968e-03
1.793387e-03
1.790810e-03
1.788236e-03
1.785667e-03
1.783101e-03
1.780539e-03
1.777981e-03
1.775427e-03
1.772876e-03
1.770329e-03
1.767787e-03
1.765247e-03
1.762712e-03
1.760180e-03
1.757653e-03
1.755129e-03
1.752608e-03
1.750092e-03
1.747579e-03
1.745070e-03
1.742564e-03
1.740063e-03
1.737565e-03
1.735071e-03
1.732580e-03
1.730093e-03
1.727610e-03
1.725131e-03
1.722655e-03
1.720183e-03
1.717715e-03
1.715250e-03
1.712789e-03
1.710331e-03
1.707878e-03
1.705427e-03
1.702981e-03
1.700538e-03
1.698099e-03
1.695663e-03
1.693231e-03
1.690803e-03
1.688378e-03
1.685957e-03
1.683539e-03
1.681125e-03
1.678715e-03
1.676308e-03
1.673904e-03
1.671505e-03
1.669109e-03
1.666716e-03
1.664327e-03
1.661941e-03
1.659559e-03
1.657181e-03
1.654806e-03
1.652434e-03
1.650066e-03
1.647702e-03
1.645341e-03
1.642984e-03
1.640630e-03
1.638279e-03
1.635932e-03
1.633589e-03
1.631249e-03
1.628912e-03
1.626579e-03
1.624249e-03
1.621923e-03
1.619600e-03
1.617281e-03
1.614965e-03
1.612653e-03
1.610344e-03
1.608038e-03
1.605736e-03
1.603437e-03
1.601141e-03
1.598849e-03
1.596561e-03
1.594275e-03
1.591994e-03
1.589715e-03
1.587440e-03
1.585168e-03
1.582900e-03
1.580635e-03
1.578373e-03
1.576114e-03
1.573859e-03
1.571608e-03
1.569359e-03
1.567114e-03
1.564872e-03
1.562634e-03
1.560399e-03
1.558167e-03
1.555938e-03
1.553713e-03
1.551491e-03
1.549272e-03
1.547057e-03
1.544845e-03
1.542636e-03
1.540430e-03
1.538228e-03
1.536029e-03
1.533833e-03
1.531640e-03
1.529451e-03
1.527264e-03
1.525081e-03
1.522902e-03
1.520725e-03
1.518552e-03
1.516382e-03
1.514215e-03
1.512051e-03
1.509890e-03
1.507733e-03
1.505579e-03
1.503428e-03
1.501280e-03
1.499135e-03
1.496994e-03
1.494855e-03
1.492720e-03
1.490588e-03
1.488459e-03
1.486333e-03
1.484210e-03
1.482091e-03
1.479974e-03
1.477861e-03
1.475751e-03
1.473644e-03
1.471540e-03
1.469439e-03
1.467341e-03
1.465246e-03
1.463155e-03
1.461066e-03
1.458980e-03
1.456898e-03
1.454819e-03
1.452742e-03
1.450669e-03
1.448599e-03
1.446532e-03
1.444467e-03
1.442406e-03
1.440348e-03
1.438293e-03
1.436241e-03
1.434192e-03
1.432146e-03
1.430103e-03
1.428063e-03
1.426026e-03
1.423992e-03
1.421961e-03
1.419933e-03
1.417908e-03
1.415886e-03
1.413867e-03
1.411850e-03
1.409837e-03
1.407827e-03
1.405820e-03
1.403815e-03
1.401814e-03
1.399815e-03
1.397820e-03
1.395827e-03
1.393837e-03
1.391851e-03
1.389867e-03
1.387886e-03
1.385908e-03
1.383933e-03
1.381960e-03
1.379991e-03
1.378024e-03
1.376061e-03
1.374100e-03
1.372142e-03
1.370187e-03
1.368235e-03
1.366286e-03
1.364339e-03
1.362396e-03
1.360455e-03
1.358517e-03
1.356582e-03
1.354650e-03
1.352721e-03
1.350794e-03
1.348871e-03
1.346950e-03
1.345032e-03
1.343116e-03
1.341204e-03
1.339294e-03
1.337387e-03
1.335483e-03
1.333582e-03
1.331683e-03
1.329788e-03
1.327895e-03
1.326005e-03
1.324117e-03
1.322233e-03
1.320351e-03
1.318471e-03
1.316595e-03
1.314721e-03
1.312850e-03
1.310982e-03
1.309117e-03
1.307254e-03
1.305394e-03
1.303537e-03
1.301682e-03
1.299830e-03
1.297981e-03
1.296135e-03
1.294291e-03
1.292450e-03
1.290612e-03
1.288776e-03
1.286943e-03
1.285113e-03
1.283285e-03
1.281460e-03
1.279638e-03
1.277818e-03
1.276001e-03
1.274187e-03
1.272375e-03
1.270566e-03
1.268760e-03
1.266956e-03
1.265155e-03
1.263356e-03
1.261560e-03
1.259767e-03
1.257976e-03
1.256188e-03
1.254403e-03
1.252620e-03
1.250840e-03
1.249062e-03
1.247287e-03
1.245515e-03
1.243745e-03
1.241978e-03
1.240213e-03
1.238451e-03
1.236691e-03
1.234934e-03
1.233180e-03
1.231428e-03
1.229679e-03
1.227932e-03
1.226188e-03
1.224446e-03
1.222707e-03
1.220970e-03
1.219236e-03
1.217505e-03
1.215775e-03
1.214049e-03
1.212325e-03
1.210603e-03
1.208885e-03
1.207168e-03
1.205454e-03
1.203743e-03
1.202034e-03
1.200327e-03
1.198623e-03
1.196922e-03
1.195222e-03
1.193526e-03
1.191832e-03
1.190140e-03
1.188451e-03
1.186764e-03
1.185080e-03
1.183398e-03
1.181719e-03
1.180042e-03
1.178367e-03
1.176695e-03
1.175026e-03
1.173358e-03
1.171694e-03
1.170031e-03
1.168371e-03
1.166714e-03
1.165059e-03
1.163406e-03
1.161756e-03
1.160108e-03
1.158462e-03
1.156819e-03
1.155178e-03
1.153540e-03
1.151904e-03
1.150271e-03
1.148639e-03
1.147010e-03
1.145384e-03
1.143760e-03
1.142138e-03
1.140519e-03
1.138902e-03
1.137287e-03
1.135675e-03
1.134065e-03
1.132457e-03
1.130852e-03
1.129249e-03
1.127648e-03
1.126050e-03
1.124453e-03
1.122860e-03
1.121268e-03
1.119679e-03
1.118092e-03
1.116508e-03
1.114926e-03
1.113346e-03
1.111768e-03
1.110193e-03
1.108620e-03
1.107049e-03
1.105481e-03
1.103914e-03
1.102351e-03
1.100789e-03
1.099230e-03
1.097672e-03
1.096118e-03
1.094565e-03
1.093015e-03
1.091466e-03
1.089921e-03
1.088377e-03
1.086835e-03
1.085296e-03
1.083759e-03
1.082225e-03
1.080692e-03
1.079162e-03
1.077634e-03
1.076108e-03
1.074584e-03
1.073063e-03
1.071544e-03
1.070027e-03
1.068512e-03
1.066999e-03
1.065489e-03
1.063981e-03
1.062475e-03
1.060971e-03
1.059469e-03
1.057970e-03
1.056472e-03
1.054977e-03
1.053484e-03
1.051993e-03
1.050504e-03
1.049018e-03
1.047533e-03
1.046051e-03
1.044571e-03
1.043093e-03
1.041617e-03
1.040144e-03
1.038672e-03
1.037203e-03
1.035735e-03
1.034270e-03
1.032807e-03
1.031346e-03
1.029887e-03
1.028431e-03
1.026976e-03
1.025523e-03
1.024073e-03
1.022625e-03
1.021179e-03
1.019734e-03
1.018292e-03
1.016852e-03
1.015414e-03
1.013979e-03
1.012545e-03
1.011113e-03
1.009684e-03
1.008256e-03
1.006831e-03
1.005407e-03
1.003986e-03
1.002567e-03
1.001149e-03
9.997343e-04
9.983211e-04
9.969100e-04
9.955009e-04
9.940939e-04
9.926889e-04
9.912859e-04
9.898850e-04
9.884860e-04
9.870891e-04
9.856942e-04
9.843013e-04
9.829105e-04
9.815216e-04
9.801348e-04
9.787499e-04
9.773670e-04
9.759862e-04
9.746073e-04
9.732304e-04
9.718555e-04
9.704826e-04
9.691117e-04
9.677427e-04
9.663758e-04
9.650108e-04
9.636477e-04
9.622867e-04
9.609275e-04
9.595704e-04
9.582152e-04
9.568620e-04
9.555107e-04
9.541613e-04
9.528139e-04
9.514685e-04
9.501250e-04
9.487834e-04
9.474438e-04
9.461060e-04
9.447703e-04
9.434364e-04
9.421045e-04
9.407744e-04
9.394463e-04
9.381202e-04
9.367959e-04
9.354735e-04
9.341530e-04
9.328345e-04
9.315178e-04
9.302030e-04
9.288902e-04
9.275792e-04
9.262701e-04
9.249629e-04
9.236576e-04
9.223541e-04
9.210525e-04
9.197528e-04
9.184550e-04
9.171591e-04
9.158650e-04
9.145727e-04
9.132824e-04
9.119938e-04
9.107072e-04
9.094224e-04
9.081394e-04
9.068583e-04
9.055790e-04
9.043016e-04
9.030260e-04
9.017522e-04
9.004803e-04
8.992102e-04
8.979420e-04
8.966755e-04
8.954109e-04
8.941481e-04
8.928871e-04
8.916279e-04
8.903706e-04
8.891150e-04
8.878613e-04
8.866093e-04
8.853592e-04
8.841108e-04
8.828642e-04
8.816195e-04
8.803765e-04
8.791353e-04
8.778959e-04
8.766583e-04
8.754224e-04
8.741884e-04
8.729561e-04
8.717255e-04
8.704968e-04
8.692698e-04
8.680446e-04
8.668211e-04
8.655994e-04
8.643794e-04
8.631612e-04
8.619448e-04
8.607300e-04
8.595171e-04
8.583059e-04
8.570964e-04
8.558886e-04
8.546826e-04
8.534783e-04
8.522758e-04
8.510749e-04
8.498758e-04
8.486785e-04
8.474828e-04
8.462888e-04
8.450966e-04
8.439061e-04
8.427173e-04
8.415302e-04
8.403448e-04
8.391611e-04
8.379791e-04
8.367987e-04
8.356201e-04
8.344432e-04
8.332680e-04
8.320944e-04
8.309225e-04
8.297524e-04
8.285839e-04
8.274170e-04
8.262519e-04
8.250884e-04
8.239266e-04
8.227664e-04
8.216079e-04
8.204511e-04
8.192959e-04
8.181424e-04
8.169905e-04
8.158403e-04
8.146918e-04
8.135448e-04
8.123996e-04
8.112559e-04
8.101139e-04
8.089736e-04
8.078349e-04
8.066978e-04
8.055623e-04
8.044285e-04
8.032963e-04
8.021657e-04
8.010367e-04
7.999094e-04
7.987836e-04
7.976595e-04
7.965370e-04
7.954161e-04
7.942968e-04
7.931791e-04
7.920630e-04
7.909485e-04
7.898356e-04
7.887243e-04
7.876146e-04
7.865065e-04
7.853999e-04
7.842950e-04
7.831916e-04
7.820898e-04
7.809896e-04
7.798909e-04
7.787938e-04
7.776983e-04
7.766044e-04
7.755120e-04
7.744212e-04
7.733320e-04
7.722443e-04
7.711582e-04
7.700736e-04
7.689906e-04
7.679091e-04
7.668292e-04
7.657508e-04
7.646739e-04
7.635986e-04
7.625249e-04
7.614527e-04
7.603820e-04
7.593128e-04
7.582452e-04
7.571791e-04
7.561145e-04
7.550514e-04
7.539899e-04
7.529299e-04
7.518713e-04
7.508144e-04
7.497589e-04
7.487049e-04
7.476524e-04
7.466015e-04
7.455520e-04
7.445040e-04
7.434576e-04
7.424126e-04
7.413691e-04
7.403272e-04
7.392867e-04
7.382476e-04
7.372101e-04
7.361741e-04
7.351395e-04
7.341064e-04
7.330748e-04
7.320447e-04
7.310160e-04
7.299888e-04
7.289631e-04
7.279388e-04
7.269161e-04
7.258947e-04
7.248748e-04
7.238564e-04
7.228394e-04
7.218239e-04
7.208099e-04
7.197972e-04
7.187861e-04
7.177763e-04
7.167680e-04
7.157612e-04
7.147558e-04
7.137518e-04
7.127493e-04
7.117481e-04
7.107485e-04
7.097502e-04
7.087534e-04
7.077580e-04
7.067640e-04
7.057714e-04
7.047802e-04
7.037905e-04
7.028022e-04
7.018152e-04
7.008297e-04
6.998456e-04
6.988629e-04
6.978816e-04
6.969017e-04
6.959232e-04
6.949461e-04
6.939704e-04
6.929961e-04
6.920231e-04
6.910516e-04
6.900814e-04
6.891126e-04
6.881452e-04
6.871792e-04
6.862146e-04
6.852513e-04
6.842894e-04
6.833289e-04
6.823697e-04
6.814120e-04
6.804555e-04
6.795005e-04
6.785468e-04
6.775944e-04
6.766435e-04
6.756938e-04
6.747456e-04
6.737986e-04
6.728531e-04
6.719089e-04
6.709660e-04
6.700244e-04
6.690842e-04
6.681454e-04
6.672079e-04
6.662717e-04
6.653368e-04
6.644033e-04
6.634711e-04
6.625403e-04
6.616107e-04
6.606825e-04
6.597556e-04
6.588301e-04
6.579058e-04
6.569829e-04
6.560613e-04
6.551410e-04
6.542220e-04
6.533043e-04
6.523879e-04
6.514728e-04
6.505590e-04
6.496466e-04
6.487354e-04
6.478255e-04
6.469169e-04
6.460096e-04
6.451036e-04
6.441989e-04
6.432955e-04
6.423933e-04
6.414925e-04
6.405929e-04
6.396946e-04
6.387976e-04
6.379019e-04
6.370074e-04
6.361142e-04
6.352223e-04
6.343316e-04
6.334423e-04
6.325541e-04
6.316673e-04
6.307817e-04
6.298973e-04
6.290143e-04
6.281324e-04
6.272519e-04
6.263726e-04
6.254945e-04
6.246177e-04
6.237421e-04
6.228678e-04
6.219947e-04
6.211228e-04
6.202522e-04
6.193829e-04
6.185147e-04
6.176478e-04
6.167822e-04
6.159177e-04
6.150545e-04
6.141926e-04
6.133318e-04
6.124723e-04
6.116140e-04
6.107569e-04
6.099010e-04
6.090464e-04
6.081929e-04
6.073407e-04
6.064897e-04
6.056399e-04
6.047913e-04
6.039439e-04
6.030977e-04
6.022527e-04
6.014089e-04
6.005663e-04
5.997249e-04
5.988847e-04
5.980457e-04
5.972079e-04
5.963713e-04
5.955358e-04
5.947016e-04
5.938685e-04
5.930366e-04
5.922059e-04
5.913764e-04
5.905481e-04
5.897209e-04
5.888949e-04
5.880701e-04
5.872464e-04
5.864240e-04
5.856026e-04
5.847825e-04
5.839635e-04
5.831457e-04
5.823290e-04
5.815135e-04
5.806992e-04
5.798860e-04
5.790740e-04
5.782631e-04
5.774533e-04
5.766448e-04
5.758373e-04
5.750310e-04
5.742259e-04
5.734219e-04
5.726190e-04
5.718173e-04
5.710167e-04
5.702173e-04
5.694190e-04
5.686218e-04
5.678257e-04
5.670308e-04
5.662370e-04
5.654443e-04
5.646528e-04
5.638623e-04
5.630730e-04
5.622849e-04
5.614978e-04
5.607118e-04
5.599270e-04
5.591433e-04
5.583607e-04
5.575792e-04
5.567988e-04
5.560195e-04
5.552413e-04
5.544642e-04
5.536882e-04
5.529133e-04
5.521396e-04
5.513669e-04
5.505953e-04
5.498248e-04
5.490554e-04
5.482871e-04
5.475198e-04
5.467537e-04
5.459887e-04
5.452247e-04
5.444618e-04
5.437000e-04
5.429393e-04
5.421796e-04
5.414210e-04
5.406635e-04
5.399071e-04
5.391518e-04
5.383975e-04
5.376443e-04
5.368921e-04
5.361410e-04
5.353910e-04
5.346421e-04
5.338942e-04
5.331473e-04
5.324016e-04
5.316568e-04
5.309132e-04
5.301706e-04
5.294290e-04
5.286885e-04
5.279490e-04
5.272106e-04
5.264732e-04
5.257369e-04
5.250016e-04
5.242674e-04
5.235342e-04
5.228020e-04
5.220709e-04
5.213408e-04
5.206117e-04
5.198837e-04
5.191567e-04
5.184307e-04
5.177057e-04
5.169818e-04
5.162589e-04
5.155371e-04
5.148162e-04
5.140964e-04
5.133776e-04
5.126598e-04
5.119430e-04
5.112272e-04
5.105125e-04
5.097987e-04
5.090860e-04
5.083743e-04
5.076636e-04
5.069539e-04
5.062452e-04
5.055375e-04
5.048307e-04
5.041250e-04
5.034203e-04
5.027166e-04
5.020139e-04
5.013122e-04
5.006115e-04
4.999117e-04
4.992130e-04
4.985152e-04
4.978185e-04
4.971227e-04
4.964279e-04
4.957340e-04
4.950412e-04
4.943493e-04
4.936585e-04
4.929686e-04
4.922796e-04
4.915917e-04
4.909047e-04
4.902187e-04
4.895336e-04
4.888495e-04
4.881664e-04
4.874843e-04
4.868031e-04
4.861229e-04
4.854436e-04
4.847654e-04
4.840880e-04
4.834116e-04
4.827362e-04
4.820617e-04
4.813882e-04
4.807157e-04
4.800440e-04
4.793734e-04
4.787037e-04
4.780349e-04
4.773671e-04
4.767002e-04
4.760342e-04
4.753692e-04
4.747052e-04
4.740421e-04
4.733799e-04
4.727186e-04
4.720583e-04
4.713989e-04
4.707405e-04
4.700829e-04
4.694263e-04
4.687707e-04
4.681159e-04
4.674621e-04
4.668092e-04
4.661572e-04
4.655062e-04
4.648561e-04
4.642068e-04
4.635585e-04
4.629112e-04
4.622647e-04
4.616191e-04
4.609745e-04
4.603307e-04
4.596879e-04
4.590460e-04
4.584050e-04
4.577649e-04
4.571257e-04
4.564874e-04
4.558500e-04
4.552135e-04
4.545779e-04
4.539432e-04
4.533093e-04
4.526764e-04
4.520444e-04
4.514133e-04
4.507830e-04
4.501537e-04
4.495252e-04
4.488976e-04
4.482709e-04
4.476451e-04
4.470202e-04
4.463962e-04
4.457730e-04
4.451507e-04
4.445293e-04
4.439088e-04
4.432891e-04
4.426703e-04
4.420524e-04
4.414354e-04
4.408192e-04
4.402039e-04
4.395895e-04
4.389759e-04
4.383633e-04
4.377514e-04
4.371404e-04
4.365303e-04
4.359211e-04
4.353127e-04
4.347052e-04
4.340985e-04
4.334927e-04
4.328877e-04
4.322836e-04
4.316803e-04
4.310779e-04
4.304764e-04
4.298756e-04
4.292758e-04
4.286768e-04
4.280786e-04
4.274812e-04
4.268848e-04
4.262891e-04
4.256943e-04
4.251003e-04
4.245072e-04
4.239149e-04
4.233234e-04
4.227328e-04
4.221430e-04
4.215540e-04
4.209659e-04
4.203786e-04
4.197921e-04
4.192064e-04
4.186216e-04
4.180376e-04
4.174544e-04
4.168720e-04
4.162905e-04
4.157098e-04
4.151299e-04
4.145508e-04
4.139725e-04
4.133951e-04
4.128184e-04
4.122426e-04
4.116676e-04
4.110933e-04
4.105199e-04
4.099474e-04
4.093756e-04
4.088046e-04
4.082344e-04
4.076650e-04
4.070965e-04
4.065287e-04
4.059617e-04
4.053955e-04
4.048302e-04
4.042656e-04
4.037018e-04
4.031388e-04
4.025766e-04
4.020152e-04
4.014546e-04
4.008947e-04
4.003357e-04
3.997774e-04
3.992200e-04
3.986633e-04
3.981074e-04
3.975523e-04
3.969979e-04
3.964444e-04
3.958916e-04
3.953396e-04
3.947884e-04
3.942379e-04
3.936883e-04
3.931394e-04
3.925912e-04
3.920439e-04
3.914973e-04
3.909515e-04
3.904064e-04
3.898622e-04
3.893187e-04
3.887759e-04
3.882339e-04
3.876927e-04
3.871522e-04
3.866125e-04
3.860736e-04
3.855354e-04
3.849980e-04
3.844613e-04
3.839254e-04
3.833902e-04
3.828558e-04
3.823222e-04
3.817893e-04
3.812571e-04
3.807257e-04
3.801950e-04
3.796651e-04
3.791360e-04
3.786075e-04
3.780799e-04
3.775529e-04
3.770267e-04
3.765013e-04
3.759765e-04
3.754526e-04
3.749293e-04
3.744068e-04
3.738850e-04
3.733640e-04
3.728437e-04
3.723241e-04
3.718053e-04
3.712871e-04
3.707697e-04
3.702531e-04
3.697372e-04
3.692219e-04
3.687075e-04
3.681937e-04
3.676807e-04
3.671683e-04
3.666567e-04
3.661459e-04
3.656357e-04
3.651263e-04
3.646175e-04
3.641095e-04
3.636022e-04
3.630956e-04
3.625898e-04
3.620846e-04
3.615801e-04
3.610764e-04
3.605734e-04
3.600710e-04
3.595694e-04
3.590685e-04
3.585683e-04
3.580688e-04
3.575700e-04
3.570718e-04
3.565744e-04
3.560777e-04
3.555817e-04
3.550864e-04
3.545918e-04
3.540978e-04
3.536046e-04
3.531121e-04
3.526202e-04
3.521291e-04
3.516386e-04
3.511488e-04
3.506597e-04
3.501713e-04
3.496836e-04
3.491966e-04
3.487102e-04
3.482246e-04
3.477396e-04
3.472553e-04
3.467717e-04
3.462887e-04
3.458065e-04
3.453249e-04
3.448440e-04
3.443637e-04
3.438842e-04
3.434053e-04
3.429271e-04
3.424495e-04
3.419727e-04
3.414965e-04
3.410209e-04
3.405461e-04
3.400719e-04
3.395983e-04
3.391255e-04
3.386533e-04
3.381817e-04
3.377108e-04
3.372406e-04
3.367710e-04
3.363021e-04
3.358339e-04
3.353663e-04
3.348994e-04
3.344331e-04
3.339675e-04
3.335025e-04
3.330382e-04
3.325746e-04
3.321115e-04
3.316492e-04
3.311875e-04
3.307264e-04
3.302660e-04
3.298062e-04
3.293471e-04
3.288886e-04
3.284308e-04
3.279736e-04
3.275170e-04
3.270611e-04
3.266058e-04
3.261512e-04
3.256972e-04
3.252438e-04
3.247911e-04
3.243390e-04
3.238876e-04
3.234367e-04
3.229866e-04
3.225370e-04
3.220881e-04
3.216398e-04
3.211921e-04
3.207451e-04
3.202986e-04
3.198529e-04
3.194077e-04
3.189632e-04
3.185192e-04
3.180759e-04
3.176333e-04
3.171912e-04
3.167498e-04
3.163090e-04
3.158688e-04
3.154292e-04
3.149903e-04
3.145519e-04
3.141142e-04
3.136771e-04
3.132406e-04
3.128047e-04
3.123694e-04
3.119347e-04
3.115007e-04
3.110672e-04
3.106344e-04
3.102021e-04
3.097705e-04
3.093395e-04
3.089091e-04
3.084792e-04
3.080500e-04
3.076214e-04
3.071934e-04
3.067660e-04
3.063392e-04
3.059130e-04
3.054873e-04
3.050623e-04
3.046379e-04
3.042141e-04
3.037908e-04
3.033682e-04
3.029461e-04
3.025247e-04
3.021038e-04
3.016835e-04
3.012638e-04
3.008447e-04
3.004262e-04
3.000083e-04
2.995910e-04
2.991742e-04
2.987580e-04
2.983424e-04
2.979274e-04
2.975130e-04
2.970991e-04
2.966859e-04
2.962732e-04
2.958611e-04
2.954496e-04
2.950386e-04
2.946282e-04
2.942184e-04
2.938092e-04
2.934005e-04
2.929924e-04
2.925849e-04
2.921780e-04
2.917716e-04
2.913658e-04
2.909606e-04
2.905559e-04
2.901518e-04
2.897483e-04
2.893453e-04
2.889429e-04
2.885411e-04
2.881398e-04
2.877391e-04
2.873389e-04
2.869393e-04
2.865403e-04
2.861418e-04
2.857439e-04
2.853465e-04
2.849497e-04
2.845535e-04
2.841578e-04
2.837626e-04
2.833680e-04
2.829740e-04
2.825805e-04
2.821876e-04
2.817952e-04
2.814034e-04
2.810121e-04
2.806214e-04
2.802312e-04
2.798415e-04
2.794524e-04
2.790639e-04
2.786759e-04
2.782884e-04
2.779015e-04
2.775151e-04
2.771293e-04
2.767440e-04
2.763592e-04
2.759750e-04
2.755913e-04
2.752081e-04
2.748255e-04
2.744435e-04
2.740619e-04
2.736809e-04
2.733004e-04
2.729205e-04
2.725411e-04
2.721622e-04
2.717839e-04
2.714060e-04
2.710288e-04
2.706520e-04
2.702758e-04
2.699000e-04
2.695249e-04
2.691502e-04
2.687761e-04
2.684025e-04
2.680294e-04
2.676568e-04
2.672848e-04
2.669132e-04
2.665422e-04
2.661718e-04
2.658018e-04
2.654323e-04
2.650634e-04
2.646950e-04
2.643271e-04
2.639597e-04
2.635928e-04
2.632265e-04
2.628606e-04
2.624953e-04
2.621305e-04
2.617662e-04
2.614024e-04
2.610391e-04
2.606763e-04
2.603140e-04
2.599522e-04
2.595910e-04
2.592302e-04
2.588699e-04
2.585102e-04
2.581509e-04
2.577922e-04
2.574339e-04
2.570762e-04
2.567190e-04
2.563622e-04
2.560060e-04
2.556502e-04
2.552950e-04
2.549402e-04
2.545860e-04
2.542322e-04
2.538789e-04
2.535262e-04
2.531739e-04
2.528221e-04
2.524708e-04
2.521200e-04
2.517697e-04
2.514198e-04
2.510705e-04
2.507217e-04
2.503733e-04
2.500254e-04
2.496781e-04
2.493311e-04
2.489847e-04
2.486388e-04
2.482934e-04
2.479484e-04
2.476039e-04
2.472599e-04
2.469164e-04
2.465733e-04
2.462308e-04
2.458887e-04
2.455471e-04
2.452060e-04
2.448653e-04
2.445252e-04
2.441855e-04
2.438462e-04
2.435075e-04
2.431692e-04
2.428314e-04
2.424941e-04
2.421572e-04
2.418208e-04
2.414849e-04
2.411495e-04
2.408145e-04
2.404800e-04
2.401459e-04
2.398124e-04
2.394792e-04
2.391466e-04
2.388144e-04
2.384827e-04
2.381514e-04
2.378206e-04
2.374903e-04
2.371605e-04
2.368310e-04
2.365021e-04
2.361736e-04
2.358456e-04
2.355180e-04
2.351909e-04
2.348642e-04
2.345381e-04
2.342123e-04
2.338870e-04
2.335622e-04
2.332378e-04
2.329139e-04
2.325904e-04
2.322674e-04
2.319448e-04
2.316227e-04
2.313010e-04
2.309798e-04
2.306590e-04
2.303387e-04
2.300188e-04
2.296994e-04
2.293804e-04
2.290619e-04
2.287438e-04
2.284261e-04
2.281089e-04
2.277922e-04
2.274758e-04
2.271600e-04
2.268445e-04
2.265295e-04
2.262150e-04
2.259009e-04
2.255872e-04
2.252739e-04
2.249611e-04
2.246488e-04
2.243368e-04
2.240253e-04
2.237143e-04
2.234036e-04
2.230934e-04
2.227837e-04
2.224744e-04
2.221655e-04
2.218570e-04
2.215490e-04
2.212414e-04
2.209342e-04
2.206274e-04
2.203211e-04
2.200152e-04
2.197098e-04
2.194047e-04
2.191001e-04
2.187959e-04
2.184922e-04
2.181888e-04
2.178859e-04
2.175834e-04
2.172814e-04
2.169797e-04
2.166785e-04
2.163777e-04
2.160773e-04
2.157774e-04
2.154778e-04
2.151787e-04
2.148800e-04
2.145817e-04
2.142838e-04
2.139863e-04
2.136893e-04
2.133926e-04
2.130964e-04
2.128006e-04
2.125052e-04
2.122103e-04
2.119157e-04
2.116215e-04
2.113278e-04
2.110344e-04
2.107415e-04
2.104490e-04
2.101569e-04
2.098652e-04
2.095739e-04
2.092830e-04
2.089925e-04
2.087024e-04
2.084128e-04
2.081235e-04
2.078346e-04
2.075462e-04
2.072581e-04
2.069704e-04
2.066832e-04
2.063963e-04
2.061099e-04
2.058238e-04
2.055381e-04
2.052529e-04
2.049680e-04
2.046836e-04
2.043995e-04
2.041158e-04
2.038325e-04
2.035497e-04
2.032672e-04
2.029851e-04
2.027034e-04
2.024221e-04
2.021412e-04
2.018606e-04
2.015805e-04
2.013008e-04
2.010214e-04
2.007425e-04
2.004639e-04
2.001857e-04
1.999079e-04
1.996305e-04
1.993535e-04
1.990769e-04
1.988006e-04
1.985247e-04
1.982493e-04
1.979742e-04
1.976995e-04
1.974251e-04
1.971512e-04
1.968776e-04
1.966045e-04
1.963316e-04
1.960592e-04
1.957872e-04
1.955155e-04
1.952442e-04
1.949733e-04
1.947028e-04
1.944327e-04
1.941629e-04
1.938935e-04
1.936245e-04
1.933558e-04
1.930876e-04
1.928197e-04
1.925521e-04
1.922850e-04
1.920182e-04
1.917518e-04
1.914858e-04
1.912201e-04
1.909548e-04
1.906899e-04
1.904253e-04
1.901612e-04
1.898973e-04
1.896339e-04
1.893708e-04
1.891081e-04
1.888457e-04
1.885838e-04
1.883221e-04
1.880609e-04
1.878000e-04
1.875395e-04
1.872793e-04
1.870195e-04
1.867601e-04
1.865010e-04
1.862423e-04
1.859839e-04
1.857259e-04
1.854683e-04
1.852110e-04
1.849541e-04
1.846976e-04
1.844413e-04
1.841855e-04
1.839300e-04
1.836749e-04
1.834201e-04
1.831657e-04
1.829116e-04
1.826579e-04
1.824045e-04
1.821515e-04
1.818989e-04
1.816466e-04
1.813946e-04
1.811430e-04
1.808918e-04
1.806409e-04
1.803903e-04
1.801401e-04
1.798903e-04
1.796408e-04
1.793916e-04
1.791428e-04
1.788944e-04
1.786462e-04
1.783985e-04
1.781510e-04
1.779040e-04
1.776572e-04
1.774108e-04
1.771648e-04
1.769191e-04
1.766737e-04
1.764287e-04
1.761840e-04
1.759397e-04
1.756957e-04
1.754520e-04
1.752087e-04
1.749657e-04
1.747231e-04
1.744808e-04
1.742388e-04
1.739972e-04
1.737559e-04
1.735149e-04
1.732743e-04
1.730340e-04
1.727940e-04
1.725544e-04
1.723151e-04
1.720762e-04
1.718376e-04
1.715993e-04
1.713613e-04
1.711237e-04
1.708864e-04
1.706495e-04
1.704128e-04
1.701765e-04
1.699406e-04
1.697049e-04
1.694696e-04
1.692346e-04
1.689999e-04
1.687656e-04
1.685316e-04
1.682979e-04
1.680646e-04
1.678315e-04
1.675988e-04
1.673664e-04
1.671344e-04
1.669026e-04
1.666712e-04
1.664401e-04
1.662094e-04
1.659789e-04
1.657488e-04
1.655190e-04
1.652895e-04
1.650603e-04
1.648315e-04
1.646030e-04
1.643747e-04
1.641468e-04
1.639193e-04
1.636920e-04
1.634651e-04
1.632384e-04
1.630121e-04
1.627861e-04
1.625604e-04
1.623351e-04
1.621100e-04
1.618853e-04
1.616609e-04
1.614367e-04
1.612129e-04
1.609894e-04
1.607663e-04
1.605434e-04
1.603208e-04
1.600986e-04
1.598766e-04
1.596550e-04
1.594337e-04
1.592127e-04
1.589919e-04
1.587715e-04
1.585515e-04
1.583317e-04
1.581122e-04
1.578930e-04
1.576741e-04
1.574556e-04
1.572373e-04
1.570193e-04
1.568017e-04
1.565843e-04
1.563673e-04
1.561505e-04
1.559341e-04
1.557179e-04
1.555021e-04
1.552866e-04
1.550713e-04
1.548564e-04
1.546417e-04
1.544274e-04
1.542133e-04
1.539996e-04
1.537861e-04
1.535730e-04
1.533601e-04
1.531475e-04
1.529353e-04
1.527233e-04
1.525116e-04
1.523002e-04
1.520891e-04
1.518784e-04
1.516679e-04
1.514576e-04
1.512477e-04
1.510381e-04
1.508288e-04
1.506197e-04
1.504110e-04
1.502025e-04
1.499943e-04
1.497865e-04
1.495789e-04
1.493716e-04
1.491646e-04
1.489578e-04
1.487514e-04
1.485452e-04
1.483394e-04
1.481338e-04
1.479285e-04
1.477235e-04
1.475188e-04
1.473143e-04
1.471102e-04
1.469063e-04
1.467027e-04
1.464994e-04
1.462964e-04
1.460937e-04
1.458912e-04
1.456890e-04
1.454872e-04
1.452855e-04
1.450842e-04
1.448832e-04
1.446824e-04
1.444819e-04
1.442817e-04
1.440818e-04
1.438821e-04
1.436827e-04
1.434836e-04
1.432848e-04
1.430862e-04
1.428880e-04
1.426900e-04
1.424923e-04
1.422948e-04
1.420976e-04
1.419007e-04
1.417041e-04
1.415078e-04
1.413117e-04
1.411159e-04
1.409204e-04
1.407251e-04
1.405301e-04
1.403354e-04
1.401409e-04
1.399468e-04
1.397529e-04
1.395592e-04
1.393659e-04
1.391728e-04
1.389799e-04
1.387874e-04
1.385951e-04
1.384030e-04
1.382113e-04
1.380198e-04
1.378286e-04
1.376376e-04
1.374469e-04
1.372565e-04
1.370663e-04
1.368764e-04
1.366868e-04
1.364974e-04
1.363083e-04
1.361195e-04
1.359309e-04
1.357425e-04
1.355545e-04
1.353667e-04
1.351791e-04
1.349919e-04
1.348049e-04
1.346181e-04
1.344316e-04
1.342454e-04
1.340594e-04
1.338737e-04
1.336882e-04
1.335030e-04
1.333180e-04
1.331334e-04
1.329489e-04
1.327647e-04
1.325808e-04
1.323972e-04
1.322138e-04
1.320306e-04
1.318477e-04
1.316651e-04
1.314827e-04
1.313005e-04
1.311186e-04
1.309370e-04
1.307556e-04
1.305745e-04
1.303936e-04
1.302130e-04
1.300326e-04
1.298525e-04
1.296726e-04
1.294930e-04
1.293136e-04
1.291345e-04
1.289556e-04
1.287770e-04
1.285986e-04
1.284205e-04
1.282426e-04
1.280650e-04
1.278876e-04
1.277104e-04
1.275335e-04
1.273569e-04
1.271805e-04
1.270043e-04
1.268284e-04
1.266527e-04
1.264773e-04
1.263021e-04
1.261272e-04
1.259525e-04
1.257780e-04
1.256038e-04
1.254299e-04
1.252561e-04
1.250827e-04
1.249094e-04
1.247364e-04
1.245636e-04
1.243911e-04
1.242188e-04
1.240468e-04
1.238750e-04
1.237034e-04
1.235321e-04
1.233610e-04
1.231902e-04
1.230195e-04
1.228492e-04
1.226790e-04
1.225091e-04
1.223394e-04
1.221700e-04
1.220008e-04
1.218318e-04
1.216631e-04
1.214946e-04
1.213264e-04
1.211583e-04
1.209906e-04
1.208230e-04
1.206557e-04
1.204886e-04
1.203217e-04
1.201551e-04
1.199887e-04
1.198225e-04
1.196566e-04
1.194909e-04
1.193254e-04
1.191602e-04
1.189951e-04
1.188303e-04
1.186658e-04
1.185015e-04
1.183374e-04
1.181735e-04
1.180098e-04
1.178464e-04
1.176832e-04
1.175203e-04
1.173575e-04
1.171950e-04
1.170327e-04
1.168707e-04
1.167088e-04
1.165472e-04
1.163858e-04
1.162247e-04
1.160637e-04
1.159030e-04
1.157425e-04
1.155823e-04
1.154222e-04
1.152624e-04
1.151028e-04
1.149434e-04
1.147842e-04
1.146253e-04
1.144666e-04
1.143081e-04
1.141498e-04
1.139917e-04
1.138339e-04
1.136763e-04
1.135189e-04
1.133617e-04
1.132047e-04
1.130480e-04
1.128915e-04
1.127352e-04
1.125791e-04
1.124232e-04
1.122675e-04
1.121121e-04
1.119569e-04
1.118019e-04
1.116471e-04
1.114925e-04
1.113381e-04
1.111840e-04
1.110300e-04
1.108763e-04
1.107228e-04
1.105695e-04
1.104164e-04
1.102635e-04
1.101109e-04
1.099584e-04
1.098062e-04
1.096541e-04
1.095023e-04
1.093507e-04
1.091993e-04
1.090482e-04
1.088972e-04
1.087464e-04
1.085959e-04
1.084455e-04
1.082954e-04
1.081455e-04
1.079957e-04
1.078462e-04
1.076969e-04
1.075478e-04
1.073989e-04
1.072502e-04
1.071018e-04
1.069535e-04
1.068054e-04
1.066576e-04
1.065099e-04
1.063625e-04
1.062152e-04
1.060682e-04
1.059213e-04
1.057747e-04
1.056283e-04
1.054821e-04
1.053360e-04
1.051902e-04
1.050446e-04
1.048992e-04
1.047540e-04
1.046090e-04
1.044641e-04
1.043195e-04
1.041751e-04
1.040309e-04
1.038869e-04
1.037431e-04
1.035995e-04
1.034561e-04
1.033129e-04
1.031699e-04
1.030270e-04
1.028844e-04
1.027420e-04
1.025998e-04
1.024578e-04
1.023159e-04
1.021743e-04
1.020329e-04
1.018917e-04
1.017506e-04
1.016098e-04
1.014691e-04
1.013287e-04
1.011884e-04
1.010483e-04
1.009085e-04
1.007688e-04
1.006293e-04
1.004900e-04
1.003509e-04
1.002120e-04
1.000733e-04
9.993481e-05
