1.777778e+00
1.409906e+00
9.654348e-01
6.838632e-01
4.634214e-01
3.313372e-01
2.705458e-01
2.292524e-01
1.980677e-01
1.726182e-01
1.540145e-01
1.407155e-01
1.314810e-01
1.215647e-01
1.120918e-01
1.065013e-01
1.001935e-01
9.459424e-02
8.909472e-02
8.473553e-02
8.078975e-02
7.686683e-02
7.306904e-02
6.956303e-02
6.639489e-02
6.349868e-02
6.078344e-02
5.819792e-02
5.574425e-02
5.344986e-02
5.132547e-02
4.934572e-02
4.746714e-02
4.566003e-02
4.392181e-02
4.226561e-02
4.070091e-02
3.922374e-02
3.781990e-02
3.647421e-02
3.517778e-02
3.392948e-02
3.273290e-02
3.159163e-02
3.050610e-02
2.947301e-02
2.848717e-02
2.754384e-02
2.664036e-02
2.577617e-02
2.495159e-02
2.416619e-02
2.341779e-02
2.270241e-02
2.201517e-02
2.135148e-02
2.070795e-02
2.008270e-02
1.947522e-02
1.888575e-02
1.831469e-02
1.776225e-02
1.722834e-02
1.671270e-02
1.621512e-02
1.573555e-02
1.527411e-02
1.483085e-02
1.440557e-02
1.399760e-02
1.360572e-02
1.322826e-02
1.286336e-02
1.250921e-02
1.216439e-02
1.182799e-02
1.149970e-02
1.117972e-02
1.086855e-02
1.056678e-02
1.027490e-02
9.993125e-03
9.721323e-03
9.459070e-03
9.205713e-03
8.960498e-03
8.722686e-03
8.491647e-03
8.266920e-03
8.048213e-03
7.835383e-03
7.628385e-03
7.427212e-03
7.231851e-03
7.042242e-03
6.858269e-03
6.679758e-03
6.506496e-03
6.338246e-03
6.174773e-03
6.015863e-03
5.861325e-03
5.711003e-03
5.564766e-03
5.422505e-03
5.284123e-03
5.149528e-03
5.018624e-03
4.891314e-03
4.767494e-03
4.647054e-03
4.529887e-03
4.415884e-03
4.304942e-03
4.196963e-03
4.091854e-03
3.989530e-03
3.889909e-03
3.792917e-03
3.698479e-03
3.606525e-03
3.516985e-03
3.429792e-03
3.344879e-03
3.262181e-03
3.181635e-03
3.103179e-03
3.026753e-03
2.952301e-03
2.879766e-03
2.809095e-03
2.740237e-03
2.673142e-03
2.607761e-03
2.544048e-03
2.481956e-03
2.421442e-03
2.362464e-03
2.304978e-03
2.248945e-03
2.194325e-03
2.141081e-03
2.089176e-03
2.038574e-03
1.989240e-03
1.941140e-03
1.894243e-03
1.848515e-03
1.803927e-03
1.760448e-03
1.718049e-03
1.676702e-03
1.636380e-03
1.597055e-03
1.558701e-03
1.521294e-03
1.484810e-03
1.449223e-03
1.414512e-03
1.380653e-03
1.347624e-03
1.315405e-03
1.283975e-03
1.253313e-03
1.223401e-03
1.194218e-03
1.165746e-03
1.137968e-03
1.110866e-03
1.084422e-03
1.058621e-03
1.033445e-03
1.008880e-03
9.849101e-04
9.615199e-04
9.386953e-04
9.164221e-04
8.946866e-04
8.734754e-04
8.527754e-04
8.325739e-04
8.128586e-04
7.936174e-04
7.748387e-04
7.565109e-04
7.386230e-04
7.211640e-04
7.041236e-04
6.874913e-04
6.712572e-04
6.554114e-04
6.399445e-04
6.248472e-04
6.101104e-04
5.957254e-04
5.816835e-04
5.679764e-04
5.545960e-04
5.415342e-04
5.287835e-04
5.163361e-04
5.041847e-04
4.923222e-04
4.807416e-04
4.694360e-04
4.583988e-04
4.476235e-04
4.371038e-04
4.268336e-04
4.168067e-04
4.070174e-04
3.974599e-04
3.881286e-04
3.790182e-04
3.701233e-04
3.614387e-04
3.529594e-04
3.446805e-04
3.365972e-04
3.287048e-04
3.209986e-04
3.134744e-04
3.061276e-04
2.989542e-04
2.919499e-04
2.851107e-04
2.784327e-04
2.719120e-04
2.655449e-04
2.593277e-04
2.532569e-04
2.473290e-04
2.415405e-04
2.358882e-04
2.303689e-04
2.249793e-04
2.197164e-04
2.145772e-04
2.095588e-04
2.046582e-04
1.998728e-04
1.951997e-04
1.906364e-04
1.861802e-04
1.818286e-04
1.775790e-04
1.734292e-04
1.693767e-04
1.654193e-04
1.615546e-04
1.577806e-04
1.540950e-04
1.504958e-04
1.469810e-04
1.435485e-04
1.401964e-04
1.369229e-04
1.337260e-04
1.306040e-04
1.275550e-04
1.245775e-04
1.216696e-04
1.188298e-04
1.160565e-04
1.133480e-04
1.107029e-04
1.081197e-04
1.055970e-04
1.031332e-04
1.007270e-04
9.837713e-05
