7.811801e+00
5.147970e+00
3.168668e+00
2.524350e+00
2.426545e+00
2.350966e+00
2.215803e+00
2.077211e+00
1.958080e+00
1.849882e+00
1.745573e+00
1.646771e+00
1.563306e+00
1.481585e+00
1.401798e+00
1.324226e+00
1.249146e+00
1.176645e+00
1.106681e+00
1.039187e+00
9.798007e-01
9.353431e-01
8.968024e-01
8.605267e-01
8.284602e-01
7.968112e-01
7.685568e-01
7.413385e-01
7.167030e-01
6.925989e-01
6.705971e-01
6.496489e-01
6.297018e-01
6.108644e-01
5.930215e-01
5.762868e-01
5.599850e-01
5.447428e-01
5.300478e-01
5.161436e-01
5.027239e-01
4.899737e-01
4.777120e-01
4.659328e-01
4.547024e-01
4.437999e-01
4.333711e-01
4.233413e-01
4.137268e-01
4.043216e-01
3.952912e-01
3.866699e-01
3.782882e-01
3.701342e-01
3.622508e-01
3.546745e-01
3.473044e-01
3.401682e-01
3.331974e-01
3.264567e-01
3.199475e-01
3.136209e-01
3.074200e-01
3.013915e-01
2.955630e-01
2.898965e-01
2.843561e-01
2.789458e-01
2.736410e-01
2.685380e-01
2.635538e-01
2.586623e-01
2.538734e-01
2.491808e-01
2.445750e-01
2.400659e-01
2.356346e-01
2.312941e-01
2.270293e-01
2.228446e-01
2.187375e-01
2.147154e-01
2.108324e-01
2.071404e-01
2.036336e-01
2.002003e-01
1.968014e-01
1.935002e-01
1.903008e-01
1.871586e-01
1.840866e-01
1.811032e-01
1.781740e-01
1.753120e-01
1.725226e-01
1.697843e-01
1.671111e-01
1.644964e-01
1.619330e-01
1.594279e-01
1.569738e-01
1.545692e-01
1.522167e-01
1.499100e-01
1.476502e-01
1.454374e-01
1.432659e-01
1.411396e-01
1.390539e-01
1.370081e-01
1.350035e-01
1.330352e-01
1.311059e-01
1.292122e-01
1.273537e-01
1.255307e-01
1.237400e-01
1.219833e-01
1.202579e-01
1.185637e-01
1.169004e-01
1.152660e-01
1.136612e-01
1.120842e-01
1.105349e-01
1.090127e-01
1.075164e-01
1.060461e-01
1.046007e-01
1.031799e-01
1.017831e-01
1.004095e-01
9.905893e-02
9.773066e-02
9.642427e-02
9.513933e-02
9.387523e-02
9.263170e-02
9.140816e-02
9.020421e-02
8.901954e-02
8.785355e-02
8.670607e-02
8.557655e-02
8.446469e-02
8.337016e-02
8.229250e-02
8.123153e-02
8.018675e-02
7.915796e-02
7.814480e-02
7.714693e-02
7.616415e-02
7.519603e-02
7.424244e-02
7.330298e-02
7.237743e-02
7.146556e-02
7.056704e-02
6.968171e-02
6.880924e-02
6.794947e-02
6.710213e-02
6.626700e-02
6.544389e-02
6.463253e-02
6.383276e-02
6.304429e-02
6.226697e-02
6.150061e-02
6.074498e-02
5.999994e-02
5.926526e-02
5.854079e-02
5.782635e-02
5.712175e-02
5.642686e-02
5.574146e-02
5.506545e-02
5.439863e-02
5.374086e-02
5.309199e-02
5.245187e-02
5.182036e-02
5.119731e-02
5.058260e-02
4.997607e-02
4.937760e-02
4.878706e-02
4.820432e-02
4.762927e-02
4.706177e-02
4.650171e-02
4.594896e-02
4.540343e-02
4.486499e-02
4.433353e-02
4.380895e-02
4.329114e-02
4.277999e-02
4.227541e-02
4.177730e-02
4.128556e-02
4.080009e-02
4.032079e-02
3.984759e-02
3.938038e-02
3.891907e-02
3.846359e-02
3.801384e-02
3.756974e-02
3.713121e-02
3.669817e-02
3.627053e-02
3.584823e-02
3.543118e-02
3.501931e-02
3.461254e-02
3.421081e-02
3.381404e-02
3.342216e-02
3.303510e-02
3.265280e-02
3.227519e-02
3.190220e-02
3.153377e-02
3.116984e-02
3.081034e-02
3.045522e-02
3.010442e-02
2.975787e-02
2.941552e-02
2.907731e-02
2.874319e-02
2.841310e-02
2.808698e-02
2.776479e-02
2.744647e-02
2.713197e-02
2.682123e-02
2.651422e-02
2.621087e-02
2.591115e-02
2.561499e-02
2.532237e-02
2.503322e-02
2.474751e-02
2.446518e-02
2.418620e-02
2.391053e-02
2.363811e-02
2.336891e-02
2.310289e-02
2.284000e-02
2.258021e-02
2.232347e-02
2.206975e-02
2.181901e-02
2.157121e-02
2.132631e-02
2.108428e-02
2.084508e-02
2.060867e-02
2.037503e-02
2.014411e-02
1.991588e-02
1.969031e-02
1.946736e-02
1.924700e-02
1.902921e-02
1.881394e-02
1.860117e-02
1.839087e-02
1.818300e-02
1.797753e-02
1.777444e-02
1.757370e-02
1.737528e-02
1.717915e-02
1.698528e-02
1.679364e-02
1.660421e-02
1.641696e-02
1.623186e-02
1.604890e-02
1.586803e-02
1.568924e-02
1.551251e-02
1.533780e-02
1.516509e-02
1.499436e-02
1.482559e-02
1.465874e-02
1.449381e-02
1.433076e-02
1.416958e-02
1.401023e-02
1.385271e-02
1.369698e-02
1.354303e-02
1.339083e-02
1.324037e-02
1.309162e-02
1.294457e-02
1.279919e-02
1.265546e-02
1.251337e-02
1.237289e-02
1.223401e-02
1.209671e-02
1.196096e-02
1.182676e-02
1.169408e-02
1.156290e-02
1.143321e-02
1.130499e-02
1.117823e-02
1.105290e-02
1.092898e-02
1.080648e-02
1.068535e-02
1.056560e-02
1.044720e-02
1.033015e-02
1.021441e-02
1.009998e-02
9.986848e-03
9.874991e-03
9.764397e-03
9.655052e-03
9.546941e-03
9.440049e-03
9.334364e-03
9.229871e-03
9.126556e-03
9.024405e-03
8.923406e-03
8.823545e-03
8.724810e-03
8.627186e-03
8.530662e-03
8.435225e-03
8.340862e-03
8.247561e-03
8.155310e-03
8.064097e-03
7.973910e-03
7.884738e-03
7.796568e-03
7.709390e-03
7.623191e-03
7.537962e-03
7.453690e-03
7.370366e-03
7.287977e-03
7.206514e-03
7.125966e-03
7.046322e-03
6.967573e-03
6.889707e-03
6.812716e-03
6.736589e-03
6.661316e-03
6.586888e-03
6.513294e-03
6.440527e-03
6.368575e-03
6.297431e-03
6.227084e-03
6.157526e-03
6.088747e-03
6.020740e-03
5.953495e-03
5.887004e-03
5.821257e-03
5.756248e-03
5.691967e-03
5.628406e-03
5.565556e-03
5.503411e-03
5.441962e-03
5.381201e-03
5.321120e-03
5.261712e-03
5.202970e-03
5.144884e-03
5.087449e-03
5.030657e-03
4.974500e-03
4.918972e-03
4.864065e-03
4.809773e-03
4.756088e-03
4.703004e-03
4.650513e-03
4.598610e-03
4.547287e-03
4.496538e-03
4.446357e-03
4.396737e-03
4.347672e-03
4.299155e-03
4.251181e-03
4.203743e-03
4.156836e-03
4.110453e-03
4.064589e-03
4.019237e-03
3.974392e-03
3.930048e-03
3.886200e-03
3.842842e-03
3.799968e-03
3.757574e-03
3.715653e-03
3.674201e-03
3.633212e-03
3.592680e-03
3.552602e-03
3.512971e-03
3.473783e-03
3.435033e-03
3.396715e-03
3.358826e-03
3.321360e-03
3.284312e-03
3.247678e-03
3.211453e-03
3.175632e-03
3.140212e-03
3.105187e-03
3.070553e-03
3.036306e-03
3.002441e-03
2.968955e-03
2.935842e-03
2.903099e-03
2.870721e-03
2.838705e-03
2.807047e-03
2.775741e-03
2.744786e-03
2.714175e-03
2.683907e-03
2.653976e-03
2.624379e-03
2.595113e-03
2.566173e-03
2.537556e-03
2.509259e-03
2.481278e-03
2.453608e-03
2.426248e-03
2.399193e-03
2.372439e-03
2.345985e-03
2.319825e-03
2.293957e-03
2.268378e-03
2.243085e-03
2.218073e-03
2.193341e-03
2.168885e-03
2.144701e-03
2.120787e-03
2.097141e-03
2.073757e-03
2.050635e-03
2.027771e-03
2.005162e-03
1.982805e-03
1.960697e-03
1.938836e-03
1.917219e-03
1.895843e-03
1.874706e-03
1.853804e-03
1.833135e-03
1.812697e-03
1.792487e-03
1.772502e-03
1.752741e-03
1.733199e-03
1.713876e-03
1.694768e-03
1.675873e-03
1.657189e-03
1.638714e-03
1.620444e-03
1.602378e-03
1.584514e-03
1.566849e-03
1.549381e-03
1.532108e-03
1.515027e-03
1.498137e-03
1.481435e-03
1.464920e-03
1.448588e-03
1.432439e-03
1.416470e-03
1.400679e-03
1.385064e-03
1.369623e-03
1.354354e-03
1.339256e-03
1.324326e-03
1.309562e-03
1.294963e-03
1.280527e-03
1.266252e-03
1.252136e-03
1.238177e-03
1.224374e-03
1.210725e-03
1.197229e-03
1.183882e-03
1.170685e-03
1.157634e-03
1.144729e-03
1.131968e-03
1.119350e-03
1.106872e-03
1.094533e-03
1.082331e-03
1.070266e-03
1.058335e-03
1.046538e-03
1.034871e-03
1.023335e-03
1.011928e-03
1.000647e-03
9.894929e-04
9.784627e-04
9.675555e-04
9.567699e-04
9.461045e-04
9.355580e-04
9.251292e-04
9.148166e-04
9.046189e-04
8.945350e-04
8.845634e-04
8.747031e-04
8.649527e-04
8.553109e-04
8.457767e-04
8.363488e-04
8.270259e-04
8.178070e-04
8.086909e-04
7.996764e-04
7.907624e-04
7.819478e-04
7.732314e-04
7.646122e-04
7.560891e-04
7.476611e-04
7.393269e-04
7.310857e-04
7.229364e-04
7.148779e-04
7.069092e-04
6.990294e-04
6.912374e-04
6.835323e-04
6.759131e-04
6.683788e-04
6.609285e-04
6.535612e-04
6.462761e-04
6.390722e-04
6.319486e-04
6.249044e-04
6.179388e-04
6.110507e-04
6.042395e-04
5.975042e-04
5.908440e-04
5.842580e-04
5.777455e-04
5.713055e-04
5.649373e-04
5.586402e-04
5.524132e-04
5.462556e-04
5.401667e-04
5.341456e-04
5.281917e-04
5.223041e-04
5.164822e-04
5.107252e-04
5.050323e-04
4.994029e-04
4.938362e-04
4.883316e-04
4.828884e-04
4.775058e-04
4.721833e-04
4.669200e-04
4.617155e-04
4.565689e-04
4.514798e-04
4.464473e-04
4.414710e-04
4.365501e-04
4.316841e-04
4.268723e-04
4.221141e-04
4.174090e-04
4.127564e-04
4.081556e-04
4.036060e-04
3.991072e-04
3.946586e-04
3.902595e-04
3.859095e-04
3.816079e-04
3.773544e-04
3.731482e-04
3.689889e-04
3.648760e-04
3.608089e-04
3.567871e-04
3.528102e-04
3.488776e-04
3.449889e-04
3.411435e-04
3.373409e-04
3.335808e-04
3.298625e-04
3.261857e-04
3.225499e-04
3.189546e-04
3.153994e-04
3.118838e-04
3.084074e-04
3.049698e-04
3.015705e-04
2.982090e-04
2.948851e-04
2.915982e-04
2.883479e-04
2.851338e-04
2.819556e-04
2.788128e-04
2.757051e-04
2.726319e-04
2.695931e-04
2.665881e-04
2.636166e-04
2.606782e-04
2.577726e-04
2.548994e-04
2.520581e-04
2.492486e-04
2.464704e-04
2.437231e-04
2.410065e-04
2.383201e-04
2.356637e-04
2.330369e-04
2.304394e-04
2.278709e-04
2.253309e-04
2.228193e-04
2.203357e-04
2.178797e-04
2.154512e-04
2.130497e-04
2.106749e-04
2.083267e-04
2.060046e-04
2.037084e-04
2.014378e-04
1.991925e-04
1.969722e-04
1.947767e-04
1.926056e-04
1.904588e-04
1.883359e-04
1.862366e-04
1.841607e-04
1.821080e-04
1.800782e-04
1.780710e-04
1.760861e-04
1.741234e-04
1.721826e-04
1.702634e-04
1.683656e-04
1.664889e-04
1.646332e-04
1.627981e-04
1.609835e-04
1.591891e-04
1.574147e-04
1.556601e-04
1.539251e-04
1.522094e-04
1.505128e-04
1.488352e-04
1.471762e-04
1.455357e-04
1.439135e-04
1.423094e-04
1.407232e-04
1.391546e-04
1.376036e-04
1.360698e-04
1.345531e-04
1.330534e-04
1.315703e-04
1.301038e-04
1.286536e-04
1.272196e-04
1.258016e-04
1.243993e-04
1.230127e-04
1.216416e-04
1.202857e-04
1.189450e-04
1.176192e-04
1.163082e-04
1.150118e-04
1.137298e-04
1.124621e-04
1.112086e-04
1.099690e-04
1.087433e-04
1.075312e-04
1.063326e-04
1.051474e-04
1.039754e-04
1.028165e-04
1.016704e-04
1.005372e-04
9.941656e-05
9.830843e-05
9.721266e-05
9.612909e-05
9.505761e-05
9.399807e-05
9.295034e-05
9.191428e-05
9.088978e-05
8.987670e-05
8.887490e-05
8.788427e-05
8.690469e-05
8.593602e-05
8.497815e-05
8.403096e-05
8.309432e-05
8.216813e-05
8.125226e-05
8.034660e-05
7.945103e-05
7.856544e-05
7.768973e-05
7.682378e-05
7.596747e-05
7.512072e-05
7.428340e-05
7.345541e-05
7.263666e-05
7.182703e-05
7.102642e-05
7.023474e-05
6.945188e-05
6.867775e-05
6.791225e-05
6.715528e-05
6.640675e-05
6.566655e-05
6.493462e-05
6.421083e-05
6.349512e-05
6.278739e-05
6.208754e-05
6.139549e-05
6.071116e-05
6.003445e-05
5.936529e-05
5.870359e-05
5.804926e-05
5.740223e-05
5.676241e-05
5.612971e-05
5.550408e-05
5.488541e-05
5.427364e-05
5.366869e-05
5.307048e-05
5.247894e-05
5.189400e-05
5.131557e-05
5.074360e-05
5.017799e-05
4.961869e-05
4.906563e-05
4.851873e-05
4.797792e-05
4.744315e-05
4.691433e-05
4.639141e-05
4.587432e-05
4.536299e-05
4.485736e-05
4.435737e-05
4.386295e-05
4.337404e-05
4.289058e-05
4.241251e-05
4.193976e-05
4.147229e-05
4.101003e-05
4.055292e-05
4.010090e-05
3.965393e-05
3.921194e-05
3.877486e-05
3.834267e-05
3.791529e-05
3.749268e-05
3.707477e-05
3.666153e-05
3.625288e-05
3.584880e-05
3.544922e-05
3.505409e-05
3.466337e-05
3.427700e-05
3.389494e-05
3.351713e-05
3.314354e-05
3.277411e-05
3.240881e-05
3.204757e-05
3.169036e-05
3.133713e-05
3.098783e-05
3.064243e-05
3.030088e-05
2.996314e-05
2.962916e-05
2.929891e-05
2.897233e-05
2.864940e-05
2.833006e-05
2.801429e-05
2.770203e-05
2.739326e-05
2.708793e-05
2.678600e-05
2.648743e-05
2.619220e-05
2.590025e-05
2.561156e-05
2.532609e-05
2.504379e-05
2.476465e-05
2.448861e-05
2.421566e-05
2.394574e-05
2.367883e-05
2.341490e-05
2.315391e-05
2.289583e-05
2.264063e-05
2.238827e-05
2.213872e-05
2.189196e-05
2.164794e-05
2.140665e-05
2.116805e-05
2.093210e-05
2.069879e-05
2.046807e-05
2.023993e-05
2.001433e-05
1.979124e-05
1.957064e-05
1.935250e-05
1.913679e-05
1.892349e-05
1.871256e-05
1.850399e-05
1.829774e-05
1.809378e-05
1.789211e-05
1.769268e-05
1.749547e-05
1.730046e-05
1.710762e-05
1.691694e-05
1.672837e-05
1.654192e-05
1.635754e-05
1.617521e-05
1.599491e-05
1.581663e-05
1.564033e-05
1.546600e-05
1.529361e-05
1.512315e-05
1.495458e-05
1.478789e-05
1.462306e-05
1.446007e-05
1.429889e-05
1.413951e-05
1.398191e-05
1.382606e-05
1.367195e-05
1.351956e-05
1.336887e-05
1.321986e-05
1.307251e-05
1.292679e-05
1.278271e-05
1.264023e-05
1.249934e-05
1.236002e-05
1.222225e-05
1.208601e-05
1.195130e-05
1.181809e-05
1.168636e-05
1.155610e-05
1.142729e-05
1.129992e-05
1.117397e-05
1.104942e-05
1.092626e-05
1.080447e-05
1.068404e-05
1.056495e-05
1.044720e-05
1.033075e-05
1.021560e-05
1.010173e-05
9.989135e-06
