3.634606e-03
3.096964e-03
2.977501e-03
4.309667e-03
5.520746e-03
6.222155e-03
1.771331e-03
2.286552e-03
2.844332e-03
3.412121e-03
3.543693e-03
8.927209e-04
1.120923e-03
1.185776e-03
1.305949e-03
1.336154e-03
3.011064e-04
3.506570e-04
3.460069e-04
3.760066e-04
3.862660e-04
8.668846e-05
1.017969e-04
9.975008e-05
1.099696e-04
1.116850e-04
2.604847e-05
3.114487e-05
3.140004e-05
3.473911e-05
3.539760e-05
8.219230e-06
9.897977e-06
1.000174e-05
1.098983e-05
1.140118e-05
2.697036e-06
3.241562e-06
3.280360e-06
3.663865e-06
3.748261e-06
8.851383e-07
1.071522e-06
1.098977e-06
1.216568e-06
1.249105e-06
2.957221e-07
