3.207604e-03
2.754652e-03
3.323212e-03
4.937661e-03
6.683269e-03
7.666703e-03
2.283814e-03
3.077381e-03
3.746400e-03
4.428750e-03
4.582170e-03
1.096152e-03
1.437824e-03
1.536916e-03
1.680186e-03
1.709894e-03
3.691660e-04
4.574503e-04
4.483486e-04
4.875492e-04
4.975461e-04
1.062880e-04
1.319220e-04
1.300141e-04
1.429258e-04
1.453097e-04
3.192833e-05
3.960733e-05
3.990890e-05
4.366331e-05
4.458796e-05
9.932840e-06
1.229103e-05
1.247681e-05
1.370337e-05
1.404186e-05
3.171544e-06
3.923588e-06
4.009679e-06
4.423268e-06
4.549860e-06
1.041288e-06
1.287761e-06
1.321516e-06
1.458067e-06
1.501779e-06
3.460757e-07
