1.570935e-03
1.371853e-03
1.205404e-03
1.063223e-03
9.401549e-04
8.326989e-04
7.383121e-04
6.550597e-04
5.814156e-04
5.222482e-04
5.040851e-04
4.838209e-04
4.612053e-04
4.342535e-04
4.030475e-04
3.711783e-04
3.365617e-04
3.110387e-04
2.944910e-04
2.767189e-04
2.602083e-04
2.434993e-04
2.271703e-04
2.113269e-04
1.955571e-04
1.866920e-04
1.792529e-04
1.716800e-04
1.637053e-04
1.551625e-04
1.458841e-04
1.373639e-04
1.333674e-04
1.288453e-04
1.237762e-04
1.180829e-04
1.118551e-04
1.050743e-04
1.021115e-04
9.876042e-05
9.498908e-05
9.077742e-05
8.615618e-05
8.118753e-05
7.815423e-05
7.552546e-05
7.260227e-05
6.940979e-05
6.592690e-05
6.213808e-05
5.935674e-05
5.734063e-05
5.512508e-05
5.270266e-05
5.003586e-05
4.719789e-05
4.478411e-05
4.327642e-05
4.161588e-05
3.978060e-05
3.777841e-05
3.562889e-05
3.390412e-05
3.379243e-05
3.354690e-05
3.322570e-05
3.276350e-05
3.216895e-05
3.149269e-05
3.067471e-05
2.976490e-05
2.927570e-05
2.892254e-05
2.848517e-05
2.793659e-05
2.727614e-05
2.653849e-05
2.567712e-05
2.475211e-05
2.415834e-05
2.371399e-05
2.319508e-05
2.259363e-05
2.189376e-05
2.113373e-05
2.028313e-05
1.939836e-05
1.898902e-05
1.851157e-05
1.796036e-05
1.735568e-05
1.667408e-05
1.594765e-05
1.516361e-05
1.466632e-05
1.425027e-05
1.379086e-05
1.327271e-05
1.271416e-05
1.210694e-05
1.146251e-05
1.096958e-05
1.063799e-05
1.026707e-05
9.860839e-06
9.415765e-06
8.945269e-06
8.445892e-06
7.959754e-06
7.713820e-06
7.440934e-06
7.142069e-06
6.815520e-06
6.465618e-06
6.300987e-06
6.236400e-06
6.147625e-06
6.028940e-06
5.890638e-06
5.724567e-06
5.595907e-06
5.528768e-06
5.438231e-06
5.324144e-06
5.192947e-06
5.037883e-06
4.867203e-06
4.678026e-06
4.578641e-06
4.479924e-06
4.365466e-06
4.232588e-06
4.087192e-06
3.925819e-06
3.751300e-06
3.614375e-06
3.522169e-06
3.417805e-06
3.302328e-06
3.174558e-06
3.036650e-06
2.890337e-06
2.737639e-06
2.661390e-06
2.576311e-06
2.483136e-06
2.381630e-06
2.272964e-06
2.156887e-06
2.035621e-06
1.940181e-06
1.877050e-06
1.808360e-06
1.734134e-06
1.654283e-06
1.569832e-06
1.480906e-06
1.430395e-06
1.414349e-06
1.391449e-06
1.363215e-06
1.329205e-06
1.290424e-06
1.275946e-06
1.257725e-06
1.234160e-06
1.206091e-06
1.173551e-06
1.136587e-06
1.095524e-06
1.064263e-06
1.042571e-06
1.017690e-06
9.891317e-07
