1.245012e-02
7.930815e-03
5.641288e-03
4.251528e-03
3.339142e-03
2.707817e-03
2.252091e-03
1.911315e-03
1.648788e-03
1.441303e-03
1.273647e-03
1.135562e-03
1.019957e-03
9.218251e-04
8.375494e-04
7.644624e-04
7.005543e-04
6.442805e-04
5.944322e-04
5.500474e-04
5.103495e-04
4.747027e-04
4.425811e-04
4.135448e-04
3.872225e-04
3.632982e-04
3.415013e-04
3.215982e-04
3.033865e-04
2.866896e-04
2.713526e-04
2.572396e-04
2.442303e-04
2.322185e-04
2.211095e-04
2.108192e-04
2.012722e-04
1.924015e-04
1.841465e-04
1.764532e-04
1.692728e-04
1.625614e-04
1.562793e-04
1.503908e-04
1.448633e-04
1.396678e-04
1.347774e-04
1.301682e-04
1.258182e-04
1.217075e-04
1.178179e-04
1.141329e-04
1.106375e-04
1.073180e-04
1.041617e-04
1.011572e-04
9.829403e-05
9.556251e-05
9.295384e-05
9.045994e-05
8.807336e-05
8.578729e-05
8.359542e-05
8.149197e-05
7.947161e-05
7.752941e-05
7.566081e-05
7.386161e-05
7.212793e-05
7.045614e-05
6.884291e-05
6.728513e-05
6.577992e-05
6.432460e-05
6.291666e-05
6.155377e-05
6.023378e-05
5.895463e-05
5.771445e-05
5.651144e-05
5.534396e-05
5.421044e-05
5.310942e-05
5.203952e-05
5.099944e-05
4.998798e-05
4.900399e-05
4.804637e-05
4.711412e-05
4.620626e-05
4.532188e-05
4.446012e-05
4.362015e-05
4.280120e-05
4.200254e-05
4.122345e-05
4.046327e-05
3.972138e-05
3.899715e-05
3.829003e-05
3.759945e-05
3.692490e-05
3.626586e-05
3.562187e-05
3.499246e-05
3.437719e-05
3.377564e-05
3.318742e-05
3.261212e-05
3.204938e-05
3.149884e-05
3.096016e-05
3.043301e-05
2.991707e-05
2.941203e-05
2.891760e-05
2.843350e-05
2.795945e-05
2.749518e-05
2.704044e-05
2.659499e-05
2.615858e-05
2.573099e-05
2.531200e-05
2.490138e-05
2.449893e-05
2.410445e-05
2.371774e-05
2.333862e-05
2.296690e-05
2.260240e-05
2.224495e-05
2.189438e-05
2.155054e-05
2.121325e-05
2.088238e-05
2.055777e-05
2.023928e-05
1.992677e-05
1.962010e-05
1.931914e-05
1.902375e-05
1.873383e-05
1.844924e-05
1.816986e-05
1.789559e-05
1.762631e-05
1.736190e-05
1.710227e-05
1.684730e-05
1.659691e-05
1.635098e-05
1.610944e-05
1.587217e-05
1.563909e-05
1.541012e-05
1.518516e-05
1.496414e-05
1.474696e-05
1.453356e-05
1.432384e-05
1.411774e-05
1.391519e-05
1.371610e-05
1.352041e-05
1.332805e-05
1.313895e-05
1.295305e-05
1.277028e-05
1.259058e-05
1.241388e-05
1.224014e-05
1.206928e-05
1.190125e-05
1.173601e-05
1.157348e-05
1.141363e-05
1.125639e-05
1.110171e-05
1.094956e-05
1.079987e-05
1.065260e-05
1.050771e-05
1.036514e-05
1.022486e-05
1.008682e-05
9.950984e-06
9.817301e-06
9.685735e-06
9.556245e-06
9.428795e-06
9.303344e-06
9.179857e-06
9.058297e-06
8.938628e-06
8.820815e-06
8.704825e-06
8.590624e-06
8.478180e-06
8.367461e-06
8.258435e-06
8.151071e-06
8.045341e-06
7.941214e-06
7.838663e-06
7.737658e-06
7.638172e-06
7.540178e-06
7.443651e-06
7.348564e-06
7.254891e-06
7.162608e-06
7.071691e-06
6.982116e-06
6.893859e-06
6.806898e-06
6.721211e-06
6.636774e-06
6.553568e-06
6.471570e-06
6.390761e-06
6.311119e-06
6.232625e-06
6.155260e-06
6.079005e-06
6.003840e-06
5.929748e-06
5.856710e-06
5.784709e-06
5.713728e-06
5.643750e-06
5.574758e-06
5.506735e-06
5.439667e-06
5.373537e-06
5.308329e-06
5.244029e-06
5.180623e-06
5.118094e-06
5.056430e-06
4.995616e-06
4.935639e-06
4.876484e-06
4.818140e-06
4.760592e-06
4.703829e-06
4.647837e-06
4.592605e-06
4.538120e-06
4.484371e-06
4.431346e-06
4.379034e-06
4.327424e-06
4.276504e-06
4.226264e-06
4.176693e-06
4.127781e-06
4.079518e-06
4.031894e-06
3.984899e-06
3.938523e-06
3.892756e-06
3.847591e-06
3.803016e-06
3.759024e-06
3.715606e-06
3.672752e-06
3.630455e-06
3.588706e-06
3.547497e-06
3.506819e-06
3.466666e-06
3.427028e-06
3.387899e-06
3.349270e-06
3.311135e-06
3.273486e-06
3.236316e-06
3.199618e-06
3.163386e-06
3.127611e-06
3.092288e-06
3.057410e-06
3.022971e-06
2.988964e-06
2.955383e-06
2.922222e-06
2.889474e-06
2.857135e-06
2.825198e-06
2.793657e-06
2.762507e-06
2.731742e-06
2.701357e-06
2.671347e-06
2.641705e-06
2.612427e-06
2.583508e-06
2.554943e-06
2.526727e-06
2.498855e-06
2.471322e-06
2.444123e-06
2.417255e-06
2.390711e-06
2.364489e-06
2.338582e-06
2.312988e-06
2.287702e-06
2.262719e-06
2.238036e-06
2.213648e-06
2.189552e-06
2.165743e-06
2.142217e-06
2.118972e-06
2.096002e-06
2.073304e-06
2.050875e-06
2.028711e-06
2.006809e-06
1.985164e-06
1.963774e-06
1.942635e-06
1.921744e-06
1.901098e-06
1.880693e-06
1.860526e-06
1.840594e-06
1.820894e-06
1.801423e-06
1.782178e-06
1.763156e-06
1.744354e-06
1.725770e-06
1.707399e-06
1.689241e-06
1.671291e-06
1.653548e-06
1.636008e-06
1.618669e-06
1.601529e-06
1.584584e-06
1.567833e-06
1.551272e-06
1.534901e-06
1.518715e-06
1.502713e-06
1.486892e-06
1.471251e-06
1.455786e-06
1.440496e-06
1.425378e-06
1.410431e-06
1.395652e-06
1.381039e-06
1.366590e-06
1.352302e-06
1.338175e-06
1.324206e-06
1.310393e-06
1.296734e-06
1.283227e-06
1.269870e-06
1.256662e-06
1.243600e-06
1.230683e-06
1.217909e-06
1.205277e-06
1.192784e-06
1.180429e-06
1.168211e-06
1.156127e-06
1.144176e-06
1.132356e-06
1.120666e-06
1.109104e-06
1.097669e-06
1.086358e-06
1.075172e-06
1.064108e-06
1.053164e-06
1.042340e-06
1.031633e-06
1.021043e-06
1.010568e-06
1.000206e-06
9.899574e-07
9.798193e-07
9.697909e-07
9.598709e-07
9.500580e-07
