1.079871e-02
7.106741e-03
5.300999e-03
4.122185e-03
3.278904e-03
2.660521e-03
2.202321e-03
1.858586e-03
1.596289e-03
1.392053e-03
1.229634e-03
1.097813e-03
9.888115e-04
8.971734e-04
8.190114e-04
7.515061e-04
6.925759e-04
6.406561e-04
5.945506e-04
5.533302e-04
5.162906e-04
4.828226e-04
4.524403e-04
4.247551e-04
3.994444e-04
3.762379e-04
3.549064e-04
3.352543e-04
3.171128e-04
3.003354e-04
2.847939e-04
2.703757e-04
2.569808e-04
2.445205e-04
2.329154e-04
2.220944e-04
2.119935e-04
2.025546e-04
1.937254e-04
1.854584e-04
1.777101e-04
1.704411e-04
1.636154e-04
1.571999e-04
1.511645e-04
1.454814e-04
1.401253e-04
1.350726e-04
1.303020e-04
1.257935e-04
1.215291e-04
1.174918e-04
1.136662e-04
1.100378e-04
1.065936e-04
1.033212e-04
1.002094e-04
9.724767e-05
9.442634e-05
9.173645e-05
8.916968e-05
8.671834e-05
8.437529e-05
8.213388e-05
7.998798e-05
7.793186e-05
7.596022e-05
7.406812e-05
7.225098e-05
7.050451e-05
6.882475e-05
6.720799e-05
6.565078e-05
6.414990e-05
6.270235e-05
6.130532e-05
5.995620e-05
5.865255e-05
5.739207e-05
5.617264e-05
5.499223e-05
5.384899e-05
5.274115e-05
5.166705e-05
5.062517e-05
4.961404e-05
4.863229e-05
4.767864e-05
4.675189e-05
4.585090e-05
4.497459e-05
4.412196e-05
4.329205e-05
4.248396e-05
4.169684e-05
4.092988e-05
4.018233e-05
3.945346e-05
3.874259e-05
3.804907e-05
3.737229e-05
3.671166e-05
3.606663e-05
3.543667e-05
3.482128e-05
3.421997e-05
3.363230e-05
3.305783e-05
3.249614e-05
3.194683e-05
3.140953e-05
3.088388e-05
3.036953e-05
2.986614e-05
2.937340e-05
2.889100e-05
2.841864e-05
2.795606e-05
2.750298e-05
2.705913e-05
2.662427e-05
2.619816e-05
2.578057e-05
2.537127e-05
2.497005e-05
2.457670e-05
2.419102e-05
2.381282e-05
2.344191e-05
2.307812e-05
2.272127e-05
2.237118e-05
2.202770e-05
2.169067e-05
2.135994e-05
2.103536e-05
2.071678e-05
2.040407e-05
2.009710e-05
1.979572e-05
1.949982e-05
1.920927e-05
1.892395e-05
1.864375e-05
1.836855e-05
1.809824e-05
1.783272e-05
1.757189e-05
1.731563e-05
1.706387e-05
1.681649e-05
1.657340e-05
1.633452e-05
1.609976e-05
1.586903e-05
1.564225e-05
1.541934e-05
1.520021e-05
1.498479e-05
1.477301e-05
1.456478e-05
1.436005e-05
1.415873e-05
1.396077e-05
1.376609e-05
1.357462e-05
1.338632e-05
1.320110e-05
1.301892e-05
1.283971e-05
1.266342e-05
1.248999e-05
1.231936e-05
1.215148e-05
1.198630e-05
1.182376e-05
1.166382e-05
1.150643e-05
1.135153e-05
1.119909e-05
1.104906e-05
1.090138e-05
1.075602e-05
1.061294e-05
1.047209e-05
1.033343e-05
1.019692e-05
1.006252e-05
9.930190e-06
9.799899e-06
9.671606e-06
9.545275e-06
9.420871e-06
9.298359e-06
9.177706e-06
9.058878e-06
8.941842e-06
8.826567e-06
8.713022e-06
8.601176e-06
8.490999e-06
8.382463e-06
8.275538e-06
8.170196e-06
8.066409e-06
7.964152e-06
7.863397e-06
7.764119e-06
7.666291e-06
7.569890e-06
7.474891e-06
7.381270e-06
7.289004e-06
7.198069e-06
7.108443e-06
7.020105e-06
6.933031e-06
6.847203e-06
6.762597e-06
6.679195e-06
6.596976e-06
6.515920e-06
6.436008e-06
6.357222e-06
6.279543e-06
6.202952e-06
6.127432e-06
6.052966e-06
5.979536e-06
5.907126e-06
5.835718e-06
5.765297e-06
5.695847e-06
5.627353e-06
5.559798e-06
5.493169e-06
5.427449e-06
5.362626e-06
5.298684e-06
5.235610e-06
5.173389e-06
5.112009e-06
5.051457e-06
4.991719e-06
4.932782e-06
4.874635e-06
4.817265e-06
4.760659e-06
4.704807e-06
4.649696e-06
4.595315e-06
4.541653e-06
4.488698e-06
4.436441e-06
4.384870e-06
4.333975e-06
4.283746e-06
4.234173e-06
4.185245e-06
4.136954e-06
4.089289e-06
4.042241e-06
3.995801e-06
3.949960e-06
3.904708e-06
3.860038e-06
3.815941e-06
3.772408e-06
3.729430e-06
3.687001e-06
3.645110e-06
3.603752e-06
3.562918e-06
3.522600e-06
3.482791e-06
3.443483e-06
3.404670e-06
3.366344e-06
3.328497e-06
3.291125e-06
3.254218e-06
3.217771e-06
3.181778e-06
3.146231e-06
3.111125e-06
3.076453e-06
3.042209e-06
3.008387e-06
2.974981e-06
2.941985e-06
2.909394e-06
2.877201e-06
2.845402e-06
2.813991e-06
2.782962e-06
2.752310e-06
2.722030e-06
2.692117e-06
2.662566e-06
2.633371e-06
2.604528e-06
2.576033e-06
2.547879e-06
2.520063e-06
2.492581e-06
2.465427e-06
2.438596e-06
2.412086e-06
2.385891e-06
2.360007e-06
2.334430e-06
2.309156e-06
2.284181e-06
2.259501e-06
2.235112e-06
2.211009e-06
2.187190e-06
2.163650e-06
2.140387e-06
2.117395e-06
2.094672e-06
2.072214e-06
2.050017e-06
2.028079e-06
2.006395e-06
1.984963e-06
1.963779e-06
1.942840e-06
1.922143e-06
1.901685e-06
1.881462e-06
1.861471e-06
1.841711e-06
1.822176e-06
1.802866e-06
1.783776e-06
1.764905e-06
1.746249e-06
1.727805e-06
1.709571e-06
1.691544e-06
1.673722e-06
1.656102e-06
1.638681e-06
1.621457e-06
1.604427e-06
1.587590e-06
1.570942e-06
1.554481e-06
1.538205e-06
1.522112e-06
1.506199e-06
1.490465e-06
1.474906e-06
1.459521e-06
1.444307e-06
1.429263e-06
1.414386e-06
1.399675e-06
1.385127e-06
1.370740e-06
1.356512e-06
1.342442e-06
1.328527e-06
1.314766e-06
1.301157e-06
1.287697e-06
1.274386e-06
1.261220e-06
1.248200e-06
1.235322e-06
1.222585e-06
1.209987e-06
1.197527e-06
1.185203e-06
1.173014e-06
1.160957e-06
1.149032e-06
1.137236e-06
1.125569e-06
1.114028e-06
1.102612e-06
1.091319e-06
1.080149e-06
1.069100e-06
1.058170e-06
1.047358e-06
1.036662e-06
1.026082e-06
1.015615e-06
1.005261e-06
9.950179e-07
