3.801255e+00
2.966462e+00
1.890364e+00
1.237745e+00
1.293762e+00
1.591017e+00
1.543389e+00
1.340571e+00
1.164156e+00
8.815175e-01
6.680570e-01
6.566155e-01
6.613430e-01
6.153652e-01
5.383932e-01
5.514230e-01
5.181281e-01
4.733568e-01
5.406733e-01
5.346304e-01
5.742761e-01
5.483368e-01
5.848635e-01
4.981028e-01
5.695941e-01
4.484359e-01
5.051665e-01
4.746980e-01
4.423386e-01
5.377643e-01
4.256666e-01
5.184479e-01
5.525384e-01
3.936847e-01
4.998142e-01
5.248374e-01
4.638614e-01
5.195949e-01
4.635109e-01
4.623398e-01
5.705096e-01
4.893390e-01
4.097960e-01
5.119437e-01
5.373440e-01
5.257662e-01
4.895809e-01
4.491844e-01
4.529807e-01
5.655234e-01
5.202993e-01
4.614759e-01
3.706582e-01
5.058560e-01
5.260873e-01
5.686527e-01
4.269040e-01
3.652693e-01
4.260566e-01
5.547146e-01
5.616238e-01
4.907031e-01
2.801929e-01
3.681684e-01
4.751359e-01
5.795750e-01
5.425021e-01
3.615078e-01
2.868374e-01
3.605865e-01
5.160481e-01
5.856268e-01
4.866123e-01
3.347532e-01
3.983289e-01
4.832666e-01
5.824357e-01
5.690836e-01
4.350917e-01
4.409086e-01
4.862941e-01
5.617835e-01
5.972003e-01
5.554998e-01
4.759260e-01
5.275657e-01
5.816367e-01
5.830699e-01
5.815272e-01
5.534497e-01
5.757836e-01
5.545621e-01
6.039495e-01
6.156687e-01
6.001107e-01
5.871285e-01
5.823281e-01
6.203418e-01
5.833257e-01
6.420146e-01
5.928370e-01
6.365994e-01
5.940797e-01
6.612581e-01
6.367438e-01
6.535499e-01
6.408881e-01
6.534441e-01
6.204816e-01
6.815730e-01
6.750931e-01
6.421444e-01
6.943321e-01
6.677464e-01
6.315326e-01
6.997046e-01
6.846351e-01
6.554716e-01
7.198574e-01
6.660517e-01
6.793503e-01
7.315110e-01
6.844593e-01
7.287452e-01
7.578326e-01
7.363352e-01
7.356067e-01
7.396678e-01
6.905242e-01
7.640360e-01
7.542566e-01
7.844926e-01
7.396922e-01
7.676070e-01
7.174296e-01
7.651883e-01
7.494241e-01
7.890784e-01
7.638030e-01
7.616185e-01
7.457972e-01
7.386560e-01
7.769055e-01
7.590960e-01
7.669094e-01
7.700295e-01
7.273110e-01
7.028313e-01
7.639405e-01
7.505154e-01
7.447769e-01
7.505489e-01
7.127733e-01
6.594712e-01
7.075071e-01
6.935295e-01
6.933182e-01
6.917365e-01
6.539314e-01
6.050835e-01
6.196828e-01
6.137277e-01
6.226379e-01
6.081261e-01
5.672797e-01
5.423900e-01
5.383750e-01
5.408481e-01
5.461490e-01
5.113740e-01
4.988545e-01
4.852935e-01
4.615313e-01
4.461627e-01
4.455227e-01
4.350902e-01
4.259328e-01
4.095188e-01
3.853563e-01
3.544840e-01
3.467625e-01
3.612051e-01
3.481335e-01
3.301776e-01
3.068513e-01
2.903009e-01
2.764837e-01
2.767299e-01
2.619669e-01
2.491496e-01
2.428271e-01
2.318947e-01
2.171554e-01
2.014093e-01
2.002233e-01
1.946406e-01
1.863690e-01
1.751502e-01
1.612508e-01
1.524203e-01
1.441872e-01
1.407760e-01
1.350360e-01
1.279208e-01
1.219469e-01
1.163416e-01
1.131831e-01
1.104799e-01
1.048640e-01
9.644688e-02
8.971703e-02
8.661592e-02
8.358687e-02
8.005107e-02
7.379629e-02
7.167824e-02
7.174771e-02
6.785669e-02
8.067928e-02
7.433953e-02
5.778594e-02
5.431185e-02
5.265258e-02
7.003811e-02
8.510562e-02
7.707992e-02
4.795770e-02
4.963713e-02
4.400647e-02
7.234069e-02
8.660097e-02
7.744521e-02
4.971761e-02
5.073792e-02
5.423199e-02
7.186601e-02
8.511256e-02
7.531479e-02
5.223210e-02
6.323052e-02
5.996514e-02
7.033251e-02
8.258505e-02
7.261808e-02
5.917793e-02
7.021353e-02
6.080963e-02
6.753656e-02
7.900140e-02
6.941508e-02
6.717064e-02
7.382598e-02
6.671313e-02
6.786657e-02
7.568462e-02
6.714105e-02
7.136375e-02
7.416005e-02
6.965306e-02
6.825137e-02
7.350902e-02
6.721965e-02
7.357501e-02
7.408689e-02
6.931584e-02
6.988682e-02
7.668877e-02
6.999231e-02
7.330809e-02
7.749535e-02
6.830971e-02
7.531479e-02
7.977084e-02
7.630169e-02
7.765952e-02
7.843823e-02
7.497684e-02
7.847668e-02
8.030105e-02
7.999474e-02
8.028949e-02
7.867095e-02
7.970583e-02
7.881997e-02
8.049737e-02
8.039841e-02
8.134973e-02
7.719599e-02
8.254862e-02
7.881101e-02
8.370177e-02
8.007843e-02
8.224530e-02
7.863086e-02
8.243232e-02
7.793780e-02
8.352821e-02
8.356536e-02
8.155944e-02
7.928103e-02
8.148037e-02
7.938128e-02
8.166052e-02
8.353522e-02
7.965045e-02
7.736111e-02
8.029341e-02
7.896151e-02
8.011491e-02
8.230502e-02
7.815056e-02
7.569270e-02
7.678339e-02
7.499289e-02
7.685804e-02
7.824822e-02
7.409609e-02
7.250047e-02
7.249764e-02
7.073453e-02
7.312115e-02
7.335572e-02
6.906923e-02
6.970728e-02
6.925347e-02
6.706641e-02
6.716986e-02
6.604956e-02
6.350607e-02
6.516864e-02
6.378839e-02
6.068442e-02
6.049483e-02
5.820187e-02
5.998215e-02
6.040406e-02
5.799988e-02
5.443379e-02
5.404408e-02
5.280911e-02
5.437258e-02
5.352873e-02
5.031092e-02
5.018811e-02
4.819857e-02
4.676123e-02
4.807282e-02
4.624430e-02
4.691275e-02
4.526096e-02
4.525910e-02
4.072961e-02
4.212512e-02
4.331542e-02
4.092465e-02
4.042177e-02
4.261808e-02
3.763493e-02
3.908310e-02
4.127416e-02
3.513138e-02
3.823081e-02
3.933670e-02
3.419647e-02
3.670094e-02
3.837404e-02
3.337897e-02
3.648166e-02
3.657320e-02
3.160249e-02
3.523150e-02
3.626019e-02
3.067201e-02
3.394804e-02
3.315772e-02
2.851298e-02
3.253638e-02
3.335682e-02
2.749977e-02
3.143154e-02
3.003702e-02
2.615298e-02
2.983197e-02
3.093902e-02
2.497632e-02
2.797558e-02
2.620777e-02
2.360658e-02
2.589845e-02
2.755064e-02
2.332900e-02
2.452003e-02
2.415474e-02
2.080745e-02
2.209200e-02
2.447734e-02
2.219516e-02
2.035102e-02
2.152433e-02
1.842517e-02
1.751875e-02
2.076411e-02
2.006253e-02
1.641306e-02
1.863090e-02
1.627388e-02
1.419125e-02
1.760346e-02
1.797609e-02
1.462159e-02
1.478375e-02
1.372408e-02
1.108999e-02
1.365640e-02
1.478909e-02
1.294124e-02
1.123555e-02
1.075707e-02
9.075709e-03
1.005395e-02
1.167355e-02
1.140344e-02
1.186800e-02
9.202069e-03
7.353576e-03
7.038811e-03
9.194286e-03
1.173971e-02
1.202505e-02
9.024962e-03
6.731871e-03
6.206433e-03
9.199689e-03
1.154862e-02
1.154911e-02
8.410259e-03
5.560899e-03
5.760382e-03
9.093544e-03
1.160456e-02
1.109795e-02
7.705621e-03
6.958196e-03
6.782565e-03
8.856673e-03
1.138145e-02
1.113953e-02
8.012221e-03
8.420942e-03
7.265272e-03
9.374069e-03
1.098231e-02
1.104291e-02
8.478248e-03
9.435191e-03
7.883698e-03
9.662764e-03
1.024529e-02
1.063426e-02
9.073803e-03
1.017906e-02
8.616798e-03
9.522171e-03
9.381284e-03
1.010132e-02
9.156721e-03
1.038127e-02
9.578969e-03
9.190578e-03
9.816007e-03
9.917785e-03
9.064829e-03
1.028331e-02
1.006442e-02
9.399294e-03
1.018565e-02
1.014582e-02
9.736577e-03
1.042199e-02
1.035006e-02
1.022732e-02
1.071610e-02
1.020886e-02
1.017847e-02
1.061182e-02
1.019152e-02
1.087648e-02
1.068509e-02
1.098401e-02
1.005677e-02
1.058927e-02
9.935328e-03
1.099331e-02
1.038844e-02
1.116926e-02
1.034864e-02
1.072971e-02
1.008079e-02
1.090151e-02
1.060423e-02
1.111203e-02
1.069422e-02
1.065440e-02
1.002439e-02
1.033807e-02
1.070711e-02
1.053620e-02
1.087711e-02
1.076586e-02
1.002766e-02
9.854521e-03
1.024763e-02
9.825982e-03
1.049757e-02
1.032723e-02
9.555422e-03
9.315806e-03
9.662267e-03
9.346982e-03
1.002328e-02
9.798735e-03
9.023764e-03
8.846251e-03
8.670771e-03
8.629687e-03
9.141014e-03
8.833568e-03
8.132397e-03
8.045315e-03
7.777940e-03
7.971490e-03
8.314952e-03
7.938608e-03
7.543520e-03
7.369779e-03
7.064527e-03
7.109249e-03
7.272807e-03
6.841523e-03
6.736696e-03
6.536263e-03
6.193264e-03
6.408458e-03
6.426726e-03
6.161773e-03
6.129435e-03
5.781453e-03
5.370787e-03
5.597082e-03
5.493294e-03
5.528904e-03
5.388646e-03
5.069068e-03
4.851618e-03
4.970787e-03
4.801817e-03
5.050756e-03
4.857732e-03
4.424163e-03
4.295114e-03
4.246839e-03
4.215227e-03
4.420384e-03
4.198973e-03
4.058867e-03
3.997422e-03
3.807122e-03
3.738957e-03
3.911642e-03
3.705916e-03
3.528859e-03
3.457154e-03
3.272997e-03
3.147375e-03
3.249335e-03
3.196796e-03
3.198374e-03
3.132898e-03
2.970341e-03
2.703873e-03
2.699364e-03
2.620215e-03
2.621169e-03
2.569015e-03
2.435242e-03
2.210824e-03
2.139747e-03
2.225203e-03
2.231024e-03
2.197066e-03
2.097357e-03
1.926456e-03
1.826093e-03
1.756427e-03
1.865256e-03
1.618142e-03
1.549222e-03
1.438470e-03
1.363976e-03
1.774368e-03
1.870498e-03
1.465178e-03
1.217814e-03
1.320118e-03
1.260825e-03
1.750294e-03
1.840148e-03
1.435910e-03
1.325991e-03
1.406751e-03
1.275342e-03
1.737933e-03
1.829747e-03
1.437321e-03
1.383984e-03
1.512168e-03
1.331823e-03
1.680396e-03
1.783335e-03
1.414460e-03
1.456951e-03
1.543994e-03
1.418736e-03
1.627476e-03
1.749352e-03
1.418697e-03
1.489881e-03
1.598657e-03
1.484424e-03
1.528721e-03
1.675660e-03
1.470775e-03
1.556688e-03
1.594238e-03
1.585615e-03
1.569811e-03
1.607002e-03
1.542975e-03
1.557379e-03
1.618717e-03
1.612981e-03
1.551086e-03
1.603714e-03
1.564718e-03
1.592322e-03
1.595076e-03
1.671227e-03
1.561795e-03
1.674597e-03
1.587752e-03
1.611079e-03
1.600478e-03
1.662179e-03
1.578070e-03
1.668588e-03
1.658085e-03
1.602857e-03
1.561110e-03
1.682205e-03
1.566280e-03
1.690505e-03
1.638492e-03
1.628996e-03
1.544601e-03
1.641453e-03
1.611280e-03
1.646424e-03
1.668199e-03
1.614478e-03
1.519019e-03
1.627335e-03
1.575443e-03
1.631435e-03
1.621292e-03
1.580488e-03
1.463412e-03
1.569613e-03
1.574663e-03
1.558175e-03
1.623192e-03
1.575747e-03
1.471774e-03
1.508865e-03
1.501162e-03
1.511724e-03
1.556315e-03
1.502846e-03
1.414532e-03
1.475671e-03
1.460797e-03
1.473062e-03
1.532710e-03
1.476130e-03
1.411526e-03
1.406689e-03
1.360762e-03
1.397851e-03
1.442833e-03
1.377278e-03
1.341387e-03
1.321269e-03
1.278868e-03
1.353238e-03
1.387930e-03
1.318922e-03
1.312421e-03
1.283020e-03
1.219018e-03
1.246380e-03
1.267958e-03
1.192524e-03
1.214328e-03
1.171321e-03
1.096809e-03
1.163396e-03
1.176841e-03
1.127695e-03
1.148381e-03
1.099100e-03
1.022933e-03
1.022934e-03
1.025737e-03
1.012450e-03
1.017321e-03
9.588068e-04
8.900177e-04
9.077069e-04
9.038786e-04
9.237053e-04
9.178623e-04
8.570601e-04
7.837794e-04
7.740877e-04
7.726750e-04
7.846235e-04
7.651566e-04
7.288362e-04
7.341022e-04
7.181872e-04
6.758654e-04
6.789229e-04
6.508016e-04
6.090065e-04
6.093663e-04
5.913569e-04
5.501656e-04
5.404099e-04
5.437756e-04
5.472064e-04
5.434653e-04
5.244232e-04
4.855860e-04
4.789975e-04
4.828696e-04
4.363573e-04
4.273276e-04
3.975145e-04
3.805547e-04
4.060482e-04
4.110633e-04
3.661077e-04
3.865863e-04
3.660792e-04
3.504134e-04
3.724716e-04
3.808917e-04
3.575544e-04
3.288305e-04
3.304065e-04
3.130063e-04
3.351219e-04
3.375640e-04
3.233322e-04
2.980004e-04
2.965705e-04
2.982017e-04
3.181007e-04
3.337271e-04
3.124780e-04
3.139357e-04
2.951704e-04
2.702476e-04
2.924110e-04
2.977545e-04
2.920814e-04
2.911662e-04
2.672346e-04
2.587247e-04
2.826971e-04
2.820235e-04
2.902337e-04
2.865499e-04
2.618451e-04
2.512653e-04
2.492014e-04
2.425018e-04
2.604297e-04
2.529981e-04
2.526385e-04
2.433068e-04
2.370969e-04
2.301306e-04
2.513060e-04
2.428753e-04
2.277216e-04
2.258150e-04
2.172554e-04
2.159506e-04
2.448367e-04
2.358316e-04
2.218489e-04
2.096661e-04
2.050996e-04
2.053072e-04
2.329104e-04
2.298894e-04
2.054030e-04
2.073322e-04
1.963697e-04
2.092467e-04
2.235165e-04
2.272501e-04
1.965150e-04
2.176218e-04
2.023675e-04
2.053666e-04
2.066986e-04
2.164926e-04
2.036102e-04
2.168799e-04
2.048424e-04
2.163686e-04
2.033282e-04
2.086480e-04
2.042453e-04
2.229608e-04
2.090447e-04
2.158857e-04
2.143269e-04
2.098730e-04
2.135493e-04
2.166507e-04
2.144148e-04
2.261649e-04
2.122065e-04
2.223439e-04
2.088649e-04
2.151152e-04
2.133984e-04
2.233143e-04
2.216756e-04
2.205711e-04
2.148343e-04
2.171369e-04
2.123415e-04
2.281877e-04
2.178120e-04
2.268527e-04
2.114869e-04
2.157801e-04
2.142506e-04
2.196466e-04
2.249684e-04
2.209872e-04
2.208450e-04
2.228806e-04
2.117610e-04
2.174767e-04
2.152354e-04
2.171902e-04
2.128849e-04
2.132691e-04
2.005183e-04
2.030027e-04
2.145578e-04
2.094976e-04
2.155938e-04
2.151308e-04
2.021880e-04
1.947949e-04
1.982486e-04
1.946674e-04
2.021748e-04
1.991918e-04
1.843907e-04
1.840198e-04
1.906912e-04
1.858955e-04
1.987157e-04
1.941961e-04
1.789800e-04
1.751671e-04
1.701538e-04
1.724335e-04
1.810641e-04
1.738179e-04
1.628407e-04
1.591615e-04
1.580650e-04
1.677638e-04
1.732301e-04
1.645376e-04
1.608806e-04
1.555943e-04
1.472085e-04
1.514063e-04
1.531777e-04
1.446378e-04
1.454967e-04
1.376243e-04
1.297857e-04
1.433434e-04
1.428084e-04
1.413056e-04
1.402006e-04
1.313832e-04
1.205516e-04
1.249310e-04
1.219156e-04
1.262754e-04
1.227749e-04
1.123225e-04
1.117726e-04
1.145336e-04
1.126465e-04
1.192630e-04
1.148189e-04
1.043427e-04
1.013624e-04
9.878388e-05
9.795126e-05
1.019650e-04
9.618219e-05
9.650705e-05
9.516292e-05
9.091837e-05
9.014108e-05
9.265399e-05
8.677414e-05
8.416806e-05
8.053719e-05
7.638088e-05
7.416208e-05
7.481036e-05
7.777280e-05
7.708482e-05
7.497461e-05
7.062807e-05
6.582661e-05
6.526227e-05
6.464806e-05
6.276816e-05
5.802868e-05
5.400722e-05
5.275475e-05
5.460633e-05
5.724632e-05
5.594543e-05
5.374209e-05
5.295837e-05
5.056620e-05
4.658582e-05
4.688520e-05
4.589644e-05
4.108472e-05
3.953697e-05
3.785279e-05
3.790241e-05
4.351996e-05
4.661603e-05
3.980294e-05
3.860313e-05
3.611776e-05
3.640896e-05
4.153151e-05
4.528683e-05
3.727522e-05
3.721464e-05
3.515012e-05
3.731325e-05
4.094684e-05
4.537468e-05
3.803740e-05
3.665886e-05
3.759459e-05
3.617490e-05
3.833098e-05
4.345276e-05
3.712363e-05
3.811760e-05
3.696929e-05
3.887377e-05
3.692961e-05
4.271668e-05
3.746274e-05
3.685542e-05
3.898255e-05
3.785599e-05
3.692195e-05
4.007337e-05
3.698588e-05
3.874365e-05
3.811966e-05
4.018729e-05
3.663501e-05
3.848792e-05
3.564638e-05
3.736855e-05
3.958085e-05
3.897301e-05
3.785983e-05
3.771393e-05
3.905386e-05
3.878585e-05
3.831344e-05
4.068832e-05
3.801059e-05
3.963623e-05
3.747057e-05
3.802926e-05
3.906367e-05
3.905219e-05
3.823066e-05
3.873930e-05
4.015300e-05
3.837038e-05
3.721685e-05
4.000094e-05
3.849781e-05
3.950635e-05
3.821226e-05
3.792529e-05
3.712488e-05
3.823009e-05
3.753012e-05
3.890456e-05
4.011332e-05
3.822642e-05
3.736329e-05
3.792224e-05
3.780568e-05
3.785102e-05
3.773321e-05
3.645191e-05
3.524287e-05
3.686227e-05
3.571269e-05
3.801111e-05
3.880692e-05
3.671502e-05
3.693839e-05
3.597524e-05
3.564923e-05
3.549307e-05
3.591204e-05
3.354701e-05
3.435517e-05
3.411743e-05
3.289302e-05
3.580174e-05
3.612516e-05
3.437184e-05
3.517845e-05
3.389097e-05
3.199309e-05
3.270562e-05
3.267934e-05
3.162598e-05
3.203099e-05
3.041814e-05
2.923746e-05
3.216978e-05
3.206748e-05
3.166075e-05
3.197010e-05
3.042292e-05
2.818169e-05
2.854079e-05
2.813796e-05
2.836354e-05
2.829549e-05
2.648643e-05
2.531301e-05
2.731293e-05
2.686068e-05
2.765772e-05
2.750042e-05
2.579120e-05
2.396048e-05
2.383157e-05
2.377378e-05
2.399790e-05
2.350055e-05
2.215092e-05
2.207314e-05
2.172576e-05
2.134678e-05
2.282759e-05
2.225955e-05
2.047999e-05
2.002058e-05
1.954060e-05
1.922216e-05
1.918805e-05
1.857331e-05
1.857790e-05
1.835297e-05
1.771277e-05
1.717226e-05
1.777890e-05
1.687591e-05
1.645003e-05
1.587686e-05
1.508366e-05
1.451975e-05
1.427212e-05
1.493994e-05
1.474482e-05
1.440920e-05
1.376471e-05
1.317366e-05
1.304524e-05
1.326242e-05
1.294079e-05
1.198904e-05
1.097304e-05
1.094320e-05
1.110723e-05
1.145689e-05
1.108982e-05
1.081407e-05
1.082023e-05
1.047023e-05
1.054700e-05
1.061259e-05
9.823860e-06
9.687655e-06
9.179706e-06
9.066726e-06
8.815908e-06
8.487875e-06
9.007032e-06
8.912726e-06
8.669708e-06
8.496709e-06
8.776809e-06
8.833792e-06
8.969617e-06
8.396386e-06
8.066411e-06
7.699049e-06
8.410734e-06
7.845976e-06
7.667390e-06
7.536437e-06
7.499160e-06
7.709572e-06
7.767570e-06
8.310157e-06
7.990749e-06
7.876222e-06
7.646733e-06
7.231612e-06
7.949327e-06
7.482108e-06
7.316080e-06
7.142465e-06
7.120273e-06
7.373483e-06
7.593493e-06
7.627759e-06
7.683312e-06
7.763798e-06
7.284890e-06
7.186509e-06
7.402093e-06
7.513856e-06
7.024018e-06
7.019111e-06
6.802393e-06
6.930999e-06
7.258804e-06
7.000125e-06
7.564678e-06
7.458650e-06
6.983203e-06
7.042127e-06
6.836403e-06
7.307342e-06
6.862234e-06
6.966916e-06
6.592688e-06
6.743255e-06
6.847931e-06
6.774654e-06
7.272118e-06
7.064771e-06
6.995498e-06
6.980250e-06
6.648692e-06
6.928282e-06
6.555250e-06
6.720621e-06
6.370966e-06
6.478589e-06
6.378961e-06
6.483410e-06
6.859683e-06
6.613179e-06
6.783637e-06
6.733225e-06
6.358627e-06
6.423221e-06
6.136432e-06
6.313289e-06
6.094336e-06
6.061937e-06
5.839898e-06
6.053831e-06
6.347586e-06
6.093845e-06
6.403379e-06
6.331441e-06
5.941844e-06
5.831576e-06
5.682937e-06
5.781757e-06
5.693609e-06
5.563951e-06
5.221571e-06
5.535079e-06
5.749678e-06
5.505705e-06
5.905442e-06
5.806225e-06
5.410471e-06
5.294942e-06
5.222284e-06
5.165155e-06
5.194905e-06
5.035338e-06
4.828905e-06
4.964860e-06
5.084053e-06
5.031145e-06
5.334125e-06
5.194247e-06
4.812660e-06
4.810000e-06
4.690027e-06
4.582414e-06
4.636029e-06
4.442915e-06
4.383038e-06
4.362192e-06
4.370345e-06
4.527889e-06
4.718012e-06
4.528475e-06
4.368559e-06
4.290690e-06
4.119856e-06
3.975637e-06
4.036203e-06
3.984210e-06
3.904670e-06
3.802335e-06
3.641535e-06
3.990207e-06
4.067238e-06
3.830413e-06
3.895765e-06
3.746492e-06
3.527635e-06
3.401045e-06
3.399519e-06
3.503610e-06
3.401891e-06
3.287251e-06
3.131032e-06
3.405021e-06
3.382931e-06
3.404229e-06
3.379201e-06
3.172677e-06
2.917746e-06
2.889403e-06
2.924646e-06
2.993777e-06
2.873252e-06
2.778652e-06
2.788428e-06
2.772533e-06
2.758244e-06
2.913646e-06
2.812478e-06
2.569391e-06
2.524387e-06
2.461482e-06
2.436601e-06
2.452972e-06
2.413466e-06
2.423082e-06
2.393948e-06
2.300852e-06
2.330706e-06
2.368350e-06
2.213145e-06
2.212175e-06
2.110282e-06
1.995122e-06
1.923903e-06
1.943017e-06
2.050014e-06
2.017020e-06
1.958519e-06
1.853343e-06
1.868678e-06
1.813752e-06
1.898870e-06
1.823726e-06
1.674012e-06
1.601409e-06
1.593032e-06
1.615469e-06
1.657890e-06
1.592237e-06
1.603336e-06
1.577072e-06
1.503936e-06
1.589030e-06
1.570718e-06
1.489102e-06
1.465310e-06
1.392091e-06
1.392310e-06
1.320769e-06
1.336281e-06
1.401808e-06
1.365232e-06
1.306182e-06
1.332032e-06
1.357441e-06
1.363019e-06
1.381693e-06
1.302207e-06
1.232821e-06
1.214190e-06
1.281303e-06
1.194399e-06
1.206654e-06
1.206038e-06
1.185071e-06
1.206743e-06
1.193846e-06
1.289679e-06
1.256107e-06
1.211994e-06
1.200290e-06
1.146949e-06
1.210022e-06
1.085950e-06
1.138420e-06
1.147314e-06
1.111450e-06
1.082597e-06
1.152841e-06
1.195025e-06
1.134115e-06
1.187797e-06
1.152053e-06
1.074221e-06
1.128551e-06
1.051879e-06
1.080647e-06
1.068649e-06
1.051376e-06
1.011943e-06
1.089691e-06
1.097198e-06
1.100469e-06
1.135918e-06
1.087403e-06
1.027789e-06
1.048459e-06
1.018034e-06
1.018783e-06
9.845032e-07
