1.044385e-02
2.030358e-02
1.861473e-01
2.514910e-01
3.710649e-01
3.974968e-01
3.760459e-01
3.595837e-01
3.139419e-01
2.961656e-01
2.592130e-01
2.439600e-01
2.165899e-01
2.036810e-01
1.837591e-01
1.728621e-01
1.581138e-01
1.488822e-01
1.376562e-01
1.298138e-01
1.210205e-01
1.143381e-01
1.072703e-01
1.015541e-01
9.574717e-02
9.083332e-02
8.597414e-02
8.172589e-02
7.759728e-02
7.390188e-02
7.034900e-02
6.711438e-02
6.402406e-02
6.117548e-02
5.846315e-02
5.594008e-02
5.354123e-02
5.129455e-02
4.915913e-02
4.714882e-02
4.523731e-02
4.343064e-02
4.171138e-02
4.008134e-02
3.852863e-02
3.705282e-02
3.564551e-02
3.430520e-02
3.302572e-02
3.180511e-02
3.063868e-02
2.952436e-02
2.845848e-02
2.743898e-02
2.646293e-02
2.552838e-02
2.463293e-02
2.377478e-02
2.295191e-02
2.216270e-02
2.140542e-02
2.067861e-02
1.998076e-02
1.931058e-02
1.866674e-02
1.804808e-02
1.745343e-02
1.688173e-02
1.633197e-02
1.580319e-02
1.529447e-02
1.480496e-02
1.433383e-02
1.388031e-02
1.344366e-02
1.320593e-02
1.325920e-02
1.330642e-02
1.334781e-02
1.338359e-02
1.341398e-02
1.343918e-02
1.345939e-02
1.347480e-02
1.348560e-02
1.349198e-02
1.349410e-02
1.349214e-02
1.348626e-02
1.347662e-02
1.346338e-02
1.344668e-02
1.342667e-02
1.340348e-02
1.337726e-02
1.334814e-02
1.331623e-02
1.328166e-02
1.324455e-02
1.320501e-02
1.316315e-02
1.311908e-02
1.307290e-02
1.302470e-02
1.297459e-02
1.292266e-02
1.286899e-02
1.281368e-02
1.275679e-02
1.269842e-02
1.263864e-02
1.257753e-02
1.251516e-02
1.245159e-02
1.238689e-02
1.232113e-02
1.225437e-02
1.218667e-02
1.211809e-02
1.204868e-02
1.197850e-02
1.190760e-02
1.183603e-02
1.176383e-02
1.169105e-02
1.161774e-02
1.154394e-02
1.146969e-02
1.139503e-02
1.132000e-02
1.124464e-02
1.116898e-02
1.109305e-02
1.101689e-02
1.094053e-02
1.086399e-02
1.078732e-02
1.071053e-02
1.063366e-02
1.055672e-02
1.047975e-02
1.040277e-02
1.032580e-02
1.024886e-02
1.017197e-02
1.009515e-02
1.001843e-02
9.941823e-03
9.865342e-03
9.789008e-03
9.712836e-03
9.636841e-03
9.561039e-03
9.485445e-03
9.410071e-03
9.334930e-03
9.260036e-03
9.185400e-03
9.111032e-03
9.036945e-03
8.963148e-03
8.889651e-03
8.816463e-03
8.743594e-03
8.671051e-03
8.598842e-03
8.526976e-03
8.455458e-03
8.384297e-03
8.313498e-03
8.243068e-03
8.173012e-03
8.103335e-03
8.034043e-03
7.965141e-03
7.896632e-03
7.828521e-03
7.760812e-03
7.693508e-03
7.626613e-03
7.560130e-03
7.494062e-03
7.428411e-03
7.363181e-03
7.298372e-03
7.233987e-03
7.170028e-03
7.106497e-03
7.043394e-03
6.980722e-03
6.918481e-03
6.856672e-03
6.795296e-03
6.734353e-03
6.673845e-03
6.613771e-03
6.554131e-03
6.494926e-03
6.436155e-03
6.377819e-03
6.319916e-03
6.262448e-03
6.205412e-03
6.148809e-03
6.092638e-03
6.036897e-03
5.981587e-03
5.926706e-03
5.872252e-03
5.818226e-03
5.764625e-03
5.711449e-03
5.658696e-03
5.606364e-03
5.554453e-03
5.502960e-03
5.451884e-03
5.401223e-03
5.350976e-03
5.301141e-03
5.251716e-03
5.202699e-03
5.154088e-03
5.105882e-03
5.058078e-03
5.010675e-03
4.963670e-03
4.917061e-03
4.870847e-03
4.825025e-03
4.779592e-03
4.734548e-03
4.689889e-03
4.645613e-03
4.601718e-03
4.558202e-03
4.515063e-03
4.472297e-03
4.429904e-03
4.387880e-03
4.346224e-03
4.304932e-03
4.264003e-03
4.223434e-03
4.183222e-03
4.143366e-03
4.103863e-03
4.064710e-03
4.025906e-03
3.987447e-03
3.949331e-03
3.911556e-03
3.874120e-03
3.837020e-03
3.800253e-03
3.763817e-03
3.727710e-03
3.691930e-03
3.656473e-03
3.621337e-03
3.586521e-03
3.552021e-03
3.517836e-03
3.483962e-03
3.450398e-03
3.417141e-03
3.384188e-03
3.351538e-03
3.319187e-03
3.287134e-03
3.255377e-03
3.223912e-03
3.192737e-03
3.161851e-03
3.131250e-03
3.100933e-03
3.070898e-03
3.041141e-03
3.011660e-03
2.982455e-03
2.953521e-03
2.924857e-03
2.896461e-03
2.868330e-03
2.840462e-03
2.812855e-03
2.785507e-03
2.758415e-03
2.731578e-03
2.704993e-03
2.678658e-03
2.652571e-03
2.626730e-03
2.601133e-03
2.575777e-03
2.550660e-03
2.525782e-03
2.501138e-03
2.476728e-03
2.452549e-03
2.428600e-03
2.404878e-03
2.381381e-03
2.358107e-03
2.335055e-03
2.312222e-03
2.289607e-03
2.267207e-03
2.245020e-03
2.223046e-03
2.201281e-03
2.179724e-03
2.158373e-03
2.137227e-03
2.116283e-03
2.095539e-03
2.074994e-03
2.054647e-03
2.034494e-03
2.014535e-03
1.994767e-03
1.975190e-03
1.955800e-03
1.936597e-03
1.917579e-03
1.898744e-03
1.880091e-03
1.861617e-03
1.843321e-03
1.825202e-03
1.807258e-03
1.789487e-03
1.771887e-03
1.754458e-03
1.737197e-03
1.720103e-03
1.703174e-03
1.686410e-03
1.669807e-03
1.653366e-03
1.637084e-03
1.620960e-03
1.604992e-03
1.589179e-03
1.573519e-03
1.558012e-03
1.542655e-03
1.527447e-03
1.512387e-03
1.497474e-03
1.482705e-03
1.468081e-03
1.453598e-03
1.439257e-03
1.425055e-03
1.410992e-03
1.397065e-03
1.383275e-03
1.369619e-03
1.356096e-03
1.342705e-03
1.329444e-03
1.316313e-03
1.303311e-03
1.290435e-03
1.277685e-03
1.265060e-03
1.252558e-03
1.240178e-03
1.227920e-03
1.215781e-03
1.203761e-03
1.191859e-03
1.180073e-03
1.168403e-03
1.156847e-03
1.145404e-03
1.134073e-03
1.122853e-03
1.111744e-03
1.100743e-03
1.089850e-03
1.079064e-03
1.068384e-03
1.057808e-03
1.047336e-03
1.036968e-03
1.026701e-03
1.016534e-03
1.006468e-03
9.965005e-04
9.866309e-04
9.768584e-04
9.671819e-04
9.576005e-04
9.481134e-04
9.387196e-04
9.294181e-04
9.202082e-04
9.110889e-04
9.020593e-04
8.931186e-04
8.842660e-04
8.755004e-04
8.668213e-04
8.582275e-04
8.497185e-04
8.412932e-04
8.329510e-04
8.246910e-04
8.165124e-04
8.084145e-04
8.003963e-04
7.924572e-04
7.845965e-04
7.768132e-04
7.691067e-04
7.614763e-04
7.539211e-04
7.464405e-04
7.390337e-04
7.317000e-04
7.244387e-04
7.172491e-04
7.101305e-04
7.030822e-04
6.961035e-04
6.891937e-04
6.823522e-04
6.755783e-04
6.688713e-04
6.622305e-04
6.556554e-04
6.491453e-04
6.426996e-04
6.363175e-04
6.299986e-04
6.237421e-04
6.175475e-04
6.114142e-04
6.053415e-04
5.993289e-04
5.933758e-04
5.874815e-04
5.816456e-04
5.758675e-04
5.701465e-04
5.644821e-04
5.588738e-04
5.533210e-04
5.478232e-04
5.423798e-04
5.369903e-04
5.316541e-04
5.263708e-04
5.211398e-04
5.159607e-04
5.108328e-04
5.057557e-04
5.007289e-04
4.957519e-04
4.908243e-04
4.859454e-04
4.811149e-04
4.763323e-04
4.715970e-04
4.669087e-04
4.622669e-04
4.576711e-04
4.531208e-04
4.486156e-04
4.441552e-04
4.397389e-04
4.353664e-04
4.310373e-04
4.267511e-04
4.225074e-04
4.183058e-04
4.141459e-04
4.100273e-04
4.059495e-04
4.019121e-04
3.979148e-04
3.939572e-04
3.900388e-04
3.861593e-04
3.823183e-04
3.785155e-04
3.747503e-04
3.710225e-04
3.673318e-04
3.636776e-04
3.600598e-04
3.564778e-04
3.529314e-04
3.494202e-04
3.459439e-04
3.425020e-04
3.390944e-04
3.357206e-04
3.323803e-04
3.290731e-04
3.257988e-04
3.225570e-04
3.193474e-04
3.161697e-04
3.130236e-04
3.099087e-04
3.068247e-04
3.037714e-04
3.007484e-04
2.977554e-04
2.947922e-04
2.918584e-04
2.889537e-04
2.860780e-04
2.832307e-04
2.804118e-04
2.776209e-04
2.748577e-04
2.721220e-04
2.694135e-04
2.667318e-04
2.640769e-04
2.614483e-04
2.588459e-04
2.562693e-04
2.537183e-04
2.511927e-04
2.486922e-04
2.462165e-04
2.437654e-04
2.413388e-04
2.389362e-04
2.365575e-04
2.342025e-04
2.318709e-04
2.295625e-04
2.272770e-04
2.250143e-04
2.227740e-04
2.205560e-04
2.183601e-04
2.161860e-04
2.140336e-04
2.119025e-04
2.097927e-04
2.077038e-04
2.056357e-04
2.035882e-04
2.015610e-04
1.995540e-04
1.975669e-04
1.955997e-04
1.936519e-04
1.917236e-04
1.898145e-04
1.879243e-04
1.860529e-04
1.842002e-04
1.823659e-04
1.805498e-04
1.787518e-04
1.769717e-04
1.752093e-04
1.734644e-04
1.717369e-04
1.700266e-04
1.683333e-04
1.666569e-04
1.649971e-04
1.633539e-04
1.617270e-04
1.601162e-04
1.585216e-04
1.569427e-04
1.553796e-04
1.538321e-04
1.522999e-04
1.507830e-04
1.492812e-04
1.477944e-04
1.463223e-04
1.448649e-04
1.434220e-04
1.419935e-04
1.405791e-04
1.391789e-04
1.377926e-04
1.364201e-04
1.350612e-04
1.337159e-04
1.323840e-04
1.310653e-04
1.297597e-04
1.284672e-04
1.271875e-04
1.259206e-04
1.246662e-04
1.234244e-04
1.221949e-04
1.209776e-04
1.197725e-04
1.185794e-04
1.173981e-04
1.162286e-04
1.150708e-04
1.139245e-04
1.127896e-04
1.116660e-04
1.105535e-04
1.094522e-04
1.083618e-04
1.072823e-04
1.062135e-04
1.051554e-04
1.041078e-04
1.030706e-04
1.020438e-04
1.010272e-04
1.000207e-04
9.902420e-05
9.803765e-05
9.706093e-05
9.609393e-05
9.513656e-05
9.418873e-05
9.325034e-05
9.232128e-05
9.140149e-05
9.049085e-05
8.958928e-05
8.869668e-05
8.781298e-05
8.693808e-05
8.607189e-05
8.521433e-05
8.436530e-05
8.352474e-05
8.269254e-05
8.186864e-05
8.105293e-05
8.024536e-05
7.944582e-05
7.865425e-05
7.787056e-05
7.709468e-05
7.632653e-05
7.556602e-05
7.481310e-05
7.406767e-05
7.332966e-05
7.259901e-05
7.187563e-05
7.115946e-05
7.045042e-05
6.974845e-05
6.905346e-05
6.836540e-05
6.768420e-05
6.700978e-05
6.634207e-05
6.568102e-05
6.502655e-05
6.437860e-05
6.373711e-05
6.310200e-05
6.247323e-05
6.185071e-05
6.123440e-05
6.062423e-05
6.002013e-05
5.942205e-05
5.882993e-05
5.824371e-05
5.766333e-05
5.708873e-05
5.651986e-05
5.595665e-05
5.539905e-05
5.484701e-05
5.430047e-05
5.375937e-05
5.322366e-05
5.269329e-05
5.216820e-05
5.164835e-05
5.113367e-05
5.062412e-05
5.011965e-05
4.962020e-05
4.912573e-05
4.863619e-05
4.815152e-05
4.767168e-05
4.719662e-05
4.672629e-05
4.626066e-05
4.579965e-05
4.534325e-05
4.489139e-05
4.444403e-05
4.400113e-05
4.356264e-05
4.312852e-05
4.269872e-05
4.227321e-05
4.185194e-05
4.143486e-05
4.102194e-05
4.061314e-05
4.020841e-05
3.980771e-05
3.941100e-05
3.901824e-05
3.862940e-05
3.824444e-05
3.786330e-05
3.748597e-05
3.711240e-05
3.674254e-05
3.637638e-05
3.601386e-05
3.565495e-05
3.529962e-05
3.494783e-05
3.459955e-05
3.425474e-05
3.391336e-05
3.357538e-05
3.324077e-05
3.290950e-05
3.258152e-05
3.225682e-05
3.193535e-05
3.161708e-05
3.130198e-05
3.099003e-05
3.068118e-05
3.037541e-05
3.007269e-05
2.977298e-05
2.947626e-05
2.918250e-05
2.889166e-05
2.860372e-05
2.831866e-05
2.803643e-05
2.775701e-05
2.748038e-05
2.720651e-05
2.693536e-05
2.666692e-05
2.640115e-05
2.613803e-05
2.587753e-05
2.561962e-05
2.536429e-05
2.511150e-05
2.486123e-05
2.461346e-05
2.436815e-05
2.412529e-05
2.388485e-05
2.364680e-05
2.341113e-05
2.317781e-05
2.294681e-05
2.271811e-05
2.249169e-05
2.226753e-05
2.204560e-05
2.182588e-05
2.160836e-05
2.139300e-05
2.117978e-05
2.096869e-05
2.075971e-05
2.055281e-05
2.034797e-05
2.014517e-05
1.994439e-05
1.974561e-05
1.954882e-05
1.935398e-05
1.916109e-05
1.897012e-05
1.878105e-05
1.859386e-05
1.840855e-05
1.822507e-05
1.804343e-05
1.786360e-05
1.768556e-05
1.750929e-05
1.733478e-05
1.716201e-05
1.699096e-05
1.682162e-05
1.665396e-05
1.648797e-05
1.632364e-05
1.616095e-05
1.599988e-05
1.584041e-05
1.568253e-05
1.552623e-05
1.537148e-05
1.521827e-05
1.506660e-05
1.491643e-05
1.476776e-05
1.462057e-05
1.447485e-05
1.433058e-05
1.418775e-05
1.404634e-05
1.390634e-05
1.376774e-05
1.363052e-05
1.349467e-05
1.336016e-05
1.322701e-05
1.309517e-05
1.296465e-05
1.283544e-05
1.270751e-05
1.258085e-05
1.245546e-05
1.233131e-05
1.220841e-05
1.208673e-05
1.196626e-05
1.184699e-05
1.172891e-05
1.161201e-05
1.149627e-05
1.138169e-05
1.126825e-05
1.115594e-05
1.104474e-05
1.093466e-05
1.082567e-05
1.071777e-05
1.061095e-05
1.050519e-05
1.040048e-05
1.029682e-05
1.019419e-05
1.009258e-05
9.991989e-06
9.892397e-06
9.793799e-06
9.696182e-06
9.599539e-06
9.503859e-06
9.409133e-06
9.315350e-06
9.222503e-06
9.130581e-06
9.039574e-06
8.949475e-06
8.860274e-06
8.771962e-06
8.684530e-06
8.597970e-06
8.512272e-06
8.427428e-06
8.343430e-06
8.260269e-06
8.177937e-06
8.096426e-06
8.015727e-06
7.935832e-06
7.856734e-06
7.778424e-06
7.700894e-06
7.624137e-06
7.548145e-06
7.472911e-06
7.398426e-06
7.324684e-06
7.251677e-06
7.179397e-06
7.107838e-06
7.036992e-06
6.966852e-06
6.897411e-06
6.828662e-06
6.760599e-06
6.693214e-06
6.626500e-06
6.560451e-06
6.495061e-06
6.430323e-06
6.366229e-06
6.302775e-06
6.239953e-06
6.177757e-06
6.116181e-06
6.055218e-06
5.994864e-06
5.935111e-06
5.875953e-06
5.817385e-06
5.759401e-06
5.701994e-06
5.645160e-06
5.588893e-06
5.533186e-06
5.478034e-06
5.423432e-06
5.369375e-06
5.315856e-06
5.262870e-06
5.210413e-06
5.158478e-06
5.107061e-06
5.056157e-06
5.005760e-06
4.955865e-06
4.906468e-06
4.857563e-06
4.809145e-06
4.761210e-06
4.713753e-06
4.666768e-06
4.620252e-06
4.574200e-06
4.528607e-06
4.483468e-06
4.438779e-06
4.394535e-06
4.350732e-06
4.307366e-06
4.264433e-06
4.221927e-06
4.179845e-06
4.138182e-06
4.096934e-06
4.056098e-06
4.015669e-06
3.975642e-06
3.936015e-06
3.896782e-06
3.857941e-06
3.819487e-06
3.781416e-06
3.743724e-06
3.706408e-06
3.669464e-06
3.632889e-06
3.596677e-06
3.560827e-06
3.525334e-06
3.490195e-06
3.455406e-06
3.420964e-06
3.386865e-06
3.353106e-06
3.319684e-06
3.286595e-06
3.253835e-06
3.221402e-06
3.189292e-06
3.157502e-06
3.126030e-06
3.094871e-06
3.064022e-06
3.033481e-06
3.003244e-06
2.973309e-06
2.943672e-06
2.914330e-06
2.885281e-06
2.856522e-06
2.828049e-06
2.799860e-06
2.771952e-06
2.744322e-06
2.716967e-06
2.689885e-06
2.663073e-06
2.636529e-06
2.610249e-06
2.584230e-06
2.558472e-06
2.532969e-06
2.507722e-06
2.482725e-06
2.457978e-06
2.433478e-06
2.409222e-06
2.385207e-06
2.361432e-06
2.337894e-06
2.314590e-06
2.291519e-06
2.268678e-06
2.246064e-06
2.223676e-06
2.201511e-06
2.179567e-06
2.157841e-06
2.136333e-06
2.115038e-06
2.093956e-06
2.073084e-06
2.052420e-06
2.031962e-06
2.011708e-06
1.991655e-06
1.971803e-06
1.952148e-06
1.932690e-06
1.913425e-06
1.894352e-06
1.875470e-06
1.856776e-06
1.838268e-06
1.819944e-06
1.801803e-06
1.783843e-06
1.766062e-06
1.748458e-06
1.731030e-06
1.713775e-06
1.696693e-06
1.679781e-06
1.663037e-06
1.646460e-06
1.630048e-06
1.613800e-06
1.597714e-06
1.581788e-06
1.566021e-06
1.550411e-06
1.534957e-06
1.519657e-06
1.504509e-06
1.489512e-06
1.474665e-06
1.459966e-06
1.445413e-06
1.431005e-06
1.416741e-06
1.402619e-06
1.388638e-06
1.374796e-06
1.361093e-06
1.347525e-06
1.334093e-06
1.320795e-06
1.307630e-06
1.294595e-06
1.281691e-06
1.268915e-06
1.256267e-06
1.243744e-06
1.231347e-06
1.219073e-06
1.206921e-06
1.194891e-06
1.182980e-06
1.171188e-06
1.159514e-06
1.147956e-06
1.136513e-06
1.125184e-06
1.113969e-06
1.102865e-06
1.091871e-06
1.080988e-06
1.070212e-06
1.059545e-06
1.048983e-06
1.038527e-06
1.028175e-06
1.017926e-06
1.007779e-06
9.977338e-07
