3.670790e-04
2.652996e-04
2.638329e-04
2.387756e-04
3.395756e-04
2.387096e-04
5.656096e-04
3.403963e-04
6.663195e-04
5.148947e-04
7.197800e-04
6.358117e-04
7.595398e-04
7.181784e-04
7.933438e-04
7.751348e-04
8.222602e-04
8.157824e-04
8.464110e-04
8.455129e-04
8.659419e-04
8.674002e-04
8.811501e-04
8.832766e-04
8.924179e-04
8.943315e-04
9.001522e-04
9.014107e-04
9.047514e-04
9.051586e-04
9.065901e-04
9.060894e-04
9.060130e-04
9.046249e-04
9.033318e-04
9.011173e-04
8.988262e-04
8.958644e-04
8.927448e-04
8.891204e-04
8.853074e-04
8.811038e-04
8.767081e-04
8.720034e-04
8.671175e-04
8.619835e-04
8.566858e-04
8.511871e-04
8.455448e-04
8.397393e-04
8.338108e-04
8.277499e-04
8.215857e-04
8.153151e-04
8.089595e-04
8.025195e-04
7.960114e-04
7.894378e-04
7.828112e-04
7.761354e-04
7.694203e-04
7.626701e-04
7.558930e-04
7.490930e-04
7.422769e-04
7.354487e-04
7.286141e-04
7.217767e-04
7.149414e-04
7.081116e-04
7.012914e-04
6.944838e-04
6.876924e-04
6.809200e-04
6.741695e-04
6.674433e-04
6.607442e-04
6.540742e-04
6.474355e-04
6.408300e-04
6.342597e-04
6.277262e-04
6.212310e-04
6.147757e-04
6.083615e-04
6.019897e-04
5.956615e-04
5.893778e-04
5.831397e-04
5.769480e-04
5.708034e-04
5.647068e-04
5.586587e-04
5.526597e-04
5.467104e-04
5.408111e-04
5.349623e-04
5.291643e-04
5.234175e-04
5.177220e-04
5.120781e-04
5.064859e-04
5.009455e-04
4.954571e-04
4.900206e-04
4.846361e-04
4.793036e-04
4.740230e-04
4.687943e-04
4.636173e-04
4.584919e-04
4.534180e-04
4.483955e-04
4.434240e-04
4.385035e-04
4.336336e-04
4.288143e-04
4.240451e-04
4.193259e-04
4.146563e-04
4.100361e-04
4.054649e-04
4.009425e-04
3.964685e-04
3.920426e-04
3.876644e-04
3.833336e-04
3.790499e-04
3.748128e-04
3.706221e-04
3.664773e-04
3.623780e-04
3.583239e-04
3.543147e-04
3.503498e-04
3.464289e-04
3.425517e-04
3.387176e-04
3.349264e-04
3.311777e-04
3.274709e-04
3.238058e-04
3.201820e-04
3.165989e-04
3.130563e-04
3.095537e-04
3.060907e-04
3.026670e-04
2.992820e-04
2.959355e-04
2.926271e-04
2.893563e-04
2.861227e-04
2.829260e-04
2.797657e-04
2.766415e-04
2.735530e-04
2.704998e-04
2.674816e-04
2.644979e-04
2.615483e-04
2.586325e-04
2.557502e-04
2.529009e-04
2.500843e-04
2.473000e-04
2.445477e-04
2.418270e-04
2.391375e-04
2.364789e-04
2.338509e-04
2.312531e-04
2.286851e-04
2.261466e-04
2.236374e-04
2.211569e-04
2.187050e-04
2.162813e-04
2.138854e-04
2.115171e-04
2.091759e-04
2.068617e-04
2.045741e-04
2.023128e-04
2.000774e-04
1.978678e-04
1.956835e-04
1.935243e-04
1.913898e-04
1.892799e-04
1.871942e-04
1.851324e-04
1.830942e-04
1.810794e-04
1.790877e-04
1.771189e-04
1.751725e-04
1.732485e-04
1.713465e-04
1.694662e-04
1.676075e-04
1.657700e-04
1.639535e-04
1.621577e-04
1.603825e-04
1.586275e-04
1.568925e-04
1.551774e-04
1.534818e-04
1.518055e-04
1.501483e-04
1.485099e-04
1.468902e-04
1.452889e-04
1.437059e-04
1.421408e-04
1.405935e-04
1.390637e-04
1.375513e-04
1.360561e-04
1.345778e-04
1.331162e-04
1.316712e-04
1.302425e-04
1.288300e-04
1.274335e-04
1.260527e-04
1.246876e-04
1.233378e-04
1.220033e-04
1.206838e-04
1.193791e-04
1.180892e-04
1.168138e-04
1.155527e-04
1.143058e-04
1.130729e-04
1.118538e-04
1.106484e-04
1.094566e-04
1.082781e-04
1.071128e-04
1.059605e-04
1.048212e-04
1.036946e-04
1.025806e-04
1.014790e-04
1.003897e-04
9.931257e-05
9.824746e-05
9.719422e-05
9.615270e-05
9.512278e-05
9.410432e-05
9.309719e-05
9.210124e-05
9.111636e-05
9.014241e-05
8.917926e-05
8.822679e-05
8.728487e-05
8.635339e-05
8.543221e-05
8.452123e-05
8.362032e-05
8.272936e-05
8.184823e-05
8.097684e-05
8.011505e-05
7.926277e-05
7.841987e-05
7.758626e-05
7.676182e-05
7.594645e-05
7.514004e-05
7.434249e-05
7.355370e-05
7.277357e-05
7.200199e-05
7.123887e-05
7.048411e-05
6.973762e-05
6.899930e-05
6.826905e-05
6.754679e-05
6.683242e-05
6.612585e-05
6.542700e-05
6.473577e-05
6.405207e-05
6.337583e-05
6.270695e-05
6.204535e-05
6.139095e-05
6.074367e-05
6.010343e-05
5.947014e-05
5.884372e-05
5.822411e-05
5.761121e-05
5.700496e-05
5.640528e-05
5.581210e-05
5.522533e-05
5.464492e-05
5.407078e-05
5.350285e-05
5.294105e-05
5.238532e-05
5.183559e-05
5.129179e-05
5.075385e-05
5.022171e-05
4.969531e-05
4.917457e-05
4.865944e-05
4.814985e-05
4.764573e-05
4.714704e-05
4.665370e-05
4.616566e-05
4.568286e-05
4.520524e-05
4.473274e-05
4.426531e-05
4.380288e-05
4.334540e-05
4.289283e-05
4.244509e-05
4.200214e-05
4.156393e-05
4.113040e-05
4.070151e-05
4.027719e-05
3.985740e-05
3.944208e-05
3.903120e-05
3.862470e-05
3.822252e-05
3.782463e-05
3.743098e-05
3.704151e-05
3.665619e-05
3.627497e-05
3.589780e-05
3.552463e-05
3.515543e-05
3.479015e-05
3.442874e-05
3.407117e-05
3.371739e-05
3.336736e-05
3.302104e-05
3.267839e-05
3.233936e-05
3.200393e-05
3.167204e-05
3.134366e-05
3.101876e-05
3.069729e-05
3.037922e-05
3.006450e-05
2.975311e-05
2.944500e-05
2.914015e-05
2.883851e-05
2.854005e-05
2.824474e-05
2.795254e-05
2.766342e-05
2.737734e-05
2.709427e-05
2.681418e-05
2.653704e-05
2.626281e-05
2.599147e-05
2.572297e-05
2.545730e-05
2.519442e-05
2.493429e-05
2.467690e-05
2.442221e-05
2.417019e-05
2.392081e-05
2.367405e-05
2.342987e-05
2.318825e-05
2.294917e-05
2.271258e-05
2.247847e-05
2.224682e-05
2.201758e-05
2.179075e-05
2.156628e-05
2.134416e-05
2.112437e-05
2.090687e-05
2.069164e-05
2.047866e-05
2.026790e-05
2.005934e-05
1.985296e-05
1.964873e-05
1.944663e-05
1.924664e-05
1.904873e-05
1.885288e-05
1.865908e-05
1.846729e-05
1.827750e-05
1.808969e-05
1.790383e-05
1.771990e-05
1.753789e-05
1.735777e-05
1.717952e-05
1.700313e-05
1.682857e-05
1.665582e-05
1.648487e-05
1.631569e-05
1.614827e-05
1.598259e-05
1.581863e-05
1.565637e-05
1.549579e-05
1.533688e-05
1.517961e-05
1.502398e-05
1.486996e-05
1.471753e-05
1.456669e-05
1.441741e-05
1.426967e-05
1.412346e-05
1.397877e-05
1.383557e-05
1.369386e-05
1.355361e-05
1.341482e-05
1.327746e-05
1.314152e-05
1.300698e-05
1.287384e-05
1.274207e-05
1.261166e-05
1.248260e-05
1.235488e-05
1.222847e-05
1.210337e-05
1.197956e-05
1.185703e-05
1.173576e-05
1.161574e-05
1.149696e-05
1.137941e-05
1.126307e-05
1.114793e-05
1.103398e-05
1.092120e-05
1.080958e-05
1.069911e-05
1.058978e-05
1.048158e-05
1.037449e-05
1.026851e-05
1.016362e-05
1.005980e-05
9.957057e-06
9.855370e-06
9.754729e-06
9.655123e-06
9.556542e-06
9.458975e-06
9.362412e-06
9.266842e-06
9.172254e-06
9.078638e-06
8.985985e-06
8.894284e-06
8.803526e-06
8.713700e-06
8.624797e-06
8.536807e-06
8.449721e-06
8.363529e-06
8.278222e-06
8.193791e-06
8.110226e-06
8.027520e-06
7.945662e-06
7.864644e-06
7.784457e-06
7.705093e-06
7.626544e-06
7.548799e-06
7.471852e-06
7.395695e-06
7.320318e-06
7.245713e-06
7.171874e-06
7.098791e-06
7.026458e-06
6.954865e-06
6.884006e-06
6.813873e-06
6.744459e-06
6.675755e-06
6.607755e-06
6.540452e-06
6.473837e-06
6.407905e-06
6.342648e-06
6.278058e-06
6.214130e-06
6.150856e-06
6.088230e-06
6.026244e-06
5.964893e-06
5.904169e-06
5.844066e-06
5.784578e-06
5.725699e-06
5.667421e-06
5.609740e-06
5.552648e-06
5.496141e-06
5.440210e-06
5.384852e-06
5.330059e-06
5.275826e-06
5.222148e-06
5.169018e-06
5.116431e-06
5.064381e-06
5.012863e-06
4.961871e-06
4.911400e-06
4.861444e-06
4.811999e-06
4.763059e-06
4.714618e-06
4.666672e-06
4.619215e-06
4.572243e-06
4.525750e-06
4.479732e-06
4.434184e-06
4.389100e-06
4.344477e-06
4.300308e-06
4.256591e-06
4.213319e-06
4.170489e-06
4.128096e-06
4.086135e-06
4.044603e-06
4.003494e-06
3.962804e-06
3.922529e-06
3.882665e-06
3.843207e-06
3.804151e-06
3.765494e-06
3.727231e-06
3.689358e-06
3.651871e-06
3.614766e-06
3.578039e-06
3.541686e-06
3.505704e-06
3.470089e-06
3.434836e-06
3.399943e-06
3.365405e-06
3.331219e-06
3.297381e-06
3.263888e-06
3.230736e-06
3.197922e-06
3.165442e-06
3.133293e-06
3.101471e-06
3.069973e-06
3.038796e-06
3.007936e-06
2.977391e-06
2.947157e-06
2.917230e-06
2.887608e-06
2.858288e-06
2.829266e-06
2.800539e-06
2.772105e-06
2.743960e-06
2.716102e-06
2.688527e-06
2.661233e-06
2.634216e-06
2.607475e-06
2.581005e-06
2.554805e-06
2.528871e-06
2.503201e-06
2.477793e-06
2.452642e-06
2.427748e-06
2.403107e-06
2.378716e-06
2.354574e-06
2.330677e-06
2.307023e-06
2.283610e-06
2.260434e-06
2.237495e-06
2.214788e-06
2.192313e-06
2.170066e-06
2.148045e-06
2.126248e-06
2.104673e-06
2.083317e-06
2.062178e-06
2.041254e-06
2.020543e-06
2.000042e-06
1.979750e-06
1.959664e-06
1.939782e-06
1.920102e-06
1.900622e-06
1.881340e-06
1.862254e-06
1.843362e-06
1.824661e-06
1.806151e-06
1.787829e-06
1.769693e-06
1.751742e-06
1.733973e-06
1.716384e-06
1.698974e-06
1.681741e-06
1.664683e-06
1.647798e-06
1.631085e-06
1.614541e-06
1.598166e-06
1.581956e-06
1.565912e-06
1.550030e-06
1.534310e-06
1.518749e-06
1.503347e-06
1.488101e-06
1.473009e-06
1.458071e-06
1.443285e-06
1.428649e-06
1.414161e-06
1.399820e-06
1.385625e-06
1.371575e-06
1.357667e-06
1.343900e-06
1.330272e-06
1.316784e-06
1.303432e-06
1.290215e-06
1.277133e-06
1.264184e-06
1.251366e-06
1.238678e-06
1.226119e-06
1.213687e-06
1.201382e-06
1.189202e-06
1.177145e-06
1.165210e-06
1.153397e-06
1.141703e-06
1.130129e-06
1.118671e-06
1.107330e-06
1.096104e-06
1.084992e-06
1.073993e-06
1.063105e-06
1.052328e-06
1.041660e-06
1.031101e-06
1.020649e-06
1.010302e-06
1.000061e-06
9.899233e-07
9.798887e-07
9.699559e-07
9.601239e-07
9.503916e-07
9.407580e-07
9.312222e-07
9.217832e-07
9.124399e-07
9.031913e-07
8.940366e-07
8.849748e-07
8.760049e-07
8.671260e-07
8.583371e-07
8.496374e-07
8.410259e-07
8.325018e-07
8.240642e-07
8.157121e-07
8.074448e-07
7.992613e-07
7.911608e-07
7.831424e-07
7.752054e-07
7.673489e-07
7.595721e-07
7.518741e-07
7.442542e-07
7.367116e-07
7.292455e-07
7.218551e-07
7.145396e-07
7.072983e-07
7.001305e-07
6.930353e-07
6.860121e-07
6.790601e-07
6.721786e-07
6.653669e-07
6.586243e-07
6.519500e-07
6.453434e-07
6.388038e-07
6.323305e-07
6.259228e-07
6.195801e-07
6.133017e-07
6.070870e-07
6.009353e-07
5.948460e-07
5.888183e-07
5.828519e-07
5.769458e-07
5.710997e-07
5.653129e-07
5.595847e-07
5.539146e-07
5.483019e-07
5.427462e-07
5.372468e-07
5.318031e-07
5.264147e-07
5.210808e-07
5.158010e-07
5.105748e-07
5.054015e-07
5.002807e-07
4.952118e-07
4.901942e-07
4.852275e-07
4.803112e-07
4.754447e-07
4.706275e-07
4.658592e-07
4.611392e-07
4.564670e-07
4.518422e-07
4.472643e-07
4.427328e-07
4.382472e-07
4.338070e-07
4.294119e-07
4.250613e-07
4.207549e-07
4.164920e-07
4.122724e-07
4.080955e-07
4.039610e-07
3.998684e-07
3.958172e-07
3.918071e-07
3.878377e-07
3.839085e-07
3.800191e-07
3.761691e-07
3.723581e-07
3.685858e-07
3.648517e-07
3.611554e-07
3.574966e-07
3.538749e-07
3.502899e-07
3.467412e-07
3.432285e-07
3.397513e-07
3.363094e-07
3.329024e-07
3.295299e-07
3.261916e-07
3.228871e-07
3.196162e-07
3.163783e-07
3.131733e-07
3.100007e-07
3.068603e-07
3.037517e-07
3.006746e-07
2.976287e-07
2.946137e-07
2.916292e-07
2.886749e-07
2.857506e-07
2.828559e-07
2.799906e-07
2.771543e-07
2.743467e-07
2.715675e-07
2.688166e-07
2.660935e-07
2.633980e-07
2.607298e-07
2.580886e-07
2.554742e-07
2.528863e-07
2.503246e-07
2.477889e-07
2.452789e-07
2.427943e-07
2.403348e-07
2.379003e-07
2.354905e-07
2.331050e-07
2.307438e-07
2.284065e-07
2.260928e-07
2.238026e-07
2.215356e-07
2.192915e-07
2.170702e-07
2.148714e-07
2.126949e-07
2.105404e-07
2.084078e-07
2.062968e-07
2.042071e-07
2.021386e-07
2.000911e-07
1.980643e-07
1.960581e-07
1.940722e-07
1.921064e-07
1.901605e-07
1.882343e-07
1.863277e-07
1.844403e-07
1.825721e-07
1.807228e-07
1.788922e-07
1.770802e-07
1.752866e-07
1.735111e-07
1.717536e-07
1.700139e-07
1.682918e-07
1.665872e-07
1.648999e-07
1.632296e-07
1.615763e-07
1.599397e-07
1.583197e-07
1.567161e-07
1.551287e-07
1.535574e-07
1.520021e-07
1.504625e-07
1.489385e-07
1.474299e-07
1.459366e-07
1.444585e-07
1.429953e-07
1.415469e-07
1.401132e-07
1.386941e-07
1.372893e-07
1.358987e-07
1.345222e-07
1.331597e-07
1.318110e-07
1.304759e-07
1.291544e-07
1.278462e-07
1.265513e-07
1.252696e-07
1.240008e-07
1.227448e-07
1.215016e-07
1.202710e-07
1.190528e-07
1.178470e-07
1.166534e-07
1.154718e-07
1.143023e-07
1.131446e-07
1.119986e-07
1.108642e-07
1.097414e-07
1.086298e-07
1.075296e-07
1.064405e-07
1.053624e-07
1.042953e-07
1.032389e-07
1.021933e-07
1.011583e-07
1.001337e-07
9.911951e-08
9.811560e-08
9.712185e-08
9.613818e-08
9.516446e-08
9.420061e-08
9.324652e-08
9.230210e-08
9.136724e-08
9.044186e-08
8.952584e-08
8.861910e-08
8.772155e-08
8.683309e-08
8.595363e-08
8.508308e-08
8.422134e-08
8.336833e-08
8.252397e-08
8.168815e-08
8.086081e-08
8.004184e-08
7.923116e-08
7.842870e-08
7.763437e-08
7.684808e-08
7.606976e-08
7.529932e-08
7.453668e-08
7.378177e-08
7.303450e-08
7.229480e-08
7.156260e-08
7.083781e-08
7.012036e-08
6.941018e-08
6.870719e-08
6.801133e-08
6.732251e-08
6.664067e-08
6.596573e-08
6.529763e-08
6.463630e-08
6.398166e-08
6.333366e-08
6.269222e-08
6.205728e-08
6.142876e-08
6.080662e-08
6.019077e-08
5.958116e-08
5.897773e-08
5.838041e-08
5.778914e-08
5.720385e-08
5.662450e-08
5.605101e-08
5.548333e-08
5.492140e-08
5.436517e-08
5.381456e-08
5.326954e-08
5.273003e-08
5.219599e-08
5.166735e-08
5.114408e-08
5.062610e-08
5.011336e-08
4.960582e-08
4.910342e-08
4.860611e-08
4.811384e-08
4.762655e-08
4.714420e-08
4.666673e-08
4.619410e-08
4.572626e-08
4.526315e-08
4.480473e-08
4.435096e-08
4.390179e-08
4.345716e-08
4.301703e-08
4.258137e-08
4.215011e-08
4.172323e-08
4.130066e-08
4.088238e-08
4.046834e-08
4.005848e-08
3.965278e-08
3.925119e-08
3.885366e-08
3.846016e-08
3.807065e-08
3.768508e-08
3.730342e-08
3.692562e-08
3.655165e-08
3.618146e-08
3.581503e-08
3.545230e-08
3.509325e-08
3.473784e-08
3.438602e-08
3.403777e-08
3.369305e-08
3.335182e-08
3.301404e-08
3.267968e-08
3.234872e-08
3.202110e-08
3.169680e-08
3.137579e-08
3.105802e-08
3.074348e-08
3.043212e-08
3.012391e-08
2.981883e-08
2.951683e-08
2.921790e-08
2.892199e-08
2.862908e-08
2.833913e-08
2.805212e-08
2.776802e-08
2.748680e-08
2.720842e-08
2.693287e-08
2.666010e-08
2.639010e-08
2.612283e-08
2.585827e-08
2.559638e-08
2.533715e-08
2.508055e-08
2.482654e-08
2.457511e-08
2.432622e-08
2.407986e-08
2.383598e-08
2.359458e-08
2.335563e-08
2.311909e-08
2.288495e-08
2.265318e-08
2.242376e-08
2.219666e-08
2.197186e-08
2.174934e-08
2.152907e-08
2.131103e-08
2.109521e-08
2.088156e-08
2.067008e-08
2.046075e-08
2.025353e-08
2.004841e-08
1.984537e-08
1.964438e-08
1.944543e-08
