1.548628e-02
5.449219e-03
7.129367e-03
7.383666e-03
8.957149e-03
9.461729e-03
2.417746e-03
3.717275e-03
4.232023e-03
4.598470e-03
4.706785e-03
8.174812e-04
1.278774e-03
1.409472e-03
1.565601e-03
1.623315e-03
2.675649e-04
4.289810e-04
5.013327e-04
5.621543e-04
5.791437e-04
9.654094e-05
1.531867e-04
1.745723e-04
1.916401e-04
1.970868e-04
3.119279e-05
4.899431e-05
5.552204e-05
6.122587e-05
6.310077e-05
1.010316e-05
1.589590e-05
1.820515e-05
2.014204e-05
2.077462e-05
3.357959e-06
5.290322e-06
6.068394e-06
6.715968e-06
6.927223e-06
1.120002e-06
1.764866e-06
2.024330e-06
2.240150e-06
2.310347e-06
3.733694e-07
