1.341093e-02
5.233868e-03
6.964295e-03
8.358894e-03
1.012459e-02
1.044145e-02
2.376449e-03
3.731956e-03
4.175929e-03
4.588256e-03
4.864344e-03
8.483882e-04
1.241543e-03
1.343230e-03
1.495492e-03
1.579265e-03
2.738078e-04
4.118173e-04
4.752314e-04
5.329341e-04
5.519974e-04
9.288737e-05
1.441644e-04
1.645385e-04
1.808812e-04
1.870206e-04
2.965001e-05
4.628083e-05
5.238158e-05
5.776306e-05
5.975766e-05
9.605685e-06
1.518388e-05
1.734802e-05
1.918219e-05
1.985180e-05
3.191576e-06
5.160186e-06
5.888879e-06
6.502244e-06
6.725196e-06
1.064102e-06
1.787359e-06
2.029725e-06
2.233917e-06
2.307968e-06
3.545141e-07
