7.921403e-03
4.458385e-03
4.249912e-03
2.543220e-03
4.957732e-03
6.304654e-03
2.758251e-03
3.087063e-03
2.477709e-03
3.648893e-03
4.319520e-03
1.548534e-03
1.931108e-03
1.593233e-03
2.107461e-03
2.406715e-03
7.510516e-04
9.963570e-04
8.114315e-04
1.043930e-03
1.204500e-03
3.574598e-04
4.890132e-04
4.114063e-04
5.383468e-04
6.339263e-04
1.903937e-04
2.617882e-04
2.338725e-04
3.116495e-04
3.722947e-04
1.133179e-04
1.554774e-04
1.443469e-04
1.943867e-04
2.345915e-04
7.205788e-05
9.871249e-05
9.395210e-05
1.274792e-04
1.549817e-04
4.790304e-05
6.556188e-05
6.339846e-05
8.647474e-05
1.056721e-04
3.279537e-05
4.486768e-05
4.382613e-05
6.000840e-05
7.361367e-05
2.291139e-05
3.134090e-05
3.081994e-05
4.232724e-05
5.208305e-05
1.624608e-05
2.222122e-05
2.195511e-05
3.022760e-05
3.728664e-05
1.165190e-05
1.593439e-05
1.579900e-05
2.179698e-05
2.694225e-05
8.432510e-06
1.152816e-05
1.146168e-05
1.584077e-05
1.961366e-05
6.147234e-06
8.400284e-06
8.370537e-06
1.158608e-05
1.436644e-05
4.508239e-06
6.157202e-06
6.147033e-06
8.519511e-06
1.057714e-05
3.322860e-06
4.535388e-06
4.535340e-06
6.292957e-06
7.821247e-06
2.459597e-06
3.354790e-06
3.359653e-06
4.666330e-06
5.805038e-06
1.827264e-06
2.490488e-06
2.497380e-06
3.471784e-06
4.322563e-06
1.361801e-06
1.854684e-06
1.862047e-06
2.590620e-06
3.227826e-06
1.017723e-06
1.385023e-06
1.392053e-06
1.938107e-06
2.416388e-06
7.624425e-07
