8.495459e-03
4.701642e-03
4.501932e-03
2.472581e-03
4.524050e-03
5.836418e-03
2.650372e-03
2.945416e-03
2.517073e-03
3.685788e-03
4.356072e-03
1.557276e-03
1.940267e-03
1.601037e-03
2.112906e-03
2.426925e-03
7.548680e-04
1.001320e-03
8.124141e-04
1.039456e-03
1.197637e-03
3.561413e-04
4.872623e-04
4.111096e-04
5.356290e-04
6.302804e-04
1.891496e-04
2.603506e-04
2.322274e-04
3.080312e-04
3.676296e-04
1.119213e-04
1.539117e-04
1.426243e-04
1.913311e-04
2.306737e-04
7.091433e-05
9.742687e-05
9.251776e-05
1.251188e-04
1.518936e-04
4.702616e-05
6.457924e-05
6.232050e-05
8.472906e-05
1.033373e-04
3.214295e-05
4.413148e-05
4.303945e-05
5.872484e-05
7.185560e-05
2.242295e-05
3.078412e-05
3.024217e-05
4.137051e-05
5.074310e-05
1.587294e-05
2.179087e-05
2.152087e-05
2.949747e-05
3.624751e-05
1.136010e-05
1.559469e-05
1.546322e-05
2.122707e-05
2.612331e-05
8.199905e-06
1.125562e-05
1.119578e-05
1.538806e-05
1.896059e-05
5.959460e-06
8.179395e-06
8.156552e-06
1.122238e-05
1.384200e-05
4.355655e-06
5.977386e-06
5.973234e-06
8.225629e-06
1.015467e-05
3.198625e-06
4.388912e-06
4.393691e-06
6.055069e-06
7.480828e-06
2.358549e-06
3.235706e-06
3.244727e-06
4.473943e-06
5.531198e-06
1.745641e-06
2.393999e-06
2.404895e-06
3.317664e-06
4.104333e-06
1.296342e-06
1.776822e-06
1.787790e-06
2.467579e-06
3.054318e-06
9.653947e-07
1.322465e-06
1.332611e-06
1.840151e-06
2.278802e-06
7.207531e-07
