1.348518e-02
4.734790e-03
4.102144e-03
5.369489e-03
3.631573e-03
5.243592e-03
3.860461e-03
4.374008e-03
3.796984e-03
3.659296e-03
3.112424e-03
3.010625e-03
2.502774e-03
2.543237e-03
2.206353e-03
2.215645e-03
1.883538e-03
2.032751e-03
2.021851e-03
2.146180e-03
2.141400e-03
2.111430e-03
2.068387e-03
2.075572e-03
2.047990e-03
2.048027e-03
1.865065e-03
1.775971e-03
1.654653e-03
1.583244e-03
1.488712e-03
1.286713e-03
1.141015e-03
1.016061e-03
9.208525e-04
8.384070e-04
6.760909e-04
5.760946e-04
4.899982e-04
4.477455e-04
4.253092e-04
3.799630e-04
3.400214e-04
3.081616e-04
2.823980e-04
2.621721e-04
2.246641e-04
1.949089e-04
1.729093e-04
1.560880e-04
1.436549e-04
1.206014e-04
1.035293e-04
9.443338e-05
8.866637e-05
8.648839e-05
8.407841e-05
8.141674e-05
7.948950e-05
7.770525e-05
7.632030e-05
7.293009e-05
6.982741e-05
6.750930e-05
6.553013e-05
6.395995e-05
6.035235e-05
5.732606e-05
5.505206e-05
5.316976e-05
5.166820e-05
4.821989e-05
4.549871e-05
4.345640e-05
4.179186e-05
4.046116e-05
3.735346e-05
3.500789e-05
3.325896e-05
3.184467e-05
3.071679e-05
2.803266e-05
2.607598e-05
2.462796e-05
2.346534e-05
2.254148e-05
2.031209e-05
1.873320e-05
1.757299e-05
1.664918e-05
1.591765e-05
1.413471e-05
1.290536e-05
1.200723e-05
1.129919e-05
1.073985e-05
9.925262e-06
9.555212e-06
9.246025e-06
8.989078e-06
8.778899e-06
8.395990e-06
8.032774e-06
7.738606e-06
7.498750e-06
7.301780e-06
6.902960e-06
6.566024e-06
6.299098e-06
6.084399e-06
5.907680e-06
5.523209e-06
5.223513e-06
4.990206e-06
4.804585e-06
4.651642e-06
4.300313e-06
4.042997e-06
3.845655e-06
3.690122e-06
3.561915e-06
3.254002e-06
3.039946e-06
2.877966e-06
2.751385e-06
2.647012e-06
2.386529e-06
2.213596e-06
2.084352e-06
1.984147e-06
1.901497e-06
1.688046e-06
1.552213e-06
1.451910e-06
1.374732e-06
1.311059e-06
1.141362e-06
1.037671e-06
9.627496e-07
