2.328134e-03
7.064428e-04
3.650824e-04
2.671867e-04
2.018069e-04
1.634738e-04
1.364758e-04
1.166763e-04
1.022726e-04
9.050344e-05
8.111896e-05
7.346152e-05
6.696054e-05
6.144806e-05
5.679176e-05
5.271146e-05
4.913220e-05
4.602907e-05
4.323805e-05
4.072155e-05
3.844059e-05
3.636652e-05
3.448458e-05
3.279850e-05
3.125277e-05
2.982415e-05
2.850088e-05
2.729913e-05
2.618051e-05
2.513482e-05
2.415565e-05
2.323715e-05
2.238310e-05
2.159867e-05
2.086943e-05
2.017987e-05
1.952699e-05
1.890810e-05
1.832074e-05
1.776270e-05
1.723195e-05
1.672665e-05
1.624510e-05
1.578576e-05
1.534722e-05
1.492817e-05
1.452741e-05
1.414826e-05
1.379034e-05
1.344684e-05
1.311697e-05
1.279997e-05
1.249515e-05
1.220187e-05
1.191952e-05
1.164754e-05
1.138541e-05
1.113263e-05
1.088874e-05
1.065332e-05
1.042595e-05
1.020626e-05
9.994999e-06
9.790642e-06
9.592838e-06
9.401299e-06
9.215751e-06
9.039252e-06
8.868362e-06
8.702554e-06
8.541619e-06
8.385360e-06
8.233591e-06
8.086134e-06
7.942821e-06
7.803491e-06
7.667993e-06
7.536181e-06
7.407918e-06
7.283071e-06
7.161517e-06
7.043136e-06
6.927814e-06
6.815442e-06
6.705917e-06
6.599139e-06
6.495014e-06
6.393452e-06
6.294365e-06
6.197671e-06
6.105197e-06
6.015090e-06
5.927049e-06
5.841008e-06
5.756905e-06
5.674681e-06
5.594278e-06
5.515641e-06
5.438716e-06
5.363452e-06
5.289800e-06
5.217713e-06
5.147145e-06
5.078053e-06
5.010393e-06
4.944126e-06
4.879212e-06
4.815612e-06
4.753292e-06
4.692214e-06
4.632346e-06
4.573655e-06
4.516108e-06
4.459675e-06
4.404327e-06
4.350035e-06
4.296772e-06
4.244510e-06
4.193224e-06
4.142889e-06
4.093481e-06
4.045822e-06
3.999188e-06
3.953376e-06
3.908366e-06
3.864139e-06
3.820677e-06
3.777960e-06
3.735972e-06
3.694696e-06
3.654114e-06
3.614212e-06
3.574974e-06
3.536383e-06
3.498427e-06
3.461090e-06
3.424359e-06
3.388220e-06
3.352660e-06
3.317666e-06
3.283227e-06
3.249330e-06
3.215963e-06
3.183115e-06
3.150776e-06
3.118933e-06
3.087578e-06
3.056699e-06
3.026287e-06
2.996331e-06
2.966824e-06
2.937755e-06
2.909116e-06
2.880897e-06
2.853091e-06
2.825689e-06
2.798683e-06
2.772066e-06
2.745829e-06
2.719966e-06
2.694500e-06
2.669864e-06
2.645565e-06
2.621597e-06
2.597955e-06
2.574631e-06
2.551621e-06
2.528918e-06
2.506517e-06
2.484412e-06
2.462599e-06
2.441071e-06
2.419823e-06
2.398852e-06
2.378151e-06
2.357716e-06
2.337542e-06
2.317625e-06
2.297960e-06
2.278543e-06
2.259370e-06
2.240436e-06
2.221738e-06
2.203271e-06
2.185032e-06
2.167016e-06
2.149313e-06
2.131857e-06
2.114613e-06
2.097578e-06
2.080747e-06
2.064118e-06
2.047687e-06
2.031450e-06
2.015406e-06
1.999550e-06
1.983879e-06
1.968392e-06
1.953083e-06
1.937952e-06
1.922995e-06
1.908209e-06
1.893592e-06
1.879140e-06
1.864852e-06
1.850795e-06
1.837083e-06
1.823521e-06
1.810107e-06
1.796839e-06
1.783714e-06
1.770731e-06
1.757887e-06
1.745180e-06
1.732609e-06
1.720171e-06
1.707864e-06
1.695687e-06
1.683637e-06
1.671714e-06
1.659914e-06
1.648236e-06
1.636679e-06
1.625241e-06
1.613920e-06
1.602715e-06
1.591623e-06
1.580644e-06
1.569775e-06
1.559016e-06
1.548364e-06
1.537818e-06
1.527378e-06
1.517040e-06
1.506805e-06
1.496670e-06
1.486635e-06
1.476697e-06
1.466857e-06
1.457111e-06
1.447459e-06
1.437901e-06
1.428434e-06
1.419057e-06
1.411680e-06
1.407896e-06
1.404118e-06
1.400347e-06
1.396583e-06
1.392825e-06
1.389076e-06
1.385334e-06
1.381600e-06
1.377874e-06
1.374157e-06
1.370449e-06
1.366749e-06
1.363059e-06
1.359378e-06
1.355706e-06
1.352045e-06
1.348393e-06
1.344751e-06
1.341119e-06
1.337498e-06
1.333887e-06
1.330287e-06
1.326698e-06
1.323119e-06
1.319552e-06
1.315996e-06
1.312451e-06
1.308918e-06
1.305396e-06
1.301886e-06
1.298387e-06
1.294900e-06
1.291425e-06
1.287962e-06
1.284511e-06
1.281072e-06
1.277645e-06
1.274230e-06
1.270828e-06
1.267438e-06
1.264060e-06
1.260694e-06
1.257341e-06
1.254001e-06
1.250673e-06
1.247357e-06
1.244054e-06
1.240764e-06
1.237804e-06
1.234892e-06
1.231987e-06
1.229087e-06
1.226193e-06
1.223305e-06
1.220424e-06
1.217548e-06
1.214680e-06
1.211817e-06
1.208962e-06
1.206113e-06
1.203270e-06
1.200435e-06
1.197607e-06
1.194785e-06
1.191971e-06
1.189164e-06
1.186364e-06
1.183571e-06
1.180786e-06
1.178008e-06
1.175237e-06
1.172474e-06
1.169719e-06
1.166971e-06
1.164231e-06
1.161498e-06
1.158773e-06
1.156056e-06
1.153347e-06
1.150646e-06
1.147952e-06
1.145267e-06
1.142589e-06
1.139919e-06
1.137258e-06
1.134604e-06
1.131959e-06
1.129321e-06
1.126691e-06
1.124070e-06
1.121457e-06
1.118852e-06
1.116255e-06
1.113666e-06
1.111085e-06
1.108512e-06
1.105948e-06
1.103392e-06
1.100844e-06
1.098304e-06
1.095772e-06
1.093249e-06
1.090733e-06
1.088226e-06
1.085727e-06
1.083237e-06
1.080754e-06
1.078280e-06
1.075813e-06
1.073355e-06
1.070906e-06
1.068464e-06
1.066030e-06
1.063605e-06
1.061187e-06
1.058778e-06
1.056377e-06
1.053984e-06
1.051599e-06
1.049222e-06
1.046885e-06
1.044681e-06
1.042481e-06
1.040287e-06
1.038098e-06
1.035913e-06
1.033734e-06
1.031560e-06
1.029391e-06
1.027227e-06
1.025068e-06
1.022915e-06
1.020767e-06
1.018623e-06
1.016486e-06
1.014353e-06
1.012226e-06
1.010103e-06
1.007987e-06
1.005875e-06
1.003769e-06
1.001668e-06
9.995720e-07
9.974816e-07
9.953966e-07
9.933169e-07
9.912426e-07
9.891736e-07
9.871099e-07
9.850516e-07
9.829986e-07
9.809510e-07
9.789088e-07
9.768719e-07
9.748404e-07
9.728143e-07
9.707935e-07
