9.342237e-02
3.881099e-02
4.004980e-02
5.063239e-02
8.908513e-02
6.516205e-02
4.681033e-02
2.513971e-02
8.682664e-03
8.672470e-03
7.598423e-03
3.062614e-03
1.744826e-03
2.148632e-03
2.131118e-03
2.260705e-03
6.900300e-04
7.594009e-04
7.891754e-04
8.707904e-04
9.072769e-04
1.908523e-04
2.764297e-04
2.623466e-04
3.013589e-04
2.952797e-04
7.804113e-05
9.788746e-05
1.030130e-04
1.085190e-04
1.097129e-04
2.959182e-05
3.647772e-05
3.729743e-05
3.978803e-05
3.974371e-05
1.159321e-05
1.355079e-05
1.384287e-05
1.471021e-05
1.484867e-05
4.573902e-06
5.167825e-06
5.221601e-06
5.529984e-06
5.552655e-06
1.823785e-06
1.989755e-06
2.014487e-06
2.112776e-06
2.120714e-06
7.351207e-07
