1.777778e+00
1.295850e+00
6.824880e-01
4.437695e-01
3.019673e-01
3.083259e-01
3.073915e-01
2.596002e-01
2.035657e-01
1.723126e-01
1.719078e-01
1.588114e-01
1.425722e-01
1.173456e-01
6.620330e-02
5.214453e-02
9.687875e-02
4.360636e-02
5.843422e-02
4.048205e-02
4.722832e-02
3.593064e-02
2.637093e-02
2.666645e-02
2.199846e-02
1.363459e-02
1.646505e-02
1.060837e-02
1.726529e-02
2.048863e-02
1.855328e-02
1.249047e-02
9.360548e-03
9.975568e-03
1.103430e-02
1.110934e-02
9.918625e-03
6.343450e-03
6.497823e-03
7.053221e-03
5.579022e-03
