1.777778e+00
1.246485e+00
7.775525e-01
6.180131e-01
6.586065e-01
6.625353e-01
4.735054e-01
3.176703e-01
3.289800e-01
2.704145e-01
3.041669e-01
2.843671e-01
2.666421e-01
2.366654e-01
2.239256e-01
1.707475e-01
2.294684e-01
1.848509e-01
1.611051e-01
1.939961e-01
1.744110e-01
1.700579e-01
1.574120e-01
1.605099e-01
1.876687e-01
1.398218e-01
1.386742e-01
1.270501e-01
1.485427e-01
1.605170e-01
1.131721e-01
1.030242e-01
1.229545e-01
1.519720e-01
1.317661e-01
7.410518e-02
1.112782e-01
1.274627e-01
1.480475e-01
1.544105e-01
1.155484e-01
8.290604e-02
1.138120e-01
1.411479e-01
1.392801e-01
1.347969e-01
1.148712e-01
1.125130e-01
1.407278e-01
1.376602e-01
1.088971e-01
1.283479e-01
1.338975e-01
1.020152e-01
1.296821e-01
1.144646e-01
1.195685e-01
1.274373e-01
1.210725e-01
1.194406e-01
1.219830e-01
1.173437e-01
1.262018e-01
1.254151e-01
1.202434e-01
1.210539e-01
1.166632e-01
1.152461e-01
1.187892e-01
1.272137e-01
1.144485e-01
1.000161e-01
1.059260e-01
1.124168e-01
1.185787e-01
1.080960e-01
9.978484e-02
8.861749e-02
8.160261e-02
8.567546e-02
9.203376e-02
8.355677e-02
7.310030e-02
7.623864e-02
7.508037e-02
6.878470e-02
6.406300e-02
5.918455e-02
5.234034e-02
5.442261e-02
5.588241e-02
5.385171e-02
4.826396e-02
3.998931e-02
4.327691e-02
4.527773e-02
4.241607e-02
3.850094e-02
3.583775e-02
3.071791e-02
3.154350e-02
3.403407e-02
3.369886e-02
2.870370e-02
2.318842e-02
2.316873e-02
2.329302e-02
2.520120e-02
2.464661e-02
2.201584e-02
1.608461e-02
1.688480e-02
1.741213e-02
1.599099e-02
1.590826e-02
1.422442e-02
1.083186e-02
1.240457e-02
1.453840e-02
1.274182e-02
1.084349e-02
8.864790e-03
1.159002e-02
1.601316e-02
1.482655e-02
8.415647e-03
6.724219e-03
9.969215e-03
1.551224e-02
1.574076e-02
1.071955e-02
4.285700e-03
6.470512e-03
1.271013e-02
1.444994e-02
1.138718e-02
6.306332e-03
4.495432e-03
8.713543e-03
1.129619e-02
1.159901e-02
8.601505e-03
4.927291e-03
5.662986e-03
8.671048e-03
1.115849e-02
1.022844e-02
6.272294e-03
4.334349e-03
6.487500e-03
9.142288e-03
1.039949e-02
8.657098e-03
4.757703e-03
5.792430e-03
6.024371e-03
8.338477e-03
8.883903e-03
6.986077e-03
4.956324e-03
5.864363e-03
5.537789e-03
6.904850e-03
7.120250e-03
5.449381e-03
5.112500e-03
5.170156e-03
5.587741e-03
5.749791e-03
5.412799e-03
5.219989e-03
5.049109e-03
4.714559e-03
4.800809e-03
4.494517e-03
4.546533e-03
4.730814e-03
4.374982e-03
4.551000e-03
4.054672e-03
3.516391e-03
3.710863e-03
3.908143e-03
3.575785e-03
4.033807e-03
3.362743e-03
3.008767e-03
2.994973e-03
3.026806e-03
3.007915e-03
3.253673e-03
2.614018e-03
2.377278e-03
2.334273e-03
2.323387e-03
2.438653e-03
2.602752e-03
2.089665e-03
1.868347e-03
1.796354e-03
1.743085e-03
1.844812e-03
1.990748e-03
1.621464e-03
1.438092e-03
1.658432e-03
1.381650e-03
1.396363e-03
1.528862e-03
1.276804e-03
1.492389e-03
1.539092e-03
1.131256e-03
9.787974e-04
1.088771e-03
1.099101e-03
1.431730e-03
1.335823e-03
1.120949e-03
9.515026e-04
8.283825e-04
1.110660e-03
1.299801e-03
1.109123e-03
1.083872e-03
9.893088e-04
9.205891e-04
1.044107e-03
1.126776e-03
1.065708e-03
1.025151e-03
9.353503e-04
8.846845e-04
9.316993e-04
9.434395e-04
9.626957e-04
9.507782e-04
9.283496e-04
8.516765e-04
8.483976e-04
8.461269e-04
9.263143e-04
8.478036e-04
8.231889e-04
8.077971e-04
8.191306e-04
8.393610e-04
8.266453e-04
7.916491e-04
7.291716e-04
7.069255e-04
7.456470e-04
8.011201e-04
7.410247e-04
6.828894e-04
6.578123e-04
6.547335e-04
6.767423e-04
6.993640e-04
6.610204e-04
6.107147e-04
5.631272e-04
5.795669e-04
6.136426e-04
5.845047e-04
5.609627e-04
5.245814e-04
4.792129e-04
4.880655e-04
5.251352e-04
4.862536e-04
4.563185e-04
4.294929e-04
3.945290e-04
4.042597e-04
4.404295e-04
4.122621e-04
3.742421e-04
3.477151e-04
3.206052e-04
3.268560e-04
3.601484e-04
3.402582e-04
3.109904e-04
2.747402e-04
2.599865e-04
2.764100e-04
2.902530e-04
2.775493e-04
2.560625e-04
2.273909e-04
2.092544e-04
2.267343e-04
2.237324e-04
2.173388e-04
2.027240e-04
1.813264e-04
1.665677e-04
1.803614e-04
1.723103e-04
1.623079e-04
1.533282e-04
1.383234e-04
1.362389e-04
1.342794e-04
1.358995e-04
1.460907e-04
1.115777e-04
1.087047e-04
1.082479e-04
1.099182e-04
1.472101e-04
1.402049e-04
9.131618e-05
8.133717e-05
8.184131e-05
1.235507e-04
1.458257e-04
1.248232e-04
6.760148e-05
7.821870e-05
8.299766e-05
1.265765e-04
1.352806e-04
1.045387e-04
6.735229e-05
8.407194e-05
8.789233e-05
1.219046e-04
1.198623e-04
8.364359e-05
7.525763e-05
8.173876e-05
8.899848e-05
1.120286e-04
1.024427e-04
6.431967e-05
7.656071e-05
7.327152e-05
8.530644e-05
9.953044e-05
8.524746e-05
6.103122e-05
7.169016e-05
6.456294e-05
7.846331e-05
8.595386e-05
6.916464e-05
6.064265e-05
6.320113e-05
6.016167e-05
7.006066e-05
7.252631e-05
5.476801e-05
5.623060e-05
5.286640e-05
5.353835e-05
6.092234e-05
5.971330e-05
4.301574e-05
4.990065e-05
4.279108e-05
4.604480e-05
5.169895e-05
4.789506e-05
4.015928e-05
4.280785e-05
3.591881e-05
3.882808e-05
4.263386e-05
3.713909e-05
3.630957e-05
3.608343e-05
3.212954e-05
3.218512e-05
3.404663e-05
2.800822e-05
3.189536e-05
2.987433e-05
2.847641e-05
2.626991e-05
2.612445e-05
2.554061e-05
2.735831e-05
2.434426e-05
2.477458e-05
2.090732e-05
1.913700e-05
2.248853e-05
2.279462e-05
2.001653e-05
2.083259e-05
1.663700e-05
1.478831e-05
1.917068e-05
1.853980e-05
1.720041e-05
1.691765e-05
1.288087e-05
1.409352e-05
1.569218e-05
1.440592e-05
1.420798e-05
1.337355e-05
1.088005e-05
1.336159e-05
1.228462e-05
1.062214e-05
1.128234e-05
9.954277e-06
1.080389e-05
1.216657e-05
1.048025e-05
1.031039e-05
8.963116e-06
7.712098e-06
1.028489e-05
1.068610e-05
9.656617e-06
9.735243e-06
8.812032e-06
7.882565e-06
9.453202e-06
9.066871e-06
9.499146e-06
8.600625e-06
8.071855e-06
7.407868e-06
8.402833e-06
7.825745e-06
8.807917e-06
7.926638e-06
7.324922e-06
7.293583e-06
7.417126e-06
7.632346e-06
7.818589e-06
7.187133e-06
6.815569e-06
6.734742e-06
6.814946e-06
7.124440e-06
6.689376e-06
6.292583e-06
6.049780e-06
5.957849e-06
6.042185e-06
6.436721e-06
5.842913e-06
5.771670e-06
5.530825e-06
5.377676e-06
5.247397e-06
5.638150e-06
5.225696e-06
5.202807e-06
4.989078e-06
4.846158e-06
4.851848e-06
4.784526e-06
4.503141e-06
4.524235e-06
4.350571e-06
4.204225e-06
4.344402e-06
4.192203e-06
4.065132e-06
3.821321e-06
3.671953e-06
3.538295e-06
3.746417e-06
3.658716e-06
3.585474e-06
3.389421e-06
3.083043e-06
3.202168e-06
3.093798e-06
3.064512e-06
3.035731e-06
2.891518e-06
2.632060e-06
2.776590e-06
2.682934e-06
2.561696e-06
2.444035e-06
2.353705e-06
2.207609e-06
2.303650e-06
2.260563e-06
2.177733e-06
2.037678e-06
1.842823e-06
1.958571e-06
1.823174e-06
1.803981e-06
1.753606e-06
1.661029e-06
1.538073e-06
1.661424e-06
1.565012e-06
1.467110e-06
1.333220e-06
1.311600e-06
1.365420e-06
1.343239e-06
1.414216e-06
1.386071e-06
1.085996e-06
1.142148e-06
1.211492e-06
1.095500e-06
1.377058e-06
1.260254e-06
9.766791e-07
