5.458914e-03
2.054588e-03
1.073208e-03
2.441602e-03
1.372028e-03
1.951443e-03
1.030802e-03
1.086433e-03
1.061522e-03
1.050309e-03
1.004242e-03
5.776023e-04
6.061090e-04
6.625955e-04
6.782059e-04
6.905779e-04
4.142065e-04
4.216950e-04
5.296165e-04
6.041788e-04
6.713729e-04
4.652048e-04
5.782750e-04
6.729744e-04
7.588999e-04
8.736336e-04
7.470291e-04
8.469681e-04
9.741157e-04
1.110801e-03
1.230457e-03
1.095595e-03
1.091811e-03
1.278056e-03
1.608710e-03
2.111363e-03
2.097814e-03
2.069099e-03
1.891342e-03
2.160142e-03
3.004013e-03
3.822953e-03
3.544370e-03
2.843024e-03
3.844980e-03
4.490907e-03
3.862885e-03
3.684163e-03
4.716414e-03
4.750701e-03
4.603026e-03
6.405603e-03
6.021015e-03
6.820373e-03
6.603997e-03
6.112860e-03
6.848125e-03
4.201950e-03
6.265526e-03
5.085107e-03
7.787131e-03
6.102855e-03
7.415335e-03
5.610468e-03
6.210752e-03
5.420834e-03
4.656928e-03
5.162285e-03
4.747939e-03
4.290149e-03
5.464063e-03
5.978648e-03
5.825928e-03
4.943730e-03
4.128414e-03
4.873884e-03
5.552672e-03
5.650870e-03
5.011050e-03
4.149897e-03
3.455590e-03
3.871025e-03
4.707836e-03
5.400320e-03
6.075781e-03
6.032665e-03
5.040871e-03
4.057263e-03
3.079829e-03
2.843806e-03
3.200387e-03
3.404471e-03
3.715602e-03
4.122205e-03
4.477587e-03
4.757065e-03
4.743607e-03
4.668041e-03
4.095011e-03
3.565354e-03
3.085806e-03
2.455447e-03
1.914452e-03
1.458324e-03
1.424303e-03
1.605894e-03
1.707410e-03
1.809899e-03
1.908768e-03
2.001778e-03
2.079526e-03
2.062596e-03
2.055113e-03
2.063904e-03
2.077631e-03
2.091595e-03
2.025243e-03
1.972584e-03
1.930922e-03
1.894172e-03
1.861813e-03
1.760555e-03
1.675433e-03
1.602903e-03
1.539712e-03
1.482405e-03
1.371113e-03
1.276004e-03
1.193398e-03
1.120026e-03
1.050929e-03
9.419524e-04
8.498902e-04
7.752876e-04
7.098993e-04
6.509857e-04
5.664272e-04
4.945506e-04
4.392239e-04
3.943388e-04
3.536830e-04
2.965789e-04
2.488684e-04
2.233333e-04
2.503234e-04
2.758956e-04
2.955067e-04
3.149343e-04
3.332632e-04
3.534846e-04
3.732716e-04
3.765294e-04
3.794597e-04
3.825242e-04
3.871320e-04
3.933635e-04
3.838369e-04
3.767253e-04
3.715882e-04
3.678528e-04
3.648652e-04
3.479577e-04
3.346859e-04
3.242330e-04
3.172050e-04
3.113549e-04
2.942175e-04
2.804107e-04
2.690443e-04
2.593734e-04
2.507310e-04
2.331089e-04
2.185711e-04
2.062317e-04
1.954002e-04
1.855241e-04
1.690030e-04
1.553133e-04
1.440685e-04
1.340154e-04
1.247769e-04
1.110481e-04
9.928491e-05
8.892362e-05
7.957143e-05
7.097516e-05
6.020497e-05
5.153421e-05
4.774362e-05
4.439784e-05
4.139445e-05
3.674067e-05
3.282256e-05
2.943566e-05
2.676916e-05
2.565404e-05
2.650357e-05
2.816220e-05
2.968517e-05
3.106102e-05
3.271168e-05
3.313206e-05
3.346714e-05
3.381470e-05
3.440688e-05
3.483922e-05
3.392028e-05
3.319338e-05
3.261578e-05
3.213024e-05
3.188194e-05
3.044893e-05
2.928530e-05
2.832773e-05
2.750258e-05
2.673841e-05
2.499086e-05
2.354371e-05
2.231680e-05
2.133715e-05
2.047765e-05
1.885425e-05
1.749440e-05
1.632596e-05
1.528739e-05
1.432940e-05
1.282200e-05
1.164505e-05
1.065736e-05
9.776088e-06
8.966827e-06
7.791032e-06
6.907654e-06
6.154643e-06
5.481596e-06
4.914543e-06
4.223104e-06
3.637211e-06
3.717398e-06
3.998124e-06
4.267162e-06
4.325701e-06
4.466778e-06
4.640435e-06
4.807414e-06
4.959769e-06
4.863913e-06
4.846699e-06
4.860945e-06
4.888945e-06
4.919461e-06
4.718395e-06
4.570062e-06
4.478612e-06
4.437822e-06
4.407066e-06
4.184237e-06
4.010429e-06
3.876978e-06
3.771760e-06
3.681941e-06
3.434499e-06
3.236450e-06
3.077864e-06
2.947513e-06
2.834620e-06
2.599936e-06
2.416378e-06
2.265461e-06
2.138372e-06
2.027607e-06
1.831019e-06
1.668437e-06
1.533447e-06
1.420237e-06
1.323186e-06
1.166254e-06
1.037717e-06
9.751327e-07
