1.637647e-03
6.211309e-04
3.649678e-04
3.371393e-04
1.601070e-04
1.518443e-04
9.246712e-05
1.225747e-04
1.133723e-04
4.842170e-04
4.965923e-04
3.427701e-04
4.155478e-04
4.411634e-04
4.146312e-04
3.965499e-04
2.371426e-04
2.213180e-04
2.150081e-04
2.673590e-04
2.736068e-04
1.873590e-04
2.125169e-04
2.330411e-04
2.464935e-04
2.507829e-04
1.591625e-04
1.763917e-04
1.852844e-04
1.963013e-04
2.085964e-04
1.489946e-04
1.760730e-04
1.941928e-04
2.138547e-04
2.346749e-04
1.944803e-04
2.236096e-04
2.509744e-04
2.772165e-04
3.030438e-04
2.740210e-04
2.887969e-04
3.042105e-04
3.195275e-04
3.358695e-04
2.968559e-04
3.043131e-04
3.352514e-04
3.728283e-04
4.157759e-04
4.095749e-04
4.420506e-04
4.811323e-04
5.242781e-04
5.672575e-04
5.553060e-04
5.548288e-04
6.122162e-04
6.419774e-04
6.543498e-04
6.276440e-04
5.948497e-04
4.819433e-04
4.134619e-04
4.766951e-04
5.062822e-04
5.625901e-04
6.195303e-04
6.774103e-04
7.272870e-04
7.301679e-04
7.536507e-04
7.792675e-04
8.062531e-04
8.342910e-04
7.970323e-04
7.752375e-04
7.525824e-04
7.307010e-04
7.053434e-04
5.407816e-04
5.092749e-04
4.399290e-04
4.001776e-04
4.674207e-04
5.083796e-04
5.241582e-04
5.580824e-04
6.002296e-04
6.463840e-04
6.588130e-04
6.822378e-04
7.087077e-04
7.371741e-04
7.669706e-04
7.413282e-04
7.314880e-04
7.263054e-04
7.252497e-04
7.274763e-04
6.745969e-04
6.351836e-04
6.003219e-04
5.697193e-04
5.444650e-04
4.630624e-04
4.041087e-04
3.420432e-04
3.312382e-04
3.358907e-04
3.188675e-04
3.126256e-04
3.366591e-04
3.632699e-04
3.889347e-04
3.979308e-04
4.102001e-04
4.083735e-04
4.186705e-04
4.358816e-04
4.314786e-04
4.387183e-04
4.504315e-04
4.653253e-04
4.827283e-04
4.752569e-04
4.770307e-04
4.819069e-04
4.892536e-04
4.971090e-04
4.774579e-04
4.660363e-04
4.583026e-04
4.536146e-04
4.482018e-04
4.136133e-04
3.893701e-04
3.707837e-04
3.568280e-04
3.470919e-04
3.184807e-04
2.947515e-04
2.751641e-04
2.580795e-04
2.449622e-04
2.231286e-04
2.017636e-04
1.848518e-04
1.791834e-04
1.811887e-04
1.733990e-04
1.690280e-04
1.670392e-04
1.668155e-04
1.684674e-04
1.640180e-04
1.619796e-04
1.617019e-04
1.627627e-04
1.649028e-04
1.597732e-04
1.567967e-04
1.554293e-04
1.552655e-04
1.560582e-04
1.500128e-04
1.440076e-04
1.408231e-04
1.394083e-04
1.394059e-04
1.326329e-04
1.283849e-04
1.258953e-04
1.245583e-04
1.241620e-04
1.177404e-04
1.133944e-04
1.105380e-04
1.087663e-04
1.078335e-04
1.016994e-04
9.733059e-05
9.427061e-05
9.219868e-05
9.092025e-05
8.528173e-05
8.136056e-05
8.034130e-05
7.989984e-05
7.989730e-05
7.659104e-05
7.431150e-05
7.279683e-05
7.183955e-05
7.129482e-05
6.782452e-05
6.529163e-05
6.345337e-05
6.211411e-05
6.113841e-05
5.768641e-05
5.506889e-05
5.306679e-05
5.150372e-05
5.026199e-05
4.702053e-05
4.450659e-05
4.253089e-05
4.108112e-05
3.964868e-05
3.679655e-05
3.457089e-05
3.281440e-05
4.093519e-05
3.104659e-05
2.791822e-05
2.610874e-05
2.469952e-05
4.101742e-05
3.113011e-05
2.091228e-05
1.955117e-05
1.851937e-05
4.093801e-05
3.105612e-05
1.719874e-05
1.484536e-05
1.413276e-05
4.097589e-05
3.109713e-05
1.721028e-05
1.158177e-05
1.311596e-05
4.092969e-05
3.105636e-05
1.719596e-05
1.108351e-05
1.310071e-05
4.094773e-05
3.107754e-05
1.720248e-05
1.109467e-05
1.311248e-05
4.092402e-05
3.105681e-05
1.719564e-05
1.108830e-05
1.310457e-05
4.093548e-05
3.106915e-05
1.719962e-05
1.109362e-05
1.311057e-05
4.092509e-05
3.105933e-05
1.719627e-05
1.108964e-05
1.310610e-05
4.093261e-05
3.106654e-05
1.719840e-05
1.109199e-05
1.310904e-05
4.092783e-05
3.106167e-05
1.719658e-05
1.108971e-05
1.310658e-05
4.093191e-05
3.106550e-05
1.719765e-05
1.109094e-05
1.310813e-05
4.092926e-05
3.106288e-05
1.719669e-05
1.108981e-05
1.310689e-05
4.093129e-05
3.106487e-05
1.719729e-05
1.109054e-05
1.310775e-05
4.092989e-05
3.106352e-05
1.719685e-05
1.108997e-05
1.310713e-05
4.093107e-05
3.106465e-05
1.719724e-05
1.109034e-05
1.310760e-05
4.093051e-05
3.106405e-05
1.719706e-05
1.109001e-05
1.310726e-05
4.093130e-05
3.106474e-05
1.719730e-05
1.109017e-05
1.310750e-05
4.093114e-05
3.106450e-05
1.719723e-05
1.108997e-05
1.310731e-05
4.093163e-05
3.106490e-05
1.719737e-05
1.109004e-05
1.310743e-05
4.093157e-05
3.106477e-05
1.719733e-05
1.108993e-05
1.310733e-05
4.093182e-05
3.106497e-05
1.719740e-05
1.108997e-05
1.310739e-05
4.093175e-05
3.106488e-05
1.719738e-05
1.108993e-05
1.310734e-05
4.093184e-05
3.106495e-05
1.719740e-05
1.108996e-05
1.310737e-05
4.093175e-05
3.106487e-05
1.719737e-05
1.108995e-05
1.310735e-05
4.093174e-05
3.106487e-05
1.719738e-05
1.108998e-05
1.310737e-05
4.093164e-05
3.106480e-05
1.719735e-05
1.108998e-05
1.310736e-05
4.093159e-05
3.106477e-05
1.719734e-05
1.109001e-05
1.310737e-05
4.093151e-05
3.106471e-05
1.719732e-05
1.109002e-05
1.310737e-05
4.093145e-05
3.106469e-05
1.719731e-05
1.109003e-05
1.310737e-05
4.093139e-05
3.106464e-05
1.719730e-05
1.109004e-05
1.310737e-05
4.093134e-05
3.106462e-05
1.719729e-05
1.109005e-05
1.310738e-05
4.093130e-05
3.106459e-05
1.719728e-05
1.109006e-05
1.310738e-05
4.093127e-05
3.106457e-05
1.719727e-05
1.109006e-05
1.310738e-05
4.093124e-05
3.106456e-05
1.719726e-05
1.109007e-05
1.310738e-05
4.093122e-05
3.106455e-05
1.719726e-05
1.109007e-05
1.310738e-05
4.093121e-05
3.106454e-05
1.719725e-05
1.109007e-05
1.310738e-05
4.093120e-05
3.106453e-05
1.719725e-05
1.109007e-05
1.310738e-05
4.093119e-05
3.106453e-05
1.719725e-05
1.109008e-05
1.310738e-05
4.093119e-05
3.106453e-05
1.719725e-05
1.109008e-05
1.310738e-05
4.093118e-05
3.106452e-05
1.719725e-05
1.109008e-05
1.310738e-05
4.093118e-05
3.106452e-05
1.719725e-05
1.109008e-05
1.310738e-05
4.093118e-05
3.106452e-05
1.719724e-05
1.109008e-05
1.310738e-05
4.093118e-05
3.106452e-05
1.719724e-05
1.109008e-05
1.310738e-05
4.093118e-05
3.106452e-05
1.719724e-05
1.109008e-05
1.310738e-05
4.093118e-05
3.106452e-05
1.719724e-05
1.109008e-05
1.310738e-05
4.093117e-05
3.106452e-05
1.719724e-05
1.109008e-05
1.310738e-05
4.093117e-05
3.106452e-05
1.719724e-05
1.109008e-05
1.310738e-05
4.093117e-05
3.106452e-05
1.719724e-05
1.109008e-05
1.310738e-05
4.093117e-05
3.106452e-05
1.719724e-05
1.109008e-05
1.310738e-05
4.093117e-05
3.106452e-05
1.719724e-05
1.109008e-05
1.310738e-05
4.093117e-05
3.106452e-05
1.719724e-05
1.109008e-05
1.310738e-05
4.093117e-05
3.106452e-05
1.719724e-05
1.109008e-05
1.310738e-05
4.093117e-05
3.106451e-05
1.719724e-05
1.109008e-05
1.310738e-05
4.093117e-05
3.106451e-05
1.719724e-05
1.109008e-05
1.310738e-05
4.093117e-05
3.106451e-05
1.719724e-05
1.109008e-05
1.310738e-05
4.093117e-05
3.106451e-05
1.719724e-05
1.109008e-05
1.310738e-05
4.093116e-05
3.106451e-05
1.719724e-05
1.109008e-05
1.310738e-05
4.093116e-05
3.106451e-05
1.719724e-05
1.109008e-05
1.310738e-05
4.093116e-05
3.106451e-05
1.719724e-05
1.109008e-05
1.310738e-05
4.093116e-05
3.106451e-05
1.719724e-05
1.109008e-05
1.310738e-05
4.093116e-05
3.106451e-05
1.719724e-05
1.109008e-05
1.310738e-05
4.093116e-05
3.106451e-05
1.719724e-05
1.109008e-05
1.310738e-05
4.093116e-05
3.106451e-05
1.719724e-05
1.109008e-05
1.310738e-05
4.093116e-05
3.106451e-05
1.719724e-05
1.109008e-05
1.310738e-05
4.093116e-05
3.106451e-05
1.719724e-05
1.109008e-05
1.310738e-05
4.093116e-05
3.106451e-05
1.719724e-05
1.109008e-05
1.310738e-05
4.093116e-05
3.106451e-05
1.719724e-05
1.109008e-05
1.310738e-05
4.093116e-05
3.106451e-05
1.719724e-05
1.109008e-05
1.310738e-05
4.093116e-05
3.106451e-05
1.719724e-05
1.109008e-05
1.310738e-05
4.093116e-05
3.106451e-05
1.719724e-05
1.109008e-05
1.310738e-05
4.093116e-05
3.106451e-05
1.719724e-05
1.109008e-05
1.310738e-05
4.093116e-05
3.106451e-05
1.719724e-05
1.109008e-05
1.310738e-05
4.093116e-05
3.106451e-05
1.719724e-05
1.109008e-05
1.310738e-05
4.093116e-05
3.106451e-05
1.719724e-05
1.109008e-05
1.310738e-05
4.093116e-05
3.106451e-05
1.719724e-05
1.109008e-05
1.310738e-05
4.093116e-05
3.106451e-05
1.719724e-05
1.109008e-05
1.310738e-05
4.093116e-05
3.106451e-05
1.719724e-05
1.109008e-05
1.310738e-05
4.093117e-05
3.106451e-05
1.719724e-05
1.109008e-05
1.310738e-05
4.093117e-05
3.106451e-05
1.719724e-05
1.109008e-05
1.310738e-05
4.093117e-05
3.106451e-05
1.719724e-05
1.109008e-05
1.310738e-05
4.093117e-05
3.106451e-05
1.719724e-05
1.109008e-05
1.310738e-05
4.093117e-05
3.106451e-05
1.719724e-05
1.109008e-05
1.310738e-05
4.093117e-05
3.106451e-05
1.719724e-05
1.109008e-05
1.310738e-05
4.093117e-05
3.106451e-05
1.719724e-05
1.109008e-05
1.310738e-05
4.093117e-05
3.106451e-05
1.719724e-05
1.109008e-05
1.310738e-05
4.093117e-05
3.106451e-05
1.719724e-05
1.109008e-05
1.310738e-05
4.093117e-05
3.106451e-05
1.719724e-05
1.109008e-05
1.310738e-05
4.093117e-05
3.106451e-05
1.719724e-05
1.109008e-05
1.310738e-05
4.093117e-05
3.106451e-05
1.719724e-05
1.109008e-05
1.310738e-05
4.093117e-05
3.106451e-05
1.719724e-05
1.109008e-05
1.310738e-05
4.093117e-05
3.106451e-05
1.719724e-05
1.109008e-05
1.310738e-05
4.093117e-05
3.106451e-05
1.719724e-05
1.109008e-05
1.310738e-05
4.093117e-05
3.106451e-05
1.719724e-05
1.109008e-05
1.310738e-05
4.093117e-05
3.106452e-05
1.719724e-05
1.109008e-05
1.310738e-05
4.093117e-05
3.106452e-05
1.719724e-05
1.109008e-05
1.310738e-05
4.093117e-05
3.106452e-05
1.719724e-05
1.109008e-05
1.310738e-05
4.093117e-05
3.106452e-05
1.719724e-05
1.109008e-05
1.310738e-05
4.093117e-05
3.106452e-05
1.719724e-05
1.109008e-05
1.310738e-05
4.093117e-05
3.106452e-05
1.719724e-05
1.109008e-05
1.310738e-05
4.093117e-05
3.106452e-05
1.719724e-05
1.109008e-05
1.310738e-05
4.093117e-05
3.106452e-05
1.719724e-05
1.109008e-05
1.310738e-05
4.093117e-05
3.106452e-05
1.719724e-05
1.109008e-05
1.310738e-05
4.093117e-05
3.106452e-05
1.719724e-05
1.109008e-05
1.310738e-05
4.093117e-05
3.106452e-05
1.719724e-05
1.109008e-05
1.310738e-05
4.093117e-05
3.106452e-05
1.719724e-05
1.109008e-05
1.310738e-05
4.093117e-05
3.106452e-05
1.719724e-05
1.109008e-05
1.310738e-05
4.093117e-05
3.106452e-05
1.719724e-05
1.109008e-05
1.310738e-05
4.093117e-05
3.106452e-05
1.719724e-05
1.109008e-05
1.310738e-05
4.093117e-05
3.106452e-05
1.719724e-05
1.109008e-05
1.310738e-05
4.093117e-05
3.106452e-05
1.719724e-05
1.109008e-05
1.310738e-05
4.093117e-05
3.106452e-05
1.719724e-05
1.109008e-05
1.310738e-05
4.093117e-05
3.106451e-05
1.719724e-05
1.109008e-05
1.310738e-05
4.093117e-05
3.106451e-05
1.719724e-05
1.109008e-05
1.310738e-05
4.093117e-05
3.106451e-05
1.719724e-05
1.109008e-05
1.310738e-05
4.093117e-05
3.106451e-05
1.719724e-05
1.109008e-05
1.310738e-05
4.093117e-05
3.106451e-05
1.719724e-05
1.109008e-05
1.310738e-05
4.093117e-05
3.106451e-05
1.719724e-05
1.109008e-05
1.310738e-05
4.093117e-05
3.106451e-05
1.719724e-05
1.109008e-05
1.310738e-05
4.093117e-05
3.106451e-05
1.719724e-05
1.109008e-05
1.310738e-05
4.093117e-05
3.106451e-05
1.719724e-05
1.109008e-05
1.310738e-05
4.093117e-05
3.106451e-05
1.719724e-05
1.109008e-05
1.310738e-05
4.093117e-05
3.106451e-05
1.719724e-05
1.109008e-05
1.310738e-05
4.093117e-05
3.106451e-05
1.719724e-05
1.109008e-05
1.310738e-05
4.093117e-05
3.106451e-05
1.719724e-05
1.109008e-05
1.310738e-05
4.093117e-05
3.106451e-05
1.719724e-05
1.109008e-05
1.310738e-05
4.093117e-05
3.106451e-05
1.719724e-05
1.109008e-05
1.310738e-05
4.093117e-05
3.106451e-05
1.719724e-05
1.109008e-05
1.310738e-05
4.093117e-05
3.106451e-05
1.719724e-05
1.109008e-05
1.310738e-05
4.093117e-05
3.106451e-05
1.719724e-05
1.109008e-05
1.310738e-05
4.093117e-05
3.106451e-05
1.719724e-05
1.109008e-05
1.310738e-05
4.093117e-05
3.106451e-05
1.719724e-05
1.109008e-05
1.310738e-05
4.093117e-05
3.106451e-05
1.719724e-05
1.109008e-05
1.310738e-05
4.093117e-05
3.106451e-05
1.719724e-05
1.109008e-05
1.310738e-05
4.093117e-05
3.106451e-05
1.719724e-05
1.109008e-05
1.310738e-05
4.093117e-05
3.106451e-05
1.719724e-05
1.109008e-05
1.310738e-05
4.093117e-05
3.106451e-05
1.719724e-05
1.109008e-05
1.310738e-05
4.093117e-05
3.106451e-05
1.719724e-05
1.109008e-05
1.310738e-05
4.093117e-05
3.106451e-05
1.719724e-05
1.109008e-05
1.310738e-05
4.093117e-05
3.106451e-05
1.719724e-05
1.109008e-05
1.310738e-05
4.093117e-05
3.106451e-05
1.719724e-05
1.109008e-05
1.310738e-05
4.093117e-05
3.106451e-05
1.719724e-05
1.109008e-05
1.310738e-05
4.093117e-05
3.106451e-05
1.719724e-05
1.109008e-05
1.310738e-05
4.093117e-05
3.106451e-05
1.719724e-05
1.109008e-05
1.310738e-05
4.093117e-05
3.106451e-05
1.719724e-05
1.109008e-05
1.310738e-05
4.093117e-05
3.106451e-05
1.719724e-05
1.109008e-05
1.310738e-05
4.093117e-05
3.106451e-05
1.719724e-05
1.109008e-05
1.310738e-05
4.093117e-05
3.106451e-05
1.719724e-05
1.109008e-05
1.310738e-05
4.093117e-05
3.106451e-05
1.719724e-05
1.109008e-05
1.310738e-05
4.093117e-05
3.106451e-05
1.719724e-05
1.109008e-05
1.310738e-05
4.093117e-05
3.106451e-05
1.719724e-05
1.109008e-05
1.310738e-05
4.093117e-05
3.106451e-05
1.719724e-05
1.109008e-05
1.310738e-05
4.093117e-05
3.106451e-05
1.719724e-05
1.109008e-05
1.310738e-05
4.093117e-05
3.106451e-05
1.719724e-05
1.109008e-05
1.310738e-05
4.093117e-05
3.106451e-05
1.719724e-05
1.109008e-05
1.310738e-05
4.093117e-05
3.106451e-05
1.719724e-05
1.109008e-05
1.310738e-05
4.093117e-05
3.106451e-05
1.719724e-05
1.109008e-05
1.310738e-05
4.093117e-05
