1.079871e-02
7.832840e-03
1.019081e-02
1.048900e-02
9.240253e-03
7.895965e-03
6.503153e-03
5.510207e-03
4.581590e-03
4.005030e-03
3.422208e-03
3.107241e-03
2.724927e-03
2.558634e-03
2.286858e-03
2.207186e-03
1.996733e-03
1.972423e-03
1.796594e-03
1.812771e-03
1.656383e-03
1.706869e-03
1.560519e-03
1.644118e-03
1.501292e-03
1.620133e-03
1.475713e-03
1.634636e-03
1.484084e-03
1.690613e-03
1.529466e-03
1.794149e-03
1.617669e-03
1.954731e-03
1.757600e-03
2.185922e-03
1.961947e-03
2.506424e-03
2.248213e-03
2.941597e-03
2.640186e-03
3.525571e-03
3.169961e-03
4.304124e-03
3.880717e-03
5.338610e-03
4.830498e-03
6.711292e-03
6.348328e-03
8.532617e-03
8.480452e-03
1.095115e-02
1.128652e-02
1.416717e-02
1.499086e-02
1.845145e-02
1.989337e-02
2.417113e-02
2.639494e-02
3.182596e-02
3.503085e-02
4.209906e-02
4.651448e-02
5.592919e-02
6.179324e-02
7.461469e-02
8.211860e-02
9.996560e-02
1.091302e-01
1.345307e-01
1.449495e-01
1.819445e-01
1.922682e-01
2.474743e-01
2.543950e-01
3.389119e-01
3.351674e-01
4.680937e-01
4.492595e-01
6.536251e-01
6.270693e-01
9.260659e-01
8.847390e-01
1.338592e+00
1.261993e+00
1.992320e+00
1.808798e+00
3.128300e+00
3.060291e+00
6.071200e+00
1.412073e+01
7.885357e+01
8.143296e+02
3.455376e+03
1.416950e+04
1.220934e+06
2.415416e+10
1.170134e+14
3.674552e+14
1.039924e+21
7.597366e+20
2.698187e+26
2.698905e+26
1.190031e+36
1.138935e+42
4.594467e+45
2.246907e+55
3.092838e+64
1.117557e+93
1.846185e+162
