1.245012e-02
8.875916e-03
9.908621e-03
1.008372e-02
8.859020e-03
7.383616e-03
6.055366e-03
4.975100e-03
4.133880e-03
3.489860e-03
2.997972e-03
2.619750e-03
2.325265e-03
2.133221e-03
1.958894e-03
1.828053e-03
1.770641e-03
1.709725e-03
1.646200e-03
1.580900e-03
1.514579e-03
1.447907e-03
1.381468e-03
1.315761e-03
1.251202e-03
1.188134e-03
1.126831e-03
1.078356e-03
1.056865e-03
1.034700e-03
1.011994e-03
9.888690e-04
9.654398e-04
1.166063e-03
1.136337e-03
1.419363e-03
1.393171e-03
1.748114e-03
1.760428e-03
2.175075e-03
2.256451e-03
2.730409e-03
2.898274e-03
3.454157e-03
3.731978e-03
4.399557e-03
4.818756e-03
5.637544e-03
6.240023e-03
7.262821e-03
8.104306e-03
9.402113e-03
1.055649e-02
1.222537e-02
1.379030e-02
1.596106e-02
1.806502e-02
2.091714e-02
2.372798e-02
2.750980e-02
3.124471e-02
3.630330e-02
4.123905e-02
4.806533e-02
5.454637e-02
6.384456e-02
7.228342e-02
8.508046e-02
9.593864e-02
1.137603e-01
1.279965e-01
1.526465e-01
1.720381e-01
2.056105e-01
2.317013e-01
2.781279e-01
3.126512e-01
3.780136e-01
4.226024e-01
5.164839e-01
5.719446e-01
7.095139e-01
7.742366e-01
9.787481e-01
1.045648e+00
1.348054e+00
1.400157e+00
1.819967e+00
1.830794e+00
2.295594e+00
2.950503e+00
9.456431e+00
8.222027e+02
1.003876e+03
9.707637e+03
4.244773e+05
8.175312e+08
2.547202e+13
6.696122e+13
5.558808e+19
4.344164e+19
2.402898e+24
2.733887e+24
7.606451e+34
7.279858e+40
3.024628e+44
6.038556e+54
8.311990e+63
8.435050e+89
2.896233e+160
