3.319825e-03
1.107687e-03
1.146273e-03
1.718370e-03
1.406596e-03
1.483872e-03
9.617456e-04
9.242172e-04
9.515168e-04
9.645293e-04
1.024430e-03
7.179760e-04
7.761482e-04
9.409867e-04
1.065031e-03
1.168287e-03
1.007594e-03
1.145557e-03
1.308853e-03
1.606556e-03
1.937522e-03
1.683012e-03
2.116890e-03
2.519751e-03
2.287767e-03
3.579425e-03
2.938128e-03
4.191082e-03
3.878111e-03
4.925225e-03
3.868564e-03
3.700836e-03
3.425017e-03
3.281846e-03
3.491431e-03
3.567176e-03
3.468397e-03
4.072191e-03
3.894806e-03
3.896401e-03
3.979797e-03
4.080230e-03
4.155125e-03
3.956395e-03
4.293656e-03
4.323765e-03
4.314307e-03
4.480941e-03
4.653943e-03
4.198019e-03
4.769028e-03
4.649701e-03
4.819645e-03
4.398400e-03
4.797925e-03
5.579911e-03
5.226418e-03
5.265061e-03
5.191190e-03
5.144807e-03
5.781683e-03
5.762205e-03
5.834126e-03
5.977167e-03
5.870008e-03
5.750539e-03
5.333157e-03
5.650239e-03
5.792394e-03
6.358640e-03
6.257194e-03
5.779480e-03
5.628725e-03
5.960144e-03
6.234084e-03
6.298026e-03
6.560744e-03
6.167290e-03
6.278605e-03
6.104756e-03
5.638092e-03
5.563287e-03
5.599900e-03
5.274423e-03
5.649412e-03
5.769843e-03
5.552530e-03
5.784341e-03
5.821854e-03
5.669228e-03
5.564051e-03
5.545162e-03
5.358373e-03
4.941885e-03
4.633418e-03
4.493025e-03
4.143839e-03
3.902052e-03
3.826805e-03
3.725845e-03
3.751886e-03
3.747453e-03
3.713034e-03
3.584685e-03
3.459954e-03
3.337251e-03
3.084937e-03
3.039264e-03
2.985266e-03
2.927423e-03
2.871562e-03
2.692306e-03
2.542393e-03
2.419202e-03
2.321418e-03
2.286582e-03
2.192160e-03
2.120394e-03
2.067894e-03
2.031414e-03
2.006869e-03
1.908058e-03
1.835310e-03
1.781048e-03
1.739078e-03
1.703422e-03
1.603148e-03
1.522556e-03
1.477186e-03
1.441485e-03
1.407034e-03
1.324484e-03
1.254237e-03
1.191533e-03
1.133042e-03
1.076994e-03
9.817138e-04
8.983916e-04
8.234352e-04
7.711064e-04
7.280500e-04
6.598809e-04
6.005387e-04
5.482295e-04
5.020367e-04
4.617645e-04
4.035330e-04
3.544240e-04
3.215791e-04
3.141457e-04
3.019718e-04
2.803377e-04
2.827622e-04
2.755254e-04
2.899930e-04
2.902712e-04
2.742887e-04
2.496720e-04
2.477888e-04
2.351767e-04
2.112799e-04
1.907436e-04
1.627982e-04
1.455439e-04
1.394249e-04
1.376712e-04
1.396171e-04
1.362981e-04
1.390730e-04
1.387345e-04
1.435305e-04
1.342746e-04
1.385387e-04
1.506657e-04
1.599094e-04
1.649329e-04
1.632457e-04
1.605769e-04
1.539953e-04
1.441908e-04
1.373065e-04
1.281321e-04
1.192608e-04
1.100396e-04
1.002089e-04
9.571255e-05
9.808323e-05
9.911278e-05
9.795920e-05
9.400110e-05
8.702411e-05
8.873639e-05
8.885994e-05
8.520831e-05
7.844410e-05
6.939179e-05
6.142353e-05
5.234300e-05
5.197632e-05
5.198178e-05
5.015681e-05
4.959969e-05
4.916972e-05
5.302010e-05
5.559335e-05
5.630742e-05
5.318578e-05
4.946362e-05
5.160786e-05
5.334241e-05
5.276138e-05
5.247852e-05
4.957007e-05
4.439327e-05
3.812620e-05
3.823998e-05
3.888136e-05
3.846369e-05
3.720496e-05
4.056841e-05
4.373709e-05
4.344020e-05
4.225829e-05
3.977959e-05
4.137805e-05
4.101933e-05
4.099471e-05
3.899177e-05
3.534586e-05
3.052838e-05
2.875208e-05
2.820135e-05
2.807472e-05
2.723524e-05
2.721809e-05
2.975427e-05
3.047159e-05
3.079184e-05
3.036224e-05
2.894514e-05
2.785244e-05
3.023379e-05
3.101531e-05
3.028189e-05
2.817088e-05
2.488051e-05
2.176339e-05
2.192622e-05
2.203062e-05
2.137227e-05
2.184626e-05
2.253620e-05
2.395832e-05
2.468480e-05
2.446759e-05
2.318543e-05
2.316192e-05
2.409893e-05
2.376294e-05
2.232711e-05
2.006497e-05
1.796047e-05
1.597625e-05
1.605275e-05
1.588257e-05
1.545265e-05
1.582564e-05
1.670889e-05
1.788603e-05
1.846234e-05
1.831380e-05
1.680932e-05
1.672706e-05
1.726120e-05
1.699710e-05
1.608036e-05
1.523686e-05
1.378347e-05
1.192587e-05
1.133162e-05
1.128314e-05
1.120422e-05
1.108004e-05
1.150422e-05
1.264734e-05
1.328611e-05
1.293739e-05
1.236352e-05
1.169773e-05
1.201288e-05
1.176290e-05
1.162180e-05
1.096795e-05
9.887884e-06
8.554902e-06
7.765632e-06
7.905489e-06
7.855651e-06
7.620205e-06
7.636245e-06
8.538610e-06
8.723648e-06
8.796032e-06
8.651799e-06
8.223625e-06
7.885271e-06
8.403903e-06
8.488455e-06
8.184404e-06
7.543624e-06
6.626819e-06
5.788945e-06
5.852491e-06
5.876227e-06
5.661235e-06
5.599545e-06
5.815040e-06
6.192255e-06
6.401525e-06
6.381140e-06
6.097954e-06
5.940930e-06
6.314402e-06
6.353913e-06
6.086044e-06
5.555888e-06
5.023919e-06
4.348293e-06
4.365162e-06
4.346709e-06
4.192835e-06
4.302875e-06
4.471633e-06
4.826884e-06
5.011032e-06
4.989506e-06
4.591816e-06
4.566720e-06
4.705582e-06
4.622158e-06
4.360329e-06
4.129294e-06
3.727338e-06
3.312754e-06
3.053847e-06
3.037862e-06
3.017081e-06
2.975887e-06
3.041117e-06
3.347239e-06
3.520798e-06
3.434708e-06
3.288455e-06
3.103664e-06
3.272139e-06
3.277138e-06
3.303791e-06
3.163449e-06
2.875533e-06
2.478544e-06
2.296525e-06
2.360455e-06
2.332240e-06
2.281446e-06
2.347845e-06
2.603618e-06
2.640906e-06
2.639193e-06
2.566875e-06
2.385449e-06
2.421105e-06
2.514256e-06
2.480496e-06
2.339940e-06
2.112561e-06
1.934332e-06
1.820834e-06
1.678197e-06
1.666284e-06
1.601292e-06
1.580511e-06
1.695329e-06
1.784541e-06
1.827404e-06
1.807332e-06
1.715295e-06
1.689251e-06
1.787065e-06
1.792378e-06
1.712042e-06
1.558248e-06
1.403938e-06
1.228704e-06
1.237900e-06
1.228797e-06
1.184104e-06
1.212359e-06
1.295486e-06
1.393384e-06
1.442857e-06
1.434187e-06
1.315856e-06
1.325233e-06
1.342447e-06
1.299974e-06
1.242303e-06
1.170427e-06
1.123456e-06
1.080535e-06
1.012648e-06
9.258966e-07
