1.777778e+00
1.326551e+00
9.152549e-01
7.080957e-01
5.430128e-01
4.632706e-01
3.920202e-01
3.406858e-01
3.042246e-01
2.787350e-01
2.590724e-01
2.419594e-01
2.269321e-01
2.138196e-01
2.021262e-01
1.916188e-01
1.821113e-01
1.734558e-01
1.655334e-01
1.582468e-01
1.515153e-01
1.452715e-01
1.394591e-01
1.340302e-01
1.289443e-01
1.241665e-01
1.196670e-01
1.154199e-01
1.114027e-01
1.075962e-01
1.039834e-01
1.005494e-01
9.728099e-02
9.416653e-02
9.119549e-02
8.835841e-02
8.564673e-02
8.305270e-02
8.056922e-02
7.818982e-02
7.590854e-02
7.371989e-02
7.161879e-02
6.960056e-02
6.766083e-02
6.579554e-02
6.400090e-02
6.227337e-02
6.060966e-02
5.900665e-02
5.746145e-02
5.597131e-02
5.453368e-02
5.314613e-02
5.180639e-02
5.051230e-02
4.926184e-02
4.805309e-02
4.688424e-02
4.575357e-02
4.465946e-02
4.360036e-02
4.257483e-02
4.158147e-02
4.061897e-02
3.968609e-02
3.878163e-02
3.790448e-02
3.705355e-02
3.622782e-02
3.542633e-02
3.464815e-02
3.389239e-02
3.315821e-02
3.244482e-02
3.175144e-02
3.107734e-02
3.042183e-02
2.978423e-02
2.916391e-02
2.856025e-02
2.797269e-02
2.740064e-02
2.684359e-02
2.630102e-02
2.577243e-02
2.525736e-02
2.475537e-02
2.426600e-02
2.378886e-02
2.332354e-02
2.289804e-02
2.249495e-02
2.210098e-02
2.171585e-02
2.133932e-02
2.097111e-02
2.061100e-02
2.025874e-02
1.991411e-02
1.957690e-02
1.924689e-02
1.892388e-02
1.860768e-02
1.829810e-02
1.799496e-02
1.769808e-02
1.740730e-02
1.712245e-02
1.684338e-02
1.656993e-02
1.630195e-02
1.603932e-02
1.578187e-02
1.552950e-02
1.528206e-02
1.503943e-02
1.480149e-02
1.456813e-02
1.433923e-02
1.411468e-02
1.389438e-02
1.367823e-02
1.346612e-02
1.325796e-02
1.305366e-02
1.285312e-02
1.265626e-02
1.246299e-02
1.227324e-02
1.208691e-02
1.190394e-02
1.172425e-02
1.154775e-02
1.137439e-02
1.120410e-02
1.103679e-02
1.087242e-02
1.071092e-02
1.055222e-02
1.039626e-02
1.024300e-02
1.009236e-02
9.944293e-03
9.798749e-03
9.655674e-03
9.515015e-03
9.376724e-03
9.240751e-03
9.107051e-03
8.975577e-03
8.846284e-03
8.719129e-03
8.594069e-03
8.471063e-03
8.350071e-03
8.231053e-03
8.113971e-03
7.998787e-03
7.885465e-03
7.773969e-03
7.664265e-03
7.556318e-03
7.450096e-03
7.345565e-03
7.242695e-03
7.141455e-03
7.041814e-03
6.943743e-03
6.847213e-03
6.752196e-03
6.658664e-03
6.566592e-03
6.475951e-03
6.386718e-03
6.298866e-03
6.212371e-03
6.127209e-03
6.043357e-03
5.960791e-03
5.879490e-03
5.799430e-03
5.720591e-03
5.642951e-03
5.566490e-03
5.491187e-03
5.417023e-03
5.343978e-03
5.272034e-03
5.201171e-03
5.131372e-03
5.062618e-03
4.994892e-03
4.928177e-03
4.862456e-03
4.797713e-03
4.733931e-03
4.671094e-03
4.609188e-03
4.548197e-03
4.488105e-03
4.428898e-03
4.370563e-03
4.313084e-03
4.256448e-03
4.200641e-03
4.145650e-03
4.091462e-03
4.038064e-03
3.985444e-03
3.933588e-03
3.882486e-03
3.832125e-03
3.782493e-03
3.733579e-03
3.685372e-03
3.637860e-03
3.591032e-03
3.544879e-03
3.499389e-03
3.454552e-03
3.410358e-03
3.366798e-03
3.323860e-03
3.281536e-03
3.239817e-03
3.198692e-03
3.158153e-03
3.118191e-03
3.078797e-03
3.039962e-03
3.001678e-03
2.963937e-03
2.926730e-03
2.890049e-03
2.853886e-03
2.818233e-03
2.783083e-03
2.748428e-03
2.714261e-03
2.680574e-03
2.647360e-03
2.614613e-03
2.582324e-03
2.550488e-03
2.519097e-03
2.488144e-03
2.457624e-03
2.427531e-03
2.397856e-03
2.368595e-03
2.339741e-03
2.311289e-03
2.283231e-03
2.255563e-03
2.228279e-03
2.201373e-03
2.174840e-03
2.148673e-03
2.122868e-03
2.097420e-03
2.072322e-03
2.047571e-03
2.023161e-03
1.999086e-03
1.975343e-03
1.951926e-03
1.928830e-03
1.906052e-03
1.883585e-03
1.861426e-03
1.839571e-03
1.818014e-03
1.796752e-03
1.775780e-03
1.755094e-03
1.734690e-03
1.714563e-03
1.694711e-03
1.675128e-03
1.655812e-03
1.636758e-03
1.617962e-03
1.599420e-03
1.581130e-03
1.563087e-03
1.545288e-03
1.527730e-03
1.510408e-03
1.493320e-03
1.476462e-03
1.459831e-03
1.443424e-03
1.427237e-03
1.411267e-03
1.395512e-03
1.379968e-03
1.364632e-03
1.349501e-03
1.334572e-03
1.319843e-03
1.305310e-03
1.290971e-03
1.276824e-03
1.262864e-03
1.249090e-03
1.235499e-03
1.222089e-03
1.208856e-03
1.195799e-03
1.182914e-03
1.170200e-03
1.157654e-03
1.145274e-03
1.133057e-03
1.121001e-03
1.109103e-03
1.097362e-03
1.085776e-03
1.074341e-03
1.063056e-03
1.051919e-03
1.040928e-03
1.030081e-03
1.019375e-03
1.008809e-03
9.983813e-04
9.880888e-04
9.779303e-04
9.679038e-04
9.580075e-04
9.482395e-04
9.385981e-04
9.290815e-04
9.196879e-04
9.104155e-04
9.012629e-04
8.922281e-04
8.833096e-04
8.745059e-04
8.658151e-04
8.572359e-04
8.487666e-04
8.404057e-04
8.321518e-04
8.240032e-04
8.159585e-04
8.080164e-04
8.001753e-04
7.924339e-04
7.847907e-04
7.772445e-04
7.697938e-04
7.624374e-04
7.551739e-04
7.480020e-04
7.409205e-04
7.339282e-04
7.270237e-04
7.202059e-04
7.134735e-04
7.068254e-04
7.002605e-04
6.937776e-04
6.873754e-04
6.810530e-04
6.748093e-04
6.686430e-04
6.625533e-04
6.565389e-04
6.505990e-04
6.447324e-04
6.389381e-04
6.332152e-04
6.275626e-04
6.219795e-04
6.164648e-04
6.110176e-04
6.056370e-04
6.003220e-04
5.950719e-04
5.898856e-04
5.847623e-04
5.797011e-04
5.747013e-04
5.697619e-04
5.648821e-04
5.600611e-04
5.552982e-04
5.505925e-04
5.459432e-04
5.413495e-04
5.368108e-04
5.323263e-04
5.278951e-04
5.235167e-04
5.191903e-04
5.149151e-04
5.106905e-04
5.065158e-04
5.023903e-04
4.983133e-04
4.942842e-04
4.903024e-04
4.863672e-04
4.824779e-04
4.786340e-04
4.748349e-04
4.710798e-04
4.673683e-04
4.636998e-04
4.600736e-04
4.564892e-04
4.529460e-04
4.494435e-04
4.459812e-04
4.425584e-04
4.391748e-04
4.358296e-04
4.325225e-04
4.292529e-04
4.260203e-04
4.228242e-04
4.196641e-04
4.165396e-04
4.134501e-04
4.103952e-04
4.073745e-04
4.043875e-04
4.014337e-04
3.985126e-04
3.956240e-04
3.927672e-04
3.899420e-04
3.871479e-04
3.843844e-04
3.816512e-04
3.789478e-04
3.762739e-04
3.736291e-04
3.710130e-04
3.684252e-04
3.658654e-04
3.633331e-04
3.608280e-04
3.583498e-04
3.558981e-04
3.534725e-04
3.510727e-04
3.486984e-04
3.463493e-04
3.440249e-04
3.417650e-04
3.395524e-04
3.373626e-04
3.351952e-04
3.330500e-04
3.309266e-04
3.288249e-04
3.267444e-04
3.246850e-04
3.226464e-04
3.206283e-04
3.186303e-04
3.166524e-04
3.146942e-04
3.127554e-04
3.108359e-04
3.089354e-04
3.070535e-04
3.051902e-04
3.033451e-04
3.015180e-04
2.997087e-04
2.979170e-04
2.961426e-04
2.943854e-04
2.926450e-04
2.909214e-04
2.892142e-04
2.875233e-04
2.858485e-04
2.841895e-04
2.825462e-04
2.809628e-04
2.794013e-04
2.778541e-04
2.763209e-04
2.748015e-04
2.732958e-04
2.718036e-04
2.703247e-04
2.688591e-04
2.674064e-04
2.659665e-04
2.645394e-04
2.631248e-04
2.617226e-04
2.603327e-04
2.589548e-04
2.575888e-04
2.562347e-04
2.548922e-04
2.535612e-04
2.522416e-04
2.509333e-04
2.496360e-04
2.483497e-04
2.470742e-04
2.458095e-04
2.445553e-04
2.433156e-04
2.421243e-04
2.409424e-04
2.397699e-04
2.386066e-04
2.374525e-04
2.363075e-04
2.351713e-04
2.340440e-04
2.329255e-04
2.318155e-04
2.307141e-04
2.296212e-04
2.285365e-04
2.274601e-04
2.263919e-04
2.253317e-04
2.242795e-04
2.232352e-04
2.221987e-04
2.211698e-04
2.201486e-04
2.191349e-04
2.181287e-04
2.171298e-04
2.161382e-04
2.151638e-04
2.142200e-04
2.132827e-04
2.123518e-04
2.114272e-04
2.105089e-04
2.095967e-04
2.086907e-04
2.077907e-04
2.068967e-04
2.060087e-04
2.051265e-04
2.042501e-04
2.033794e-04
2.025145e-04
2.016552e-04
2.008014e-04
1.999532e-04
1.991104e-04
1.982730e-04
1.974409e-04
1.966142e-04
1.957926e-04
1.949763e-04
1.941651e-04
1.933589e-04
1.925831e-04
1.918128e-04
1.910471e-04
1.902857e-04
1.895288e-04
1.887762e-04
1.880279e-04
1.872839e-04
1.865441e-04
1.858085e-04
1.850771e-04
1.843497e-04
1.836265e-04
1.829073e-04
1.821920e-04
1.814808e-04
1.807734e-04
1.800700e-04
1.793704e-04
1.786746e-04
1.779827e-04
1.772944e-04
1.766099e-04
1.759291e-04
1.752520e-04
1.745784e-04
1.739204e-04
1.732736e-04
1.726299e-04
1.719895e-04
1.713521e-04
1.707179e-04
1.700868e-04
1.694587e-04
1.688337e-04
1.682117e-04
1.675926e-04
1.669766e-04
1.663635e-04
1.657533e-04
1.651460e-04
1.645415e-04
1.639400e-04
1.633412e-04
1.627453e-04
1.621522e-04
1.615618e-04
1.609742e-04
1.603893e-04
1.598071e-04
1.592276e-04
1.586508e-04
1.580766e-04
1.575050e-04
1.569361e-04
1.563727e-04
1.558228e-04
1.552752e-04
1.547299e-04
1.541869e-04
1.536461e-04
1.531076e-04
1.525714e-04
1.520373e-04
1.515055e-04
1.509759e-04
1.504484e-04
1.499232e-04
1.494000e-04
1.488791e-04
1.483602e-04
1.478435e-04
1.473289e-04
1.468163e-04
1.463059e-04
1.457975e-04
1.452911e-04
1.447869e-04
1.442846e-04
1.437843e-04
1.432861e-04
1.427899e-04
1.422956e-04
1.418033e-04
1.413130e-04
1.408246e-04
1.403381e-04
1.398536e-04
1.393710e-04
1.388903e-04
1.384115e-04
1.379357e-04
1.374694e-04
1.370047e-04
1.365418e-04
1.360806e-04
1.356211e-04
1.351633e-04
1.347071e-04
1.342526e-04
1.337997e-04
1.333485e-04
1.328989e-04
1.324509e-04
1.320046e-04
1.315599e-04
1.311168e-04
1.306753e-04
1.302354e-04
1.297971e-04
1.293603e-04
1.289251e-04
1.284915e-04
1.280595e-04
1.276290e-04
1.272000e-04
1.267726e-04
1.263467e-04
1.259223e-04
1.254995e-04
1.250781e-04
1.246583e-04
1.242400e-04
1.238231e-04
1.234077e-04
1.229938e-04
1.225814e-04
1.221705e-04
1.217610e-04
1.213529e-04
1.209463e-04
1.205411e-04
1.201374e-04
1.197351e-04
1.193342e-04
1.189347e-04
1.185367e-04
1.181400e-04
1.177447e-04
1.173509e-04
1.169584e-04
1.165673e-04
1.161775e-04
1.157892e-04
1.154064e-04
1.150249e-04
1.146448e-04
1.142659e-04
1.138883e-04
1.135120e-04
1.131369e-04
1.127631e-04
1.123905e-04
1.120192e-04
1.116491e-04
1.112802e-04
1.109126e-04
1.105462e-04
1.101810e-04
1.098171e-04
1.094543e-04
1.090928e-04
1.087325e-04
1.083734e-04
1.080154e-04
1.076587e-04
1.073032e-04
1.069488e-04
1.065956e-04
1.062437e-04
1.058928e-04
1.055432e-04
1.051947e-04
1.048474e-04
1.045012e-04
1.041562e-04
1.038123e-04
1.034696e-04
1.031280e-04
1.027876e-04
1.024483e-04
1.021101e-04
1.017730e-04
1.014371e-04
1.011023e-04
1.007686e-04
1.004360e-04
1.001045e-04
9.977412e-05
