5.306385e-03
2.067653e-03
1.139078e-03
6.176408e-04
4.866227e-04
2.804819e-04
8.595979e-04
1.124430e-03
1.065050e-03
8.938193e-04
8.091938e-04
4.859812e-04
4.705953e-04
6.222986e-04
6.539722e-04
6.458052e-04
4.377680e-04
3.975495e-04
3.907067e-04
3.935991e-04
3.972778e-04
2.875845e-04
2.792226e-04
3.000877e-04
3.211579e-04
3.395163e-04
2.741205e-04
2.909032e-04
3.187727e-04
3.492218e-04
3.795565e-04
3.381827e-04
3.524741e-04
3.788799e-04
4.225245e-04
4.722293e-04
4.714748e-04
5.046497e-04
5.517808e-04
6.085657e-04
6.705838e-04
6.865250e-04
7.223943e-04
7.696062e-04
8.247004e-04
8.832070e-04
8.897921e-04
9.082072e-04
9.312472e-04
9.553852e-04
9.759205e-04
9.277947e-04
8.812435e-04
8.305024e-04
7.746019e-04
7.564463e-04
8.881923e-04
1.035611e-03
1.191702e-03
1.351444e-03
1.510412e-03
1.675062e-03
1.821383e-03
1.942945e-03
2.036462e-03
2.053614e-03
1.605222e-03
1.473598e-03
1.311285e-03
1.139091e-03
9.641207e-04
8.322917e-04
9.022609e-04
9.699150e-04
1.081667e-03
1.178729e-03
1.305592e-03
1.409059e-03
1.491901e-03
1.557750e-03
1.609524e-03
1.648694e-03
1.659201e-03
1.647227e-03
1.618316e-03
1.577646e-03
1.460729e-03
1.331776e-03
1.255113e-03
1.184201e-03
1.113868e-03
9.836819e-04
8.625031e-04
7.550774e-04
6.615036e-04
5.809378e-04
5.116139e-04
5.013609e-04
4.900192e-04
4.787767e-04
4.682100e-04
4.306322e-04
3.991970e-04
3.752454e-04
3.970699e-04
4.129543e-04
4.200807e-04
4.213781e-04
4.186380e-04
4.133349e-04
4.063364e-04
3.846804e-04
3.629511e-04
3.412286e-04
3.200070e-04
3.067821e-04
2.971276e-04
2.850521e-04
2.716521e-04
2.574148e-04
2.428507e-04
2.144456e-04
1.862854e-04
1.593539e-04
1.368674e-04
1.407319e-04
1.439526e-04
1.451731e-04
1.445905e-04
1.425942e-04
1.397954e-04
1.400405e-04
1.376394e-04
1.334102e-04
1.336740e-04
1.326964e-04
1.280574e-04
1.209258e-04
1.222916e-04
1.228541e-04
1.221271e-04
1.148649e-04
1.068138e-04
9.847087e-05
9.009705e-05
8.191709e-05
6.770620e-05
6.342455e-05
6.445709e-05
6.589157e-05
6.863292e-05
6.849252e-05
6.764239e-05
7.410022e-05
7.948224e-05
8.356987e-05
8.688185e-05
8.867808e-05
8.914863e-05
8.862870e-05
8.738031e-05
8.365979e-05
7.954303e-05
7.508374e-05
7.239462e-05
7.313616e-05
7.101904e-05
6.863923e-05
6.612896e-05
6.353239e-05
6.090614e-05
5.504422e-05
4.933162e-05
4.386944e-05
3.869124e-05
3.383179e-05
3.488523e-05
3.622384e-05
3.725897e-05
3.804588e-05
3.863104e-05
4.037101e-05
4.419151e-05
4.714752e-05
4.942635e-05
5.107190e-05
5.184751e-05
5.200964e-05
5.167592e-05
5.097864e-05
5.002340e-05
4.744169e-05
4.477433e-05
4.204453e-05
3.978639e-05
3.980081e-05
3.821666e-05
3.655310e-05
3.488599e-05
3.323568e-05
3.162793e-05
2.833993e-05
2.519400e-05
2.223950e-05
1.948477e-05
1.784984e-05
1.842049e-05
1.884168e-05
1.913674e-05
1.933070e-05
1.944459e-05
1.949979e-05
2.124600e-05
2.255531e-05
2.352792e-05
2.423613e-05
2.447733e-05
2.442257e-05
2.413483e-05
2.368188e-05
2.310724e-05
2.174593e-05
2.036537e-05
1.897511e-05
1.877393e-05
1.871078e-05
1.787537e-05
1.700108e-05
1.612283e-05
1.525166e-05
1.440157e-05
1.275331e-05
1.117153e-05
9.682300e-06
8.322269e-06
8.815405e-06
9.011505e-06
9.132618e-06
9.189020e-06
9.193715e-06
9.156090e-06
9.678863e-06
1.037125e-05
1.085691e-05
1.118672e-05
1.137948e-05
1.132671e-05
1.114865e-05
1.087385e-05
1.052942e-05
1.014220e-05
9.374854e-06
8.779322e-06
8.699200e-06
8.583377e-06
8.440696e-06
7.913015e-06
7.380896e-06
6.859296e-06
6.353153e-06
5.868495e-06
5.019453e-06
4.215815e-06
4.056049e-06
4.254936e-06
4.418357e-06
4.411863e-06
4.377595e-06
4.320355e-06
4.519262e-06
4.841663e-06
5.151879e-06
5.354947e-06
5.468629e-06
5.513233e-06
5.506530e-06
5.357510e-06
5.170202e-06
4.951702e-06
4.714333e-06
4.468021e-06
4.265579e-06
4.175244e-06
4.071395e-06
3.956909e-06
3.835712e-06
3.524600e-06
3.218482e-06
2.923115e-06
2.640557e-06
2.373272e-06
1.941358e-06
2.043573e-06
2.124372e-06
2.187540e-06
2.236116e-06
2.190106e-06
2.207865e-06
2.403834e-06
2.556359e-06
2.673354e-06
2.759491e-06
2.799606e-06
2.803444e-06
2.780361e-06
2.737582e-06
2.610583e-06
2.472729e-06
2.326798e-06
2.198263e-06
2.211866e-06
2.136577e-06
2.053972e-06
1.968005e-06
1.880182e-06
1.792409e-06
1.607600e-06
1.428657e-06
1.258396e-06
1.097803e-06
1.036420e-06
1.076619e-06
1.106187e-06
1.126790e-06
1.140084e-06
1.147212e-06
1.196425e-06
1.297881e-06
1.373050e-06
1.427926e-06
1.463975e-06
1.472160e-06
1.463569e-06
1.441296e-06
1.409115e-06
1.369506e-06
1.282824e-06
1.194951e-06
1.136790e-06
1.134303e-06
1.127501e-06
1.072356e-06
1.015254e-06
9.582455e-07
