1.792593e-04
1.547750e-04
1.244306e-04
8.163825e-05
5.261299e-05
8.629715e-05
6.884612e-05
5.177975e-05
3.179665e-05
2.436198e-05
4.431008e-05
3.437437e-05
2.484944e-05
1.486948e-05
1.306379e-05
2.607947e-05
2.025746e-05
1.473651e-05
9.022246e-06
8.678436e-06
1.836375e-05
1.425538e-05
1.036396e-05
6.325118e-06
6.380383e-06
1.372667e-05
1.063504e-05
7.696247e-06
4.678880e-06
4.876390e-06
1.059850e-05
8.198428e-06
5.909932e-06
3.582937e-06
3.826111e-06
8.379403e-06
6.474093e-06
4.653094e-06
2.815311e-06
3.063472e-06
6.751533e-06
5.211965e-06
3.738098e-06
2.259379e-06
2.495387e-06
5.530867e-06
4.267308e-06
3.056340e-06
1.847355e-06
2.064467e-06
4.600127e-06
3.548083e-06
2.539127e-06
1.535327e-06
1.732777e-06
3.880372e-06
2.992511e-06
2.140665e-06
1.295211e-06
1.474101e-06
3.316469e-06
2.557580e-06
1.829310e-06
1.107686e-06
1.269815e-06
2.869035e-06
2.212654e-06
1.582685e-06
9.591522e-07
