2.075283e-04
1.787020e-04
1.419491e-04
8.871107e-05
5.581900e-05
7.983740e-05
6.322841e-05
4.729768e-05
2.916555e-05
2.328151e-05
4.066168e-05
3.176980e-05
2.328523e-05
1.402951e-05
1.278374e-05
2.451386e-05
1.910445e-05
1.396845e-05
8.487162e-06
8.337471e-06
1.685685e-05
1.314264e-05
9.626454e-06
5.871983e-06
6.041913e-06
1.249597e-05
9.730581e-06
7.104421e-06
4.321902e-06
4.582551e-06
9.598650e-06
7.465516e-06
5.433476e-06
3.299444e-06
3.576249e-06
7.564054e-06
5.877749e-06
4.267702e-06
2.590206e-06
2.854169e-06
6.087920e-06
4.727368e-06
3.426375e-06
2.079351e-06
2.321993e-06
4.991695e-06
3.874017e-06
2.804327e-06
1.702300e-06
1.922103e-06
4.162644e-06
3.229182e-06
2.335424e-06
1.418371e-06
1.616573e-06
3.525242e-06
2.733706e-06
1.975745e-06
1.200663e-06
1.379450e-06
3.027392e-06
2.346873e-06
1.695250e-06
1.030855e-06
1.192579e-06
2.632489e-06
2.040124e-06
1.472984e-06
8.962227e-07
