3.801255e+00
2.674928e+00
1.441415e+00
1.040497e+00
7.724460e-01
6.357761e-01
5.157931e-01
4.282740e-01
3.565555e-01
2.917202e-01
2.509303e-01
2.080030e-01
1.854076e-01
1.564795e-01
1.432878e-01
1.271400e-01
1.115950e-01
1.040807e-01
9.247510e-02
8.291126e-02
7.735843e-02
6.977118e-02
6.426703e-02
6.125049e-02
5.831307e-02
5.444703e-02
5.248569e-02
5.074233e-02
4.815652e-02
4.568101e-02
4.402426e-02
4.246753e-02
4.066335e-02
3.861799e-02
3.705970e-02
3.574594e-02
3.436311e-02
3.266081e-02
3.120787e-02
2.995052e-02
2.883329e-02
2.748163e-02
2.677471e-02
2.644954e-02
2.626649e-02
2.564656e-02
2.523053e-02
2.459415e-02
2.396941e-02
2.306335e-02
2.182154e-02
2.055421e-02
1.974715e-02
1.910135e-02
1.867626e-02
1.816212e-02
1.753445e-02
1.676006e-02
1.604817e-02
1.547287e-02
1.496040e-02
1.447967e-02
1.397433e-02
1.351942e-02
1.313973e-02
1.281625e-02
1.253086e-02
1.226418e-02
1.201886e-02
1.180497e-02
1.161195e-02
1.141378e-02
1.118989e-02
1.093197e-02
1.063681e-02
1.030634e-02
9.947025e-03
9.565874e-03
9.169277e-03
8.787797e-03
8.412439e-03
8.045898e-03
7.748282e-03
7.508371e-03
7.311501e-03
7.153446e-03
7.030328e-03
6.936668e-03
6.866721e-03
6.798064e-03
6.709481e-03
6.586960e-03
6.422898e-03
6.218565e-03
5.983763e-03
5.734030e-03
5.499428e-03
5.269551e-03
5.085020e-03
4.930578e-03
4.801868e-03
4.695978e-03
4.610077e-03
4.542178e-03
4.487044e-03
4.421054e-03
4.334851e-03
4.224679e-03
4.092938e-03
3.947214e-03
3.797992e-03
3.658665e-03
3.540100e-03
3.437480e-03
3.348522e-03
3.271740e-03
3.204853e-03
3.147041e-03
3.090225e-03
3.028007e-03
2.958041e-03
2.880105e-03
2.796005e-03
2.709117e-03
2.623588e-03
2.544955e-03
2.474606e-03
2.411238e-03
2.353691e-03
2.301092e-03
2.252179e-03
2.202050e-03
2.148844e-03
2.092288e-03
2.033619e-03
1.975044e-03
1.919157e-03
1.868165e-03
1.821269e-03
1.777962e-03
1.737469e-03
1.698619e-03
1.659249e-03
1.618502e-03
1.576370e-03
1.533563e-03
1.491190e-03
1.450363e-03
1.412118e-03
1.376311e-03
1.342571e-03
1.310728e-03
1.279972e-03
1.249535e-03
1.218999e-03
1.188270e-03
1.157546e-03
1.127199e-03
1.097637e-03
1.069172e-03
1.041946e-03
1.015926e-03
9.909423e-04
9.667637e-04
9.431689e-04
9.199990e-04
8.971778e-04
8.747049e-04
8.526298e-04
8.310227e-04
8.099485e-04
7.894524e-04
7.695542e-04
7.502500e-04
7.315171e-04
7.133199e-04
6.956156e-04
6.783599e-04
6.615130e-04
6.450446e-04
6.289372e-04
6.131871e-04
5.978014e-04
5.827927e-04
5.681729e-04
5.539473e-04
5.401114e-04
5.266510e-04
5.135453e-04
5.007719e-04
4.883111e-04
4.761492e-04
4.642790e-04
4.526984e-04
4.414074e-04
4.304043e-04
4.196844e-04
4.092388e-04
3.990556e-04
3.891221e-04
3.794268e-04
3.699614e-04
3.607214e-04
3.517056e-04
3.429147e-04
3.343495e-04
3.260089e-04
3.178895e-04
3.099847e-04
3.022859e-04
2.947832e-04
2.874667e-04
2.803278e-04
2.733596e-04
2.665571e-04
2.599169e-04
2.534371e-04
2.471159e-04
2.409520e-04
2.349435e-04
2.290877e-04
2.233816e-04
2.178216e-04
2.124034e-04
2.071227e-04
2.019751e-04
1.969563e-04
1.920619e-04
1.872882e-04
1.826317e-04
1.780893e-04
1.736581e-04
1.693359e-04
1.651203e-04
1.610092e-04
1.570006e-04
1.530924e-04
1.492823e-04
1.455683e-04
1.419478e-04
1.384184e-04
1.349777e-04
1.316230e-04
1.283519e-04
1.251620e-04
1.220509e-04
1.190165e-04
1.160568e-04
1.131700e-04
1.103544e-04
1.076086e-04
1.049310e-04
1.023204e-04
9.977518e-05
9.729391e-05
9.487499e-05
9.251676e-05
9.021751e-05
8.797555e-05
8.578922e-05
8.365694e-05
8.157727e-05
7.954889e-05
7.757060e-05
7.564130e-05
7.375994e-05
7.192550e-05
7.013691e-05
6.839311e-05
6.669297e-05
6.503532e-05
6.341900e-05
6.184286e-05
6.030579e-05
5.880677e-05
5.734482e-05
5.591905e-05
5.452863e-05
5.317277e-05
5.185067e-05
5.056156e-05
4.930464e-05
4.807909e-05
4.688409e-05
4.571883e-05
4.458252e-05
4.347440e-05
4.239375e-05
4.133988e-05
4.031216e-05
3.930997e-05
3.833271e-05
3.737978e-05
3.645060e-05
3.554457e-05
3.466109e-05
3.379960e-05
3.295951e-05
3.214028e-05
3.134138e-05
3.056232e-05
2.980260e-05
2.906176e-05
2.833934e-05
2.763490e-05
2.694800e-05
2.627819e-05
2.562505e-05
2.498814e-05
2.436706e-05
2.376140e-05
2.317079e-05
2.259484e-05
2.203319e-05
2.148551e-05
2.095145e-05
2.043068e-05
1.992286e-05
1.942768e-05
1.894482e-05
1.847396e-05
1.801479e-05
1.756703e-05
1.713040e-05
1.670460e-05
1.628939e-05
1.588449e-05
1.548966e-05
1.510466e-05
1.472922e-05
1.436313e-05
1.400614e-05
1.365803e-05
1.331856e-05
1.298753e-05
1.266473e-05
1.234994e-05
1.204298e-05
1.174365e-05
1.145176e-05
1.116712e-05
1.088956e-05
1.061890e-05
1.035497e-05
1.009760e-05
9.846625e-06
9.601889e-06
9.363235e-06
9.130513e-06
8.903575e-06
8.682279e-06
8.466483e-06
8.256052e-06
8.050850e-06
7.850749e-06
7.655621e-06
7.465342e-06
7.279793e-06
7.098855e-06
6.922414e-06
6.750358e-06
6.582580e-06
6.418972e-06
6.259431e-06
6.103856e-06
5.952147e-06
5.804209e-06
5.659949e-06
5.519273e-06
5.382094e-06
5.248324e-06
5.117879e-06
4.990675e-06
4.866634e-06
4.745675e-06
4.627724e-06
4.512704e-06
4.400542e-06
4.291169e-06
4.184514e-06
4.080510e-06
3.979091e-06
3.880193e-06
3.783754e-06
3.689709e-06
3.598004e-06
3.508577e-06
3.421373e-06
3.336336e-06
3.253414e-06
3.172551e-06
3.093700e-06
3.016807e-06
2.941826e-06
2.868708e-06
2.797409e-06
2.727880e-06
2.660080e-06
2.593966e-06
2.529494e-06
2.466625e-06
2.405318e-06
2.345535e-06
2.287238e-06
2.230391e-06
2.174955e-06
2.120898e-06
2.068185e-06
2.016780e-06
1.966655e-06
1.917775e-06
1.870110e-06
1.823629e-06
1.778304e-06
1.734106e-06
1.691005e-06
1.648976e-06
1.607992e-06
1.568026e-06
1.529054e-06
1.491050e-06
1.453991e-06
1.417853e-06
1.382613e-06
1.348249e-06
1.314739e-06
1.282063e-06
1.250197e-06
1.219124e-06
1.188823e-06
1.159276e-06
1.130463e-06
1.102366e-06
1.074967e-06
1.048250e-06
1.022196e-06
9.967900e-07
