3.245521e-03
1.891122e-03
1.479471e-03
1.096526e-03
1.041876e-03
9.107732e-04
1.065113e-03
1.643357e-03
7.310315e-04
1.222876e-03
4.379770e-04
7.069028e-04
2.894713e-04
6.720695e-04
3.562361e-04
8.103493e-04
3.368969e-04
6.597985e-04
4.918855e-04
7.545382e-04
5.879848e-04
7.000748e-04
6.477581e-04
8.767492e-04
8.744034e-04
1.116962e-03
1.080040e-03
1.295978e-03
1.373404e-03
1.575270e-03
1.641874e-03
1.579579e-03
1.493833e-03
1.465269e-03
1.347998e-03
1.239070e-03
8.905027e-04
9.645228e-04
1.134725e-03
1.343948e-03
1.502033e-03
1.650272e-03
1.762509e-03
1.865294e-03
1.922515e-03
1.971296e-03
1.817709e-03
1.635294e-03
1.419391e-03
1.175668e-03
9.576769e-04
6.594887e-04
6.190782e-04
5.752383e-04
5.289860e-04
4.825678e-04
4.609039e-04
4.989536e-04
5.367056e-04
5.820000e-04
6.280453e-04
6.406126e-04
6.687205e-04
7.052386e-04
7.467085e-04
7.938662e-04
8.059939e-04
8.260089e-04
8.484925e-04
8.749262e-04
9.023376e-04
8.875933e-04
8.752688e-04
8.656900e-04
8.580335e-04
8.526531e-04
7.924727e-04
7.389136e-04
6.912756e-04
6.499597e-04
6.139152e-04
5.286536e-04
4.677627e-04
4.143702e-04
3.667502e-04
3.263299e-04
2.681186e-04
2.159160e-04
1.745854e-04
1.411740e-04
1.217800e-04
1.095056e-04
1.025470e-04
9.458127e-05
8.715388e-05
8.065184e-05
7.241911e-05
6.462100e-05
5.887107e-05
5.649897e-05
5.483968e-05
5.001614e-05
4.645189e-05
4.442936e-05
4.540685e-05
4.629823e-05
4.421060e-05
4.212982e-05
4.017599e-05
4.020908e-05
4.107475e-05
3.901142e-05
3.743724e-05
3.617952e-05
3.513549e-05
3.424990e-05
3.088394e-05
2.831240e-05
2.628329e-05
2.464508e-05
2.330105e-05
2.026537e-05
1.799582e-05
1.623704e-05
1.483965e-05
1.370601e-05
1.158252e-05
1.001389e-05
8.804563e-06
8.087741e-06
7.602598e-06
6.704585e-06
5.971034e-06
5.360923e-06
4.845886e-06
4.404553e-06
3.698033e-06
3.139259e-06
2.685250e-06
2.352965e-06
2.262380e-06
2.060780e-06
1.895543e-06
1.757848e-06
1.643192e-06
1.548013e-06
1.453454e-06
1.406457e-06
1.369483e-06
1.352069e-06
1.344934e-06
1.233985e-06
1.160073e-06
1.130471e-06
1.150027e-06
1.173287e-06
1.113207e-06
1.074846e-06
1.051583e-06
1.039075e-06
1.034615e-06
9.570806e-07
