1.777778e+00
1.430597e+00
1.423468e+00
3.691086e+00
5.428951e+00
8.335951e+00
9.326885e+00
1.181640e+01
1.573317e+01
2.103594e+01
2.647578e+01
3.249281e+01
4.165476e+01
5.517620e+01
6.847949e+01
9.931712e+01
1.486659e+02
2.132982e+02
2.986609e+02
4.146819e+02
5.890876e+02
8.441620e+02
1.209901e+03
1.732796e+03
2.480811e+03
3.546898e+03
5.060162e+03
7.210410e+03
1.027828e+04
1.467070e+04
2.096015e+04
2.995027e+04
4.276015e+04
6.101485e+04
8.703231e+04
1.241429e+05
1.771616e+05
2.530103e+05
3.614303e+05
5.162955e+05
7.371732e+05
1.052039e+06
1.501273e+06
2.142869e+06
3.059407e+06
4.367951e+06
6.237763e+06
8.908631e+06
1.272083e+07
1.816423e+07
2.593400e+07
3.702724e+07
5.286970e+07
7.549119e+07
1.077998e+08
1.539435e+08
2.198381e+08
3.139415e+08
4.483110e+08
6.401761e+08
9.141206e+08
1.305279e+09
1.863785e+09
2.661285e+09
3.800040e+09
5.426131e+09
7.748097e+09
1.106377e+10
1.579836e+10
2.255905e+10
3.221285e+10
4.599772e+10
6.568147e+10
9.378829e+10
1.339226e+11
1.912312e+11
2.730637e+11
3.899142e+11
5.567681e+11
7.950229e+11
1.135233e+12
1.621028e+12
2.314707e+12
3.305229e+12
4.719621e+12
6.739268e+12
9.623172e+12
1.374117e+13
1.962137e+13
2.801786e+13
4.000743e+13
5.712764e+13
8.157402e+13
1.164816e+14
1.663271e+14
2.375028e+14
3.391363e+14
4.842615e+14
6.914893e+14
9.873953e+14
1.409927e+15
2.013271e+15
2.874801e+15
4.105002e+15
5.861638e+15
8.369983e+15
1.195171e+16
1.706616e+16
2.436920e+16
3.479741e+16
4.968812e+16
7.095093e+16
1.013127e+17
1.446669e+17
2.065736e+17
2.949718e+17
4.211978e+17
6.014391e+17
8.588103e+17
1.226317e+18
1.751090e+18
2.500426e+18
3.570422e+18
5.098298e+18
7.279990e+18
1.039528e+19
1.484369e+19
2.119569e+19
3.026587e+19
4.321741e+19
6.171124e+19
8.811907e+19
1.258275e+20
1.796723e+20
2.565587e+20
3.663467e+20
5.231158e+20
7.469705e+20
1.066618e+21
1.523052e+21
2.174804e+21
3.105459e+21
4.434364e+21
6.331942e+21
9.041543e+21
1.291065e+22
1.843545e+22
2.632445e+22
3.758936e+22
5.367481e+22
7.664363e+22
1.094414e+23
1.562742e+23
2.231479e+23
3.186386e+23
4.549923e+23
6.496951e+23
9.277163e+23
1.324710e+24
1.891587e+24
2.701046e+24
3.856893e+24
5.507356e+24
7.864095e+24
1.122934e+25
1.603467e+25
2.289631e+25
3.269423e+25
4.668493e+25
6.666260e+25
9.518924e+25
1.359232e+26
1.940882e+26
2.771435e+26
3.957402e+26
5.650876e+26
8.069031e+26
1.152198e+27
1.645253e+27
2.349298e+27
3.354623e+27
4.790152e+27
6.839981e+27
9.766985e+27
1.394653e+28
1.991460e+28
2.843657e+28
4.060531e+28
5.798137e+28
8.279308e+28
1.182224e+29
1.688127e+29
2.410520e+29
3.442044e+29
4.914983e+29
7.018230e+29
1.002151e+30
1.430997e+30
2.043357e+30
2.917762e+30
4.166348e+30
5.949235e+30
8.495065e+30
1.213032e+31
1.732120e+31
2.473338e+31
3.531743e+31
5.043066e+31
7.201123e+31
1.028267e+32
1.468289e+32
2.096607e+32
2.993799e+32
4.274922e+32
6.104270e+32
8.716444e+32
1.244643e+33
1.777258e+33
2.537793e+33
3.623779e+33
5.174487e+33
7.388783e+33
1.055063e+34
1.506552e+34
2.151244e+34
3.071816e+34
4.386325e+34
6.263346e+34
8.943593e+34
1.277079e+35
1.823573e+35
2.603927e+35
3.718214e+35
5.309333e+35
7.581332e+35
1.082558e+36
1.545812e+36
2.207305e+36
3.151867e+36
4.500632e+36
6.426568e+36
9.176661e+36
1.310359e+37
1.871095e+37
2.671785e+37
3.815110e+37
5.447693e+37
7.778900e+37
1.110769e+38
1.586096e+38
2.264827e+38
3.234004e+38
4.617917e+38
6.594042e+38
9.415802e+38
1.344507e+39
1.919855e+39
2.741411e+39
3.914530e+39
5.589658e+39
7.981616e+39
1.139715e+40
1.627429e+40
2.323847e+40
3.318281e+40
4.738259e+40
6.765881e+40
9.661176e+40
1.379544e+41
1.969886e+41
2.812851e+41
4.016542e+41
5.735324e+41
8.189615e+41
1.169416e+42
1.669839e+42
2.384406e+42
3.404755e+42
4.861737e+42
6.942199e+42
9.912943e+42
1.415495e+43
2.021221e+43
2.886153e+43
4.121212e+43
5.884785e+43
8.403035e+43
1.199891e+44
1.713355e+44
2.446543e+44
3.493482e+44
4.988433e+44
7.123111e+44
1.017127e+45
1.452382e+45
2.073894e+45
2.961366e+45
4.228610e+45
6.038141e+45
8.622016e+45
1.231160e+46
1.758005e+46
2.510300e+46
3.584521e+46
5.118430e+46
7.308737e+46
1.043633e+47
1.490231e+47
2.127939e+47
3.038538e+47
4.338807e+47
6.195493e+47
8.846704e+47
1.263243e+48
1.803818e+48
2.575718e+48
3.677933e+48
5.251815e+48
7.499201e+48
1.070830e+49
1.529066e+49
2.183392e+49
3.117722e+49
4.451875e+49
6.356946e+49
9.077246e+49
1.296163e+50
1.850825e+50
2.642840e+50
3.773779e+50
5.388676e+50
7.694629e+50
1.098736e+51
1.568913e+51
2.240291e+51
3.198969e+51
4.567890e+51
6.522607e+51
9.313797e+51
1.329941e+52
1.899057e+52
2.711712e+52
3.872123e+52
5.529104e+52
7.895149e+52
1.127369e+53
1.609798e+53
2.298672e+53
3.282333e+53
4.686928e+53
6.692584e+53
9.556513e+53
1.364599e+54
1.948546e+54
2.782378e+54
3.973030e+54
5.673191e+54
8.100894e+54
1.156747e+55
1.651749e+55
2.358575e+55
3.367870e+55
4.809068e+55
6.866991e+55
9.805553e+55
1.400160e+56
1.999324e+56
2.854887e+56
4.076566e+56
5.821033e+56
8.312002e+56
1.186892e+57
1.694794e+57
2.420039e+57
3.455636e+57
4.934391e+57
7.045944e+57
1.006108e+58
1.436648e+58
2.051426e+58
2.929284e+58
4.182800e+58
5.972727e+58
8.528610e+58
1.217822e+59
1.738959e+59
2.483105e+59
3.545689e+59
5.062980e+59
7.229559e+59
1.032327e+60
1.474087e+60
2.104886e+60
3.005621e+60
4.291803e+60
6.128375e+60
8.750864e+60
1.249558e+61
1.784276e+61
2.547814e+61
3.638089e+61
5.194920e+61
7.417960e+61
1.059229e+62
1.512501e+62
2.159739e+62
3.083946e+62
4.403646e+62
6.288079e+62
8.978909e+62
1.282121e+63
1.830774e+63
2.614209e+63
3.732896e+63
5.330299e+63
7.611270e+63
1.086833e+64
1.551916e+64
2.216021e+64
3.164313e+64
4.518404e+64
6.451945e+64
9.212898e+64
1.315533e+65
1.878484e+65
2.682335e+65
3.830175e+65
5.469205e+65
7.809618e+65
1.115155e+66
1.592359e+66
2.273770e+66
3.246775e+66
4.636153e+66
6.620081e+66
9.452983e+66
1.349816e+67
1.927436e+67
2.752236e+67
3.929988e+67
5.611731e+67
8.013134e+67
1.144216e+68
1.633855e+68
2.333024e+68
3.331385e+68
4.756970e+68
6.792599e+68
9.699326e+68
1.384992e+69
1.977665e+69
2.823959e+69
4.032403e+69
5.757971e+69
8.221955e+69
1.174034e+70
1.676433e+70
2.393822e+70
3.418200e+70
4.880935e+70
6.969612e+70
9.952088e+70
1.421084e+71
2.029202e+71
2.897550e+71
4.137486e+71
5.908023e+71
8.436217e+71
1.204629e+72
1.720121e+72
2.456204e+72
3.507277e+72
5.008131e+72
7.151239e+72
1.021144e+73
1.458117e+73
2.082083e+73
2.973060e+73
4.245308e+73
6.061984e+73
8.656063e+73
1.236021e+74
1.764947e+74
2.520212e+74
3.598676e+74
5.138642e+74
7.337598e+74
1.047754e+75
1.496115e+75
2.136342e+75
3.050537e+75
4.355940e+75
6.219958e+75
8.881638e+75
1.268232e+76
1.810941e+76
2.585889e+76
3.692457e+76
5.272553e+76
7.528814e+76
1.075059e+77
1.535104e+77
2.192014e+77
3.130033e+77
4.469455e+77
6.382049e+77
9.113091e+77
1.301282e+78
1.858133e+78
2.653276e+78
3.788681e+78
5.409955e+78
7.725013e+78
1.103074e+79
1.575108e+79
2.249137e+79
3.211601e+79
4.585927e+79
6.548363e+79
9.350576e+79
1.335193e+80
1.906556e+80
2.722420e+80
3.887413e+80
5.550937e+80
7.926325e+80
1.131820e+81
1.616155e+81
2.307749e+81
3.295295e+81
4.705436e+81
6.719012e+81
9.594250e+81
1.369987e+82
1.956240e+82
2.793366e+82
3.988718e+82
5.695593e+82
8.132883e+82
1.161315e+83
1.658272e+83
2.367889e+83
3.381169e+83
4.828058e+83
6.894108e+83
9.844273e+83
1.405689e+84
2.007219e+84
2.866160e+84
4.092663e+84
5.844019e+84
8.344824e+84
1.191579e+85
1.701486e+85
2.429595e+85
3.469282e+85
4.953876e+85
7.073767e+85
1.010081e+86
1.442321e+86
2.059527e+86
2.940851e+86
4.199317e+86
5.996313e+86
8.562288e+86
1.222631e+87
1.745826e+87
2.492910e+87
3.559690e+87
5.082973e+87
7.258107e+87
1.036404e+88
1.479907e+88
2.113198e+88
3.017489e+88
4.308750e+88
6.152575e+88
8.785420e+88
1.254493e+89
1.791322e+89
2.557875e+89
3.652455e+89
5.215434e+89
7.447252e+89
1.063412e+90
1.518474e+90
2.168267e+90
3.096124e+90
4.421035e+90
6.312910e+90
9.014366e+90
1.287184e+91
1.838004e+91
2.624532e+91
3.747637e+91
5.351347e+91
7.641325e+91
1.091124e+92
1.558045e+92
2.224772e+92
3.176809e+92
4.536246e+92
6.477423e+92
9.249278e+92
1.320728e+93
1.885901e+93
2.692927e+93
3.845300e+93
5.490802e+93
7.840457e+93
1.119559e+94
1.598647e+94
2.282749e+94
3.259595e+94
4.654460e+94
6.646223e+94
9.490312e+94
1.355146e+95
1.935048e+95
2.763104e+95
3.945507e+95
5.633891e+95
8.044777e+95
1.148734e+96
1.640307e+96
2.342237e+96
3.344540e+96
4.775754e+96
6.819422e+96
9.737627e+96
1.390461e+97
1.985474e+97
2.835110e+97
4.048326e+97
5.780709e+97
8.254422e+97
1.178670e+98
1.683053e+98
2.403275e+98
3.431698e+98
4.900209e+98
6.997134e+98
9.991387e+98
1.426696e+99
2.037215e+99
2.908992e+99
4.153824e+99
5.931352e+99
8.469530e+99
1.209386e+100
