3.313852e-03
1.318485e-03
1.351852e-03
2.268897e-03
1.563174e-03
1.555444e-03
1.030352e-03
1.092357e-03
1.079771e-03
1.110692e-03
1.034954e-03
6.793917e-04
7.125215e-04
7.667377e-04
8.370897e-04
9.775258e-04
7.380102e-04
8.865980e-04
1.052833e-03
1.199126e-03
1.255374e-03
1.347530e-03
1.554827e-03
1.684085e-03
1.643837e-03
1.841767e-03
2.071949e-03
1.858190e-03
1.983379e-03
2.480662e-03
2.022222e-03
2.461292e-03
2.411766e-03
2.362778e-03
2.649624e-03
2.860529e-03
2.035660e-03
2.309362e-03
2.096867e-03
2.026703e-03
2.306415e-03
2.105524e-03
2.095904e-03
2.463679e-03
2.555929e-03
2.173086e-03
2.517899e-03
2.725834e-03
2.687564e-03
2.338113e-03
2.793851e-03
2.861423e-03
2.838362e-03
2.544406e-03
2.803991e-03
3.217080e-03
3.263984e-03
3.007190e-03
2.637485e-03
3.189802e-03
3.568647e-03
3.528108e-03
3.216476e-03
2.922751e-03
3.255931e-03
3.610907e-03
3.771854e-03
3.791183e-03
3.688130e-03
3.381250e-03
3.477066e-03
3.880546e-03
4.377601e-03
4.427872e-03
4.302926e-03
4.001681e-03
3.488080e-03
3.153597e-03
3.650153e-03
4.301304e-03
4.790559e-03
5.043344e-03
4.876523e-03
4.596657e-03
4.219868e-03
3.765134e-03
3.160291e-03
3.302174e-03
3.547206e-03
4.027320e-03
4.363772e-03
4.480702e-03
4.408560e-03
4.383277e-03
4.346910e-03
4.171909e-03
3.812380e-03
3.446640e-03
3.084544e-03
2.799400e-03
2.557127e-03
2.202302e-03
1.873991e-03
1.895349e-03
2.007699e-03
2.102317e-03
2.116037e-03
2.170425e-03
2.219167e-03
2.257302e-03
2.285394e-03
2.244852e-03
2.213834e-03
2.187625e-03
2.164821e-03
2.143576e-03
2.032664e-03
1.956375e-03
1.902590e-03
1.857186e-03
1.817988e-03
1.707899e-03
1.617568e-03
1.542424e-03
1.479285e-03
1.425550e-03
1.316053e-03
1.230578e-03
1.168259e-03
1.115872e-03
1.071086e-03
9.850585e-04
9.142957e-04
8.553326e-04
8.054440e-04
7.624205e-04
6.893283e-04
6.289083e-04
5.826967e-04
5.475269e-04
5.169839e-04
4.664355e-04
4.244861e-04
3.890477e-04
3.585802e-04
3.320164e-04
2.919575e-04
2.654750e-04
2.437181e-04
2.252630e-04
2.093872e-04
1.842953e-04
1.698723e-04
1.578499e-04
1.619484e-04
1.648991e-04
1.607959e-04
1.597555e-04
1.596020e-04
1.589338e-04
1.577159e-04
1.502783e-04
1.437882e-04
1.379235e-04
1.325201e-04
1.275122e-04
1.197057e-04
1.130402e-04
1.072378e-04
1.021445e-04
9.766449e-05
8.948892e-05
8.273648e-05
7.710355e-05
7.236900e-05
6.835533e-05
6.175926e-05
5.706754e-05
5.320164e-05
4.992424e-05
4.709450e-05
4.258118e-05
3.886095e-05
3.572458e-05
3.301011e-05
3.060261e-05
2.761839e-05
2.574629e-05
2.418016e-05
2.284794e-05
2.170211e-05
1.979058e-05
1.822461e-05
1.720657e-05
1.647836e-05
1.583882e-05
1.476847e-05
1.387707e-05
1.311835e-05
1.246364e-05
1.189813e-05
1.098344e-05
1.023007e-05
9.598117e-06
9.062167e-06
8.607824e-06
7.880702e-06
7.291656e-06
6.806328e-06
6.401470e-06
6.062676e-06
5.653257e-06
5.337700e-06
5.076629e-06
4.861974e-06
4.683445e-06
4.387513e-06
4.125780e-06
3.909774e-06
3.732392e-06
3.584405e-06
3.344822e-06
3.148773e-06
3.080332e-06
3.011821e-06
2.947162e-06
2.880864e-06
2.818430e-06
2.753316e-06
2.688529e-06
2.627469e-06
2.562079e-06
2.502333e-06
2.440990e-06
2.380235e-06
2.377931e-06
2.259555e-06
2.220241e-06
2.192614e-06
2.163501e-06
2.148680e-06
2.152924e-06
2.140169e-06
2.112894e-06
2.082039e-06
2.053699e-06
2.063530e-06
2.047681e-06
2.018873e-06
1.987050e-06
1.957845e-06
1.962331e-06
1.944172e-06
1.914508e-06
1.882328e-06
1.852806e-06
1.852829e-06
1.833000e-06
1.803015e-06
1.770953e-06
1.741545e-06
1.737909e-06
1.716969e-06
1.687105e-06
1.655549e-06
1.626608e-06
1.620063e-06
1.598512e-06
1.569152e-06
1.538429e-06
1.510259e-06
1.501480e-06
1.479756e-06
1.451225e-06
1.421613e-06
1.394464e-06
1.384028e-06
1.362489e-06
1.335044e-06
1.306759e-06
1.280824e-06
1.269203e-06
1.248125e-06
1.221953e-06
1.195144e-06
1.170557e-06
1.158142e-06
1.137734e-06
1.112960e-06
1.087721e-06
1.064567e-06
1.051690e-06
1.032115e-06
1.008822e-06
9.852056e-07
