1.079871e-02
4.467140e-03
2.654910e-03
1.481046e-03
1.326097e-03
1.073550e-03
8.408422e-04
7.361345e-04
6.320391e-04
5.350415e-04
4.820829e-04
4.124773e-04
3.734527e-04
3.265589e-04
2.964262e-04
2.628902e-04
2.404363e-04
2.152895e-04
1.985298e-04
1.793735e-04
1.665824e-04
1.518547e-04
1.418926e-04
1.304187e-04
1.225407e-04
1.134559e-04
1.071401e-04
9.982484e-05
9.469217e-05
8.872851e-05
8.447556e-05
7.958877e-05
7.596546e-05
7.189819e-05
6.877710e-05
6.534136e-05
6.262620e-05
5.968377e-05
5.730099e-05
5.474945e-05
5.264223e-05
5.040503e-05
4.852897e-05
4.654832e-05
4.486833e-05
4.310351e-05
4.158807e-05
4.001418e-05
3.863134e-05
3.721802e-05
3.595282e-05
3.467618e-05
3.351589e-05
3.235690e-05
3.129058e-05
3.023388e-05
2.925207e-05
2.828511e-05
2.737956e-05
2.649195e-05
2.565542e-05
2.483844e-05
2.406455e-05
2.331082e-05
2.259392e-05
2.189712e-05
2.123217e-05
2.058683e-05
1.996934e-05
1.937069e-05
1.879663e-05
1.824049e-05
1.770623e-05
1.718890e-05
1.669119e-05
1.620937e-05
1.574525e-05
1.529601e-05
1.486281e-05
1.444350e-05
1.403880e-05
1.364704e-05
1.326863e-05
1.290228e-05
1.254817e-05
1.220526e-05
1.187361e-05
1.155239e-05
1.124154e-05
1.094038e-05
1.064879e-05
1.036623e-05
1.009252e-05
9.827192e-06
9.570076e-06
9.320763e-06
9.079065e-06
8.844633e-06
8.617274e-06
8.396684e-06
8.182673e-06
7.974970e-06
7.773392e-06
7.577699e-06
7.387714e-06
7.203220e-06
7.024051e-06
6.850011e-06
6.680942e-06
6.516666e-06
6.357035e-06
6.201887e-06
6.051082e-06
5.904473e-06
5.761928e-06
5.623312e-06
5.488502e-06
5.357375e-06
5.229815e-06
5.105707e-06
4.984945e-06
4.867423e-06
4.753041e-06
4.641701e-06
4.533310e-06
4.427776e-06
4.325014e-06
4.224938e-06
4.127468e-06
4.032525e-06
3.940034e-06
3.849922e-06
3.762118e-06
3.676554e-06
3.593165e-06
3.511887e-06
3.432658e-06
3.355420e-06
3.280114e-06
3.206686e-06
3.135083e-06
3.065251e-06
2.997141e-06
2.930705e-06
2.865896e-06
2.802668e-06
2.740978e-06
2.680782e-06
2.622040e-06
2.564712e-06
2.508759e-06
2.454144e-06
2.400831e-06
2.348784e-06
2.297970e-06
2.248356e-06
2.199909e-06
2.152599e-06
2.106396e-06
2.061270e-06
2.017194e-06
1.974140e-06
1.932081e-06
1.890992e-06
1.850847e-06
1.811623e-06
1.773296e-06
1.735842e-06
1.699241e-06
1.663469e-06
1.628507e-06
1.594334e-06
1.560930e-06
1.528275e-06
1.496353e-06
1.465143e-06
1.434629e-06
1.404794e-06
1.375620e-06
1.347092e-06
1.319194e-06
1.291910e-06
1.265227e-06
1.239129e-06
1.213601e-06
1.188632e-06
1.164207e-06
1.140312e-06
1.116937e-06
1.094068e-06
1.071693e-06
1.049801e-06
1.028381e-06
1.007421e-06
9.869104e-07
