1.245012e-02
4.485776e-03
2.245399e-03
1.812026e-03
1.387883e-03
1.061025e-03
9.075205e-04
7.271294e-04
6.192786e-04
5.311501e-04
4.522365e-04
3.975278e-04
3.469978e-04
3.073516e-04
2.741972e-04
2.456339e-04
2.221358e-04
2.016491e-04
1.842629e-04
1.691852e-04
1.560540e-04
1.445913e-04
1.344696e-04
1.255156e-04
1.175293e-04
1.103736e-04
1.039267e-04
9.808829e-05
9.277679e-05
8.792256e-05
8.346793e-05
7.936421e-05
7.557018e-05
7.205090e-05
6.877655e-05
6.572153e-05
6.286389e-05
6.018454e-05
5.766698e-05
5.529676e-05
5.306126e-05
5.094930e-05
4.895106e-05
4.705778e-05
4.526166e-05
4.355572e-05
4.193368e-05
4.038988e-05
3.891919e-05
3.751695e-05
3.617891e-05
3.490121e-05
3.368027e-05
3.251282e-05
3.139585e-05
3.032657e-05
2.930239e-05
2.832092e-05
2.737992e-05
2.647732e-05
2.561116e-05
2.477964e-05
2.398105e-05
2.321380e-05
2.247638e-05
2.176739e-05
2.108550e-05
2.042945e-05
1.979807e-05
1.919023e-05
1.860489e-05
1.804105e-05
1.749776e-05
1.697412e-05
1.646929e-05
1.598246e-05
1.551286e-05
1.505978e-05
1.462251e-05
1.420041e-05
1.379285e-05
1.339923e-05
1.301899e-05
1.265159e-05
1.229651e-05
1.195327e-05
1.162140e-05
1.130045e-05
1.099000e-05
1.068963e-05
1.039897e-05
1.011764e-05
9.845293e-06
9.581581e-06
9.326185e-06
9.078794e-06
8.839112e-06
8.606856e-06
8.381754e-06
8.163545e-06
7.951982e-06
7.746825e-06
7.547846e-06
7.354825e-06
7.167553e-06
6.985827e-06
6.809454e-06
6.638250e-06
6.472035e-06
6.310639e-06
6.153897e-06
6.001653e-06
5.853754e-06
5.710055e-06
5.570416e-06
5.434703e-06
5.302786e-06
5.174542e-06
5.049850e-06
4.928595e-06
4.810668e-06
4.695960e-06
4.584370e-06
4.475798e-06
4.370151e-06
4.267335e-06
4.167262e-06
4.069849e-06
3.975011e-06
3.882671e-06
3.792751e-06
3.705180e-06
3.619884e-06
3.536796e-06
3.455851e-06
3.376983e-06
3.300132e-06
3.225237e-06
3.152243e-06
3.081092e-06
3.011732e-06
2.944110e-06
2.878177e-06
2.813885e-06
2.751186e-06
2.690035e-06
2.630389e-06
2.572205e-06
2.515442e-06
2.460061e-06
2.406023e-06
2.353292e-06
2.301831e-06
2.251606e-06
2.202582e-06
2.154728e-06
2.108011e-06
2.062402e-06
2.017870e-06
1.974387e-06
1.931925e-06
1.890456e-06
1.849955e-06
1.810397e-06
1.771756e-06
1.734009e-06
1.697132e-06
1.661104e-06
1.625901e-06
1.591504e-06
1.557892e-06
1.525044e-06
1.492941e-06
1.461564e-06
1.430896e-06
1.400918e-06
1.371613e-06
1.342965e-06
1.314957e-06
1.287573e-06
1.260798e-06
1.234617e-06
1.209015e-06
1.183979e-06
1.159494e-06
1.135548e-06
1.112127e-06
1.089218e-06
1.066810e-06
1.044891e-06
1.023447e-06
1.002470e-06
9.819466e-07
9.618671e-07
9.422207e-07
