1.245012e-02
1.174644e-02
1.170943e-02
1.175063e-02
1.170809e-02
1.154629e-02
1.126782e-02
1.088971e-02
1.043400e-02
9.922957e-03
9.376664e-03
8.812076e-03
8.242836e-03
7.679519e-03
7.130057e-03
6.600186e-03
6.093873e-03
5.613688e-03
5.161111e-03
4.736784e-03
4.340714e-03
3.972435e-03
3.631132e-03
3.315748e-03
3.025059e-03
2.757736e-03
2.512394e-03
2.287627e-03
2.082039e-03
1.894263e-03
1.722974e-03
1.566905e-03
1.424849e-03
1.295668e-03
1.178292e-03
1.071719e-03
9.750188e-04
8.873269e-04
8.078439e-04
7.358328e-04
6.706152e-04
6.115688e-04
5.581231e-04
5.097565e-04
4.659927e-04
4.263975e-04
3.905752e-04
3.581664e-04
3.288440e-04
3.023114e-04
2.782996e-04
2.565648e-04
2.368861e-04
2.190637e-04
2.029169e-04
1.882823e-04
1.750123e-04
1.629736e-04
1.520457e-04
1.421201e-04
1.330987e-04
1.248931e-04
1.174236e-04
1.106184e-04
1.044126e-04
9.874778e-05
9.357140e-05
8.883598e-05
8.449881e-05
8.052139e-05
7.686902e-05
7.351046e-05
7.041755e-05
6.756493e-05
6.492973e-05
6.249138e-05
6.023130e-05
5.813278e-05
5.618074e-05
5.436160e-05
5.266310e-05
5.107421e-05
4.958495e-05
4.818636e-05
4.687032e-05
4.562953e-05
4.445738e-05
4.334791e-05
4.229575e-05
4.129603e-05
4.034437e-05
3.943680e-05
3.856973e-05
3.773991e-05
3.694442e-05
3.618059e-05
3.544602e-05
3.473853e-05
3.405614e-05
3.339707e-05
3.275970e-05
3.214253e-05
3.154424e-05
3.096361e-05
3.039953e-05
2.985100e-05
2.931709e-05
2.879696e-05
2.828986e-05
2.779509e-05
2.731200e-05
2.685800e-05
2.646338e-05
2.607239e-05
2.568515e-05
2.530180e-05
2.492243e-05
2.454714e-05
2.417600e-05
2.380908e-05
2.344643e-05
2.308809e-05
2.273410e-05
2.238447e-05
2.203924e-05
2.169840e-05
2.136196e-05
2.102993e-05
2.070230e-05
2.037905e-05
2.006017e-05
1.974564e-05
1.943545e-05
1.912956e-05
1.882795e-05
1.853060e-05
1.823746e-05
1.794851e-05
1.766370e-05
1.738301e-05
1.710640e-05
1.683382e-05
1.656524e-05
1.630061e-05
1.603990e-05
1.578305e-05
1.553004e-05
1.528081e-05
1.503531e-05
1.479352e-05
1.455538e-05
1.432084e-05
1.408987e-05
1.386241e-05
1.363843e-05
1.341788e-05
1.320072e-05
1.298690e-05
1.277637e-05
1.256909e-05
1.236503e-05
1.216413e-05
1.196635e-05
1.177166e-05
1.158000e-05
1.139134e-05
1.120562e-05
1.102283e-05
1.084290e-05
1.066580e-05
1.049149e-05
1.031993e-05
1.015108e-05
9.984896e-06
9.821347e-06
9.660391e-06
9.501990e-06
9.346107e-06
9.192705e-06
9.041746e-06
8.893195e-06
8.747015e-06
8.603172e-06
8.461630e-06
8.322355e-06
8.185312e-06
8.050469e-06
7.917791e-06
7.787245e-06
7.658800e-06
7.532424e-06
7.408084e-06
7.285750e-06
7.165390e-06
7.046975e-06
6.930475e-06
6.815859e-06
6.703100e-06
6.592168e-06
6.483034e-06
6.375672e-06
6.270052e-06
6.166149e-06
6.063936e-06
5.963385e-06
5.864471e-06
5.767169e-06
5.671453e-06
5.577297e-06
5.484679e-06
5.393572e-06
5.303954e-06
5.215801e-06
5.129089e-06
5.043797e-06
4.959901e-06
4.877379e-06
4.796209e-06
4.716370e-06
4.637841e-06
4.560601e-06
4.484629e-06
4.409905e-06
4.336408e-06
4.264120e-06
4.193022e-06
4.123092e-06
4.054315e-06
3.986669e-06
3.920138e-06
3.854704e-06
3.790348e-06
3.727054e-06
3.664804e-06
3.603582e-06
3.543370e-06
3.484153e-06
3.425914e-06
3.368638e-06
3.312308e-06
3.256910e-06
3.202429e-06
3.148849e-06
3.096156e-06
3.044336e-06
2.993374e-06
2.943256e-06
2.893969e-06
2.845499e-06
2.797832e-06
2.750956e-06
2.704858e-06
2.659525e-06
2.614944e-06
2.571103e-06
2.527990e-06
2.485594e-06
2.443901e-06
2.402902e-06
2.362584e-06
2.322936e-06
2.284550e-06
2.247187e-06
2.210439e-06
2.174294e-06
2.138744e-06
2.103779e-06
2.069388e-06
2.035563e-06
2.002294e-06
1.969573e-06
1.937389e-06
1.905735e-06
1.874602e-06
1.843981e-06
1.813863e-06
1.784241e-06
1.755107e-06
1.726451e-06
1.698267e-06
1.670547e-06
1.643283e-06
1.616467e-06
1.590093e-06
1.564153e-06
1.538639e-06
1.513545e-06
1.488864e-06
1.464589e-06
1.440713e-06
1.417230e-06
1.394133e-06
1.371417e-06
1.349074e-06
1.327098e-06
1.305484e-06
1.284225e-06
1.263316e-06
1.242751e-06
1.222524e-06
1.202629e-06
1.183062e-06
1.163816e-06
1.144887e-06
1.126269e-06
1.107957e-06
1.089945e-06
1.072230e-06
1.054806e-06
1.037668e-06
1.020812e-06
1.004232e-06
9.879248e-07
9.718854e-07
9.561094e-07
9.405923e-07
9.253300e-07
9.103183e-07
8.955529e-07
8.810298e-07
8.667450e-07
8.533774e-07
8.402747e-07
8.273818e-07
8.146954e-07
8.022121e-07
7.899285e-07
7.778413e-07
7.659474e-07
7.542435e-07
7.427266e-07
7.313936e-07
7.202415e-07
7.092673e-07
6.984682e-07
6.878411e-07
6.773834e-07
6.670923e-07
6.569650e-07
6.469989e-07
6.371912e-07
6.275395e-07
6.180412e-07
6.086937e-07
5.994947e-07
5.904416e-07
5.815321e-07
5.727638e-07
5.641345e-07
5.556419e-07
5.472836e-07
5.390576e-07
5.309617e-07
5.230918e-07
5.159086e-07
5.088347e-07
5.018681e-07
4.950073e-07
4.882506e-07
4.815962e-07
4.750425e-07
4.685879e-07
4.622309e-07
4.559698e-07
4.498031e-07
4.437293e-07
4.377470e-07
4.318546e-07
