1.079871e-02
1.128199e-02
1.150790e-02
1.159352e-02
1.155061e-02
1.137652e-02
1.108336e-02
1.069134e-02
1.022366e-02
9.702880e-03
9.149057e-03
8.578928e-03
8.005879e-03
7.440232e-03
6.889683e-03
6.360263e-03
5.855321e-03
5.377177e-03
4.927172e-03
4.505831e-03
4.113062e-03
3.748314e-03
3.410706e-03
3.099122e-03
2.812291e-03
2.548845e-03
2.307388e-03
2.087593e-03
1.886807e-03
1.703655e-03
1.536811e-03
1.385007e-03
1.247040e-03
1.121773e-03
1.008143e-03
9.051551e-04
8.118850e-04
7.283563e-04
6.528103e-04
5.845178e-04
5.233213e-04
4.687782e-04
4.206581e-04
3.782981e-04
3.409412e-04
3.083423e-04
2.795584e-04
2.540444e-04
2.318008e-04
2.119263e-04
1.944759e-04
1.790627e-04
1.651157e-04
1.530421e-04
1.422533e-04
1.324691e-04
1.236069e-04
1.160480e-04
1.091704e-04
1.029072e-04
9.719844e-05
9.198984e-05
8.736877e-05
8.329849e-05
7.956418e-05
7.613326e-05
7.297637e-05
7.006707e-05
6.738156e-05
6.489838e-05
6.259824e-05
6.046374e-05
5.847923e-05
5.666537e-05
5.503303e-05
5.350193e-05
5.206279e-05
5.070729e-05
4.942791e-05
4.821787e-05
4.707107e-05
4.598201e-05
4.494573e-05
4.395776e-05
4.301405e-05
4.211097e-05
4.124522e-05
4.041385e-05
3.961416e-05
3.935672e-05
3.912398e-05
3.886221e-05
3.857487e-05
3.826506e-05
3.793562e-05
3.758907e-05
3.722769e-05
3.685354e-05
3.646848e-05
3.607417e-05
3.567212e-05
3.526369e-05
3.485008e-05
3.443240e-05
3.401162e-05
3.358864e-05
3.316425e-05
3.273916e-05
3.231400e-05
3.188936e-05
3.146573e-05
3.104359e-05
3.062333e-05
3.020532e-05
2.978989e-05
2.937731e-05
2.896784e-05
2.856170e-05
2.815909e-05
2.776018e-05
2.736512e-05
2.697404e-05
2.658705e-05
2.620425e-05
2.582570e-05
2.545149e-05
2.508166e-05
2.471626e-05
2.435532e-05
2.399887e-05
2.364692e-05
2.329947e-05
2.295655e-05
2.261813e-05
2.228421e-05
2.195479e-05
2.162983e-05
2.130933e-05
2.099324e-05
2.068156e-05
2.037424e-05
2.007126e-05
1.977257e-05
1.947815e-05
1.918794e-05
1.890192e-05
1.862005e-05
1.834226e-05
1.806854e-05
1.779883e-05
1.753308e-05
1.727125e-05
1.701329e-05
1.675917e-05
1.650883e-05
1.626222e-05
1.601930e-05
1.578002e-05
1.554433e-05
1.531219e-05
1.508355e-05
1.485837e-05
1.463659e-05
1.441818e-05
1.420307e-05
1.399124e-05
1.378264e-05
1.357721e-05
1.337492e-05
1.317571e-05
1.297956e-05
1.278640e-05
1.259621e-05
1.240893e-05
1.222453e-05
1.204296e-05
1.186418e-05
1.168816e-05
1.151484e-05
1.134419e-05
1.117618e-05
1.101075e-05
1.084788e-05
1.068752e-05
1.052965e-05
1.037421e-05
1.022117e-05
1.007050e-05
9.922167e-06
9.776126e-06
9.632347e-06
9.490795e-06
9.351436e-06
9.214237e-06
9.079165e-06
8.946187e-06
8.815271e-06
8.686385e-06
8.559499e-06
8.434581e-06
8.311602e-06
8.190531e-06
8.071338e-06
7.953996e-06
7.838475e-06
7.724746e-06
7.612783e-06
7.502558e-06
7.394043e-06
7.287213e-06
7.182040e-06
7.078500e-06
6.976566e-06
6.876214e-06
6.777418e-06
6.680155e-06
6.584401e-06
6.490131e-06
6.397323e-06
6.305954e-06
6.216001e-06
6.127442e-06
6.040254e-06
5.954418e-06
5.869910e-06
5.786711e-06
5.704799e-06
5.624155e-06
5.544758e-06
5.466589e-06
5.389629e-06
5.313857e-06
5.239257e-06
5.165808e-06
5.093493e-06
5.022294e-06
4.952194e-06
4.883174e-06
4.815218e-06
4.748309e-06
4.682431e-06
4.617566e-06
4.553700e-06
4.490816e-06
4.428898e-06
4.367932e-06
4.307902e-06
4.248794e-06
4.190592e-06
4.133282e-06
4.076851e-06
4.021284e-06
3.966568e-06
3.912688e-06
3.859633e-06
3.807388e-06
3.755940e-06
3.705279e-06
3.655389e-06
3.606260e-06
3.557880e-06
3.510235e-06
3.463316e-06
3.417110e-06
3.371605e-06
3.326791e-06
3.282658e-06
3.239192e-06
3.196386e-06
3.154227e-06
3.112706e-06
3.071812e-06
3.031535e-06
2.991867e-06
2.952796e-06
2.914314e-06
2.876411e-06
2.839078e-06
2.802305e-06
2.766085e-06
2.730408e-06
2.695266e-06
2.660650e-06
2.626551e-06
2.592963e-06
2.559875e-06
2.527282e-06
2.495174e-06
2.463544e-06
2.432384e-06
2.401687e-06
2.371446e-06
2.341654e-06
2.312303e-06
2.283386e-06
2.254896e-06
2.226828e-06
2.199173e-06
2.171926e-06
2.145080e-06
2.118629e-06
2.092566e-06
2.066885e-06
2.041581e-06
2.016647e-06
1.992078e-06
1.967867e-06
1.944010e-06
1.920500e-06
1.897333e-06
1.874501e-06
1.852002e-06
1.829828e-06
1.807976e-06
1.786440e-06
1.765214e-06
1.744295e-06
1.723677e-06
1.703356e-06
1.683326e-06
1.663584e-06
1.644125e-06
1.624945e-06
1.606038e-06
1.587401e-06
1.569030e-06
1.550920e-06
1.533068e-06
1.515468e-06
1.498119e-06
1.481014e-06
1.464151e-06
1.447527e-06
1.431136e-06
1.414976e-06
1.399042e-06
1.383333e-06
1.367843e-06
1.352569e-06
1.337509e-06
1.322659e-06
1.308015e-06
1.293575e-06
1.279334e-06
1.265292e-06
1.251443e-06
1.237785e-06
1.224315e-06
1.211031e-06
1.197929e-06
1.185007e-06
1.172261e-06
1.159690e-06
1.147290e-06
1.135058e-06
1.122993e-06
1.111092e-06
1.099352e-06
1.087770e-06
1.076345e-06
1.065073e-06
1.053953e-06
1.042983e-06
1.032159e-06
1.021480e-06
1.010943e-06
1.000547e-06
9.902884e-07
