1.792593e-04
1.547739e-04
1.244210e-04
8.158244e-05
5.247523e-05
8.595787e-05
6.856421e-05
5.158244e-05
3.170886e-05
2.427986e-05
4.419720e-05
3.429486e-05
2.480166e-05
1.484840e-05
1.302547e-05
2.600126e-05
2.020052e-05
1.470017e-05
9.007206e-06
8.653082e-06
1.831054e-05
1.421846e-05
1.034315e-05
6.316748e-06
6.363816e-06
1.368627e-05
1.060714e-05
7.680772e-06
4.672164e-06
4.863336e-06
1.056454e-05
8.175028e-06
5.897138e-06
3.577115e-06
3.815398e-06
8.351073e-06
6.454712e-06
4.642815e-06
2.810605e-06
3.055018e-06
6.729176e-06
5.196959e-06
3.730682e-06
2.256000e-06
2.489358e-06
5.514863e-06
4.257011e-06
3.052062e-06
1.845741e-06
2.060965e-06
4.590542e-06
3.542569e-06
2.538053e-06
1.535542e-06
1.731773e-06
3.876944e-06
2.991593e-06
2.142668e-06
1.297189e-06
1.475448e-06
3.318699e-06
2.560886e-06
1.834132e-06
1.111280e-06
1.273288e-06
2.876291e-06
2.219707e-06
1.589994e-06
9.641680e-07
