1.562360e+01
1.084450e+01
5.922415e+00
4.424794e+00
3.543231e+00
2.841075e+00
2.476022e+00
2.072893e+00
1.768981e+00
1.567917e+00
1.328433e+00
1.192188e+00
1.039952e+00
9.288237e-01
8.206505e-01
7.357586e-01
6.550067e-01
6.047803e-01
5.672601e-01
5.604810e-01
5.506736e-01
5.216456e-01
4.818421e-01
4.572966e-01
4.509953e-01
4.340513e-01
4.099643e-01
3.817826e-01
3.678730e-01
3.585530e-01
3.490474e-01
3.403914e-01
3.318147e-01
3.237727e-01
3.162327e-01
3.092968e-01
3.025170e-01
2.954922e-01
2.896979e-01
2.832326e-01
2.775957e-01
2.719280e-01
2.668065e-01
2.613624e-01
2.566295e-01
2.516872e-01
2.469165e-01
2.426398e-01
2.382794e-01
2.339129e-01
2.299048e-01
2.260711e-01
2.221485e-01
2.184937e-01
2.148721e-01
2.113414e-01
2.079918e-01
2.047269e-01
2.014845e-01
1.983379e-01
1.953138e-01
1.923444e-01
1.894260e-01
1.866310e-01
1.839011e-01
1.812293e-01
1.786236e-01
1.760797e-01
1.735899e-01
1.711513e-01
1.687640e-01
1.664319e-01
1.641491e-01
1.619395e-01
1.597791e-01
1.576605e-01
1.555806e-01
1.535416e-01
1.515440e-01
1.495842e-01
1.476623e-01
1.457815e-01
1.439455e-01
1.421567e-01
1.404143e-01
1.387169e-01
1.370664e-01
1.354532e-01
1.338698e-01
1.323086e-01
1.307637e-01
1.292325e-01
1.277170e-01
1.262236e-01
1.247605e-01
1.233335e-01
1.219428e-01
1.205834e-01
1.192475e-01
1.179312e-01
1.166457e-01
1.153735e-01
1.141156e-01
1.128758e-01
1.116573e-01
1.104612e-01
1.092856e-01
1.081277e-01
1.069853e-01
1.058581e-01
1.047471e-01
1.036531e-01
1.025762e-01
1.015155e-01
1.004706e-01
9.944087e-02
9.842658e-02
9.742930e-02
9.645456e-02
9.549488e-02
9.454984e-02
9.361895e-02
9.270184e-02
9.179813e-02
9.090738e-02
9.002902e-02
8.916246e-02
8.830715e-02
8.746258e-02
8.662831e-02
8.580389e-02
8.498897e-02
8.418330e-02
8.338675e-02
8.259931e-02
8.182104e-02
8.105208e-02
8.029264e-02
7.954296e-02
7.880330e-02
7.807388e-02
7.735741e-02
7.665510e-02
7.596311e-02
7.528107e-02
7.460848e-02
7.394475e-02
7.328920e-02
7.264117e-02
7.200002e-02
7.136521e-02
7.073633e-02
7.011313e-02
6.949553e-02
6.888364e-02
6.827772e-02
6.767813e-02
6.708530e-02
6.649967e-02
6.592163e-02
6.535142e-02
6.478918e-02
6.423484e-02
6.368817e-02
6.314876e-02
6.261610e-02
6.208960e-02
6.156866e-02
6.105274e-02
6.054143e-02
6.003443e-02
5.953165e-02
5.903316e-02
5.853917e-02
5.804998e-02
5.756595e-02
5.708744e-02
5.661471e-02
5.614794e-02
5.568712e-02
5.523213e-02
5.478269e-02
5.433846e-02
5.389900e-02
5.346391e-02
5.303284e-02
5.260552e-02
5.218183e-02
5.176173e-02
5.134534e-02
5.093282e-02
5.052440e-02
5.012026e-02
4.972058e-02
4.932543e-02
4.893479e-02
4.854855e-02
4.816651e-02
4.778845e-02
4.741411e-02
4.704326e-02
4.667572e-02
4.631140e-02
4.595026e-02
4.559232e-02
4.523768e-02
4.488642e-02
4.453865e-02
4.419441e-02
4.385374e-02
4.351658e-02
4.318284e-02
4.285242e-02
4.252516e-02
4.220093e-02
4.187962e-02
4.156116e-02
4.124551e-02
4.093266e-02
4.062264e-02
4.031547e-02
4.001120e-02
3.970983e-02
3.941135e-02
3.911572e-02
3.882289e-02
3.853279e-02
3.824533e-02
3.796044e-02
3.767807e-02
3.739818e-02
3.712074e-02
3.684575e-02
3.657321e-02
3.630312e-02
3.603548e-02
3.577027e-02
3.550746e-02
3.524703e-02
3.498892e-02
3.473309e-02
3.447949e-02
3.422810e-02
3.397887e-02
3.373180e-02
3.348686e-02
3.324404e-02
3.300334e-02
3.276473e-02
3.252821e-02
3.229375e-02
3.206132e-02
3.183089e-02
3.160243e-02
3.137591e-02
3.115131e-02
3.092861e-02
3.070778e-02
3.048883e-02
3.027172e-02
3.005645e-02
2.984300e-02
2.963135e-02
2.942148e-02
2.921337e-02
2.900700e-02
2.880234e-02
2.859937e-02
2.839809e-02
2.819846e-02
2.800048e-02
2.780414e-02
2.760941e-02
2.741628e-02
2.722474e-02
2.703477e-02
2.684636e-02
2.665947e-02
2.647411e-02
2.629025e-02
2.610787e-02
2.592697e-02
2.574752e-02
2.556953e-02
2.539296e-02
2.521781e-02
2.504407e-02
2.487172e-02
2.470074e-02
2.453113e-02
2.436286e-02
2.419593e-02
2.403032e-02
2.386603e-02
2.370302e-02
2.354131e-02
2.338086e-02
2.322168e-02
2.306375e-02
2.290705e-02
2.275158e-02
2.259732e-02
2.244426e-02
2.229240e-02
2.214171e-02
2.199219e-02
2.184382e-02
2.169661e-02
2.155053e-02
2.140557e-02
2.126173e-02
2.111899e-02
2.097735e-02
2.083679e-02
2.069731e-02
2.055888e-02
2.042152e-02
2.028520e-02
2.014991e-02
2.001565e-02
1.988240e-02
1.975016e-02
1.961893e-02
1.948867e-02
1.935940e-02
1.923111e-02
1.910377e-02
1.897739e-02
1.885195e-02
1.872745e-02
1.860388e-02
1.848123e-02
1.835949e-02
1.823866e-02
1.811872e-02
1.799967e-02
1.788150e-02
1.776421e-02
1.764778e-02
1.753220e-02
1.741748e-02
1.730360e-02
1.719056e-02
1.707834e-02
1.696695e-02
1.685637e-02
1.674659e-02
1.663762e-02
1.652944e-02
1.642204e-02
1.631543e-02
1.620959e-02
1.610451e-02
1.600020e-02
1.589664e-02
1.579382e-02
1.569175e-02
1.559041e-02
1.548980e-02
1.538991e-02
1.529074e-02
1.519228e-02
1.509452e-02
1.499746e-02
1.490109e-02
1.480541e-02
1.471041e-02
1.461609e-02
1.452243e-02
1.442944e-02
1.433711e-02
1.424543e-02
1.415440e-02
1.406401e-02
1.397426e-02
1.388515e-02
1.379666e-02
1.370879e-02
1.362154e-02
1.353490e-02
1.344886e-02
1.336343e-02
1.327860e-02
1.319436e-02
1.311070e-02
1.302763e-02
1.294514e-02
1.286322e-02
1.278187e-02
1.270108e-02
1.262085e-02
1.254118e-02
1.246206e-02
1.238349e-02
1.230546e-02
1.222796e-02
1.215101e-02
1.207458e-02
1.199867e-02
1.192329e-02
1.184842e-02
1.177407e-02
1.170022e-02
1.162688e-02
1.155405e-02
1.148170e-02
1.140986e-02
1.133850e-02
1.126763e-02
1.119724e-02
1.112732e-02
1.105789e-02
1.098892e-02
1.092042e-02
1.085238e-02
1.078481e-02
1.071769e-02
1.065102e-02
1.058480e-02
1.051903e-02
1.045370e-02
1.038881e-02
1.032436e-02
1.026034e-02
1.019675e-02
1.013359e-02
1.007084e-02
1.000852e-02
9.946616e-03
9.885124e-03
9.824042e-03
9.763368e-03
9.703097e-03
9.643228e-03
9.583757e-03
9.524680e-03
9.465996e-03
9.407702e-03
9.349793e-03
9.292269e-03
9.235124e-03
9.178358e-03
9.121967e-03
9.065947e-03
9.010298e-03
8.955015e-03
8.900096e-03
8.845538e-03
8.791339e-03
8.737497e-03
8.684007e-03
8.630869e-03
8.578078e-03
8.525634e-03
8.473533e-03
8.421772e-03
8.370350e-03
8.319263e-03
8.268510e-03
8.218088e-03
8.167994e-03
8.118226e-03
8.068782e-03
8.019660e-03
7.970856e-03
7.922370e-03
7.874198e-03
7.826338e-03
7.778788e-03
7.731546e-03
7.684609e-03
7.637976e-03
7.591645e-03
7.545612e-03
7.499876e-03
7.454435e-03
7.409286e-03
7.364429e-03
7.319860e-03
7.275577e-03
7.231579e-03
7.187863e-03
7.144428e-03
7.101271e-03
7.058391e-03
7.015785e-03
6.973452e-03
6.931390e-03
6.889596e-03
6.848070e-03
6.806808e-03
6.765810e-03
6.725073e-03
6.684595e-03
6.644375e-03
6.604412e-03
6.564702e-03
6.525244e-03
6.486037e-03
6.447079e-03
6.408368e-03
6.369903e-03
6.331681e-03
6.293701e-03
6.255962e-03
6.218461e-03
6.181197e-03
6.144169e-03
6.107374e-03
6.070811e-03
6.034479e-03
5.998376e-03
5.962501e-03
5.926851e-03
5.891426e-03
5.856223e-03
5.821241e-03
5.786480e-03
5.751936e-03
5.717609e-03
5.683498e-03
5.649600e-03
5.615914e-03
5.582439e-03
5.549174e-03
5.516117e-03
5.483267e-03
5.450621e-03
5.418180e-03
5.385941e-03
5.353903e-03
5.322064e-03
5.290424e-03
5.258981e-03
5.227734e-03
5.196681e-03
5.165822e-03
5.135154e-03
5.104676e-03
5.074388e-03
5.044288e-03
5.014374e-03
4.984646e-03
4.955102e-03
4.925741e-03
4.896562e-03
4.867563e-03
4.838744e-03
4.810102e-03
4.781638e-03
4.753350e-03
4.725236e-03
4.697295e-03
4.669527e-03
4.641930e-03
4.614503e-03
4.587245e-03
4.560155e-03
4.533231e-03
4.506473e-03
4.479879e-03
4.453449e-03
4.427181e-03
4.401075e-03
4.375128e-03
4.349341e-03
4.323712e-03
4.298240e-03
4.272924e-03
4.247763e-03
4.222756e-03
4.197901e-03
4.173199e-03
4.148648e-03
4.124247e-03
4.099995e-03
4.075891e-03
4.051934e-03
4.028123e-03
4.004457e-03
3.980936e-03
3.957558e-03
3.934322e-03
3.911228e-03
3.888274e-03
3.865460e-03
3.842784e-03
3.820246e-03
3.797846e-03
3.775581e-03
3.753451e-03
3.731456e-03
3.709594e-03
3.687865e-03
3.666267e-03
3.644801e-03
3.623464e-03
3.602256e-03
3.581177e-03
3.560226e-03
3.539401e-03
3.518702e-03
3.498128e-03
3.477678e-03
3.457352e-03
3.437148e-03
3.417067e-03
3.397106e-03
3.377266e-03
3.357546e-03
3.337944e-03
3.318461e-03
3.299095e-03
3.279845e-03
3.260711e-03
3.241693e-03
3.222788e-03
3.203998e-03
3.185320e-03
3.166754e-03
3.148300e-03
3.129957e-03
3.111724e-03
3.093600e-03
3.075585e-03
3.057678e-03
3.039878e-03
3.022185e-03
3.004598e-03
2.987116e-03
2.969739e-03
2.952466e-03
2.935296e-03
2.918229e-03
2.901264e-03
2.884400e-03
2.867638e-03
2.850975e-03
2.834412e-03
2.817947e-03
2.801581e-03
2.785312e-03
2.769141e-03
2.753066e-03
2.737087e-03
2.721203e-03
2.705413e-03
2.689718e-03
2.674116e-03
2.658607e-03
2.643190e-03
2.627865e-03
2.612631e-03
2.597488e-03
2.582434e-03
2.567470e-03
2.552595e-03
2.537809e-03
2.523110e-03
2.508498e-03
2.493973e-03
2.479534e-03
2.465181e-03
2.450913e-03
2.436730e-03
2.422630e-03
2.408614e-03
2.394682e-03
2.380831e-03
2.367063e-03
2.353376e-03
2.339770e-03
2.326245e-03
2.312799e-03
2.299433e-03
2.286146e-03
2.272938e-03
2.259807e-03
2.246754e-03
2.233779e-03
2.220879e-03
2.208056e-03
2.195309e-03
2.182637e-03
2.170039e-03
2.157516e-03
2.145067e-03
2.132691e-03
2.120388e-03
2.108157e-03
2.095999e-03
2.083912e-03
2.071896e-03
2.059951e-03
2.048076e-03
2.036271e-03
2.024535e-03
2.012869e-03
2.001271e-03
1.989741e-03
1.978279e-03
1.966884e-03
1.955557e-03
1.944295e-03
1.933100e-03
1.921971e-03
1.910907e-03
1.899907e-03
1.888973e-03
1.878102e-03
1.867295e-03
1.856552e-03
1.845871e-03
1.835254e-03
1.824698e-03
1.814204e-03
1.803772e-03
1.793400e-03
1.783090e-03
1.772839e-03
1.762649e-03
1.752518e-03
1.742447e-03
1.732434e-03
1.722480e-03
1.712585e-03
1.702747e-03
1.692966e-03
1.683243e-03
1.673576e-03
1.663966e-03
1.654412e-03
1.644914e-03
1.635471e-03
1.626084e-03
1.616751e-03
1.607473e-03
1.598248e-03
1.589078e-03
1.579961e-03
1.570897e-03
1.561886e-03
1.552927e-03
1.544021e-03
1.535167e-03
1.526364e-03
1.517612e-03
1.508911e-03
1.500261e-03
1.491662e-03
1.483112e-03
1.474612e-03
1.466162e-03
1.457761e-03
1.449408e-03
1.441104e-03
1.432849e-03
1.424641e-03
1.416481e-03
1.408369e-03
1.400304e-03
1.392285e-03
1.384313e-03
1.376388e-03
1.368508e-03
1.360674e-03
1.352886e-03
1.345142e-03
1.337444e-03
1.329791e-03
1.322181e-03
1.314616e-03
1.307095e-03
1.299618e-03
1.292183e-03
1.284792e-03
1.277444e-03
1.270138e-03
1.262875e-03
1.255654e-03
1.248474e-03
1.241336e-03
1.234240e-03
1.227184e-03
1.220169e-03
1.213195e-03
1.206262e-03
1.199368e-03
1.192514e-03
1.185700e-03
1.178926e-03
1.172190e-03
1.165494e-03
1.158836e-03
1.152217e-03
1.145636e-03
1.139093e-03
1.132588e-03
1.126120e-03
1.119690e-03
1.113297e-03
1.106941e-03
1.100621e-03
1.094338e-03
1.088092e-03
1.081881e-03
1.075706e-03
1.069567e-03
1.063463e-03
1.057395e-03
1.051361e-03
1.045363e-03
1.039399e-03
1.033469e-03
1.027573e-03
1.021712e-03
1.015884e-03
1.010090e-03
1.004329e-03
9.986018e-04
9.929073e-04
9.872455e-04
9.816164e-04
9.760198e-04
9.704553e-04
9.649229e-04
9.594224e-04
9.539535e-04
9.485162e-04
9.431101e-04
9.377351e-04
9.323911e-04
9.270778e-04
9.217951e-04
9.165428e-04
9.113207e-04
9.061286e-04
9.009664e-04
8.958339e-04
8.907309e-04
8.856572e-04
8.806127e-04
8.755972e-04
8.706106e-04
8.656525e-04
8.607230e-04
8.558218e-04
8.509488e-04
8.461038e-04
8.412866e-04
8.364970e-04
8.317350e-04
8.270003e-04
8.222928e-04
8.176123e-04
8.129587e-04
8.083318e-04
8.037315e-04
7.991576e-04
7.946099e-04
7.900883e-04
7.855927e-04
7.811228e-04
7.766786e-04
7.722599e-04
7.678665e-04
7.634984e-04
7.591552e-04
7.548370e-04
7.505435e-04
7.462747e-04
7.420303e-04
7.378103e-04
7.336144e-04
7.294426e-04
7.252947e-04
7.211705e-04
7.170700e-04
7.129930e-04
7.089393e-04
7.049089e-04
7.009015e-04
6.969171e-04
6.929555e-04
6.890166e-04
6.851002e-04
6.812063e-04
6.773347e-04
6.734852e-04
6.696577e-04
6.658522e-04
6.620684e-04
6.583063e-04
6.545657e-04
6.508465e-04
6.471486e-04
6.434719e-04
6.398162e-04
6.361814e-04
6.325673e-04
6.289740e-04
6.254012e-04
6.218488e-04
6.183167e-04
6.148049e-04
6.113131e-04
6.078412e-04
6.043892e-04
6.009570e-04
5.975443e-04
5.941512e-04
5.907775e-04
5.874230e-04
5.840877e-04
5.807714e-04
5.774741e-04
5.741956e-04
5.709359e-04
5.676948e-04
5.644721e-04
5.612679e-04
5.580820e-04
5.549143e-04
5.517646e-04
5.486330e-04
5.455192e-04
5.424232e-04
5.393449e-04
5.362841e-04
5.332408e-04
5.302149e-04
5.272062e-04
5.242147e-04
5.212403e-04
5.182829e-04
5.153423e-04
5.124185e-04
5.095114e-04
5.066208e-04
5.037468e-04
5.008891e-04
4.980478e-04
4.952226e-04
4.924135e-04
4.896205e-04
4.868434e-04
4.840821e-04
4.813366e-04
4.786067e-04
4.758924e-04
4.731936e-04
4.705101e-04
4.678419e-04
4.651890e-04
4.625511e-04
4.599283e-04
4.573205e-04
4.547274e-04
4.521492e-04
4.495857e-04
4.470367e-04
4.445023e-04
4.419823e-04
4.394767e-04
4.369853e-04
4.345082e-04
4.320451e-04
4.295961e-04
4.271610e-04
4.247398e-04
4.223323e-04
4.199386e-04
4.175585e-04
4.151920e-04
4.128389e-04
4.104992e-04
4.081728e-04
4.058597e-04
4.035598e-04
4.012729e-04
3.989990e-04
3.967381e-04
3.944901e-04
3.922548e-04
3.900323e-04
3.878224e-04
3.856251e-04
3.834402e-04
3.812679e-04
3.791078e-04
3.769601e-04
3.748246e-04
3.727012e-04
3.705899e-04
3.684906e-04
3.664032e-04
3.643277e-04
3.622641e-04
3.602121e-04
3.581718e-04
3.561432e-04
3.541260e-04
3.521203e-04
3.501261e-04
3.481431e-04
3.461715e-04
3.442110e-04
3.422617e-04
3.403235e-04
3.383962e-04
3.364800e-04
3.345746e-04
3.326801e-04
3.307963e-04
3.289232e-04
3.270608e-04
3.252089e-04
3.233676e-04
3.215367e-04
3.197163e-04
3.179062e-04
3.161063e-04
3.143167e-04
3.125373e-04
3.107679e-04
3.090086e-04
3.072593e-04
3.055200e-04
3.037905e-04
3.020709e-04
3.003610e-04
2.986608e-04
2.969702e-04
2.952893e-04
2.936179e-04
2.919560e-04
2.903036e-04
2.886605e-04
2.870268e-04
2.854023e-04
2.837870e-04
2.821810e-04
2.805840e-04
2.789961e-04
2.774172e-04
2.758473e-04
2.742863e-04
2.727341e-04
2.711908e-04
2.696562e-04
2.681303e-04
2.666131e-04
2.651045e-04
2.636045e-04
2.621129e-04
2.606299e-04
2.591552e-04
2.576889e-04
2.562309e-04
2.547813e-04
2.533398e-04
2.519065e-04
2.504813e-04
2.490642e-04
2.476552e-04
2.462542e-04
2.448611e-04
2.434759e-04
2.420985e-04
2.407290e-04
2.393672e-04
2.380132e-04
2.366668e-04
2.353281e-04
2.339970e-04
2.326734e-04
2.313573e-04
2.300487e-04
2.287475e-04
2.274537e-04
2.261672e-04
2.248880e-04
2.236161e-04
2.223513e-04
2.210938e-04
2.198434e-04
2.186000e-04
2.173637e-04
2.161345e-04
2.149121e-04
2.136968e-04
2.124883e-04
2.112866e-04
2.100918e-04
2.089037e-04
2.077224e-04
2.065478e-04
2.053798e-04
2.042184e-04
2.030637e-04
2.019154e-04
2.007737e-04
1.996385e-04
1.985097e-04
1.973872e-04
1.962712e-04
1.951614e-04
1.940580e-04
1.929608e-04
1.918698e-04
1.907850e-04
1.897063e-04
1.886338e-04
1.875673e-04
1.865069e-04
1.854525e-04
1.844040e-04
1.833615e-04
1.823249e-04
1.812942e-04
1.802693e-04
1.792502e-04
1.782369e-04
1.772293e-04
1.762275e-04
1.752313e-04
1.742407e-04
1.732558e-04
1.722764e-04
1.713026e-04
1.703343e-04
1.693715e-04
1.684141e-04
1.674622e-04
1.665156e-04
1.655744e-04
1.646385e-04
1.637080e-04
1.627827e-04
1.618626e-04
1.609478e-04
1.600381e-04
1.591336e-04
1.582342e-04
1.573399e-04
1.564506e-04
1.555664e-04
1.546872e-04
1.538130e-04
1.529437e-04
1.520794e-04
1.512199e-04
1.503653e-04
1.495155e-04
1.486706e-04
1.478304e-04
1.469950e-04
1.461643e-04
1.453383e-04
1.445170e-04
1.437004e-04
1.428883e-04
1.420809e-04
1.412780e-04
1.404797e-04
1.396859e-04
1.388966e-04
1.381117e-04
1.373313e-04
1.365553e-04
1.357837e-04
1.350165e-04
1.342536e-04
1.334950e-04
1.327407e-04
1.319907e-04
1.312450e-04
1.305034e-04
1.297661e-04
1.290329e-04
1.283038e-04
1.275789e-04
1.268581e-04
1.261414e-04
1.254287e-04
1.247201e-04
1.240154e-04
1.233148e-04
1.226181e-04
1.219253e-04
1.212365e-04
1.205516e-04
1.198705e-04
1.191933e-04
1.185200e-04
1.178504e-04
1.171846e-04
1.165226e-04
1.158644e-04
1.152098e-04
1.145590e-04
1.139118e-04
1.132683e-04
1.126285e-04
1.119922e-04
1.113596e-04
1.107305e-04
1.101050e-04
1.094831e-04
1.088646e-04
1.082497e-04
1.076382e-04
1.070302e-04
1.064256e-04
1.058245e-04
1.052267e-04
1.046323e-04
1.040413e-04
1.034536e-04
1.028693e-04
1.022882e-04
1.017105e-04
1.011360e-04
1.005647e-04
9.999672e-05
9.943191e-05
9.887030e-05
9.831187e-05
9.775659e-05
9.720445e-05
9.665544e-05
9.610953e-05
9.556670e-05
9.502695e-05
9.449024e-05
9.395657e-05
9.342592e-05
9.289827e-05
9.237361e-05
9.185190e-05
9.133314e-05
9.081732e-05
9.030442e-05
8.979441e-05
8.928729e-05
8.878303e-05
8.828164e-05
8.778306e-05
8.728731e-05
8.679435e-05
8.630419e-05
8.581680e-05
8.533216e-05
8.485026e-05
8.437109e-05
8.389462e-05
8.342086e-05
8.294976e-05
8.248133e-05
8.201554e-05
8.155239e-05
8.109186e-05
8.063393e-05
8.017858e-05
7.972581e-05
7.927561e-05
7.882794e-05
7.838280e-05
7.794019e-05
7.750007e-05
7.706244e-05
7.662728e-05
7.619458e-05
7.576433e-05
7.533651e-05
7.491110e-05
7.448811e-05
7.406750e-05
7.364927e-05
7.323340e-05
7.281988e-05
7.240870e-05
7.199984e-05
7.159329e-05
7.118904e-05
7.078708e-05
7.038738e-05
6.998995e-05
6.959476e-05
6.920180e-05
6.881106e-05
6.842254e-05
6.803621e-05
6.765205e-05
6.727007e-05
6.689025e-05
6.651258e-05
6.613704e-05
6.576362e-05
6.539231e-05
6.502310e-05
6.465597e-05
6.429093e-05
6.392793e-05
6.356700e-05
6.320810e-05
6.285123e-05
6.249637e-05
6.214352e-05
6.179267e-05
6.144379e-05
6.109689e-05
6.075195e-05
6.040895e-05
6.006790e-05
5.972877e-05
5.939155e-05
5.905625e-05
5.872283e-05
5.839130e-05
5.806164e-05
5.773385e-05
5.740791e-05
5.708380e-05
5.676153e-05
5.644108e-05
5.612244e-05
5.580560e-05
5.549054e-05
5.517727e-05
5.486577e-05
5.455603e-05
5.424804e-05
5.394178e-05
5.363726e-05
5.333446e-05
5.303337e-05
5.273398e-05
5.243628e-05
5.214026e-05
5.184591e-05
5.155323e-05
5.126220e-05
5.097281e-05
5.068506e-05
5.039893e-05
5.011442e-05
4.983151e-05
4.955021e-05
4.927049e-05
4.899235e-05
4.871579e-05
4.844079e-05
4.816733e-05
4.789543e-05
4.762506e-05
4.735621e-05
4.708889e-05
4.682307e-05
4.655876e-05
4.629594e-05
4.603460e-05
4.577474e-05
4.551634e-05
4.525941e-05
4.500393e-05
4.474989e-05
4.449729e-05
4.424610e-05
4.399634e-05
4.374799e-05
4.350104e-05
4.325549e-05
4.301133e-05
4.276854e-05
4.252712e-05
4.228708e-05
4.204837e-05
4.181103e-05
4.157502e-05
4.134034e-05
4.110699e-05
4.087496e-05
4.064424e-05
4.041482e-05
4.018669e-05
3.995986e-05
3.973430e-05
3.951002e-05
3.928700e-05
3.906525e-05
3.884475e-05
3.862549e-05
3.840747e-05
3.819068e-05
3.797512e-05
3.776077e-05
3.754763e-05
3.733570e-05
3.712496e-05
3.691541e-05
3.670705e-05
3.649986e-05
3.629385e-05
3.608900e-05
3.588529e-05
3.568275e-05
3.548135e-05
3.528108e-05
3.508195e-05
3.488393e-05
3.468704e-05
3.449126e-05
3.429659e-05
3.410301e-05
3.391052e-05
3.371913e-05
3.352881e-05
3.333957e-05
3.315140e-05
3.296429e-05
3.277823e-05
3.259323e-05
3.240927e-05
3.222635e-05
3.204446e-05
3.186360e-05
3.168376e-05
3.150494e-05
3.132712e-05
3.115031e-05
3.097450e-05
3.079968e-05
3.062585e-05
3.045300e-05
3.028112e-05
3.011022e-05
2.994028e-05
2.977130e-05
2.960327e-05
2.943619e-05
2.927006e-05
2.910486e-05
2.894060e-05
2.877727e-05
2.861485e-05
2.845335e-05
2.829276e-05
2.813309e-05
2.797430e-05
2.781643e-05
2.765943e-05
2.750333e-05
2.734811e-05
2.719376e-05
2.704029e-05
2.688768e-05
2.673593e-05
2.658504e-05
2.643501e-05
2.628581e-05
2.613746e-05
2.598995e-05
2.584327e-05
2.569742e-05
2.555239e-05
2.540818e-05
2.526479e-05
2.512220e-05
2.498042e-05
2.483945e-05
2.469926e-05
2.455987e-05
2.442126e-05
2.428344e-05
2.414639e-05
2.401012e-05
2.387462e-05
2.373988e-05
2.360590e-05
2.347269e-05
2.334021e-05
2.320849e-05
2.307752e-05
2.294728e-05
2.281778e-05
2.268900e-05
2.256096e-05
2.243364e-05
2.230703e-05
2.218115e-05
2.205597e-05
2.193149e-05
2.180773e-05
2.168466e-05
2.156228e-05
2.144060e-05
2.131960e-05
2.119928e-05
2.107965e-05
2.096069e-05
2.084240e-05
2.072478e-05
2.060782e-05
2.049152e-05
2.037588e-05
2.026089e-05
2.014656e-05
2.003286e-05
1.991981e-05
1.980740e-05
1.969562e-05
1.958447e-05
1.947395e-05
1.936406e-05
1.925477e-05
1.914611e-05
1.903807e-05
1.893063e-05
1.882380e-05
1.871757e-05
1.861195e-05
1.850692e-05
1.840248e-05
1.829863e-05
1.819537e-05
1.809268e-05
1.799059e-05
1.788906e-05
1.778811e-05
1.768773e-05
1.758791e-05
1.748866e-05
1.738997e-05
1.729183e-05
1.719426e-05
1.709722e-05
1.700075e-05
1.690481e-05
1.680941e-05
1.671455e-05
1.662023e-05
1.652644e-05
1.643318e-05
1.634045e-05
1.624824e-05
1.615655e-05
1.606537e-05
1.597471e-05
1.588457e-05
1.579493e-05
1.570580e-05
1.561717e-05
1.552904e-05
1.544141e-05
1.535428e-05
1.526763e-05
1.518147e-05
1.509581e-05
1.501062e-05
1.492592e-05
1.484169e-05
1.475794e-05
1.467466e-05
1.459185e-05
1.450951e-05
1.442763e-05
1.434622e-05
1.426526e-05
1.418476e-05
1.410472e-05
1.402513e-05
1.394598e-05
1.386729e-05
1.378903e-05
1.371122e-05
1.363385e-05
1.355692e-05
1.348042e-05
1.340435e-05
1.332871e-05
1.325350e-05
1.317871e-05
1.310434e-05
1.303040e-05
1.295687e-05
1.288375e-05
1.281105e-05
1.273876e-05
1.266688e-05
1.259540e-05
1.252433e-05
1.245365e-05
1.238338e-05
1.231350e-05
1.224402e-05
1.217493e-05
1.210623e-05
1.203792e-05
1.196998e-05
1.190244e-05
1.183528e-05
1.176849e-05
1.170209e-05
1.163605e-05
1.157039e-05
1.150510e-05
1.144019e-05
1.137563e-05
1.131144e-05
1.124761e-05
1.118414e-05
1.112103e-05
1.105828e-05
1.099588e-05
1.093383e-05
1.087214e-05
1.081079e-05
1.074978e-05
1.068913e-05
1.062881e-05
1.056884e-05
1.050920e-05
1.044990e-05
1.039094e-05
1.033230e-05
1.027400e-05
1.021602e-05
1.015838e-05
1.010106e-05
1.004406e-05
9.987383e-06
9.931032e-06
9.874989e-06
9.819269e-06
9.763861e-06
9.708766e-06
9.653983e-06
9.599509e-06
9.545342e-06
9.491484e-06
9.437923e-06
9.384668e-06
9.331716e-06
9.279058e-06
9.226701e-06
9.174636e-06
9.122867e-06
9.071393e-06
9.020204e-06
8.969307e-06
8.918695e-06
8.868371e-06
8.818330e-06
8.768572e-06
8.719093e-06
8.669895e-06
8.620976e-06
8.572329e-06
8.523963e-06
8.475861e-06
8.428035e-06
8.380486e-06
8.333192e-06
8.286171e-06
8.239415e-06
8.192926e-06
8.146695e-06
8.100726e-06
8.055017e-06
8.009566e-06
7.964371e-06
7.919433e-06
7.874746e-06
7.830320e-06
7.786129e-06
7.742197e-06
7.698509e-06
7.655075e-06
7.611876e-06
7.568926e-06
7.526219e-06
7.483750e-06
7.441527e-06
7.399534e-06
7.357783e-06
7.316266e-06
7.274983e-06
7.233935e-06
7.193118e-06
7.152529e-06
7.112172e-06
7.072040e-06
7.032138e-06
6.992457e-06
6.953004e-06
6.913769e-06
6.874759e-06
6.835970e-06
6.797396e-06
6.759043e-06
6.720903e-06
6.682987e-06
6.645272e-06
6.607776e-06
6.570497e-06
6.533418e-06
6.496555e-06
6.459896e-06
6.423447e-06
6.387204e-06
6.351165e-06
6.315326e-06
6.279692e-06
6.244260e-06
6.209027e-06
6.173992e-06
6.139158e-06
6.104516e-06
6.070077e-06
6.035821e-06
6.001765e-06
5.967901e-06
5.934227e-06
5.900743e-06
5.867448e-06
5.834343e-06
5.801421e-06
5.768691e-06
5.736137e-06
5.703773e-06
5.671588e-06
5.639591e-06
5.607766e-06
5.576126e-06
5.544662e-06
5.513378e-06
5.482270e-06
5.451334e-06
5.420576e-06
5.389991e-06
5.359578e-06
5.329341e-06
5.299267e-06
5.269368e-06
5.239634e-06
5.210070e-06
5.180674e-06
5.151441e-06
5.122380e-06
5.093472e-06
5.064738e-06
5.036156e-06
5.007740e-06
4.979484e-06
4.951388e-06
4.923454e-06
4.895670e-06
4.868049e-06
4.840579e-06
4.813268e-06
4.786109e-06
4.759107e-06
4.732251e-06
4.705550e-06
4.679002e-06
4.652599e-06
4.626347e-06
4.600247e-06
4.574287e-06
4.548482e-06
4.522813e-06
4.497296e-06
4.471919e-06
4.446686e-06
4.421600e-06
4.396649e-06
4.371841e-06
4.347176e-06
4.322645e-06
4.298258e-06
4.274003e-06
4.249889e-06
4.225911e-06
4.202064e-06
4.178356e-06
4.154779e-06
4.131337e-06
4.108026e-06
4.084847e-06
4.061801e-06
4.038881e-06
4.016092e-06
3.993440e-06
3.970900e-06
3.948498e-06
3.926218e-06
3.904063e-06
3.882037e-06
3.860131e-06
3.838357e-06
3.816694e-06
3.795159e-06
3.773748e-06
3.752453e-06
3.731280e-06
3.710229e-06
3.689294e-06
3.668477e-06
3.647781e-06
3.627196e-06
3.606733e-06
3.586380e-06
3.566145e-06
3.546024e-06
3.526017e-06
3.506121e-06
3.486339e-06
3.466669e-06
3.447108e-06
3.427661e-06
3.408318e-06
3.389089e-06
3.369969e-06
3.350951e-06
3.332047e-06
3.313243e-06
3.294553e-06
3.275960e-06
3.257479e-06
3.239097e-06
3.220821e-06
3.202653e-06
3.184578e-06
3.166610e-06
3.148743e-06
3.130978e-06
3.113311e-06
3.095748e-06
3.078278e-06
3.060909e-06
3.043639e-06
3.026466e-06
3.009389e-06
2.992413e-06
2.975526e-06
2.958737e-06
2.942044e-06
2.925446e-06
2.908937e-06
2.892531e-06
2.876204e-06
2.859975e-06
2.843839e-06
2.827795e-06
2.811838e-06
2.795974e-06
2.780199e-06
2.764511e-06
2.748912e-06
2.733405e-06
2.717980e-06
2.702647e-06
2.687395e-06
2.672235e-06
2.657155e-06
2.642168e-06
2.627255e-06
2.612431e-06
2.597691e-06
2.583035e-06
2.568465e-06
2.553968e-06
2.539564e-06
2.525230e-06
2.510983e-06
2.496814e-06
2.482727e-06
2.468722e-06
2.454789e-06
2.440939e-06
2.427170e-06
2.413472e-06
2.399855e-06
2.386315e-06
2.372850e-06
2.359462e-06
2.346151e-06
2.332911e-06
2.319749e-06
2.306660e-06
2.293645e-06
2.280705e-06
2.267838e-06
2.255040e-06
2.242319e-06
2.229665e-06
2.217089e-06
2.204576e-06
2.192138e-06
2.179768e-06
2.167473e-06
2.155240e-06
2.143081e-06
2.130988e-06
2.118965e-06
2.107012e-06
2.095121e-06
2.083300e-06
2.071549e-06
2.059857e-06
2.048235e-06
2.036680e-06
2.025187e-06
2.013762e-06
2.002398e-06
1.991101e-06
1.979869e-06
1.968696e-06
1.957588e-06
1.946543e-06
1.935560e-06
1.924641e-06
1.913780e-06
1.902982e-06
1.892245e-06
1.881570e-06
1.870952e-06
1.860399e-06
1.849900e-06
1.839462e-06
1.829084e-06
1.818764e-06
1.808501e-06
1.798297e-06
1.788151e-06
1.778062e-06
1.768033e-06
1.758054e-06
1.748137e-06
1.738272e-06
1.728465e-06
1.718714e-06
1.709014e-06
1.699372e-06
1.689786e-06
1.680251e-06
1.670769e-06
1.661345e-06
1.651969e-06
1.642650e-06
1.633380e-06
1.624164e-06
1.615004e-06
1.605888e-06
1.596828e-06
1.587818e-06
1.578860e-06
1.569951e-06
1.561093e-06
1.552287e-06
1.543527e-06
1.534818e-06
1.526158e-06
1.517551e-06
1.508985e-06
1.500475e-06
1.492005e-06
1.483589e-06
1.475217e-06
1.466893e-06
1.458617e-06
1.450392e-06
1.442203e-06
1.434066e-06
1.425975e-06
1.417934e-06
1.409929e-06
1.401976e-06
1.394064e-06
1.386199e-06
1.378377e-06
1.370604e-06
1.362867e-06
1.355181e-06
1.347531e-06
1.339928e-06
1.332372e-06
1.324851e-06
1.317376e-06
1.309946e-06
1.302552e-06
1.295203e-06
1.287896e-06
1.280628e-06
1.273403e-06
1.266223e-06
1.259074e-06
1.251972e-06
1.244909e-06
1.237882e-06
1.230898e-06
1.223954e-06
1.217048e-06
1.210181e-06
1.203357e-06
1.196563e-06
1.189812e-06
1.183103e-06
1.176423e-06
1.169786e-06
1.163190e-06
1.156623e-06
1.150097e-06
1.143614e-06
1.137156e-06
1.130740e-06
1.124360e-06
1.118017e-06
1.111708e-06
1.105435e-06
1.099205e-06
1.092997e-06
1.086830e-06
1.080698e-06
1.074604e-06
1.068537e-06
1.062515e-06
1.056514e-06
1.050552e-06
1.044628e-06
1.038731e-06
1.032875e-06
1.027043e-06
1.021249e-06
1.015486e-06
1.009759e-06
1.004060e-06
9.983944e-07
