1.777778e+00
1.181793e+00
6.356022e-01
8.029415e-01
9.078925e-01
8.601313e-01
8.009650e-01
7.436381e-01
6.774382e-01
6.111003e-01
6.152040e-01
6.378960e-01
9.657716e-01
1.330227e+00
2.026881e+00
2.857001e+00
4.539213e+00
6.557806e+00
1.051739e+01
1.564040e+01
2.431047e+01
3.739694e+01
5.726751e+01
8.845415e+01
1.361710e+02
2.099924e+02
3.242308e+02
5.009414e+02
7.857788e+02
1.240973e+03
1.959662e+03
3.094846e+03
4.887582e+03
7.719974e+03
1.219489e+04
1.926761e+04
3.044737e+04
4.812578e+04
7.608559e+04
1.203225e+05
1.903303e+05
3.011610e+05
4.766736e+05
7.547129e+05
1.195319e+06
1.893788e+06
3.001419e+06
4.758526e+06
7.546932e+06
1.197353e+07
1.909079e+07
3.062435e+07
4.912583e+07
7.880590e+07
1.264210e+08
2.028132e+08
3.253828e+08
5.220579e+08
8.376691e+08
1.344187e+09
2.157165e+09
3.462159e+09
5.557162e+09
8.920808e+09
1.432197e+10
2.299591e+10
3.692750e+10
5.930650e+10
9.525969e+10
1.530284e+11
2.458623e+11
3.950664e+11
6.349031e+11
1.020480e+12
1.640449e+12
2.637436e+12
4.240947e+12
6.820340e+12
1.097013e+13
1.764738e+13
2.849274e+13
4.611661e+13
7.464169e+13
1.208115e+14
1.955417e+14
3.165019e+14
5.122955e+14
8.292273e+14
1.342260e+15
2.172755e+15
3.517203e+15
5.693737e+15
9.217473e+15
1.492250e+16
2.415949e+16
3.911567e+16
6.333322e+16
1.025489e+17
1.660541e+17
2.688982e+17
4.354582e+17
7.052223e+17
1.142160e+18
1.849906e+18
2.996363e+18
4.853577e+18
7.862350e+18
1.273697e+19
2.063494e+19
3.343213e+19
5.416877e+19
8.777243e+19
1.422301e+20
2.304887e+20
3.735360e+20
6.053966e+20
9.812337e+20
1.590486e+21
2.578175e+21
4.179457e+21
6.775675e+21
1.098526e+22
1.786722e+22
2.906820e+22
4.729101e+22
7.693766e+22
1.251698e+23
2.036392e+23
3.313021e+23
5.390000e+23
8.769108e+23
1.426673e+24
2.321114e+24
3.776343e+24
6.143982e+24
9.996137e+24
1.626367e+25
2.646118e+25
4.305311e+25
7.004945e+25
1.139751e+26
1.854473e+26
3.017427e+26
4.909741e+26
7.988889e+26
1.299931e+27
2.115244e+27
3.441971e+27
5.600933e+27
9.114238e+27
1.483157e+28
2.413576e+28
3.927734e+28
6.391903e+28
1.040221e+29
1.692890e+29
2.755111e+29
4.483912e+29
7.297645e+29
1.187726e+30
1.933113e+30
3.146346e+30
5.121102e+30
8.335436e+30
1.356754e+31
2.208423e+31
3.594771e+31
5.851515e+31
9.525188e+31
1.550554e+32
2.524111e+32
4.109020e+32
6.689230e+32
1.088986e+33
1.772868e+33
2.886283e+33
4.699045e+33
7.650475e+33
1.245591e+34
2.028012e+34
3.301976e+34
5.376323e+34
8.753967e+34
1.425386e+35
2.320963e+35
3.779306e+35
6.154090e+35
1.002129e+36
1.631892e+36
2.657462e+36
4.331363e+36
7.065282e+36
1.152478e+37
1.879896e+37
3.066432e+37
5.001859e+37
8.158832e+37
1.330832e+38
2.170786e+38
3.540868e+38
5.775655e+38
9.420887e+38
1.536673e+39
2.506513e+39
4.088442e+39
6.668758e+39
1.087756e+40
1.774260e+40
2.894026e+40
4.720492e+40
7.699662e+40
1.255902e+41
2.048516e+41
3.341356e+41
5.450118e+41
8.889738e+41
1.450013e+42
2.365129e+42
3.857781e+42
6.292459e+42
1.026368e+43
1.674119e+43
2.730671e+43
4.454026e+43
7.265010e+43
1.185004e+44
1.932876e+44
3.152740e+44
5.142482e+44
8.387988e+44
1.368180e+45
2.231665e+45
3.640115e+45
5.937474e+45
9.684760e+45
1.579707e+46
2.576705e+46
4.202942e+46
6.855555e+46
1.118233e+47
1.823992e+47
2.975184e+47
4.852947e+47
7.915855e+47
1.291192e+48
2.106126e+48
3.435411e+48
5.603685e+48
9.140488e+48
1.490959e+49
2.431996e+49
3.966987e+49
6.470821e+49
1.055501e+50
1.721705e+50
2.808405e+50
4.581011e+50
7.472463e+50
1.218897e+51
1.988250e+51
3.243215e+51
5.290312e+51
8.629541e+51
1.407651e+52
2.296164e+52
3.745516e+52
6.109719e+52
9.966247e+52
1.625709e+53
2.651887e+53
4.325814e+53
7.056373e+53
1.151055e+54
1.877636e+54
3.062863e+54
4.996254e+54
8.150088e+54
1.329477e+55
2.168704e+55
3.537696e+55
5.770875e+55
9.413768e+55
1.535629e+56
2.505011e+56
4.086335e+56
6.665905e+56
1.087389e+57
1.773829e+57
2.893605e+57
4.720277e+57
7.700105e+57
1.256107e+58
2.049072e+58
3.342632e+58
5.452816e+58
8.895162e+58
1.451068e+59
2.367130e+59
3.861513e+59
6.299318e+59
1.027615e+60
1.676363e+60
2.734678e+60
4.461134e+60
7.277549e+60
1.187205e+61
1.936720e+61
3.159431e+61
5.154085e+61
8.408045e+61
1.371637e+62
2.237608e+62
3.650308e+62
5.954917e+62
9.714550e+62
1.584785e+63
2.585345e+63
4.217621e+63
6.880455e+63
1.122451e+64
1.831127e+64
2.987240e+64
4.873291e+64
7.950149e+64
1.296967e+65
2.115841e+65
3.451738e+65
5.631101e+65
9.186486e+65
1.498670e+66
2.444913e+66
3.988608e+66
6.506985e+66
1.061546e+67
1.731804e+67
2.825263e+67
4.609139e+67
7.519366e+67
1.226714e+68
2.001271e+68
3.264893e+68
5.326386e+68
8.689542e+68
1.417626e+69
2.312741e+69
3.773053e+69
6.155442e+69
1.004214e+70
1.638301e+70
2.672770e+70
4.360437e+70
7.113757e+70
1.160562e+71
1.893383e+71
3.088936e+71
5.039412e+71
8.221505e+71
1.341292e+72
2.188243e+72
3.570002e+72
5.824274e+72
9.502013e+72
1.550208e+73
2.529091e+73
4.126099e+73
6.731553e+73
1.098225e+74
1.791710e+74
2.923106e+74
4.768940e+74
7.780359e+74
1.269339e+75
2.070887e+75
3.378588e+75
5.512069e+75
8.992789e+75
1.467150e+76
2.393619e+76
3.905135e+76
6.371143e+76
1.039439e+77
1.695825e+77
2.766710e+77
4.513842e+77
7.364268e+77
1.201471e+78
1.960185e+78
3.198021e+78
5.217541e+78
8.512376e+78
1.388788e+79
2.265801e+79
3.696644e+79
6.031064e+79
9.839670e+79
1.605342e+80
2.619116e+80
4.273093e+80
6.971564e+80
1.137414e+81
1.855696e+81
3.027580e+81
4.939521e+81
8.058871e+81
1.314813e+82
2.145131e+82
3.499807e+82
5.709982e+82
9.315916e+82
1.519906e+83
2.479751e+83
4.045756e+83
6.600725e+83
1.076921e+84
1.757018e+84
2.866613e+84
4.676942e+84
7.630539e+84
1.244941e+85
2.031152e+85
3.313877e+85
5.406679e+85
8.821148e+85
1.439195e+86
2.348090e+86
3.830980e+86
6.250363e+86
1.019767e+87
1.663783e+87
2.714519e+87
4.428831e+87
7.225794e+87
1.178915e+88
1.923443e+88
3.138170e+88
5.120045e+88
8.353554e+88
1.362916e+89
2.223653e+89
3.627982e+89
5.919207e+89
9.657441e+89
1.575654e+90
2.570749e+90
4.194294e+90
6.843183e+90
1.116497e+91
1.821618e+91
2.972057e+91
4.849056e+91
7.911473e+91
1.290796e+92
2.106000e+92
3.436046e+92
5.606087e+92
9.146625e+92
1.492320e+93
2.434801e+93
3.972510e+93
6.481368e+93
1.057471e+94
1.725323e+94
2.814963e+94
4.592772e+94
7.493373e+94
1.222587e+95
1.994723e+95
3.254510e+95
5.309927e+95
8.663467e+95
1.413497e+96
2.306208e+96
3.762721e+96
6.139115e+96
1.001635e+97
1.634231e+97
2.666353e+97
4.350327e+97
7.097840e+97
1.158059e+98
1.889449e+98
3.082762e+98
5.029732e+98
8.206345e+98
1.338921e+99
2.184540e+99
3.564227e+99
5.815282e+99
9.488036e+99
1.548039e+100
